
Running Job 1 of 1 thio_ketone/CHOSx.xyz.data/inputs/bond_singlet_4.0.in
qchem thio_ketone/CHOSx.xyz.data/inputs/bond_singlet_4.0.in_4495.0 /staging/scratch/2868766/qchem4495/ 1
/usr/usc/qchem/5.1.1/exe/qcprog.exe_s thio_ketone/CHOSx.xyz.data/inputs/bond_singlet_4.0.in_4495.0 /staging/scratch/2868766/qchem4495/
Check license passed

                  Welcome to Q-Chem
     A Quantum Leap Into The Future Of Chemistry


 Q-Chem 5.1, Q-Chem, Inc., Pleasanton, CA (2018)

 Yihan Shao,  Zhengting Gan,  E. Epifanovsky,  A. T. B. Gilbert,  M. Wormit,  
 J. Kussmann,  A. W. Lange,  A. Behn,  Jia Deng,  Xintian Feng,  D. Ghosh,  
 M. Goldey,  P. R. Horn,  L. D. Jacobson,  I. Kaliman,  T. Kus,  A. Landau,  
 Jie Liu,  E. I. Proynov,  R. M. Richard,  R. P. Steele,  E. J. Sundstrom,  
 H. L. Woodcock III,  P. M. Zimmerman,  D. Zuev,  B. Albrecht,  E. Alguire,  
 S. A. Baeppler,  D. Barton,  Z. Benda,  Y. A. Bernard,  E. J. Berquist,  
 K. B. Bravaya,  H. Burton,  D. Casanova,  Chun-Min Chang,  Yunqing Chen,  
 A. Chien,  K. D. Closser,  M. P. Coons,  S. Coriani,  S. Dasgupta,  
 A. L. Dempwolff,  M. Diedenhofen,  Hainam Do,  R. G. Edgar,  Po-Tung Fang,  
 S. Faraji,  S. Fatehi,  Qingguo Feng,  K. D. Fenk,  J. Fosso-Tande,  
 Qinghui Ge,  A. Ghysels,  G. Gidofalvi,  J. Gomes,  J. Gonthier,  A. Gunina,  
 D. Hait,  M. W. D. Hanson-Heine,  P. H. P. Harbach,  A. W. Hauser,  
 J. E. Herr,  E. G. Hohenstein,  Z. C. Holden,  Kerwin Hui,  B. C. Huynh,  
 T.-C. Jagau,  Hyunjun Ji,  B. Kaduk,  K. Khistyaev,  Jaehoon Kim,  
 P. Klunzinger,  K. Koh,  D. Kosenkov,  L. Koulias,  T. Kowalczyk,  
 C. M. Krauter,  A. Kunitsa,  Ka Un Lao,  A. Laurent,  K. V. Lawler,  
 Joonho Lee,  D. Lefrancois,  S. Lehtola,  D. S. Levine,  Yi-Pei Li,  
 You-Sheng Lin,  Fenglai Liu,  E. Livshits,  A. Luenser,  P. Manohar,  
 E. Mansoor,  S. F. Manzer,  Shan-Ping Mao,  Yuezhi Mao,  N. Mardirossian,  
 A. V. Marenich,  T. Markovich,  L. A. Martinez-Martinez,  S. A. Maurer,  
 N. J. Mayhall,  S. C. McKenzie,  J.-M. Mewes,  A. F. Morrison,  
 J. W. Mullinax,  K. Nanda,  T. S. Nguyen-Beck,  R. Olivares-Amaya,  
 J. A. Parkhill,  T. M. Perrine,  F. Plasser,  P. Pokhilko,  S. Prager,  
 A. Prociuk,  E. Ramos,  D. R. Rehn,  F. Rob,  M. Schneider,  N. Sergueev,  
 S. M. Sharada,  S. Sharma,  D. W. Small,  T. Stauch,  T. Stein,  
 Yu-Chuan Su,  A. J. W. Thom,  A. Tkatchenko,  T. Tsuchimochi,  N. M. Tubman,  
 L. Vogt,  M. L. Vidal,  O. Vydrov,  M. A. Watson,  J. Wenzel,  
 M. de Wergifosse,  T. A. Wesolowski,  A. White,  J. Witte,  A. Yamada,  
 Jun Yang,  K. Yao,  S. Yeganeh,  S. R. Yost,  Zhi-Qiang You,  A. Zech,  
 Igor Ying Zhang,  Xing Zhang,  Yan Zhao,  Ying Zhu,  B. R. Brooks,  
 G. K. L. Chan,  C. J. Cramer,  M. S. Gordon,  W. J. Hehre,  A. Klamt,  
 M. W. Schmidt,  C. D. Sherrill,  D. G. Truhlar,  A. Aspuru-Guzik,  R. Baer,  
 A. T. Bell,  N. A. Besley,  Jeng-Da Chai,  A. E. DePrince, III,  
 R. A. DiStasio Jr.,  A. Dreuw,  B. D. Dunietz,  T. R. Furlani,  
 Chao-Ping Hsu,  Yousung Jung,  Jing Kong,  D. S. Lambrecht,  WanZhen Liang,  
 C. Ochsenfeld,  V. A. Rassolov,  L. V. Slipchenko,  J. E. Subotnik,  
 T. Van Voorhis,  J. M. Herbert,  A. I. Krylov,  P. M. W. Gill,  M. Head-Gordon

 Contributors to earlier versions of Q-Chem not listed above: 
 R. D. Adamson,  B. Austin,  J. Baker,  G. J. O. Beran,  K. Brandhorst,  
 S. T. Brown,  E. F. C. Byrd,  A. K. Chakraborty,  C.-L. Cheng,  
 Siu Hung Chien,  D. M. Chipman,  D. L. Crittenden,  H. Dachsel,  
 R. J. Doerksen,  A. D. Dutoi,  L. Fusti-Molnar,  W. A. Goddard III,  
 A. Golubeva-Zadorozhnaya,  S. R. Gwaltney,  G. Hawkins,  A. Heyden,  
 S. Hirata,  G. Kedziora,  F. J. Keil,  C. Kelley,  Jihan Kim,  R. A. King,  
 R. Z. Khaliullin,  P. P. Korambath,  W. Kurlancheek,  A. M. Lee,  M. S. Lee,  
 S. V. Levchenko,  Ching Yeh Lin,  D. Liotard,  R. C. Lochan,  I. Lotan,  
 P. E. Maslen,  N. Nair,  D. P. O'Neill,  D. Neuhauser,  E. Neuscamman,  
 C. M. Oana,  R. Olson,  B. Peters,  R. Peverati,  P. A. Pieniazek,  
 Y. M. Rhee,  J. Ritchie,  M. A. Rohrdanz,  E. Rosta,  N. J. Russ,  
 H. F. Schaefer III,  N. E. Schultz,  N. Shenvi,  A. C. Simmonett,  A. Sodt,  
 D. Stuck,  K. S. Thanthiriwatte,  V. Vanovschi,  Tao Wang,  A. Warshel,  
 C. F. Williams,  Q. Wu,  X. Xu,  W. Zhang

 Please cite Q-Chem as follows:
 Y. Shao et al., Mol. Phys. 113, 184-215 (2015)
 DOI: 10.1080/00268976.2014.952696

 Q-Chem 5.1.1 for Intel X86 EM64T Linux

 Parts of Q-Chem use Armadillo 8.300.2 (Tropical Shenanigans).
 http://arma.sourceforge.net/

 Q-Chem begins on Wed Mar 13 13:55:25 2019  

Host: 
0

     Scratch files written to /staging/scratch/2868766/qchem4495//
 Aug318 |scratch|qcdevops|jenkins|workspace|build_RNUM 6013   
Processing $rem in /usr/usc/qchem/5.1.1/config/preferences.
 MEM_TOTAL  2000 
Input Ideriv = 2
Curr. Ideriv = -1
Max.  Ideriv = 2

Checking the input file for inconsistencies... 	...done.

--------------------------------------------------------------
User input:
--------------------------------------------------------------

$comment
potential surface scanner
$end

$rem
JOBTYPE  PES_SCAN
UNRESTRICTED TRUE
SYM_IGNORE  TRUE
GEOM_OPT_MAX_CYCLES 400
SCF_MAX_CYCLES 400
METHOD   B3LYP
BASIS   6-31G**
PDB_PRINT 2
SCF_CONVERGENCE 6
THRESH 14
SCF_PRINT 1
$end
$molecule
0 1
S -3.189508 -0.039807 1.044740
C 0.594464 0.006656 0.101659
C 1.345691 1.253550 0.011558
C 1.271608 -1.243107 -0.226960
H 1.019039 2.013589 0.727533
H 2.444851 1.183703 -0.043575
H 0.987772 1.623688 -0.971647
H 0.608189 -1.992008 -0.670121
H 1.484146 -1.628679 0.791364
H 2.233481 -1.177024 -0.762341
$end
$scan
stre 1 2 4.000000 4.001000 0.100000
$end
--------------------------------------------------------------
 ----------------------------------------------------------------
             Standard Nuclear Orientation (Angstroms)
    I     Atom           X                Y                Z
 ----------------------------------------------------------------
    1      S      -3.1895080000    -0.0398070000     1.0447400000
    2      C       0.5944640000     0.0066560000     0.1016590000
    3      C       1.3456910000     1.2535500000     0.0115580000
    4      C       1.2716080000    -1.2431070000    -0.2269600000
    5      H       1.0190390000     2.0135890000     0.7275330000
    6      H       2.4448510000     1.1837030000    -0.0435750000
    7      H       0.9877720000     1.6236880000    -0.9716470000
    8      H       0.6081890000    -1.9920080000    -0.6701210000
    9      H       1.4841460000    -1.6286790000     0.7913640000
   10      H       2.2334810000    -1.1770240000    -0.7623410000
 ----------------------------------------------------------------
 Nuclear Repulsion Energy =   113.6963439012 hartrees
 There are       20 alpha and       20 beta electrons
 Requested basis set is 6-31G(d,p)
 There are 35 shells and 94 basis functions

 Total QAlloc Memory Limit   2000 MB
 Mega-Array Size       188 MB
 MEM_STATIC part       192 MB
A total of 1 constraints
  
            1
    1   1.0100000
    2   1.0100000
    3   2.0100000
    4   4.0000000
    5   4.0010000
    6   0.1000000
    7   0.0000000
    8   0.0000000
    9   0.0000000
   10   0.0000000

                       Distance Matrix (Angstroms)
             S (  1)   C (  2)   C (  3)   C (  4)   H (  5)   H (  6)
   C (  2)  3.900001
   C (  3)  4.827864  1.458494
   C (  4)  4.792359  1.458911  2.509118
   H (  5)  4.693498  2.144706  1.094066  3.403075
   H (  6)  5.867487  2.197832  1.102756  2.701765  1.821060
   H (  7)  4.927748  1.980270  1.109865  2.975506  1.743621  1.782690
   H (  8)  4.601558  2.142543  3.397388  1.094244  4.262281  3.721697
   H (  9)  4.942849  1.985333  2.989065  1.109424  3.672399  3.087000
   H ( 10)  5.828174  2.198629  2.700885  1.102814  3.724863  2.476759
             H (  7)   H (  8)   H (  9)
   H (  8)  3.648049
   H (  9)  3.732625  1.742196
   H ( 10)  3.072391  1.820516  1.783114
 
 A cutoff of  1.0D-14 yielded    577 shell pairs
 There are      4220 function pairs
 
 -------------------------------------------------------
 OpenMP Integral Computing Module                       
 Release: version 1.0, May 2013, Q-Chem Inc. Pittsburgh 
 -------------------------------------------------------
 Integral Job Info:
 Integral job number is                      11
 Integral operator is                         1
 short-range coefficients                     0
 long-range coefficients              100000000
 Omega coefficients                           0
 if combine SR and LR in K                    0
 Integral screening is                        0
 Integral computing path is                   2
 max size of driver memory is            800000
 size of driver memory is                593474
 size of scratch memory is             15267112
 max col of scratch BK array               1296
 max len of scratch array in speh3          155
 max len of scratch index in speh4           18
 max int batch size is                      520
 min int batch size is                       52
 fixed nKL is                                52
 max L of basis functions is                  2
 order of int derivative is                   0
 number of shells is                         35
 number of basis is                          94
 number of cartesian basis is                94
 number of contracted shell pairs           577
 number of primitive shell pairs           2139
 maxK2 (contraction) of shell pair           36
 max number of K2 of shell pair               1
 max number of CS2 of shell pair             50
 max number of PS2 of shell pair            180
 mem total for path MDJ                  512642
 -------------------------------------------------------
 Smallest overlap matrix eigenvalue = 5.92E-03

 Scale SEOQF with 1.000000e-01/1.000000e-01/1.000000e-01

 Standard Electronic Orientation quadrupole field applied
 Nucleus-field energy     =     0.0000000074 hartrees
 Guess from superposition of atomic densities
 Warning:  Energy on first SCF cycle will be non-variational
 SAD guess density has 40.000000 electrons

 -----------------------------------------------------------------------
  General SCF calculation program by
  Eric Jon Sundstrom, Paul Horn, Yuezhi Mao, Dmitri Zuev, Alec White,
  David Stuck, Shaama M.S., Shane Yost, Joonho Lee, David Small,
  Daniel Levine, Susi Lehtola, Hugh Burton, Evgeny Epifanovsky
 -----------------------------------------------------------------------
 Exchange:     0.2000 Hartree-Fock + 0.0800 Slater + 0.7200 B88
 Correlation:  0.1900 VWN1RPA + 0.8100 LYP
 Using SG-1 standard quadrature grid
 using 12 threads for integral computing
 -------------------------------------------------------
 OpenMP Integral computing Module                
 Release: version 1.0, May 2013, Q-Chem Inc. Pittsburgh 
 -------------------------------------------------------
 -------------------------------------------------------
 OpenMP BLAS3 based DFT computing Module                
 Release: version 1.0, May 2013, Q-Chem Inc. Pittsburgh 
 -------------------------------------------------------
 A unrestricted SCF calculation will be
 performed using DIIS
 SCF converges when DIIS error is below 1.0e-06
 Alpha HF Exchange    Energy =  -4.23992591520157
 Beta HF Exchange     Energy =  -4.23992591520157
 DFT Correlation      Energy =  -1.78496896903787
 DFT Exchange         Energy = -33.42735253736447
 One-Electron (alpha) Energy = -464.70348411810539
 One-Electron (beta)  Energy = -464.70348411810539
 Total Coulomb        Energy = 343.24405962115861
 ---------------------------------------
  Cycle       Energy         DIIS error
 ---------------------------------------
    1    -516.1587380432      2.92e-02  
 Alpha HF Exchange    Energy =  -4.26486063664396
 Beta HF Exchange     Energy =  -4.26486063664397
 DFT Correlation      Energy =  -1.80741052466170
 DFT Exchange         Energy = -33.89237951267611
 One-Electron (alpha) Energy = -467.79049964139523
 One-Electron (beta)  Energy = -467.79049964139568
 Total Coulomb        Energy = 350.72515610351911
    2    -515.3890105813      7.15e-03  
 Alpha HF Exchange    Energy =  -4.26475089005814
 Beta HF Exchange     Energy =  -4.26475089005814
 DFT Correlation      Energy =  -1.81188939015864
 DFT Exchange         Energy = -33.86206407689195
 One-Electron (alpha) Energy = -462.49227082245199
 One-Electron (beta)  Energy = -462.49227082245210
 Total Coulomb        Energy = 345.44006141894653
    3    -510.0515915645      1.86e-02  
 Alpha HF Exchange    Energy =  -4.23394457441495
 Beta HF Exchange     Energy =  -4.23394457441495
 DFT Correlation      Energy =  -1.79194424533038
 DFT Exchange         Energy = -33.60532717010441
 One-Electron (alpha) Energy = -465.35809174782793
 One-Electron (beta)  Energy = -465.35809174782810
 Total Coulomb        Energy = 345.06310262121860
    4    -515.8218975301      3.28e-03  
 Alpha HF Exchange    Energy =  -4.26250211651243
 Beta HF Exchange     Energy =  -4.26250211651243
 DFT Correlation      Energy =  -1.80824650124524
 DFT Exchange         Energy = -33.83616308961447
 One-Electron (alpha) Energy = -465.42452530368206
 One-Electron (beta)  Energy = -465.42452530368234
 Total Coulomb        Energy = 346.81966476576770
    5    -514.5024557569      1.04e-02  
 Alpha HF Exchange    Energy =  -4.24996000936814
 Beta HF Exchange     Energy =  -4.24996000936814
 DFT Correlation      Energy =  -1.79878587247033
 DFT Exchange         Energy = -33.72770195382727
 One-Electron (alpha) Energy = -465.84359929797472
 One-Electron (beta)  Energy = -465.84359929797461
 Total Coulomb        Energy = 346.18642028620542
    6    -515.8308422462      2.02e-03  
 Alpha HF Exchange    Energy =  -4.25118840970668
 Beta HF Exchange     Energy =  -4.25118840970668
 DFT Correlation      Energy =  -1.79828521316899
 DFT Exchange         Energy = -33.72791816976462
 One-Electron (alpha) Energy = -466.00120972683806
 One-Electron (beta)  Energy = -466.00120972683806
 Total Coulomb        Energy = 346.47392858882233
    7    -515.8607271586      1.00e-03  
 Alpha HF Exchange    Energy =  -4.24817702489898
 Beta HF Exchange     Energy =  -4.24817702489899
 DFT Correlation      Energy =  -1.79718903252942
 DFT Exchange         Energy = -33.70611431916817
 One-Electron (alpha) Energy = -465.85744810866743
 One-Electron (beta)  Energy = -465.85744810866777
 Total Coulomb        Energy = 346.15149342534141
    8    -515.8667162849      6.34e-04  
 Alpha HF Exchange    Energy =  -4.24712400718739
 Beta HF Exchange     Energy =  -4.24712400718739
 DFT Correlation      Energy =  -1.79770774052871
 DFT Exchange         Energy = -33.71336197739247
 One-Electron (alpha) Energy = -466.02896749491896
 One-Electron (beta)  Energy = -466.02896749491867
 Total Coulomb        Energy = 346.49457694944624
    9    -515.8723318641      5.17e-05  
 Alpha HF Exchange    Energy =  -4.24645379479512
 Beta HF Exchange     Energy =  -4.24645379479512
 DFT Correlation      Energy =  -1.79765711730116
 DFT Exchange         Energy = -33.71149191536631
 One-Electron (alpha) Energy = -466.03727136686814
 One-Electron (beta)  Energy = -466.03727136686848
 Total Coulomb        Energy = 346.50790342816919
   10    -515.8723520192      6.94e-05  
 Alpha HF Exchange    Energy =  -4.24655799551857
 Beta HF Exchange     Energy =  -4.24655799551857
 DFT Correlation      Energy =  -1.79767084940951
 DFT Exchange         Energy = -33.71179956475125
 One-Electron (alpha) Energy = -466.03563758383575
 One-Electron (beta)  Energy = -466.03563758383575
 Total Coulomb        Energy = 346.50513436998779
   11    -515.8723832943      3.61e-05  
 Alpha HF Exchange    Energy =  -4.24662592094168
 Beta HF Exchange     Energy =  -4.24662592094169
 DFT Correlation      Energy =  -1.79767805057658
 DFT Exchange         Energy = -33.71198477861711
 One-Electron (alpha) Energy = -466.03467600688009
 One-Electron (beta)  Energy = -466.03467600688032
 Total Coulomb        Energy = 346.50352995066606
   12    -515.8723928256      1.69e-05  
 Alpha HF Exchange    Energy =  -4.24666923419170
 Beta HF Exchange     Energy =  -4.24666923419171
 DFT Correlation      Energy =  -1.79767724557206
 DFT Exchange         Energy = -33.71201517390914
 One-Electron (alpha) Energy = -466.03271390600611
 One-Electron (beta)  Energy = -466.03271390600599
 Total Coulomb        Energy = 346.49971931145228
   13    -515.8723954798      1.58e-06  
 Alpha HF Exchange    Energy =  -4.24666704062785
 Beta HF Exchange     Energy =  -4.24666704062788
 DFT Correlation      Energy =  -1.79767649443364
 DFT Exchange         Energy = -33.71200019923246
 One-Electron (alpha) Energy = -466.03256767583082
 One-Electron (beta)  Energy = -466.03256767583116
 Total Coulomb        Energy = 346.49940672575872
   14    -515.8723954922      9.24e-07  Convergence criterion met
 ---------------------------------------
 SCF time:   CPU 27.39s  wall 2.00s 
<S^2> =         -0.000000000
 Alpha HF Exchange    Energy =  -4.24666704062785
 Beta HF Exchange     Energy =  -4.24666704062788
 DFT Correlation      Energy =  -1.79767649443364
 DFT Exchange         Energy = -33.71200019923246
 One-Electron (alpha) Energy = -466.03256767583082
 One-Electron (beta)  Energy = -466.03256767583116
 Total Coulomb        Energy = 346.49940672575872
 Nuclear repulsion Energy = 113.69634390861113
 SCF   energy in the final basis set =     -515.8723954922
 Total energy in the final basis set =     -515.8723954922
 
 --------------------------------------------------------------
 
                    Orbital Energies (a.u.)
 --------------------------------------------------------------
 
 Alpha MOs
 -- Occupied --
-88.870 -10.274 -10.228 -10.228  -7.926  -5.901  -5.879  -5.879
 -0.836  -0.744  -0.612  -0.570  -0.479  -0.476  -0.456  -0.432
 -0.397  -0.235  -0.210  -0.210
 -- Virtual --
 -0.172  -0.105   0.072   0.108   0.109   0.136   0.139   0.142
  0.202   0.291   0.316   0.382   0.403   0.407   0.484   0.486
  0.494   0.554   0.594   0.599   0.665   0.692   0.714   0.777
  0.801   0.803   0.804   0.812   0.826   0.834   0.834   0.854
  0.855   0.897   0.910   1.122   1.278   1.310   1.312   1.392
  1.513   1.800   1.811   1.852   1.875   1.983   1.987   1.994
  2.025   2.061   2.077   2.106   2.282   2.311   2.351   2.392
  2.498   2.616   2.678   2.693   2.805   2.818   2.828   2.847
  3.103   3.164   3.369   3.372   3.381   3.425   3.909   4.091
  4.426   4.500
 
 Beta MOs
 -- Occupied --
-88.870 -10.274 -10.228 -10.228  -7.926  -5.901  -5.879  -5.879
 -0.836  -0.744  -0.612  -0.570  -0.479  -0.476  -0.456  -0.432
 -0.397  -0.235  -0.210  -0.210
 -- Virtual --
 -0.172  -0.105   0.072   0.108   0.109   0.136   0.139   0.142
  0.202   0.291   0.316   0.382   0.403   0.407   0.484   0.486
  0.494   0.554   0.594   0.599   0.665   0.692   0.714   0.777
  0.801   0.803   0.804   0.812   0.826   0.834   0.834   0.854
  0.855   0.897   0.910   1.122   1.278   1.310   1.312   1.392
  1.513   1.800   1.811   1.852   1.875   1.983   1.987   1.994
  2.025   2.061   2.077   2.106   2.282   2.311   2.351   2.392
  2.498   2.616   2.678   2.693   2.805   2.818   2.828   2.847
  3.103   3.164   3.369   3.372   3.381   3.425   3.909   4.091
  4.426   4.500
 --------------------------------------------------------------
 
          Ground-State Mulliken Net Atomic Charges

     Atom                 Charge (a.u.)    Spin (a.u.)
  --------------------------------------------------------
      1 S                    -0.260603       0.000000
      2 C                     0.086930      -0.000000
      3 C                    -0.391660      -0.000000
      4 C                    -0.392406       0.000000
      5 H                     0.174730      -0.000000
      6 H                     0.121342       0.000000
      7 H                     0.182671       0.000000
      8 H                     0.176276       0.000000
      9 H                     0.182077       0.000000
     10 H                     0.120643      -0.000000
  --------------------------------------------------------
  Sum of atomic charges =    -0.000000
  Sum of spin   charges =     0.000000

 -----------------------------------------------------------------
                    Cartesian Multipole Moments
 -----------------------------------------------------------------
    Charge (ESU x 10^10)
                 0.0000
    Dipole Moment (Debye)
         X       6.4493      Y       0.0482      Z      -1.6974
       Tot       6.6691
    Quadrupole Moments (Debye-Ang)
        XX     -40.0913     XY      -0.1561     YY     -30.7975
        XZ       3.2815     YZ      -0.3964     ZZ     -34.9506
    Octopole Moments (Debye-Ang^2)
       XXX      79.1759    XXY      -0.2498    XYY      30.8827
       YYY       1.5911    XXZ     -15.4792    XYZ      -0.9120
       YYZ     -14.9647    XZZ      29.4878    YZZ       0.8520
       ZZZ     -45.7443
    Hexadecapole Moments (Debye-Ang^3)
      XXXX    -999.8853   XXXY      -6.0720   XXYY    -225.7583
      XYYY      -7.6319   YYYY    -192.6887   XXXZ     120.8783
      XXYZ      -3.2109   XYYZ      55.2282   YYYZ      -2.6859
      XXZZ    -210.7870   XYZZ      -3.1084   YYZZ     -56.1102
      XZZZ     159.8244   YZZZ      -6.2262   ZZZZ    -157.3802
 -----------------------------------------------------------------
 Calculating analytic gradient of the SCF energy
 Gradient of SCF Energy
            1           2           3           4           5           6
    1  -0.0122976   0.0123064  -0.0000560   0.0000143   0.0000057   0.0000320
    2  -0.0001598   0.0001315  -0.0000563   0.0000761   0.0000082   0.0000446
    3   0.0031572  -0.0030680  -0.0000278   0.0000368   0.0000175  -0.0000178
            7           8           9          10
    1  -0.0000147  -0.0000080  -0.0000122   0.0000301
    2   0.0000097   0.0000020  -0.0000272  -0.0000289
    3   0.0000103  -0.0000438  -0.0000335  -0.0000309
 Max gradient component =       1.231E-02
 RMS gradient           =       3.277E-03
 Gradient time:  CPU 6.45 s  wall 0.54 s
 Geometry Optimization Parameters
   NAtoms,    NIC,     NZ,  NCons,   NDum,   NFix, NCnnct, MaxDiis
       10      56       0       1       0       0       0       0


** CONSTRAINED OPTIMIZATION IN DELOCALIZED INTERNAL COORDINATES **
   Searching for a Minimum

   Optimization Cycle:   1

                       Coordinates (Angstroms)
     ATOM                X               Y               Z
      1  S        -3.1895080000   -0.0398070000    1.0447400000
      2  C         0.5944640000    0.0066560000    0.1016590000
      3  C         1.3456910000    1.2535500000    0.0115580000
      4  C         1.2716080000   -1.2431070000   -0.2269600000
      5  H         1.0190390000    2.0135890000    0.7275330000
      6  H         2.4448510000    1.1837030000   -0.0435750000
      7  H         0.9877720000    1.6236880000   -0.9716470000
      8  H         0.6081890000   -1.9920080000   -0.6701210000
      9  H         1.4841460000   -1.6286790000    0.7913640000
     10  H         2.2334810000   -1.1770240000   -0.7623410000
   Point Group: c1    Number of degrees of freedom:    24


   Energy is   -515.872395492

              Constraints and their Current Values
                                        Value     Constraint
   Distance(Angs):        1   2             3.900001     4.000000

 Attempting to Generate Delocalized Internal Coordinates

   Using Lagrange Multiplier Algorithm


 25 Hessian modes will be used to form the next step
  Hessian Eigenvalues:
    -0.995674    0.045000    0.045000    0.045037    0.084192    0.084376
     0.101535    0.101721    0.160000    0.160000    0.160000    0.160000
     0.160000    0.160000    0.249774    0.250000    0.326143    0.326611
     0.333728    0.333792    0.343268    0.343469    0.371009    0.371535
     1.004345

 Minimum Search - Taking P-RFO Step
 Searching for Lamda that Maximizes Along the Constraint modes Only
 Value Taken    Lamda =   0.02009533
 Searching for Lamda that Minimizes Along All other modes
 Value Taken    Lamda =  -0.01516358
 Step Taken.  Stepsize is  0.185669

                             Maximum     Tolerance    Cnvgd?
         Gradient            0.188971       0.000300      NO
         Displacement        0.185664       0.001200      NO
         Energy change     *********       0.000001      NO


 New Cartesian Coordinates Obtained by Inverse Iteration

 Displacement from previous Coordinates is:  0.176334
 ----------------------------------------------------------------
             Standard Nuclear Orientation (Angstroms)
    I     Atom           X                Y                Z
 ----------------------------------------------------------------
    1      S      -3.2753417370    -0.0410344115     1.0663269105
    2      C       0.6039251449     0.0068434408     0.0993749333
    3      C       1.3553204484     1.2536381734     0.0091587700
    4      C       1.2809727870    -1.2429366607    -0.2293745256
    5      H       1.0289659481     2.0137521346     0.7251596053
    6      H       2.4543892869     1.1832476487    -0.0460936545
    7      H       0.9973621847     1.6237988038    -0.9740270482
    8      H       0.6175037902    -1.9920103071    -0.6721082184
    9      H       1.4940930738    -1.6282262448     0.7889498680
   10      H       2.2425420730    -1.1765115772    -0.7651566404
 ----------------------------------------------------------------
 Nuclear Repulsion Energy =   112.7922554385 hartrees
 There are       20 alpha and       20 beta electrons

                       Distance Matrix (Angstroms)
             S (  1)   C (  2)   C (  3)   C (  4)   H (  5)   H (  6)
   C (  2)  3.998250
   C (  3)  4.923090  1.458503
   C (  4)  4.887066  1.458911  2.509046
   H (  5)  4.781800  2.144749  1.094046  3.403038
   H (  6)  5.963737  2.197568  1.102706  2.701272  1.821099
   H (  7)  5.019035  1.980285  1.109868  2.975418  1.743645  1.782715
   H (  8)  4.688572  2.142612  3.397460  1.094219  4.262369  3.721331
   H (  9)  5.034245  1.985287  2.988725  1.109438  3.672114  3.086074
   H ( 10)  5.923739  2.198365  2.700436  1.102765  3.724459  2.475963
             H (  7)   H (  8)   H (  9)
   H (  8)  3.648222
   H (  9)  3.732358  1.742251
   H ( 10)  3.071781  1.820562  1.783107
 
 Applying Cartesian multipole field
    Component          Value
    ---------          -----
     (2,0,0)        1.00000E-11
     (0,2,0)        2.00000E-11
     (0,0,2)       -3.00000E-11
 Nucleus-field energy     =     0.0000000077 hartrees
 Requested basis set is 6-31G(d,p)
 There are 35 shells and 94 basis functions
 A cutoff of  1.0D-14 yielded    576 shell pairs
 There are      4202 function pairs
 Smallest overlap matrix eigenvalue = 5.93E-03
 Guess from superposition of atomic densities
 Warning:  Energy on first SCF cycle will be non-variational
 SAD guess density has 40.000000 electrons

 -----------------------------------------------------------------------
  General SCF calculation program by
  Eric Jon Sundstrom, Paul Horn, Yuezhi Mao, Dmitri Zuev, Alec White,
  David Stuck, Shaama M.S., Shane Yost, Joonho Lee, David Small,
  Daniel Levine, Susi Lehtola, Hugh Burton, Evgeny Epifanovsky
 -----------------------------------------------------------------------
 Exchange:     0.2000 Hartree-Fock + 0.0800 Slater + 0.7200 B88
 Correlation:  0.1900 VWN1RPA + 0.8100 LYP
 Using SG-1 standard quadrature grid
 using 12 threads for integral computing
 -------------------------------------------------------
 OpenMP Integral computing Module                
 Release: version 1.0, May 2013, Q-Chem Inc. Pittsburgh 
 -------------------------------------------------------
 -------------------------------------------------------
 OpenMP BLAS3 based DFT computing Module                
 Release: version 1.0, May 2013, Q-Chem Inc. Pittsburgh 
 -------------------------------------------------------
 A unrestricted SCF calculation will be
 performed using DIIS
 SCF converges when DIIS error is below 1.0e-06
 Alpha HF Exchange    Energy =  -4.23991246819054
 Beta HF Exchange     Energy =  -4.23991246819054
 DFT Correlation      Energy =  -1.78484608218755
 DFT Exchange         Energy = -33.42742957396769
 One-Electron (alpha) Energy = -463.79933698676189
 One-Electron (beta)  Energy = -463.79933698676189
 Total Coulomb        Energy = 342.33987326265014
 ---------------------------------------
  Cycle       Energy         DIIS error
 ---------------------------------------
    1    -516.1586458573      2.92e-02  
 Alpha HF Exchange    Energy =  -4.26591015037324
 Beta HF Exchange     Energy =  -4.26591015037325
 DFT Correlation      Energy =  -1.80736576069552
 DFT Exchange         Energy = -33.89631063246306
 One-Electron (alpha) Energy = -466.91035790465884
 One-Electron (beta)  Energy = -466.91035790465912
 Total Coulomb        Energy = 349.92706175117337
    2    -515.3368953059      7.34e-03  
 Alpha HF Exchange    Energy =  -4.26699412884593
 Beta HF Exchange     Energy =  -4.26699412884593
 DFT Correlation      Energy =  -1.81280503123233
 DFT Exchange         Energy = -33.87953567967285
 One-Electron (alpha) Energy = -461.71089931076568
 One-Electron (beta)  Energy = -461.71089931076551
 Total Coulomb        Energy = 344.93491796469596
    3    -509.9209541793      1.90e-02  
 Alpha HF Exchange    Energy =  -4.23635280917775
 Beta HF Exchange     Energy =  -4.23635280917775
 DFT Correlation      Energy =  -1.79216170411834
 DFT Exchange         Energy = -33.61332375212906
 One-Electron (alpha) Energy = -464.40629115588661
 One-Electron (beta)  Energy = -464.40629115588672
 Total Coulomb        Energy = 344.09538272001259
    4    -515.8031352202      3.62e-03  
 Alpha HF Exchange    Energy =  -4.26700076721288
 Beta HF Exchange     Energy =  -4.26700076721289
 DFT Correlation      Energy =  -1.80863323505050
 DFT Exchange         Energy = -33.84810322408795
 One-Electron (alpha) Energy = -464.44087745251903
 One-Electron (beta)  Energy = -464.44087745251943
 Total Coulomb        Energy = 345.96525887572903
    5    -514.3149785767      9.89e-03  
 Alpha HF Exchange    Energy =  -4.24992934180881
 Beta HF Exchange     Energy =  -4.24992934180880
 DFT Correlation      Energy =  -1.79810568671237
 DFT Exchange         Energy = -33.72172470424547
 One-Electron (alpha) Energy = -464.87090133235057
 One-Electron (beta)  Energy = -464.87090133235040
 Total Coulomb        Energy = 345.13609938356421
    6    -515.8331369096      1.84e-03  
 Alpha HF Exchange    Energy =  -4.25215818571708
 Beta HF Exchange     Energy =  -4.25215818571708
 DFT Correlation      Energy =  -1.79835721268069
 DFT Exchange         Energy = -33.73301659401643
 One-Electron (alpha) Energy = -465.12304419222289
 One-Electron (beta)  Energy = -465.12304419222289
 Total Coulomb        Energy = 345.63253437929870
    7    -515.8569887371      1.08e-03  
 Alpha HF Exchange    Energy =  -4.24881152513093
 Beta HF Exchange     Energy =  -4.24881152513093
 DFT Correlation      Energy =  -1.79706009644362
 DFT Exchange         Energy = -33.70769014803840
 One-Electron (alpha) Energy = -464.93755867295278
 One-Electron (beta)  Energy = -464.93755867295255
 Total Coulomb        Energy = 345.22257053808164
    8    -515.8626646564      7.21e-04  
 Alpha HF Exchange    Energy =  -4.24781757783812
 Beta HF Exchange     Energy =  -4.24781757783812
 DFT Correlation      Energy =  -1.79763090216498
 DFT Exchange         Energy = -33.71593526080327
 One-Electron (alpha) Energy = -465.11171724193315
 One-Electron (beta)  Energy = -465.11171724193326
 Total Coulomb        Energy = 345.57053962105340
    9    -515.8698407353      1.29e-04  
 Alpha HF Exchange    Energy =  -4.24658774843413
 Beta HF Exchange     Energy =  -4.24658774843413
 DFT Correlation      Energy =  -1.79754793464089
 DFT Exchange         Energy = -33.71280338749612
 One-Electron (alpha) Energy = -465.12861601862841
 One-Electron (beta)  Energy = -465.12861601862869
 Total Coulomb        Energy = 345.59839498592862
   10    -515.8701084242      8.12e-05  
 Alpha HF Exchange    Energy =  -4.24673893510436
 Beta HF Exchange     Energy =  -4.24673893510436
 DFT Correlation      Energy =  -1.79757665222557
 DFT Exchange         Energy = -33.71340510686095
 One-Electron (alpha) Energy = -465.12859357345764
 One-Electron (beta)  Energy = -465.12859357345741
 Total Coulomb        Energy = 345.59924130627235
   11    -515.8701500238      4.39e-05  
 Alpha HF Exchange    Energy =  -4.24680974605125
 Beta HF Exchange     Energy =  -4.24680974605126
 DFT Correlation      Energy =  -1.79758478821767
 DFT Exchange         Energy = -33.71361443207376
 One-Electron (alpha) Energy = -465.12791459022930
 One-Electron (beta)  Energy = -465.12791459022952
 Total Coulomb        Energy = 345.59823054587417
   12    -515.8701619008      2.63e-05  
 Alpha HF Exchange    Energy =  -4.24687039691963
 Beta HF Exchange     Energy =  -4.24687039691968
 DFT Correlation      Energy =  -1.79758439014886
 DFT Exchange         Energy = -33.71366968174333
 One-Electron (alpha) Energy = -465.12553140983118
 One-Electron (beta)  Energy = -465.12553140983192
 Total Coulomb        Energy = 345.59363405625868
   13    -515.8701681830      6.11e-06  
 Alpha HF Exchange    Energy =  -4.24688236542070
 Beta HF Exchange     Energy =  -4.24688236542084
 DFT Correlation      Energy =  -1.79758544302662
 DFT Exchange         Energy = -33.71369605561223
 One-Electron (alpha) Energy = -465.12522891249159
 One-Electron (beta)  Energy = -465.12522891249409
 Total Coulomb        Energy = 345.59308014063390
   14    -515.8701684677      2.12e-06  
 Alpha HF Exchange    Energy =  -4.24689187540454
 Beta HF Exchange     Energy =  -4.24689187540489
 DFT Correlation      Energy =  -1.79758682172739
 DFT Exchange         Energy = -33.71372799102510
 One-Electron (alpha) Energy = -465.12520769879046
 One-Electron (beta)  Energy = -465.12520769879626
 Total Coulomb        Energy = 345.59309000514799
   15    -515.8701685099      1.87e-07  Convergence criterion met
 ---------------------------------------
 SCF time:   CPU 27.06s  wall 3.00s 
<S^2> =          0.000000000
 Alpha HF Exchange    Energy =  -4.24689187540454
 Beta HF Exchange     Energy =  -4.24689187540489
 DFT Correlation      Energy =  -1.79758682172739
 DFT Exchange         Energy = -33.71372799102510
 One-Electron (alpha) Energy = -465.12520769879046
 One-Electron (beta)  Energy = -465.12520769879626
 Total Coulomb        Energy = 345.59309000514799
 Nuclear repulsion Energy = 112.79225544614386
 SCF   energy in the final basis set =     -515.8701685099
 Total energy in the final basis set =     -515.8701685099
 
 --------------------------------------------------------------
 
                    Orbital Energies (a.u.)
 --------------------------------------------------------------
 
 Alpha MOs
 -- Occupied --
-88.872 -10.272 -10.227 -10.227  -7.928  -5.903  -5.881  -5.881
 -0.835  -0.743  -0.614  -0.569  -0.478  -0.475  -0.455  -0.431
 -0.396  -0.233  -0.212  -0.212
 -- Virtual --
 -0.174  -0.103   0.073   0.109   0.110   0.137   0.140   0.142
  0.203   0.292   0.315   0.379   0.403   0.406   0.483   0.487
  0.495   0.554   0.594   0.598   0.666   0.685   0.715   0.777
  0.799   0.801   0.802   0.811   0.827   0.832   0.833   0.854
  0.855   0.897   0.910   1.123   1.278   1.311   1.313   1.393
  1.513   1.801   1.812   1.853   1.876   1.984   1.988   1.995
  2.025   2.061   2.078   2.107   2.283   2.311   2.352   2.393
  2.499   2.616   2.679   2.694   2.806   2.819   2.829   2.848
  3.104   3.165   3.370   3.373   3.382   3.426   3.907   4.092
  4.426   4.501
 
 Beta MOs
 -- Occupied --
-88.872 -10.272 -10.227 -10.227  -7.928  -5.903  -5.881  -5.881
 -0.835  -0.743  -0.614  -0.569  -0.478  -0.475  -0.455  -0.431
 -0.396  -0.233  -0.212  -0.212
 -- Virtual --
 -0.174  -0.103   0.073   0.109   0.110   0.137   0.140   0.142
  0.203   0.292   0.315   0.379   0.403   0.406   0.483   0.487
  0.495   0.554   0.594   0.598   0.666   0.685   0.715   0.777
  0.799   0.801   0.802   0.811   0.827   0.832   0.833   0.854
  0.855   0.897   0.910   1.123   1.278   1.311   1.313   1.393
  1.513   1.801   1.812   1.853   1.876   1.984   1.988   1.995
  2.025   2.061   2.078   2.107   2.283   2.311   2.352   2.393
  2.499   2.616   2.679   2.694   2.806   2.819   2.829   2.848
  3.104   3.165   3.370   3.373   3.382   3.426   3.907   4.092
  4.426   4.501
 --------------------------------------------------------------
 
          Ground-State Mulliken Net Atomic Charges

     Atom                 Charge (a.u.)    Spin (a.u.)
  --------------------------------------------------------
      1 S                    -0.251030       0.000000
      2 C                     0.082692      -0.000000
      3 C                    -0.391017      -0.000000
      4 C                    -0.391755       0.000000
      5 H                     0.173378      -0.000000
      6 H                     0.120455       0.000000
      7 H                     0.181596      -0.000000
      8 H                     0.174841       0.000000
      9 H                     0.181066       0.000000
     10 H                     0.119775      -0.000000
  --------------------------------------------------------
  Sum of atomic charges =     0.000000
  Sum of spin   charges =    -0.000000

 -----------------------------------------------------------------
                    Cartesian Multipole Moments
 -----------------------------------------------------------------
    Charge (ESU x 10^10)
                -0.0000
    Dipole Moment (Debye)
         X       6.4059      Y       0.0481      Z      -1.6863
       Tot       6.6243
    Quadrupole Moments (Debye-Ang)
        XX     -40.3644     XY      -0.1618     YY     -30.8548
        XZ       3.3411     YZ      -0.4024     ZZ     -34.9601
    Octopole Moments (Debye-Ang^2)
       XXX      82.9091    XXY      -0.2380    XYY      31.8874
       YYY       1.6386    XXZ     -15.9559    XYZ      -0.9247
       YYZ     -15.2285    XZZ      30.6121    YZZ       0.8713
       ZZZ     -46.5570
    Hexadecapole Moments (Debye-Ang^3)
      XXXX   -1046.7651   XXXY      -6.3373   XXYY    -234.6921
      XYYY      -7.9999   YYYY    -193.0591   XXXZ     127.0232
      XXYZ      -3.2415   XYYZ      57.7090   YYYZ      -2.6314
      XXZZ    -220.0571   XYZZ      -3.2082   YYZZ     -56.8636
      XZZZ     167.2294   YZZZ      -6.1369   ZZZZ    -161.4992
 -----------------------------------------------------------------
 Calculating analytic gradient of the SCF energy
 Gradient of SCF Energy
            1           2           3           4           5           6
    1  -0.0109573   0.0119422  -0.0002947  -0.0002588  -0.0000377  -0.0001483
    2  -0.0001415   0.0001108   0.0001560  -0.0001314  -0.0000297  -0.0001348
    3   0.0028151  -0.0030319   0.0001179   0.0000471  -0.0000187  -0.0000054
            7           8           9          10
    1  -0.0000608  -0.0000285  -0.0000331  -0.0001229
    2   0.0000360   0.0000418  -0.0000589   0.0001517
    3  -0.0000015   0.0000129   0.0000007   0.0000638
 Max gradient component =       1.194E-02
 RMS gradient           =       3.056E-03
 Gradient time:  CPU 6.35 s  wall 0.53 s
 Geometry Optimization Parameters
   NAtoms,    NIC,     NZ,  NCons,   NDum,   NFix, NCnnct, MaxDiis
       10      56       0       1       0       0       0       0

 Cartesian Hessian Update
 Hessian Updated using BFGS Update
**WARNING** Hereditary positive definiteness endangered


** CONSTRAINED OPTIMIZATION IN DELOCALIZED INTERNAL COORDINATES **
   Searching for a Minimum

   Optimization Cycle:   2

                       Coordinates (Angstroms)
     ATOM                X               Y               Z
      1  S        -3.2753417370   -0.0410344115    1.0663269105
      2  C         0.6039251449    0.0068434408    0.0993749333
      3  C         1.3553204484    1.2536381734    0.0091587700
      4  C         1.2809727870   -1.2429366607   -0.2293745256
      5  H         1.0289659481    2.0137521346    0.7251596053
      6  H         2.4543892869    1.1832476487   -0.0460936545
      7  H         0.9973621847    1.6237988038   -0.9740270482
      8  H         0.6175037902   -1.9920103071   -0.6721082184
      9  H         1.4940930738   -1.6282262448    0.7889498680
     10  H         2.2425420730   -1.1765115772   -0.7651566404
   Point Group: c1    Number of degrees of freedom:    24


   Energy is   -515.870168510

              Constraints and their Current Values
                                        Value     Constraint
   Distance(Angs):        1   2             3.998250     4.000000
 Hessian Updated using BFGS Update
**WARNING** Hereditary positive definiteness endangered

   Using Lagrange Multiplier Algorithm


 21 Hessian modes will be used to form the next step
  Hessian Eigenvalues:
    -1.003744    0.044991    0.044999    0.045036    0.084189    0.084373
     0.101533    0.101720    0.159173    0.159998    0.247621    0.249765
     0.326139    0.326605    0.333531    0.333764    0.343262    0.343464
     0.370692    0.371386    0.996300

 Minimum Search - Taking P-RFO Step
 Searching for Lamda that Maximizes Along the Constraint modes Only
 Value Taken    Lamda =   0.00000048
 Searching for Lamda that Minimizes Along All other modes
 Value Taken    Lamda =  -0.00002012
 Step Taken.  Stepsize is  0.005672

                             Maximum     Tolerance    Cnvgd?
         Gradient            0.003308       0.000300      NO
         Displacement        0.003413       0.001200      NO
         Energy change      0.002227       0.000001      NO


 New Cartesian Coordinates Obtained by Inverse Iteration

 Displacement from previous Coordinates is:  0.009297
 ----------------------------------------------------------------
             Standard Nuclear Orientation (Angstroms)
    I     Atom           X                Y                Z
 ----------------------------------------------------------------
    1      S      -3.2787496118    -0.0414407854     1.0668722446
    2      C       0.6023219712     0.0069345810     0.0999477654
    3      C       1.3556891824     1.2529460357     0.0092390166
    4      C       1.2810302235    -1.2421729614    -0.2295320846
    5      H       1.0303793520     2.0137924747     0.7249964003
    6      H       2.4549577203     1.1823800537    -0.0462630726
    7      H       0.9981039624     1.6230524190    -0.9740423244
    8      H       0.6183769933    -1.9921156203    -0.6720972815
    9      H       1.4949481766    -1.6270430598     0.7887317629
   10      H       2.2426750301    -1.1757721372    -0.7656424268
 ----------------------------------------------------------------
 Nuclear Repulsion Energy =   112.7628859773 hartrees
 There are       20 alpha and       20 beta electrons

                       Distance Matrix (Angstroms)
             S (  1)   C (  2)   C (  3)   C (  4)   H (  5)   H (  6)
   C (  2)  4.000000
   C (  3)  4.926667  1.458881
   C (  4)  4.890196  1.459271  2.507629
   H (  5)  4.786382  2.145087  1.094085  3.402244
   H (  6)  5.967596  2.198934  1.102929  2.700028  1.820855
   H (  7)  5.022683  1.980388  1.109814  2.973863  1.743689  1.782523
   H (  8)  4.692200  2.143015  3.396803  1.094252  4.262501  3.720500
   H (  9)  5.037826  1.985217  2.986861  1.109390  3.670909  3.084103
   H ( 10)  5.927137  2.199727  2.699233  1.102989  3.723572  2.474561
             H (  7)   H (  8)   H (  9)
   H (  8)  3.647575
   H (  9)  3.730596  1.742319
   H ( 10)  3.070148  1.820305  1.782925
 
 Applying Cartesian multipole field
    Component          Value
    ---------          -----
     (2,0,0)        1.00000E-11
     (0,2,0)        2.00000E-11
     (0,0,2)       -3.00000E-11
 Nucleus-field energy     =     0.0000000077 hartrees
 Requested basis set is 6-31G(d,p)
 There are 35 shells and 94 basis functions
 A cutoff of  1.0D-14 yielded    576 shell pairs
 There are      4202 function pairs
 Smallest overlap matrix eigenvalue = 5.94E-03
 Guess from superposition of atomic densities
 Warning:  Energy on first SCF cycle will be non-variational
 SAD guess density has 40.000000 electrons

 -----------------------------------------------------------------------
  General SCF calculation program by
  Eric Jon Sundstrom, Paul Horn, Yuezhi Mao, Dmitri Zuev, Alec White,
  David Stuck, Shaama M.S., Shane Yost, Joonho Lee, David Small,
  Daniel Levine, Susi Lehtola, Hugh Burton, Evgeny Epifanovsky
 -----------------------------------------------------------------------
 Exchange:     0.2000 Hartree-Fock + 0.0800 Slater + 0.7200 B88
 Correlation:  0.1900 VWN1RPA + 0.8100 LYP
 Using SG-1 standard quadrature grid
 using 12 threads for integral computing
 -------------------------------------------------------
 OpenMP Integral computing Module                
 Release: version 1.0, May 2013, Q-Chem Inc. Pittsburgh 
 -------------------------------------------------------
 -------------------------------------------------------
 OpenMP BLAS3 based DFT computing Module                
 Release: version 1.0, May 2013, Q-Chem Inc. Pittsburgh 
 -------------------------------------------------------
 A unrestricted SCF calculation will be
 performed using DIIS
 SCF converges when DIIS error is below 1.0e-06
 Alpha HF Exchange    Energy =  -4.23982532328469
 Beta HF Exchange     Energy =  -4.23982532328469
 DFT Correlation      Energy =  -1.78483000891367
 DFT Exchange         Energy = -33.42723543705325
 One-Electron (alpha) Energy = -463.77055743666875
 One-Electron (beta)  Energy = -463.77055743666875
 Total Coulomb        Energy = 342.31212757750546
 ---------------------------------------
  Cycle       Energy         DIIS error
 ---------------------------------------
    1    -516.1578174034      2.92e-02  
 Alpha HF Exchange    Energy =  -4.26570642609255
 Beta HF Exchange     Energy =  -4.26570642609255
 DFT Correlation      Energy =  -1.80733917939490
 DFT Exchange         Energy = -33.89562853361220
 One-Electron (alpha) Energy = -466.87688066380252
 One-Electron (beta)  Energy = -466.87688066380258
 Total Coulomb        Energy = 349.88347797491667
    2    -515.3417779329      7.33e-03  
 Alpha HF Exchange    Energy =  -4.26669017335716
 Beta HF Exchange     Energy =  -4.26669017335716
 DFT Correlation      Energy =  -1.81267024101500
 DFT Exchange         Energy = -33.87717326123812
 One-Electron (alpha) Energy = -461.67090653272032
 One-Electron (beta)  Energy = -461.67090653272027
 Total Coulomb        Energy = 344.87182801070418
    3    -509.9303229188      1.90e-02  
 Alpha HF Exchange    Energy =  -4.23622876383635
 Beta HF Exchange     Energy =  -4.23622876383635
 DFT Correlation      Energy =  -1.79211154552784
 DFT Exchange         Energy = -33.61277449260197
 One-Electron (alpha) Energy = -464.38223573456185
 One-Electron (beta)  Energy = -464.38223573456173
 Total Coulomb        Energy = 344.07351575078349
    4    -515.8054132992      3.58e-03  
 Alpha HF Exchange    Energy =  -4.26678608299808
 Beta HF Exchange     Energy =  -4.26678608299808
 DFT Correlation      Energy =  -1.80860674496158
 DFT Exchange         Energy = -33.84752313180698
 One-Electron (alpha) Energy = -464.41828740795961
 One-Electron (beta)  Energy = -464.41828740795944
 Total Coulomb        Energy = 345.94016922529391
    5    -514.3232216484      9.91e-03  
 Alpha HF Exchange    Energy =  -4.25021889681863
 Beta HF Exchange     Energy =  -4.25021889681864
 DFT Correlation      Energy =  -1.79808383002107
 DFT Exchange         Energy = -33.72225810008688
 One-Electron (alpha) Energy = -464.85201792169892
 One-Electron (beta)  Energy = -464.85201792169914
 Total Coulomb        Energy = 345.12586292897061
    6    -515.8360666532      1.78e-03  
 Alpha HF Exchange    Energy =  -4.25206034847916
 Beta HF Exchange     Energy =  -4.25206034847916
 DFT Correlation      Energy =  -1.79830383619924
 DFT Exchange         Energy = -33.73232957749622
 One-Electron (alpha) Energy = -465.09218075839499
 One-Electron (beta)  Energy = -465.09218075839459
 Total Coulomb        Energy = 345.59846802474175
    7    -515.8577616178      1.04e-03  
 Alpha HF Exchange    Energy =  -4.24875939725585
 Beta HF Exchange     Energy =  -4.24875939725585
 DFT Correlation      Energy =  -1.79705969908403
 DFT Exchange         Energy = -33.70779300399636
 One-Electron (alpha) Energy = -464.91464323179713
 One-Electron (beta)  Energy = -464.91464323179690
 Total Coulomb        Energy = 345.20562492313718
    8    -515.8631470531      6.94e-04  
 Alpha HF Exchange    Energy =  -4.24761278832825
 Beta HF Exchange     Energy =  -4.24761278832825
 DFT Correlation      Energy =  -1.79760323109280
 DFT Exchange         Energy = -33.71536975874550
 One-Electron (alpha) Energy = -465.08658980791080
 One-Electron (beta)  Energy = -465.08658980791068
 Total Coulomb        Energy = 345.54854495515508
    9    -515.8699472422      9.14e-05  
 Alpha HF Exchange    Energy =  -4.24659432290008
 Beta HF Exchange     Energy =  -4.24659432290008
 DFT Correlation      Energy =  -1.79753449529122
 DFT Exchange         Energy = -33.71274932667984
 One-Electron (alpha) Energy = -465.09992734794162
 One-Electron (beta)  Energy = -465.09992734794179
 Total Coulomb        Energy = 345.57036502246518
   10    -515.8700761562      7.98e-05  
 Alpha HF Exchange    Energy =  -4.24672951307290
 Beta HF Exchange     Energy =  -4.24672951307291
 DFT Correlation      Energy =  -1.79755681767082
 DFT Exchange         Energy = -33.71323130760033
 One-Electron (alpha) Energy = -465.09916865125172
 One-Electron (beta)  Energy = -465.09916865125211
 Total Coulomb        Energy = 345.56958259226087
   11    -515.8701158767      4.37e-05  
 Alpha HF Exchange    Energy =  -4.24680333975900
 Beta HF Exchange     Energy =  -4.24680333975902
 DFT Correlation      Energy =  -1.79756498629099
 DFT Exchange         Energy = -33.71344173766432
 One-Electron (alpha) Energy = -465.09836405600885
 One-Electron (beta)  Energy = -465.09836405600919
 Total Coulomb        Energy = 345.56832733505803
   12    -515.8701281955      2.48e-05  
 Alpha HF Exchange    Energy =  -4.24686596960681
 Beta HF Exchange     Energy =  -4.24686596960691
 DFT Correlation      Energy =  -1.79756484740939
 DFT Exchange         Energy = -33.71350157618870
 One-Electron (alpha) Energy = -465.09594673984816
 One-Electron (beta)  Energy = -465.09594673984964
 Total Coulomb        Energy = 345.56367192789082
   13    -515.8701339297      4.14e-06  
 Alpha HF Exchange    Energy =  -4.24687160661915
 Beta HF Exchange     Energy =  -4.24687160661940
 DFT Correlation      Energy =  -1.79756513207050
 DFT Exchange         Energy = -33.71350978316463
 One-Electron (alpha) Energy = -465.09571496039558
 One-Electron (beta)  Energy = -465.09571496039968
 Total Coulomb        Energy = 345.56322801709985
   14    -515.8701340472      1.68e-06  
 Alpha HF Exchange    Energy =  -4.24687909622308
 Beta HF Exchange     Energy =  -4.24687909622369
 DFT Correlation      Energy =  -1.79756624658034
 DFT Exchange         Energy = -33.71353538837316
 One-Electron (alpha) Energy = -465.09570883036434
 One-Electron (beta)  Energy = -465.09570883037389
 Total Coulomb        Energy = 345.56325742881353
   15    -515.8701340744      1.54e-07  Convergence criterion met
 ---------------------------------------
 SCF time:   CPU 27.02s  wall 2.00s 
<S^2> =         -0.000000000
 Alpha HF Exchange    Energy =  -4.24687909622308
 Beta HF Exchange     Energy =  -4.24687909622369
 DFT Correlation      Energy =  -1.79756624658034
 DFT Exchange         Energy = -33.71353538837316
 One-Electron (alpha) Energy = -465.09570883036434
 One-Electron (beta)  Energy = -465.09570883037389
 Total Coulomb        Energy = 345.56325742881353
 Nuclear repulsion Energy = 112.76288598494209
 SCF   energy in the final basis set =     -515.8701340744
 Total energy in the final basis set =     -515.8701340744
 
 --------------------------------------------------------------
 
                    Orbital Energies (a.u.)
 --------------------------------------------------------------
 
 Alpha MOs
 -- Occupied --
-88.872 -10.272 -10.227 -10.227  -7.928  -5.903  -5.882  -5.881
 -0.835  -0.743  -0.615  -0.569  -0.478  -0.475  -0.455  -0.431
 -0.395  -0.234  -0.212  -0.212
 -- Virtual --
 -0.174  -0.103   0.073   0.109   0.110   0.137   0.140   0.142
  0.202   0.292   0.315   0.379   0.403   0.405   0.483   0.487
  0.495   0.554   0.594   0.598   0.666   0.685   0.715   0.777
  0.798   0.801   0.802   0.811   0.827   0.832   0.832   0.854
  0.855   0.897   0.911   1.122   1.278   1.311   1.313   1.393
  1.514   1.801   1.812   1.852   1.876   1.984   1.988   1.995
  2.026   2.061   2.078   2.107   2.283   2.311   2.352   2.392
  2.499   2.617   2.678   2.694   2.805   2.820   2.828   2.848
  3.104   3.165   3.370   3.372   3.382   3.426   3.907   4.092
  4.427   4.500
 
 Beta MOs
 -- Occupied --
-88.872 -10.272 -10.227 -10.227  -7.928  -5.903  -5.882  -5.881
 -0.835  -0.743  -0.615  -0.569  -0.478  -0.475  -0.455  -0.431
 -0.395  -0.234  -0.212  -0.212
 -- Virtual --
 -0.174  -0.103   0.073   0.109   0.110   0.137   0.140   0.142
  0.202   0.292   0.315   0.379   0.403   0.405   0.483   0.487
  0.495   0.554   0.594   0.598   0.666   0.685   0.715   0.777
  0.798   0.801   0.802   0.811   0.827   0.832   0.832   0.854
  0.855   0.897   0.911   1.122   1.278   1.311   1.313   1.393
  1.514   1.801   1.812   1.852   1.876   1.984   1.988   1.995
  2.026   2.061   2.078   2.107   2.283   2.311   2.352   2.392
  2.499   2.617   2.678   2.694   2.805   2.820   2.828   2.848
  3.104   3.165   3.370   3.372   3.382   3.426   3.907   4.092
  4.427   4.500
 --------------------------------------------------------------
 
          Ground-State Mulliken Net Atomic Charges

     Atom                 Charge (a.u.)    Spin (a.u.)
  --------------------------------------------------------
      1 S                    -0.249963       0.000000
      2 C                     0.082343      -0.000000
      3 C                    -0.390936      -0.000000
      4 C                    -0.391653       0.000000
      5 H                     0.173103      -0.000000
      6 H                     0.120422       0.000000
      7 H                     0.181453      -0.000000
      8 H                     0.174562       0.000000
      9 H                     0.180917       0.000000
     10 H                     0.119750      -0.000000
  --------------------------------------------------------
  Sum of atomic charges =    -0.000000
  Sum of spin   charges =    -0.000000

 -----------------------------------------------------------------
                    Cartesian Multipole Moments
 -----------------------------------------------------------------
    Charge (ESU x 10^10)
                 0.0000
    Dipole Moment (Debye)
         X       6.3921      Y       0.0483      Z      -1.6824
       Tot       6.6100
    Quadrupole Moments (Debye-Ang)
        XX     -40.3395     XY      -0.1620     YY     -30.8696
        XZ       3.3298     YZ      -0.4023     ZZ     -34.9588
    Octopole Moments (Debye-Ang^2)
       XXX      82.9406    XXY      -0.2340    XYY      31.9270
       YYY       1.6549    XXZ     -15.9314    XYZ      -0.9213
       YYZ     -15.2387    XZZ      30.6408    YZZ       0.8752
       ZZZ     -46.5727
    Hexadecapole Moments (Debye-Ang^3)
      XXXX   -1047.9511   XXXY      -6.3818   XXYY    -234.9789
      XYYY      -8.0740   YYYY    -192.9947   XXXZ     127.0348
      XXYZ      -3.2413   XYYZ      57.7751   YYYZ      -2.6119
      XXZZ    -220.3319   XYZZ      -3.2326   YYZZ     -56.8713
      XZZZ     167.4313   YZZZ      -6.1214   ZZZZ    -161.5908
 -----------------------------------------------------------------
 Calculating analytic gradient of the SCF energy
 Gradient of SCF Energy
            1           2           3           4           5           6
    1  -0.0109149   0.0113105  -0.0002166  -0.0001340  -0.0000192   0.0000203
    2  -0.0001422   0.0001108  -0.0000037   0.0000246  -0.0000317   0.0000034
    3   0.0028022  -0.0028398   0.0000041   0.0001001   0.0000099  -0.0000231
            7           8           9          10
    1  -0.0000258  -0.0000234  -0.0000233   0.0000264
    2   0.0000145   0.0000418  -0.0000299   0.0000124
    3   0.0000250  -0.0000223  -0.0000413  -0.0000148
 Max gradient component =       1.131E-02
 RMS gradient           =       2.961E-03
 Gradient time:  CPU 6.59 s  wall 0.55 s
 Geometry Optimization Parameters
   NAtoms,    NIC,     NZ,  NCons,   NDum,   NFix, NCnnct, MaxDiis
       10      56       0       1       0       0       0       0

 Cartesian Hessian Update
 Hessian Updated using BFGS Update


** CONSTRAINED OPTIMIZATION IN DELOCALIZED INTERNAL COORDINATES **
   Searching for a Minimum

   Optimization Cycle:   3

                       Coordinates (Angstroms)
     ATOM                X               Y               Z
      1  S        -3.2787496118   -0.0414407854    1.0668722446
      2  C         0.6023219712    0.0069345810    0.0999477654
      3  C         1.3556891824    1.2529460357    0.0092390166
      4  C         1.2810302235   -1.2421729614   -0.2295320846
      5  H         1.0303793520    2.0137924747    0.7249964003
      6  H         2.4549577203    1.1823800537   -0.0462630726
      7  H         0.9981039624    1.6230524190   -0.9740423244
      8  H         0.6183769933   -1.9921156203   -0.6720972815
      9  H         1.4949481766   -1.6270430598    0.7887317629
     10  H         2.2426750301   -1.1757721372   -0.7656424268
   Point Group: c1    Number of degrees of freedom:    24


   Energy is   -515.870134074

              Constraints and their Current Values
                                        Value     Constraint
   Distance(Angs):        1   2             4.000000     4.000000
 Hessian Updated using BFGS Update

 20 Hessian modes will be used to form the next step
  Hessian Eigenvalues:
     0.039852    0.045004    0.045047    0.083685    0.084234    0.100028
     0.101657    0.134724    0.159997    0.173617    0.184967    0.251163
     0.326249    0.326961    0.333760    0.343210    0.343414    0.348953
     0.361075    0.371270

 Minimum Search - Taking Simple RFO Step
 Searching for Lamda that Minimizes Along All modes
 Value Taken    Lamda =  -0.00000192
 Step Taken.  Stepsize is  0.005047

                             Maximum     Tolerance    Cnvgd?
         Gradient           0.000282      0.000300     YES
         Displacement       0.002955      0.001200      NO
         Energy change      0.000034      0.000001      NO


 New Cartesian Coordinates Obtained by Inverse Iteration

 Displacement from previous Coordinates is:  0.010288
 ----------------------------------------------------------------
             Standard Nuclear Orientation (Angstroms)
    I     Atom           X                Y                Z
 ----------------------------------------------------------------
    1      S      -3.2807681065    -0.0421536645     1.0667783024
    2      C       0.6004819519     0.0071074395     0.1006152290
    3      C       1.3559119059     1.2523099252     0.0094642869
    4      C       1.2807003243    -1.2414055008    -0.2296692864
    5      H       1.0321278375     2.0143267467     0.7247290252
    6      H       2.4550559729     1.1801545063    -0.0460682923
    7      H       0.9989934795     1.6223312129    -0.9741095887
    8      H       0.6191917935    -1.9927491890    -0.6716459558
    9      H       1.4961788575    -1.6255577091     0.7885808157
   10      H       2.2418589836    -1.1738027670    -0.7664645358
 ----------------------------------------------------------------
 Nuclear Repulsion Energy =   112.7511271689 hartrees
 There are       20 alpha and       20 beta electrons

                       Distance Matrix (Angstroms)
             S (  1)   C (  2)   C (  3)   C (  4)   H (  5)   H (  6)
   C (  2)  4.000000
   C (  3)  4.928727  1.459285
   C (  4)  4.891419  1.459647  2.506284
   H (  5)  4.790322  2.145872  1.094125  3.401831
   H (  6)  5.969267  2.199318  1.102909  2.697550  1.820631
   H (  7)  5.025146  1.980604  1.109831  2.972295  1.743792  1.782386
   H (  8)  4.694319  2.143867  3.396627  1.094283  4.263454  3.718745
   H (  9)  5.040217  1.985237  2.984765  1.109431  3.669902  3.080277
   H ( 10)  5.927969  2.200112  2.696848  1.102971  3.721730  2.470939
             H (  7)   H (  8)   H (  9)
   H (  8)  3.647539
   H (  9)  3.728680  1.742469
   H ( 10)  3.066952  1.820086  1.782775
 
 Applying Cartesian multipole field
    Component          Value
    ---------          -----
     (2,0,0)        1.00000E-11
     (0,2,0)        2.00000E-11
     (0,0,2)       -3.00000E-11
 Nucleus-field energy     =     0.0000000077 hartrees
 Requested basis set is 6-31G(d,p)
 There are 35 shells and 94 basis functions
 A cutoff of  1.0D-14 yielded    576 shell pairs
 There are      4202 function pairs
 Smallest overlap matrix eigenvalue = 5.95E-03
 Guess from superposition of atomic densities
 Warning:  Energy on first SCF cycle will be non-variational
 SAD guess density has 40.000000 electrons

 -----------------------------------------------------------------------
  General SCF calculation program by
  Eric Jon Sundstrom, Paul Horn, Yuezhi Mao, Dmitri Zuev, Alec White,
  David Stuck, Shaama M.S., Shane Yost, Joonho Lee, David Small,
  Daniel Levine, Susi Lehtola, Hugh Burton, Evgeny Epifanovsky
 -----------------------------------------------------------------------
 Exchange:     0.2000 Hartree-Fock + 0.0800 Slater + 0.7200 B88
 Correlation:  0.1900 VWN1RPA + 0.8100 LYP
 Using SG-1 standard quadrature grid
 using 12 threads for integral computing
 -------------------------------------------------------
 OpenMP Integral computing Module                
 Release: version 1.0, May 2013, Q-Chem Inc. Pittsburgh 
 -------------------------------------------------------
 -------------------------------------------------------
 OpenMP BLAS3 based DFT computing Module                
 Release: version 1.0, May 2013, Q-Chem Inc. Pittsburgh 
 -------------------------------------------------------
 A unrestricted SCF calculation will be
 performed using DIIS
 SCF converges when DIIS error is below 1.0e-06
 Alpha HF Exchange    Energy =  -4.23975724039164
 Beta HF Exchange     Energy =  -4.23975724039164
 DFT Correlation      Energy =  -1.78482208813499
 DFT Exchange         Energy = -33.42707826323669
 One-Electron (alpha) Energy = -463.75924896561600
 One-Electron (beta)  Energy = -463.75924896561600
 Total Coulomb        Energy = 342.30168452429450
 ---------------------------------------
  Cycle       Energy         DIIS error
 ---------------------------------------
    1    -516.1571010625      2.92e-02  
 Alpha HF Exchange    Energy =  -4.26553317869156
 Beta HF Exchange     Energy =  -4.26553317869156
 DFT Correlation      Energy =  -1.80731826508875
 DFT Exchange         Energy = -33.89504452808339
 One-Electron (alpha) Energy = -466.86114162523245
 One-Electron (beta)  Energy = -466.86114162523211
 Total Coulomb        Energy = 349.85822839581073
    2    -515.3463568286      7.32e-03  
 Alpha HF Exchange    Energy =  -4.26645052027058
 Beta HF Exchange     Energy =  -4.26645052027059
 DFT Correlation      Energy =  -1.81256691794352
 DFT Exchange         Energy = -33.87526610183088
 One-Electron (alpha) Energy = -461.65026065398393
 One-Electron (beta)  Energy = -461.65026065398422
 Total Coulomb        Energy = 344.83124565751075
    3    -509.9388825342      1.89e-02  
 Alpha HF Exchange    Energy =  -4.23608230265526
 Beta HF Exchange     Energy =  -4.23608230265526
 DFT Correlation      Energy =  -1.79207130173599
 DFT Exchange         Energy = -33.61222160173458
 One-Electron (alpha) Energy = -464.37518373523000
 One-Electron (beta)  Energy = -464.37518373522983
 Total Coulomb        Energy = 344.06837724746339
    4    -515.8073205552      3.54e-03  
 Alpha HF Exchange    Energy =  -4.26650889461735
 Beta HF Exchange     Energy =  -4.26650889461734
 DFT Correlation      Energy =  -1.80857283785297
 DFT Exchange         Energy = -33.84673660214522
 One-Electron (alpha) Energy = -464.41302315229905
 One-Electron (beta)  Energy = -464.41302315229876
 Total Coulomb        Energy = 345.92951502684275
    5    -514.3337313304      9.94e-03  
 Alpha HF Exchange    Energy =  -4.25039123835466
 Beta HF Exchange     Energy =  -4.25039123835466
 DFT Correlation      Energy =  -1.79809667939670
 DFT Exchange         Energy = -33.72285623708322
 One-Electron (alpha) Energy = -464.84900657522502
 One-Electron (beta)  Energy = -464.84900657522508
 Total Coulomb        Energy = 345.13117997842181
    6    -515.8374413886      1.75e-03  
 Alpha HF Exchange    Energy =  -4.25197687528397
 Beta HF Exchange     Energy =  -4.25197687528397
 DFT Correlation      Energy =  -1.79826399016014
 DFT Exchange         Energy = -33.73173807383180
 One-Electron (alpha) Energy = -465.07790537628370
 One-Electron (beta)  Energy = -465.07790537628364
 Total Coulomb        Energy = 345.58040508079142
    7    -515.8582343097      1.02e-03  
 Alpha HF Exchange    Energy =  -4.24870886264982
 Beta HF Exchange     Energy =  -4.24870886264982
 DFT Correlation      Energy =  -1.79705461733789
 DFT Exchange         Energy = -33.70774116505489
 One-Electron (alpha) Energy = -464.90624901793615
 One-Electron (beta)  Energy = -464.90624901793632
 Total Coulomb        Energy = 345.20008845714665
    8    -515.8634959098      6.75e-04  
 Alpha HF Exchange    Energy =  -4.24747011085085
 Beta HF Exchange     Energy =  -4.24747011085085
 DFT Correlation      Energy =  -1.79758381838525
 DFT Exchange         Energy = -33.71495145258336
 One-Electron (alpha) Energy = -465.07770419054481
 One-Electron (beta)  Energy = -465.07770419054464
 Total Coulomb        Energy = 345.54173637191104
    9    -515.8700203252      6.78e-05  
 Alpha HF Exchange    Energy =  -4.24659554950745
 Beta HF Exchange     Energy =  -4.24659554950745
 DFT Correlation      Energy =  -1.79752504212151
 DFT Exchange         Energy = -33.71267820612513
 One-Electron (alpha) Energy = -465.08865671173709
 One-Electron (beta)  Energy = -465.08865671173680
 Total Coulomb        Energy = 345.55950301476071
   10    -515.8700775794      7.96e-05  
 Alpha HF Exchange    Energy =  -4.24672280257709
 Beta HF Exchange     Energy =  -4.24672280257709
 DFT Correlation      Energy =  -1.79754361355517
 DFT Exchange         Energy = -33.71309148907981
 One-Electron (alpha) Energy = -465.08740683374253
 One-Electron (beta)  Energy = -465.08740683374253
 Total Coulomb        Energy = 345.55765019903617
   11    -515.8701169996      4.38e-05  
 Alpha HF Exchange    Energy =  -4.24680079734009
 Beta HF Exchange     Energy =  -4.24680079734009
 DFT Correlation      Energy =  -1.79755178213926
 DFT Exchange         Energy = -33.71330451911824
 One-Electron (alpha) Energy = -465.08643315531589
 One-Electron (beta)  Energy = -465.08643315531572
 Total Coulomb        Energy = 345.55606700793726
   12    -515.8701300220      2.34e-05  
 Alpha HF Exchange    Energy =  -4.24686313021801
 Beta HF Exchange     Energy =  -4.24686313021802
 DFT Correlation      Energy =  -1.79755157714178
 DFT Exchange         Energy = -33.71336195204134
 One-Electron (alpha) Energy = -465.08399423049553
 One-Electron (beta)  Energy = -465.08399423049565
 Total Coulomb        Energy = 345.55136591674693
   13    -515.8701351572      2.80e-06  
 Alpha HF Exchange    Energy =  -4.24686416481687
 Beta HF Exchange     Energy =  -4.24686416481692
 DFT Correlation      Energy =  -1.79755134636502
 DFT Exchange         Energy = -33.71335767198701
 One-Electron (alpha) Energy = -465.08382444753124
 One-Electron (beta)  Energy = -465.08382444753187
 Total Coulomb        Energy = 345.55102386508372
   14    -515.8701352013      1.39e-06  
 Alpha HF Exchange    Energy =  -4.24687032542521
 Beta HF Exchange     Energy =  -4.24687032542533
 DFT Correlation      Energy =  -1.79755228689521
 DFT Exchange         Energy = -33.71337911742955
 One-Electron (alpha) Energy = -465.08382797861702
 One-Electron (beta)  Energy = -465.08382797861856
 Total Coulomb        Energy = 345.55106561502100
   15    -515.8701352208      1.48e-07  Convergence criterion met
 ---------------------------------------
 SCF time:   CPU 28.28s  wall 2.00s 
<S^2> =          0.000000000
 Alpha HF Exchange    Energy =  -4.24687032542521
 Beta HF Exchange     Energy =  -4.24687032542533
 DFT Correlation      Energy =  -1.79755228689521
 DFT Exchange         Energy = -33.71337911742955
 One-Electron (alpha) Energy = -465.08382797861702
 One-Electron (beta)  Energy = -465.08382797861856
 Total Coulomb        Energy = 345.55106561502100
 Nuclear repulsion Energy = 112.75112717662238
 SCF   energy in the final basis set =     -515.8701352208
 Total energy in the final basis set =     -515.8701352208
 
 --------------------------------------------------------------
 
                    Orbital Energies (a.u.)
 --------------------------------------------------------------
 
 Alpha MOs
 -- Occupied --
-88.873 -10.272 -10.227 -10.227  -7.928  -5.903  -5.882  -5.882
 -0.835  -0.743  -0.615  -0.569  -0.478  -0.475  -0.454  -0.431
 -0.395  -0.234  -0.212  -0.212
 -- Virtual --
 -0.175  -0.103   0.073   0.109   0.110   0.137   0.140   0.142
  0.202   0.292   0.315   0.379   0.403   0.405   0.483   0.488
  0.495   0.554   0.594   0.598   0.666   0.685   0.714   0.777
  0.798   0.801   0.802   0.811   0.827   0.832   0.832   0.855
  0.856   0.898   0.911   1.121   1.278   1.311   1.313   1.393
  1.514   1.800   1.811   1.852   1.877   1.985   1.989   1.995
  2.026   2.061   2.078   2.107   2.284   2.311   2.352   2.392
  2.499   2.617   2.678   2.694   2.805   2.820   2.828   2.847
  3.104   3.165   3.370   3.373   3.382   3.427   3.906   4.093
  4.427   4.500
 
 Beta MOs
 -- Occupied --
-88.873 -10.272 -10.227 -10.227  -7.928  -5.903  -5.882  -5.882
 -0.835  -0.743  -0.615  -0.569  -0.478  -0.475  -0.454  -0.431
 -0.395  -0.234  -0.212  -0.212
 -- Virtual --
 -0.175  -0.103   0.073   0.109   0.110   0.137   0.140   0.142
  0.202   0.292   0.315   0.379   0.403   0.405   0.483   0.488
  0.495   0.554   0.594   0.598   0.666   0.685   0.714   0.777
  0.798   0.801   0.802   0.811   0.827   0.832   0.832   0.855
  0.856   0.898   0.911   1.121   1.278   1.311   1.313   1.393
  1.514   1.800   1.811   1.852   1.877   1.985   1.989   1.995
  2.026   2.061   2.078   2.107   2.284   2.311   2.352   2.392
  2.499   2.617   2.678   2.694   2.805   2.820   2.828   2.847
  3.104   3.165   3.370   3.373   3.382   3.427   3.906   4.093
  4.427   4.500
 --------------------------------------------------------------
 
          Ground-State Mulliken Net Atomic Charges

     Atom                 Charge (a.u.)    Spin (a.u.)
  --------------------------------------------------------
      1 S                    -0.249233       0.000000
      2 C                     0.082139      -0.000000
      3 C                    -0.390863      -0.000000
      4 C                    -0.391557       0.000000
      5 H                     0.172878      -0.000000
      6 H                     0.120422       0.000000
      7 H                     0.181329      -0.000000
      8 H                     0.174335       0.000000
      9 H                     0.180779       0.000000
     10 H                     0.119771      -0.000000
  --------------------------------------------------------
  Sum of atomic charges =     0.000000
  Sum of spin   charges =    -0.000000

 -----------------------------------------------------------------
                    Cartesian Multipole Moments
 -----------------------------------------------------------------
    Charge (ESU x 10^10)
                -0.0000
    Dipole Moment (Debye)
         X       6.3834      Y       0.0489      Z      -1.6795
       Tot       6.6008
    Quadrupole Moments (Debye-Ang)
        XX     -40.3187     XY      -0.1623     YY     -30.8807
        XZ       3.3213     YZ      -0.4018     ZZ     -34.9580
    Octopole Moments (Debye-Ang^2)
       XXX      82.9480    XXY      -0.2291    XYY      31.9525
       YYY       1.6843    XXZ     -15.9070    XYZ      -0.9176
       YYZ     -15.2402    XZZ      30.6623    YZZ       0.8840
       ZZZ     -46.5689
    Hexadecapole Moments (Debye-Ang^3)
      XXXX   -1048.4771   XXXY      -6.4598   XXYY    -235.1326
      XYYY      -8.1955   YYYY    -192.8745   XXXZ     126.9749
      XXYZ      -3.2442   XYYZ      57.7919   YYYZ      -2.5718
      XXZZ    -220.4710   XYZZ      -3.2723   YYZZ     -56.8557
      XZZZ     167.4788   YZZZ      -6.0940   ZZZZ    -161.5670
 -----------------------------------------------------------------
 Calculating analytic gradient of the SCF energy
 Gradient of SCF Energy
            1           2           3           4           5           6
    1  -0.0108995   0.0108822  -0.0000482   0.0000385   0.0000097   0.0000328
    2  -0.0001446   0.0001103  -0.0000599   0.0000830   0.0000069   0.0000467
    3   0.0027953  -0.0027092  -0.0000505   0.0000507   0.0000242  -0.0000235
            7           8           9          10
    1  -0.0000232  -0.0000053  -0.0000216   0.0000346
    2   0.0000177   0.0000020  -0.0000311  -0.0000310
    3   0.0000196  -0.0000485  -0.0000334  -0.0000247
 Max gradient component =       1.090E-02
 RMS gradient           =       2.901E-03
 Gradient time:  CPU 6.60 s  wall 0.55 s
 Geometry Optimization Parameters
   NAtoms,    NIC,     NZ,  NCons,   NDum,   NFix, NCnnct, MaxDiis
       10      56       0       1       0       0       0       0

 Cartesian Hessian Update
 Hessian Updated using BFGS Update


** CONSTRAINED OPTIMIZATION IN DELOCALIZED INTERNAL COORDINATES **
   Searching for a Minimum

   Optimization Cycle:   4

                       Coordinates (Angstroms)
     ATOM                X               Y               Z
      1  S        -3.2807681065   -0.0421536645    1.0667783024
      2  C         0.6004819519    0.0071074395    0.1006152290
      3  C         1.3559119059    1.2523099252    0.0094642869
      4  C         1.2807003243   -1.2414055008   -0.2296692864
      5  H         1.0321278375    2.0143267467    0.7247290252
      6  H         2.4550559729    1.1801545063   -0.0460682923
      7  H         0.9989934795    1.6223312129   -0.9741095887
      8  H         0.6191917935   -1.9927491890   -0.6716459558
      9  H         1.4961788575   -1.6255577091    0.7885808157
     10  H         2.2418589836   -1.1738027670   -0.7664645358
   Point Group: c1    Number of degrees of freedom:    24


   Energy is   -515.870135221

              Constraints and their Current Values
                                        Value     Constraint
   Distance(Angs):        1   2             4.000000     4.000000
 Hessian Updated using BFGS Update

 21 Hessian modes will be used to form the next step
  Hessian Eigenvalues:
     0.027784    0.045011    0.045056    0.083639    0.084225    0.098222
     0.101666    0.145849    0.160000    0.161107    0.168612    0.195978
     0.258094    0.326253    0.326941    0.333760    0.343351    0.343938
     0.349259    0.365191    0.371288

 Minimum Search - Taking Simple RFO Step
 Searching for Lamda that Minimizes Along All modes
 Value Taken    Lamda =   0.00000000
 Step Taken.  Stepsize is  0.003464

                             Maximum     Tolerance    Cnvgd?
         Gradient           0.000087      0.000300     YES
         Displacement       0.002646      0.001200      NO
         Energy change     -0.000001      0.000001      NO


 New Cartesian Coordinates Obtained by Inverse Iteration

 Displacement from previous Coordinates is:  0.005808
 ----------------------------------------------------------------
             Standard Nuclear Orientation (Angstroms)
    I     Atom           X                Y                Z
 ----------------------------------------------------------------
    1      S      -3.2814947413    -0.0427740050     1.0664244473
    2      C       0.5998990023     0.0072649841     0.1008787653
    3      C       1.3560881300     1.2521259272     0.0096322229
    4      C       1.2804006342    -1.2411069575    -0.2297545615
    5      H       1.0327802129     2.0145762708     0.7246214159
    6      H       2.4551326213     1.1789679959    -0.0456828065
    7      H       0.9996549712     1.6220050452    -0.9741782444
    8      H       0.6190786177    -1.9930762353    -0.6708824128
    9      H       1.4971772221    -1.6245707290     0.7885040910
   10      H       2.2410163297    -1.1728512964    -0.7673529174
 ----------------------------------------------------------------
 Nuclear Repulsion Energy =   112.7495576579 hartrees
 There are       20 alpha and       20 beta electrons

                       Distance Matrix (Angstroms)
             S (  1)   C (  2)   C (  3)   C (  4)   H (  5)   H (  6)
   C (  2)  4.000000
   C (  3)  4.929579  1.459393
   C (  4)  4.891520  1.459737  2.505842
   H (  5)  4.791919  2.146099  1.094106  3.401709
   H (  6)  5.969785  2.199150  1.102865  2.696413  1.820631
   H (  7)  5.026310  1.980641  1.109837  2.971598  1.743884  1.782358
   H (  8)  4.694293  2.144143  3.396707  1.094257  4.263785  3.718042
   H (  9)  5.041332  1.985151  2.983610  1.109454  3.669215  3.077885
   H ( 10)  5.927727  2.199947  2.695796  1.102929  3.720956  2.469354
             H (  7)   H (  8)   H (  9)
   H (  8)  3.647690
   H (  9)  3.727577  1.742602
   H ( 10)  3.065123  1.820098  1.782705
 
 Applying Cartesian multipole field
    Component          Value
    ---------          -----
     (2,0,0)        1.00000E-11
     (0,2,0)        2.00000E-11
     (0,0,2)       -3.00000E-11
 Nucleus-field energy     =     0.0000000077 hartrees
 Requested basis set is 6-31G(d,p)
 There are 35 shells and 94 basis functions
 A cutoff of  1.0D-14 yielded    576 shell pairs
 There are      4202 function pairs
 Smallest overlap matrix eigenvalue = 5.95E-03
 Guess from superposition of atomic densities
 Warning:  Energy on first SCF cycle will be non-variational
 SAD guess density has 40.000000 electrons

 -----------------------------------------------------------------------
  General SCF calculation program by
  Eric Jon Sundstrom, Paul Horn, Yuezhi Mao, Dmitri Zuev, Alec White,
  David Stuck, Shaama M.S., Shane Yost, Joonho Lee, David Small,
  Daniel Levine, Susi Lehtola, Hugh Burton, Evgeny Epifanovsky
 -----------------------------------------------------------------------
 Exchange:     0.2000 Hartree-Fock + 0.0800 Slater + 0.7200 B88
 Correlation:  0.1900 VWN1RPA + 0.8100 LYP
 Using SG-1 standard quadrature grid
 using 12 threads for integral computing
 -------------------------------------------------------
 OpenMP Integral computing Module                
 Release: version 1.0, May 2013, Q-Chem Inc. Pittsburgh 
 -------------------------------------------------------
 -------------------------------------------------------
 OpenMP BLAS3 based DFT computing Module                
 Release: version 1.0, May 2013, Q-Chem Inc. Pittsburgh 
 -------------------------------------------------------
 A unrestricted SCF calculation will be
 performed using DIIS
 SCF converges when DIIS error is below 1.0e-06
 Alpha HF Exchange    Energy =  -4.23975146351975
 Beta HF Exchange     Energy =  -4.23975146351975
 DFT Correlation      Energy =  -1.78482385867028
 DFT Exchange         Energy = -33.42706001958551
 One-Electron (alpha) Energy = -463.75773089704063
 One-Electron (beta)  Energy = -463.75773089704063
 Total Coulomb        Energy = 342.30029428192353
 ---------------------------------------
  Cycle       Energy         DIIS error
 ---------------------------------------
    1    -516.1569966519      2.92e-02  
 Alpha HF Exchange    Energy =  -4.26549972640306
 Beta HF Exchange     Energy =  -4.26549972640306
 DFT Correlation      Energy =  -1.80731630841861
 DFT Exchange         Energy = -33.89495148894011
 One-Electron (alpha) Energy = -466.85852828629180
 One-Electron (beta)  Energy = -466.85852828629191
 Total Coulomb        Energy = 349.85337246552393
    2    -515.3473936917      7.31e-03  
 Alpha HF Exchange    Energy =  -4.26641138600509
 Beta HF Exchange     Energy =  -4.26641138600509
 DFT Correlation      Energy =  -1.81255116893176
 DFT Exchange         Energy = -33.87492906906620
 One-Electron (alpha) Energy = -461.64721372858321
 One-Electron (beta)  Energy = -461.64721372858310
 Total Coulomb        Energy = 344.82464516337461
    3    -509.9405276382      1.89e-02  
 Alpha HF Exchange    Energy =  -4.23605068275259
 Beta HF Exchange     Energy =  -4.23605068275259
 DFT Correlation      Energy =  -1.79206483387401
 DFT Exchange         Energy = -33.61211908866986
 One-Electron (alpha) Energy = -464.37456689851405
 One-Electron (beta)  Energy = -464.37456689851433
 Total Coulomb        Energy = 344.06813180943186
    4    -515.8077296101      3.54e-03  
 Alpha HF Exchange    Energy =  -4.26643430178034
 Beta HF Exchange     Energy =  -4.26643430178033
 DFT Correlation      Energy =  -1.80856527866043
 DFT Exchange         Energy = -33.84653701776909
 One-Electron (alpha) Energy = -464.41309659832194
 One-Electron (beta)  Energy = -464.41309659832172
 Total Coulomb        Energy = 345.92795713493138
    5    -514.3366492961      9.95e-03  
 Alpha HF Exchange    Energy =  -4.25043039573871
 Beta HF Exchange     Energy =  -4.25043039573872
 DFT Correlation      Energy =  -1.79810619675396
 DFT Exchange         Energy = -33.72305694187678
 One-Electron (alpha) Energy = -464.84943889840213
 One-Electron (beta)  Energy = -464.84943889840252
 Total Coulomb        Energy = 345.13371549663094
    6    -515.8376285647      1.75e-03  
 Alpha HF Exchange    Energy =  -4.25196451979679
 Beta HF Exchange     Energy =  -4.25196451979680
 DFT Correlation      Energy =  -1.79825794298962
 DFT Exchange         Energy = -33.73163906547780
 One-Electron (alpha) Energy = -465.07555258327642
 One-Electron (beta)  Energy = -465.07555258327676
 Total Coulomb        Energy = 345.57705822109932
    7    -515.8583153280      1.01e-03  
 Alpha HF Exchange    Energy =  -4.24870261119958
 Beta HF Exchange     Energy =  -4.24870261119958
 DFT Correlation      Energy =  -1.79705544118278
 DFT Exchange         Energy = -33.70774975316871
 One-Electron (alpha) Energy = -464.90515568035789
 One-Electron (beta)  Energy = -464.90515568035795
 Total Coulomb        Energy = 345.19939869652387
    8    -515.8635654154      6.71e-04  
 Alpha HF Exchange    Energy =  -4.24744471803573
 Beta HF Exchange     Energy =  -4.24744471803573
 DFT Correlation      Energy =  -1.79758221896276
 DFT Exchange         Energy = -33.71489442453273
 One-Electron (alpha) Energy = -465.07668495869603
 One-Electron (beta)  Energy = -465.07668495869592
 Total Coulomb        Energy = 345.54114491221821
    9    -515.8700334192      6.33e-05  
 Alpha HF Exchange    Energy =  -4.24660101822840
 Beta HF Exchange     Energy =  -4.24660101822841
 DFT Correlation      Energy =  -1.79752571991086
 DFT Exchange         Energy = -33.71269666550017
 One-Electron (alpha) Energy = -465.08714099817257
 One-Electron (beta)  Energy = -465.08714099817257
 Total Coulomb        Energy = 345.55807096670026
   10    -515.8700777860      7.96e-05  
 Alpha HF Exchange    Energy =  -4.24672700370570
 Beta HF Exchange     Energy =  -4.24672700370569
 DFT Correlation      Energy =  -1.79754355912790
 DFT Exchange         Energy = -33.71309694049904
 One-Electron (alpha) Energy = -465.08578569724455
 One-Electron (beta)  Energy = -465.08578569724438
 Total Coulomb        Energy = 345.55599094823117
   11    -515.8701172877      4.38e-05  
 Alpha HF Exchange    Energy =  -4.24680624988115
 Beta HF Exchange     Energy =  -4.24680624988116
 DFT Correlation      Energy =  -1.79755171752717
 DFT Exchange         Energy = -33.71331074934581
 One-Electron (alpha) Energy = -465.08476080868371
 One-Electron (beta)  Energy = -465.08476080868405
 Total Coulomb        Energy = 345.55430839098290
   12    -515.8701305275      2.30e-05  
 Alpha HF Exchange    Energy =  -4.24686820062659
 Beta HF Exchange     Energy =  -4.24686820062662
 DFT Correlation      Energy =  -1.79755145214089
 DFT Exchange         Energy = -33.71336661269078
 One-Electron (alpha) Energy = -465.08231834345611
 One-Electron (beta)  Energy = -465.08231834345685
 Total Coulomb        Energy = 345.54959798629079
   13    -515.8701355012      2.54e-06  
 Alpha HF Exchange    Energy =  -4.24686824970909
 Beta HF Exchange     Energy =  -4.24686824970913
 DFT Correlation      Energy =  -1.79755111652244
 DFT Exchange         Energy = -33.71335975383697
 One-Electron (alpha) Energy = -465.08216328086360
 One-Electron (beta)  Energy = -465.08216328086456
 Total Coulomb        Energy = 345.54928073112558
   14    -515.8701355348      1.33e-06  
 Alpha HF Exchange    Energy =  -4.24687413848349
 Beta HF Exchange     Energy =  -4.24687413848360
 DFT Correlation      Energy =  -1.79755202152671
 DFT Exchange         Energy = -33.71338035105879
 One-Electron (alpha) Energy = -465.08216882876872
 One-Electron (beta)  Energy = -465.08216882877144
 Total Coulomb        Energy = 345.54932508868762
   15    -515.8701355528      1.47e-07  Convergence criterion met
 ---------------------------------------
 SCF time:   CPU 28.50s  wall 2.00s 
<S^2> =         -0.000000000
 Alpha HF Exchange    Energy =  -4.24687413848349
 Beta HF Exchange     Energy =  -4.24687413848360
 DFT Correlation      Energy =  -1.79755202152671
 DFT Exchange         Energy = -33.71338035105879
 One-Electron (alpha) Energy = -465.08216882876872
 One-Electron (beta)  Energy = -465.08216882877144
 Total Coulomb        Energy = 345.54932508868762
 Nuclear repulsion Energy = 112.74955766555627
 SCF   energy in the final basis set =     -515.8701355528
 Total energy in the final basis set =     -515.8701355528
 
 --------------------------------------------------------------
 
                    Orbital Energies (a.u.)
 --------------------------------------------------------------
 
 Alpha MOs
 -- Occupied --
-88.873 -10.272 -10.227 -10.227  -7.928  -5.903  -5.882  -5.882
 -0.835  -0.743  -0.615  -0.569  -0.478  -0.475  -0.454  -0.431
 -0.395  -0.234  -0.213  -0.212
 -- Virtual --
 -0.175  -0.103   0.073   0.109   0.110   0.137   0.140   0.143
  0.202   0.292   0.315   0.379   0.403   0.405   0.483   0.488
  0.495   0.554   0.594   0.598   0.666   0.685   0.714   0.777
  0.798   0.801   0.802   0.811   0.827   0.832   0.832   0.855
  0.856   0.898   0.911   1.121   1.278   1.312   1.313   1.392
  1.514   1.801   1.811   1.852   1.877   1.985   1.989   1.995
  2.026   2.061   2.078   2.107   2.284   2.311   2.352   2.392
  2.499   2.617   2.678   2.694   2.805   2.820   2.828   2.847
  3.104   3.165   3.370   3.373   3.382   3.427   3.906   4.093
  4.427   4.500
 
 Beta MOs
 -- Occupied --
-88.873 -10.272 -10.227 -10.227  -7.928  -5.903  -5.882  -5.882
 -0.835  -0.743  -0.615  -0.569  -0.478  -0.475  -0.454  -0.431
 -0.395  -0.234  -0.213  -0.212
 -- Virtual --
 -0.175  -0.103   0.073   0.109   0.110   0.137   0.140   0.143
  0.202   0.292   0.315   0.379   0.403   0.405   0.483   0.488
  0.495   0.554   0.594   0.598   0.666   0.685   0.714   0.777
  0.798   0.801   0.802   0.811   0.827   0.832   0.832   0.855
  0.856   0.898   0.911   1.121   1.278   1.312   1.313   1.392
  1.514   1.801   1.811   1.852   1.877   1.985   1.989   1.995
  2.026   2.061   2.078   2.107   2.284   2.311   2.352   2.392
  2.499   2.617   2.678   2.694   2.805   2.820   2.828   2.847
  3.104   3.165   3.370   3.373   3.382   3.427   3.906   4.093
  4.427   4.500
 --------------------------------------------------------------
 
          Ground-State Mulliken Net Atomic Charges

     Atom                 Charge (a.u.)    Spin (a.u.)
  --------------------------------------------------------
      1 S                    -0.249062       0.000000
      2 C                     0.082080      -0.000000
      3 C                    -0.390823       0.000000
      4 C                    -0.391505      -0.000000
      5 H                     0.172813       0.000000
      6 H                     0.120427      -0.000000
      7 H                     0.181283      -0.000000
      8 H                     0.174271      -0.000000
      9 H                     0.180720       0.000000
     10 H                     0.119795       0.000000
  --------------------------------------------------------
  Sum of atomic charges =    -0.000000
  Sum of spin   charges =     0.000000

 -----------------------------------------------------------------
                    Cartesian Multipole Moments
 -----------------------------------------------------------------
    Charge (ESU x 10^10)
                -0.0000
    Dipole Moment (Debye)
         X       6.3823      Y       0.0495      Z      -1.6785
       Tot       6.5996
    Quadrupole Moments (Debye-Ang)
        XX     -40.3138     XY      -0.1627     YY     -30.8853
        XZ       3.3196     YZ      -0.4016     ZZ     -34.9577
    Octopole Moments (Debye-Ang^2)
       XXX      82.9691    XXY      -0.2269    XYY      31.9602
       YYY       1.7102    XXZ     -15.9005    XYZ      -0.9165
       YYZ     -15.2358    XZZ      30.6757    YZZ       0.8930
       ZZZ     -46.5565
    Hexadecapole Moments (Debye-Ang^3)
      XXXX   -1048.7112   XXXY      -6.5257   XXYY    -235.1922
      XYYY      -8.3015   YYYY    -192.8235   XXXZ     126.9499
      XXYZ      -3.2498   XYYZ      57.7827   YYYZ      -2.5421
      XXZZ    -220.5283   XYZZ      -3.3062   YYZZ     -56.8413
      XZZZ     167.4536   YZZZ      -6.0707   ZZZZ    -161.5011
 -----------------------------------------------------------------
 Calculating analytic gradient of the SCF energy
 Gradient of SCF Energy
            1           2           3           4           5           6
    1  -0.0108963   0.0108100   0.0000105   0.0000887   0.0000138   0.0000098
    2  -0.0001470   0.0001119  -0.0000326   0.0000592   0.0000057   0.0000271
    3   0.0027921  -0.0026880  -0.0000511   0.0000194   0.0000190  -0.0000207
            7           8           9          10
    1  -0.0000280   0.0000002  -0.0000225   0.0000139
    2   0.0000156   0.0000023  -0.0000292  -0.0000129
    3   0.0000154  -0.0000443  -0.0000263  -0.0000155
 Max gradient component =       1.090E-02
 RMS gradient           =       2.891E-03
 Gradient time:  CPU 6.39 s  wall 0.53 s
 Geometry Optimization Parameters
   NAtoms,    NIC,     NZ,  NCons,   NDum,   NFix, NCnnct, MaxDiis
       10      56       0       1       0       0       0       0

 Cartesian Hessian Update
 Hessian Updated using BFGS Update


** CONSTRAINED OPTIMIZATION IN DELOCALIZED INTERNAL COORDINATES **
   Searching for a Minimum

   Optimization Cycle:   5

                       Coordinates (Angstroms)
     ATOM                X               Y               Z
      1  S        -3.2814947413   -0.0427740050    1.0664244473
      2  C         0.5998990023    0.0072649841    0.1008787653
      3  C         1.3560881300    1.2521259272    0.0096322229
      4  C         1.2804006342   -1.2411069575   -0.2297545615
      5  H         1.0327802129    2.0145762708    0.7246214159
      6  H         2.4551326213    1.1789679959   -0.0456828065
      7  H         0.9996549712    1.6220050452   -0.9741782444
      8  H         0.6190786177   -1.9930762353   -0.6708824128
      9  H         1.4971772221   -1.6245707290    0.7885040910
     10  H         2.2410163297   -1.1728512964   -0.7673529174
   Point Group: c1    Number of degrees of freedom:    24


   Energy is   -515.870135553

              Constraints and their Current Values
                                        Value     Constraint
   Distance(Angs):        1   2             4.000000     4.000000
 Hessian Updated using BFGS Update

 22 Hessian modes will be used to form the next step
  Hessian Eigenvalues:
     0.008485    0.044995    0.045033    0.083745    0.084197    0.098852
     0.101716    0.157003    0.159032    0.160000    0.160067    0.179134
     0.209269    0.267953    0.326250    0.326912    0.333759    0.343086
     0.343499    0.349095    0.366577    0.371257

 Minimum Search - Taking Simple RFO Step
 Searching for Lamda that Minimizes Along All modes
 Value Taken    Lamda =   0.00000000
 Step Taken.  Stepsize is  0.009679

                             Maximum     Tolerance    Cnvgd?
         Gradient           0.000089      0.000300     YES
         Displacement       0.007862      0.001200      NO
         Energy change     -0.000000      0.000001     YES


                       Distance Matrix (Angstroms)
             S (  1)   C (  2)   C (  3)   C (  4)   H (  5)   H (  6)
   C (  2)  4.000000
   C (  3)  4.929579  1.459393
   C (  4)  4.891520  1.459737  2.505842
   H (  5)  4.791919  2.146099  1.094106  3.401709
   H (  6)  5.969785  2.199150  1.102865  2.696413  1.820631
   H (  7)  5.026310  1.980641  1.109837  2.971598  1.743884  1.782358
   H (  8)  4.694293  2.144143  3.396707  1.094257  4.263785  3.718042
   H (  9)  5.041332  1.985151  2.983610  1.109454  3.669215  3.077885
   H ( 10)  5.927727  2.199947  2.695796  1.102929  3.720956  2.469354
             H (  7)   H (  8)   H (  9)
   H (  8)  3.647690
   H (  9)  3.727577  1.742602
   H ( 10)  3.065123  1.820098  1.782705
 
 Final energy is   -515.870135552849     


 ******************************
 **  OPTIMIZATION CONVERGED  **
 ******************************

                       Coordinates (Angstroms)
     ATOM                X               Y               Z
      1  S        -3.2814947413   -0.0427740050    1.0664244473
      2  C         0.5998990023    0.0072649841    0.1008787653
      3  C         1.3560881300    1.2521259272    0.0096322229
      4  C         1.2804006342   -1.2411069575   -0.2297545615
      5  H         1.0327802129    2.0145762708    0.7246214159
      6  H         2.4551326213    1.1789679959   -0.0456828065
      7  H         0.9996549712    1.6220050452   -0.9741782444
      8  H         0.6190786177   -1.9930762353   -0.6708824128
      9  H         1.4971772221   -1.6245707290    0.7885040910
     10  H         2.2410163297   -1.1728512964   -0.7673529174

Z-matrix Print:
$molecule
0 1
C 
C  1 1.459393
H  2 1.094106 1 113.606775
H  2 1.102865 1 117.575119 3 133.476224 0
H  2 1.109837 1 99.979549 3 -110.872395 0
C  1 1.459737 2 118.279477 3 -149.044399 0
H  6 1.094257 1 113.407145 2 -148.072269 0
H  6 1.102929 1 117.613625 2 -14.883354 0
H  6 1.109454 1 100.299275 2 101.062874 0
S  1 4.000000 2 121.907701 3 33.662515 0
$end

PES scan, value:    4.0000 energy: -515.8701355528
------- Summary of potential scan: ------ 
    4.0000      -515.8701355528
----------------------------------------- 
Archival summary:
1\1\hpc0249\JobtypUnspecified\ProcedureUnspecified\6-31G**\136\knomura\WedMar1313:55:422019WedMar1313:55:422019\0\\#,JobtypUnspecified,ProcedureUnspecified,6-31G**,\\0,1\C\C,1,1.45939\H,2,1.09411,1,113.607\H,2,1.10286,1,117.575,3,133.476,0\H,2,1.10984,1,99.9795,3,-110.872,0\C,1,1.45974,2,118.279,3,-149.044,0\H,6,1.09426,1,113.407,2,-148.072,0\H,6,1.10293,1,117.614,2,-14.8834,0\H,6,1.10945,1,100.299,2,101.063,0\S,1,4,2,121.908,3,33.6625,0\\\@

 Total job time:  16.80s(wall), 193.73s(cpu) 
 Wed Mar 13 13:55:42 2019

        *************************************************************
        *                                                           *
        *  Thank you very much for using Q-Chem.  Have a nice day.  *
        *                                                           *
        *************************************************************


