
Running Job 1 of 1 thio_ketone/CHOSx.xyz.data/inputs/bond_singlet_2.7.in
qchem thio_ketone/CHOSx.xyz.data/inputs/bond_singlet_2.7.in_3965.0 /staging/scratch/2868766/qchem3965/ 1
/usr/usc/qchem/5.1.1/exe/qcprog.exe_s thio_ketone/CHOSx.xyz.data/inputs/bond_singlet_2.7.in_3965.0 /staging/scratch/2868766/qchem3965/
Check license passed

                  Welcome to Q-Chem
     A Quantum Leap Into The Future Of Chemistry


 Q-Chem 5.1, Q-Chem, Inc., Pleasanton, CA (2018)

 Yihan Shao,  Zhengting Gan,  E. Epifanovsky,  A. T. B. Gilbert,  M. Wormit,  
 J. Kussmann,  A. W. Lange,  A. Behn,  Jia Deng,  Xintian Feng,  D. Ghosh,  
 M. Goldey,  P. R. Horn,  L. D. Jacobson,  I. Kaliman,  T. Kus,  A. Landau,  
 Jie Liu,  E. I. Proynov,  R. M. Richard,  R. P. Steele,  E. J. Sundstrom,  
 H. L. Woodcock III,  P. M. Zimmerman,  D. Zuev,  B. Albrecht,  E. Alguire,  
 S. A. Baeppler,  D. Barton,  Z. Benda,  Y. A. Bernard,  E. J. Berquist,  
 K. B. Bravaya,  H. Burton,  D. Casanova,  Chun-Min Chang,  Yunqing Chen,  
 A. Chien,  K. D. Closser,  M. P. Coons,  S. Coriani,  S. Dasgupta,  
 A. L. Dempwolff,  M. Diedenhofen,  Hainam Do,  R. G. Edgar,  Po-Tung Fang,  
 S. Faraji,  S. Fatehi,  Qingguo Feng,  K. D. Fenk,  J. Fosso-Tande,  
 Qinghui Ge,  A. Ghysels,  G. Gidofalvi,  J. Gomes,  J. Gonthier,  A. Gunina,  
 D. Hait,  M. W. D. Hanson-Heine,  P. H. P. Harbach,  A. W. Hauser,  
 J. E. Herr,  E. G. Hohenstein,  Z. C. Holden,  Kerwin Hui,  B. C. Huynh,  
 T.-C. Jagau,  Hyunjun Ji,  B. Kaduk,  K. Khistyaev,  Jaehoon Kim,  
 P. Klunzinger,  K. Koh,  D. Kosenkov,  L. Koulias,  T. Kowalczyk,  
 C. M. Krauter,  A. Kunitsa,  Ka Un Lao,  A. Laurent,  K. V. Lawler,  
 Joonho Lee,  D. Lefrancois,  S. Lehtola,  D. S. Levine,  Yi-Pei Li,  
 You-Sheng Lin,  Fenglai Liu,  E. Livshits,  A. Luenser,  P. Manohar,  
 E. Mansoor,  S. F. Manzer,  Shan-Ping Mao,  Yuezhi Mao,  N. Mardirossian,  
 A. V. Marenich,  T. Markovich,  L. A. Martinez-Martinez,  S. A. Maurer,  
 N. J. Mayhall,  S. C. McKenzie,  J.-M. Mewes,  A. F. Morrison,  
 J. W. Mullinax,  K. Nanda,  T. S. Nguyen-Beck,  R. Olivares-Amaya,  
 J. A. Parkhill,  T. M. Perrine,  F. Plasser,  P. Pokhilko,  S. Prager,  
 A. Prociuk,  E. Ramos,  D. R. Rehn,  F. Rob,  M. Schneider,  N. Sergueev,  
 S. M. Sharada,  S. Sharma,  D. W. Small,  T. Stauch,  T. Stein,  
 Yu-Chuan Su,  A. J. W. Thom,  A. Tkatchenko,  T. Tsuchimochi,  N. M. Tubman,  
 L. Vogt,  M. L. Vidal,  O. Vydrov,  M. A. Watson,  J. Wenzel,  
 M. de Wergifosse,  T. A. Wesolowski,  A. White,  J. Witte,  A. Yamada,  
 Jun Yang,  K. Yao,  S. Yeganeh,  S. R. Yost,  Zhi-Qiang You,  A. Zech,  
 Igor Ying Zhang,  Xing Zhang,  Yan Zhao,  Ying Zhu,  B. R. Brooks,  
 G. K. L. Chan,  C. J. Cramer,  M. S. Gordon,  W. J. Hehre,  A. Klamt,  
 M. W. Schmidt,  C. D. Sherrill,  D. G. Truhlar,  A. Aspuru-Guzik,  R. Baer,  
 A. T. Bell,  N. A. Besley,  Jeng-Da Chai,  A. E. DePrince, III,  
 R. A. DiStasio Jr.,  A. Dreuw,  B. D. Dunietz,  T. R. Furlani,  
 Chao-Ping Hsu,  Yousung Jung,  Jing Kong,  D. S. Lambrecht,  WanZhen Liang,  
 C. Ochsenfeld,  V. A. Rassolov,  L. V. Slipchenko,  J. E. Subotnik,  
 T. Van Voorhis,  J. M. Herbert,  A. I. Krylov,  P. M. W. Gill,  M. Head-Gordon

 Contributors to earlier versions of Q-Chem not listed above: 
 R. D. Adamson,  B. Austin,  J. Baker,  G. J. O. Beran,  K. Brandhorst,  
 S. T. Brown,  E. F. C. Byrd,  A. K. Chakraborty,  C.-L. Cheng,  
 Siu Hung Chien,  D. M. Chipman,  D. L. Crittenden,  H. Dachsel,  
 R. J. Doerksen,  A. D. Dutoi,  L. Fusti-Molnar,  W. A. Goddard III,  
 A. Golubeva-Zadorozhnaya,  S. R. Gwaltney,  G. Hawkins,  A. Heyden,  
 S. Hirata,  G. Kedziora,  F. J. Keil,  C. Kelley,  Jihan Kim,  R. A. King,  
 R. Z. Khaliullin,  P. P. Korambath,  W. Kurlancheek,  A. M. Lee,  M. S. Lee,  
 S. V. Levchenko,  Ching Yeh Lin,  D. Liotard,  R. C. Lochan,  I. Lotan,  
 P. E. Maslen,  N. Nair,  D. P. O'Neill,  D. Neuhauser,  E. Neuscamman,  
 C. M. Oana,  R. Olson,  B. Peters,  R. Peverati,  P. A. Pieniazek,  
 Y. M. Rhee,  J. Ritchie,  M. A. Rohrdanz,  E. Rosta,  N. J. Russ,  
 H. F. Schaefer III,  N. E. Schultz,  N. Shenvi,  A. C. Simmonett,  A. Sodt,  
 D. Stuck,  K. S. Thanthiriwatte,  V. Vanovschi,  Tao Wang,  A. Warshel,  
 C. F. Williams,  Q. Wu,  X. Xu,  W. Zhang

 Please cite Q-Chem as follows:
 Y. Shao et al., Mol. Phys. 113, 184-215 (2015)
 DOI: 10.1080/00268976.2014.952696

 Q-Chem 5.1.1 for Intel X86 EM64T Linux

 Parts of Q-Chem use Armadillo 8.300.2 (Tropical Shenanigans).
 http://arma.sourceforge.net/

 Q-Chem begins on Wed Mar 13 13:50:30 2019  

Host: 
0

     Scratch files written to /staging/scratch/2868766/qchem3965//
 Aug318 |scratch|qcdevops|jenkins|workspace|build_RNUM 6013   
Processing $rem in /usr/usc/qchem/5.1.1/config/preferences.
 MEM_TOTAL  2000 
Input Ideriv = 2
Curr. Ideriv = -1
Max.  Ideriv = 2

Checking the input file for inconsistencies... 	...done.

--------------------------------------------------------------
User input:
--------------------------------------------------------------

$comment
potential surface scanner
$end

$rem
JOBTYPE  PES_SCAN
UNRESTRICTED TRUE
SYM_IGNORE  TRUE
GEOM_OPT_MAX_CYCLES 400
SCF_MAX_CYCLES 400
METHOD   B3LYP
BASIS   6-31G**
PDB_PRINT 2
SCF_CONVERGENCE 6
THRESH 14
SCF_PRINT 1
$end
$molecule
0 1
S -2.117382 -0.000243 -0.003653
C 0.482616 0.000011 -0.000457
C 1.148614 1.300375 0.000418
C 1.148896 -1.300209 0.000520
H 1.809320 1.376817 0.881038
H 1.814202 1.376023 -0.876564
H 0.444440 2.131421 -0.001742
H 0.444903 -2.131412 -0.000601
H 1.810604 -1.376114 0.880427
H 1.813519 -1.376102 -0.877178
$end
$scan
stre 1 2 2.700000 2.701000 0.100000
$end
--------------------------------------------------------------
 ----------------------------------------------------------------
             Standard Nuclear Orientation (Angstroms)
    I     Atom           X                Y                Z
 ----------------------------------------------------------------
    1      S      -2.1173820000    -0.0002430000    -0.0036530000
    2      C       0.4826160000     0.0000110000    -0.0004570000
    3      C       1.1486140000     1.3003750000     0.0004180000
    4      C       1.1488960000    -1.3002090000     0.0005200000
    5      H       1.8093200000     1.3768170000     0.8810380000
    6      H       1.8142020000     1.3760230000    -0.8765640000
    7      H       0.4444400000     2.1314210000    -0.0017420000
    8      H       0.4449030000    -2.1314120000    -0.0006010000
    9      H       1.8106040000    -1.3761140000     0.8804270000
   10      H       1.8135190000    -1.3761020000    -0.8771780000
 ----------------------------------------------------------------
 Nuclear Repulsion Energy =   130.5978781097 hartrees
 There are       20 alpha and       20 beta electrons
 Requested basis set is 6-31G(d,p)
 There are 35 shells and 94 basis functions

 Total QAlloc Memory Limit   2000 MB
 Mega-Array Size       188 MB
 MEM_STATIC part       192 MB
A total of 1 constraints
  
            1
    1   1.0100000
    2   1.0100000
    3   2.0100000
    4   2.7000000
    5   2.7010000
    6   0.1000000
    7   0.0000000
    8   0.0000000
    9   0.0000000
   10   0.0000000

                       Distance Matrix (Angstroms)
             S (  1)   C (  2)   C (  3)   C (  4)   H (  5)   H (  6)
   C (  2)  2.600000
   C (  3)  3.515445  1.460993
   C (  4)  3.515466  1.460994  2.600584
   H (  5)  4.254170  2.105415  1.103570  2.894467
   H (  6)  4.255988  2.105729  1.103552  2.893808  1.757609
   H (  7)  3.332706  2.131752  1.089267  3.503191  1.792101  1.792258
   H (  8)  3.332746  2.131757  3.503195  1.089268  3.866082  3.865798
   H (  9)  4.254843  2.105523  2.894173  1.103565  2.752931  3.265163
   H ( 10)  4.255352  2.105619  2.894098  1.103557  3.266482  2.752125
             H (  7)   H (  8)   H (  9)
   H (  8)  4.262833
   H (  9)  3.866190  1.792156
   H ( 10)  3.865680  1.792203  1.757607
 
 A cutoff of  1.0D-14 yielded    605 shell pairs
 There are      4488 function pairs
 
 -------------------------------------------------------
 OpenMP Integral Computing Module                       
 Release: version 1.0, May 2013, Q-Chem Inc. Pittsburgh 
 -------------------------------------------------------
 Integral Job Info:
 Integral job number is                      11
 Integral operator is                         1
 short-range coefficients                     0
 long-range coefficients              100000000
 Omega coefficients                           0
 if combine SR and LR in K                    0
 Integral screening is                        0
 Integral computing path is                   2
 max size of driver memory is            800000
 size of driver memory is                593474
 size of scratch memory is             15267112
 max col of scratch BK array               1296
 max len of scratch array in speh3          155
 max len of scratch index in speh4           18
 max int batch size is                      520
 min int batch size is                       52
 fixed nKL is                                52
 max L of basis functions is                  2
 order of int derivative is                   0
 number of shells is                         35
 number of basis is                          94
 number of cartesian basis is                94
 number of contracted shell pairs           605
 number of primitive shell pairs           2277
 maxK2 (contraction) of shell pair           36
 max number of K2 of shell pair               1
 max number of CS2 of shell pair             48
 max number of PS2 of shell pair            192
 mem total for path MDJ                  514716
 -------------------------------------------------------
 Smallest overlap matrix eigenvalue = 6.29E-03

 Scale SEOQF with 1.000000e-01/1.000000e-01/1.000000e+00

 Standard Electronic Orientation quadrupole field applied
 Nucleus-field energy     =     0.0000000030 hartrees
 Guess from superposition of atomic densities
 Warning:  Energy on first SCF cycle will be non-variational
 SAD guess density has 40.000000 electrons

 -----------------------------------------------------------------------
  General SCF calculation program by
  Eric Jon Sundstrom, Paul Horn, Yuezhi Mao, Dmitri Zuev, Alec White,
  David Stuck, Shaama M.S., Shane Yost, Joonho Lee, David Small,
  Daniel Levine, Susi Lehtola, Hugh Burton, Evgeny Epifanovsky
 -----------------------------------------------------------------------
 Exchange:     0.2000 Hartree-Fock + 0.0800 Slater + 0.7200 B88
 Correlation:  0.1900 VWN1RPA + 0.8100 LYP
 Using SG-1 standard quadrature grid
 using 12 threads for integral computing
 -------------------------------------------------------
 OpenMP Integral computing Module                
 Release: version 1.0, May 2013, Q-Chem Inc. Pittsburgh 
 -------------------------------------------------------
 -------------------------------------------------------
 OpenMP BLAS3 based DFT computing Module                
 Release: version 1.0, May 2013, Q-Chem Inc. Pittsburgh 
 -------------------------------------------------------
 A unrestricted SCF calculation will be
 performed using DIIS
 SCF converges when DIIS error is below 1.0e-06
 Alpha HF Exchange    Energy =  -4.24419938785120
 Beta HF Exchange     Energy =  -4.24419938785120
 DFT Correlation      Energy =  -1.79117534756338
 DFT Exchange         Energy = -33.43564444919980
 One-Electron (alpha) Energy = -481.59643098562697
 One-Electron (beta)  Energy = -481.59643098562697
 Total Coulomb        Energy = 360.11796141373623
 ---------------------------------------
  Cycle       Energy         DIIS error
 ---------------------------------------
    1    -516.1922410173      2.93e-02  
 Alpha HF Exchange    Energy =  -4.26835623747893
 Beta HF Exchange     Energy =  -4.26835623747894
 DFT Correlation      Energy =  -1.81358024520613
 DFT Exchange         Energy = -33.89766824146191
 One-Electron (alpha) Energy = -484.70010694915510
 One-Electron (beta)  Energy = -484.70010694915521
 Total Coulomb        Energy = 367.29890666519088
    2    -515.7513900821      5.48e-03  
 Alpha HF Exchange    Energy =  -4.26364953878189
 Beta HF Exchange     Energy =  -4.26364953878190
 DFT Correlation      Energy =  -1.81009446238041
 DFT Exchange         Energy = -33.80453075126312
 One-Electron (alpha) Energy = -481.61604993105783
 One-Electron (beta)  Energy = -481.61604993105789
 Total Coulomb        Energy = 362.79703376954569
    3    -513.9791122711      1.57e-02  
 Alpha HF Exchange    Energy =  -4.22438416109356
 Beta HF Exchange     Energy =  -4.22438416109356
 DFT Correlation      Energy =  -1.79581341606248
 DFT Exchange         Energy = -33.55451539597489
 One-Electron (alpha) Energy = -482.10891867304207
 One-Electron (beta)  Energy = -482.10891867304196
 Total Coulomb        Energy = 361.50774014208980
    4    -515.9113162255      2.92e-03  
 Alpha HF Exchange    Energy =  -4.23844069488348
 Beta HF Exchange     Energy =  -4.23844069488348
 DFT Correlation      Energy =  -1.80629744647064
 DFT Exchange         Energy = -33.70831249936739
 One-Electron (alpha) Energy = -482.99793984078281
 One-Electron (beta)  Energy = -482.99793984078292
 Total Coulomb        Energy = 363.48773278993559
    5    -515.9017601146      3.00e-03  
 Alpha HF Exchange    Energy =  -4.23890345095921
 Beta HF Exchange     Energy =  -4.23890345095921
 DFT Correlation      Energy =  -1.80450879751982
 DFT Exchange         Energy = -33.69576815891114
 One-Electron (alpha) Energy = -483.12530921895859
 One-Electron (beta)  Energy = -483.12530921895836
 Total Coulomb        Energy = 363.67394558487376
    6    -515.9568785987      3.79e-04  
 Alpha HF Exchange    Energy =  -4.23717438911370
 Beta HF Exchange     Energy =  -4.23717438911370
 DFT Correlation      Energy =  -1.80390072813022
 DFT Exchange         Energy = -33.68212744804694
 One-Electron (alpha) Energy = -482.95645655402819
 One-Electron (beta)  Energy = -482.95645655402848
 Total Coulomb        Energy = 363.31977620443945
    7    -515.9556357453      5.32e-04  
 Alpha HF Exchange    Energy =  -4.23800417966399
 Beta HF Exchange     Energy =  -4.23800417966399
 DFT Correlation      Energy =  -1.80386302687430
 DFT Exchange         Energy = -33.68512208807577
 One-Electron (alpha) Energy = -483.02474819949020
 One-Electron (beta)  Energy = -483.02474819949026
 Total Coulomb        Energy = 363.45902735465904
    8    -515.9575844059      7.51e-05  
 Alpha HF Exchange    Energy =  -4.23815035210350
 Beta HF Exchange     Energy =  -4.23815035210350
 DFT Correlation      Energy =  -1.80383386374407
 DFT Exchange         Energy = -33.68537608316779
 One-Electron (alpha) Energy = -483.03026491621773
 One-Electron (beta)  Energy = -483.03026491621779
 Total Coulomb        Energy = 363.47053831940718
    9    -515.9576240515      1.21e-05  
 Alpha HF Exchange    Energy =  -4.23816695605573
 Beta HF Exchange     Energy =  -4.23816695605573
 DFT Correlation      Energy =  -1.80383591538785
 DFT Exchange         Energy = -33.68542921199918
 One-Electron (alpha) Energy = -483.03099739952756
 One-Electron (beta)  Energy = -483.03099739952751
 Total Coulomb        Energy = 363.47209137981093
   10    -515.9576243461      1.05e-05  
 Alpha HF Exchange    Energy =  -4.23816727086573
 Beta HF Exchange     Energy =  -4.23816727086573
 DFT Correlation      Energy =  -1.80383717428910
 DFT Exchange         Energy = -33.68543086771800
 One-Electron (alpha) Energy = -483.03052212568520
 One-Electron (beta)  Energy = -483.03052212568520
 Total Coulomb        Energy = 363.47114378649405
   11    -515.9576249359      4.92e-06  
 Alpha HF Exchange    Energy =  -4.23816712745334
 Beta HF Exchange     Energy =  -4.23816712745335
 DFT Correlation      Energy =  -1.80383839186327
 DFT Exchange         Energy = -33.68543321756870
 One-Electron (alpha) Energy = -483.03009251193993
 One-Electron (beta)  Energy = -483.03009251193976
 Total Coulomb        Energy = 363.47028767544816
   12    -515.9576251001      3.51e-07  Convergence criterion met
 ---------------------------------------
 SCF time:   CPU 24.37s  wall 2.00s 
<S^2> =         -0.000000000
 Alpha HF Exchange    Energy =  -4.23816712745334
 Beta HF Exchange     Energy =  -4.23816712745335
 DFT Correlation      Energy =  -1.80383839186327
 DFT Exchange         Energy = -33.68543321756870
 One-Electron (alpha) Energy = -483.03009251193993
 One-Electron (beta)  Energy = -483.03009251193976
 Total Coulomb        Energy = 363.47028767544816
 Nuclear repulsion Energy = 130.59787811268060
 SCF   energy in the final basis set =     -515.9576251001
 Total energy in the final basis set =     -515.9576251001
 
 --------------------------------------------------------------
 
                    Orbital Energies (a.u.)
 --------------------------------------------------------------
 
 Alpha MOs
 -- Occupied --
-88.854 -10.311 -10.232 -10.232  -7.907  -5.876  -5.866  -5.862
 -0.838  -0.748  -0.605  -0.571  -0.479  -0.475  -0.463  -0.435
 -0.415  -0.270  -0.206  -0.198
 -- Virtual --
 -0.128  -0.097   0.070   0.116   0.133   0.133   0.138   0.161
  0.199   0.266   0.349   0.405   0.409   0.420   0.453   0.535
  0.540   0.540   0.582   0.636   0.640   0.670   0.699   0.767
  0.778   0.828   0.828   0.839   0.845   0.854   0.862   0.876
  0.894   0.911   1.023   1.248   1.249   1.308   1.348   1.463
  1.552   1.810   1.837   1.858   1.885   1.886   1.988   1.991
  2.031   2.058   2.058   2.059   2.224   2.295   2.322   2.510
  2.553   2.566   2.643   2.676   2.792   2.812   2.895   2.907
  3.128   3.166   3.345   3.373   3.382   3.420   3.934   4.059
  4.433   4.497
 
 Beta MOs
 -- Occupied --
-88.854 -10.311 -10.232 -10.232  -7.907  -5.876  -5.866  -5.862
 -0.838  -0.748  -0.605  -0.571  -0.479  -0.475  -0.463  -0.435
 -0.415  -0.270  -0.206  -0.198
 -- Virtual --
 -0.128  -0.097   0.070   0.116   0.133   0.133   0.138   0.161
  0.199   0.266   0.349   0.405   0.409   0.420   0.453   0.535
  0.540   0.540   0.582   0.636   0.640   0.670   0.699   0.767
  0.778   0.828   0.828   0.839   0.845   0.854   0.862   0.876
  0.894   0.911   1.023   1.248   1.249   1.308   1.348   1.463
  1.552   1.810   1.837   1.858   1.885   1.886   1.988   1.991
  2.031   2.058   2.058   2.059   2.224   2.295   2.322   2.510
  2.553   2.566   2.643   2.676   2.792   2.812   2.895   2.907
  3.128   3.166   3.345   3.373   3.382   3.420   3.934   4.059
  4.433   4.497
 --------------------------------------------------------------
 
          Ground-State Mulliken Net Atomic Charges

     Atom                 Charge (a.u.)    Spin (a.u.)
  --------------------------------------------------------
      1 S                    -0.351161      -0.000000
      2 C                     0.100443       0.000000
      3 C                    -0.374247      -0.000000
      4 C                    -0.374249      -0.000000
      5 H                     0.154609       0.000000
      6 H                     0.154476       0.000000
      7 H                     0.190522       0.000000
      8 H                     0.190521       0.000000
      9 H                     0.154559       0.000000
     10 H                     0.154527       0.000000
  --------------------------------------------------------
  Sum of atomic charges =    -0.000000
  Sum of spin   charges =    -0.000000

 -----------------------------------------------------------------
                    Cartesian Multipole Moments
 -----------------------------------------------------------------
    Charge (ESU x 10^10)
                -0.0000
    Dipole Moment (Debye)
         X       6.2924      Y       0.0006      Z       0.0088
       Tot       6.2924
    Quadrupole Moments (Debye-Ang)
        XX     -35.4931     XY      -0.0007     YY     -30.7268
        XZ      -0.0071     YZ       0.0007     ZZ     -33.4660
    Octopole Moments (Debye-Ang^2)
       XXX      38.7598    XXY       0.0017    XYY      16.7611
       YYY       0.0079    XXZ       0.0463    XYZ       0.0015
       YYZ       0.0512    XZZ      14.4831    YZZ       0.0025
       ZZZ       0.1578
    Hexadecapole Moments (Debye-Ang^3)
      XXXX    -530.4224   XXXY      -0.0144   XXYY    -131.9360
      XYYY      -0.0206   YYYY    -199.2897   XXXZ      -0.3399
      XXYZ       0.0029   XYYZ      -0.1225   YYYZ      -0.0005
      XXZZ     -99.3751   XYZZ      -0.0058   YYZZ     -43.9083
      XZZZ      -0.3440   YZZZ       0.0072   ZZZZ     -53.0822
 -----------------------------------------------------------------
 Calculating analytic gradient of the SCF energy
 Gradient of SCF Energy
            1           2           3           4           5           6
    1  -0.0788470   0.0788413   0.0000377   0.0000387  -0.0000169  -0.0000173
    2  -0.0000080   0.0000079  -0.0000072   0.0000072  -0.0000051  -0.0000051
    3  -0.0000961   0.0000975  -0.0000000  -0.0000004   0.0000115  -0.0000124
            7           8           9          10
    1  -0.0000012  -0.0000011  -0.0000174  -0.0000168
    2   0.0000118  -0.0000120   0.0000051   0.0000054
    3  -0.0000003  -0.0000003   0.0000119  -0.0000114
 Max gradient component =       7.885E-02
 RMS gradient           =       2.036E-02
 Gradient time:  CPU 6.93 s  wall 0.58 s
 Geometry Optimization Parameters
   NAtoms,    NIC,     NZ,  NCons,   NDum,   NFix, NCnnct, MaxDiis
       10      56       0       1       0       0       0       0


** CONSTRAINED OPTIMIZATION IN DELOCALIZED INTERNAL COORDINATES **
   Searching for a Minimum

   Optimization Cycle:   1

                       Coordinates (Angstroms)
     ATOM                X               Y               Z
      1  S        -2.1173820000   -0.0002430000   -0.0036530000
      2  C         0.4826160000    0.0000110000   -0.0004570000
      3  C         1.1486140000    1.3003750000    0.0004180000
      4  C         1.1488960000   -1.3002090000    0.0005200000
      5  H         1.8093200000    1.3768170000    0.8810380000
      6  H         1.8142020000    1.3760230000   -0.8765640000
      7  H         0.4444400000    2.1314210000   -0.0017420000
      8  H         0.4449030000   -2.1314120000   -0.0006010000
      9  H         1.8106040000   -1.3761140000    0.8804270000
     10  H         1.8135190000   -1.3761020000   -0.8771780000
   Point Group: c1    Number of degrees of freedom:    24


   Energy is   -515.957625100

              Constraints and their Current Values
                                        Value     Constraint
   Distance(Angs):        1   2             2.600000     2.700000

 Attempting to Generate Delocalized Internal Coordinates

   Using Lagrange Multiplier Algorithm


 25 Hessian modes will be used to form the next step
  Hessian Eigenvalues:
    -0.978018    0.045000    0.045000    0.045000    0.092178    0.092178
     0.096463    0.096463    0.160000    0.160000    0.160000    0.160000
     0.160000    0.160000    0.250000    0.250000    0.332904    0.332909
     0.332918    0.332923    0.348973    0.348975    0.368402    0.368403
     1.022476

 Minimum Search - Taking P-RFO Step
 Searching for Lamda that Maximizes Along the Constraint modes Only
 Value Taken    Lamda =   0.03569811
 Searching for Lamda that Minimizes Along All other modes
 Value Taken    Lamda =  -0.00558314
 Step Taken.  Stepsize is  0.183896

                             Maximum     Tolerance    Cnvgd?
         Gradient            0.188973       0.000300      NO
         Displacement        0.183896       0.001200      NO
         Energy change     *********       0.000001      NO


 New Cartesian Coordinates Obtained by Inverse Iteration

 Displacement from previous Coordinates is:  0.174391
 ----------------------------------------------------------------
             Standard Nuclear Orientation (Angstroms)
    I     Atom           X                Y                Z
 ----------------------------------------------------------------
    1      S      -2.2049291266    -0.0002502513    -0.0037686844
    2      C       0.4923822173     0.0000117433    -0.0004466071
    3      C       1.1583214976     1.3004118382     0.0004306194
    4      C       1.1586035053    -1.3002441686     0.0005324481
    5      H       1.8190920739     1.3769529090     0.8809958304
    6      H       1.8239823581     1.3761607773    -0.8764891978
    7      H       0.4540692903     2.1313725115    -0.0017305411
    8      H       0.4545335113    -2.1313624416    -0.0005809485
    9      H       1.8203873141    -1.3762455052     0.8803769185
   10      H       1.8232893588    -1.3762404127    -0.8771118376
 ----------------------------------------------------------------
 Nuclear Repulsion Energy =   128.8894126447 hartrees
 There are       20 alpha and       20 beta electrons

                       Distance Matrix (Angstroms)
             S (  1)   C (  2)   C (  3)   C (  4)   H (  5)   H (  6)
   C (  2)  2.697313
   C (  3)  3.605994  1.460998
   C (  4)  3.606016  1.460999  2.600656
   H (  5)  4.344220  2.105485  1.103572  2.894623
   H (  6)  4.346064  2.105800  1.103554  2.893966  1.757492
   H (  7)  3.407945  2.131705  1.089253  3.503194  1.792105  1.792264
   H (  8)  3.407989  2.131710  3.503198  1.089254  3.866196  3.865918
   H (  9)  4.344911  2.105595  2.894327  1.103567  2.753199  3.265323
   H ( 10)  4.345414  2.105689  2.894258  1.103559  3.266655  2.752401
             H (  7)   H (  8)   H (  9)
   H (  8)  4.262735
   H (  9)  3.866306  1.792162
   H ( 10)  3.865799  1.792208  1.757491
 
 Applying Cartesian multipole field
    Component          Value
    ---------          -----
     (2,0,0)        1.00000E-11
     (0,2,0)        2.00000E-11
     (0,0,2)       -3.00000E-10
 Nucleus-field energy     =     0.0000000032 hartrees
 Requested basis set is 6-31G(d,p)
 There are 35 shells and 94 basis functions
 A cutoff of  1.0D-14 yielded    601 shell pairs
 There are      4472 function pairs
 Smallest overlap matrix eigenvalue = 6.29E-03
 Guess from superposition of atomic densities
 Warning:  Energy on first SCF cycle will be non-variational
 SAD guess density has 40.000000 electrons

 -----------------------------------------------------------------------
  General SCF calculation program by
  Eric Jon Sundstrom, Paul Horn, Yuezhi Mao, Dmitri Zuev, Alec White,
  David Stuck, Shaama M.S., Shane Yost, Joonho Lee, David Small,
  Daniel Levine, Susi Lehtola, Hugh Burton, Evgeny Epifanovsky
 -----------------------------------------------------------------------
 Exchange:     0.2000 Hartree-Fock + 0.0800 Slater + 0.7200 B88
 Correlation:  0.1900 VWN1RPA + 0.8100 LYP
 Using SG-1 standard quadrature grid
 using 12 threads for integral computing
 -------------------------------------------------------
 OpenMP Integral computing Module                
 Release: version 1.0, May 2013, Q-Chem Inc. Pittsburgh 
 -------------------------------------------------------
 -------------------------------------------------------
 OpenMP BLAS3 based DFT computing Module                
 Release: version 1.0, May 2013, Q-Chem Inc. Pittsburgh 
 -------------------------------------------------------
 A unrestricted SCF calculation will be
 performed using DIIS
 SCF converges when DIIS error is below 1.0e-06
 Alpha HF Exchange    Energy =  -4.24287126182292
 Beta HF Exchange     Energy =  -4.24287126182292
 DFT Correlation      Energy =  -1.79016291121638
 DFT Exchange         Energy = -33.43310203212041
 One-Electron (alpha) Energy = -479.88873174950646
 One-Electron (beta)  Energy = -479.88873174950646
 Total Coulomb        Energy = 358.41565469847569
 ---------------------------------------
  Cycle       Energy         DIIS error
 ---------------------------------------
    1    -516.1814036195      2.92e-02  
 Alpha HF Exchange    Energy =  -4.26765179024914
 Beta HF Exchange     Energy =  -4.26765179024914
 DFT Correlation      Energy =  -1.81251407491970
 DFT Exchange         Energy = -33.89402793530341
 One-Electron (alpha) Energy = -482.99387469731357
 One-Electron (beta)  Energy = -482.99387469731352
 Total Coulomb        Energy = 365.62386884728517
    2    -515.7163134901      5.65e-03  
 Alpha HF Exchange    Energy =  -4.26525411993654
 Beta HF Exchange     Energy =  -4.26525411993654
 DFT Correlation      Energy =  -1.80986392668660
 DFT Exchange         Energy = -33.81679811557520
 One-Electron (alpha) Energy = -479.89530680471165
 One-Electron (beta)  Energy = -479.89530680471177
 Total Coulomb        Energy = 361.25110155851650
    3    -513.8072696851      1.62e-02  
 Alpha HF Exchange    Energy =  -4.22222268742496
 Beta HF Exchange     Energy =  -4.22222268742496
 DFT Correlation      Energy =  -1.79493079537089
 DFT Exchange         Energy = -33.54724317077447
 One-Electron (alpha) Energy = -480.31706782791241
 One-Electron (beta)  Energy = -480.31706782791241
 Total Coulomb        Energy = 359.61728454576235
    4    -515.9140578031      2.45e-03  
 Alpha HF Exchange    Energy =  -4.23895524303940
 Beta HF Exchange     Energy =  -4.23895524303940
 DFT Correlation      Energy =  -1.80604920937482
 DFT Exchange         Energy = -33.71880968295922
 One-Electron (alpha) Energy = -481.33387474377059
 One-Electron (beta)  Energy = -481.33387474377071
 Total Coulomb        Energy = 361.91352855813807
    5    -515.8675776598      3.51e-03  
 Alpha HF Exchange    Energy =  -4.23833079874724
 Beta HF Exchange     Energy =  -4.23833079874724
 DFT Correlation      Energy =  -1.80361256210985
 DFT Exchange         Energy = -33.69470068833193
 One-Electron (alpha) Energy = -481.40026044386224
 One-Electron (beta)  Energy = -481.40026044386241
 Total Coulomb        Energy = 361.94381647436978
    6    -515.9422666133      5.28e-04  
 Alpha HF Exchange    Energy =  -4.23666949443103
 Beta HF Exchange     Energy =  -4.23666949443104
 DFT Correlation      Energy =  -1.80288411092657
 DFT Exchange         Energy = -33.68006542976106
 One-Electron (alpha) Energy = -481.23086670015510
 One-Electron (beta)  Energy = -481.23086670015527
 Total Coulomb        Energy = 361.58719238813921
    7    -515.9414168937      5.80e-04  
 Alpha HF Exchange    Energy =  -4.23759189415538
 Beta HF Exchange     Energy =  -4.23759189415538
 DFT Correlation      Energy =  -1.80283040531734
 DFT Exchange         Energy = -33.68313920925943
 One-Electron (alpha) Energy = -481.30333275298256
 One-Electron (beta)  Energy = -481.30333275298221
 Total Coulomb        Energy = 361.73460835477164
    8    -515.9437979061      7.96e-05  
 Alpha HF Exchange    Energy =  -4.23782646725811
 Beta HF Exchange     Energy =  -4.23782646725811
 DFT Correlation      Energy =  -1.80279432716075
 DFT Exchange         Energy = -33.68350046176263
 One-Electron (alpha) Energy = -481.31183049496855
 One-Electron (beta)  Energy = -481.31183049496872
 Total Coulomb        Energy = 361.75235574806788
    9    -515.9438403173      3.35e-05  
 Alpha HF Exchange    Energy =  -4.23783241556331
 Beta HF Exchange     Energy =  -4.23783241556331
 DFT Correlation      Energy =  -1.80280007274717
 DFT Exchange         Energy = -33.68355008374628
 One-Electron (alpha) Energy = -481.31121053655704
 One-Electron (beta)  Energy = -481.31121053655710
 Total Coulomb        Energy = 361.75117764098320
   10    -515.9438457718      1.87e-05  
 Alpha HF Exchange    Energy =  -4.23783686788852
 Beta HF Exchange     Energy =  -4.23783686788852
 DFT Correlation      Energy =  -1.80280255336718
 DFT Exchange         Energy = -33.68356960256695
 One-Electron (alpha) Energy = -481.31025284088059
 One-Electron (beta)  Energy = -481.31025284088031
 Total Coulomb        Energy = 361.74929110471805
   11    -515.9438478208      7.67e-06  
 Alpha HF Exchange    Energy =  -4.23784069463833
 Beta HF Exchange     Energy =  -4.23784069463834
 DFT Correlation      Energy =  -1.80280414607784
 DFT Exchange         Energy = -33.68357968841936
 One-Electron (alpha) Energy = -481.30963176523096
 One-Electron (beta)  Energy = -481.30963176523142
 Total Coulomb        Energy = 361.74806786867066
   12    -515.9438482376      7.74e-08  Convergence criterion met
 ---------------------------------------
 SCF time:   CPU 24.07s  wall 2.00s 
<S^2> =         -0.000000000
 Alpha HF Exchange    Energy =  -4.23784069463833
 Beta HF Exchange     Energy =  -4.23784069463834
 DFT Correlation      Energy =  -1.80280414607784
 DFT Exchange         Energy = -33.68357968841936
 One-Electron (alpha) Energy = -481.30963176523096
 One-Electron (beta)  Energy = -481.30963176523142
 Total Coulomb        Energy = 361.74806786867066
 Nuclear repulsion Energy = 128.88941264797174
 SCF   energy in the final basis set =     -515.9438482376
 Total energy in the final basis set =     -515.9438482376
 
 --------------------------------------------------------------
 
                    Orbital Energies (a.u.)
 --------------------------------------------------------------
 
 Alpha MOs
 -- Occupied --
-88.853 -10.311 -10.233 -10.233  -7.906  -5.876  -5.865  -5.861
 -0.840  -0.750  -0.602  -0.573  -0.481  -0.477  -0.464  -0.437
 -0.417  -0.264  -0.202  -0.196
 -- Virtual --
 -0.130  -0.106   0.068   0.114   0.131   0.132   0.137   0.160
  0.196   0.265   0.347   0.407   0.408   0.427   0.452   0.536
  0.537   0.538   0.577   0.631   0.639   0.673   0.697   0.768
  0.777   0.826   0.826   0.841   0.846   0.847   0.859   0.874
  0.882   0.909   1.006   1.236   1.247   1.304   1.345   1.452
  1.543   1.808   1.836   1.856   1.883   1.884   1.987   1.989
  2.029   2.056   2.056   2.057   2.221   2.293   2.320   2.508
  2.551   2.564   2.641   2.674   2.790   2.810   2.892   2.905
  3.126   3.164   3.343   3.371   3.380   3.418   3.935   4.054
  4.431   4.493
 
 Beta MOs
 -- Occupied --
-88.853 -10.311 -10.233 -10.233  -7.906  -5.876  -5.865  -5.861
 -0.840  -0.750  -0.602  -0.573  -0.481  -0.477  -0.464  -0.437
 -0.417  -0.264  -0.202  -0.196
 -- Virtual --
 -0.130  -0.106   0.068   0.114   0.131   0.132   0.137   0.160
  0.196   0.265   0.347   0.407   0.408   0.427   0.452   0.536
  0.537   0.538   0.577   0.631   0.639   0.673   0.697   0.768
  0.777   0.826   0.826   0.841   0.846   0.847   0.859   0.874
  0.882   0.909   1.006   1.236   1.247   1.304   1.345   1.452
  1.543   1.808   1.836   1.856   1.883   1.884   1.987   1.989
  2.029   2.056   2.056   2.057   2.221   2.293   2.320   2.508
  2.551   2.564   2.641   2.674   2.790   2.810   2.892   2.905
  3.126   3.164   3.343   3.371   3.380   3.418   3.935   4.054
  4.431   4.493
 --------------------------------------------------------------
 
          Ground-State Mulliken Net Atomic Charges

     Atom                 Charge (a.u.)    Spin (a.u.)
  --------------------------------------------------------
      1 S                    -0.361185      -0.000000
      2 C                     0.111301       0.000000
      3 C                    -0.378739      -0.000000
      4 C                    -0.378741      -0.000000
      5 H                     0.155933       0.000000
      6 H                     0.155794       0.000000
      7 H                     0.191954       0.000000
      8 H                     0.191954      -0.000000
      9 H                     0.155881       0.000000
     10 H                     0.155848       0.000000
  --------------------------------------------------------
  Sum of atomic charges =     0.000000
  Sum of spin   charges =    -0.000000

 -----------------------------------------------------------------
                    Cartesian Multipole Moments
 -----------------------------------------------------------------
    Charge (ESU x 10^10)
                -0.0000
    Dipole Moment (Debye)
         X       6.5581      Y       0.0007      Z       0.0092
       Tot       6.5581
    Quadrupole Moments (Debye-Ang)
        XX     -35.8760     XY      -0.0008     YY     -30.6977
        XZ      -0.0076     YZ       0.0007     ZZ     -33.5200
    Octopole Moments (Debye-Ang^2)
       XXX      42.9879    XXY       0.0018    XYY      18.1706
       YYY       0.0083    XXZ       0.0485    XYZ       0.0016
       YYZ       0.0532    XZZ      16.0097    YZZ       0.0027
       ZZZ       0.1640
    Hexadecapole Moments (Debye-Ang^3)
      XXXX    -562.2709   XXXY      -0.0158   XXYY    -138.0450
      XYYY      -0.0225   YYYY    -199.1142   XXXZ      -0.3595
      XXYZ       0.0031   XYYZ      -0.1315   YYYZ      -0.0004
      XXZZ    -105.8949   XYZZ      -0.0064   YYZZ     -43.8810
      XZZZ      -0.3732   YZZZ       0.0073   ZZZZ     -53.2458
 -----------------------------------------------------------------
 Calculating analytic gradient of the SCF energy
 Gradient of SCF Energy
            1           2           3           4           5           6
    1  -0.0709573   0.0707778   0.0003651   0.0003656  -0.0001334  -0.0001368
    2  -0.0000073   0.0000072   0.0008028  -0.0008028   0.0000392   0.0000368
    3  -0.0000883   0.0000848   0.0000043   0.0000017  -0.0000727   0.0000706
            7           8           9          10
    1  -0.0000057  -0.0000054  -0.0001347  -0.0001352
    2  -0.0001930   0.0001929  -0.0000384  -0.0000373
    3  -0.0000003  -0.0000002  -0.0000717   0.0000717
 Max gradient component =       7.096E-02
 RMS gradient           =       1.830E-02
 Gradient time:  CPU 6.91 s  wall 0.58 s
 Geometry Optimization Parameters
   NAtoms,    NIC,     NZ,  NCons,   NDum,   NFix, NCnnct, MaxDiis
       10      56       0       1       0       0       0       0

 Cartesian Hessian Update
 Hessian Updated using BFGS Update
**WARNING** Hereditary positive definiteness endangered


** CONSTRAINED OPTIMIZATION IN DELOCALIZED INTERNAL COORDINATES **
   Searching for a Minimum

   Optimization Cycle:   2

                       Coordinates (Angstroms)
     ATOM                X               Y               Z
      1  S        -2.2049291266   -0.0002502513   -0.0037686844
      2  C         0.4923822173    0.0000117433   -0.0004466071
      3  C         1.1583214976    1.3004118382    0.0004306194
      4  C         1.1586035053   -1.3002441686    0.0005324481
      5  H         1.8190920739    1.3769529090    0.8809958304
      6  H         1.8239823581    1.3761607773   -0.8764891978
      7  H         0.4540692903    2.1313725115   -0.0017305411
      8  H         0.4545335113   -2.1313624416   -0.0005809485
      9  H         1.8203873141   -1.3762455052    0.8803769185
     10  H         1.8232893588   -1.3762404127   -0.8771118376
   Point Group: c1    Number of degrees of freedom:    24


   Energy is   -515.943848238

              Constraints and their Current Values
                                        Value     Constraint
   Distance(Angs):        1   2             2.697313     2.700000
 Hessian Updated using BFGS Update
**WARNING** Hereditary positive definiteness endangered

   Using Lagrange Multiplier Algorithm


 21 Hessian modes will be used to form the next step
  Hessian Eigenvalues:
    -1.021705    0.045000    0.045000    0.045000    0.092178    0.092178
     0.096422    0.096463    0.159905    0.159999    0.249457    0.250000
     0.332861    0.332906    0.332914    0.332921    0.348940    0.348974
     0.367805    0.368402    0.978817

 Minimum Search - Taking P-RFO Step
 Searching for Lamda that Maximizes Along the Constraint modes Only
 Value Taken    Lamda =   0.00002253
 Searching for Lamda that Minimizes Along All other modes
 Value Taken    Lamda =  -0.00014953
 Step Taken.  Stepsize is  0.007637

                             Maximum     Tolerance    Cnvgd?
         Gradient            0.011676       0.000300      NO
         Displacement        0.011931       0.001200      NO
         Energy change      0.013777       0.000001      NO


 New Cartesian Coordinates Obtained by Inverse Iteration

 Displacement from previous Coordinates is:  0.018178
 ----------------------------------------------------------------
             Standard Nuclear Orientation (Angstroms)
    I     Atom           X                Y                Z
 ----------------------------------------------------------------
    1      S      -2.2092364625    -0.0002480808    -0.0037613704
    2      C       0.4907608584     0.0000109252    -0.0004572771
    3      C       1.1581223807     1.2985962421     0.0004205170
    4      C       1.1584047457    -1.2984292982     0.0005281516
    5      H       1.8195187438     1.3733001289     0.8809515300
    6      H       1.8244510982     1.3725371902    -0.8764274059
    7      H       0.4563359610     2.1319345593    -0.0017347286
    8      H       0.4568018099    -2.1319252180    -0.0005677122
    9      H       1.8208378494    -1.3725947090     0.8803194109
   10      H       1.8237350154    -1.3726147397    -0.8770631154
 ----------------------------------------------------------------
 Nuclear Repulsion Energy =   128.8686908491 hartrees
 There are       20 alpha and       20 beta electrons

                       Distance Matrix (Angstroms)
             S (  1)   C (  2)   C (  3)   C (  4)   H (  5)   H (  6)
   C (  2)  2.699999
   C (  3)  3.609172  1.460033
   C (  4)  3.609197  1.460033  2.597026
   H (  5)  4.347438  2.104377  1.103794  2.889698
   H (  6)  4.349336  2.104728  1.103777  2.889071  1.757386
   H (  7)  3.413427  2.132202  1.089478  3.501471  1.792464  1.792627
   H (  8)  3.413476  2.132207  3.501475  1.089478  3.862729  3.862493
   H (  9)  4.348153  2.104500  2.889407  1.103789  2.745895  3.259129
   H ( 10)  4.348667  2.104604  2.889357  1.103782  3.260473  2.745152
             H (  7)   H (  8)   H (  9)
   H (  8)  4.263860
   H (  9)  3.862850  1.792523
   H ( 10)  3.862363  1.792569  1.757385
 
 Applying Cartesian multipole field
    Component          Value
    ---------          -----
     (2,0,0)        1.00000E-11
     (0,2,0)        2.00000E-11
     (0,0,2)       -3.00000E-10
 Nucleus-field energy     =     0.0000000032 hartrees
 Requested basis set is 6-31G(d,p)
 There are 35 shells and 94 basis functions
 A cutoff of  1.0D-14 yielded    601 shell pairs
 There are      4472 function pairs
 Smallest overlap matrix eigenvalue = 6.27E-03
 Guess from superposition of atomic densities
 Warning:  Energy on first SCF cycle will be non-variational
 SAD guess density has 40.000000 electrons

 -----------------------------------------------------------------------
  General SCF calculation program by
  Eric Jon Sundstrom, Paul Horn, Yuezhi Mao, Dmitri Zuev, Alec White,
  David Stuck, Shaama M.S., Shane Yost, Joonho Lee, David Small,
  Daniel Levine, Susi Lehtola, Hugh Burton, Evgeny Epifanovsky
 -----------------------------------------------------------------------
 Exchange:     0.2000 Hartree-Fock + 0.0800 Slater + 0.7200 B88
 Correlation:  0.1900 VWN1RPA + 0.8100 LYP
 Using SG-1 standard quadrature grid
 using 12 threads for integral computing
 -------------------------------------------------------
 OpenMP Integral computing Module                
 Release: version 1.0, May 2013, Q-Chem Inc. Pittsburgh 
 -------------------------------------------------------
 -------------------------------------------------------
 OpenMP BLAS3 based DFT computing Module                
 Release: version 1.0, May 2013, Q-Chem Inc. Pittsburgh 
 -------------------------------------------------------
 A unrestricted SCF calculation will be
 performed using DIIS
 SCF converges when DIIS error is below 1.0e-06
 Alpha HF Exchange    Energy =  -4.24300808928065
 Beta HF Exchange     Energy =  -4.24300808928065
 DFT Correlation      Energy =  -1.79018241350531
 DFT Exchange         Energy = -33.43335332504935
 One-Electron (alpha) Energy = -479.86767846401960
 One-Electron (beta)  Energy = -479.86767846401960
 Total Coulomb        Energy = 358.39330930690431
 ---------------------------------------
  Cycle       Energy         DIIS error
 ---------------------------------------
    1    -516.1829086859      2.92e-02  
 Alpha HF Exchange    Energy =  -4.26766330112618
 Beta HF Exchange     Energy =  -4.26766330112617
 DFT Correlation      Energy =  -1.81253814095606
 DFT Exchange         Energy = -33.89426915028883
 One-Electron (alpha) Energy = -482.97353106441597
 One-Electron (beta)  Energy = -482.97353106441585
 Total Coulomb        Energy = 365.60431279431305
    2    -515.7161923757      5.65e-03  
 Alpha HF Exchange    Energy =  -4.26522059267267
 Beta HF Exchange     Energy =  -4.26522059267267
 DFT Correlation      Energy =  -1.80984886214534
 DFT Exchange         Energy = -33.81649792082428
 One-Electron (alpha) Energy = -479.87124818180956
 One-Electron (beta)  Energy = -479.87124818180956
 Total Coulomb        Energy = 361.22202595029768
    3    -513.8085675293      1.62e-02  
 Alpha HF Exchange    Energy =  -4.22226764322247
 Beta HF Exchange     Energy =  -4.22226764322247
 DFT Correlation      Energy =  -1.79493067557507
 DFT Exchange         Energy = -33.54743359314519
 One-Electron (alpha) Energy = -480.29412832617584
 One-Electron (beta)  Energy = -480.29412832617572
 Total Coulomb        Energy = 359.59295448285587
    4    -515.9135108723      2.46e-03  
 Alpha HF Exchange    Energy =  -4.23899363638001
 Beta HF Exchange     Energy =  -4.23899363638001
 DFT Correlation      Energy =  -1.80605835175968
 DFT Exchange         Energy = -33.71906740308161
 One-Electron (alpha) Energy = -481.31225196513384
 One-Electron (beta)  Energy = -481.31225196513361
 Total Coulomb        Energy = 361.89173321885505
    5    -515.8671928867      3.51e-03  
 Alpha HF Exchange    Energy =  -4.23839042158502
 Beta HF Exchange     Energy =  -4.23839042158501
 DFT Correlation      Energy =  -1.80362439721376
 DFT Exchange         Energy = -33.69502888317848
 One-Electron (alpha) Energy = -481.37885159973382
 One-Electron (beta)  Energy = -481.37885159973354
 Total Coulomb        Energy = 361.92251952320345
    6    -515.9419269475      5.25e-04  
 Alpha HF Exchange    Energy =  -4.23672985534647
 Beta HF Exchange     Energy =  -4.23672985534647
 DFT Correlation      Energy =  -1.80289491980201
 DFT Exchange         Energy = -33.68038700810847
 One-Electron (alpha) Energy = -481.20927489529981
 One-Electron (beta)  Energy = -481.20927489529993
 Total Coulomb        Energy = 361.56552518224089
    7    -515.9410753946      5.78e-04  
 Alpha HF Exchange    Energy =  -4.23765355533081
 Beta HF Exchange     Energy =  -4.23765355533081
 DFT Correlation      Energy =  -1.80284227642261
 DFT Exchange         Energy = -33.68346957310311
 One-Electron (alpha) Energy = -481.28169319914173
 One-Electron (beta)  Energy = -481.28169319914173
 Total Coulomb        Energy = 361.71287063203062
    8    -515.9434438741      7.88e-05  
 Alpha HF Exchange    Energy =  -4.23788893719223
 Beta HF Exchange     Energy =  -4.23788893719223
 DFT Correlation      Energy =  -1.80280621590814
 DFT Exchange         Energy = -33.68383006275727
 One-Electron (alpha) Energy = -481.29012633764228
 One-Electron (beta)  Energy = -481.29012633764239
 Total Coulomb        Energy = 361.73049053241130
    9    -515.9434854436      3.38e-05  
 Alpha HF Exchange    Energy =  -4.23789508747361
 Beta HF Exchange     Energy =  -4.23789508747362
 DFT Correlation      Energy =  -1.80281196287713
 DFT Exchange         Energy = -33.68388019469300
 One-Electron (alpha) Energy = -481.28949737279481
 One-Electron (beta)  Energy = -481.28949737279515
 Total Coulomb        Energy = 361.72929522949642
   10    -515.9434909963      1.89e-05  
 Alpha HF Exchange    Energy =  -4.23789979018563
 Beta HF Exchange     Energy =  -4.23789979018562
 DFT Correlation      Energy =  -1.80281447134534
 DFT Exchange         Energy = -33.68390043096863
 One-Electron (alpha) Energy = -481.28852548020046
 One-Electron (beta)  Energy = -481.28852548020018
 Total Coulomb        Energy = 361.72738148997712
   11    -515.9434931008      7.71e-06  
 Alpha HF Exchange    Energy =  -4.23790377008827
 Beta HF Exchange     Energy =  -4.23790377008827
 DFT Correlation      Energy =  -1.80281606639523
 DFT Exchange         Energy = -33.68391083350348
 One-Electron (alpha) Energy = -481.28790127267490
 One-Electron (beta)  Energy = -481.28790127267507
 Total Coulomb        Energy = 361.72615260979478
   12    -515.9434935233      7.53e-08  Convergence criterion met
 ---------------------------------------
 SCF time:   CPU 23.81s  wall 2.00s 
<S^2> =         -0.000000000
 Alpha HF Exchange    Energy =  -4.23790377008827
 Beta HF Exchange     Energy =  -4.23790377008827
 DFT Correlation      Energy =  -1.80281606639523
 DFT Exchange         Energy = -33.68391083350348
 One-Electron (alpha) Energy = -481.28790127267490
 One-Electron (beta)  Energy = -481.28790127267507
 Total Coulomb        Energy = 361.72615260979478
 Nuclear repulsion Energy = 128.86869085235489
 SCF   energy in the final basis set =     -515.9434935233
 Total energy in the final basis set =     -515.9434935233
 
 --------------------------------------------------------------
 
                    Orbital Energies (a.u.)
 --------------------------------------------------------------
 
 Alpha MOs
 -- Occupied --
-88.853 -10.311 -10.233 -10.233  -7.906  -5.876  -5.865  -5.861
 -0.840  -0.750  -0.602  -0.573  -0.481  -0.477  -0.465  -0.437
 -0.417  -0.264  -0.202  -0.196
 -- Virtual --
 -0.130  -0.107   0.068   0.114   0.131   0.132   0.137   0.160
  0.197   0.266   0.347   0.407   0.407   0.427   0.453   0.536
  0.537   0.538   0.576   0.631   0.638   0.673   0.698   0.769
  0.777   0.826   0.826   0.841   0.846   0.847   0.859   0.873
  0.882   0.909   1.006   1.235   1.247   1.306   1.344   1.451
  1.542   1.809   1.835   1.857   1.884   1.885   1.986   1.989
  2.029   2.056   2.056   2.058   2.222   2.293   2.320   2.508
  2.551   2.565   2.641   2.674   2.789   2.809   2.892   2.905
  3.125   3.163   3.343   3.370   3.380   3.419   3.935   4.054
  4.431   4.493
 
 Beta MOs
 -- Occupied --
-88.853 -10.311 -10.233 -10.233  -7.906  -5.876  -5.865  -5.861
 -0.840  -0.750  -0.602  -0.573  -0.481  -0.477  -0.465  -0.437
 -0.417  -0.264  -0.202  -0.196
 -- Virtual --
 -0.130  -0.107   0.068   0.114   0.131   0.132   0.137   0.160
  0.197   0.266   0.347   0.407   0.407   0.427   0.453   0.536
  0.537   0.538   0.576   0.631   0.638   0.673   0.698   0.769
  0.777   0.826   0.826   0.841   0.846   0.847   0.859   0.873
  0.882   0.909   1.006   1.235   1.247   1.306   1.344   1.451
  1.542   1.809   1.835   1.857   1.884   1.885   1.986   1.989
  2.029   2.056   2.056   2.058   2.222   2.293   2.320   2.508
  2.551   2.565   2.641   2.674   2.789   2.809   2.892   2.905
  3.125   3.163   3.343   3.370   3.380   3.419   3.935   4.054
  4.431   4.493
 --------------------------------------------------------------
 
          Ground-State Mulliken Net Atomic Charges

     Atom                 Charge (a.u.)    Spin (a.u.)
  --------------------------------------------------------
      1 S                    -0.361279       0.000000
      2 C                     0.111834      -0.000000
      3 C                    -0.378839       0.000000
      4 C                    -0.378841      -0.000000
      5 H                     0.155939      -0.000000
      6 H                     0.155798      -0.000000
      7 H                     0.191826       0.000000
      8 H                     0.191825       0.000000
      9 H                     0.155886      -0.000000
     10 H                     0.155852       0.000000
  --------------------------------------------------------
  Sum of atomic charges =    -0.000000
  Sum of spin   charges =     0.000000

 -----------------------------------------------------------------
                    Cartesian Multipole Moments
 -----------------------------------------------------------------
    Charge (ESU x 10^10)
                -0.0000
    Dipole Moment (Debye)
         X       6.5701      Y       0.0007      Z       0.0092
       Tot       6.5701
    Quadrupole Moments (Debye-Ang)
        XX     -35.8955     XY      -0.0008     YY     -30.7080
        XZ      -0.0076     YZ       0.0007     ZZ     -33.5238
    Octopole Moments (Debye-Ang^2)
       XXX      43.2269    XXY       0.0018    XYY      18.2321
       YYY       0.0082    XXZ       0.0484    XYZ       0.0016
       YYZ       0.0531    XZZ      16.0956    YZZ       0.0027
       ZZZ       0.1641
    Hexadecapole Moments (Debye-Ang^3)
      XXXX    -563.6898   XXXY      -0.0157   XXYY    -138.3169
      XYYY      -0.0223   YYYY    -198.6565   XXXZ      -0.3590
      XXYZ       0.0031   XYYZ      -0.1316   YYYZ      -0.0004
      XXZZ    -106.2074   XYZZ      -0.0063   YYZZ     -43.8321
      XZZZ      -0.3729   YZZZ       0.0075   ZZZZ     -53.2595
 -----------------------------------------------------------------
 Calculating analytic gradient of the SCF energy
 Gradient of SCF Energy
            1           2           3           4           5           6
    1  -0.0706924   0.0708881   0.0000826   0.0000827  -0.0000581  -0.0000596
    2  -0.0000072   0.0000070   0.0001541  -0.0001542  -0.0000066  -0.0000071
    3  -0.0000874   0.0000857   0.0000037   0.0000017   0.0000061  -0.0000089
            7           8           9          10
    1  -0.0000632  -0.0000628  -0.0000588  -0.0000585
    2  -0.0000500   0.0000499   0.0000068   0.0000072
    3  -0.0000004  -0.0000004   0.0000075  -0.0000076
 Max gradient component =       7.089E-02
 RMS gradient           =       1.828E-02
 Gradient time:  CPU 6.74 s  wall 0.56 s
 Geometry Optimization Parameters
   NAtoms,    NIC,     NZ,  NCons,   NDum,   NFix, NCnnct, MaxDiis
       10      56       0       1       0       0       0       0

 Cartesian Hessian Update
 Hessian Updated using BFGS Update


** CONSTRAINED OPTIMIZATION IN DELOCALIZED INTERNAL COORDINATES **
   Searching for a Minimum

   Optimization Cycle:   3

                       Coordinates (Angstroms)
     ATOM                X               Y               Z
      1  S        -2.2092364625   -0.0002480808   -0.0037613704
      2  C         0.4907608584    0.0000109252   -0.0004572771
      3  C         1.1581223807    1.2985962421    0.0004205170
      4  C         1.1584047457   -1.2984292982    0.0005281516
      5  H         1.8195187438    1.3733001289    0.8809515300
      6  H         1.8244510982    1.3725371902   -0.8764274059
      7  H         0.4563359610    2.1319345593   -0.0017347286
      8  H         0.4568018099   -2.1319252180   -0.0005677122
      9  H         1.8208378494   -1.3725947090    0.8803194109
     10  H         1.8237350154   -1.3726147397   -0.8770631154
   Point Group: c1    Number of degrees of freedom:    24


   Energy is   -515.943493523

              Constraints and their Current Values
                                        Value     Constraint
   Distance(Angs):        1   2             2.699999     2.700000
 Hessian Updated using BFGS Update

   Using Lagrange Multiplier Algorithm


 22 Hessian modes will be used to form the next step
  Hessian Eigenvalues:
    -1.017439    0.044997    0.045000    0.045000    0.078697    0.092178
     0.092179    0.096463    0.135461    0.160000    0.163262    0.198254
     0.250000    0.332901    0.332910    0.332920    0.332982    0.348974
     0.349988    0.368402    0.453456    0.984324

 Minimum Search - Taking P-RFO Step
 Searching for Lamda that Maximizes Along the Constraint modes Only
 Value Taken    Lamda =   0.00000000
 Searching for Lamda that Minimizes Along All other modes
 Value Taken    Lamda =  -0.00000211
 Step Taken.  Stepsize is  0.004596

                             Maximum     Tolerance    Cnvgd?
         Gradient            0.000395       0.000300      NO
         Displacement        0.003345       0.001200      NO
         Energy change      0.000355       0.000001      NO


 New Cartesian Coordinates Obtained by Inverse Iteration

 Displacement from previous Coordinates is:  0.011998
 ----------------------------------------------------------------
             Standard Nuclear Orientation (Angstroms)
    I     Atom           X                Y                Z
 ----------------------------------------------------------------
    1      S      -2.2112350507    -0.0002449067    -0.0037444116
    2      C       0.4887629525     0.0000099389    -0.0004706068
    3      C       1.1577045250     1.2975974024     0.0004094762
    4      C       1.1579877425    -1.2974313562     0.0005207572
    5      H       1.8197139401     1.3710717857     0.8807069327
    6      H       1.8247064972     1.3703252279    -0.8761493645
    7      H       0.4582989631     2.1329509212    -0.0017492672
    8      H       0.4587671157    -2.1329428355    -0.0005530389
    9      H       1.8210703959    -1.3703616232     0.8800486704
   10      H       1.8239549188    -1.3704075545    -0.8768111476
 ----------------------------------------------------------------
 Nuclear Repulsion Energy =   128.8649179023 hartrees
 There are       20 alpha and       20 beta electrons

                       Distance Matrix (Angstroms)
             S (  1)   C (  2)   C (  3)   C (  4)   H (  5)   H (  6)
   C (  2)  2.700000
   C (  3)  3.610286  1.459869
   C (  4)  3.610315  1.459869  2.595029
   H (  5)  4.348714  2.104214  1.103892  2.886783
   H (  6)  4.350675  2.104596  1.103873  2.886172  1.756864
   H (  7)  3.417154  2.133159  1.089490  3.501013  1.792384  1.792552
   H (  8)  3.417210  2.133164  3.501017  1.089491  3.860947  3.860744
   H (  9)  4.349459  2.104347  2.886490  1.103887  2.741434  3.255090
   H ( 10)  4.349983  2.104461  2.886461  1.103879  3.256470  2.740733
             H (  7)   H (  8)   H (  9)
   H (  8)  4.265894
   H (  9)  3.861077  1.792445
   H ( 10)  3.860605  1.792492  1.756862
 
 Applying Cartesian multipole field
    Component          Value
    ---------          -----
     (2,0,0)        1.00000E-11
     (0,2,0)        2.00000E-11
     (0,0,2)       -3.00000E-10
 Nucleus-field energy     =     0.0000000032 hartrees
 Requested basis set is 6-31G(d,p)
 There are 35 shells and 94 basis functions
 A cutoff of  1.0D-14 yielded    601 shell pairs
 There are      4472 function pairs
 Smallest overlap matrix eigenvalue = 6.27E-03
 Guess from superposition of atomic densities
 Warning:  Energy on first SCF cycle will be non-variational
 SAD guess density has 40.000000 electrons

 -----------------------------------------------------------------------
  General SCF calculation program by
  Eric Jon Sundstrom, Paul Horn, Yuezhi Mao, Dmitri Zuev, Alec White,
  David Stuck, Shaama M.S., Shane Yost, Joonho Lee, David Small,
  Daniel Levine, Susi Lehtola, Hugh Burton, Evgeny Epifanovsky
 -----------------------------------------------------------------------
 Exchange:     0.2000 Hartree-Fock + 0.0800 Slater + 0.7200 B88
 Correlation:  0.1900 VWN1RPA + 0.8100 LYP
 Using SG-1 standard quadrature grid
 using 12 threads for integral computing
 -------------------------------------------------------
 OpenMP Integral computing Module                
 Release: version 1.0, May 2013, Q-Chem Inc. Pittsburgh 
 -------------------------------------------------------
 -------------------------------------------------------
 OpenMP BLAS3 based DFT computing Module                
 Release: version 1.0, May 2013, Q-Chem Inc. Pittsburgh 
 -------------------------------------------------------
 A unrestricted SCF calculation will be
 performed using DIIS
 SCF converges when DIIS error is below 1.0e-06
 Alpha HF Exchange    Energy =  -4.24303634746038
 Beta HF Exchange     Energy =  -4.24303634746038
 DFT Correlation      Energy =  -1.79019063790286
 DFT Exchange         Energy = -33.43339573663243
 One-Electron (alpha) Energy = -479.86393218211492
 One-Electron (beta)  Energy = -479.86393218211492
 Total Coulomb        Energy = 358.38941092190419
 ---------------------------------------
  Cycle       Energy         DIIS error
 ---------------------------------------
    1    -516.1831946062      2.92e-02  
 Alpha HF Exchange    Energy =  -4.26764965459440
 Beta HF Exchange     Energy =  -4.26764965459440
 DFT Correlation      Energy =  -1.81254469697775
 DFT Exchange         Energy = -33.89423162395058
 One-Electron (alpha) Energy = -482.96876818163742
 One-Electron (beta)  Energy = -482.96876818163724
 Total Coulomb        Energy = 365.59792719044157
    2    -515.7167668974      5.64e-03  
 Alpha HF Exchange    Energy =  -4.26517150084525
 Beta HF Exchange     Energy =  -4.26517150084525
 DFT Correlation      Energy =  -1.80982545954611
 DFT Exchange         Energy = -33.81605608044660
 One-Electron (alpha) Energy = -479.86724119685022
 One-Electron (beta)  Energy = -479.86724119685027
 Total Coulomb        Energy = 361.21322570734685
    3    -513.8125633225      1.61e-02  
 Alpha HF Exchange    Energy =  -4.22233150986236
 Beta HF Exchange     Energy =  -4.22233150986236
 DFT Correlation      Energy =  -1.79492336960835
 DFT Exchange         Energy = -33.54757157235080
 One-Electron (alpha) Energy = -480.29177858809652
 One-Electron (beta)  Energy = -480.29177858809663
 Total Coulomb        Energy = 359.59272662029343
    4    -515.9130706120      2.47e-03  
 Alpha HF Exchange    Energy =  -4.23898203455252
 Beta HF Exchange     Energy =  -4.23898203455251
 DFT Correlation      Energy =  -1.80605055740393
 DFT Exchange         Energy = -33.71888087148323
 One-Electron (alpha) Energy = -481.30612092856012
 One-Electron (beta)  Energy = -481.30612092855972
 Total Coulomb        Energy = 361.88317220730823
    5    -515.8670472422      3.51e-03  
 Alpha HF Exchange    Energy =  -4.23842068371067
 Beta HF Exchange     Energy =  -4.23842068371067
 DFT Correlation      Energy =  -1.80362609932555
 DFT Exchange         Energy = -33.69510691541403
 One-Electron (alpha) Energy = -481.37529436132468
 One-Electron (beta)  Energy = -481.37529436132462
 Total Coulomb        Energy = 361.91928669914307
    6    -515.9419585001      5.21e-04  
 Alpha HF Exchange    Energy =  -4.23675266700564
 Beta HF Exchange     Energy =  -4.23675266700564
 DFT Correlation      Energy =  -1.80289627677682
 DFT Exchange         Energy = -33.68043669668249
 One-Electron (alpha) Energy = -481.20510026596099
 One-Electron (beta)  Energy = -481.20510026596105
 Total Coulomb        Energy = 361.56103432709409
    7    -515.9410866067      5.77e-04  
 Alpha HF Exchange    Energy =  -4.23767685445772
 Beta HF Exchange     Energy =  -4.23767685445772
 DFT Correlation      Energy =  -1.80284490541608
 DFT Exchange         Energy = -33.68353241851077
 One-Electron (alpha) Energy = -481.27753955578481
 One-Electron (beta)  Energy = -481.27753955578493
 Total Coulomb        Energy = 361.70844716493264
    8    -515.9434450739      7.86e-05  
 Alpha HF Exchange    Energy =  -4.23791125269868
 Beta HF Exchange     Energy =  -4.23791125269869
 DFT Correlation      Energy =  -1.80280877699448
 DFT Exchange         Energy = -33.68388899264111
 One-Electron (alpha) Energy = -481.28590515226921
 One-Electron (beta)  Energy = -481.28590515226966
 Total Coulomb        Energy = 361.72592614887196
    9    -515.9434865251      3.37e-05  
 Alpha HF Exchange    Energy =  -4.23791754664242
 Beta HF Exchange     Energy =  -4.23791754664242
 DFT Correlation      Energy =  -1.80281448170134
 DFT Exchange         Energy = -33.68393916364376
 One-Electron (alpha) Energy = -481.28529053985596
 One-Electron (beta)  Energy = -481.28529053985608
 Total Coulomb        Energy = 361.72475990185876
   10    -515.9434920109      1.89e-05  
 Alpha HF Exchange    Energy =  -4.23792223784356
 Beta HF Exchange     Energy =  -4.23792223784357
 DFT Correlation      Energy =  -1.80281697606122
 DFT Exchange         Energy = -33.68395938330453
 One-Electron (alpha) Energy = -481.28432673849682
 One-Electron (beta)  Energy = -481.28432673849687
 Total Coulomb        Energy = 361.72286230393178
   11    -515.9434941025      7.75e-06  
 Alpha HF Exchange    Energy =  -4.23792622806188
 Beta HF Exchange     Energy =  -4.23792622806188
 DFT Correlation      Energy =  -1.80281857866648
 DFT Exchange         Energy = -33.68396985011432
 One-Electron (alpha) Energy = -481.28369878628092
 One-Electron (beta)  Energy = -481.28369878628121
 Total Coulomb        Energy = 361.72162602228013
   12    -515.9434945296      7.57e-08  Convergence criterion met
 ---------------------------------------
 SCF time:   CPU 22.67s  wall 2.00s 
<S^2> =          0.000000000
 Alpha HF Exchange    Energy =  -4.23792622806188
 Beta HF Exchange     Energy =  -4.23792622806188
 DFT Correlation      Energy =  -1.80281857866648
 DFT Exchange         Energy = -33.68396985011432
 One-Electron (alpha) Energy = -481.28369878628092
 One-Electron (beta)  Energy = -481.28369878628121
 Total Coulomb        Energy = 361.72162602228013
 Nuclear repulsion Energy = 128.86491790557358
 SCF   energy in the final basis set =     -515.9434945296
 Total energy in the final basis set =     -515.9434945296
 
 --------------------------------------------------------------
 
                    Orbital Energies (a.u.)
 --------------------------------------------------------------
 
 Alpha MOs
 -- Occupied --
-88.853 -10.311 -10.233 -10.233  -7.906  -5.876  -5.865  -5.861
 -0.840  -0.750  -0.602  -0.573  -0.481  -0.477  -0.465  -0.437
 -0.417  -0.264  -0.202  -0.196
 -- Virtual --
 -0.130  -0.107   0.068   0.114   0.131   0.132   0.137   0.160
  0.197   0.266   0.347   0.407   0.407   0.427   0.453   0.536
  0.537   0.538   0.576   0.631   0.638   0.673   0.698   0.769
  0.777   0.826   0.827   0.841   0.846   0.847   0.859   0.873
  0.882   0.909   1.006   1.234   1.247   1.307   1.344   1.451
  1.541   1.809   1.834   1.858   1.885   1.885   1.986   1.989
  2.029   2.056   2.056   2.059   2.222   2.293   2.319   2.507
  2.550   2.566   2.642   2.675   2.789   2.809   2.892   2.905
  3.124   3.163   3.342   3.370   3.380   3.419   3.935   4.055
  4.431   4.493
 
 Beta MOs
 -- Occupied --
-88.853 -10.311 -10.233 -10.233  -7.906  -5.876  -5.865  -5.861
 -0.840  -0.750  -0.602  -0.573  -0.481  -0.477  -0.465  -0.437
 -0.417  -0.264  -0.202  -0.196
 -- Virtual --
 -0.130  -0.107   0.068   0.114   0.131   0.132   0.137   0.160
  0.197   0.266   0.347   0.407   0.407   0.427   0.453   0.536
  0.537   0.538   0.576   0.631   0.638   0.673   0.698   0.769
  0.777   0.826   0.827   0.841   0.846   0.847   0.859   0.873
  0.882   0.909   1.006   1.234   1.247   1.307   1.344   1.451
  1.541   1.809   1.834   1.858   1.885   1.885   1.986   1.989
  2.029   2.056   2.056   2.059   2.222   2.293   2.319   2.507
  2.550   2.566   2.642   2.675   2.789   2.809   2.892   2.905
  3.124   3.163   3.342   3.370   3.380   3.419   3.935   4.055
  4.431   4.493
 --------------------------------------------------------------
 
          Ground-State Mulliken Net Atomic Charges

     Atom                 Charge (a.u.)    Spin (a.u.)
  --------------------------------------------------------
      1 S                    -0.360934      -0.000000
      2 C                     0.111946       0.000000
      3 C                    -0.378855      -0.000000
      4 C                    -0.378857      -0.000000
      5 H                     0.155922       0.000000
      6 H                     0.155780       0.000000
      7 H                     0.191648       0.000000
      8 H                     0.191647      -0.000000
      9 H                     0.155868       0.000000
     10 H                     0.155836       0.000000
  --------------------------------------------------------
  Sum of atomic charges =     0.000000
  Sum of spin   charges =    -0.000000

 -----------------------------------------------------------------
                    Cartesian Multipole Moments
 -----------------------------------------------------------------
    Charge (ESU x 10^10)
                 0.0000
    Dipole Moment (Debye)
         X       6.5719      Y       0.0006      Z       0.0092
       Tot       6.5719
    Quadrupole Moments (Debye-Ang)
        XX     -35.9002     XY      -0.0008     YY     -30.7122
        XZ      -0.0076     YZ       0.0007     ZZ     -33.5281
    Octopole Moments (Debye-Ang^2)
       XXX      43.3420    XXY       0.0018    XYY      18.2708
       YYY       0.0080    XXZ       0.0483    XYZ       0.0016
       YYZ       0.0529    XZZ      16.1332    YZZ       0.0026
       ZZZ       0.1638
    Hexadecapole Moments (Debye-Ang^3)
      XXXX    -564.2118   XXXY      -0.0155   XXYY    -138.4235
      XYYY      -0.0220   YYYY    -198.3756   XXXZ      -0.3575
      XXYZ       0.0031   XYYZ      -0.1311   YYYZ      -0.0005
      XXZZ    -106.3400   XYZZ      -0.0062   YYZZ     -43.8129
      XZZZ      -0.3711   YZZZ       0.0077   ZZZZ     -53.2637
 -----------------------------------------------------------------
 Calculating analytic gradient of the SCF energy
 Gradient of SCF Energy
            1           2           3           4           5           6
    1  -0.0706611   0.0708099  -0.0000974  -0.0000973   0.0000077   0.0000064
    2  -0.0000070   0.0000068  -0.0000660   0.0000659   0.0000027   0.0000034
    3  -0.0000866   0.0000857   0.0000012   0.0000010   0.0000123  -0.0000140
            7           8           9          10
    1   0.0000084   0.0000088   0.0000071   0.0000076
    2   0.0000224  -0.0000224  -0.0000028  -0.0000029
    3   0.0000001  -0.0000002   0.0000133  -0.0000129
 Max gradient component =       7.081E-02
 RMS gradient           =       1.826E-02
 Gradient time:  CPU 6.93 s  wall 0.58 s
 Geometry Optimization Parameters
   NAtoms,    NIC,     NZ,  NCons,   NDum,   NFix, NCnnct, MaxDiis
       10      56       0       1       0       0       0       0

 Cartesian Hessian Update
 Hessian Updated using BFGS Update


** CONSTRAINED OPTIMIZATION IN DELOCALIZED INTERNAL COORDINATES **
   Searching for a Minimum

   Optimization Cycle:   4

                       Coordinates (Angstroms)
     ATOM                X               Y               Z
      1  S        -2.2112350507   -0.0002449067   -0.0037444116
      2  C         0.4887629525    0.0000099389   -0.0004706068
      3  C         1.1577045250    1.2975974024    0.0004094762
      4  C         1.1579877425   -1.2974313562    0.0005207572
      5  H         1.8197139401    1.3710717857    0.8807069327
      6  H         1.8247064972    1.3703252279   -0.8761493645
      7  H         0.4582989631    2.1329509212   -0.0017492672
      8  H         0.4587671157   -2.1329428355   -0.0005530389
      9  H         1.8210703959   -1.3703616232    0.8800486704
     10  H         1.8239549188   -1.3704075545   -0.8768111476
   Point Group: c1    Number of degrees of freedom:    24


   Energy is   -515.943494530

              Constraints and their Current Values
                                        Value     Constraint
   Distance(Angs):        1   2             2.700000     2.700000
 Hessian Updated using BFGS Update

 19 Hessian modes will be used to form the next step
  Hessian Eigenvalues:
     0.044984    0.045000    0.079111    0.092178    0.092182    0.096463
     0.136933    0.160001    0.162962    0.185478    0.250000    0.332906
     0.332914    0.332921    0.333826    0.348974    0.350028    0.368402
     0.461071

 Minimum Search - Taking Simple RFO Step
 Searching for Lamda that Minimizes Along All modes
 Value Taken    Lamda =   0.00000000
 Step Taken.  Stepsize is  0.000565

                             Maximum     Tolerance    Cnvgd?
         Gradient           0.000097      0.000300     YES
         Displacement       0.000387      0.001200     YES
         Energy change     -0.000001      0.000001      NO


                       Distance Matrix (Angstroms)
             S (  1)   C (  2)   C (  3)   C (  4)   H (  5)   H (  6)
   C (  2)  2.700000
   C (  3)  3.610286  1.459869
   C (  4)  3.610315  1.459869  2.595029
   H (  5)  4.348714  2.104214  1.103892  2.886783
   H (  6)  4.350675  2.104596  1.103873  2.886172  1.756864
   H (  7)  3.417154  2.133159  1.089490  3.501013  1.792384  1.792552
   H (  8)  3.417210  2.133164  3.501017  1.089491  3.860947  3.860744
   H (  9)  4.349459  2.104347  2.886490  1.103887  2.741434  3.255090
   H ( 10)  4.349983  2.104461  2.886461  1.103879  3.256470  2.740733
             H (  7)   H (  8)   H (  9)
   H (  8)  4.265894
   H (  9)  3.861077  1.792445
   H ( 10)  3.860605  1.792492  1.756862
 
 Final energy is   -515.943494529613     


 ******************************
 **  OPTIMIZATION CONVERGED  **
 ******************************

                       Coordinates (Angstroms)
     ATOM                X               Y               Z
      1  S        -2.2112350507   -0.0002449067   -0.0037444116
      2  C         0.4887629525    0.0000099389   -0.0004706068
      3  C         1.1577045250    1.2975974024    0.0004094762
      4  C         1.1579877425   -1.2974313562    0.0005207572
      5  H         1.8197139401    1.3710717857    0.8807069327
      6  H         1.8247064972    1.3703252279   -0.8761493645
      7  H         0.4582989631    2.1329509212   -0.0017492672
      8  H         0.4587671157   -2.1329428355   -0.0005530389
      9  H         1.8210703959   -1.3703616232    0.8800486704
     10  H         1.8239549188   -1.3704075545   -0.8768111476

Z-matrix Print:
$molecule
0 1
S 
C  1 2.700000
C  2 1.459869 1 117.279460
H  3 1.089491 2 112.789899 1 0.019498 0
H  3 1.103879 2 109.558788 1 122.411018 0
H  3 1.103887 2 109.549272 1 -122.358976 0
C  2 1.459869 1 117.277763 3 -179.989009 0
H  7 1.089490 2 112.789551 1 -0.077299 0
H  7 1.103873 2 109.569847 1 -122.484249 0
H  7 1.103892 2 109.538374 1 122.285483 0
$end

PES scan, value:    2.7000 energy: -515.9434945296
------- Summary of potential scan: ------ 
    2.7000      -515.9434945296
----------------------------------------- 
Archival summary:
1\1\hpc0249\JobtypUnspecified\ProcedureUnspecified\6-31G**\136\knomura\WedMar1313:50:432019WedMar1313:50:432019\0\\#,JobtypUnspecified,ProcedureUnspecified,6-31G**,\\0,1\S\C,1,2.7\C,2,1.45987,1,117.279\H,3,1.08949,2,112.79,1,0.0194984,0\H,3,1.10388,2,109.559,1,122.411,0\H,3,1.10389,2,109.549,1,-122.359,0\C,2,1.45987,1,117.278,3,-179.989,0\H,7,1.08949,2,112.79,1,-0.0772991,0\H,7,1.10387,2,109.57,1,-122.484,0\H,7,1.10389,2,109.538,1,122.285,0\\\@

 Total job time:  12.86s(wall), 142.16s(cpu) 
 Wed Mar 13 13:50:43 2019

        *************************************************************
        *                                                           *
        *  Thank you very much for using Q-Chem.  Have a nice day.  *
        *                                                           *
        *************************************************************


