
Running Job 1 of 1 thio_ketone/CHOSx.xyz.data/inputs/bond_singlet_2.6.in
qchem thio_ketone/CHOSx.xyz.data/inputs/bond_singlet_2.6.in_3932.0 /staging/scratch/2868766/qchem3932/ 1
/usr/usc/qchem/5.1.1/exe/qcprog.exe_s thio_ketone/CHOSx.xyz.data/inputs/bond_singlet_2.6.in_3932.0 /staging/scratch/2868766/qchem3932/
Check license passed

                  Welcome to Q-Chem
     A Quantum Leap Into The Future Of Chemistry


 Q-Chem 5.1, Q-Chem, Inc., Pleasanton, CA (2018)

 Yihan Shao,  Zhengting Gan,  E. Epifanovsky,  A. T. B. Gilbert,  M. Wormit,  
 J. Kussmann,  A. W. Lange,  A. Behn,  Jia Deng,  Xintian Feng,  D. Ghosh,  
 M. Goldey,  P. R. Horn,  L. D. Jacobson,  I. Kaliman,  T. Kus,  A. Landau,  
 Jie Liu,  E. I. Proynov,  R. M. Richard,  R. P. Steele,  E. J. Sundstrom,  
 H. L. Woodcock III,  P. M. Zimmerman,  D. Zuev,  B. Albrecht,  E. Alguire,  
 S. A. Baeppler,  D. Barton,  Z. Benda,  Y. A. Bernard,  E. J. Berquist,  
 K. B. Bravaya,  H. Burton,  D. Casanova,  Chun-Min Chang,  Yunqing Chen,  
 A. Chien,  K. D. Closser,  M. P. Coons,  S. Coriani,  S. Dasgupta,  
 A. L. Dempwolff,  M. Diedenhofen,  Hainam Do,  R. G. Edgar,  Po-Tung Fang,  
 S. Faraji,  S. Fatehi,  Qingguo Feng,  K. D. Fenk,  J. Fosso-Tande,  
 Qinghui Ge,  A. Ghysels,  G. Gidofalvi,  J. Gomes,  J. Gonthier,  A. Gunina,  
 D. Hait,  M. W. D. Hanson-Heine,  P. H. P. Harbach,  A. W. Hauser,  
 J. E. Herr,  E. G. Hohenstein,  Z. C. Holden,  Kerwin Hui,  B. C. Huynh,  
 T.-C. Jagau,  Hyunjun Ji,  B. Kaduk,  K. Khistyaev,  Jaehoon Kim,  
 P. Klunzinger,  K. Koh,  D. Kosenkov,  L. Koulias,  T. Kowalczyk,  
 C. M. Krauter,  A. Kunitsa,  Ka Un Lao,  A. Laurent,  K. V. Lawler,  
 Joonho Lee,  D. Lefrancois,  S. Lehtola,  D. S. Levine,  Yi-Pei Li,  
 You-Sheng Lin,  Fenglai Liu,  E. Livshits,  A. Luenser,  P. Manohar,  
 E. Mansoor,  S. F. Manzer,  Shan-Ping Mao,  Yuezhi Mao,  N. Mardirossian,  
 A. V. Marenich,  T. Markovich,  L. A. Martinez-Martinez,  S. A. Maurer,  
 N. J. Mayhall,  S. C. McKenzie,  J.-M. Mewes,  A. F. Morrison,  
 J. W. Mullinax,  K. Nanda,  T. S. Nguyen-Beck,  R. Olivares-Amaya,  
 J. A. Parkhill,  T. M. Perrine,  F. Plasser,  P. Pokhilko,  S. Prager,  
 A. Prociuk,  E. Ramos,  D. R. Rehn,  F. Rob,  M. Schneider,  N. Sergueev,  
 S. M. Sharada,  S. Sharma,  D. W. Small,  T. Stauch,  T. Stein,  
 Yu-Chuan Su,  A. J. W. Thom,  A. Tkatchenko,  T. Tsuchimochi,  N. M. Tubman,  
 L. Vogt,  M. L. Vidal,  O. Vydrov,  M. A. Watson,  J. Wenzel,  
 M. de Wergifosse,  T. A. Wesolowski,  A. White,  J. Witte,  A. Yamada,  
 Jun Yang,  K. Yao,  S. Yeganeh,  S. R. Yost,  Zhi-Qiang You,  A. Zech,  
 Igor Ying Zhang,  Xing Zhang,  Yan Zhao,  Ying Zhu,  B. R. Brooks,  
 G. K. L. Chan,  C. J. Cramer,  M. S. Gordon,  W. J. Hehre,  A. Klamt,  
 M. W. Schmidt,  C. D. Sherrill,  D. G. Truhlar,  A. Aspuru-Guzik,  R. Baer,  
 A. T. Bell,  N. A. Besley,  Jeng-Da Chai,  A. E. DePrince, III,  
 R. A. DiStasio Jr.,  A. Dreuw,  B. D. Dunietz,  T. R. Furlani,  
 Chao-Ping Hsu,  Yousung Jung,  Jing Kong,  D. S. Lambrecht,  WanZhen Liang,  
 C. Ochsenfeld,  V. A. Rassolov,  L. V. Slipchenko,  J. E. Subotnik,  
 T. Van Voorhis,  J. M. Herbert,  A. I. Krylov,  P. M. W. Gill,  M. Head-Gordon

 Contributors to earlier versions of Q-Chem not listed above: 
 R. D. Adamson,  B. Austin,  J. Baker,  G. J. O. Beran,  K. Brandhorst,  
 S. T. Brown,  E. F. C. Byrd,  A. K. Chakraborty,  C.-L. Cheng,  
 Siu Hung Chien,  D. M. Chipman,  D. L. Crittenden,  H. Dachsel,  
 R. J. Doerksen,  A. D. Dutoi,  L. Fusti-Molnar,  W. A. Goddard III,  
 A. Golubeva-Zadorozhnaya,  S. R. Gwaltney,  G. Hawkins,  A. Heyden,  
 S. Hirata,  G. Kedziora,  F. J. Keil,  C. Kelley,  Jihan Kim,  R. A. King,  
 R. Z. Khaliullin,  P. P. Korambath,  W. Kurlancheek,  A. M. Lee,  M. S. Lee,  
 S. V. Levchenko,  Ching Yeh Lin,  D. Liotard,  R. C. Lochan,  I. Lotan,  
 P. E. Maslen,  N. Nair,  D. P. O'Neill,  D. Neuhauser,  E. Neuscamman,  
 C. M. Oana,  R. Olson,  B. Peters,  R. Peverati,  P. A. Pieniazek,  
 Y. M. Rhee,  J. Ritchie,  M. A. Rohrdanz,  E. Rosta,  N. J. Russ,  
 H. F. Schaefer III,  N. E. Schultz,  N. Shenvi,  A. C. Simmonett,  A. Sodt,  
 D. Stuck,  K. S. Thanthiriwatte,  V. Vanovschi,  Tao Wang,  A. Warshel,  
 C. F. Williams,  Q. Wu,  X. Xu,  W. Zhang

 Please cite Q-Chem as follows:
 Y. Shao et al., Mol. Phys. 113, 184-215 (2015)
 DOI: 10.1080/00268976.2014.952696

 Q-Chem 5.1.1 for Intel X86 EM64T Linux

 Parts of Q-Chem use Armadillo 8.300.2 (Tropical Shenanigans).
 http://arma.sourceforge.net/

 Q-Chem begins on Wed Mar 13 13:50:16 2019  

Host: 
0

     Scratch files written to /staging/scratch/2868766/qchem3932//
 Aug318 |scratch|qcdevops|jenkins|workspace|build_RNUM 6013   
Processing $rem in /usr/usc/qchem/5.1.1/config/preferences.
 MEM_TOTAL  2000 
Input Ideriv = 2
Curr. Ideriv = -1
Max.  Ideriv = 2

Checking the input file for inconsistencies... 	...done.

--------------------------------------------------------------
User input:
--------------------------------------------------------------

$comment
potential surface scanner
$end

$rem
JOBTYPE  PES_SCAN
UNRESTRICTED TRUE
SYM_IGNORE  TRUE
GEOM_OPT_MAX_CYCLES 400
SCF_MAX_CYCLES 400
METHOD   B3LYP
BASIS   6-31G**
PDB_PRINT 2
SCF_CONVERGENCE 6
THRESH 14
SCF_PRINT 1
$end
$molecule
0 1
S -2.027680 -0.000240 -0.003512
C 0.472318 0.000011 -0.000462
C 1.139466 1.301538 0.000411
C 1.139746 -1.301372 0.000507
H 1.799337 1.378615 0.881168
H 1.804200 1.377769 -0.876732
H 0.433875 2.131111 -0.001773
H 0.434335 -2.131102 -0.000659
H 1.800582 -1.377913 0.880581
H 1.803553 -1.377850 -0.877322
$end
$scan
stre 1 2 2.600000 2.601000 0.100000
$end
--------------------------------------------------------------
 ----------------------------------------------------------------
             Standard Nuclear Orientation (Angstroms)
    I     Atom           X                Y                Z
 ----------------------------------------------------------------
    1      S      -2.0276800000    -0.0002400000    -0.0035120000
    2      C       0.4723180000     0.0000110000    -0.0004620000
    3      C       1.1394660000     1.3015380000     0.0004110000
    4      C       1.1397460000    -1.3013720000     0.0005070000
    5      H       1.7993370000     1.3786150000     0.8811680000
    6      H       1.8042000000     1.3777690000    -0.8767320000
    7      H       0.4338750000     2.1311110000    -0.0017730000
    8      H       0.4343350000    -2.1311020000    -0.0006590000
    9      H       1.8005820000    -1.3779130000     0.8805810000
   10      H       1.8035530000    -1.3778500000    -0.8773220000
 ----------------------------------------------------------------
 Nuclear Repulsion Energy =   132.4046990224 hartrees
 There are       20 alpha and       20 beta electrons
 Requested basis set is 6-31G(d,p)
 There are 35 shells and 94 basis functions

 Total QAlloc Memory Limit   2000 MB
 Mega-Array Size       188 MB
 MEM_STATIC part       192 MB
A total of 1 constraints
  
            1
    1   1.0100000
    2   1.0100000
    3   2.0100000
    4   2.6000000
    5   2.6010000
    6   0.1000000
    7   0.0000000
    8   0.0000000
    9   0.0000000
   10   0.0000000

                       Distance Matrix (Angstroms)
             S (  1)   C (  2)   C (  3)   C (  4)   H (  5)   H (  6)
   C (  2)  2.500000
   C (  3)  3.424245  1.462552
   C (  4)  3.424259  1.462552  2.602910
   H (  5)  4.162927  2.106846  1.103224  2.897060
   H (  6)  4.164700  2.107125  1.103205  2.896350  1.757907
   H (  7)  3.256058  2.131447  1.089061  3.504311  1.791737  1.791890
   H (  8)  3.256086  2.131451  3.504316  1.089063  3.867682  3.867326
   H (  9)  4.163555  2.106940  2.896762  1.103219  2.756528  3.268325
   H ( 10)  4.164096  2.107029  2.896644  1.103210  3.269618  2.755619
             H (  7)   H (  8)   H (  9)
   H (  8)  4.262213
   H (  9)  3.867775  1.791789
   H ( 10)  3.867223  1.791838  1.757906
 
 A cutoff of  1.0D-14 yielded    607 shell pairs
 There are      4500 function pairs
 
 -------------------------------------------------------
 OpenMP Integral Computing Module                       
 Release: version 1.0, May 2013, Q-Chem Inc. Pittsburgh 
 -------------------------------------------------------
 Integral Job Info:
 Integral job number is                      11
 Integral operator is                         1
 short-range coefficients                     0
 long-range coefficients              100000000
 Omega coefficients                           0
 if combine SR and LR in K                    0
 Integral screening is                        0
 Integral computing path is                   2
 max size of driver memory is            800000
 size of driver memory is                593474
 size of scratch memory is             15267112
 max col of scratch BK array               1296
 max len of scratch array in speh3          155
 max len of scratch index in speh4           18
 max int batch size is                      520
 min int batch size is                       52
 fixed nKL is                                52
 max L of basis functions is                  2
 order of int derivative is                   0
 number of shells is                         35
 number of basis is                          94
 number of cartesian basis is                94
 number of contracted shell pairs           607
 number of primitive shell pairs           2301
 maxK2 (contraction) of shell pair           36
 max number of K2 of shell pair               1
 max number of CS2 of shell pair             48
 max number of PS2 of shell pair            192
 mem total for path MDJ                  514716
 -------------------------------------------------------
 Smallest overlap matrix eigenvalue = 6.31E-03

 Scale SEOQF with 1.000000e-01/1.000000e-01/1.000000e+00

 Standard Electronic Orientation quadrupole field applied
 Nucleus-field energy     =     0.0000000028 hartrees
 Guess from superposition of atomic densities
 Warning:  Energy on first SCF cycle will be non-variational
 SAD guess density has 40.000000 electrons

 -----------------------------------------------------------------------
  General SCF calculation program by
  Eric Jon Sundstrom, Paul Horn, Yuezhi Mao, Dmitri Zuev, Alec White,
  David Stuck, Shaama M.S., Shane Yost, Joonho Lee, David Small,
  Daniel Levine, Susi Lehtola, Hugh Burton, Evgeny Epifanovsky
 -----------------------------------------------------------------------
 Exchange:     0.2000 Hartree-Fock + 0.0800 Slater + 0.7200 B88
 Correlation:  0.1900 VWN1RPA + 0.8100 LYP
 Using SG-1 standard quadrature grid
 using 12 threads for integral computing
 -------------------------------------------------------
 OpenMP Integral computing Module                
 Release: version 1.0, May 2013, Q-Chem Inc. Pittsburgh 
 -------------------------------------------------------
 -------------------------------------------------------
 OpenMP BLAS3 based DFT computing Module                
 Release: version 1.0, May 2013, Q-Chem Inc. Pittsburgh 
 -------------------------------------------------------
 A unrestricted SCF calculation will be
 performed using DIIS
 SCF converges when DIIS error is below 1.0e-06
 Alpha HF Exchange    Energy =  -4.24570271309161
 Beta HF Exchange     Energy =  -4.24570271309161
 DFT Correlation      Energy =  -1.79228710315686
 DFT Exchange         Energy = -33.43854491852483
 One-Electron (alpha) Energy = -483.40272501658740
 One-Electron (beta)  Energy = -483.40272501658740
 Total Coulomb        Energy = 361.91890419855480
 ---------------------------------------
  Cycle       Energy         DIIS error
 ---------------------------------------
    1    -516.2040842573      2.93e-02  
 Alpha HF Exchange    Energy =  -4.26916268595562
 Beta HF Exchange     Energy =  -4.26916268595562
 DFT Correlation      Energy =  -1.81475283172886
 DFT Exchange         Energy = -33.90203551316348
 One-Electron (alpha) Energy = -486.50228069469250
 One-Electron (beta)  Energy = -486.50228069469250
 Total Coulomb        Energy = 369.06774726899891
    2    -515.7872288120      5.30e-03  
 Alpha HF Exchange    Energy =  -4.26141072273787
 Beta HF Exchange     Energy =  -4.26141072273787
 DFT Correlation      Energy =  -1.81027252154732
 DFT Exchange         Energy = -33.78906438587575
 One-Electron (alpha) Energy = -483.42792601396269
 One-Electron (beta)  Energy = -483.42792601396286
 Total Coulomb        Energy = 364.40378867489164
    3    -514.1695226807      1.52e-02  
 Alpha HF Exchange    Energy =  -4.22653765984670
 Beta HF Exchange     Energy =  -4.22653765984670
 DFT Correlation      Energy =  -1.79695146497594
 DFT Exchange         Energy = -33.56391022233721
 One-Electron (alpha) Energy = -483.98893651584632
 One-Electron (beta)  Energy = -483.98893651584643
 Total Coulomb        Energy = 363.47597283783819
    4    -515.9111381757      3.30e-03  
 Alpha HF Exchange    Energy =  -4.23845285966397
 Beta HF Exchange     Energy =  -4.23845285966398
 DFT Correlation      Energy =  -1.80652674737217
 DFT Exchange         Energy = -33.69918571314061
 One-Electron (alpha) Energy = -484.78967359728330
 One-Electron (beta)  Energy = -484.78967359728341
 Total Coulomb        Energy = 365.21321840671021
    5    -515.9440479425      2.16e-03  
 Alpha HF Exchange    Energy =  -4.23976285626488
 Beta HF Exchange     Energy =  -4.23976285626487
 DFT Correlation      Energy =  -1.80549824244982
 DFT Exchange         Energy = -33.69794661814132
 One-Electron (alpha) Energy = -484.94490112259905
 One-Electron (beta)  Energy = -484.94490112259848
 Total Coulomb        Energy = 365.49512203324105
    6    -515.9729517599      2.55e-04  
 Alpha HF Exchange    Energy =  -4.23819148174616
 Beta HF Exchange     Energy =  -4.23819148174616
 DFT Correlation      Energy =  -1.80502973875873
 DFT Exchange         Energy = -33.68626148835336
 One-Electron (alpha) Energy = -484.79554223047705
 One-Electron (beta)  Energy = -484.79554223047722
 Total Coulomb        Energy = 365.18192946640659
    7    -515.9721301599      4.08e-04  
 Alpha HF Exchange    Energy =  -4.23879936269209
 Beta HF Exchange     Energy =  -4.23879936269208
 DFT Correlation      Energy =  -1.80500596583087
 DFT Exchange         Energy = -33.68854309914597
 One-Electron (alpha) Energy = -484.84803914849078
 One-Electron (beta)  Energy = -484.84803914849033
 Total Coulomb        Energy = 365.28928391483964
    8    -515.9732431473      6.33e-05  
 Alpha HF Exchange    Energy =  -4.23888918079359
 Beta HF Exchange     Energy =  -4.23888918079358
 DFT Correlation      Energy =  -1.80498415875553
 DFT Exchange         Energy = -33.68874591527283
 One-Electron (alpha) Energy = -484.85069613114899
 One-Electron (beta)  Energy = -484.85069613114877
 Total Coulomb        Energy = 365.29493174161837
    9    -515.9732699311      4.89e-06  
 Alpha HF Exchange    Energy =  -4.23891180295685
 Beta HF Exchange     Energy =  -4.23891180295684
 DFT Correlation      Energy =  -1.80498455370380
 DFT Exchange         Energy = -33.68882873784256
 One-Electron (alpha) Energy = -484.85206564620023
 One-Electron (beta)  Energy = -484.85206564620017
 Total Coulomb        Energy = 365.29779912171443
   10    -515.9732700429      4.09e-06  
 Alpha HF Exchange    Energy =  -4.23891262283424
 Beta HF Exchange     Energy =  -4.23891262283425
 DFT Correlation      Energy =  -1.80498459175578
 DFT Exchange         Energy = -33.68882455050861
 One-Electron (alpha) Energy = -484.85192613343293
 One-Electron (beta)  Energy = -484.85192613343327
 Total Coulomb        Energy = 365.29751752176878
   11    -515.9732701078      2.61e-06  
 Alpha HF Exchange    Energy =  -4.23891167647907
 Beta HF Exchange     Energy =  -4.23891167647907
 DFT Correlation      Energy =  -1.80498524651825
 DFT Exchange         Energy = -33.68882379322281
 One-Electron (alpha) Energy = -484.85171559792542
 One-Electron (beta)  Energy = -484.85171559792536
 Total Coulomb        Energy = 365.29709441054672
   12    -515.9732701528      4.36e-08  Convergence criterion met
 ---------------------------------------
 SCF time:   CPU 24.53s  wall 2.00s 
<S^2> =         -0.000000000
 Alpha HF Exchange    Energy =  -4.23891167647907
 Beta HF Exchange     Energy =  -4.23891167647907
 DFT Correlation      Energy =  -1.80498524651825
 DFT Exchange         Energy = -33.68882379322281
 One-Electron (alpha) Energy = -484.85171559792542
 One-Electron (beta)  Energy = -484.85171559792536
 Total Coulomb        Energy = 365.29709441054672
 Nuclear repulsion Energy = 132.40469902520613
 SCF   energy in the final basis set =     -515.9732701528
 Total energy in the final basis set =     -515.9732701528
 
 --------------------------------------------------------------
 
                    Orbital Energies (a.u.)
 --------------------------------------------------------------
 
 Alpha MOs
 -- Occupied --
-88.854 -10.310 -10.230 -10.229  -7.908  -5.877  -5.868  -5.863
 -0.836  -0.746  -0.610  -0.568  -0.477  -0.473  -0.461  -0.433
 -0.413  -0.277  -0.210  -0.199
 -- Virtual --
 -0.126  -0.085   0.071   0.118   0.135   0.136   0.140   0.163
  0.201   0.265   0.350   0.404   0.410   0.412   0.453   0.532
  0.542   0.542   0.584   0.633   0.658   0.668   0.700   0.766
  0.780   0.829   0.829   0.836   0.844   0.861   0.864   0.879
  0.907   0.915   1.037   1.251   1.261   1.311   1.352   1.479
  1.563   1.812   1.838   1.858   1.885   1.886   1.991   1.993
  2.033   2.060   2.060   2.060   2.227   2.297   2.325   2.512
  2.555   2.567   2.646   2.677   2.793   2.814   2.897   2.908
  3.131   3.169   3.348   3.375   3.384   3.421   3.931   4.064
  4.435   4.502
 
 Beta MOs
 -- Occupied --
-88.854 -10.310 -10.230 -10.229  -7.908  -5.877  -5.868  -5.863
 -0.836  -0.746  -0.610  -0.568  -0.477  -0.473  -0.461  -0.433
 -0.413  -0.277  -0.210  -0.199
 -- Virtual --
 -0.126  -0.085   0.071   0.118   0.135   0.136   0.140   0.163
  0.201   0.265   0.350   0.404   0.410   0.412   0.453   0.532
  0.542   0.542   0.584   0.633   0.658   0.668   0.700   0.766
  0.780   0.829   0.829   0.836   0.844   0.861   0.864   0.879
  0.907   0.915   1.037   1.251   1.261   1.311   1.352   1.479
  1.563   1.812   1.838   1.858   1.885   1.886   1.991   1.993
  2.033   2.060   2.060   2.060   2.227   2.297   2.325   2.512
  2.555   2.567   2.646   2.677   2.793   2.814   2.897   2.908
  3.131   3.169   3.348   3.375   3.384   3.421   3.931   4.064
  4.435   4.502
 --------------------------------------------------------------
 
          Ground-State Mulliken Net Atomic Charges

     Atom                 Charge (a.u.)    Spin (a.u.)
  --------------------------------------------------------
      1 S                    -0.336873      -0.000000
      2 C                     0.086235       0.000000
      3 C                    -0.369202       0.000000
      4 C                    -0.369203      -0.000000
      5 H                     0.153078      -0.000000
      6 H                     0.152949      -0.000000
      7 H                     0.188494       0.000000
      8 H                     0.188493       0.000000
      9 H                     0.153031       0.000000
     10 H                     0.152997       0.000000
  --------------------------------------------------------
  Sum of atomic charges =    -0.000000
  Sum of spin   charges =    -0.000000

 -----------------------------------------------------------------
                    Cartesian Multipole Moments
 -----------------------------------------------------------------
    Charge (ESU x 10^10)
                 0.0000
    Dipole Moment (Debye)
         X       6.0010      Y       0.0006      Z       0.0084
       Tot       6.0010
    Quadrupole Moments (Debye-Ang)
        XX     -35.1139     XY      -0.0007     YY     -30.7753
        XZ      -0.0064     YZ       0.0006     ZZ     -33.4028
    Octopole Moments (Debye-Ang^2)
       XXX      34.3699    XXY       0.0016    XYY      15.2866
       YYY       0.0077    XXZ       0.0437    XYZ       0.0014
       YYZ       0.0488    XZZ      12.9392    YZZ       0.0025
       ZZZ       0.1504
    Hexadecapole Moments (Debye-Ang^3)
      XXXX    -498.8461   XXXY      -0.0133   XXYY    -125.9834
      XYYY      -0.0193   YYYY    -199.9345   XXXZ      -0.3182
      XXYZ       0.0027   XYYZ      -0.1124   YYYZ      -0.0006
      XXZZ     -93.0604   XYZZ      -0.0053   YYZZ     -43.9721
      XZZZ      -0.3136   YZZZ       0.0069   ZZZZ     -52.8932
 -----------------------------------------------------------------
 Calculating analytic gradient of the SCF energy
 Gradient of SCF Energy
            1           2           3           4           5           6
    1  -0.0866523   0.0866485   0.0000365   0.0000370  -0.0000205  -0.0000200
    2  -0.0000089   0.0000084  -0.0000552   0.0000558  -0.0000138  -0.0000140
    3  -0.0001033   0.0001068  -0.0000017  -0.0000018   0.0000234  -0.0000234
            7           8           9          10
    1   0.0000055   0.0000055  -0.0000206  -0.0000197
    2   0.0000302  -0.0000305   0.0000138   0.0000142
    3  -0.0000005  -0.0000003   0.0000237  -0.0000228
 Max gradient component =       8.665E-02
 RMS gradient           =       2.237E-02
 Gradient time:  CPU 6.81 s  wall 0.57 s
 Geometry Optimization Parameters
   NAtoms,    NIC,     NZ,  NCons,   NDum,   NFix, NCnnct, MaxDiis
       10      56       0       1       0       0       0       0


** CONSTRAINED OPTIMIZATION IN DELOCALIZED INTERNAL COORDINATES **
   Searching for a Minimum

   Optimization Cycle:   1

                       Coordinates (Angstroms)
     ATOM                X               Y               Z
      1  S        -2.0276800000   -0.0002400000   -0.0035120000
      2  C         0.4723180000    0.0000110000   -0.0004620000
      3  C         1.1394660000    1.3015380000    0.0004110000
      4  C         1.1397460000   -1.3013720000    0.0005070000
      5  H         1.7993370000    1.3786150000    0.8811680000
      6  H         1.8042000000    1.3777690000   -0.8767320000
      7  H         0.4338750000    2.1311110000   -0.0017730000
      8  H         0.4343350000   -2.1311020000   -0.0006590000
      9  H         1.8005820000   -1.3779130000    0.8805810000
     10  H         1.8035530000   -1.3778500000   -0.8773220000
   Point Group: c1    Number of degrees of freedom:    24


   Energy is   -515.973270153

              Constraints and their Current Values
                                        Value     Constraint
   Distance(Angs):        1   2             2.500000     2.600000

 Attempting to Generate Delocalized Internal Coordinates

   Using Lagrange Multiplier Algorithm


 25 Hessian modes will be used to form the next step
  Hessian Eigenvalues:
    -0.973947    0.045000    0.045000    0.045000    0.092305    0.092305
     0.096428    0.096428    0.160000    0.160000    0.160000    0.160000
     0.160000    0.160000    0.250000    0.250000    0.333281    0.333286
     0.333296    0.333301    0.349212    0.349213    0.366466    0.366467
     1.026750

 Minimum Search - Taking P-RFO Step
 Searching for Lamda that Maximizes Along the Constraint modes Only
 Value Taken    Lamda =   0.03790197
 Searching for Lamda that Minimizes Along All other modes
 Value Taken    Lamda =  -0.00471991
 Step Taken.  Stepsize is  0.183497

                             Maximum     Tolerance    Cnvgd?
         Gradient            0.188973       0.000300      NO
         Displacement        0.183495       0.001200      NO
         Energy change     *********       0.000001      NO


 New Cartesian Coordinates Obtained by Inverse Iteration

 Displacement from previous Coordinates is:  0.173651
 ----------------------------------------------------------------
             Standard Nuclear Orientation (Angstroms)
    I     Atom           X                Y                Z
 ----------------------------------------------------------------
    1      S      -2.1148481361    -0.0002477942    -0.0036402360
    2      C       0.4822511576     0.0000121315    -0.0004483739
    3      C       1.1491741296     1.3017284514     0.0004267478
    4      C       1.1494543153    -1.3015607783     0.0005223091
    5      H       1.8091206278     1.3791404226     0.8810867029
    6      H       1.8139721820     1.3782973756    -0.8766273785
    7      H       0.4432274460     2.1309607900    -0.0017523069
    8      H       0.4436885120    -2.1309503549    -0.0006345861
    9      H       1.8103708786    -1.3784348761     0.8804957816
   10      H       1.8133208873    -1.3783783677    -0.8772216600
 ----------------------------------------------------------------
 Nuclear Repulsion Energy =   130.5965932228 hartrees
 There are       20 alpha and       20 beta electrons

                       Distance Matrix (Angstroms)
             S (  1)   C (  2)   C (  3)   C (  4)   H (  5)   H (  6)
   C (  2)  2.597101
   C (  3)  3.514114  1.462618
   C (  4)  3.514129  1.462619  2.603289
   H (  5)  4.252409  2.107055  1.103215  2.897708
   H (  6)  4.254189  2.107330  1.103197  2.897001  1.757721
   H (  7)  3.329535  2.131306  1.089032  3.504421  1.791732  1.791884
   H (  8)  3.329566  2.131311  3.504425  1.089033  3.868149  3.867798
   H (  9)  4.253051  2.107150  2.897409  1.103211  2.757576  3.269108
   H ( 10)  4.253575  2.107235  2.897297  1.103202  3.270409  2.756676
             H (  7)   H (  8)   H (  9)
   H (  8)  4.261911
   H (  9)  3.868243  1.791784
   H ( 10)  3.867695  1.791832  1.757720
 
 Applying Cartesian multipole field
    Component          Value
    ---------          -----
     (2,0,0)        1.00000E-11
     (0,2,0)        2.00000E-11
     (0,0,2)       -3.00000E-10
 Nucleus-field energy     =     0.0000000030 hartrees
 Requested basis set is 6-31G(d,p)
 There are 35 shells and 94 basis functions
 A cutoff of  1.0D-14 yielded    605 shell pairs
 There are      4488 function pairs
 Smallest overlap matrix eigenvalue = 6.31E-03
 Guess from superposition of atomic densities
 Warning:  Energy on first SCF cycle will be non-variational
 SAD guess density has 40.000000 electrons

 -----------------------------------------------------------------------
  General SCF calculation program by
  Eric Jon Sundstrom, Paul Horn, Yuezhi Mao, Dmitri Zuev, Alec White,
  David Stuck, Shaama M.S., Shane Yost, Joonho Lee, David Small,
  Daniel Levine, Susi Lehtola, Hugh Burton, Evgeny Epifanovsky
 -----------------------------------------------------------------------
 Exchange:     0.2000 Hartree-Fock + 0.0800 Slater + 0.7200 B88
 Correlation:  0.1900 VWN1RPA + 0.8100 LYP
 Using SG-1 standard quadrature grid
 using 12 threads for integral computing
 -------------------------------------------------------
 OpenMP Integral computing Module                
 Release: version 1.0, May 2013, Q-Chem Inc. Pittsburgh 
 -------------------------------------------------------
 -------------------------------------------------------
 OpenMP BLAS3 based DFT computing Module                
 Release: version 1.0, May 2013, Q-Chem Inc. Pittsburgh 
 -------------------------------------------------------
 A unrestricted SCF calculation will be
 performed using DIIS
 SCF converges when DIIS error is below 1.0e-06
 Alpha HF Exchange    Energy =  -4.24397446122089
 Beta HF Exchange     Energy =  -4.24397446122089
 DFT Correlation      Energy =  -1.79113962929949
 DFT Exchange         Energy = -33.43520650406983
 One-Electron (alpha) Energy = -481.59587439814766
 One-Electron (beta)  Energy = -481.59587439814766
 Total Coulomb        Energy = 360.11971452540553
 ---------------------------------------
  Cycle       Energy         DIIS error
 ---------------------------------------
    1    -516.1897361009      2.92e-02  
 Alpha HF Exchange    Energy =  -4.26830366082465
 Beta HF Exchange     Energy =  -4.26830366082465
 DFT Correlation      Energy =  -1.81353184738988
 DFT Exchange         Energy = -33.89714323416281
 One-Electron (alpha) Energy = -484.69544496823005
 One-Electron (beta)  Energy = -484.69544496823005
 Total Coulomb        Energy = 367.28945035620927
    2    -515.7521287576      5.48e-03  
 Alpha HF Exchange    Energy =  -4.26364201917502
 Beta HF Exchange     Energy =  -4.26364201917502
 DFT Correlation      Energy =  -1.81007957113071
 DFT Exchange         Energy = -33.80446749468728
 One-Electron (alpha) Energy = -481.62146866216432
 One-Electron (beta)  Energy = -481.62146866216409
 Total Coulomb        Energy = 362.80695719462324
    3    -513.9812180081      1.57e-02  
 Alpha HF Exchange    Energy =  -4.22439316650771
 Beta HF Exchange     Energy =  -4.22439316650771
 DFT Correlation      Energy =  -1.79579317675789
 DFT Exchange         Energy = -33.55441531598142
 One-Electron (alpha) Energy = -482.11291219588395
 One-Electron (beta)  Energy = -482.11291219588412
 Total Coulomb        Energy = 361.51674629344279
    4    -515.9114796983      2.93e-03  
 Alpha HF Exchange    Energy =  -4.23837077807775
 Beta HF Exchange     Energy =  -4.23837077807775
 DFT Correlation      Energy =  -1.80625299770586
 DFT Exchange         Energy = -33.70763567991474
 One-Electron (alpha) Energy = -482.99532629847084
 One-Electron (beta)  Energy = -482.99532629847090
 Total Coulomb        Energy = 363.48242084544643
    5    -515.9022687595      3.00e-03  
 Alpha HF Exchange    Energy =  -4.23886064964820
 Beta HF Exchange     Energy =  -4.23886064964821
 DFT Correlation      Energy =  -1.80447579373515
 DFT Exchange         Energy = -33.69536010661282
 One-Electron (alpha) Energy = -483.12518452706144
 One-Electron (beta)  Energy = -483.12518452706183
 Total Coulomb        Energy = 363.67401704189956
    6    -515.9573159861      3.78e-04  
 Alpha HF Exchange    Energy =  -4.23712638417588
 Beta HF Exchange     Energy =  -4.23712638417589
 DFT Correlation      Energy =  -1.80386831266411
 DFT Exchange         Energy = -33.68169871041277
 One-Electron (alpha) Energy = -482.95614691170317
 One-Electron (beta)  Energy = -482.95614691170346
 Total Coulomb        Energy = 363.31944778187358
    7    -515.9560726072      5.32e-04  
 Alpha HF Exchange    Energy =  -4.23795444217121
 Beta HF Exchange     Energy =  -4.23795444217120
 DFT Correlation      Energy =  -1.80383104126453
 DFT Exchange         Energy = -33.68469805686550
 One-Electron (alpha) Energy = -483.02435887698476
 One-Electron (beta)  Energy = -483.02435887698465
 Total Coulomb        Energy = 363.45854942655927
    8    -515.9580130841      7.53e-05  
 Alpha HF Exchange    Energy =  -4.23809931041805
 Beta HF Exchange     Energy =  -4.23809931041804
 DFT Correlation      Energy =  -1.80380191478469
 DFT Exchange         Energy = -33.68495042332096
 One-Electron (alpha) Energy = -483.02985048743614
 One-Electron (beta)  Energy = -483.02985048743597
 Total Coulomb        Energy = 363.47000575644904
    9    -515.9580529516      1.16e-05  
 Alpha HF Exchange    Energy =  -4.23811599111662
 Beta HF Exchange     Energy =  -4.23811599111662
 DFT Correlation      Energy =  -1.80380390267224
 DFT Exchange         Energy = -33.68500374847477
 One-Electron (alpha) Energy = -483.03060132995529
 One-Electron (beta)  Energy = -483.03060132995518
 Total Coulomb        Energy = 363.47159586121438
   10    -515.9580532063      1.03e-05  
 Alpha HF Exchange    Energy =  -4.23811629698827
 Beta HF Exchange     Energy =  -4.23811629698826
 DFT Correlation      Energy =  -1.80380513073576
 DFT Exchange         Energy = -33.68500530315638
 One-Electron (alpha) Energy = -483.03013967763405
 One-Electron (beta)  Energy = -483.03013967763377
 Total Coulomb        Energy = 363.47067538956833
   11    -515.9580537678      4.84e-06  
 Alpha HF Exchange    Energy =  -4.23811608395550
 Beta HF Exchange     Energy =  -4.23811608395550
 DFT Correlation      Energy =  -1.80380633527765
 DFT Exchange         Energy = -33.68500747356288
 One-Electron (alpha) Energy = -483.02971761650792
 One-Electron (beta)  Energy = -483.02971761650792
 Total Coulomb        Energy = 363.46983405723950
   12    -515.9580539267      3.43e-07  Convergence criterion met
 ---------------------------------------
 SCF time:   CPU 23.56s  wall 2.00s 
<S^2> =         -0.000000000
 Alpha HF Exchange    Energy =  -4.23811608395550
 Beta HF Exchange     Energy =  -4.23811608395550
 DFT Correlation      Energy =  -1.80380633527765
 DFT Exchange         Energy = -33.68500747356288
 One-Electron (alpha) Energy = -483.02971761650792
 One-Electron (beta)  Energy = -483.02971761650792
 Total Coulomb        Energy = 363.46983405723950
 Nuclear repulsion Energy = 130.59659322580680
 SCF   energy in the final basis set =     -515.9580539267
 Total energy in the final basis set =     -515.9580539267
 
 --------------------------------------------------------------
 
                    Orbital Energies (a.u.)
 --------------------------------------------------------------
 
 Alpha MOs
 -- Occupied --
-88.854 -10.311 -10.231 -10.231  -7.907  -5.876  -5.867  -5.862
 -0.838  -0.748  -0.606  -0.571  -0.479  -0.475  -0.463  -0.435
 -0.415  -0.270  -0.206  -0.198
 -- Virtual --
 -0.128  -0.096   0.070   0.116   0.133   0.134   0.139   0.161
  0.198   0.265   0.349   0.405   0.409   0.419   0.452   0.535
  0.540   0.540   0.582   0.636   0.640   0.669   0.698   0.766
  0.779   0.828   0.828   0.839   0.845   0.854   0.862   0.876
  0.894   0.912   1.024   1.249   1.249   1.306   1.348   1.463
  1.553   1.810   1.838   1.857   1.884   1.884   1.989   1.991
  2.031   2.058   2.058   2.058   2.225   2.295   2.323   2.510
  2.553   2.565   2.644   2.675   2.791   2.812   2.894   2.907
  3.129   3.167   3.346   3.374   3.382   3.419   3.934   4.058
  4.433   4.497
 
 Beta MOs
 -- Occupied --
-88.854 -10.311 -10.231 -10.231  -7.907  -5.876  -5.867  -5.862
 -0.838  -0.748  -0.606  -0.571  -0.479  -0.475  -0.463  -0.435
 -0.415  -0.270  -0.206  -0.198
 -- Virtual --
 -0.128  -0.096   0.070   0.116   0.133   0.134   0.139   0.161
  0.198   0.265   0.349   0.405   0.409   0.419   0.452   0.535
  0.540   0.540   0.582   0.636   0.640   0.669   0.698   0.766
  0.779   0.828   0.828   0.839   0.845   0.854   0.862   0.876
  0.894   0.912   1.024   1.249   1.249   1.306   1.348   1.463
  1.553   1.810   1.838   1.857   1.884   1.884   1.989   1.991
  2.031   2.058   2.058   2.058   2.225   2.295   2.323   2.510
  2.553   2.565   2.644   2.675   2.791   2.812   2.894   2.907
  3.129   3.167   3.346   3.374   3.382   3.419   3.934   4.058
  4.433   4.497
 --------------------------------------------------------------
 
          Ground-State Mulliken Net Atomic Charges

     Atom                 Charge (a.u.)    Spin (a.u.)
  --------------------------------------------------------
      1 S                    -0.350359      -0.000000
      2 C                     0.099563       0.000000
      3 C                    -0.374113      -0.000000
      4 C                    -0.374114       0.000000
      5 H                     0.154604       0.000000
      6 H                     0.154471      -0.000000
      7 H                     0.190436       0.000000
      8 H                     0.190436       0.000000
      9 H                     0.154555       0.000000
     10 H                     0.154520      -0.000000
  --------------------------------------------------------
  Sum of atomic charges =    -0.000000
  Sum of spin   charges =     0.000000

 -----------------------------------------------------------------
                    Cartesian Multipole Moments
 -----------------------------------------------------------------
    Charge (ESU x 10^10)
                -0.0000
    Dipole Moment (Debye)
         X       6.2762      Y       0.0006      Z       0.0088
       Tot       6.2762
    Quadrupole Moments (Debye-Ang)
        XX     -35.4727     XY      -0.0007     YY     -30.7311
        XZ      -0.0070     YZ       0.0007     ZZ     -33.4624
    Octopole Moments (Debye-Ang^2)
       XXX      38.5816    XXY       0.0017    XYY      16.7174
       YYY       0.0081    XXZ       0.0460    XYZ       0.0015
       YYZ       0.0510    XZZ      14.4297    YZZ       0.0026
       ZZZ       0.1570
    Hexadecapole Moments (Debye-Ang^3)
      XXXX    -529.5115   XXXY      -0.0147   XXYY    -131.7851
      XYYY      -0.0211   YYYY    -199.6828   XXXZ      -0.3389
      XXYZ       0.0029   XYYZ      -0.1216   YYYZ      -0.0005
      XXZZ     -99.1904   XYZZ      -0.0059   YYZZ     -43.9439
      XZZZ      -0.3425   YZZZ       0.0069   ZZZZ     -53.0657
 -----------------------------------------------------------------
 Calculating analytic gradient of the SCF energy
 Gradient of SCF Energy
            1           2           3           4           5           6
    1  -0.0791159   0.0780642   0.0007333   0.0007335  -0.0001106  -0.0001130
    2  -0.0000083   0.0000080   0.0008035  -0.0008033   0.0000512   0.0000489
    3  -0.0000963   0.0000944   0.0000028   0.0000008  -0.0001112   0.0001101
            7           8           9          10
    1   0.0000158   0.0000160  -0.0001115  -0.0001118
    2  -0.0001920   0.0001919  -0.0000506  -0.0000494
    3  -0.0000005  -0.0000003  -0.0001105   0.0001108
 Max gradient component =       7.912E-02
 RMS gradient           =       2.029E-02
 Gradient time:  CPU 6.73 s  wall 0.56 s
 Geometry Optimization Parameters
   NAtoms,    NIC,     NZ,  NCons,   NDum,   NFix, NCnnct, MaxDiis
       10      56       0       1       0       0       0       0

 Cartesian Hessian Update
 Hessian Updated using BFGS Update
**WARNING** Hereditary positive definiteness endangered


** CONSTRAINED OPTIMIZATION IN DELOCALIZED INTERNAL COORDINATES **
   Searching for a Minimum

   Optimization Cycle:   2

                       Coordinates (Angstroms)
     ATOM                X               Y               Z
      1  S        -2.1148481361   -0.0002477942   -0.0036402360
      2  C         0.4822511576    0.0000121315   -0.0004483739
      3  C         1.1491741296    1.3017284514    0.0004267478
      4  C         1.1494543153   -1.3015607783    0.0005223091
      5  H         1.8091206278    1.3791404226    0.8810867029
      6  H         1.8139721820    1.3782973756   -0.8766273785
      7  H         0.4432274460    2.1309607900   -0.0017523069
      8  H         0.4436885120   -2.1309503549   -0.0006345861
      9  H         1.8103708786   -1.3784348761    0.8804957816
     10  H         1.8133208873   -1.3783783677   -0.8772216600
   Point Group: c1    Number of degrees of freedom:    24


   Energy is   -515.958053927

              Constraints and their Current Values
                                        Value     Constraint
   Distance(Angs):        1   2             2.597101     2.600000
 Hessian Updated using BFGS Update
**WARNING** Hereditary positive definiteness endangered

   Using Lagrange Multiplier Algorithm


 21 Hessian modes will be used to form the next step
  Hessian Eigenvalues:
    -1.020774    0.045000    0.045000    0.045000    0.092305    0.092305
     0.096402    0.096428    0.159847    0.160000    0.249982    0.250000
     0.333215    0.333283    0.333292    0.333299    0.349163    0.349212
     0.365229    0.366466    0.979711

 Minimum Search - Taking P-RFO Step
 Searching for Lamda that Maximizes Along the Constraint modes Only
 Value Taken    Lamda =   0.00002433
 Searching for Lamda that Minimizes Along All other modes
 Value Taken    Lamda =  -0.00016680
 Step Taken.  Stepsize is  0.007284

                             Maximum     Tolerance    Cnvgd?
         Gradient            0.012336       0.000300      NO
         Displacement        0.012592       0.001200      NO
         Energy change      0.015216       0.000001      NO


 New Cartesian Coordinates Obtained by Inverse Iteration

 Displacement from previous Coordinates is:  0.010123
 ----------------------------------------------------------------
             Standard Nuclear Orientation (Angstroms)
    I     Atom           X                Y                Z
 ----------------------------------------------------------------
    1      S      -2.1173412914    -0.0002455960    -0.0036471543
    2      C       0.4826559672     0.0000115669    -0.0004524116
    3      C       1.1489713493     1.3005742059     0.0004210928
    4      C       1.1492521034    -1.3004073400     0.0005214379
    5      H       1.8092830640     1.3770190503     0.8812028270
    6      H       1.8141518350     1.3762067724    -0.8767387377
    7      H       0.4441307320     2.1310688399    -0.0017461834
    8      H       0.4445931403    -2.1310592482    -0.0006179458
    9      H       1.8105494207    -1.3763166900     0.8806044774
   10      H       1.8134856794    -1.3762845612    -0.8773404022
 ----------------------------------------------------------------
 Nuclear Repulsion Energy =   130.5891321339 hartrees
 There are       20 alpha and       20 beta electrons

                       Distance Matrix (Angstroms)
             S (  1)   C (  2)   C (  3)   C (  4)   H (  5)   H (  6)
   C (  2)  2.599999
   C (  3)  3.515814  1.461315
   C (  4)  3.515831  1.461315  2.600982
   H (  5)  4.254197  2.105565  1.103464  2.894798
   H (  6)  4.256001  2.105866  1.103447  2.894122  1.757948
   H (  7)  3.332213  2.131406  1.089278  3.503174  1.792158  1.792313
   H (  8)  3.332249  2.131411  3.503178  1.089279  3.866083  3.865772
   H (  9)  4.254856  2.105669  2.894504  1.103459  2.753336  3.265678
   H ( 10)  4.255376  2.105761  2.894411  1.103451  3.266982  2.752491
             H (  7)   H (  8)   H (  9)
   H (  8)  4.262128
   H (  9)  3.866186  1.792213
   H ( 10)  3.865660  1.792259  1.757947
 
 Applying Cartesian multipole field
    Component          Value
    ---------          -----
     (2,0,0)        1.00000E-11
     (0,2,0)        2.00000E-11
     (0,0,2)       -3.00000E-10
 Nucleus-field energy     =     0.0000000030 hartrees
 Requested basis set is 6-31G(d,p)
 There are 35 shells and 94 basis functions
 A cutoff of  1.0D-14 yielded    605 shell pairs
 There are      4488 function pairs
 Smallest overlap matrix eigenvalue = 6.29E-03
 Guess from superposition of atomic densities
 Warning:  Energy on first SCF cycle will be non-variational
 SAD guess density has 40.000000 electrons

 -----------------------------------------------------------------------
  General SCF calculation program by
  Eric Jon Sundstrom, Paul Horn, Yuezhi Mao, Dmitri Zuev, Alec White,
  David Stuck, Shaama M.S., Shane Yost, Joonho Lee, David Small,
  Daniel Levine, Susi Lehtola, Hugh Burton, Evgeny Epifanovsky
 -----------------------------------------------------------------------
 Exchange:     0.2000 Hartree-Fock + 0.0800 Slater + 0.7200 B88
 Correlation:  0.1900 VWN1RPA + 0.8100 LYP
 Using SG-1 standard quadrature grid
 using 12 threads for integral computing
 -------------------------------------------------------
 OpenMP Integral computing Module                
 Release: version 1.0, May 2013, Q-Chem Inc. Pittsburgh 
 -------------------------------------------------------
 -------------------------------------------------------
 OpenMP BLAS3 based DFT computing Module                
 Release: version 1.0, May 2013, Q-Chem Inc. Pittsburgh 
 -------------------------------------------------------
 A unrestricted SCF calculation will be
 performed using DIIS
 SCF converges when DIIS error is below 1.0e-06
 Alpha HF Exchange    Energy =  -4.24415226477461
 Beta HF Exchange     Energy =  -4.24415226477461
 DFT Correlation      Energy =  -1.79116478091681
 DFT Exchange         Energy = -33.43555040352468
 One-Electron (alpha) Energy = -481.58782529666826
 One-Electron (beta)  Energy = -481.58782529666826
 Total Coulomb        Energy = 360.10981860701656
 ---------------------------------------
  Cycle       Energy         DIIS error
 ---------------------------------------
    1    -516.1917195634      2.93e-02  
 Alpha HF Exchange    Energy =  -4.26834589545616
 Beta HF Exchange     Energy =  -4.26834589545617
 DFT Correlation      Energy =  -1.81356656100512
 DFT Exchange         Energy = -33.89757091987372
 One-Electron (alpha) Energy = -484.69056136466145
 One-Electron (beta)  Energy = -484.69056136466173
 Total Coulomb        Energy = 367.28846169584313
    2    -515.7513581684      5.48e-03  
 Alpha HF Exchange    Energy =  -4.26366494433022
 Beta HF Exchange     Energy =  -4.26366494433022
 DFT Correlation      Energy =  -1.81009412273770
 DFT Exchange         Energy = -33.80463369136040
 One-Electron (alpha) Energy = -481.60903294845644
 One-Electron (beta)  Energy = -481.60903294845650
 Total Coulomb        Energy = 362.79250488391386
    3    -513.9784865789      1.57e-02  
 Alpha HF Exchange    Energy =  -4.22437926873539
 Beta HF Exchange     Energy =  -4.22437926873540
 DFT Correlation      Energy =  -1.79580580437391
 DFT Exchange         Energy = -33.55447328218096
 One-Electron (alpha) Energy = -482.10083053772115
 One-Electron (beta)  Energy = -482.10083053772138
 Total Coulomb        Energy = 361.50021857501662
    4    -515.9113479876      2.92e-03  
 Alpha HF Exchange    Energy =  -4.23843285232299
 Beta HF Exchange     Energy =  -4.23843285232299
 DFT Correlation      Energy =  -1.80628947474043
 DFT Exchange         Energy = -33.70825789901319
 One-Electron (alpha) Energy = -482.98904493685200
 One-Electron (beta)  Energy = -482.98904493685211
 Total Coulomb        Energy = 363.47874141134724
    5    -515.9016294039      3.00e-03  
 Alpha HF Exchange    Energy =  -4.23889658274226
 Beta HF Exchange     Energy =  -4.23889658274226
 DFT Correlation      Energy =  -1.80449923096320
 DFT Exchange         Energy = -33.69570792201836
 One-Electron (alpha) Energy = -483.11669685305816
 One-Electron (beta)  Energy = -483.11669685305816
 Total Coulomb        Energy = 363.66538498352605
    6    -515.9568769042      3.80e-04  
 Alpha HF Exchange    Energy =  -4.23716622547401
 Beta HF Exchange     Energy =  -4.23716622547401
 DFT Correlation      Energy =  -1.80389058590169
 DFT Exchange         Energy = -33.68205425815143
 One-Electron (alpha) Energy = -482.94778091428833
 One-Electron (beta)  Energy = -482.94778091428856
 Total Coulomb        Energy = 363.31107278872884
    7    -515.9556341980      5.32e-04  
 Alpha HF Exchange    Energy =  -4.23799649511952
 Beta HF Exchange     Energy =  -4.23799649511952
 DFT Correlation      Energy =  -1.80385287408301
 DFT Exchange         Energy = -33.68505214890204
 One-Electron (alpha) Energy = -483.01608764425140
 One-Electron (beta)  Energy = -483.01608764425151
 Total Coulomb        Energy = 363.45035705251564
    8    -515.9575841123      7.52e-05  
 Alpha HF Exchange    Energy =  -4.23814279520189
 Beta HF Exchange     Energy =  -4.23814279520189
 DFT Correlation      Energy =  -1.80382365336366
 DFT Exchange         Energy = -33.68530584363593
 One-Electron (alpha) Energy = -483.02161386380448
 One-Electron (beta)  Energy = -483.02161386380425
 Total Coulomb        Energy = 363.46188684798545
    9    -515.9576238302      1.21e-05  
 Alpha HF Exchange    Energy =  -4.23815931677413
 Beta HF Exchange     Energy =  -4.23815931677414
 DFT Correlation      Energy =  -1.80382571847133
 DFT Exchange         Energy = -33.68535886709429
 One-Electron (alpha) Energy = -483.02234170688297
 One-Electron (beta)  Energy = -483.02234170688325
 Total Coulomb        Energy = 363.46343036534051
   10    -515.9576241307      1.05e-05  
 Alpha HF Exchange    Energy =  -4.23815963646223
 Beta HF Exchange     Energy =  -4.23815963646223
 DFT Correlation      Energy =  -1.80382698008872
 DFT Exchange         Energy = -33.68536059612600
 One-Electron (alpha) Energy = -483.02186716189823
 One-Electron (beta)  Energy = -483.02186716189817
 Total Coulomb        Energy = 363.46248431596689
   11    -515.9576247201      4.92e-06  
 Alpha HF Exchange    Energy =  -4.23815949229099
 Beta HF Exchange     Energy =  -4.23815949229099
 DFT Correlation      Energy =  -1.80382819809826
 DFT Exchange         Energy = -33.68536293730483
 One-Electron (alpha) Energy = -483.02143780086885
 One-Electron (beta)  Energy = -483.02143780086914
 Total Coulomb        Energy = 363.46162870050523
   12    -515.9576248844      3.49e-07  Convergence criterion met
 ---------------------------------------
 SCF time:   CPU 22.52s  wall 2.00s 
<S^2> =          0.000000000
 Alpha HF Exchange    Energy =  -4.23815949229099
 Beta HF Exchange     Energy =  -4.23815949229099
 DFT Correlation      Energy =  -1.80382819809826
 DFT Exchange         Energy = -33.68536293730483
 One-Electron (alpha) Energy = -483.02143780086885
 One-Electron (beta)  Energy = -483.02143780086914
 Total Coulomb        Energy = 363.46162870050523
 Nuclear repulsion Energy = 130.58913213686495
 SCF   energy in the final basis set =     -515.9576248844
 Total energy in the final basis set =     -515.9576248844
 
 --------------------------------------------------------------
 
                    Orbital Energies (a.u.)
 --------------------------------------------------------------
 
 Alpha MOs
 -- Occupied --
-88.854 -10.311 -10.232 -10.232  -7.907  -5.876  -5.867  -5.862
 -0.838  -0.748  -0.605  -0.571  -0.479  -0.475  -0.463  -0.435
 -0.415  -0.270  -0.206  -0.198
 -- Virtual --
 -0.128  -0.097   0.070   0.116   0.133   0.133   0.139   0.161
  0.199   0.265   0.349   0.405   0.409   0.420   0.453   0.535
  0.540   0.540   0.582   0.636   0.640   0.670   0.699   0.767
  0.779   0.828   0.828   0.839   0.845   0.854   0.862   0.876
  0.894   0.911   1.023   1.248   1.249   1.308   1.348   1.463
  1.552   1.810   1.837   1.858   1.885   1.886   1.988   1.991
  2.031   2.057   2.058   2.059   2.224   2.295   2.322   2.510
  2.553   2.566   2.643   2.675   2.792   2.812   2.895   2.907
  3.128   3.166   3.345   3.373   3.382   3.419   3.934   4.059
  4.433   4.497
 
 Beta MOs
 -- Occupied --
-88.854 -10.311 -10.232 -10.232  -7.907  -5.876  -5.867  -5.862
 -0.838  -0.748  -0.605  -0.571  -0.479  -0.475  -0.463  -0.435
 -0.415  -0.270  -0.206  -0.198
 -- Virtual --
 -0.128  -0.097   0.070   0.116   0.133   0.133   0.139   0.161
  0.199   0.265   0.349   0.405   0.409   0.420   0.453   0.535
  0.540   0.540   0.582   0.636   0.640   0.670   0.699   0.767
  0.779   0.828   0.828   0.839   0.845   0.854   0.862   0.876
  0.894   0.911   1.023   1.248   1.249   1.308   1.348   1.463
  1.552   1.810   1.837   1.858   1.885   1.886   1.988   1.991
  2.031   2.057   2.058   2.059   2.224   2.295   2.322   2.510
  2.553   2.566   2.643   2.675   2.792   2.812   2.895   2.907
  3.128   3.166   3.345   3.373   3.382   3.419   3.934   4.059
  4.433   4.497
 --------------------------------------------------------------
 
          Ground-State Mulliken Net Atomic Charges

     Atom                 Charge (a.u.)    Spin (a.u.)
  --------------------------------------------------------
      1 S                    -0.351087      -0.000000
      2 C                     0.100280       0.000000
      3 C                    -0.374213       0.000000
      4 C                    -0.374214      -0.000000
      5 H                     0.154617       0.000000
      6 H                     0.154484       0.000000
      7 H                     0.190516       0.000000
      8 H                     0.190516       0.000000
      9 H                     0.154568       0.000000
     10 H                     0.154534       0.000000
  --------------------------------------------------------
  Sum of atomic charges =     0.000000
  Sum of spin   charges =     0.000000

 -----------------------------------------------------------------
                    Cartesian Multipole Moments
 -----------------------------------------------------------------
    Charge (ESU x 10^10)
                -0.0000
    Dipole Moment (Debye)
         X       6.2904      Y       0.0006      Z       0.0088
       Tot       6.2905
    Quadrupole Moments (Debye-Ang)
        XX     -35.4921     XY      -0.0007     YY     -30.7314
        XZ      -0.0071     YZ       0.0007     ZZ     -33.4636
    Octopole Moments (Debye-Ang^2)
       XXX      38.7373    XXY       0.0017    XYY      16.7511
       YYY       0.0080    XXZ       0.0461    XYZ       0.0015
       YYZ       0.0511    XZZ      14.4826    YZZ       0.0026
       ZZZ       0.1574
    Hexadecapole Moments (Debye-Ang^3)
      XXXX    -530.4385   XXXY      -0.0146   XXYY    -131.9480
      XYYY      -0.0209   YYYY    -199.3663   XXXZ      -0.3395
      XXYZ       0.0029   XYYZ      -0.1221   YYYZ      -0.0005
      XXZZ     -99.3727   XYZZ      -0.0058   YYZZ     -43.9089
      XZZZ      -0.3435   YZZZ       0.0071   ZZZZ     -53.0796
 -----------------------------------------------------------------
 Calculating analytic gradient of the SCF energy
 Gradient of SCF Energy
            1           2           3           4           5           6
    1  -0.0788552   0.0786225   0.0003049   0.0003050  -0.0000664  -0.0000669
    2  -0.0000081   0.0000080   0.0001561  -0.0001561  -0.0000181  -0.0000188
    3  -0.0000961   0.0000965   0.0000019   0.0000004  -0.0000042   0.0000024
            7           8           9          10
    1  -0.0000557  -0.0000554  -0.0000667  -0.0000662
    2  -0.0000317   0.0000316   0.0000183   0.0000188
    3  -0.0000007  -0.0000005  -0.0000032   0.0000033
 Max gradient component =       7.886E-02
 RMS gradient           =       2.033E-02
 Gradient time:  CPU 6.92 s  wall 0.58 s
 Geometry Optimization Parameters
   NAtoms,    NIC,     NZ,  NCons,   NDum,   NFix, NCnnct, MaxDiis
       10      56       0       1       0       0       0       0

 Cartesian Hessian Update
 Hessian Updated using BFGS Update


** CONSTRAINED OPTIMIZATION IN DELOCALIZED INTERNAL COORDINATES **
   Searching for a Minimum

   Optimization Cycle:   3

                       Coordinates (Angstroms)
     ATOM                X               Y               Z
      1  S        -2.1173412914   -0.0002455960   -0.0036471543
      2  C         0.4826559672    0.0000115669   -0.0004524116
      3  C         1.1489713493    1.3005742059    0.0004210928
      4  C         1.1492521034   -1.3004073400    0.0005214379
      5  H         1.8092830640    1.3770190503    0.8812028270
      6  H         1.8141518350    1.3762067724   -0.8767387377
      7  H         0.4441307320    2.1310688399   -0.0017461834
      8  H         0.4445931403   -2.1310592482   -0.0006179458
      9  H         1.8105494207   -1.3763166900    0.8806044774
     10  H         1.8134856794   -1.3762845612   -0.8773404022
   Point Group: c1    Number of degrees of freedom:    24


   Energy is   -515.957624884

              Constraints and their Current Values
                                        Value     Constraint
   Distance(Angs):        1   2             2.599999     2.600000
 Hessian Updated using BFGS Update

   Using Lagrange Multiplier Algorithm


 22 Hessian modes will be used to form the next step
  Hessian Eigenvalues:
    -1.018263    0.044999    0.045000    0.045000    0.084424    0.092305
     0.092306    0.096428    0.144271    0.160000    0.169445    0.248038
     0.250000    0.323463    0.333283    0.333291    0.333299    0.347503
     0.349212    0.366466    0.379063    0.982630

 Minimum Search - Taking P-RFO Step
 Searching for Lamda that Maximizes Along the Constraint modes Only
 Value Taken    Lamda =   0.00000000
 Searching for Lamda that Minimizes Along All other modes
 Value Taken    Lamda =  -0.00000061
 Step Taken.  Stepsize is  0.002334

                             Maximum     Tolerance    Cnvgd?
         Gradient            0.000274       0.000300     YES
         Displacement        0.001978       0.001200      NO
         Energy change      0.000429       0.000001      NO


 New Cartesian Coordinates Obtained by Inverse Iteration

 Displacement from previous Coordinates is:  0.001936
 ----------------------------------------------------------------
             Standard Nuclear Orientation (Angstroms)
    I     Atom           X                Y                Z
 ----------------------------------------------------------------
    1      S      -2.1173823736    -0.0002431461    -0.0036534383
    2      C       0.4826156491     0.0000109987    -0.0004569148
    3      C       1.1486144149     1.3003748931     0.0004175574
    4      C       1.1488959332    -1.3002087591     0.0005202662
    5      H       1.8093195993     1.3768170637     0.8810377429
    6      H       1.8142020769     1.3760232219    -0.8765644270
    7      H       0.4444395258     2.1314205653    -0.0017423763
    8      H       0.4449034663    -2.1314121129    -0.0006006695
    9      H       1.8106044745    -1.3761136845     0.8804273582
   10      H       1.8135192336    -1.3761020401    -0.8771780988
 ----------------------------------------------------------------
 Nuclear Repulsion Energy =   130.5978704048 hartrees
 There are       20 alpha and       20 beta electrons

                       Distance Matrix (Angstroms)
             S (  1)   C (  2)   C (  3)   C (  4)   H (  5)   H (  6)
   C (  2)  2.600000
   C (  3)  3.515446  1.460993
   C (  4)  3.515466  1.460993  2.600584
   H (  5)  4.254170  2.105415  1.103570  2.894467
   H (  6)  4.255989  2.105729  1.103552  2.893808  1.757609
   H (  7)  3.332705  2.131752  1.089268  3.503191  1.792101  1.792258
   H (  8)  3.332746  2.131757  3.503195  1.089268  3.866082  3.865798
   H (  9)  4.254844  2.105524  2.894173  1.103565  2.752931  3.265163
   H ( 10)  4.255352  2.105619  2.894098  1.103557  3.266482  2.752125
             H (  7)   H (  8)   H (  9)
   H (  8)  4.262833
   H (  9)  3.866190  1.792157
   H ( 10)  3.865680  1.792203  1.757608
 
 Applying Cartesian multipole field
    Component          Value
    ---------          -----
     (2,0,0)        1.00000E-11
     (0,2,0)        2.00000E-11
     (0,0,2)       -3.00000E-10
 Nucleus-field energy     =     0.0000000030 hartrees
 Requested basis set is 6-31G(d,p)
 There are 35 shells and 94 basis functions
 A cutoff of  1.0D-14 yielded    605 shell pairs
 There are      4488 function pairs
 Smallest overlap matrix eigenvalue = 6.29E-03
 Guess from superposition of atomic densities
 Warning:  Energy on first SCF cycle will be non-variational
 SAD guess density has 40.000000 electrons

 -----------------------------------------------------------------------
  General SCF calculation program by
  Eric Jon Sundstrom, Paul Horn, Yuezhi Mao, Dmitri Zuev, Alec White,
  David Stuck, Shaama M.S., Shane Yost, Joonho Lee, David Small,
  Daniel Levine, Susi Lehtola, Hugh Burton, Evgeny Epifanovsky
 -----------------------------------------------------------------------
 Exchange:     0.2000 Hartree-Fock + 0.0800 Slater + 0.7200 B88
 Correlation:  0.1900 VWN1RPA + 0.8100 LYP
 Using SG-1 standard quadrature grid
 using 12 threads for integral computing
 -------------------------------------------------------
 OpenMP Integral computing Module                
 Release: version 1.0, May 2013, Q-Chem Inc. Pittsburgh 
 -------------------------------------------------------
 -------------------------------------------------------
 OpenMP BLAS3 based DFT computing Module                
 Release: version 1.0, May 2013, Q-Chem Inc. Pittsburgh 
 -------------------------------------------------------
 A unrestricted SCF calculation will be
 performed using DIIS
 SCF converges when DIIS error is below 1.0e-06
 Alpha HF Exchange    Energy =  -4.24419933157078
 Beta HF Exchange     Energy =  -4.24419933157078
 DFT Correlation      Energy =  -1.79117533537011
 DFT Exchange         Energy = -33.43564432979527
 One-Electron (alpha) Energy = -481.59642367992029
 One-Electron (beta)  Energy = -481.59642367992029
 Total Coulomb        Energy = 360.11795469469450
 ---------------------------------------
  Cycle       Energy         DIIS error
 ---------------------------------------
    1    -516.1922405856      2.93e-02  
 Alpha HF Exchange    Energy =  -4.26835620037749
 Beta HF Exchange     Energy =  -4.26835620037749
 DFT Correlation      Energy =  -1.81358022942115
 DFT Exchange         Energy = -33.89766798219785
 One-Electron (alpha) Energy = -484.70009884501007
 One-Electron (beta)  Energy = -484.70009884500996
 Total Coulomb        Energy = 367.29889766361862
    2    -515.7513902309      5.48e-03  
 Alpha HF Exchange    Energy =  -4.26364950160607
 Beta HF Exchange     Energy =  -4.26364950160607
 DFT Correlation      Energy =  -1.81009444407577
 DFT Exchange         Energy = -33.80453046981543
 One-Electron (alpha) Energy = -481.61604253921462
 One-Electron (beta)  Energy = -481.61604253921479
 Total Coulomb        Energy = 362.79702549055054
    3    -513.9791130971      1.57e-02  
 Alpha HF Exchange    Energy =  -4.22438414545878
 Beta HF Exchange     Energy =  -4.22438414545879
 DFT Correlation      Energy =  -1.79581340149097
 DFT Exchange         Energy = -33.55451524558791
 One-Electron (alpha) Energy = -482.10891154057356
 One-Electron (beta)  Energy = -482.10891154057379
 Total Coulomb        Energy = 361.50773348357393
    4    -515.9113161277      2.92e-03  
 Alpha HF Exchange    Energy =  -4.23844066341786
 Beta HF Exchange     Energy =  -4.23844066341785
 DFT Correlation      Energy =  -1.80629742781291
 DFT Exchange         Energy = -33.70831223719052
 One-Electron (alpha) Energy = -482.99793195247855
 One-Electron (beta)  Energy = -482.99793195247844
 Total Coulomb        Energy = 363.48772428177563
    5    -515.9017602072      3.00e-03  
 Alpha HF Exchange    Energy =  -4.23890342777832
 Beta HF Exchange     Energy =  -4.23890342777832
 DFT Correlation      Energy =  -1.80450878247444
 DFT Exchange         Energy = -33.69576796525435
 One-Electron (alpha) Energy = -483.12530169747868
 One-Electron (beta)  Energy = -483.12530169747879
 Total Coulomb        Energy = 363.67393799106458
    6    -515.9568785993      3.79e-04  
 Alpha HF Exchange    Energy =  -4.23717436534466
 Beta HF Exchange     Energy =  -4.23717436534466
 DFT Correlation      Energy =  -1.80390071337031
 DFT Exchange         Energy = -33.68212725505229
 One-Electron (alpha) Energy = -482.95644900175023
 One-Electron (beta)  Energy = -482.95644900175000
 Total Coulomb        Energy = 363.31976854918867
    7    -515.9556357456      5.32e-04  
 Alpha HF Exchange    Energy =  -4.23800415582423
 Beta HF Exchange     Energy =  -4.23800415582423
 DFT Correlation      Energy =  -1.80386301233531
 DFT Exchange         Energy = -33.68512189683879
 One-Electron (alpha) Energy = -483.02474062674190
 One-Electron (beta)  Energy = -483.02474062674173
 Total Coulomb        Energy = 363.45901966387680
    8    -515.9575844026      7.51e-05  
 Alpha HF Exchange    Energy =  -4.23815032800499
 Beta HF Exchange     Energy =  -4.23815032800498
 DFT Correlation      Energy =  -1.80383384926377
 DFT Exchange         Energy = -33.68537589167325
 One-Electron (alpha) Energy = -483.03025732615350
 One-Electron (beta)  Energy = -483.03025732615322
 Total Coulomb        Energy = 363.47053059343773
    9    -515.9576240480      1.21e-05  
 Alpha HF Exchange    Energy =  -4.23816693200160
 Beta HF Exchange     Energy =  -4.23816693200160
 DFT Correlation      Energy =  -1.80383590089625
 DFT Exchange         Energy = -33.68542902057315
 One-Electron (alpha) Energy = -483.03098981099146
 One-Electron (beta)  Energy = -483.03098981099163
 Total Coulomb        Energy = 363.47208365704950
   10    -515.9576243426      1.05e-05  
 Alpha HF Exchange    Energy =  -4.23816724682083
 Beta HF Exchange     Energy =  -4.23816724682083
 DFT Correlation      Energy =  -1.80383715979373
 DFT Exchange         Energy = -33.68543067627908
 One-Electron (alpha) Energy = -483.03051453773941
 One-Electron (beta)  Energy = -483.03051453773912
 Total Coulomb        Energy = 363.47113606491519
   11    -515.9576249324      4.92e-06  
 Alpha HF Exchange    Energy =  -4.23816710340646
 Beta HF Exchange     Energy =  -4.23816710340645
 DFT Correlation      Energy =  -1.80383837736763
 DFT Exchange         Energy = -33.68543302612619
 One-Electron (alpha) Energy = -483.03008492410936
 One-Electron (beta)  Energy = -483.03008492410942
 Total Coulomb        Energy = 363.47027995409269
   12    -515.9576250966      3.51e-07  Convergence criterion met
 ---------------------------------------
 SCF time:   CPU 24.26s  wall 2.00s 
<S^2> =         -0.000000000
 Alpha HF Exchange    Energy =  -4.23816710340646
 Beta HF Exchange     Energy =  -4.23816710340645
 DFT Correlation      Energy =  -1.80383837736763
 DFT Exchange         Energy = -33.68543302612619
 One-Electron (alpha) Energy = -483.03008492410936
 One-Electron (beta)  Energy = -483.03008492410942
 Total Coulomb        Energy = 363.47027995409269
 Nuclear repulsion Energy = 130.59787040783945
 SCF   energy in the final basis set =     -515.9576250966
 Total energy in the final basis set =     -515.9576250966
 
 --------------------------------------------------------------
 
                    Orbital Energies (a.u.)
 --------------------------------------------------------------
 
 Alpha MOs
 -- Occupied --
-88.854 -10.311 -10.232 -10.232  -7.907  -5.876  -5.866  -5.862
 -0.838  -0.748  -0.605  -0.571  -0.479  -0.475  -0.463  -0.435
 -0.415  -0.270  -0.206  -0.198
 -- Virtual --
 -0.128  -0.097   0.070   0.116   0.133   0.133   0.138   0.161
  0.199   0.266   0.349   0.405   0.409   0.420   0.453   0.535
  0.540   0.540   0.582   0.636   0.640   0.670   0.699   0.767
  0.778   0.828   0.828   0.839   0.845   0.854   0.862   0.876
  0.894   0.911   1.023   1.248   1.249   1.308   1.348   1.463
  1.552   1.810   1.837   1.858   1.885   1.886   1.988   1.991
  2.031   2.058   2.058   2.059   2.224   2.295   2.322   2.510
  2.553   2.566   2.643   2.676   2.792   2.812   2.895   2.907
  3.128   3.166   3.345   3.373   3.382   3.420   3.934   4.059
  4.433   4.497
 
 Beta MOs
 -- Occupied --
-88.854 -10.311 -10.232 -10.232  -7.907  -5.876  -5.866  -5.862
 -0.838  -0.748  -0.605  -0.571  -0.479  -0.475  -0.463  -0.435
 -0.415  -0.270  -0.206  -0.198
 -- Virtual --
 -0.128  -0.097   0.070   0.116   0.133   0.133   0.138   0.161
  0.199   0.266   0.349   0.405   0.409   0.420   0.453   0.535
  0.540   0.540   0.582   0.636   0.640   0.670   0.699   0.767
  0.778   0.828   0.828   0.839   0.845   0.854   0.862   0.876
  0.894   0.911   1.023   1.248   1.249   1.308   1.348   1.463
  1.552   1.810   1.837   1.858   1.885   1.886   1.988   1.991
  2.031   2.058   2.058   2.059   2.224   2.295   2.322   2.510
  2.553   2.566   2.643   2.676   2.792   2.812   2.895   2.907
  3.128   3.166   3.345   3.373   3.382   3.420   3.934   4.059
  4.433   4.497
 --------------------------------------------------------------
 
          Ground-State Mulliken Net Atomic Charges

     Atom                 Charge (a.u.)    Spin (a.u.)
  --------------------------------------------------------
      1 S                    -0.351161       0.000000
      2 C                     0.100443      -0.000000
      3 C                    -0.374247      -0.000000
      4 C                    -0.374249       0.000000
      5 H                     0.154609       0.000000
      6 H                     0.154476       0.000000
      7 H                     0.190522       0.000000
      8 H                     0.190521      -0.000000
      9 H                     0.154559      -0.000000
     10 H                     0.154527       0.000000
  --------------------------------------------------------
  Sum of atomic charges =    -0.000000
  Sum of spin   charges =     0.000000

 -----------------------------------------------------------------
                    Cartesian Multipole Moments
 -----------------------------------------------------------------
    Charge (ESU x 10^10)
                 0.0000
    Dipole Moment (Debye)
         X       6.2924      Y       0.0006      Z       0.0088
       Tot       6.2924
    Quadrupole Moments (Debye-Ang)
        XX     -35.4931     XY      -0.0007     YY     -30.7268
        XZ      -0.0071     YZ       0.0007     ZZ     -33.4660
    Octopole Moments (Debye-Ang^2)
       XXX      38.7598    XXY       0.0017    XYY      16.7611
       YYY       0.0079    XXZ       0.0463    XYZ       0.0015
       YYZ       0.0512    XZZ      14.4831    YZZ       0.0026
       ZZZ       0.1578
    Hexadecapole Moments (Debye-Ang^3)
      XXXX    -530.4225   XXXY      -0.0144   XXYY    -131.9360
      XYYY      -0.0207   YYYY    -199.2898   XXXZ      -0.3399
      XXYZ       0.0029   XYYZ      -0.1225   YYYZ      -0.0005
      XXZZ     -99.3751   XYZZ      -0.0058   YYZZ     -43.9083
      XZZZ      -0.3440   YZZZ       0.0072   ZZZZ     -53.0822
 -----------------------------------------------------------------
 Calculating analytic gradient of the SCF energy
 Gradient of SCF Energy
            1           2           3           4           5           6
    1  -0.0788469   0.0788411   0.0000382   0.0000383  -0.0000170  -0.0000173
    2  -0.0000080   0.0000078  -0.0000073   0.0000073  -0.0000051  -0.0000051
    3  -0.0000962   0.0000976   0.0000000  -0.0000003   0.0000113  -0.0000123
            7           8           9          10
    1  -0.0000014  -0.0000011  -0.0000173  -0.0000166
    2   0.0000119  -0.0000120   0.0000051   0.0000053
    3  -0.0000003  -0.0000003   0.0000121  -0.0000116
 Max gradient component =       7.885E-02
 RMS gradient           =       2.036E-02
 Gradient time:  CPU 6.91 s  wall 0.58 s
 Geometry Optimization Parameters
   NAtoms,    NIC,     NZ,  NCons,   NDum,   NFix, NCnnct, MaxDiis
       10      56       0       1       0       0       0       0

 Cartesian Hessian Update
 Hessian Updated using BFGS Update


** CONSTRAINED OPTIMIZATION IN DELOCALIZED INTERNAL COORDINATES **
   Searching for a Minimum

   Optimization Cycle:   4

                       Coordinates (Angstroms)
     ATOM                X               Y               Z
      1  S        -2.1173823736   -0.0002431461   -0.0036534383
      2  C         0.4826156491    0.0000109987   -0.0004569148
      3  C         1.1486144149    1.3003748931    0.0004175574
      4  C         1.1488959332   -1.3002087591    0.0005202662
      5  H         1.8093195993    1.3768170637    0.8810377429
      6  H         1.8142020769    1.3760232219   -0.8765644270
      7  H         0.4444395258    2.1314205653   -0.0017423763
      8  H         0.4449034663   -2.1314121129   -0.0006006695
      9  H         1.8106044745   -1.3761136845    0.8804273582
     10  H         1.8135192336   -1.3761020401   -0.8771780988
   Point Group: c1    Number of degrees of freedom:    24


   Energy is   -515.957625097

              Constraints and their Current Values
                                        Value     Constraint
   Distance(Angs):        1   2             2.600000     2.600000
 Hessian Updated using BFGS Update

 20 Hessian modes will be used to form the next step
  Hessian Eigenvalues:
     0.044984    0.045000    0.045000    0.075048    0.092305    0.092306
     0.096428    0.148957    0.160001    0.169327    0.243401    0.250000
     0.326183    0.333283    0.333291    0.333299    0.346803    0.349212
     0.366466    0.388156

 Minimum Search - Taking Simple RFO Step
 Searching for Lamda that Minimizes Along All modes
 Value Taken    Lamda =   0.00000000
 Step Taken.  Stepsize is  0.000467

                             Maximum     Tolerance    Cnvgd?
         Gradient           0.000041      0.000300     YES
         Displacement       0.000258      0.001200     YES
         Energy change     -0.000000      0.000001     YES


                       Distance Matrix (Angstroms)
             S (  1)   C (  2)   C (  3)   C (  4)   H (  5)   H (  6)
   C (  2)  2.600000
   C (  3)  3.515446  1.460993
   C (  4)  3.515466  1.460993  2.600584
   H (  5)  4.254170  2.105415  1.103570  2.894467
   H (  6)  4.255989  2.105729  1.103552  2.893808  1.757609
   H (  7)  3.332705  2.131752  1.089268  3.503191  1.792101  1.792258
   H (  8)  3.332746  2.131757  3.503195  1.089268  3.866082  3.865798
   H (  9)  4.254844  2.105524  2.894173  1.103565  2.752931  3.265163
   H ( 10)  4.255352  2.105619  2.894098  1.103557  3.266482  2.752125
             H (  7)   H (  8)   H (  9)
   H (  8)  4.262833
   H (  9)  3.866190  1.792157
   H ( 10)  3.865680  1.792203  1.757608
 
 Final energy is   -515.957625096593     


 ******************************
 **  OPTIMIZATION CONVERGED  **
 ******************************

                       Coordinates (Angstroms)
     ATOM                X               Y               Z
      1  S        -2.1173823736   -0.0002431461   -0.0036534383
      2  C         0.4826156491    0.0000109987   -0.0004569148
      3  C         1.1486144149    1.3003748931    0.0004175574
      4  C         1.1488959332   -1.3002087591    0.0005202662
      5  H         1.8093195993    1.3768170637    0.8810377429
      6  H         1.8142020769    1.3760232219   -0.8765644270
      7  H         0.4444395258    2.1314205653   -0.0017423763
      8  H         0.4449034663   -2.1314121129   -0.0006006695
      9  H         1.8106044745   -1.3761136845    0.8804273582
     10  H         1.8135192336   -1.3761020401   -0.8771780988

Z-matrix Print:
$molecule
0 1
S 
C  1 2.600000
C  2 1.460993 1 117.125483
H  3 1.089268 2 112.604207 1 -0.075767 0
H  3 1.103552 2 109.601565 1 -122.395870 0
H  3 1.103570 2 109.575490 1 122.205650 0
C  2 1.460993 1 117.126689 3 179.990583 0
H  7 1.089268 2 112.604550 1 0.020309 0
H  7 1.103557 2 109.592477 1 122.327141 0
H  7 1.103565 2 109.584428 1 -122.274624 0
$end

PES scan, value:    2.6000 energy: -515.9576250966
------- Summary of potential scan: ------ 
    2.6000      -515.9576250966
----------------------------------------- 
Archival summary:
1\1\hpc0249\JobtypUnspecified\ProcedureUnspecified\6-31G**\136\knomura\WedMar1313:50:292019WedMar1313:50:292019\0\\#,JobtypUnspecified,ProcedureUnspecified,6-31G**,\\0,1\S\C,1,2.6\C,2,1.46099,1,117.125\H,3,1.08927,2,112.604,1,-0.0757671,0\H,3,1.10355,2,109.602,1,-122.396,0\H,3,1.10357,2,109.575,1,122.206,0\C,2,1.46099,1,117.127,3,179.991,0\H,7,1.08927,2,112.605,1,0.0203089,0\H,7,1.10356,2,109.592,1,122.327,0\H,7,1.10357,2,109.584,1,-122.275,0\\\@

 Total job time:  12.54s(wall), 141.42s(cpu) 
 Wed Mar 13 13:50:29 2019

        *************************************************************
        *                                                           *
        *  Thank you very much for using Q-Chem.  Have a nice day.  *
        *                                                           *
        *************************************************************


