
Running Job 1 of 1 ruruma/CH3CH2CH2Cl_afterGeo_singlet.xyz.data/inputs/bond_singlet_2.1.in
qchem ruruma/CH3CH2CH2Cl_afterGeo_singlet.xyz.data/inputs/bond_singlet_2.1.in_12022.0 /staging/scratch/2858534/qchem12022/ 1
/usr/usc/qchem/5.1.1/exe/qcprog.exe_s ruruma/CH3CH2CH2Cl_afterGeo_singlet.xyz.data/inputs/bond_singlet_2.1.in_12022.0 /staging/scratch/2858534/qchem12022/
Check license passed

                  Welcome to Q-Chem
     A Quantum Leap Into The Future Of Chemistry


 Q-Chem 5.1, Q-Chem, Inc., Pleasanton, CA (2018)

 Yihan Shao,  Zhengting Gan,  E. Epifanovsky,  A. T. B. Gilbert,  M. Wormit,  
 J. Kussmann,  A. W. Lange,  A. Behn,  Jia Deng,  Xintian Feng,  D. Ghosh,  
 M. Goldey,  P. R. Horn,  L. D. Jacobson,  I. Kaliman,  T. Kus,  A. Landau,  
 Jie Liu,  E. I. Proynov,  R. M. Richard,  R. P. Steele,  E. J. Sundstrom,  
 H. L. Woodcock III,  P. M. Zimmerman,  D. Zuev,  B. Albrecht,  E. Alguire,  
 S. A. Baeppler,  D. Barton,  Z. Benda,  Y. A. Bernard,  E. J. Berquist,  
 K. B. Bravaya,  H. Burton,  D. Casanova,  Chun-Min Chang,  Yunqing Chen,  
 A. Chien,  K. D. Closser,  M. P. Coons,  S. Coriani,  S. Dasgupta,  
 A. L. Dempwolff,  M. Diedenhofen,  Hainam Do,  R. G. Edgar,  Po-Tung Fang,  
 S. Faraji,  S. Fatehi,  Qingguo Feng,  K. D. Fenk,  J. Fosso-Tande,  
 Qinghui Ge,  A. Ghysels,  G. Gidofalvi,  J. Gomes,  J. Gonthier,  A. Gunina,  
 D. Hait,  M. W. D. Hanson-Heine,  P. H. P. Harbach,  A. W. Hauser,  
 J. E. Herr,  E. G. Hohenstein,  Z. C. Holden,  Kerwin Hui,  B. C. Huynh,  
 T.-C. Jagau,  Hyunjun Ji,  B. Kaduk,  K. Khistyaev,  Jaehoon Kim,  
 P. Klunzinger,  K. Koh,  D. Kosenkov,  L. Koulias,  T. Kowalczyk,  
 C. M. Krauter,  A. Kunitsa,  Ka Un Lao,  A. Laurent,  K. V. Lawler,  
 Joonho Lee,  D. Lefrancois,  S. Lehtola,  D. S. Levine,  Yi-Pei Li,  
 You-Sheng Lin,  Fenglai Liu,  E. Livshits,  A. Luenser,  P. Manohar,  
 E. Mansoor,  S. F. Manzer,  Shan-Ping Mao,  Yuezhi Mao,  N. Mardirossian,  
 A. V. Marenich,  T. Markovich,  L. A. Martinez-Martinez,  S. A. Maurer,  
 N. J. Mayhall,  S. C. McKenzie,  J.-M. Mewes,  A. F. Morrison,  
 J. W. Mullinax,  K. Nanda,  T. S. Nguyen-Beck,  R. Olivares-Amaya,  
 J. A. Parkhill,  T. M. Perrine,  F. Plasser,  P. Pokhilko,  S. Prager,  
 A. Prociuk,  E. Ramos,  D. R. Rehn,  F. Rob,  M. Schneider,  N. Sergueev,  
 S. M. Sharada,  S. Sharma,  D. W. Small,  T. Stauch,  T. Stein,  
 Yu-Chuan Su,  A. J. W. Thom,  A. Tkatchenko,  T. Tsuchimochi,  N. M. Tubman,  
 L. Vogt,  M. L. Vidal,  O. Vydrov,  M. A. Watson,  J. Wenzel,  
 M. de Wergifosse,  T. A. Wesolowski,  A. White,  J. Witte,  A. Yamada,  
 Jun Yang,  K. Yao,  S. Yeganeh,  S. R. Yost,  Zhi-Qiang You,  A. Zech,  
 Igor Ying Zhang,  Xing Zhang,  Yan Zhao,  Ying Zhu,  B. R. Brooks,  
 G. K. L. Chan,  C. J. Cramer,  M. S. Gordon,  W. J. Hehre,  A. Klamt,  
 M. W. Schmidt,  C. D. Sherrill,  D. G. Truhlar,  A. Aspuru-Guzik,  R. Baer,  
 A. T. Bell,  N. A. Besley,  Jeng-Da Chai,  A. E. DePrince, III,  
 R. A. DiStasio Jr.,  A. Dreuw,  B. D. Dunietz,  T. R. Furlani,  
 Chao-Ping Hsu,  Yousung Jung,  Jing Kong,  D. S. Lambrecht,  WanZhen Liang,  
 C. Ochsenfeld,  V. A. Rassolov,  L. V. Slipchenko,  J. E. Subotnik,  
 T. Van Voorhis,  J. M. Herbert,  A. I. Krylov,  P. M. W. Gill,  M. Head-Gordon

 Contributors to earlier versions of Q-Chem not listed above: 
 R. D. Adamson,  B. Austin,  J. Baker,  G. J. O. Beran,  K. Brandhorst,  
 S. T. Brown,  E. F. C. Byrd,  A. K. Chakraborty,  C.-L. Cheng,  
 Siu Hung Chien,  D. M. Chipman,  D. L. Crittenden,  H. Dachsel,  
 R. J. Doerksen,  A. D. Dutoi,  L. Fusti-Molnar,  W. A. Goddard III,  
 A. Golubeva-Zadorozhnaya,  S. R. Gwaltney,  G. Hawkins,  A. Heyden,  
 S. Hirata,  G. Kedziora,  F. J. Keil,  C. Kelley,  Jihan Kim,  R. A. King,  
 R. Z. Khaliullin,  P. P. Korambath,  W. Kurlancheek,  A. M. Lee,  M. S. Lee,  
 S. V. Levchenko,  Ching Yeh Lin,  D. Liotard,  R. C. Lochan,  I. Lotan,  
 P. E. Maslen,  N. Nair,  D. P. O'Neill,  D. Neuhauser,  E. Neuscamman,  
 C. M. Oana,  R. Olson,  B. Peters,  R. Peverati,  P. A. Pieniazek,  
 Y. M. Rhee,  J. Ritchie,  M. A. Rohrdanz,  E. Rosta,  N. J. Russ,  
 H. F. Schaefer III,  N. E. Schultz,  N. Shenvi,  A. C. Simmonett,  A. Sodt,  
 D. Stuck,  K. S. Thanthiriwatte,  V. Vanovschi,  Tao Wang,  A. Warshel,  
 C. F. Williams,  Q. Wu,  X. Xu,  W. Zhang

 Please cite Q-Chem as follows:
 Y. Shao et al., Mol. Phys. 113, 184-215 (2015)
 DOI: 10.1080/00268976.2014.952696

 Q-Chem 5.1.1 for Intel X86 EM64T Linux

 Parts of Q-Chem use Armadillo 8.300.2 (Tropical Shenanigans).
 http://arma.sourceforge.net/

 Q-Chem begins on Mon Mar 11 19:04:37 2019  

Host: 
0

     Scratch files written to /staging/scratch/2858534/qchem12022//
 Aug318 |scratch|qcdevops|jenkins|workspace|build_RNUM 6013   
Processing $rem in /usr/usc/qchem/5.1.1/config/preferences.
 MEM_TOTAL  2000 
Input Ideriv = 2
Curr. Ideriv = -1
Max.  Ideriv = 2

Checking the input file for inconsistencies... 	...done.

--------------------------------------------------------------
User input:
--------------------------------------------------------------

$comment
potential surface scanner
$end

$rem
JOBTYPE  PES_SCAN
UNRESTRICTED TRUE
SYM_IGNORE  TRUE
GEOM_OPT_MAX_CYCLES 400
SCF_MAX_CYCLES 400
METHOD   B3LYP
BASIS   6-31G**
PDB_PRINT 2
SCF_CONVERGENCE 6
THRESH 14
SCF_PRINT 1
$end
$molecule
0 1
Cl 1.823066 -0.659274 -0.239328
C -0.802261 0.567030 -0.322047
C 0.553564 0.787790 0.303230
C -1.535302 -0.683474 0.165369
H -0.700729 0.556150 -1.412421
H -1.390497 1.465339 -0.076206
H 0.568794 0.712258 1.389624
H 1.068004 1.681891 -0.042161
H -1.674072 -0.662848 1.251954
H -2.523780 -0.757881 -0.297454
H -0.971186 -1.585381 -0.085858
$end
$scan
stre 1 3 2.100000 2.101000 0.100000
$end
--------------------------------------------------------------
 ----------------------------------------------------------------
             Standard Nuclear Orientation (Angstroms)
    I     Atom           X                Y                Z
 ----------------------------------------------------------------
    1      Cl      1.8230660000    -0.6592740000    -0.2393280000
    2      C      -0.8022610000     0.5670300000    -0.3220470000
    3      C       0.5535640000     0.7877900000     0.3032300000
    4      C      -1.5353020000    -0.6834740000     0.1653690000
    5      H      -0.7007290000     0.5561500000    -1.4124210000
    6      H      -1.3904970000     1.4653390000    -0.0762060000
    7      H       0.5687940000     0.7122580000     1.3896240000
    8      H       1.0680040000     1.6818910000    -0.0421610000
    9      H      -1.6740720000    -0.6628480000     1.2519540000
   10      H      -2.5237800000    -0.7578810000    -0.2974540000
   11      H      -0.9711860000    -1.5853810000    -0.0858580000
 ----------------------------------------------------------------
 Nuclear Repulsion Energy =   157.2421678022 hartrees
 There are       21 alpha and       21 beta electrons
 Requested basis set is 6-31G(d,p)
 There are 38 shells and 99 basis functions

 Total QAlloc Memory Limit   2000 MB
 Mega-Array Size       188 MB
 MEM_STATIC part       192 MB
A total of 1 constraints
  
            1
    1   1.0100000
    2   1.0100000
    3   3.0100000
    4   2.1000000
    5   2.1010000
    6   0.1000000
    7   0.0000000
    8   0.0000000
    9   0.0000000
   10   0.0000000

                       Distance Matrix (Angstroms)
             Cl(  1)   C (  2)   C (  3)   C (  4)   H (  5)   H (  6)
   C (  2)  2.898794
   C (  3)  2.000000  1.509294
   C (  4)  3.382750  1.529276  2.558708
   H (  5)  3.036930  1.095145  2.137842  2.173155
   H (  6)  3.855850  1.101553  2.093422  2.167193  1.757235
   H (  7)  2.471393  2.197885  1.089123  2.806081  3.080181  2.560197
   H (  8)  2.467802  2.195255  1.087824  3.523524  2.504660  2.468255
   H (  9)  3.801830  2.179480  2.822550  1.095605  3.087434  2.524600
   H ( 10)  4.348353  2.172469  3.495707  1.093997  2.508654  2.505192
   H ( 11)  2.947723  2.171910  2.847489  1.093059  2.533589  3.079417
             H (  7)   H (  8)   H (  9)   H ( 10)
   H (  8)  1.799835
   H (  9)  2.634448  3.832951
   H ( 10)  3.817271  4.349549  1.769661
   H ( 11)  3.134921  3.851658  1.770553  1.772026
 
 A cutoff of  1.0D-14 yielded    722 shell pairs
 There are      5004 function pairs
 
 -------------------------------------------------------
 OpenMP Integral Computing Module                       
 Release: version 1.0, May 2013, Q-Chem Inc. Pittsburgh 
 -------------------------------------------------------
 Integral Job Info:
 Integral job number is                      11
 Integral operator is                         1
 short-range coefficients                     0
 long-range coefficients              100000000
 Omega coefficients                           0
 if combine SR and LR in K                    0
 Integral screening is                        0
 Integral computing path is                   2
 max size of driver memory is            800000
 size of driver memory is                593474
 size of scratch memory is             15267112
 max col of scratch BK array               1296
 max len of scratch array in speh3          155
 max len of scratch index in speh4           18
 max int batch size is                      520
 min int batch size is                       52
 fixed nKL is                                52
 max L of basis functions is                  2
 order of int derivative is                   0
 number of shells is                         38
 number of basis is                          99
 number of cartesian basis is                99
 number of contracted shell pairs           722
 number of primitive shell pairs           2721
 maxK2 (contraction) of shell pair           36
 max number of K2 of shell pair               1
 max number of CS2 of shell pair             57
 max number of PS2 of shell pair            222
 mem total for path MDJ                  514716
 -------------------------------------------------------
 Smallest overlap matrix eigenvalue = 5.90E-03

 Scale SEOQF with 1.000000e-01/1.000000e-01/1.000000e+00

 Standard Electronic Orientation quadrupole field applied
 Nucleus-field energy     =    -0.0000000034 hartrees
 Guess from superposition of atomic densities
 Warning:  Energy on first SCF cycle will be non-variational
 SAD guess density has 42.000000 electrons

 -----------------------------------------------------------------------
  General SCF calculation program by
  Eric Jon Sundstrom, Paul Horn, Yuezhi Mao, Dmitri Zuev, Alec White,
  David Stuck, Shaama M.S., Shane Yost, Joonho Lee, David Small,
  Daniel Levine, Susi Lehtola, Hugh Burton, Evgeny Epifanovsky
 -----------------------------------------------------------------------
 Exchange:     0.2000 Hartree-Fock + 0.0800 Slater + 0.7200 B88
 Correlation:  0.1900 VWN1RPA + 0.8100 LYP
 Using SG-1 standard quadrature grid
 using 12 threads for integral computing
 -------------------------------------------------------
 OpenMP Integral computing Module                
 Release: version 1.0, May 2013, Q-Chem Inc. Pittsburgh 
 -------------------------------------------------------
 -------------------------------------------------------
 OpenMP BLAS3 based DFT computing Module                
 Release: version 1.0, May 2013, Q-Chem Inc. Pittsburgh 
 -------------------------------------------------------
 A unrestricted SCF calculation will be
 performed using DIIS
 SCF converges when DIIS error is below 1.0e-06
 Alpha HF Exchange    Energy =  -4.56452970704655
 Beta HF Exchange     Energy =  -4.56452970704655
 DFT Correlation      Energy =  -1.90060321899784
 DFT Exchange         Energy = -35.74245139073270
 One-Electron (alpha) Energy = -551.12184145317110
 One-Electron (beta)  Energy = -551.12184145317110
 Total Coulomb        Energy = 412.74210706271793
 ---------------------------------------
  Cycle       Energy         DIIS error
 ---------------------------------------
    1    -579.0315220687      2.97e-02  
 Alpha HF Exchange    Energy =  -4.57862453017810
 Beta HF Exchange     Energy =  -4.57862453017810
 DFT Correlation      Energy =  -1.92673929084196
 DFT Exchange         Energy = -36.32144692928304
 One-Electron (alpha) Energy = -554.61763633584724
 One-Electron (beta)  Energy = -554.61763633584690
 Total Coulomb        Energy = 420.72212870674906
    2    -578.6764114467      3.51e-03  
 Alpha HF Exchange    Energy =  -4.52715767291622
 Beta HF Exchange     Energy =  -4.52715767291622
 DFT Correlation      Energy =  -1.90365454353632
 DFT Exchange         Energy = -35.89084797098450
 One-Electron (alpha) Energy = -551.27238587601323
 One-Electron (beta)  Energy = -551.27238587601300
 Total Coulomb        Energy = 413.48199613952085
    3    -578.6694256741      3.76e-03  
 Alpha HF Exchange    Energy =  -4.55038461216858
 Beta HF Exchange     Energy =  -4.55038461216858
 DFT Correlation      Energy =  -1.91508613573271
 DFT Exchange         Energy = -36.08565472251017
 One-Electron (alpha) Energy = -552.91244409662067
 One-Electron (beta)  Energy = -552.91244409662067
 Total Coulomb        Energy = 416.94172775223001
    4    -578.7425027249      3.02e-04  
 Alpha HF Exchange    Energy =  -4.55180140068765
 Beta HF Exchange     Energy =  -4.55180140068764
 DFT Correlation      Energy =  -1.91519899063826
 DFT Exchange         Energy = -36.09607517372659
 One-Electron (alpha) Energy = -552.98254906481520
 One-Electron (beta)  Energy = -552.98254906481498
 Total Coulomb        Energy = 417.09490893468234
    5    -578.7428983620      1.27e-04  
 Alpha HF Exchange    Energy =  -4.55130416399211
 Beta HF Exchange     Energy =  -4.55130416399210
 DFT Correlation      Energy =  -1.91516678411180
 DFT Exchange         Energy = -36.09261815150045
 One-Electron (alpha) Energy = -552.94760629713778
 One-Electron (beta)  Energy = -552.94760629713767
 Total Coulomb        Energy = 417.02046458404772
    6    -578.7429734751      5.75e-05  
 Alpha HF Exchange    Energy =  -4.55131253826836
 Beta HF Exchange     Energy =  -4.55131253826836
 DFT Correlation      Energy =  -1.91512928800936
 DFT Exchange         Energy = -36.09246142828528
 One-Electron (alpha) Energy = -552.94824840229967
 One-Electron (beta)  Energy = -552.94824840229978
 Total Coulomb        Energy = 417.02155397569140
    7    -578.7429908230      9.83e-06  
 Alpha HF Exchange    Energy =  -4.55135161393403
 Beta HF Exchange     Energy =  -4.55135161393404
 DFT Correlation      Energy =  -1.91514698726062
 DFT Exchange         Energy = -36.09279708421458
 One-Electron (alpha) Energy = -552.95202840472177
 One-Electron (beta)  Energy = -552.95202840472166
 Total Coulomb        Energy = 417.02954502956476
    8    -578.7429912805      1.84e-06  
 Alpha HF Exchange    Energy =  -4.55134688173570
 Beta HF Exchange     Energy =  -4.55134688173570
 DFT Correlation      Energy =  -1.91514532889222
 DFT Exchange         Energy = -36.09275703188720
 One-Electron (alpha) Energy = -552.95152328567235
 One-Electron (beta)  Energy = -552.95152328567201
 Total Coulomb        Energy = 417.02848359946785
    9    -578.7429912974      3.91e-07  Convergence criterion met
 ---------------------------------------
 SCF time:   CPU 21.80s  wall 2.00s 
<S^2> =         -0.000000000
 Alpha HF Exchange    Energy =  -4.55134688173570
 Beta HF Exchange     Energy =  -4.55134688173570
 DFT Correlation      Energy =  -1.91514532889222
 DFT Exchange         Energy = -36.09275703188720
 One-Electron (alpha) Energy = -552.95152328567235
 One-Electron (beta)  Energy = -552.95152328567201
 Total Coulomb        Energy = 417.02848359946785
 Nuclear repulsion Energy = 157.24216779871597
 SCF   energy in the final basis set =     -578.7429912974
 Total energy in the final basis set =     -578.7429912974
 
 --------------------------------------------------------------
 
                    Orbital Energies (a.u.)
 --------------------------------------------------------------
 
 Alpha MOs
 -- Occupied --
******* -10.260 -10.207 -10.184  -9.434  -7.198  -7.188  -7.188
 -0.828  -0.769  -0.687  -0.598  -0.478  -0.465  -0.430  -0.384
 -0.370  -0.361  -0.341  -0.288  -0.286
 -- Virtual --
 -0.020   0.085   0.126   0.133   0.148   0.158   0.175   0.183
  0.208   0.247   0.409   0.454   0.461   0.477   0.498   0.516
  0.551   0.571   0.581   0.653   0.688   0.698   0.741   0.815
  0.832   0.857   0.879   0.890   0.894   0.911   0.923   0.945
  0.960   0.992   1.030   1.102   1.304   1.346   1.433   1.516
  1.544   1.656   1.742   1.823   1.829   1.894   1.992   2.044
  2.061   2.067   2.100   2.102   2.220   2.246   2.274   2.356
  2.370   2.432   2.523   2.605   2.631   2.691   2.767   2.800
  2.849   2.877   2.898   3.178   3.237   3.285   3.372   3.428
  3.481   3.525   4.223   4.298   4.447   4.613
 
 Beta MOs
 -- Occupied --
******* -10.260 -10.207 -10.184  -9.434  -7.198  -7.188  -7.188
 -0.828  -0.769  -0.687  -0.598  -0.478  -0.465  -0.430  -0.384
 -0.370  -0.361  -0.341  -0.288  -0.286
 -- Virtual --
 -0.020   0.085   0.126   0.133   0.148   0.158   0.175   0.183
  0.208   0.247   0.409   0.454   0.461   0.477   0.498   0.516
  0.551   0.571   0.581   0.653   0.688   0.698   0.741   0.815
  0.832   0.857   0.879   0.890   0.894   0.911   0.923   0.945
  0.960   0.992   1.030   1.102   1.304   1.346   1.433   1.516
  1.544   1.656   1.742   1.823   1.829   1.894   1.992   2.044
  2.061   2.067   2.100   2.102   2.220   2.246   2.274   2.356
  2.370   2.432   2.523   2.605   2.631   2.691   2.767   2.800
  2.849   2.877   2.898   3.178   3.237   3.285   3.372   3.428
  3.481   3.525   4.223   4.298   4.447   4.613
 --------------------------------------------------------------
 
          Ground-State Mulliken Net Atomic Charges

     Atom                 Charge (a.u.)    Spin (a.u.)
  --------------------------------------------------------
      1 Cl                   -0.191369      -0.000000
      2 C                    -0.178339      -0.000000
      3 C                    -0.232806       0.000000
      4 C                    -0.318241      -0.000000
      5 H                     0.129791       0.000000
      6 H                     0.114953       0.000000
      7 H                     0.160974      -0.000000
      8 H                     0.161595       0.000000
      9 H                     0.105361      -0.000000
     10 H                     0.108937      -0.000000
     11 H                     0.139145       0.000000
  --------------------------------------------------------
  Sum of atomic charges =    -0.000000
  Sum of spin   charges =     0.000000

 -----------------------------------------------------------------
                    Cartesian Multipole Moments
 -----------------------------------------------------------------
    Charge (ESU x 10^10)
                -0.0000
    Dipole Moment (Debye)
         X      -2.1503      Y       1.8696      Z       0.5838
       Tot       2.9086
    Quadrupole Moments (Debye-Ang)
        XX     -36.5595     XY       1.7945     YY     -31.9975
        XZ       0.7874     YZ       0.2648     ZZ     -32.5610
    Octopole Moments (Debye-Ang^2)
       XXX     -38.8403    XXY       5.9825    XYY      -8.8000
       YYY      14.5381    XXZ       1.5858    XYZ       0.3716
       YYZ       1.2070    XZZ     -10.8716    YZZ       4.9945
       ZZZ       6.8441
    Hexadecapole Moments (Debye-Ang^3)
      XXXX    -466.5196   XXXY      20.0245   XXYY     -97.2357
      XYYY      20.3860   YYYY    -146.8684   XXXZ      14.1499
      XXYZ       0.6919   XYYZ       2.8982   YYYZ      -3.0663
      XXZZ     -88.9951   XYZZ       7.4573   YYZZ     -37.8692
      XZZZ      14.1809   YZZZ      -3.9450   ZZZZ     -66.8638
 -----------------------------------------------------------------
 Calculating analytic gradient of the SCF energy
 Gradient of SCF Energy
            1           2           3           4           5           6
    1   0.0214457   0.0000047  -0.0215882  -0.0000287   0.0000255   0.0000554
    2  -0.0244526   0.0000039   0.0243800   0.0000234  -0.0000547   0.0000400
    3  -0.0091325  -0.0000386   0.0090427   0.0000188   0.0000028   0.0000208
            7           8           9          10          11
    1   0.0000568   0.0000532  -0.0000229   0.0000005  -0.0000021
    2   0.0000189   0.0000147   0.0000172   0.0000009   0.0000083
    3   0.0000288   0.0000854  -0.0000148  -0.0000233   0.0000099
 Max gradient component =       2.445E-02
 RMS gradient           =       8.318E-03
 Gradient time:  CPU 8.32 s  wall 0.88 s
 Geometry Optimization Parameters
   NAtoms,    NIC,     NZ,  NCons,   NDum,   NFix, NCnnct, MaxDiis
       11      68       0       1       0       0       0       0


** CONSTRAINED OPTIMIZATION IN DELOCALIZED INTERNAL COORDINATES **
   Searching for a Minimum

   Optimization Cycle:   1

                       Coordinates (Angstroms)
     ATOM                X               Y               Z
      1  Cl        1.8230660000   -0.6592740000   -0.2393280000
      2  C        -0.8022610000    0.5670300000   -0.3220470000
      3  C         0.5535640000    0.7877900000    0.3032300000
      4  C        -1.5353020000   -0.6834740000    0.1653690000
      5  H        -0.7007290000    0.5561500000   -1.4124210000
      6  H        -1.3904970000    1.4653390000   -0.0762060000
      7  H         0.5687940000    0.7122580000    1.3896240000
      8  H         1.0680040000    1.6818910000   -0.0421610000
      9  H        -1.6740720000   -0.6628480000    1.2519540000
     10  H        -2.5237800000   -0.7578810000   -0.2974540000
     11  H        -0.9711860000   -1.5853810000   -0.0858580000
   Point Group: c1    Number of degrees of freedom:    27


   Energy is   -578.742991297

              Constraints and their Current Values
                                        Value     Constraint
   Distance(Angs):        1   3             2.000000     2.100000

 Attempting to Generate Delocalized Internal Coordinates

   Using Lagrange Multiplier Algorithm


 28 Hessian modes will be used to form the next step
  Hessian Eigenvalues:
    -0.927472    0.045000    0.045000    0.066738    0.077914    0.078546
     0.082958    0.083227    0.083528    0.106248    0.133987    0.160000
     0.160000    0.160000    0.160000    0.160000    0.219681    0.221735
     0.294904    0.314215    0.335110    0.341729    0.342248    0.343547
     0.344615    0.349142    0.350654    1.078200

 Minimum Search - Taking P-RFO Step
 Searching for Lamda that Maximizes Along the Constraint modes Only
 Value Taken    Lamda =   0.02732452
 Searching for Lamda that Minimizes Along All other modes
 Value Taken    Lamda =  -0.00989119
 Step Taken.  Stepsize is  0.184948

                             Maximum     Tolerance    Cnvgd?
         Gradient            0.188973       0.000300      NO
         Displacement        0.184943       0.001200      NO
         Energy change     *********       0.000001      NO


 New Cartesian Coordinates Obtained by Inverse Iteration

 Displacement from previous Coordinates is:  0.170738
 ----------------------------------------------------------------
             Standard Nuclear Orientation (Angstroms)
    I     Atom           X                Y                Z
 ----------------------------------------------------------------
    1      Cl      1.8835237768    -0.7143045325    -0.2583183947
    2      C      -0.8088681782     0.5721268680    -0.3203470535
    3      C       0.5448771958     0.7985922034     0.3075574473
    4      C      -1.5378141570    -0.6811481928     0.1660664917
    5      H      -0.7051484410     0.5614084835    -1.4105254993
    6      H      -1.4014644664     1.4679886200    -0.0761383306
    7      H       0.5579225794     0.7235351497     1.3939803530
    8      H       1.0561602421     1.6945604667    -0.0376034856
    9      H      -1.6787792414    -0.6606578029     1.2523841824
   10      H      -2.5251016414    -0.7595576104    -0.2986318654
   11      H      -0.9697066687    -1.5809436526    -0.0837218452
 ----------------------------------------------------------------
 Nuclear Repulsion Energy =   154.6622630726 hartrees
 There are       21 alpha and       21 beta electrons

                       Distance Matrix (Angstroms)
             Cl(  1)   C (  2)   C (  3)   C (  4)   H (  5)   H (  6)
   C (  2)  2.984582
   C (  3)  2.097867  1.509363
   C (  4)  3.447717  1.529267  2.558760
   H (  5)  3.107451  1.095154  2.137903  2.173228
   H (  6)  3.948005  1.101534  2.093695  2.167036  1.757081
   H (  7)  2.560213  2.197717  1.089091  2.805890  3.080079  2.560207
   H (  8)  2.556536  2.195024  1.087798  3.523376  2.504228  2.468347
   H (  9)  3.869768  2.179446  2.822544  1.095617  3.087473  2.524482
   H ( 10)  4.409042  2.172398  3.495721  1.093997  2.508683  2.504801
   H ( 11)  2.987051  2.171998  2.847675  1.093056  2.533786  3.079360
             H (  7)   H (  8)   H (  9)   H ( 10)
   H (  8)  1.800156
   H (  9)  2.634174  3.832886
   H ( 10)  3.817006  4.349284  1.769659
   H ( 11)  3.134945  3.851648  1.770562  1.772037
 
 Applying Cartesian multipole field
    Component          Value
    ---------          -----
     (2,0,0)        1.00000E-11
     (0,2,0)        2.00000E-11
     (0,0,2)       -3.00000E-10
 Nucleus-field energy     =    -0.0000000034 hartrees
 Requested basis set is 6-31G(d,p)
 There are 38 shells and 99 basis functions
 A cutoff of  1.0D-14 yielded    721 shell pairs
 There are      5003 function pairs
 Smallest overlap matrix eigenvalue = 5.95E-03
 Guess from superposition of atomic densities
 Warning:  Energy on first SCF cycle will be non-variational
 SAD guess density has 42.000000 electrons

 -----------------------------------------------------------------------
  General SCF calculation program by
  Eric Jon Sundstrom, Paul Horn, Yuezhi Mao, Dmitri Zuev, Alec White,
  David Stuck, Shaama M.S., Shane Yost, Joonho Lee, David Small,
  Daniel Levine, Susi Lehtola, Hugh Burton, Evgeny Epifanovsky
 -----------------------------------------------------------------------
 Exchange:     0.2000 Hartree-Fock + 0.0800 Slater + 0.7200 B88
 Correlation:  0.1900 VWN1RPA + 0.8100 LYP
 Using SG-1 standard quadrature grid
 using 12 threads for integral computing
 -------------------------------------------------------
 OpenMP Integral computing Module                
 Release: version 1.0, May 2013, Q-Chem Inc. Pittsburgh 
 -------------------------------------------------------
 -------------------------------------------------------
 OpenMP BLAS3 based DFT computing Module                
 Release: version 1.0, May 2013, Q-Chem Inc. Pittsburgh 
 -------------------------------------------------------
 A unrestricted SCF calculation will be
 performed using DIIS
 SCF converges when DIIS error is below 1.0e-06
 Alpha HF Exchange    Energy =  -4.55869499813589
 Beta HF Exchange     Energy =  -4.55869499813589
 DFT Correlation      Energy =  -1.89847912445529
 DFT Exchange         Energy = -35.73118395309733
 One-Electron (alpha) Energy = -548.55132300688672
 One-Electron (beta)  Energy = -548.55132300688672
 Total Coulomb        Energy = 410.20879077135339
 ---------------------------------------
  Cycle       Energy         DIIS error
 ---------------------------------------
    1    -578.9786452470      2.93e-02  
 Alpha HF Exchange    Energy =  -4.57644816946449
 Beta HF Exchange     Energy =  -4.57644816946448
 DFT Correlation      Energy =  -1.92457472827687
 DFT Exchange         Energy = -36.30757504170868
 One-Electron (alpha) Energy = -552.07311534956636
 One-Electron (beta)  Energy = -552.07311534956602
 Total Coulomb        Energy = 418.19981248692108
    2    -578.6692012519      3.49e-03  
 Alpha HF Exchange    Energy =  -4.52390218590136
 Beta HF Exchange     Energy =  -4.52390218590136
 DFT Correlation      Energy =  -1.90175201261095
 DFT Exchange         Energy = -35.87147255371676
 One-Electron (alpha) Energy = -548.66979344050480
 One-Electron (beta)  Energy = -548.66979344050480
 Total Coulomb        Energy = 410.83512387904727
    3    -578.6632288709      3.73e-03  
 Alpha HF Exchange    Energy =  -4.54791834125733
 Beta HF Exchange     Energy =  -4.54791834125732
 DFT Correlation      Energy =  -1.91289296521369
 DFT Exchange         Energy = -36.07007751150103
 One-Electron (alpha) Energy = -550.34677878682714
 One-Electron (beta)  Energy = -550.34677878682669
 Total Coulomb        Energy = 414.37485254292034
    4    -578.7352491208      2.73e-04  
 Alpha HF Exchange    Energy =  -4.54914823647031
 Beta HF Exchange     Energy =  -4.54914823647031
 DFT Correlation      Energy =  -1.91318072756283
 DFT Exchange         Energy = -36.08009934118186
 One-Electron (alpha) Energy = -550.41142038560179
 One-Electron (beta)  Energy = -550.41142038560179
 Total Coulomb        Energy = 414.51656821183661
    5    -578.7355860319      8.47e-05  
 Alpha HF Exchange    Energy =  -4.54868761001916
 Beta HF Exchange     Energy =  -4.54868761001916
 DFT Correlation      Energy =  -1.91301659071216
 DFT Exchange         Energy = -36.07620318676352
 One-Electron (alpha) Energy = -550.37467831323875
 One-Electron (beta)  Energy = -550.37467831323886
 Total Coulomb        Energy = 414.43806911657180
    6    -578.7356194382      2.45e-05  
 Alpha HF Exchange    Energy =  -4.54874927810150
 Beta HF Exchange     Energy =  -4.54874927810150
 DFT Correlation      Energy =  -1.91305533135782
 DFT Exchange         Energy = -36.07677893916659
 One-Electron (alpha) Energy = -550.38192932961181
 One-Electron (beta)  Energy = -550.38192932961192
 Total Coulomb        Energy = 414.45330636090921
    7    -578.7356220558      7.49e-06  
 Alpha HF Exchange    Energy =  -4.54876792102167
 Beta HF Exchange     Energy =  -4.54876792102168
 DFT Correlation      Energy =  -1.91305323736340
 DFT Exchange         Energy = -36.07688672021180
 One-Electron (alpha) Energy = -550.38314596892042
 One-Electron (beta)  Energy = -550.38314596892076
 Total Coulomb        Energy = 414.45588234734578
    8    -578.7356223209      2.87e-06  
 Alpha HF Exchange    Energy =  -4.54876126236086
 Beta HF Exchange     Energy =  -4.54876126236087
 DFT Correlation      Energy =  -1.91305353815687
 DFT Exchange         Energy = -36.07684419194556
 One-Electron (alpha) Energy = -550.38259070518370
 One-Electron (beta)  Energy = -550.38259070518404
 Total Coulomb        Energy = 414.45471622572194
    9    -578.7356223703      4.68e-07  Convergence criterion met
 ---------------------------------------
 SCF time:   CPU 21.45s  wall 2.00s 
<S^2> =          0.000000000
 Alpha HF Exchange    Energy =  -4.54876126236086
 Beta HF Exchange     Energy =  -4.54876126236087
 DFT Correlation      Energy =  -1.91305353815687
 DFT Exchange         Energy = -36.07684419194556
 One-Electron (alpha) Energy = -550.38259070518370
 One-Electron (beta)  Energy = -550.38259070518404
 Total Coulomb        Energy = 414.45471622572194
 Nuclear repulsion Energy = 154.66226306920026
 SCF   energy in the final basis set =     -578.7356223703
 Total energy in the final basis set =     -578.7356223703
 
 --------------------------------------------------------------
 
                    Orbital Energies (a.u.)
 --------------------------------------------------------------
 
 Alpha MOs
 -- Occupied --
******* -10.267 -10.211 -10.186  -9.430  -7.194  -7.185  -7.185
 -0.821  -0.765  -0.692  -0.601  -0.480  -0.466  -0.431  -0.381
 -0.371  -0.363  -0.337  -0.285  -0.284
 -- Virtual --
 -0.044   0.083   0.125   0.131   0.145   0.156   0.173   0.182
  0.206   0.246   0.409   0.452   0.458   0.480   0.501   0.517
  0.555   0.573   0.586   0.650   0.683   0.702   0.744   0.799
  0.834   0.855   0.881   0.890   0.896   0.911   0.921   0.927
  0.958   0.981   1.015   1.096   1.296   1.334   1.424   1.512
  1.537   1.654   1.733   1.808   1.823   1.888   1.975   2.042
  2.057   2.061   2.095   2.099   2.215   2.242   2.268   2.352
  2.366   2.427   2.518   2.602   2.627   2.689   2.764   2.796
  2.844   2.875   2.895   3.175   3.233   3.281   3.367   3.425
  3.478   3.522   4.233   4.279   4.443   4.610
 
 Beta MOs
 -- Occupied --
******* -10.267 -10.211 -10.186  -9.430  -7.194  -7.185  -7.185
 -0.821  -0.765  -0.692  -0.601  -0.480  -0.466  -0.431  -0.381
 -0.371  -0.363  -0.337  -0.285  -0.284
 -- Virtual --
 -0.044   0.083   0.125   0.131   0.145   0.156   0.173   0.182
  0.206   0.246   0.409   0.452   0.458   0.480   0.501   0.517
  0.555   0.573   0.586   0.650   0.683   0.702   0.744   0.799
  0.834   0.855   0.881   0.890   0.896   0.911   0.921   0.927
  0.958   0.981   1.015   1.096   1.296   1.334   1.424   1.512
  1.537   1.654   1.733   1.808   1.823   1.888   1.975   2.042
  2.057   2.061   2.095   2.099   2.215   2.242   2.268   2.352
  2.366   2.427   2.518   2.602   2.627   2.689   2.764   2.796
  2.844   2.875   2.895   3.175   3.233   3.281   3.367   3.425
  3.478   3.522   4.233   4.279   4.443   4.610
 --------------------------------------------------------------
 
          Ground-State Mulliken Net Atomic Charges

     Atom                 Charge (a.u.)    Spin (a.u.)
  --------------------------------------------------------
      1 Cl                   -0.228785       0.000000
      2 C                    -0.182473       0.000000
      3 C                    -0.207098      -0.000000
      4 C                    -0.318446       0.000000
      5 H                     0.133919       0.000000
      6 H                     0.119252       0.000000
      7 H                     0.162739      -0.000000
      8 H                     0.163195       0.000000
      9 H                     0.105835      -0.000000
     10 H                     0.109483      -0.000000
     11 H                     0.142379      -0.000000
  --------------------------------------------------------
  Sum of atomic charges =     0.000000
  Sum of spin   charges =     0.000000

 -----------------------------------------------------------------
                    Cartesian Multipole Moments
 -----------------------------------------------------------------
    Charge (ESU x 10^10)
                 0.0000
    Dipole Moment (Debye)
         X      -2.4415      Y       2.0931      Z       0.6456
       Tot       3.2801
    Quadrupole Moments (Debye-Ang)
        XX     -37.0904     XY       2.0241     YY     -31.9401
        XZ       0.8895     YZ       0.2822     ZZ     -32.5739
    Octopole Moments (Debye-Ang^2)
       XXX     -42.6702    XXY       7.0840    XYY      -9.8405
       YYY      16.8723    XXZ       1.9280    XYZ       0.3783
       YYZ       1.5073    XZZ     -11.7972    YZZ       5.7529
       ZZZ       7.5531
    Hexadecapole Moments (Debye-Ang^3)
      XXXX    -487.8986   XXXY      26.5261   XXYY    -101.4709
      XYYY      26.5800   YYYY    -152.8789   XXXZ      16.4357
      XXYZ       0.2986   XYYZ       3.6132   YYYZ      -4.1573
      XXZZ     -92.4491   XYZZ       9.5210   YYZZ     -39.0531
      XZZZ      16.3143   YZZZ      -5.0521   ZZZZ     -67.5030
 -----------------------------------------------------------------
 Calculating analytic gradient of the SCF energy
 Gradient of SCF Energy
            1           2           3           4           5           6
    1   0.0286716  -0.0035861  -0.0200191   0.0002587   0.0002704  -0.0005774
    2  -0.0325491   0.0036916   0.0247701   0.0001082  -0.0002923  -0.0007121
    3  -0.0120710   0.0008903   0.0098867  -0.0001517  -0.0000083  -0.0004904
            7           8           9          10          11
    1  -0.0022511  -0.0025480  -0.0000249   0.0000255  -0.0002197
    2   0.0028672   0.0023022   0.0000389  -0.0000522  -0.0001724
    3   0.0005410   0.0013620   0.0000209  -0.0000520   0.0000726
 Max gradient component =       3.255E-02
 RMS gradient           =       9.840E-03
 Gradient time:  CPU 8.12 s  wall 0.87 s
 Geometry Optimization Parameters
   NAtoms,    NIC,     NZ,  NCons,   NDum,   NFix, NCnnct, MaxDiis
       11      68       0       1       0       0       0       0

 Cartesian Hessian Update
 Hessian Updated using BFGS Update


** CONSTRAINED OPTIMIZATION IN DELOCALIZED INTERNAL COORDINATES **
   Searching for a Minimum

   Optimization Cycle:   2

                       Coordinates (Angstroms)
     ATOM                X               Y               Z
      1  Cl        1.8835237768   -0.7143045325   -0.2583183947
      2  C        -0.8088681782    0.5721268680   -0.3203470535
      3  C         0.5448771958    0.7985922034    0.3075574473
      4  C        -1.5378141570   -0.6811481928    0.1660664917
      5  H        -0.7051484410    0.5614084835   -1.4105254993
      6  H        -1.4014644664    1.4679886200   -0.0761383306
      7  H         0.5579225794    0.7235351497    1.3939803530
      8  H         1.0561602421    1.6945604667   -0.0376034856
      9  H        -1.6787792414   -0.6606578029    1.2523841824
     10  H        -2.5251016414   -0.7595576104   -0.2986318654
     11  H        -0.9697066687   -1.5809436526   -0.0837218452
   Point Group: c1    Number of degrees of freedom:    27


   Energy is   -578.735622370

              Constraints and their Current Values
                                        Value     Constraint
   Distance(Angs):        1   3             2.097867     2.100000
 Hessian Updated using BFGS Update

   Using Lagrange Multiplier Algorithm


 25 Hessian modes will be used to form the next step
  Hessian Eigenvalues:
    -0.970700    0.045000    0.045000    0.066839    0.077914    0.082956
     0.083227    0.083522    0.088820    0.106681    0.134428    0.160000
     0.166295    0.219778    0.222408    0.294905    0.318733    0.335201
     0.341730    0.342248    0.343548    0.344616    0.349189    0.350694
     1.031649

 Minimum Search - Taking P-RFO Step
 Searching for Lamda that Maximizes Along the Constraint modes Only
 Value Taken    Lamda =   0.00005258
 Searching for Lamda that Minimizes Along All other modes
 Value Taken    Lamda =  -0.00053611
 Step Taken.  Stepsize is  0.057738

                             Maximum     Tolerance    Cnvgd?
         Gradient            0.014186       0.000300      NO
         Displacement        0.045147       0.001200      NO
         Energy change      0.007369       0.000001      NO


 New Cartesian Coordinates Obtained by Inverse Iteration

 Displacement from previous Coordinates is:  0.042075
 ----------------------------------------------------------------
             Standard Nuclear Orientation (Angstroms)
    I     Atom           X                Y                Z
 ----------------------------------------------------------------
    1      Cl      1.8711264657    -0.7118344077    -0.2589925498
    2      C      -0.8097415171     0.5721329652    -0.3205759401
    3      C       0.5366209219     0.8063411134     0.3104159237
    4      C      -1.5368772525    -0.6819899787     0.1661262945
    5      H      -0.7039939524     0.5611929114    -1.4105348213
    6      H      -1.4017997119     1.4692821444    -0.0776272874
    7      H       0.5640445584     0.7193420392     1.3952775712
    8      H       1.0640360565     1.6907401324    -0.0391596928
    9      H      -1.6801351527    -0.6605570613     1.2520960749
   10      H      -2.5230056267    -0.7633981148    -0.3005478766
   11      H      -0.9646737893    -1.5796517435    -0.0817756964
 ----------------------------------------------------------------
 Nuclear Repulsion Energy =   154.8871873741 hartrees
 There are       21 alpha and       21 beta electrons

                       Distance Matrix (Angstroms)
             Cl(  1)   C (  2)   C (  3)   C (  4)   H (  5)   H (  6)
   C (  2)  2.973116
   C (  3)  2.099997  1.505223
   C (  4)  3.434546  1.529193  2.556432
   H (  5)  3.094817  1.095131  2.135625  2.173720
   H (  6)  3.937284  1.102013  2.085076  2.169247  1.757328
   H (  7)  2.548203  2.202978  1.088690  2.808633  3.083102  2.568346
   H (  8)  2.544029  2.200345  1.087443  3.526576  2.506487  2.476059
   H (  9)  3.859725  2.179543  2.820028  1.095588  3.087900  2.526232
   H ( 10)  4.394631  2.172399  3.492660  1.094012  2.509067  2.508318
   H ( 11)  2.970905  2.170532  2.846166  1.093009  2.533135  3.080113
             H (  7)   H (  8)   H (  9)   H ( 10)
   H (  8)  1.803113
   H (  9)  2.638364  3.837501
   H ( 10)  3.821547  4.354077  1.769664
   H ( 11)  3.131140  3.848759  1.770829  1.772718
 
 Applying Cartesian multipole field
    Component          Value
    ---------          -----
     (2,0,0)        1.00000E-11
     (0,2,0)        2.00000E-11
     (0,0,2)       -3.00000E-10
 Nucleus-field energy     =    -0.0000000035 hartrees
 Requested basis set is 6-31G(d,p)
 There are 38 shells and 99 basis functions
 A cutoff of  1.0D-14 yielded    721 shell pairs
 There are      5003 function pairs
 Smallest overlap matrix eigenvalue = 5.94E-03
 Guess from superposition of atomic densities
 Warning:  Energy on first SCF cycle will be non-variational
 SAD guess density has 42.000000 electrons

 -----------------------------------------------------------------------
  General SCF calculation program by
  Eric Jon Sundstrom, Paul Horn, Yuezhi Mao, Dmitri Zuev, Alec White,
  David Stuck, Shaama M.S., Shane Yost, Joonho Lee, David Small,
  Daniel Levine, Susi Lehtola, Hugh Burton, Evgeny Epifanovsky
 -----------------------------------------------------------------------
 Exchange:     0.2000 Hartree-Fock + 0.0800 Slater + 0.7200 B88
 Correlation:  0.1900 VWN1RPA + 0.8100 LYP
 Using SG-1 standard quadrature grid
 using 12 threads for integral computing
 -------------------------------------------------------
 OpenMP Integral computing Module                
 Release: version 1.0, May 2013, Q-Chem Inc. Pittsburgh 
 -------------------------------------------------------
 -------------------------------------------------------
 OpenMP BLAS3 based DFT computing Module                
 Release: version 1.0, May 2013, Q-Chem Inc. Pittsburgh 
 -------------------------------------------------------
 A unrestricted SCF calculation will be
 performed using DIIS
 SCF converges when DIIS error is below 1.0e-06
 Alpha HF Exchange    Energy =  -4.55914709744764
 Beta HF Exchange     Energy =  -4.55914709744764
 DFT Correlation      Energy =  -1.89863169921089
 DFT Exchange         Energy = -35.73206460991670
 One-Electron (alpha) Energy = -548.77439975989148
 One-Electron (beta)  Energy = -548.77439975989148
 Total Coulomb        Energy = 410.42787625807716
 ---------------------------------------
  Cycle       Energy         DIIS error
 ---------------------------------------
    1    -578.9827263951      2.93e-02  
 Alpha HF Exchange    Energy =  -4.57676767760314
 Beta HF Exchange     Energy =  -4.57676767760315
 DFT Correlation      Energy =  -1.92475375923156
 DFT Exchange         Energy = -36.30987048596425
 One-Electron (alpha) Energy = -552.31382941290565
 One-Electron (beta)  Energy = -552.31382941290576
 Total Coulomb        Energy = 418.45939292783589
    2    -578.6692381277      3.49e-03  
 Alpha HF Exchange    Energy =  -4.52396457712688
 Beta HF Exchange     Energy =  -4.52396457712689
 DFT Correlation      Energy =  -1.90190358509593
 DFT Exchange         Energy = -35.87199883375066
 One-Electron (alpha) Energy = -548.88536190127786
 One-Electron (beta)  Energy = -548.88536190127809
 Total Coulomb        Energy = 411.04210307649612
    3    -578.6632649285      3.73e-03  
 Alpha HF Exchange    Energy =  -4.54814065437404
 Beta HF Exchange     Energy =  -4.54814065437404
 DFT Correlation      Energy =  -1.91305007335232
 DFT Exchange         Energy = -36.07164372641667
 One-Electron (alpha) Energy = -550.57718626380949
 One-Electron (beta)  Energy = -550.57718626380915
 Total Coulomb        Energy = 414.61282186971192
    4    -578.7353383958      2.74e-04  
 Alpha HF Exchange    Energy =  -4.54933762772711
 Beta HF Exchange     Energy =  -4.54933762772711
 DFT Correlation      Energy =  -1.91334945558700
 DFT Exchange         Energy = -36.08151421944717
 One-Electron (alpha) Energy = -550.63976882100394
 One-Electron (beta)  Energy = -550.63976882100383
 Total Coulomb        Energy = 414.75021496727231
    5    -578.7356742346      8.71e-05  
 Alpha HF Exchange    Energy =  -4.54891248309676
 Beta HF Exchange     Energy =  -4.54891248309676
 DFT Correlation      Energy =  -1.91317746160190
 DFT Exchange         Energy = -36.07780886715711
 One-Electron (alpha) Energy = -550.60516844160497
 One-Electron (beta)  Energy = -550.60516844160520
 Total Coulomb        Energy = 414.67625302273154
    6    -578.7357077848      2.96e-05  
 Alpha HF Exchange    Energy =  -4.54894305541430
 Beta HF Exchange     Energy =  -4.54894305541430
 DFT Correlation      Energy =  -1.91321842110884
 DFT Exchange         Energy = -36.07819362379127
 One-Electron (alpha) Energy = -550.61024683217806
 One-Electron (beta)  Energy = -550.61024683217795
 Total Coulomb        Energy = 414.68689298975295
    7    -578.7357114597      1.11e-05  
 Alpha HF Exchange    Energy =  -4.54897558064674
 Beta HF Exchange     Energy =  -4.54897558064673
 DFT Correlation      Energy =  -1.91321788941021
 DFT Exchange         Energy = -36.07839882882789
 One-Electron (alpha) Energy = -550.61262194256221
 One-Electron (beta)  Energy = -550.61262194256199
 Total Coulomb        Energy = 414.69191225687047
    8    -578.7357121372      2.67e-06  
 Alpha HF Exchange    Energy =  -4.54896907954336
 Beta HF Exchange     Energy =  -4.54896907954336
 DFT Correlation      Energy =  -1.91321766458098
 DFT Exchange         Energy = -36.07835442859550
 One-Electron (alpha) Energy = -550.61203665064590
 One-Electron (beta)  Energy = -550.61203665064556
 Total Coulomb        Energy = 414.69068400358884
    9    -578.7357121793      4.30e-07  Convergence criterion met
 ---------------------------------------
 SCF time:   CPU 21.15s  wall 1.00s 
<S^2> =         -0.000000000
 Alpha HF Exchange    Energy =  -4.54896907954336
 Beta HF Exchange     Energy =  -4.54896907954336
 DFT Correlation      Energy =  -1.91321766458098
 DFT Exchange         Energy = -36.07835442859550
 One-Electron (alpha) Energy = -550.61203665064590
 One-Electron (beta)  Energy = -550.61203665064556
 Total Coulomb        Energy = 414.69068400358884
 Nuclear repulsion Energy = 154.88718737063459
 SCF   energy in the final basis set =     -578.7357121793
 Total energy in the final basis set =     -578.7357121793
 
 --------------------------------------------------------------
 
                    Orbital Energies (a.u.)
 --------------------------------------------------------------
 
 Alpha MOs
 -- Occupied --
******* -10.267 -10.211 -10.186  -9.429  -7.193  -7.184  -7.183
 -0.822  -0.765  -0.692  -0.602  -0.481  -0.466  -0.432  -0.382
 -0.372  -0.363  -0.335  -0.284  -0.283
 -- Virtual --
 -0.044   0.083   0.124   0.131   0.144   0.156   0.173   0.182
  0.207   0.247   0.410   0.453   0.459   0.481   0.500   0.516
  0.554   0.573   0.586   0.650   0.684   0.704   0.744   0.799
  0.834   0.854   0.880   0.890   0.896   0.910   0.921   0.929
  0.959   0.983   1.017   1.097   1.295   1.338   1.426   1.510
  1.536   1.653   1.734   1.808   1.825   1.887   1.978   2.042
  2.055   2.061   2.095   2.099   2.216   2.244   2.267   2.355
  2.368   2.423   2.516   2.608   2.624   2.689   2.765   2.795
  2.846   2.875   2.896   3.176   3.233   3.281   3.370   3.425
  3.479   3.521   4.235   4.281   4.443   4.611
 
 Beta MOs
 -- Occupied --
******* -10.267 -10.211 -10.186  -9.429  -7.193  -7.184  -7.183
 -0.822  -0.765  -0.692  -0.602  -0.481  -0.466  -0.432  -0.382
 -0.372  -0.363  -0.335  -0.284  -0.283
 -- Virtual --
 -0.044   0.083   0.124   0.131   0.144   0.156   0.173   0.182
  0.207   0.247   0.410   0.453   0.459   0.481   0.500   0.516
  0.554   0.573   0.586   0.650   0.684   0.704   0.744   0.799
  0.834   0.854   0.880   0.890   0.896   0.910   0.921   0.929
  0.959   0.983   1.017   1.097   1.295   1.338   1.426   1.510
  1.536   1.653   1.734   1.808   1.825   1.887   1.978   2.042
  2.055   2.061   2.095   2.099   2.216   2.244   2.267   2.355
  2.368   2.423   2.516   2.608   2.624   2.689   2.765   2.795
  2.846   2.875   2.896   3.176   3.233   3.281   3.370   3.425
  3.479   3.521   4.235   4.281   4.443   4.611
 --------------------------------------------------------------
 
          Ground-State Mulliken Net Atomic Charges

     Atom                 Charge (a.u.)    Spin (a.u.)
  --------------------------------------------------------
      1 Cl                   -0.233969      -0.000000
      2 C                    -0.181790       0.000000
      3 C                    -0.207109      -0.000000
      4 C                    -0.318595      -0.000000
      5 H                     0.134698      -0.000000
      6 H                     0.119204      -0.000000
      7 H                     0.164150      -0.000000
      8 H                     0.164604       0.000000
      9 H                     0.105996       0.000000
     10 H                     0.109652       0.000000
     11 H                     0.143159       0.000000
  --------------------------------------------------------
  Sum of atomic charges =    -0.000000
  Sum of spin   charges =    -0.000000

 -----------------------------------------------------------------
                    Cartesian Multipole Moments
 -----------------------------------------------------------------
    Charge (ESU x 10^10)
                -0.0000
    Dipole Moment (Debye)
         X      -2.4576      Y       2.1178      Z       0.6563
       Tot       3.3100
    Quadrupole Moments (Debye-Ang)
        XX     -37.0987     XY       2.0851     YY     -31.9440
        XZ       0.9184     YZ       0.2699     ZZ     -32.5499
    Octopole Moments (Debye-Ang^2)
       XXX     -42.1851    XXY       7.1229    XYY      -9.6741
       YYY      16.7277    XXZ       1.9695    XYZ       0.3684
       YYZ       1.4979    XZZ     -11.6154    YZZ       5.7072
       ZZZ       7.5675
    Hexadecapole Moments (Debye-Ang^3)
      XXXX    -484.2995   XXXY      26.4503   XXYY    -100.9029
      XYYY      26.2237   YYYY    -153.0618   XXXZ      16.4615
      XXYZ       0.2516   XYYZ       3.5943   YYYZ      -4.2328
      XXZZ     -91.7924   XYZZ       9.3953   YYZZ     -39.0925
      XZZZ      16.3138   YZZZ      -5.1215   ZZZZ     -67.5162
 -----------------------------------------------------------------
 Calculating analytic gradient of the SCF energy
 Gradient of SCF Energy
            1           2           3           4           5           6
    1   0.0274297  -0.0018927  -0.0237898   0.0002255   0.0001119   0.0001475
    2  -0.0315193   0.0018709   0.0272926  -0.0000122  -0.0003160  -0.0003213
    3  -0.0117583   0.0004549   0.0102809  -0.0002027  -0.0001105  -0.0001631
            7           8           9          10          11
    1  -0.0009171  -0.0011175  -0.0000449  -0.0000444  -0.0001082
    2   0.0017857   0.0013665   0.0000409  -0.0000565  -0.0001313
    3   0.0004251   0.0010271   0.0000263  -0.0000324   0.0000528
 Max gradient component =       3.152E-02
 RMS gradient           =       1.003E-02
 Gradient time:  CPU 8.11 s  wall 0.86 s
 Geometry Optimization Parameters
   NAtoms,    NIC,     NZ,  NCons,   NDum,   NFix, NCnnct, MaxDiis
       11      68       0       1       0       0       0       0

 Cartesian Hessian Update
 Hessian Updated using BFGS Update


** CONSTRAINED OPTIMIZATION IN DELOCALIZED INTERNAL COORDINATES **
   Searching for a Minimum

   Optimization Cycle:   3

                       Coordinates (Angstroms)
     ATOM                X               Y               Z
      1  Cl        1.8711264657   -0.7118344077   -0.2589925498
      2  C        -0.8097415171    0.5721329652   -0.3205759401
      3  C         0.5366209219    0.8063411134    0.3104159237
      4  C        -1.5368772525   -0.6819899787    0.1661262945
      5  H        -0.7039939524    0.5611929114   -1.4105348213
      6  H        -1.4017997119    1.4692821444   -0.0776272874
      7  H         0.5640445584    0.7193420392    1.3952775712
      8  H         1.0640360565    1.6907401324   -0.0391596928
      9  H        -1.6801351527   -0.6605570613    1.2520960749
     10  H        -2.5230056267   -0.7633981148   -0.3005478766
     11  H        -0.9646737893   -1.5796517435   -0.0817756964
   Point Group: c1    Number of degrees of freedom:    27


   Energy is   -578.735712179

              Constraints and their Current Values
                                        Value     Constraint
   Distance(Angs):        1   3             2.099997     2.100000
 Hessian Updated using BFGS Update

   Using Lagrange Multiplier Algorithm


 26 Hessian modes will be used to form the next step
  Hessian Eigenvalues:
    -0.967812    0.044965    0.045001    0.047525    0.067028    0.078072
     0.082960    0.083229    0.083534    0.106819    0.136394    0.159547
     0.160000    0.163841    0.219651    0.226557    0.294895    0.310479
     0.335135    0.341730    0.342331    0.343575    0.344630    0.349031
     0.350589    1.034882

 Minimum Search - Taking P-RFO Step
 Searching for Lamda that Maximizes Along the Constraint modes Only
 Value Taken    Lamda =   0.00000000
 Searching for Lamda that Minimizes Along All other modes
 Value Taken    Lamda =  -0.00018054
 Step Taken.  Stepsize is  0.060294

                             Maximum     Tolerance    Cnvgd?
         Gradient            0.002267       0.000300      NO
         Displacement        0.047691       0.001200      NO
         Energy change     -0.000090       0.000001      NO


 New Cartesian Coordinates Obtained by Inverse Iteration

 Displacement from previous Coordinates is:  0.041388
 ----------------------------------------------------------------
             Standard Nuclear Orientation (Angstroms)
    I     Atom           X                Y                Z
 ----------------------------------------------------------------
    1      Cl      1.8634569443    -0.7055693008    -0.2587438192
    2      C      -0.8102065884     0.5720350546    -0.3205672835
    3      C       0.5299439562     0.8125593816     0.3131196031
    4      C      -1.5363673544    -0.6819310517     0.1668742174
    5      H      -0.7015901870     0.5626786924    -1.4099475713
    6      H      -1.4059098365     1.4685671502    -0.0795856438
    7      H       0.5691005137     0.7101413968     1.3955837533
    8      H       1.0710651250     1.6850090003    -0.0433684515
    9      H      -1.6823685374    -0.6588456728     1.2523570407
   10      H      -2.5209150061    -0.7652692462    -0.3024790648
   11      H      -0.9606080293    -1.5777754046    -0.0785407804
 ----------------------------------------------------------------
 Nuclear Repulsion Energy =   155.0998444234 hartrees
 There are       21 alpha and       21 beta electrons

                       Distance Matrix (Angstroms)
             Cl(  1)   C (  2)   C (  3)   C (  4)   H (  5)   H (  6)
   C (  2)  2.963878
   C (  3)  2.100000  1.501804
   C (  4)  3.426443  1.528836  2.554316
   H (  5)  3.084346  1.094822  2.132622  2.175379
   H (  6)  3.930360  1.103043  2.081368  2.168503  1.756862
   H (  7)  2.533060  2.206068  1.088003  2.807238  3.083408  2.579147
   H (  8)  2.527674  2.203346  1.086768  3.527791  2.503891  2.486677
   H (  9)  3.854671  2.179409  2.818071  1.095501  3.088999  2.525151
   H ( 10)  4.384996  2.171459  3.489448  1.093879  2.509955  2.506580
   H ( 11)  2.961175  2.168613  2.844089  1.092824  2.534024  3.078717
             H (  7)   H (  8)   H (  9)   H ( 10)
   H (  8)  1.809121
   H (  9)  2.638892  3.841088
   H ( 10)  3.822100  4.355838  1.769746
   H ( 11)  3.122117  3.843787  1.771062  1.773379
 
 Applying Cartesian multipole field
    Component          Value
    ---------          -----
     (2,0,0)        1.00000E-11
     (0,2,0)        2.00000E-11
     (0,0,2)       -3.00000E-10
 Nucleus-field energy     =    -0.0000000035 hartrees
 Requested basis set is 6-31G(d,p)
 There are 38 shells and 99 basis functions
 A cutoff of  1.0D-14 yielded    721 shell pairs
 There are      5003 function pairs
 Smallest overlap matrix eigenvalue = 5.92E-03
 Guess from superposition of atomic densities
 Warning:  Energy on first SCF cycle will be non-variational
 SAD guess density has 42.000000 electrons

 -----------------------------------------------------------------------
  General SCF calculation program by
  Eric Jon Sundstrom, Paul Horn, Yuezhi Mao, Dmitri Zuev, Alec White,
  David Stuck, Shaama M.S., Shane Yost, Joonho Lee, David Small,
  Daniel Levine, Susi Lehtola, Hugh Burton, Evgeny Epifanovsky
 -----------------------------------------------------------------------
 Exchange:     0.2000 Hartree-Fock + 0.0800 Slater + 0.7200 B88
 Correlation:  0.1900 VWN1RPA + 0.8100 LYP
 Using SG-1 standard quadrature grid
 using 12 threads for integral computing
 -------------------------------------------------------
 OpenMP Integral computing Module                
 Release: version 1.0, May 2013, Q-Chem Inc. Pittsburgh 
 -------------------------------------------------------
 -------------------------------------------------------
 OpenMP BLAS3 based DFT computing Module                
 Release: version 1.0, May 2013, Q-Chem Inc. Pittsburgh 
 -------------------------------------------------------
 A unrestricted SCF calculation will be
 performed using DIIS
 SCF converges when DIIS error is below 1.0e-06
 Alpha HF Exchange    Energy =  -4.55971064608269
 Beta HF Exchange     Energy =  -4.55971064608269
 DFT Correlation      Energy =  -1.89881562843379
 DFT Exchange         Energy = -35.73316868880340
 One-Electron (alpha) Energy = -548.98485623051909
 One-Electron (beta)  Energy = -548.98485623051909
 Total Coulomb        Energy = 410.63359771008510
 ---------------------------------------
  Cycle       Energy         DIIS error
 ---------------------------------------
    1    -578.9876759404      2.94e-02  
 Alpha HF Exchange    Energy =  -4.57713387851602
 Beta HF Exchange     Energy =  -4.57713387851602
 DFT Correlation      Energy =  -1.92496801003192
 DFT Exchange         Energy = -36.31250948332315
 One-Electron (alpha) Energy = -552.53929513241576
 One-Electron (beta)  Energy = -552.53929513241587
 Total Coulomb        Energy = 418.70125090399796
    2    -578.6692401913      3.50e-03  
 Alpha HF Exchange    Energy =  -4.52410563841811
 Beta HF Exchange     Energy =  -4.52410563841809
 DFT Correlation      Energy =  -1.90208260554024
 DFT Exchange         Energy = -35.87302161659371
 One-Electron (alpha) Energy = -549.09017704157134
 One-Electron (beta)  Energy = -549.09017704157043
 Total Coulomb        Energy = 411.24054349602233
    3    -578.6632816662      3.73e-03  
 Alpha HF Exchange    Energy =  -4.54841182708848
 Beta HF Exchange     Energy =  -4.54841182708847
 DFT Correlation      Energy =  -1.91324113793097
 DFT Exchange         Energy = -36.07355031782490
 One-Electron (alpha) Energy = -550.79359158165721
 One-Electron (beta)  Energy = -550.79359158165664
 Total Coulomb        Energy = 414.83552193177138
    4    -578.7354319215      2.75e-04  
 Alpha HF Exchange    Energy =  -4.54958837413849
 Beta HF Exchange     Energy =  -4.54958837413849
 DFT Correlation      Energy =  -1.91354722998070
 DFT Exchange         Energy = -36.08332578322933
 One-Electron (alpha) Energy = -550.85491424676445
 One-Electron (beta)  Energy = -550.85491424676411
 Total Coulomb        Energy = 414.97026602061504
    5    -578.7357678145      8.91e-05  
 Alpha HF Exchange    Energy =  -4.54918620774369
 Beta HF Exchange     Energy =  -4.54918620774369
 DFT Correlation      Energy =  -1.91337161808965
 DFT Exchange         Energy = -36.07975123744618
 One-Electron (alpha) Energy = -550.82174504212207
 One-Electron (beta)  Energy = -550.82174504212207
 Total Coulomb        Energy = 414.89933923533505
    6    -578.7358017000      3.31e-05  
 Alpha HF Exchange    Energy =  -4.54919924612885
 Beta HF Exchange     Energy =  -4.54919924612885
 DFT Correlation      Energy =  -1.91341263595400
 DFT Exchange         Energy = -36.08002234739935
 One-Electron (alpha) Energy = -550.82554936954978
 One-Electron (beta)  Energy = -550.82554936955023
 Total Coulomb        Energy = 414.90728133151009
    7    -578.7358064633      1.21e-05  
 Alpha HF Exchange    Energy =  -4.54923803262151
 Beta HF Exchange     Energy =  -4.54923803262151
 DFT Correlation      Energy =  -1.91341358371594
 DFT Exchange         Energy = -36.08027514454446
 One-Electron (alpha) Energy = -550.82848644137550
 One-Electron (beta)  Energy = -550.82848644137539
 Total Coulomb        Energy = 414.91348595870886
    8    -578.7358072976      2.52e-06  
 Alpha HF Exchange    Energy =  -4.54923170730475
 Beta HF Exchange     Energy =  -4.54923170730476
 DFT Correlation      Energy =  -1.91341313810307
 DFT Exchange         Energy = -36.08023073280422
 One-Electron (alpha) Energy = -550.82789940739303
 One-Electron (beta)  Energy = -550.82789940739315
 Total Coulomb        Energy = 414.91225434562551
    9    -578.7358073347      4.18e-07  Convergence criterion met
 ---------------------------------------
 SCF time:   CPU 21.56s  wall 2.00s 
<S^2> =          0.000000000
 Alpha HF Exchange    Energy =  -4.54923170730475
 Beta HF Exchange     Energy =  -4.54923170730476
 DFT Correlation      Energy =  -1.91341313810307
 DFT Exchange         Energy = -36.08023073280422
 One-Electron (alpha) Energy = -550.82789940739303
 One-Electron (beta)  Energy = -550.82789940739315
 Total Coulomb        Energy = 414.91225434562551
 Nuclear repulsion Energy = 155.09984441992876
 SCF   energy in the final basis set =     -578.7358073347
 Total energy in the final basis set =     -578.7358073347
 
 --------------------------------------------------------------
 
                    Orbital Energies (a.u.)
 --------------------------------------------------------------
 
 Alpha MOs
 -- Occupied --
******* -10.267 -10.212 -10.186  -9.428  -7.192  -7.183  -7.182
 -0.823  -0.764  -0.692  -0.602  -0.482  -0.466  -0.433  -0.381
 -0.373  -0.364  -0.334  -0.284  -0.282
 -- Virtual --
 -0.043   0.083   0.124   0.131   0.143   0.156   0.173   0.182
  0.208   0.248   0.410   0.454   0.460   0.481   0.500   0.515
  0.554   0.572   0.587   0.650   0.685   0.706   0.743   0.799
  0.834   0.854   0.879   0.889   0.896   0.910   0.922   0.930
  0.960   0.984   1.019   1.098   1.294   1.342   1.428   1.507
  1.535   1.653   1.734   1.809   1.827   1.888   1.980   2.041
  2.051   2.060   2.095   2.099   2.216   2.246   2.267   2.359
  2.371   2.420   2.514   2.611   2.623   2.689   2.765   2.795
  2.847   2.875   2.897   3.177   3.234   3.280   3.373   3.425
  3.480   3.520   4.237   4.282   4.443   4.611
 
 Beta MOs
 -- Occupied --
******* -10.267 -10.212 -10.186  -9.428  -7.192  -7.183  -7.182
 -0.823  -0.764  -0.692  -0.602  -0.482  -0.466  -0.433  -0.381
 -0.373  -0.364  -0.334  -0.284  -0.282
 -- Virtual --
 -0.043   0.083   0.124   0.131   0.143   0.156   0.173   0.182
  0.208   0.248   0.410   0.454   0.460   0.481   0.500   0.515
  0.554   0.572   0.587   0.650   0.685   0.706   0.743   0.799
  0.834   0.854   0.879   0.889   0.896   0.910   0.922   0.930
  0.960   0.984   1.019   1.098   1.294   1.342   1.428   1.507
  1.535   1.653   1.734   1.809   1.827   1.888   1.980   2.041
  2.051   2.060   2.095   2.099   2.216   2.246   2.267   2.359
  2.371   2.420   2.514   2.611   2.623   2.689   2.765   2.795
  2.847   2.875   2.897   3.177   3.234   3.280   3.373   3.425
  3.480   3.520   4.237   4.282   4.443   4.611
 --------------------------------------------------------------
 
          Ground-State Mulliken Net Atomic Charges

     Atom                 Charge (a.u.)    Spin (a.u.)
  --------------------------------------------------------
      1 Cl                   -0.237995       0.000000
      2 C                    -0.181389      -0.000000
      3 C                    -0.207773       0.000000
      4 C                    -0.318801       0.000000
      5 H                     0.135247      -0.000000
      6 H                     0.119160       0.000000
      7 H                     0.165669      -0.000000
      8 H                     0.166208      -0.000000
      9 H                     0.106156      -0.000000
     10 H                     0.109837      -0.000000
     11 H                     0.143679      -0.000000
  --------------------------------------------------------
  Sum of atomic charges =     0.000000
  Sum of spin   charges =    -0.000000

 -----------------------------------------------------------------
                    Cartesian Multipole Moments
 -----------------------------------------------------------------
    Charge (ESU x 10^10)
                -0.0000
    Dipole Moment (Debye)
         X      -2.4729      Y       2.1304      Z       0.6631
       Tot       3.3307
    Quadrupole Moments (Debye-Ang)
        XX     -37.1042     XY       2.1230     YY     -31.9633
        XZ       0.9356     YZ       0.2419     ZZ     -32.5267
    Octopole Moments (Debye-Ang^2)
       XXX     -41.9021    XXY       7.1027    XYY      -9.5661
       YYY      16.4269    XXZ       1.9832    XYZ       0.3479
       YYZ       1.4530    XZZ     -11.4954    YZZ       5.6079
       ZZZ       7.5399
    Hexadecapole Moments (Debye-Ang^3)
      XXXX    -482.0921   XXXY      26.1254   XXYY    -100.4773
      XYYY      25.7522   YYYY    -152.7112   XXXZ      16.4671
      XXYZ       0.2293   XYYZ       3.5700   YYYZ      -4.2485
      XXZZ     -91.3803   XYZZ       9.2248   YYZZ     -39.0286
      XZZZ      16.3076   YZZZ      -5.1058   ZZZZ     -67.4915
 -----------------------------------------------------------------
 Calculating analytic gradient of the SCF energy
 Gradient of SCF Energy
            1           2           3           4           5           6
    1   0.0264042  -0.0000034  -0.0266949   0.0000347   0.0000944   0.0001166
    2  -0.0301567  -0.0000483   0.0296591   0.0000496  -0.0000942   0.0000626
    3  -0.0112698  -0.0000614   0.0109252  -0.0000022   0.0000195   0.0000827
            7           8           9          10          11
    1   0.0000476   0.0000605  -0.0000607  -0.0000100   0.0000111
    2   0.0002698   0.0001238   0.0000183   0.0000383   0.0000775
    3   0.0000928   0.0002077   0.0000059  -0.0000241   0.0000238
 Max gradient component =       3.016E-02
 RMS gradient           =       1.022E-02
 Gradient time:  CPU 8.08 s  wall 0.87 s
 Geometry Optimization Parameters
   NAtoms,    NIC,     NZ,  NCons,   NDum,   NFix, NCnnct, MaxDiis
       11      68       0       1       0       0       0       0

 Cartesian Hessian Update
 Hessian Updated using BFGS Update


** CONSTRAINED OPTIMIZATION IN DELOCALIZED INTERNAL COORDINATES **
   Searching for a Minimum

   Optimization Cycle:   4

                       Coordinates (Angstroms)
     ATOM                X               Y               Z
      1  Cl        1.8634569443   -0.7055693008   -0.2587438192
      2  C        -0.8102065884    0.5720350546   -0.3205672835
      3  C         0.5299439562    0.8125593816    0.3131196031
      4  C        -1.5363673544   -0.6819310517    0.1668742174
      5  H        -0.7015901870    0.5626786924   -1.4099475713
      6  H        -1.4059098365    1.4685671502   -0.0795856438
      7  H         0.5691005137    0.7101413968    1.3955837533
      8  H         1.0710651250    1.6850090003   -0.0433684515
      9  H        -1.6823685374   -0.6588456728    1.2523570407
     10  H        -2.5209150061   -0.7652692462   -0.3024790648
     11  H        -0.9606080293   -1.5777754046   -0.0785407804
   Point Group: c1    Number of degrees of freedom:    27


   Energy is   -578.735807335

              Constraints and their Current Values
                                        Value     Constraint
   Distance(Angs):        1   3             2.100000     2.100000
 Hessian Updated using BFGS Update

 25 Hessian modes will be used to form the next step
  Hessian Eigenvalues:
     0.042817    0.045000    0.045308    0.066981    0.078208    0.082966
     0.083237    0.083534    0.106993    0.136349    0.159904    0.160000
     0.160284    0.166865    0.219718    0.226762    0.295108    0.314594
     0.335146    0.341729    0.342351    0.343574    0.344660    0.348915
     0.350506

 Minimum Search - Taking Simple RFO Step
 Searching for Lamda that Minimizes Along All modes
 Value Taken    Lamda =  -0.00000240
 Step Taken.  Stepsize is  0.006229

                             Maximum     Tolerance    Cnvgd?
         Gradient           0.000292      0.000300     YES
         Displacement       0.004053      0.001200      NO
         Energy change     -0.000095      0.000001      NO


 New Cartesian Coordinates Obtained by Inverse Iteration

 Displacement from previous Coordinates is:  0.005135
 ----------------------------------------------------------------
             Standard Nuclear Orientation (Angstroms)
    I     Atom           X                Y                Z
 ----------------------------------------------------------------
    1      Cl      1.8637135630    -0.7046310852    -0.2588972228
    2      C      -0.8101102969     0.5721814229    -0.3205288994
    3      C       0.5300334335     0.8130923246     0.3136517474
    4      C      -1.5363873376    -0.6819471863     0.1668938987
    5      H      -0.7014780888     0.5631733830    -1.4099465720
    6      H      -1.4067783079     1.4682417347    -0.0801879335
    7      H       0.5694031417     0.7086318628     1.3957869259
    8      H       1.0715716691     1.6846799590    -0.0439057676
    9      H      -1.6825351725    -0.6581955991     1.2523194147
   10      H      -2.5208562334    -0.7653714006    -0.3025893472
   11      H      -0.9609753701    -1.5782554160    -0.0778942441
 ----------------------------------------------------------------
 Nuclear Repulsion Energy =   155.0950579685 hartrees
 There are       21 alpha and       21 beta electrons

                       Distance Matrix (Angstroms)
             Cl(  1)   C (  2)   C (  3)   C (  4)   H (  5)   H (  6)
   C (  2)  2.963677
   C (  3)  2.100000  1.502068
   C (  4)  3.426733  1.529019  2.554756
   H (  5)  3.084226  1.094858  2.133043  2.175735
   H (  6)  3.930576  1.103042  2.082203  2.168216  1.756376
   H (  7)  2.531903  2.206222  1.087878  2.806821  3.083575  2.580853
   H (  8)  2.526364  2.203384  1.086635  3.528004  2.503508  2.488048
   H (  9)  3.855102  2.179175  2.818021  1.095478  3.088993  2.524550
   H ( 10)  4.385208  2.171640  3.489875  1.093871  2.510261  2.505925
   H ( 11)  2.962237  2.169334  2.845164  1.092881  2.535236  3.078943
             H (  7)   H (  8)   H (  9)   H ( 10)
   H (  8)  1.810403
   H (  9)  2.638186  3.841142
   H ( 10)  3.821894  4.356054  1.769749
   H ( 11)  3.121482  3.844366  1.771053  1.773273
 
 Applying Cartesian multipole field
    Component          Value
    ---------          -----
     (2,0,0)        1.00000E-11
     (0,2,0)        2.00000E-11
     (0,0,2)       -3.00000E-10
 Nucleus-field energy     =    -0.0000000035 hartrees
 Requested basis set is 6-31G(d,p)
 There are 38 shells and 99 basis functions
 A cutoff of  1.0D-14 yielded    721 shell pairs
 There are      5003 function pairs
 Smallest overlap matrix eigenvalue = 5.92E-03
 Guess from superposition of atomic densities
 Warning:  Energy on first SCF cycle will be non-variational
 SAD guess density has 42.000000 electrons

 -----------------------------------------------------------------------
  General SCF calculation program by
  Eric Jon Sundstrom, Paul Horn, Yuezhi Mao, Dmitri Zuev, Alec White,
  David Stuck, Shaama M.S., Shane Yost, Joonho Lee, David Small,
  Daniel Levine, Susi Lehtola, Hugh Burton, Evgeny Epifanovsky
 -----------------------------------------------------------------------
 Exchange:     0.2000 Hartree-Fock + 0.0800 Slater + 0.7200 B88
 Correlation:  0.1900 VWN1RPA + 0.8100 LYP
 Using SG-1 standard quadrature grid
 using 12 threads for integral computing
 -------------------------------------------------------
 OpenMP Integral computing Module                
 Release: version 1.0, May 2013, Q-Chem Inc. Pittsburgh 
 -------------------------------------------------------
 -------------------------------------------------------
 OpenMP BLAS3 based DFT computing Module                
 Release: version 1.0, May 2013, Q-Chem Inc. Pittsburgh 
 -------------------------------------------------------
 A unrestricted SCF calculation will be
 performed using DIIS
 SCF converges when DIIS error is below 1.0e-06
 Alpha HF Exchange    Energy =  -4.55967019905880
 Beta HF Exchange     Energy =  -4.55967019905880
 DFT Correlation      Energy =  -1.89880755472324
 DFT Exchange         Energy = -35.73309633487415
 One-Electron (alpha) Energy = -548.98015777141188
 One-Electron (beta)  Energy = -548.98015777141188
 Total Coulomb        Energy = 410.62922446250940
 ---------------------------------------
  Cycle       Energy         DIIS error
 ---------------------------------------
    1    -578.9872774031      2.94e-02  
 Alpha HF Exchange    Energy =  -4.57712783486062
 Beta HF Exchange     Energy =  -4.57712783486062
 DFT Correlation      Energy =  -1.92495914182150
 DFT Exchange         Energy = -36.31246003606969
 One-Electron (alpha) Energy = -552.53491145523037
 One-Electron (beta)  Energy = -552.53491145523071
 Total Coulomb        Energy = 418.69718308435438
    2    -578.6692567088      3.50e-03  
 Alpha HF Exchange    Energy =  -4.52409645860813
 Beta HF Exchange     Energy =  -4.52409645860814
 DFT Correlation      Energy =  -1.90207892247953
 DFT Exchange         Energy = -35.87296666817648
 One-Electron (alpha) Energy = -549.08575064867375
 One-Electron (beta)  Energy = -549.08575064867455
 Total Coulomb        Energy = 411.23638166498813
    3    -578.6633001753      3.73e-03  
 Alpha HF Exchange    Energy =  -4.54840453176498
 Beta HF Exchange     Energy =  -4.54840453176498
 DFT Correlation      Energy =  -1.91323281469584
 DFT Exchange         Energy = -36.07348966961113
 One-Electron (alpha) Energy = -550.78919710815148
 One-Electron (beta)  Energy = -550.78919710815114
 Total Coulomb        Energy = 414.83143512317980
    4    -578.7354326760      2.76e-04  
 Alpha HF Exchange    Energy =  -4.54957849809305
 Beta HF Exchange     Energy =  -4.54957849809306
 DFT Correlation      Energy =  -1.91354080586265
 DFT Exchange         Energy = -36.08325809687529
 One-Electron (alpha) Energy = -550.85038384291465
 One-Electron (beta)  Energy = -550.85038384291499
 Total Coulomb        Energy = 414.96589679810768
    5    -578.7357688217      8.97e-05  
 Alpha HF Exchange    Energy =  -4.54918067063959
 Beta HF Exchange     Energy =  -4.54918067063958
 DFT Correlation      Energy =  -1.91336426538792
 DFT Exchange         Energy = -36.07970734878451
 One-Electron (alpha) Energy = -550.81748236306396
 One-Electron (beta)  Energy = -550.81748236306362
 Total Coulomb        Energy = 414.89553686087470
    6    -578.7358028557      3.39e-05  
 Alpha HF Exchange    Energy =  -4.54919006598849
 Beta HF Exchange     Energy =  -4.54919006598849
 DFT Correlation      Energy =  -1.91340519288342
 DFT Exchange         Energy = -36.07995421301229
 One-Electron (alpha) Energy = -550.82101838950848
 One-Electron (beta)  Energy = -550.82101838950882
 Total Coulomb        Energy = 414.90291045821152
    7    -578.7358078937      1.22e-05  
 Alpha HF Exchange    Energy =  -4.54923000291421
 Beta HF Exchange     Energy =  -4.54923000291421
 DFT Correlation      Energy =  -1.91340648172244
 DFT Exchange         Energy = -36.08021610183110
 One-Electron (alpha) Energy = -550.82406188091966
 One-Electron (beta)  Energy = -550.82406188091977
 Total Coulomb        Energy = 414.90933963524446
    8    -578.7358087510      2.50e-06  
 Alpha HF Exchange    Energy =  -4.54922373244793
 Beta HF Exchange     Energy =  -4.54922373244794
 DFT Correlation      Energy =  -1.91340600671901
 DFT Exchange         Energy = -36.08017189034946
 One-Electron (alpha) Energy = -550.82347719681138
 One-Electron (beta)  Energy = -550.82347719681161
 Total Coulomb        Energy = 414.90811300328943
    9    -578.7358087873      4.18e-07  Convergence criterion met
 ---------------------------------------
 SCF time:   CPU 21.54s  wall 2.00s 
<S^2> =         -0.000000000
 Alpha HF Exchange    Energy =  -4.54922373244793
 Beta HF Exchange     Energy =  -4.54922373244794
 DFT Correlation      Energy =  -1.91340600671901
 DFT Exchange         Energy = -36.08017189034946
 One-Electron (alpha) Energy = -550.82347719681138
 One-Electron (beta)  Energy = -550.82347719681161
 Total Coulomb        Energy = 414.90811300328943
 Nuclear repulsion Energy = 155.09505796495907
 SCF   energy in the final basis set =     -578.7358087873
 Total energy in the final basis set =     -578.7358087873
 
 --------------------------------------------------------------
 
                    Orbital Energies (a.u.)
 --------------------------------------------------------------
 
 Alpha MOs
 -- Occupied --
******* -10.267 -10.212 -10.186  -9.428  -7.192  -7.182  -7.182
 -0.823  -0.764  -0.692  -0.602  -0.482  -0.466  -0.433  -0.381
 -0.373  -0.364  -0.334  -0.284  -0.282
 -- Virtual --
 -0.043   0.083   0.124   0.131   0.143   0.156   0.173   0.182
  0.208   0.248   0.410   0.454   0.460   0.481   0.501   0.515
  0.554   0.572   0.587   0.650   0.685   0.706   0.743   0.799
  0.834   0.854   0.879   0.889   0.896   0.910   0.922   0.931
  0.960   0.984   1.019   1.098   1.294   1.343   1.429   1.507
  1.535   1.653   1.733   1.809   1.827   1.887   1.980   2.041
  2.051   2.060   2.095   2.099   2.217   2.246   2.268   2.360
  2.371   2.420   2.514   2.611   2.623   2.690   2.765   2.795
  2.847   2.875   2.897   3.177   3.235   3.280   3.373   3.425
  3.480   3.520   4.237   4.282   4.443   4.611
 
 Beta MOs
 -- Occupied --
******* -10.267 -10.212 -10.186  -9.428  -7.192  -7.182  -7.182
 -0.823  -0.764  -0.692  -0.602  -0.482  -0.466  -0.433  -0.381
 -0.373  -0.364  -0.334  -0.284  -0.282
 -- Virtual --
 -0.043   0.083   0.124   0.131   0.143   0.156   0.173   0.182
  0.208   0.248   0.410   0.454   0.460   0.481   0.501   0.515
  0.554   0.572   0.587   0.650   0.685   0.706   0.743   0.799
  0.834   0.854   0.879   0.889   0.896   0.910   0.922   0.931
  0.960   0.984   1.019   1.098   1.294   1.343   1.429   1.507
  1.535   1.653   1.733   1.809   1.827   1.887   1.980   2.041
  2.051   2.060   2.095   2.099   2.217   2.246   2.268   2.360
  2.371   2.420   2.514   2.611   2.623   2.690   2.765   2.795
  2.847   2.875   2.897   3.177   3.235   3.280   3.373   3.425
  3.480   3.520   4.237   4.282   4.443   4.611
 --------------------------------------------------------------
 
          Ground-State Mulliken Net Atomic Charges

     Atom                 Charge (a.u.)    Spin (a.u.)
  --------------------------------------------------------
      1 Cl                   -0.238196       0.000000
      2 C                    -0.181431       0.000000
      3 C                    -0.207828       0.000000
      4 C                    -0.318836      -0.000000
      5 H                     0.135243      -0.000000
      6 H                     0.119176      -0.000000
      7 H                     0.165825      -0.000000
      8 H                     0.166374      -0.000000
      9 H                     0.106149       0.000000
     10 H                     0.109851       0.000000
     11 H                     0.143672       0.000000
  --------------------------------------------------------
  Sum of atomic charges =    -0.000000
  Sum of spin   charges =     0.000000

 -----------------------------------------------------------------
                    Cartesian Multipole Moments
 -----------------------------------------------------------------
    Charge (ESU x 10^10)
                -0.0000
    Dipole Moment (Debye)
         X      -2.4742      Y       2.1301      Z       0.6638
       Tot       3.3316
    Quadrupole Moments (Debye-Ang)
        XX     -37.1064     XY       2.1243     YY     -31.9636
        XZ       0.9374     YZ       0.2375     ZZ     -32.5252
    Octopole Moments (Debye-Ang^2)
       XXX     -41.9264    XXY       7.0929    XYY      -9.5716
       YYY      16.3802    XXZ       1.9807    XYZ       0.3453
       YYZ       1.4453    XZZ     -11.4977    YZZ       5.5938
       ZZZ       7.5424
    Hexadecapole Moments (Debye-Ang^3)
      XXXX    -482.2141   XXXY      26.0679   XXYY    -100.4781
      XYYY      25.7044   YYYY    -152.6364   XXXZ      16.4826
      XXYZ       0.2284   XYYZ       3.5723   YYYZ      -4.2560
      XXZZ     -91.3998   XYZZ       9.2003   YYZZ     -39.0209
      XZZZ      16.3232   YZZZ      -5.1040   ZZZZ     -67.5033
 -----------------------------------------------------------------
 Calculating analytic gradient of the SCF energy
 Gradient of SCF Energy
            1           2           3           4           5           6
    1   0.0263637   0.0000274  -0.0265142  -0.0000302   0.0000419   0.0000544
    2  -0.0300536  -0.0000225   0.0299350   0.0000202  -0.0000440   0.0000360
    3  -0.0112438  -0.0000667   0.0112233   0.0000061  -0.0000073   0.0000180
            7           8           9          10          11
    1   0.0000357   0.0000771  -0.0000377  -0.0000028  -0.0000153
    2   0.0000753  -0.0000175   0.0000441   0.0000180   0.0000091
    3   0.0000325   0.0000425  -0.0000121  -0.0000250   0.0000325
 Max gradient component =       3.005E-02
 RMS gradient           =       1.022E-02
 Gradient time:  CPU 8.14 s  wall 0.87 s
 Geometry Optimization Parameters
   NAtoms,    NIC,     NZ,  NCons,   NDum,   NFix, NCnnct, MaxDiis
       11      68       0       1       0       0       0       0

 Cartesian Hessian Update
 Hessian Updated using BFGS Update


** CONSTRAINED OPTIMIZATION IN DELOCALIZED INTERNAL COORDINATES **
   Searching for a Minimum

   Optimization Cycle:   5

                       Coordinates (Angstroms)
     ATOM                X               Y               Z
      1  Cl        1.8637135630   -0.7046310852   -0.2588972228
      2  C        -0.8101102969    0.5721814229   -0.3205288994
      3  C         0.5300334335    0.8130923246    0.3136517474
      4  C        -1.5363873376   -0.6819471863    0.1668938987
      5  H        -0.7014780888    0.5631733830   -1.4099465720
      6  H        -1.4067783079    1.4682417347   -0.0801879335
      7  H         0.5694031417    0.7086318628    1.3957869259
      8  H         1.0715716691    1.6846799590   -0.0439057676
      9  H        -1.6825351725   -0.6581955991    1.2523194147
     10  H        -2.5208562334   -0.7653714006   -0.3025893472
     11  H        -0.9609753701   -1.5782554160   -0.0778942441
   Point Group: c1    Number of degrees of freedom:    27


   Energy is   -578.735808787

              Constraints and their Current Values
                                        Value     Constraint
   Distance(Angs):        1   3             2.100000     2.100000
 Hessian Updated using BFGS Update

 26 Hessian modes will be used to form the next step
  Hessian Eigenvalues:
     0.038304    0.045000    0.047695    0.066749    0.076316    0.082837
     0.083170    0.083563    0.105352    0.134733    0.147241    0.159941
     0.160000    0.160000    0.163091    0.219219    0.227605    0.296673
     0.310328    0.335296    0.341899    0.342322    0.343584    0.344964
     0.347832    0.350245

 Minimum Search - Taking Simple RFO Step
 Searching for Lamda that Minimizes Along All modes
 Value Taken    Lamda =   0.00000000
 Step Taken.  Stepsize is  0.001969

                             Maximum     Tolerance    Cnvgd?
         Gradient           0.000086      0.000300     YES
         Displacement       0.000996      0.001200     YES
         Energy change     -0.000001      0.000001      NO


                       Distance Matrix (Angstroms)
             Cl(  1)   C (  2)   C (  3)   C (  4)   H (  5)   H (  6)
   C (  2)  2.963677
   C (  3)  2.100000  1.502068
   C (  4)  3.426733  1.529019  2.554756
   H (  5)  3.084226  1.094858  2.133043  2.175735
   H (  6)  3.930576  1.103042  2.082203  2.168216  1.756376
   H (  7)  2.531903  2.206222  1.087878  2.806821  3.083575  2.580853
   H (  8)  2.526364  2.203384  1.086635  3.528004  2.503508  2.488048
   H (  9)  3.855102  2.179175  2.818021  1.095478  3.088993  2.524550
   H ( 10)  4.385208  2.171640  3.489875  1.093871  2.510261  2.505925
   H ( 11)  2.962237  2.169334  2.845164  1.092881  2.535236  3.078943
             H (  7)   H (  8)   H (  9)   H ( 10)
   H (  8)  1.810403
   H (  9)  2.638186  3.841142
   H ( 10)  3.821894  4.356054  1.769749
   H ( 11)  3.121482  3.844366  1.771053  1.773273
 
 Final energy is   -578.735808787339     


 ******************************
 **  OPTIMIZATION CONVERGED  **
 ******************************

                       Coordinates (Angstroms)
     ATOM                X               Y               Z
      1  Cl        1.8637135630   -0.7046310852   -0.2588972228
      2  C        -0.8101102969    0.5721814229   -0.3205288994
      3  C         0.5300334335    0.8130923246    0.3136517474
      4  C        -1.5363873376   -0.6819471863    0.1668938987
      5  H        -0.7014780888    0.5631733830   -1.4099465720
      6  H        -1.4067783079    1.4682417347   -0.0801879335
      7  H         0.5694031417    0.7086318628    1.3957869259
      8  H         1.0715716691    1.6846799590   -0.0439057676
      9  H        -1.6825351725   -0.6581955991    1.2523194147
     10  H        -2.5208562334   -0.7653714006   -0.3025893472
     11  H        -0.9609753701   -1.5782554160   -0.0778942441

Z-matrix Print:
$molecule
0 1
Cl
C  1 2.100000
H  2 1.086635 1 99.990244
H  2 1.087878 1 100.301153 3 -115.511115 0
C  2 1.502068 1 109.608837 3 122.069856 0
H  5 1.094858 2 109.445041 1 -59.414998 0
H  5 1.103042 2 105.089808 1 -172.969034 0
C  5 1.529019 2 114.882015 1 66.158723 0
H  8 1.092881 5 110.560525 2 -62.560270 0
H  8 1.093871 5 110.684662 2 177.345357 0
H  8 1.095478 5 111.188775 2 57.469151 0
$end

PES scan, value:    2.1000 energy: -578.7358087873
------- Summary of potential scan: ------ 
    2.1000      -578.7358087873
----------------------------------------- 
Archival summary:
1\1\hpc0332\JobtypUnspecified\ProcedureUnspecified\6-31G**\l137\knomura\MonMar1119:04:542019MonMar1119:04:542019\0\\#,JobtypUnspecified,ProcedureUnspecified,6-31G**,\\0,1\Cl\C,1,2.1\H,2,1.08664,1,99.9902\H,2,1.08788,1,100.301,3,-115.511,0\C,2,1.50207,1,109.609,3,122.07,0\H,5,1.09486,2,109.445,1,-59.415,0\H,5,1.10304,2,105.09,1,-172.969,0\C,5,1.52902,2,114.882,1,66.1587,0\H,8,1.09288,5,110.561,2,-62.5603,0\H,8,1.09387,5,110.685,2,177.345,0\H,8,1.09548,5,111.189,2,57.4692,0\\\@

 Total job time:  17.29s(wall), 177.80s(cpu) 
 Mon Mar 11 19:04:54 2019

        *************************************************************
        *                                                           *
        *  Thank you very much for using Q-Chem.  Have a nice day.  *
        *                                                           *
        *************************************************************


