--------------
scan_atom_index:  bond (1, 3)
--------------
{'bond': (1, 3)}
--------------
initial_values:  bond 1.9000000000000001
--------------

=== 1. inner scan === 


--- start incremental inner scan ---

scan_atom_index, initial, final, increment, num_datapoints :  (1, 3) 1.9000000000000001 0.7600000000000001 0.1 11

--- halogens/Bromine/03/Br_1_3.xyz.data/inputs/bond_singlet_1.9.in halogens/Bromine/03/Br_1_3.xyz.data/outputs/bond_singlet_1.9.out ---

In get_optimized_sturcture with halogens/Bromine/03/Br_1_3.xyz.data/outputs/bond_singlet_1.9.out
keyword found : **  OPTIMIZATION CONVERGED  **
In get_scan_result with halogens/Bromine/03/Br_1_3.xyz.data/outputs/bond_singlet_1.9.out

--- halogens/Bromine/03/Br_1_3.xyz.data/inputs/bond_singlet_1.8.in halogens/Bromine/03/Br_1_3.xyz.data/outputs/bond_singlet_1.8.out ---

In get_optimized_sturcture with halogens/Bromine/03/Br_1_3.xyz.data/outputs/bond_singlet_1.8.out
keyword found : **  OPTIMIZATION CONVERGED  **
In get_scan_result with halogens/Bromine/03/Br_1_3.xyz.data/outputs/bond_singlet_1.8.out

--- halogens/Bromine/03/Br_1_3.xyz.data/inputs/bond_singlet_1.7.in halogens/Bromine/03/Br_1_3.xyz.data/outputs/bond_singlet_1.7.out ---

In get_optimized_sturcture with halogens/Bromine/03/Br_1_3.xyz.data/outputs/bond_singlet_1.7.out
keyword found : **  OPTIMIZATION CONVERGED  **
In get_scan_result with halogens/Bromine/03/Br_1_3.xyz.data/outputs/bond_singlet_1.7.out

--- halogens/Bromine/03/Br_1_3.xyz.data/inputs/bond_singlet_1.6.in halogens/Bromine/03/Br_1_3.xyz.data/outputs/bond_singlet_1.6.out ---

In get_optimized_sturcture with halogens/Bromine/03/Br_1_3.xyz.data/outputs/bond_singlet_1.6.out
keyword found : **  OPTIMIZATION CONVERGED  **
In get_scan_result with halogens/Bromine/03/Br_1_3.xyz.data/outputs/bond_singlet_1.6.out

--- halogens/Bromine/03/Br_1_3.xyz.data/inputs/bond_singlet_1.5.in halogens/Bromine/03/Br_1_3.xyz.data/outputs/bond_singlet_1.5.out ---

In get_optimized_sturcture with halogens/Bromine/03/Br_1_3.xyz.data/outputs/bond_singlet_1.5.out
WARNING : optimized structure was not found

--- final coord 1.6. start descrete inner scan ---

scan_atom_index, initial, final, increment, num_datapoints :  (1, 3) 1.9000000000000001 0.7600000000000001 0.1 11

--- halogens/Bromine/03/Br_1_3.xyz.data/inputs/bond_singlet_1.9.in halogens/Bromine/03/Br_1_3.xyz.data/outputs/bond_singlet_1.9.out ---

In get_optimized_sturcture with halogens/Bromine/03/Br_1_3.xyz.data/outputs/bond_singlet_1.9.out
keyword found : **  OPTIMIZATION CONVERGED  **
In get_scan_result with halogens/Bromine/03/Br_1_3.xyz.data/outputs/bond_singlet_1.9.out

--- halogens/Bromine/03/Br_1_3.xyz.data/inputs/bond_singlet_1.8.in halogens/Bromine/03/Br_1_3.xyz.data/outputs/bond_singlet_1.8.out ---

In get_optimized_sturcture with halogens/Bromine/03/Br_1_3.xyz.data/outputs/bond_singlet_1.8.out
keyword found : **  OPTIMIZATION CONVERGED  **
In get_scan_result with halogens/Bromine/03/Br_1_3.xyz.data/outputs/bond_singlet_1.8.out

--- halogens/Bromine/03/Br_1_3.xyz.data/inputs/bond_singlet_1.7.in halogens/Bromine/03/Br_1_3.xyz.data/outputs/bond_singlet_1.7.out ---

In get_optimized_sturcture with halogens/Bromine/03/Br_1_3.xyz.data/outputs/bond_singlet_1.7.out
keyword found : **  OPTIMIZATION CONVERGED  **
In get_scan_result with halogens/Bromine/03/Br_1_3.xyz.data/outputs/bond_singlet_1.7.out

--- halogens/Bromine/03/Br_1_3.xyz.data/inputs/bond_singlet_1.6.in halogens/Bromine/03/Br_1_3.xyz.data/outputs/bond_singlet_1.6.out ---

In get_optimized_sturcture with halogens/Bromine/03/Br_1_3.xyz.data/outputs/bond_singlet_1.6.out
keyword found : **  OPTIMIZATION CONVERGED  **
In get_scan_result with halogens/Bromine/03/Br_1_3.xyz.data/outputs/bond_singlet_1.6.out

--- halogens/Bromine/03/Br_1_3.xyz.data/inputs/bond_singlet_1.5.in halogens/Bromine/03/Br_1_3.xyz.data/outputs/bond_singlet_1.5.out ---

In get_optimized_sturcture with halogens/Bromine/03/Br_1_3.xyz.data/outputs/bond_singlet_1.5.out
keyword found : **  OPTIMIZATION CONVERGED  **
In get_scan_result with halogens/Bromine/03/Br_1_3.xyz.data/outputs/bond_singlet_1.5.out

--- halogens/Bromine/03/Br_1_3.xyz.data/inputs/bond_singlet_1.4.in halogens/Bromine/03/Br_1_3.xyz.data/outputs/bond_singlet_1.4.out ---

In get_optimized_sturcture with halogens/Bromine/03/Br_1_3.xyz.data/outputs/bond_singlet_1.4.out
keyword found : **  OPTIMIZATION CONVERGED  **
In get_scan_result with halogens/Bromine/03/Br_1_3.xyz.data/outputs/bond_singlet_1.4.out

--- halogens/Bromine/03/Br_1_3.xyz.data/inputs/bond_singlet_1.3.in halogens/Bromine/03/Br_1_3.xyz.data/outputs/bond_singlet_1.3.out ---

In get_optimized_sturcture with halogens/Bromine/03/Br_1_3.xyz.data/outputs/bond_singlet_1.3.out
keyword found : **  OPTIMIZATION CONVERGED  **
In get_scan_result with halogens/Bromine/03/Br_1_3.xyz.data/outputs/bond_singlet_1.3.out

--- halogens/Bromine/03/Br_1_3.xyz.data/inputs/bond_singlet_1.2.in halogens/Bromine/03/Br_1_3.xyz.data/outputs/bond_singlet_1.2.out ---

In get_optimized_sturcture with halogens/Bromine/03/Br_1_3.xyz.data/outputs/bond_singlet_1.2.out
keyword found : **  OPTIMIZATION CONVERGED  **
In get_scan_result with halogens/Bromine/03/Br_1_3.xyz.data/outputs/bond_singlet_1.2.out

--- halogens/Bromine/03/Br_1_3.xyz.data/inputs/bond_singlet_1.1.in halogens/Bromine/03/Br_1_3.xyz.data/outputs/bond_singlet_1.1.out ---

In get_optimized_sturcture with halogens/Bromine/03/Br_1_3.xyz.data/outputs/bond_singlet_1.1.out
keyword found : **  OPTIMIZATION CONVERGED  **
In get_scan_result with halogens/Bromine/03/Br_1_3.xyz.data/outputs/bond_singlet_1.1.out

--- halogens/Bromine/03/Br_1_3.xyz.data/inputs/bond_singlet_1.0.in halogens/Bromine/03/Br_1_3.xyz.data/outputs/bond_singlet_1.0.out ---

In get_optimized_sturcture with halogens/Bromine/03/Br_1_3.xyz.data/outputs/bond_singlet_1.0.out
keyword found : **  OPTIMIZATION CONVERGED  **
In get_scan_result with halogens/Bromine/03/Br_1_3.xyz.data/outputs/bond_singlet_1.0.out

--- halogens/Bromine/03/Br_1_3.xyz.data/inputs/bond_singlet_0.9.in halogens/Bromine/03/Br_1_3.xyz.data/outputs/bond_singlet_0.9.out ---

In get_optimized_sturcture with halogens/Bromine/03/Br_1_3.xyz.data/outputs/bond_singlet_0.9.out
keyword found : **  OPTIMIZATION CONVERGED  **
In get_scan_result with halogens/Bromine/03/Br_1_3.xyz.data/outputs/bond_singlet_0.9.out

=== 2. outer scan === n

--- start incremental outer scan ---

scan_atom_index, initial, final, increment, num_datapoints :  (1, 3) 1.9000000000000001 5.890000000000001 0.1 39

--- halogens/Bromine/03/Br_1_3.xyz.data/inputs/bond_singlet_1.9.in halogens/Bromine/03/Br_1_3.xyz.data/outputs/bond_singlet_1.9.out ---

In get_optimized_sturcture with halogens/Bromine/03/Br_1_3.xyz.data/outputs/bond_singlet_1.9.out
keyword found : **  OPTIMIZATION CONVERGED  **
In get_scan_result with halogens/Bromine/03/Br_1_3.xyz.data/outputs/bond_singlet_1.9.out

--- halogens/Bromine/03/Br_1_3.xyz.data/inputs/bond_singlet_2.0.in halogens/Bromine/03/Br_1_3.xyz.data/outputs/bond_singlet_2.0.out ---

In get_optimized_sturcture with halogens/Bromine/03/Br_1_3.xyz.data/outputs/bond_singlet_2.0.out
keyword found : **  OPTIMIZATION CONVERGED  **
In get_scan_result with halogens/Bromine/03/Br_1_3.xyz.data/outputs/bond_singlet_2.0.out

--- halogens/Bromine/03/Br_1_3.xyz.data/inputs/bond_singlet_2.1.in halogens/Bromine/03/Br_1_3.xyz.data/outputs/bond_singlet_2.1.out ---

In get_optimized_sturcture with halogens/Bromine/03/Br_1_3.xyz.data/outputs/bond_singlet_2.1.out
keyword found : **  OPTIMIZATION CONVERGED  **
In get_scan_result with halogens/Bromine/03/Br_1_3.xyz.data/outputs/bond_singlet_2.1.out

--- halogens/Bromine/03/Br_1_3.xyz.data/inputs/bond_singlet_2.2.in halogens/Bromine/03/Br_1_3.xyz.data/outputs/bond_singlet_2.2.out ---

In get_optimized_sturcture with halogens/Bromine/03/Br_1_3.xyz.data/outputs/bond_singlet_2.2.out
keyword found : **  OPTIMIZATION CONVERGED  **
In get_scan_result with halogens/Bromine/03/Br_1_3.xyz.data/outputs/bond_singlet_2.2.out

--- halogens/Bromine/03/Br_1_3.xyz.data/inputs/bond_singlet_2.3.in halogens/Bromine/03/Br_1_3.xyz.data/outputs/bond_singlet_2.3.out ---

In get_optimized_sturcture with halogens/Bromine/03/Br_1_3.xyz.data/outputs/bond_singlet_2.3.out
keyword found : **  OPTIMIZATION CONVERGED  **
In get_scan_result with halogens/Bromine/03/Br_1_3.xyz.data/outputs/bond_singlet_2.3.out

--- halogens/Bromine/03/Br_1_3.xyz.data/inputs/bond_singlet_2.4.in halogens/Bromine/03/Br_1_3.xyz.data/outputs/bond_singlet_2.4.out ---

In get_optimized_sturcture with halogens/Bromine/03/Br_1_3.xyz.data/outputs/bond_singlet_2.4.out
keyword found : **  OPTIMIZATION CONVERGED  **
In get_scan_result with halogens/Bromine/03/Br_1_3.xyz.data/outputs/bond_singlet_2.4.out

--- halogens/Bromine/03/Br_1_3.xyz.data/inputs/bond_singlet_2.5.in halogens/Bromine/03/Br_1_3.xyz.data/outputs/bond_singlet_2.5.out ---

In get_optimized_sturcture with halogens/Bromine/03/Br_1_3.xyz.data/outputs/bond_singlet_2.5.out
keyword found : **  OPTIMIZATION CONVERGED  **
In get_scan_result with halogens/Bromine/03/Br_1_3.xyz.data/outputs/bond_singlet_2.5.out

--- halogens/Bromine/03/Br_1_3.xyz.data/inputs/bond_singlet_2.6.in halogens/Bromine/03/Br_1_3.xyz.data/outputs/bond_singlet_2.6.out ---

In get_optimized_sturcture with halogens/Bromine/03/Br_1_3.xyz.data/outputs/bond_singlet_2.6.out
keyword found : **  OPTIMIZATION CONVERGED  **
In get_scan_result with halogens/Bromine/03/Br_1_3.xyz.data/outputs/bond_singlet_2.6.out

--- halogens/Bromine/03/Br_1_3.xyz.data/inputs/bond_singlet_2.7.in halogens/Bromine/03/Br_1_3.xyz.data/outputs/bond_singlet_2.7.out ---

In get_optimized_sturcture with halogens/Bromine/03/Br_1_3.xyz.data/outputs/bond_singlet_2.7.out
WARNING : optimized structure was not found

--- start descrete outer scan ---

scan_atom_index, initial, final, increment, num_datapoints :  (1, 3) 2.6 5.890000000000001 0.1 32

--- halogens/Bromine/03/Br_1_3.xyz.data/inputs/bond_singlet_2.6.in halogens/Bromine/03/Br_1_3.xyz.data/outputs/bond_singlet_2.6.out ---

In get_optimized_sturcture with halogens/Bromine/03/Br_1_3.xyz.data/outputs/bond_singlet_2.6.out
keyword found : **  OPTIMIZATION CONVERGED  **
In get_scan_result with halogens/Bromine/03/Br_1_3.xyz.data/outputs/bond_singlet_2.6.out

--- halogens/Bromine/03/Br_1_3.xyz.data/inputs/bond_singlet_2.7.in halogens/Bromine/03/Br_1_3.xyz.data/outputs/bond_singlet_2.7.out ---

In get_optimized_sturcture with halogens/Bromine/03/Br_1_3.xyz.data/outputs/bond_singlet_2.7.out
keyword found : **  OPTIMIZATION CONVERGED  **
In get_scan_result with halogens/Bromine/03/Br_1_3.xyz.data/outputs/bond_singlet_2.7.out

--- halogens/Bromine/03/Br_1_3.xyz.data/inputs/bond_singlet_2.8.in halogens/Bromine/03/Br_1_3.xyz.data/outputs/bond_singlet_2.8.out ---

In get_optimized_sturcture with halogens/Bromine/03/Br_1_3.xyz.data/outputs/bond_singlet_2.8.out
WARNING : optimized structure was not found

=== 3. triplet scan start === n
scan_atom_index, initial, final, increment, num_datapoints :  (1, 3) 5.7 1.9000000000000001 0.1 37

--- halogens/Bromine/03/Br_1_3.xyz.data/inputs/bond_triplet_5.7.in halogens/Bromine/03/Br_1_3.xyz.data/outputs/bond_triplet_5.7.out ---

In get_optimized_sturcture with halogens/Bromine/03/Br_1_3.xyz.data/outputs/bond_triplet_5.7.out
keyword found : **  OPTIMIZATION CONVERGED  **
In get_scan_result with halogens/Bromine/03/Br_1_3.xyz.data/outputs/bond_triplet_5.7.out

--- halogens/Bromine/03/Br_1_3.xyz.data/inputs/bond_triplet_5.6.in halogens/Bromine/03/Br_1_3.xyz.data/outputs/bond_triplet_5.6.out ---

In get_optimized_sturcture with halogens/Bromine/03/Br_1_3.xyz.data/outputs/bond_triplet_5.6.out
keyword found : **  OPTIMIZATION CONVERGED  **
In get_scan_result with halogens/Bromine/03/Br_1_3.xyz.data/outputs/bond_triplet_5.6.out

--- halogens/Bromine/03/Br_1_3.xyz.data/inputs/bond_triplet_5.5.in halogens/Bromine/03/Br_1_3.xyz.data/outputs/bond_triplet_5.5.out ---

In get_optimized_sturcture with halogens/Bromine/03/Br_1_3.xyz.data/outputs/bond_triplet_5.5.out
keyword found : **  OPTIMIZATION CONVERGED  **
In get_scan_result with halogens/Bromine/03/Br_1_3.xyz.data/outputs/bond_triplet_5.5.out

--- halogens/Bromine/03/Br_1_3.xyz.data/inputs/bond_triplet_5.4.in halogens/Bromine/03/Br_1_3.xyz.data/outputs/bond_triplet_5.4.out ---

In get_optimized_sturcture with halogens/Bromine/03/Br_1_3.xyz.data/outputs/bond_triplet_5.4.out
keyword found : **  OPTIMIZATION CONVERGED  **
In get_scan_result with halogens/Bromine/03/Br_1_3.xyz.data/outputs/bond_triplet_5.4.out

--- halogens/Bromine/03/Br_1_3.xyz.data/inputs/bond_triplet_5.3.in halogens/Bromine/03/Br_1_3.xyz.data/outputs/bond_triplet_5.3.out ---

In get_optimized_sturcture with halogens/Bromine/03/Br_1_3.xyz.data/outputs/bond_triplet_5.3.out
keyword found : **  OPTIMIZATION CONVERGED  **
In get_scan_result with halogens/Bromine/03/Br_1_3.xyz.data/outputs/bond_triplet_5.3.out

--- halogens/Bromine/03/Br_1_3.xyz.data/inputs/bond_triplet_5.2.in halogens/Bromine/03/Br_1_3.xyz.data/outputs/bond_triplet_5.2.out ---

In get_optimized_sturcture with halogens/Bromine/03/Br_1_3.xyz.data/outputs/bond_triplet_5.2.out
keyword found : **  OPTIMIZATION CONVERGED  **
In get_scan_result with halogens/Bromine/03/Br_1_3.xyz.data/outputs/bond_triplet_5.2.out

--- halogens/Bromine/03/Br_1_3.xyz.data/inputs/bond_triplet_5.1.in halogens/Bromine/03/Br_1_3.xyz.data/outputs/bond_triplet_5.1.out ---

In get_optimized_sturcture with halogens/Bromine/03/Br_1_3.xyz.data/outputs/bond_triplet_5.1.out
keyword found : **  OPTIMIZATION CONVERGED  **
In get_scan_result with halogens/Bromine/03/Br_1_3.xyz.data/outputs/bond_triplet_5.1.out

--- halogens/Bromine/03/Br_1_3.xyz.data/inputs/bond_triplet_5.0.in halogens/Bromine/03/Br_1_3.xyz.data/outputs/bond_triplet_5.0.out ---

In get_optimized_sturcture with halogens/Bromine/03/Br_1_3.xyz.data/outputs/bond_triplet_5.0.out
keyword found : **  OPTIMIZATION CONVERGED  **
In get_scan_result with halogens/Bromine/03/Br_1_3.xyz.data/outputs/bond_triplet_5.0.out

--- halogens/Bromine/03/Br_1_3.xyz.data/inputs/bond_triplet_4.9.in halogens/Bromine/03/Br_1_3.xyz.data/outputs/bond_triplet_4.9.out ---

In get_optimized_sturcture with halogens/Bromine/03/Br_1_3.xyz.data/outputs/bond_triplet_4.9.out
keyword found : **  OPTIMIZATION CONVERGED  **
In get_scan_result with halogens/Bromine/03/Br_1_3.xyz.data/outputs/bond_triplet_4.9.out

--- halogens/Bromine/03/Br_1_3.xyz.data/inputs/bond_triplet_4.8.in halogens/Bromine/03/Br_1_3.xyz.data/outputs/bond_triplet_4.8.out ---

In get_optimized_sturcture with halogens/Bromine/03/Br_1_3.xyz.data/outputs/bond_triplet_4.8.out
keyword found : **  OPTIMIZATION CONVERGED  **
In get_scan_result with halogens/Bromine/03/Br_1_3.xyz.data/outputs/bond_triplet_4.8.out

--- halogens/Bromine/03/Br_1_3.xyz.data/inputs/bond_triplet_4.7.in halogens/Bromine/03/Br_1_3.xyz.data/outputs/bond_triplet_4.7.out ---

In get_optimized_sturcture with halogens/Bromine/03/Br_1_3.xyz.data/outputs/bond_triplet_4.7.out
keyword found : **  OPTIMIZATION CONVERGED  **
In get_scan_result with halogens/Bromine/03/Br_1_3.xyz.data/outputs/bond_triplet_4.7.out

--- halogens/Bromine/03/Br_1_3.xyz.data/inputs/bond_triplet_4.6.in halogens/Bromine/03/Br_1_3.xyz.data/outputs/bond_triplet_4.6.out ---

In get_optimized_sturcture with halogens/Bromine/03/Br_1_3.xyz.data/outputs/bond_triplet_4.6.out
keyword found : **  OPTIMIZATION CONVERGED  **
In get_scan_result with halogens/Bromine/03/Br_1_3.xyz.data/outputs/bond_triplet_4.6.out

--- halogens/Bromine/03/Br_1_3.xyz.data/inputs/bond_triplet_4.5.in halogens/Bromine/03/Br_1_3.xyz.data/outputs/bond_triplet_4.5.out ---

In get_optimized_sturcture with halogens/Bromine/03/Br_1_3.xyz.data/outputs/bond_triplet_4.5.out
keyword found : **  OPTIMIZATION CONVERGED  **
In get_scan_result with halogens/Bromine/03/Br_1_3.xyz.data/outputs/bond_triplet_4.5.out

--- halogens/Bromine/03/Br_1_3.xyz.data/inputs/bond_triplet_4.4.in halogens/Bromine/03/Br_1_3.xyz.data/outputs/bond_triplet_4.4.out ---

In get_optimized_sturcture with halogens/Bromine/03/Br_1_3.xyz.data/outputs/bond_triplet_4.4.out
keyword found : **  OPTIMIZATION CONVERGED  **
In get_scan_result with halogens/Bromine/03/Br_1_3.xyz.data/outputs/bond_triplet_4.4.out

--- halogens/Bromine/03/Br_1_3.xyz.data/inputs/bond_triplet_4.3.in halogens/Bromine/03/Br_1_3.xyz.data/outputs/bond_triplet_4.3.out ---

In get_optimized_sturcture with halogens/Bromine/03/Br_1_3.xyz.data/outputs/bond_triplet_4.3.out
keyword found : **  OPTIMIZATION CONVERGED  **
In get_scan_result with halogens/Bromine/03/Br_1_3.xyz.data/outputs/bond_triplet_4.3.out

--- halogens/Bromine/03/Br_1_3.xyz.data/inputs/bond_triplet_4.2.in halogens/Bromine/03/Br_1_3.xyz.data/outputs/bond_triplet_4.2.out ---

In get_optimized_sturcture with halogens/Bromine/03/Br_1_3.xyz.data/outputs/bond_triplet_4.2.out
keyword found : **  OPTIMIZATION CONVERGED  **
In get_scan_result with halogens/Bromine/03/Br_1_3.xyz.data/outputs/bond_triplet_4.2.out

--- halogens/Bromine/03/Br_1_3.xyz.data/inputs/bond_triplet_4.1.in halogens/Bromine/03/Br_1_3.xyz.data/outputs/bond_triplet_4.1.out ---

In get_optimized_sturcture with halogens/Bromine/03/Br_1_3.xyz.data/outputs/bond_triplet_4.1.out
keyword found : **  OPTIMIZATION CONVERGED  **
In get_scan_result with halogens/Bromine/03/Br_1_3.xyz.data/outputs/bond_triplet_4.1.out

--- halogens/Bromine/03/Br_1_3.xyz.data/inputs/bond_triplet_4.0.in halogens/Bromine/03/Br_1_3.xyz.data/outputs/bond_triplet_4.0.out ---

In get_optimized_sturcture with halogens/Bromine/03/Br_1_3.xyz.data/outputs/bond_triplet_4.0.out
keyword found : **  OPTIMIZATION CONVERGED  **
In get_scan_result with halogens/Bromine/03/Br_1_3.xyz.data/outputs/bond_triplet_4.0.out

--- halogens/Bromine/03/Br_1_3.xyz.data/inputs/bond_triplet_3.9.in halogens/Bromine/03/Br_1_3.xyz.data/outputs/bond_triplet_3.9.out ---

In get_optimized_sturcture with halogens/Bromine/03/Br_1_3.xyz.data/outputs/bond_triplet_3.9.out
keyword found : **  OPTIMIZATION CONVERGED  **
In get_scan_result with halogens/Bromine/03/Br_1_3.xyz.data/outputs/bond_triplet_3.9.out

--- halogens/Bromine/03/Br_1_3.xyz.data/inputs/bond_triplet_3.8.in halogens/Bromine/03/Br_1_3.xyz.data/outputs/bond_triplet_3.8.out ---

In get_optimized_sturcture with halogens/Bromine/03/Br_1_3.xyz.data/outputs/bond_triplet_3.8.out
keyword found : **  OPTIMIZATION CONVERGED  **
In get_scan_result with halogens/Bromine/03/Br_1_3.xyz.data/outputs/bond_triplet_3.8.out

--- halogens/Bromine/03/Br_1_3.xyz.data/inputs/bond_triplet_3.7.in halogens/Bromine/03/Br_1_3.xyz.data/outputs/bond_triplet_3.7.out ---

In get_optimized_sturcture with halogens/Bromine/03/Br_1_3.xyz.data/outputs/bond_triplet_3.7.out
keyword found : **  OPTIMIZATION CONVERGED  **
In get_scan_result with halogens/Bromine/03/Br_1_3.xyz.data/outputs/bond_triplet_3.7.out

--- halogens/Bromine/03/Br_1_3.xyz.data/inputs/bond_triplet_3.6.in halogens/Bromine/03/Br_1_3.xyz.data/outputs/bond_triplet_3.6.out ---

In get_optimized_sturcture with halogens/Bromine/03/Br_1_3.xyz.data/outputs/bond_triplet_3.6.out
keyword found : **  OPTIMIZATION CONVERGED  **
In get_scan_result with halogens/Bromine/03/Br_1_3.xyz.data/outputs/bond_triplet_3.6.out

--- halogens/Bromine/03/Br_1_3.xyz.data/inputs/bond_triplet_3.5.in halogens/Bromine/03/Br_1_3.xyz.data/outputs/bond_triplet_3.5.out ---

In get_optimized_sturcture with halogens/Bromine/03/Br_1_3.xyz.data/outputs/bond_triplet_3.5.out
keyword found : **  OPTIMIZATION CONVERGED  **
In get_scan_result with halogens/Bromine/03/Br_1_3.xyz.data/outputs/bond_triplet_3.5.out

--- halogens/Bromine/03/Br_1_3.xyz.data/inputs/bond_triplet_3.4.in halogens/Bromine/03/Br_1_3.xyz.data/outputs/bond_triplet_3.4.out ---

In get_optimized_sturcture with halogens/Bromine/03/Br_1_3.xyz.data/outputs/bond_triplet_3.4.out
keyword found : **  OPTIMIZATION CONVERGED  **
In get_scan_result with halogens/Bromine/03/Br_1_3.xyz.data/outputs/bond_triplet_3.4.out

--- halogens/Bromine/03/Br_1_3.xyz.data/inputs/bond_triplet_3.3.in halogens/Bromine/03/Br_1_3.xyz.data/outputs/bond_triplet_3.3.out ---

In get_optimized_sturcture with halogens/Bromine/03/Br_1_3.xyz.data/outputs/bond_triplet_3.3.out
keyword found : **  OPTIMIZATION CONVERGED  **
In get_scan_result with halogens/Bromine/03/Br_1_3.xyz.data/outputs/bond_triplet_3.3.out

--- halogens/Bromine/03/Br_1_3.xyz.data/inputs/bond_triplet_3.2.in halogens/Bromine/03/Br_1_3.xyz.data/outputs/bond_triplet_3.2.out ---

In get_optimized_sturcture with halogens/Bromine/03/Br_1_3.xyz.data/outputs/bond_triplet_3.2.out
keyword found : **  OPTIMIZATION CONVERGED  **
In get_scan_result with halogens/Bromine/03/Br_1_3.xyz.data/outputs/bond_triplet_3.2.out

--- halogens/Bromine/03/Br_1_3.xyz.data/inputs/bond_triplet_3.1.in halogens/Bromine/03/Br_1_3.xyz.data/outputs/bond_triplet_3.1.out ---

In get_optimized_sturcture with halogens/Bromine/03/Br_1_3.xyz.data/outputs/bond_triplet_3.1.out
keyword found : **  OPTIMIZATION CONVERGED  **
In get_scan_result with halogens/Bromine/03/Br_1_3.xyz.data/outputs/bond_triplet_3.1.out

--- halogens/Bromine/03/Br_1_3.xyz.data/inputs/bond_triplet_3.0.in halogens/Bromine/03/Br_1_3.xyz.data/outputs/bond_triplet_3.0.out ---

In get_optimized_sturcture with halogens/Bromine/03/Br_1_3.xyz.data/outputs/bond_triplet_3.0.out
keyword found : **  OPTIMIZATION CONVERGED  **
In get_scan_result with halogens/Bromine/03/Br_1_3.xyz.data/outputs/bond_triplet_3.0.out

--- halogens/Bromine/03/Br_1_3.xyz.data/inputs/bond_triplet_2.9.in halogens/Bromine/03/Br_1_3.xyz.data/outputs/bond_triplet_2.9.out ---

In get_optimized_sturcture with halogens/Bromine/03/Br_1_3.xyz.data/outputs/bond_triplet_2.9.out
keyword found : **  OPTIMIZATION CONVERGED  **
In get_scan_result with halogens/Bromine/03/Br_1_3.xyz.data/outputs/bond_triplet_2.9.out

--- halogens/Bromine/03/Br_1_3.xyz.data/inputs/bond_triplet_2.8.in halogens/Bromine/03/Br_1_3.xyz.data/outputs/bond_triplet_2.8.out ---

In get_optimized_sturcture with halogens/Bromine/03/Br_1_3.xyz.data/outputs/bond_triplet_2.8.out
keyword found : **  OPTIMIZATION CONVERGED  **
In get_scan_result with halogens/Bromine/03/Br_1_3.xyz.data/outputs/bond_triplet_2.8.out

--- halogens/Bromine/03/Br_1_3.xyz.data/inputs/bond_triplet_2.7.in halogens/Bromine/03/Br_1_3.xyz.data/outputs/bond_triplet_2.7.out ---

In get_optimized_sturcture with halogens/Bromine/03/Br_1_3.xyz.data/outputs/bond_triplet_2.7.out
keyword found : **  OPTIMIZATION CONVERGED  **
In get_scan_result with halogens/Bromine/03/Br_1_3.xyz.data/outputs/bond_triplet_2.7.out

--- halogens/Bromine/03/Br_1_3.xyz.data/inputs/bond_triplet_2.6.in halogens/Bromine/03/Br_1_3.xyz.data/outputs/bond_triplet_2.6.out ---

In get_optimized_sturcture with halogens/Bromine/03/Br_1_3.xyz.data/outputs/bond_triplet_2.6.out
keyword found : **  OPTIMIZATION CONVERGED  **
In get_scan_result with halogens/Bromine/03/Br_1_3.xyz.data/outputs/bond_triplet_2.6.out

--- halogens/Bromine/03/Br_1_3.xyz.data/inputs/bond_triplet_2.5.in halogens/Bromine/03/Br_1_3.xyz.data/outputs/bond_triplet_2.5.out ---

In get_optimized_sturcture with halogens/Bromine/03/Br_1_3.xyz.data/outputs/bond_triplet_2.5.out
keyword found : **  OPTIMIZATION CONVERGED  **
In get_scan_result with halogens/Bromine/03/Br_1_3.xyz.data/outputs/bond_triplet_2.5.out

--- halogens/Bromine/03/Br_1_3.xyz.data/inputs/bond_triplet_2.4.in halogens/Bromine/03/Br_1_3.xyz.data/outputs/bond_triplet_2.4.out ---

In get_optimized_sturcture with halogens/Bromine/03/Br_1_3.xyz.data/outputs/bond_triplet_2.4.out
keyword found : **  OPTIMIZATION CONVERGED  **
In get_scan_result with halogens/Bromine/03/Br_1_3.xyz.data/outputs/bond_triplet_2.4.out

--- halogens/Bromine/03/Br_1_3.xyz.data/inputs/bond_triplet_2.3.in halogens/Bromine/03/Br_1_3.xyz.data/outputs/bond_triplet_2.3.out ---

In get_optimized_sturcture with halogens/Bromine/03/Br_1_3.xyz.data/outputs/bond_triplet_2.3.out
keyword found : **  OPTIMIZATION CONVERGED  **
In get_scan_result with halogens/Bromine/03/Br_1_3.xyz.data/outputs/bond_triplet_2.3.out

--- halogens/Bromine/03/Br_1_3.xyz.data/inputs/bond_triplet_2.2.in halogens/Bromine/03/Br_1_3.xyz.data/outputs/bond_triplet_2.2.out ---

In get_optimized_sturcture with halogens/Bromine/03/Br_1_3.xyz.data/outputs/bond_triplet_2.2.out
keyword found : **  OPTIMIZATION CONVERGED  **
In get_scan_result with halogens/Bromine/03/Br_1_3.xyz.data/outputs/bond_triplet_2.2.out

--- halogens/Bromine/03/Br_1_3.xyz.data/inputs/bond_triplet_2.1.in halogens/Bromine/03/Br_1_3.xyz.data/outputs/bond_triplet_2.1.out ---

In get_optimized_sturcture with halogens/Bromine/03/Br_1_3.xyz.data/outputs/bond_triplet_2.1.out
keyword found : **  OPTIMIZATION CONVERGED  **
In get_scan_result with halogens/Bromine/03/Br_1_3.xyz.data/outputs/bond_triplet_2.1.out

=== pescan completed ===n
