
Running Job 1 of 1 selenium/01/Se-H.xyz.data/inputs/bond_singlet_2.7.in
qchem selenium/01/Se-H.xyz.data/inputs/bond_singlet_2.7.in_23131.0 /staging/scratch/2868765/qchem23131/ 1
/usr/usc/qchem/5.1.1/exe/qcprog.exe_s selenium/01/Se-H.xyz.data/inputs/bond_singlet_2.7.in_23131.0 /staging/scratch/2868765/qchem23131/
Check license passed

                  Welcome to Q-Chem
     A Quantum Leap Into The Future Of Chemistry


 Q-Chem 5.1, Q-Chem, Inc., Pleasanton, CA (2018)

 Yihan Shao,  Zhengting Gan,  E. Epifanovsky,  A. T. B. Gilbert,  M. Wormit,  
 J. Kussmann,  A. W. Lange,  A. Behn,  Jia Deng,  Xintian Feng,  D. Ghosh,  
 M. Goldey,  P. R. Horn,  L. D. Jacobson,  I. Kaliman,  T. Kus,  A. Landau,  
 Jie Liu,  E. I. Proynov,  R. M. Richard,  R. P. Steele,  E. J. Sundstrom,  
 H. L. Woodcock III,  P. M. Zimmerman,  D. Zuev,  B. Albrecht,  E. Alguire,  
 S. A. Baeppler,  D. Barton,  Z. Benda,  Y. A. Bernard,  E. J. Berquist,  
 K. B. Bravaya,  H. Burton,  D. Casanova,  Chun-Min Chang,  Yunqing Chen,  
 A. Chien,  K. D. Closser,  M. P. Coons,  S. Coriani,  S. Dasgupta,  
 A. L. Dempwolff,  M. Diedenhofen,  Hainam Do,  R. G. Edgar,  Po-Tung Fang,  
 S. Faraji,  S. Fatehi,  Qingguo Feng,  K. D. Fenk,  J. Fosso-Tande,  
 Qinghui Ge,  A. Ghysels,  G. Gidofalvi,  J. Gomes,  J. Gonthier,  A. Gunina,  
 D. Hait,  M. W. D. Hanson-Heine,  P. H. P. Harbach,  A. W. Hauser,  
 J. E. Herr,  E. G. Hohenstein,  Z. C. Holden,  Kerwin Hui,  B. C. Huynh,  
 T.-C. Jagau,  Hyunjun Ji,  B. Kaduk,  K. Khistyaev,  Jaehoon Kim,  
 P. Klunzinger,  K. Koh,  D. Kosenkov,  L. Koulias,  T. Kowalczyk,  
 C. M. Krauter,  A. Kunitsa,  Ka Un Lao,  A. Laurent,  K. V. Lawler,  
 Joonho Lee,  D. Lefrancois,  S. Lehtola,  D. S. Levine,  Yi-Pei Li,  
 You-Sheng Lin,  Fenglai Liu,  E. Livshits,  A. Luenser,  P. Manohar,  
 E. Mansoor,  S. F. Manzer,  Shan-Ping Mao,  Yuezhi Mao,  N. Mardirossian,  
 A. V. Marenich,  T. Markovich,  L. A. Martinez-Martinez,  S. A. Maurer,  
 N. J. Mayhall,  S. C. McKenzie,  J.-M. Mewes,  A. F. Morrison,  
 J. W. Mullinax,  K. Nanda,  T. S. Nguyen-Beck,  R. Olivares-Amaya,  
 J. A. Parkhill,  T. M. Perrine,  F. Plasser,  P. Pokhilko,  S. Prager,  
 A. Prociuk,  E. Ramos,  D. R. Rehn,  F. Rob,  M. Schneider,  N. Sergueev,  
 S. M. Sharada,  S. Sharma,  D. W. Small,  T. Stauch,  T. Stein,  
 Yu-Chuan Su,  A. J. W. Thom,  A. Tkatchenko,  T. Tsuchimochi,  N. M. Tubman,  
 L. Vogt,  M. L. Vidal,  O. Vydrov,  M. A. Watson,  J. Wenzel,  
 M. de Wergifosse,  T. A. Wesolowski,  A. White,  J. Witte,  A. Yamada,  
 Jun Yang,  K. Yao,  S. Yeganeh,  S. R. Yost,  Zhi-Qiang You,  A. Zech,  
 Igor Ying Zhang,  Xing Zhang,  Yan Zhao,  Ying Zhu,  B. R. Brooks,  
 G. K. L. Chan,  C. J. Cramer,  M. S. Gordon,  W. J. Hehre,  A. Klamt,  
 M. W. Schmidt,  C. D. Sherrill,  D. G. Truhlar,  A. Aspuru-Guzik,  R. Baer,  
 A. T. Bell,  N. A. Besley,  Jeng-Da Chai,  A. E. DePrince, III,  
 R. A. DiStasio Jr.,  A. Dreuw,  B. D. Dunietz,  T. R. Furlani,  
 Chao-Ping Hsu,  Yousung Jung,  Jing Kong,  D. S. Lambrecht,  WanZhen Liang,  
 C. Ochsenfeld,  V. A. Rassolov,  L. V. Slipchenko,  J. E. Subotnik,  
 T. Van Voorhis,  J. M. Herbert,  A. I. Krylov,  P. M. W. Gill,  M. Head-Gordon

 Contributors to earlier versions of Q-Chem not listed above: 
 R. D. Adamson,  B. Austin,  J. Baker,  G. J. O. Beran,  K. Brandhorst,  
 S. T. Brown,  E. F. C. Byrd,  A. K. Chakraborty,  C.-L. Cheng,  
 Siu Hung Chien,  D. M. Chipman,  D. L. Crittenden,  H. Dachsel,  
 R. J. Doerksen,  A. D. Dutoi,  L. Fusti-Molnar,  W. A. Goddard III,  
 A. Golubeva-Zadorozhnaya,  S. R. Gwaltney,  G. Hawkins,  A. Heyden,  
 S. Hirata,  G. Kedziora,  F. J. Keil,  C. Kelley,  Jihan Kim,  R. A. King,  
 R. Z. Khaliullin,  P. P. Korambath,  W. Kurlancheek,  A. M. Lee,  M. S. Lee,  
 S. V. Levchenko,  Ching Yeh Lin,  D. Liotard,  R. C. Lochan,  I. Lotan,  
 P. E. Maslen,  N. Nair,  D. P. O'Neill,  D. Neuhauser,  E. Neuscamman,  
 C. M. Oana,  R. Olson,  B. Peters,  R. Peverati,  P. A. Pieniazek,  
 Y. M. Rhee,  J. Ritchie,  M. A. Rohrdanz,  E. Rosta,  N. J. Russ,  
 H. F. Schaefer III,  N. E. Schultz,  N. Shenvi,  A. C. Simmonett,  A. Sodt,  
 D. Stuck,  K. S. Thanthiriwatte,  V. Vanovschi,  Tao Wang,  A. Warshel,  
 C. F. Williams,  Q. Wu,  X. Xu,  W. Zhang

 Please cite Q-Chem as follows:
 Y. Shao et al., Mol. Phys. 113, 184-215 (2015)
 DOI: 10.1080/00268976.2014.952696

 Q-Chem 5.1.1 for Intel X86 EM64T Linux

 Parts of Q-Chem use Armadillo 8.300.2 (Tropical Shenanigans).
 http://arma.sourceforge.net/

 Q-Chem begins on Wed Mar 13 16:26:55 2019  

Host: 
0

     Scratch files written to /staging/scratch/2868765/qchem23131//
 Aug318 |scratch|qcdevops|jenkins|workspace|build_RNUM 6013   
Processing $rem in /usr/usc/qchem/5.1.1/config/preferences.
 MEM_TOTAL  2000 
Input Ideriv = 2
Curr. Ideriv = -1
Max.  Ideriv = 2

Checking the input file for inconsistencies... 	...done.

--------------------------------------------------------------
User input:
--------------------------------------------------------------

$comment
potential surface scanner
$end

$rem
JOBTYPE  PES_SCAN
UNRESTRICTED TRUE
SYM_IGNORE  TRUE
GEOM_OPT_MAX_CYCLES 400
SCF_MAX_CYCLES 400
METHOD   B3LYP
BASIS   6-31G**
PDB_PRINT 2
SCF_CONVERGENCE 6
THRESH 14
SCF_PRINT 1
$end
$molecule
0 1
C -1.732234 1.273981 0.110011
C -1.121995 0.000000 -0.471674
Se 0.858006 0.000000 -0.381552
H 0.914256 0.000000 2.217839
C -1.732234 -1.273981 0.110011
H -1.304706 2.171776 -0.341891
H -2.816319 1.281382 -0.058836
H -1.557255 1.320389 1.189829
H -1.251035 0.000000 -1.566347
H -2.816319 -1.281382 -0.058836
H -1.304706 -2.171776 -0.341891
H -1.557255 -1.320389 1.189829
$end
$scan
stre 3 4 2.700000 2.701000 0.100000
$end
--------------------------------------------------------------
 ----------------------------------------------------------------
             Standard Nuclear Orientation (Angstroms)
    I     Atom           X                Y                Z
 ----------------------------------------------------------------
    1      C      -1.7322340000     1.2739810000     0.1100110000
    2      C      -1.1219950000     0.0000000000    -0.4716740000
    3      Se      0.8580060000     0.0000000000    -0.3815520000
    4      H       0.9142560000     0.0000000000     2.2178390000
    5      C      -1.7322340000    -1.2739810000     0.1100110000
    6      H      -1.3047060000     2.1717760000    -0.3418910000
    7      H      -2.8163190000     1.2813820000    -0.0588360000
    8      H      -1.5572550000     1.3203890000     1.1898290000
    9      H      -1.2510350000     0.0000000000    -1.5663470000
   10      H      -2.8163190000    -1.2813820000    -0.0588360000
   11      H      -1.3047060000    -2.1717760000    -0.3418910000
   12      H      -1.5572550000    -1.3203890000     1.1898290000
 ----------------------------------------------------------------
 Nuclear Repulsion Energy =   253.6995983564 hartrees
 There are       30 alpha and       30 beta electrons
 Requested basis set is 6-31G(d,p)
 There are 44 shells and 120 basis functions

 Total QAlloc Memory Limit   2000 MB
 Mega-Array Size       188 MB
 MEM_STATIC part       192 MB
A total of 1 constraints
  
            1
    1   1.0100000
    2   3.0100000
    3   4.0100000
    4   2.7000000
    5   2.7010000
    6   0.1000000
    7   0.0000000
    8   0.0000000
    9   0.0000000
   10   0.0000000

                       Distance Matrix (Angstroms)
             C (  1)   C (  2)   Se(  3)   H (  4)   C (  5)   H (  6)
   C (  2)  1.527670
   Se(  3)  2.928140  1.982051
   H (  4)  3.615228  3.373396  2.600000
   C (  5)  2.547962  1.527670  2.928140  3.615228
   H (  6)  1.092260  2.183309  3.065209  4.024006  3.501462
   H (  7)  1.097180  2.164049  3.904709  4.554380  2.780940  1.777047
   H (  8)  1.094887  2.166442  3.169566  2.984728  2.815560  1.770539
   H (  9)  2.159805  1.102252  2.419048  4.359879  2.159805  2.493749
   H ( 10)  2.780940  2.164049  3.904709  4.554380  1.097180  3.780132
   H ( 11)  3.501462  2.183309  3.065209  4.024006  1.092260  4.343552
   H ( 12)  2.815560  2.166442  3.169566  2.984728  1.094887  3.821670
             H (  7)   H (  8)   H (  9)   H ( 10)   H ( 11)
   H (  8)  1.773676
   H (  9)  2.522824  3.071434
   H ( 10)  2.562764  3.148590  2.522824
   H ( 11)  3.780132  3.821670  2.493749  1.777047
   H ( 12)  3.148590  2.640778  3.071434  1.773676  1.770539
 
 A cutoff of  1.0D-14 yielded    954 shell pairs
 There are      7191 function pairs
 
 -------------------------------------------------------
 OpenMP Integral Computing Module                       
 Release: version 1.0, May 2013, Q-Chem Inc. Pittsburgh 
 -------------------------------------------------------
 Integral Job Info:
 Integral job number is                      11
 Integral operator is                         1
 short-range coefficients                     0
 long-range coefficients              100000000
 Omega coefficients                           0
 if combine SR and LR in K                    0
 Integral screening is                        0
 Integral computing path is                   2
 max size of driver memory is            800000
 size of driver memory is                593474
 size of scratch memory is             15267112
 max col of scratch BK array               1296
 max len of scratch array in speh3          155
 max len of scratch index in speh4           18
 max int batch size is                      520
 min int batch size is                       52
 fixed nKL is                                52
 max L of basis functions is                  2
 order of int derivative is                   0
 number of shells is                         44
 number of basis is                         120
 number of cartesian basis is               120
 number of contracted shell pairs           954
 number of primitive shell pairs           3589
 maxK2 (contraction) of shell pair           36
 max number of K2 of shell pair               1
 max number of CS2 of shell pair             84
 max number of PS2 of shell pair            288
 mem total for path MDJ                  519708
 -------------------------------------------------------
 Smallest overlap matrix eigenvalue = 6.75E-04

 Scale SEOQF with 1.000000e-01/1.000000e-01/1.000000e-01

 Standard Electronic Orientation quadrupole field applied
 Nucleus-field energy     =     0.0000000041 hartrees
 Guess from superposition of atomic densities
 Warning:  Energy on first SCF cycle will be non-variational
 SAD guess density has 59.968191 electrons

 -----------------------------------------------------------------------
  General SCF calculation program by
  Eric Jon Sundstrom, Paul Horn, Yuezhi Mao, Dmitri Zuev, Alec White,
  David Stuck, Shaama M.S., Shane Yost, Joonho Lee, David Small,
  Daniel Levine, Susi Lehtola, Hugh Burton, Evgeny Epifanovsky
 -----------------------------------------------------------------------
 Exchange:     0.2000 Hartree-Fock + 0.0800 Slater + 0.7200 B88
 Correlation:  0.1900 VWN1RPA + 0.8100 LYP
 Using SG-1 standard quadrature grid
 using 12 threads for integral computing
 -------------------------------------------------------
 OpenMP Integral computing Module                
 Release: version 1.0, May 2013, Q-Chem Inc. Pittsburgh 
 -------------------------------------------------------
 -------------------------------------------------------
 OpenMP BLAS3 based DFT computing Module                
 Release: version 1.0, May 2013, Q-Chem Inc. Pittsburgh 
 -------------------------------------------------------
 A unrestricted SCF calculation will be
 performed using DIIS
 SCF converges when DIIS error is below 1.0e-06
 Alpha HF Exchange    Energy = -10.34445881568127
 Beta HF Exchange     Energy = -10.34445881568127
 DFT Correlation      Energy =  -3.08210879356505
 DFT Exchange         Energy = -81.98154342074500
 One-Electron (alpha) Energy = -2000.96599582966451
 One-Electron (beta)  Energy = -2000.96599582966451
 Total Coulomb        Energy = 1330.80869492204215
 ---------------------------------------
  Cycle       Energy         DIIS error
 ---------------------------------------
    1   -2523.1762682224      1.38e-01  
 Alpha HF Exchange    Energy = -10.41559946942586
 Beta HF Exchange     Energy = -10.41559946942584
 DFT Correlation      Energy =  -3.13092405740521
 DFT Exchange         Energy = -82.90284227800977
 One-Electron (alpha) Energy = -2010.49577588347961
 One-Electron (beta)  Energy = -2010.49577588347802
 Total Coulomb        Energy = 1354.06915181880163
    2   -2520.0877668619      9.25e-03  
 Alpha HF Exchange    Energy = -10.29502242122030
 Beta HF Exchange     Energy = -10.29502242122031
 DFT Correlation      Energy =  -3.07453181855731
 DFT Exchange         Energy = -81.90755172806203
 One-Electron (alpha) Energy = -1991.50379545262103
 One-Electron (beta)  Energy = -1991.50379545262149
 Total Coulomb        Energy = 1315.09193756260356
    3   -2519.7881833712      6.96e-03  
 Alpha HF Exchange    Energy = -10.41145063672480
 Beta HF Exchange     Energy = -10.41145063672480
 DFT Correlation      Energy =  -3.12991587024366
 DFT Exchange         Energy = -82.83939769083736
 One-Electron (alpha) Energy = -2011.60017207772353
 One-Electron (beta)  Energy = -2011.60017207772330
 Total Coulomb        Energy = 1356.28335541992715
    4   -2520.0096052095      4.51e-03  
 Alpha HF Exchange    Energy = -10.35082897761724
 Beta HF Exchange     Energy = -10.35082897761723
 DFT Correlation      Energy =  -3.10234049453431
 DFT Exchange         Energy = -82.39491926080737
 One-Electron (alpha) Energy = -2000.58140181129511
 One-Electron (beta)  Energy = -2000.58140181129329
 Total Coulomb        Energy = 1333.38062607862844
    5   -2520.2814968940      2.00e-03  
 Alpha HF Exchange    Energy = -10.35270321193772
 Beta HF Exchange     Energy = -10.35270321193772
 DFT Correlation      Energy =  -3.10430379172365
 DFT Exchange         Energy = -82.41020767525518
 One-Electron (alpha) Energy = -2003.20089110574463
 One-Electron (beta)  Energy = -2003.20089110574486
 Total Coulomb        Energy = 1338.59634547035967
    6   -2520.3257562715      5.68e-04  
 Alpha HF Exchange    Energy = -10.35389141590894
 Beta HF Exchange     Energy = -10.35389141590893
 DFT Correlation      Energy =  -3.10399089976477
 DFT Exchange         Energy = -82.42297883703372
 One-Electron (alpha) Energy = -2002.48215892470421
 One-Electron (beta)  Energy = -2002.48215892470307
 Total Coulomb        Energy = 1337.17242211808639
    7   -2520.3270499394      4.11e-04  
 Alpha HF Exchange    Energy = -10.35493861521748
 Beta HF Exchange     Energy = -10.35493861521749
 DFT Correlation      Energy =  -3.10477065694088
 DFT Exchange         Energy = -82.43113535730699
 One-Electron (alpha) Energy = -2002.87990483449266
 One-Electron (beta)  Energy = -2002.87990483449335
 Total Coulomb        Energy = 1337.97660769729328
    8   -2520.3293868559      1.06e-04  
 Alpha HF Exchange    Energy = -10.35539588931316
 Beta HF Exchange     Energy = -10.35539588931317
 DFT Correlation      Energy =  -3.10510732242651
 DFT Exchange         Energy = -82.43461891784189
 One-Electron (alpha) Energy = -2003.03691513413787
 One-Electron (beta)  Energy = -2003.03691513413855
 Total Coulomb        Energy = 1338.29519770845218
    9   -2520.3295522182      2.99e-05  
 Alpha HF Exchange    Energy = -10.35531832767033
 Beta HF Exchange     Energy = -10.35531832767033
 DFT Correlation      Energy =  -3.10499076781611
 DFT Exchange         Energy = -82.43396058802639
 One-Electron (alpha) Energy = -2003.00681911618608
 One-Electron (beta)  Energy = -2003.00681911618676
 Total Coulomb        Energy = 1338.23407323066931
   10   -2520.3295546524      1.68e-05  
 Alpha HF Exchange    Energy = -10.35537467834419
 Beta HF Exchange     Energy = -10.35537467834417
 DFT Correlation      Energy =  -3.10504153596591
 DFT Exchange         Energy = -82.43440687737537
 One-Electron (alpha) Energy = -2003.02835440080162
 One-Electron (beta)  Energy = -2003.02835440080048
 Total Coulomb        Energy = 1338.27774895534640
   11   -2520.3295592558      2.54e-06  
 Alpha HF Exchange    Energy = -10.35538516201876
 Beta HF Exchange     Energy = -10.35538516201876
 DFT Correlation      Energy =  -3.10504688384474
 DFT Exchange         Energy = -82.43448921686655
 One-Electron (alpha) Energy = -2003.03132192141970
 One-Electron (beta)  Energy = -2003.03132192142039
 Total Coulomb        Energy = 1338.28379256727067
   12   -2520.3295593398      8.24e-07  Convergence criterion met
 ---------------------------------------
 SCF time:   CPU 38.43s  wall 3.00s 
<S^2> =         -0.000000000
 Alpha HF Exchange    Energy = -10.35538516201876
 Beta HF Exchange     Energy = -10.35538516201876
 DFT Correlation      Energy =  -3.10504688384474
 DFT Exchange         Energy = -82.43448921686655
 One-Electron (alpha) Energy = -2003.03132192141970
 One-Electron (beta)  Energy = -2003.03132192142039
 Total Coulomb        Energy = 1338.28379256727067
 Nuclear repulsion Energy = 253.69959836051473
 SCF   energy in the final basis set =    -2520.3295593398
 Total energy in the final basis set =    -2520.3295593398
 
 --------------------------------------------------------------
 
                    Orbital Energies (a.u.)
 --------------------------------------------------------------
 
 Alpha MOs
 -- Occupied --
******* -58.107 -52.166 -52.164 -52.161 -10.235 -10.188 -10.188
 -7.839  -5.786  -5.780  -5.769  -2.119  -2.118  -2.109  -2.105
 -2.103  -0.810  -0.696  -0.674  -0.569  -0.465  -0.439  -0.418
 -0.394  -0.360  -0.358  -0.314  -0.277  -0.228
 -- Virtual --
 -0.145   0.019   0.085   0.130   0.147   0.150   0.166   0.178
  0.185   0.197   0.228   0.230   0.313   0.325   0.343   0.456
  0.467   0.485   0.503   0.555   0.579   0.586   0.671   0.679
  0.699   0.756   0.769   0.787   0.824   0.844   0.866   0.866
  0.905   0.907   0.930   0.954   0.959   1.071   1.311   1.384
  1.388   1.472   1.544   1.657   1.725   1.782   1.830   1.856
  1.891   2.017   2.022   2.036   2.038   2.042   2.065   2.095
  2.102   2.103   2.123   2.263   2.307   2.345   2.373   2.509
  2.559   2.618   2.656   2.699   2.716   2.861   2.864   2.895
  2.900   3.167   3.217   3.297   3.412   3.445   3.455   3.494
  4.222   4.233   4.244   4.333   4.345   4.452   4.502   4.613
  5.454  89.729
 
 Beta MOs
 -- Occupied --
******* -58.107 -52.166 -52.164 -52.161 -10.235 -10.188 -10.188
 -7.839  -5.786  -5.780  -5.769  -2.119  -2.118  -2.109  -2.105
 -2.103  -0.810  -0.696  -0.674  -0.569  -0.465  -0.439  -0.418
 -0.394  -0.360  -0.358  -0.314  -0.277  -0.228
 -- Virtual --
 -0.145   0.019   0.085   0.130   0.147   0.150   0.166   0.178
  0.185   0.197   0.228   0.230   0.313   0.325   0.343   0.456
  0.467   0.485   0.503   0.555   0.579   0.586   0.671   0.679
  0.699   0.756   0.769   0.787   0.824   0.844   0.866   0.866
  0.905   0.907   0.930   0.954   0.959   1.071   1.311   1.384
  1.388   1.472   1.544   1.657   1.725   1.782   1.830   1.856
  1.891   2.017   2.022   2.036   2.038   2.042   2.065   2.095
  2.102   2.103   2.123   2.263   2.307   2.345   2.373   2.509
  2.559   2.618   2.656   2.699   2.716   2.861   2.864   2.895
  2.900   3.167   3.217   3.297   3.412   3.445   3.455   3.494
  4.222   4.233   4.244   4.333   4.345   4.452   4.502   4.613
  5.454  89.729
 --------------------------------------------------------------
 
          Ground-State Mulliken Net Atomic Charges

     Atom                 Charge (a.u.)    Spin (a.u.)
  --------------------------------------------------------
      1 C                    -0.299209       0.000000
      2 C                    -0.157446       0.000000
      3 Se                   -0.058037      -0.000000
      4 H                    -0.016623       0.000000
      5 C                    -0.299209       0.000000
      6 H                     0.123654      -0.000000
      7 H                     0.105145      -0.000000
      8 H                     0.120660      -0.000000
      9 H                     0.131608       0.000000
     10 H                     0.105145       0.000000
     11 H                     0.123654      -0.000000
     12 H                     0.120660      -0.000000
  --------------------------------------------------------
  Sum of atomic charges =    -0.000000
  Sum of spin   charges =     0.000000

 -----------------------------------------------------------------
                    Cartesian Multipole Moments
 -----------------------------------------------------------------
    Charge (ESU x 10^10)
                -0.0000
    Dipole Moment (Debye)
         X      -1.9495      Y       0.0000      Z      -0.5211
       Tot       2.0179
    Quadrupole Moments (Debye-Ang)
        XX     -38.8750     XY      -0.0000     YY     -41.3231
        XZ       0.5394     YZ      -0.0000     ZZ     -37.9375
    Octopole Moments (Debye-Ang^2)
       XXX      45.0632    XXY       0.0000    XYY      12.7323
       YYY       0.0000    XXZ       4.0830    XYZ      -0.0000
       YYZ       4.9400    XZZ      15.6487    YZZ       0.0000
       ZZZ      15.4749
    Hexadecapole Moments (Debye-Ang^3)
      XXXX    -456.6811   XXXY      -0.0000   XXYY    -119.3828
      XYYY      -0.0000   YYYY    -220.4948   XXXZ      11.0325
      XXYZ      -0.0000   XYYZ       4.1056   YYYZ      -0.0000
      XXZZ    -100.3916   XYZZ      -0.0000   YYZZ     -59.8515
      XZZZ      10.8243   YZZZ      -0.0000   ZZZZ    -116.9919
 -----------------------------------------------------------------
 Calculating analytic gradient of the SCF energy
 Gradient of SCF Energy
            1           2           3           4           5           6
    1   0.0000162  -0.0000411  -0.0010429   0.0010221   0.0000162  -0.0000146
    2   0.0000079  -0.0000000  -0.0000000  -0.0000000  -0.0000079  -0.0000050
    3   0.0000183   0.0000084  -0.0473904   0.0474053   0.0000183  -0.0000182
            7           8           9          10          11          12
    1  -0.0000116   0.0000088   0.0000641  -0.0000116  -0.0000146   0.0000088
    2  -0.0000008  -0.0000003   0.0000000   0.0000008   0.0000050   0.0000003
    3   0.0000090  -0.0000094  -0.0000229   0.0000090  -0.0000182  -0.0000094
 Max gradient component =       4.741E-02
 RMS gradient           =       1.117E-02
 Gradient time:  CPU 11.75 s  wall 0.99 s
 Geometry Optimization Parameters
   NAtoms,    NIC,     NZ,  NCons,   NDum,   NFix, NCnnct, MaxDiis
       12      75       0       1       0       0       0       0


** CONSTRAINED OPTIMIZATION IN DELOCALIZED INTERNAL COORDINATES **
   Searching for a Minimum

   Optimization Cycle:   1

                       Coordinates (Angstroms)
     ATOM                X               Y               Z
      1  C        -1.7322340000    1.2739810000    0.1100110000
      2  C        -1.1219950000    0.0000000000   -0.4716740000
      3  Se        0.8580060000    0.0000000000   -0.3815520000
      4  H         0.9142560000    0.0000000000    2.2178390000
      5  C        -1.7322340000   -1.2739810000    0.1100110000
      6  H        -1.3047060000    2.1717760000   -0.3418910000
      7  H        -2.8163190000    1.2813820000   -0.0588360000
      8  H        -1.5572550000    1.3203890000    1.1898290000
      9  H        -1.2510350000    0.0000000000   -1.5663470000
     10  H        -2.8163190000   -1.2813820000   -0.0588360000
     11  H        -1.3047060000   -2.1717760000   -0.3418910000
     12  H        -1.5572550000   -1.3203890000    1.1898290000
   Point Group: c1    Number of degrees of freedom:    30


   Energy is  -2520.329559340

              Constraints and their Current Values
                                        Value     Constraint
   Distance(Angs):        3   4             2.600000     2.700000

 Attempting to Generate Delocalized Internal Coordinates

   Using Lagrange Multiplier Algorithm


 21 Hessian modes will be used to form the next step
  Hessian Eigenvalues:
    -0.988796    0.045000    0.070251    0.076441    0.082580    0.084074
     0.157731    0.160000    0.160000    0.160000    0.160000    0.160000
     0.160000    0.160000    0.210085    0.296396    0.334343    0.339959
     0.342539    0.345528    1.011331

 Minimum Search - Taking P-RFO Step
 Searching for Lamda that Maximizes Along the Constraint modes Only
 Value Taken    Lamda =   0.02767152
 Searching for Lamda that Minimizes Along All other modes
 Value Taken    Lamda =  -0.00962997
 Step Taken.  Stepsize is  0.185072

                             Maximum     Tolerance    Cnvgd?
         Gradient            0.188973       0.000300      NO
         Displacement        0.185069       0.001200      NO
         Energy change     *********       0.000001      NO


 New Cartesian Coordinates Obtained by Inverse Iteration

 Displacement from previous Coordinates is:  0.158580
 ----------------------------------------------------------------
             Standard Nuclear Orientation (Angstroms)
    I     Atom           X                Y                Z
 ----------------------------------------------------------------
    1      C      -1.7326594113     1.2739727531     0.1055425874
    2      C      -1.1272200262     0.0000000000    -0.4811407152
    3      Se      0.8535165082     0.0000000000    -0.4074348709
    4      H       0.9342645035     0.0000000000     2.2892905051
    5      C      -1.7326594113    -1.2739727531     0.1055425874
    6      H      -1.3088052912     2.1717983328    -0.3497560753
    7      H      -2.8180669768     1.2813618482    -0.0544795321
    8      H      -1.5489013638     1.3203733448     1.1839125074
    9      H      -1.2654908993     0.0000000000    -1.5746618938
   10      H      -2.8180669768    -1.2813618482    -0.0544795321
   11      H      -1.3088052912    -2.1717983328    -0.3497560753
   12      H      -1.5489013638    -1.3203733448     1.1839125074
 ----------------------------------------------------------------
 Nuclear Repulsion Energy =   253.3802441296 hartrees
 There are       30 alpha and       30 beta electrons

                       Distance Matrix (Angstroms)
             C (  1)   C (  2)   Se(  3)   H (  4)   C (  5)   H (  6)
   C (  2)  1.527665
   Se(  3)  2.928218  1.982107
   H (  4)  3.674812  3.453260  2.697934
   C (  5)  2.547946  1.527665  2.928218  3.674812
   H (  6)  1.092264  2.183333  3.065236  4.088109  3.501469
   H (  7)  1.097165  2.163999  3.904740  4.605989  2.780908  1.777058
   H (  8)  1.094898  2.166473  3.169761  3.021814  2.815543  1.770511
   H (  9)  2.159708  1.102228  2.419217  4.446240  2.159708  2.493788
   H ( 10)  2.780908  2.163999  3.904740  4.605989  1.097165  3.780129
   H ( 11)  3.501469  2.183333  3.065236  4.088109  1.092264  4.343597
   H ( 12)  2.815543  2.166473  3.169761  3.021814  1.094898  3.821655
             H (  7)   H (  8)   H (  9)   H ( 10)   H ( 11)
   H (  8)  1.773674
   H (  9)  2.522565  3.071391
   H ( 10)  2.562724  3.148559  2.522565
   H ( 11)  3.780129  3.821655  2.493788  1.777058
   H ( 12)  3.148559  2.640747  3.071391  1.773674  1.770511
 
 Applying Cartesian multipole field
    Component          Value
    ---------          -----
     (2,0,0)        1.00000E-11
     (0,2,0)        2.00000E-11
     (0,0,2)       -3.00000E-11
 Nucleus-field energy     =     0.0000000040 hartrees
 Requested basis set is 6-31G(d,p)
 There are 44 shells and 120 basis functions
 A cutoff of  1.0D-14 yielded    954 shell pairs
 There are      7191 function pairs
 Smallest overlap matrix eigenvalue = 6.75E-04
 Guess from superposition of atomic densities
 Warning:  Energy on first SCF cycle will be non-variational
 SAD guess density has 59.968191 electrons

 -----------------------------------------------------------------------
  General SCF calculation program by
  Eric Jon Sundstrom, Paul Horn, Yuezhi Mao, Dmitri Zuev, Alec White,
  David Stuck, Shaama M.S., Shane Yost, Joonho Lee, David Small,
  Daniel Levine, Susi Lehtola, Hugh Burton, Evgeny Epifanovsky
 -----------------------------------------------------------------------
 Exchange:     0.2000 Hartree-Fock + 0.0800 Slater + 0.7200 B88
 Correlation:  0.1900 VWN1RPA + 0.8100 LYP
 Using SG-1 standard quadrature grid
 using 12 threads for integral computing
 -------------------------------------------------------
 OpenMP Integral computing Module                
 Release: version 1.0, May 2013, Q-Chem Inc. Pittsburgh 
 -------------------------------------------------------
 -------------------------------------------------------
 OpenMP BLAS3 based DFT computing Module                
 Release: version 1.0, May 2013, Q-Chem Inc. Pittsburgh 
 -------------------------------------------------------
 A unrestricted SCF calculation will be
 performed using DIIS
 SCF converges when DIIS error is below 1.0e-06
 Alpha HF Exchange    Energy = -10.34401204851404
 Beta HF Exchange     Energy = -10.34401204851404
 DFT Correlation      Energy =  -3.08164250430437
 DFT Exchange         Energy = -81.98058795809436
 One-Electron (alpha) Energy = -2000.64703211038409
 One-Electron (beta)  Energy = -2000.64703211038409
 Total Coulomb        Energy = 1330.49189818522245
 ---------------------------------------
  Cycle       Energy         DIIS error
 ---------------------------------------
    1   -2523.1721764614      1.38e-01  
 Alpha HF Exchange    Energy = -10.41710725921976
 Beta HF Exchange     Energy = -10.41710725921975
 DFT Correlation      Energy =  -3.13168589171371
 DFT Exchange         Energy = -82.91286195791997
 One-Electron (alpha) Energy = -2010.57878740991555
 One-Electron (beta)  Energy = -2010.57878740991441
 Total Coulomb        Energy = 1354.60016145984287
    2   -2520.0559315945      9.30e-03  
 Alpha HF Exchange    Energy = -10.29332103427398
 Beta HF Exchange     Energy = -10.29332103427399
 DFT Correlation      Energy =  -3.07310956682555
 DFT Exchange         Energy = -81.89218183204468
 One-Electron (alpha) Energy = -1990.53738468453071
 One-Electron (beta)  Energy = -1990.53738468453048
 Total Coulomb        Energy = 1313.51520815064805
    3   -2519.7312505522      7.19e-03  
 Alpha HF Exchange    Energy = -10.41245736973889
 Beta HF Exchange     Energy = -10.41245736973890
 DFT Correlation      Energy =  -3.13032888471159
 DFT Exchange         Energy = -82.84546188924156
 One-Electron (alpha) Energy = -2011.61667454843518
 One-Electron (beta)  Energy = -2011.61667454843655
 Total Coulomb        Energy = 1356.67212827995809
    4   -2519.9816821968      4.54e-03  
 Alpha HF Exchange    Energy = -10.34925771651617
 Beta HF Exchange     Energy = -10.34925771651618
 DFT Correlation      Energy =  -3.10092431891813
 DFT Exchange         Energy = -82.38273124704088
 One-Electron (alpha) Energy = -1999.71520266300331
 One-Electron (beta)  Energy = -1999.71520266300263
 Total Coulomb        Energy = 1331.97630000077220
    5   -2520.2560321906      2.25e-03  
 Alpha HF Exchange    Energy = -10.35186422949585
 Beta HF Exchange     Energy = -10.35186422949584
 DFT Correlation      Energy =  -3.10403136176061
 DFT Exchange         Energy = -82.40632775072228
 One-Electron (alpha) Energy = -2002.98216040993520
 One-Electron (beta)  Energy = -2002.98216040993407
 Total Coulomb        Energy = 1338.48265573238245
    6   -2520.3155085254      6.42e-04  
 Alpha HF Exchange    Energy = -10.35261593328118
 Beta HF Exchange     Energy = -10.35261593328118
 DFT Correlation      Energy =  -3.10291602255429
 DFT Exchange         Energy = -82.41601598608287
 One-Electron (alpha) Energy = -2001.89796255459623
 One-Electron (beta)  Energy = -2001.89796255459555
 Total Coulomb        Energy = 1336.32362358417436
    7   -2520.3162212666      5.49e-04  
 Alpha HF Exchange    Energy = -10.35400008149852
 Beta HF Exchange     Energy = -10.35400008149851
 DFT Correlation      Energy =  -3.10410105041965
 DFT Exchange         Energy = -82.42734323079742
 One-Electron (alpha) Energy = -2002.45733482765127
 One-Electron (beta)  Energy = -2002.45733482765036
 Total Coulomb        Energy = 1337.45315110558863
    8   -2520.3207188603      1.61e-04  
 Alpha HF Exchange    Energy = -10.35458860006743
 Beta HF Exchange     Energy = -10.35458860006743
 DFT Correlation      Energy =  -3.10452937197130
 DFT Exchange         Energy = -82.43182645710854
 One-Electron (alpha) Energy = -2002.67544937212074
 One-Electron (beta)  Energy = -2002.67544937212028
 Total Coulomb        Energy = 1337.89507060712640
    9   -2520.3211170327      3.78e-05  
 Alpha HF Exchange    Energy = -10.35451517729157
 Beta HF Exchange     Energy = -10.35451517729157
 DFT Correlation      Energy =  -3.10442467855385
 DFT Exchange         Energy = -82.43119645849059
 One-Electron (alpha) Energy = -2002.65255652837595
 One-Electron (beta)  Energy = -2002.65255652837686
 Total Coulomb        Energy = 1337.84840417183977
   10   -2520.3211162430      2.65e-05  
 Alpha HF Exchange    Energy = -10.35460108866100
 Beta HF Exchange     Energy = -10.35460108866099
 DFT Correlation      Energy =  -3.10450172230403
 DFT Exchange         Energy = -82.43187815061816
 One-Electron (alpha) Energy = -2002.68540254141385
 One-Electron (beta)  Energy = -2002.68540254141249
 Total Coulomb        Energy = 1337.91501529238940
   11   -2520.3211277071      5.15e-06  
 Alpha HF Exchange    Energy = -10.35462097795870
 Beta HF Exchange     Energy = -10.35462097795870
 DFT Correlation      Energy =  -3.10451341090351
 DFT Exchange         Energy = -82.43203393142132
 One-Electron (alpha) Energy = -2002.69154574449885
 One-Electron (beta)  Energy = -2002.69154574449840
 Total Coulomb        Energy = 1337.92750856832390
   12   -2520.3211280853      1.55e-06  
 Alpha HF Exchange    Energy = -10.35462690892998
 Beta HF Exchange     Energy = -10.35462690892997
 DFT Correlation      Energy =  -3.10451807680283
 DFT Exchange         Energy = -82.43207971773633
 One-Electron (alpha) Energy = -2002.69357967393353
 One-Electron (beta)  Energy = -2002.69357967393398
 Total Coulomb        Energy = 1337.93163870093304
   13   -2520.3211281257      1.21e-07  Convergence criterion met
 ---------------------------------------
 SCF time:   CPU 41.98s  wall 3.00s 
<S^2> =         -0.000000000
 Alpha HF Exchange    Energy = -10.35462690892998
 Beta HF Exchange     Energy = -10.35462690892997
 DFT Correlation      Energy =  -3.10451807680283
 DFT Exchange         Energy = -82.43207971773633
 One-Electron (alpha) Energy = -2002.69357967393353
 One-Electron (beta)  Energy = -2002.69357967393398
 Total Coulomb        Energy = 1337.93163870093304
 Nuclear repulsion Energy = 253.38024413358764
 SCF   energy in the final basis set =    -2520.3211281257
 Total energy in the final basis set =    -2520.3211281257
 
 --------------------------------------------------------------
 
                    Orbital Energies (a.u.)
 --------------------------------------------------------------
 
 Alpha MOs
 -- Occupied --
******* -58.108 -52.166 -52.165 -52.161 -10.236 -10.188 -10.188
 -7.840  -5.787  -5.781  -5.770  -2.120  -2.119  -2.110  -2.105
 -2.104  -0.811  -0.696  -0.675  -0.569  -0.465  -0.439  -0.418
 -0.394  -0.360  -0.358  -0.314  -0.272  -0.229
 -- Virtual --
 -0.152   0.018   0.084   0.130   0.146   0.150   0.166   0.178
  0.185   0.196   0.228   0.229   0.313   0.325   0.340   0.455
  0.467   0.483   0.503   0.554   0.576   0.585   0.670   0.679
  0.699   0.756   0.770   0.787   0.824   0.841   0.866   0.866
  0.904   0.907   0.928   0.954   0.958   1.070   1.311   1.384
  1.388   1.470   1.544   1.655   1.725   1.782   1.830   1.855
  1.891   2.016   2.020   2.036   2.038   2.041   2.064   2.094
  2.101   2.102   2.118   2.262   2.307   2.345   2.372   2.508
  2.558   2.618   2.656   2.699   2.716   2.860   2.864   2.894
  2.900   3.166   3.217   3.296   3.412   3.444   3.454   3.494
  4.221   4.232   4.241   4.332   4.344   4.451   4.501   4.612
  5.453  89.725
 
 Beta MOs
 -- Occupied --
******* -58.108 -52.166 -52.165 -52.161 -10.236 -10.188 -10.188
 -7.840  -5.787  -5.781  -5.770  -2.120  -2.119  -2.110  -2.105
 -2.104  -0.811  -0.696  -0.675  -0.569  -0.465  -0.439  -0.418
 -0.394  -0.360  -0.358  -0.314  -0.272  -0.229
 -- Virtual --
 -0.152   0.018   0.084   0.130   0.146   0.150   0.166   0.178
  0.185   0.196   0.228   0.229   0.313   0.325   0.340   0.455
  0.467   0.483   0.503   0.554   0.576   0.585   0.670   0.679
  0.699   0.756   0.770   0.787   0.824   0.841   0.866   0.866
  0.904   0.907   0.928   0.954   0.958   1.070   1.311   1.384
  1.388   1.470   1.544   1.655   1.725   1.782   1.830   1.855
  1.891   2.016   2.020   2.036   2.038   2.041   2.064   2.094
  2.101   2.102   2.118   2.262   2.307   2.345   2.372   2.508
  2.558   2.618   2.656   2.699   2.716   2.860   2.864   2.894
  2.900   3.166   3.217   3.296   3.412   3.444   3.454   3.494
  4.221   4.232   4.241   4.332   4.344   4.451   4.501   4.612
  5.453  89.725
 --------------------------------------------------------------
 
          Ground-State Mulliken Net Atomic Charges

     Atom                 Charge (a.u.)    Spin (a.u.)
  --------------------------------------------------------
      1 C                    -0.299479      -0.000000
      2 C                    -0.158604       0.000000
      3 Se                   -0.057304      -0.000000
      4 H                    -0.018999       0.000000
      5 C                    -0.299479      -0.000000
      6 H                     0.123769       0.000000
      7 H                     0.105342       0.000000
      8 H                     0.121445       0.000000
      9 H                     0.132754       0.000000
     10 H                     0.105342       0.000000
     11 H                     0.123769      -0.000000
     12 H                     0.121445       0.000000
  --------------------------------------------------------
  Sum of atomic charges =    -0.000000
  Sum of spin   charges =    -0.000000

 -----------------------------------------------------------------
                    Cartesian Multipole Moments
 -----------------------------------------------------------------
    Charge (ESU x 10^10)
                 0.0000
    Dipole Moment (Debye)
         X      -1.9762      Y       0.0000      Z      -0.5620
       Tot       2.0546
    Quadrupole Moments (Debye-Ang)
        XX     -38.8459     XY      -0.0000     YY     -41.3160
        XZ       0.5265     YZ       0.0000     ZZ     -38.0160
    Octopole Moments (Debye-Ang^2)
       XXX      45.1909    XXY       0.0000    XYY      12.7866
       YYY       0.0000    XXZ       4.4522    XYZ      -0.0000
       YYZ       5.4403    XZZ      15.6264    YZZ       0.0000
       ZZZ      16.7011
    Hexadecapole Moments (Debye-Ang^3)
      XXXX    -456.4932   XXXY      -0.0000   XXYY    -119.2974
      XYYY      -0.0000   YYYY    -220.3998   XXXZ      10.8279
      XXYZ       0.0000   XYYZ       4.1446   YYYZ       0.0000
      XXZZ    -101.2941   XYZZ      -0.0000   YYZZ     -60.7871
      XZZZ      10.9819   YZZZ      -0.0000   ZZZZ    -122.1028
 -----------------------------------------------------------------
 Calculating analytic gradient of the SCF energy
 Gradient of SCF Energy
            1           2           3           4           5           6
    1   0.0000378  -0.0003808  -0.0010529   0.0014568   0.0000378  -0.0000050
    2  -0.0001259  -0.0000000   0.0000000   0.0000000   0.0001259  -0.0000101
    3  -0.0000142  -0.0004395  -0.0434495   0.0436859  -0.0000142  -0.0000112
            7           8           9          10          11          12
    1  -0.0000121  -0.0000170  -0.0000306  -0.0000121  -0.0000050  -0.0000170
    2   0.0000105   0.0000142   0.0000000  -0.0000105   0.0000101  -0.0000142
    3   0.0000319   0.0000056   0.0001787   0.0000319  -0.0000112   0.0000056
 Max gradient component =       4.369E-02
 RMS gradient           =       1.027E-02
 Gradient time:  CPU 11.94 s  wall 1.11 s
 Geometry Optimization Parameters
   NAtoms,    NIC,     NZ,  NCons,   NDum,   NFix, NCnnct, MaxDiis
       12      75       0       1       0       0       0       0

 Cartesian Hessian Update
 Hessian Updated using BFGS Update
**WARNING** Hereditary positive definiteness endangered


** CONSTRAINED OPTIMIZATION IN DELOCALIZED INTERNAL COORDINATES **
   Searching for a Minimum

   Optimization Cycle:   2

                       Coordinates (Angstroms)
     ATOM                X               Y               Z
      1  C        -1.7326594113    1.2739727531    0.1055425874
      2  C        -1.1272200262    0.0000000000   -0.4811407152
      3  Se        0.8535165082    0.0000000000   -0.4074348709
      4  H         0.9342645035    0.0000000000    2.2892905051
      5  C        -1.7326594113   -1.2739727531    0.1055425874
      6  H        -1.3088052912    2.1717983328   -0.3497560753
      7  H        -2.8180669768    1.2813618482   -0.0544795321
      8  H        -1.5489013638    1.3203733448    1.1839125074
      9  H        -1.2654908993    0.0000000000   -1.5746618938
     10  H        -2.8180669768   -1.2813618482   -0.0544795321
     11  H        -1.3088052912   -2.1717983328   -0.3497560753
     12  H        -1.5489013638   -1.3203733448    1.1839125074
   Point Group: c1    Number of degrees of freedom:    30


   Energy is  -2520.321128126

              Constraints and their Current Values
                                        Value     Constraint
   Distance(Angs):        3   4             2.697934     2.700000
 Hessian Updated using BFGS Update
**WARNING** Hereditary positive definiteness endangered

   Using Lagrange Multiplier Algorithm


 18 Hessian modes will be used to form the next step
  Hessian Eigenvalues:
    -1.010044    0.044998    0.045000    0.070250    0.076424    0.082580
     0.084074    0.157357    0.159339    0.159999    0.188066    0.210080
     0.296370    0.334290    0.339959    0.342539    0.345528    0.990078

 Minimum Search - Taking P-RFO Step
 Searching for Lamda that Maximizes Along the Constraint modes Only
 Value Taken    Lamda =   0.00000106
 Searching for Lamda that Minimizes Along All other modes
 Value Taken    Lamda =  -0.00004773
 Step Taken.  Stepsize is  0.006771

                             Maximum     Tolerance    Cnvgd?
         Gradient            0.005321       0.000300      NO
         Displacement        0.005424       0.001200      NO
         Energy change      0.008431       0.000001      NO


 New Cartesian Coordinates Obtained by Inverse Iteration

 Displacement from previous Coordinates is:  0.021200
 ----------------------------------------------------------------
             Standard Nuclear Orientation (Angstroms)
    I     Atom           X                Y                Z
 ----------------------------------------------------------------
    1      C      -1.7314972827     1.2742800760     0.1059938476
    2      C      -1.1268866754     0.0000000000    -0.4813172222
    3      Se      0.8525522101     0.0000000000    -0.4105869529
    4      H       0.9248858153     0.0000000000     2.2884438381
    5      C      -1.7314972827    -1.2742800760     0.1059938476
    6      H      -1.3081030912     2.1720792302    -0.3498029801
    7      H      -2.8170655861     1.2816684354    -0.0528516964
    8      H      -1.5463326691     1.3206053059     1.1841234448
    9      H      -1.2663500918     0.0000000000    -1.5749728948
   10      H      -2.8170655861    -1.2816684354    -0.0528516964
   11      H      -1.3081030912    -2.1720792302    -0.3498029801
   12      H      -1.5463326691    -1.3206053059     1.1841234449
 ----------------------------------------------------------------
 Nuclear Repulsion Energy =   253.4561395864 hartrees
 There are       30 alpha and       30 beta electrons

                       Distance Matrix (Angstroms)
             C (  1)   C (  2)   Se(  3)   H (  4)   C (  5)   H (  6)
   C (  2)  1.527834
   Se(  3)  2.927107  1.980702
   H (  4)  3.666504  3.446933  2.700000
   C (  5)  2.548560  1.527834  2.927107  3.666504
   H (  6)  1.092271  2.183590  3.064320  4.082219  3.502057
   H (  7)  1.097153  2.164015  3.903427  4.596362  2.781468  1.777070
   H (  8)  1.094895  2.166478  3.168872  3.011718  2.816040  1.770506
   H (  9)  2.160046  1.102512  2.417755  4.441565  2.160046  2.494136
   H ( 10)  2.781468  2.164015  3.903427  4.596362  1.097153  3.780677
   H ( 11)  3.502057  2.183590  3.064320  4.082219  1.092271  4.344158
   H ( 12)  2.816040  2.166478  3.168872  3.011718  1.094895  3.822111
             H (  7)   H (  8)   H (  9)   H ( 10)   H ( 11)
   H (  8)  1.773805
   H (  9)  2.522746  3.071645
   H ( 10)  2.563337  3.149079  2.522746
   H ( 11)  3.780677  3.822111  2.494136  1.777070
   H ( 12)  3.149079  2.641211  3.071645  1.773805  1.770506
 
 Applying Cartesian multipole field
    Component          Value
    ---------          -----
     (2,0,0)        1.00000E-11
     (0,2,0)        2.00000E-11
     (0,0,2)       -3.00000E-11
 Nucleus-field energy     =     0.0000000040 hartrees
 Requested basis set is 6-31G(d,p)
 There are 44 shells and 120 basis functions
 A cutoff of  1.0D-14 yielded    954 shell pairs
 There are      7191 function pairs
 Smallest overlap matrix eigenvalue = 6.75E-04
 Guess from superposition of atomic densities
 Warning:  Energy on first SCF cycle will be non-variational
 SAD guess density has 59.968191 electrons

 -----------------------------------------------------------------------
  General SCF calculation program by
  Eric Jon Sundstrom, Paul Horn, Yuezhi Mao, Dmitri Zuev, Alec White,
  David Stuck, Shaama M.S., Shane Yost, Joonho Lee, David Small,
  Daniel Levine, Susi Lehtola, Hugh Burton, Evgeny Epifanovsky
 -----------------------------------------------------------------------
 Exchange:     0.2000 Hartree-Fock + 0.0800 Slater + 0.7200 B88
 Correlation:  0.1900 VWN1RPA + 0.8100 LYP
 Using SG-1 standard quadrature grid
 using 12 threads for integral computing
 -------------------------------------------------------
 OpenMP Integral computing Module                
 Release: version 1.0, May 2013, Q-Chem Inc. Pittsburgh 
 -------------------------------------------------------
 -------------------------------------------------------
 OpenMP BLAS3 based DFT computing Module                
 Release: version 1.0, May 2013, Q-Chem Inc. Pittsburgh 
 -------------------------------------------------------
 A unrestricted SCF calculation will be
 performed using DIIS
 SCF converges when DIIS error is below 1.0e-06
 Alpha HF Exchange    Energy = -10.34406976929645
 Beta HF Exchange     Energy = -10.34406976929645
 DFT Correlation      Energy =  -3.08166879786367
 DFT Exchange         Energy = -81.98069678691603
 One-Electron (alpha) Energy = -2000.72275221584096
 One-Electron (beta)  Energy = -2000.72275221584096
 Total Coulomb        Energy = 1330.56689428570371
 ---------------------------------------
  Cycle       Energy         DIIS error
 ---------------------------------------
    1   -2523.1729756790      1.38e-01  
 Alpha HF Exchange    Energy = -10.41715443050477
 Beta HF Exchange     Energy = -10.41715443050476
 DFT Correlation      Energy =  -3.13172843394240
 DFT Exchange         Energy = -82.91318392678642
 One-Electron (alpha) Energy = -2010.66004157338512
 One-Electron (beta)  Energy = -2010.66004157338489
 Total Coulomb        Energy = 1354.68786401089255
    2   -2520.0553007672      9.30e-03  
 Alpha HF Exchange    Energy = -10.29330322008356
 Beta HF Exchange     Energy = -10.29330322008355
 DFT Correlation      Energy =  -3.07312143734677
 DFT Exchange         Energy = -81.89198549975571
 One-Electron (alpha) Energy = -1990.60543344378334
 One-Electron (beta)  Energy = -1990.60543344378243
 Total Coulomb        Energy = 1313.57607751235469
    3   -2519.7303631621      7.19e-03  
 Alpha HF Exchange    Energy = -10.41248533332888
 Beta HF Exchange     Energy = -10.41248533332890
 DFT Correlation      Energy =  -3.13035545617802
 DFT Exchange         Energy = -82.84562392148092
 One-Electron (alpha) Energy = -2011.69393625984594
 One-Electron (beta)  Energy = -2011.69393625984731
 Total Coulomb        Energy = 1356.75157258837021
    4   -2519.9811103852      4.54e-03  
 Alpha HF Exchange    Energy = -10.34925901112425
 Beta HF Exchange     Energy = -10.34925901112426
 DFT Correlation      Energy =  -3.10093229134106
 DFT Exchange         Energy = -82.38266718839620
 One-Electron (alpha) Energy = -1999.77863878858170
 One-Electron (beta)  Energy = -1999.77863878858170
 Total Coulomb        Energy = 1332.02798145241900
    5   -2520.2552740363      2.26e-03  
 Alpha HF Exchange    Energy = -10.35185955387687
 Beta HF Exchange     Energy = -10.35185955387689
 DFT Correlation      Energy =  -3.10405740133976
 DFT Exchange         Energy = -82.40632834921743
 One-Electron (alpha) Energy = -2003.05805897993741
 One-Electron (beta)  Energy = -2003.05805897993901
 Total Coulomb        Energy = 1338.55877514248800
    6   -2520.3153080853      6.43e-04  
 Alpha HF Exchange    Energy = -10.35260709037697
 Beta HF Exchange     Energy = -10.35260709037696
 DFT Correlation      Energy =  -3.10292703279456
 DFT Exchange         Energy = -82.41597359717001
 One-Electron (alpha) Energy = -2001.96828747162567
 One-Electron (beta)  Energy = -2001.96828747162476
 Total Coulomb        Energy = 1336.38855750383641
    7   -2520.3159926597      5.52e-04  
 Alpha HF Exchange    Energy = -10.35399803462031
 Beta HF Exchange     Energy = -10.35399803462031
 DFT Correlation      Energy =  -3.10412033677140
 DFT Exchange         Energy = -82.42737421676958
 One-Electron (alpha) Energy = -2002.53059540702975
 One-Electron (beta)  Energy = -2002.53059540702975
 Total Coulomb        Energy = 1337.52399736321649
    8   -2520.3205444832      1.62e-04  
 Alpha HF Exchange    Energy = -10.35458852086815
 Beta HF Exchange     Energy = -10.35458852086813
 DFT Correlation      Energy =  -3.10454967712322
 DFT Exchange         Energy = -82.43187379948304
 One-Electron (alpha) Energy = -2002.74973294625306
 One-Electron (beta)  Energy = -2002.74973294625170
 Total Coulomb        Energy = 1337.96797726174282
    9   -2520.3209495587      3.80e-05  
 Alpha HF Exchange    Energy = -10.35451619949043
 Beta HF Exchange     Energy = -10.35451619949043
 DFT Correlation      Energy =  -3.10444638533977
 DFT Exchange         Energy = -82.43125289321588
 One-Electron (alpha) Energy = -2002.72733578986936
 One-Electron (beta)  Energy = -2002.72733578986936
 Total Coulomb        Energy = 1337.92231494689122
   10   -2520.3209487200      2.67e-05  
 Alpha HF Exchange    Energy = -10.35460281739230
 Beta HF Exchange     Energy = -10.35460281739229
 DFT Correlation      Energy =  -3.10452398170735
 DFT Exchange         Energy = -82.43194043685590
 One-Electron (alpha) Energy = -2002.76042617788266
 One-Electron (beta)  Energy = -2002.76042617788130
 Total Coulomb        Energy = 1337.98942241375926
   11   -2520.3209604050      5.25e-06  
 Alpha HF Exchange    Energy = -10.35462304705493
 Beta HF Exchange     Energy = -10.35462304705493
 DFT Correlation      Energy =  -3.10453589258995
 DFT Exchange         Energy = -82.43209890648056
 One-Electron (alpha) Energy = -2002.76668558121651
 One-Electron (beta)  Energy = -2002.76668558121537
 Total Coulomb        Energy = 1338.00215166665703
   12   -2520.3209607986      1.57e-06  
 Alpha HF Exchange    Energy = -10.35462908760991
 Beta HF Exchange     Energy = -10.35462908760990
 DFT Correlation      Energy =  -3.10454064385581
 DFT Exchange         Energy = -82.43214555652249
 One-Electron (alpha) Energy = -2002.76875753770264
 One-Electron (beta)  Energy = -2002.76875753770128
 Total Coulomb        Energy = 1338.00635902011481
   13   -2520.3209608405      1.23e-07  Convergence criterion met
 ---------------------------------------
 SCF time:   CPU 40.88s  wall 3.00s 
<S^2> =         -0.000000000
 Alpha HF Exchange    Energy = -10.35462908760991
 Beta HF Exchange     Energy = -10.35462908760990
 DFT Correlation      Energy =  -3.10454064385581
 DFT Exchange         Energy = -82.43214555652249
 One-Electron (alpha) Energy = -2002.76875753770264
 One-Electron (beta)  Energy = -2002.76875753770128
 Total Coulomb        Energy = 1338.00635902011481
 Nuclear repulsion Energy = 253.45613959040131
 SCF   energy in the final basis set =    -2520.3209608405
 Total energy in the final basis set =    -2520.3209608405
 
 --------------------------------------------------------------
 
                    Orbital Energies (a.u.)
 --------------------------------------------------------------
 
 Alpha MOs
 -- Occupied --
******* -58.108 -52.167 -52.165 -52.161 -10.236 -10.188 -10.188
 -7.840  -5.787  -5.781  -5.770  -2.120  -2.119  -2.110  -2.105
 -2.104  -0.811  -0.696  -0.675  -0.569  -0.465  -0.439  -0.418
 -0.394  -0.360  -0.358  -0.314  -0.272  -0.229
 -- Virtual --
 -0.152   0.019   0.085   0.130   0.146   0.150   0.166   0.178
  0.185   0.196   0.228   0.229   0.313   0.325   0.340   0.455
  0.467   0.483   0.503   0.554   0.576   0.585   0.670   0.679
  0.699   0.756   0.769   0.787   0.824   0.841   0.866   0.866
  0.904   0.907   0.928   0.954   0.958   1.070   1.311   1.384
  1.388   1.470   1.544   1.655   1.725   1.782   1.830   1.855
  1.891   2.016   2.020   2.036   2.038   2.041   2.064   2.094
  2.101   2.102   2.118   2.262   2.306   2.345   2.372   2.508
  2.558   2.618   2.656   2.699   2.716   2.860   2.864   2.894
  2.900   3.166   3.217   3.296   3.412   3.444   3.454   3.493
  4.221   4.232   4.241   4.332   4.344   4.451   4.502   4.612
  5.453  89.725
 
 Beta MOs
 -- Occupied --
******* -58.108 -52.167 -52.165 -52.161 -10.236 -10.188 -10.188
 -7.840  -5.787  -5.781  -5.770  -2.120  -2.119  -2.110  -2.105
 -2.104  -0.811  -0.696  -0.675  -0.569  -0.465  -0.439  -0.418
 -0.394  -0.360  -0.358  -0.314  -0.272  -0.229
 -- Virtual --
 -0.152   0.019   0.085   0.130   0.146   0.150   0.166   0.178
  0.185   0.196   0.228   0.229   0.313   0.325   0.340   0.455
  0.467   0.483   0.503   0.554   0.576   0.585   0.670   0.679
  0.699   0.756   0.769   0.787   0.824   0.841   0.866   0.866
  0.904   0.907   0.928   0.954   0.958   1.070   1.311   1.384
  1.388   1.470   1.544   1.655   1.725   1.782   1.830   1.855
  1.891   2.016   2.020   2.036   2.038   2.041   2.064   2.094
  2.101   2.102   2.118   2.262   2.306   2.345   2.372   2.508
  2.558   2.618   2.656   2.699   2.716   2.860   2.864   2.894
  2.900   3.166   3.217   3.296   3.412   3.444   3.454   3.493
  4.221   4.232   4.241   4.332   4.344   4.451   4.502   4.612
  5.453  89.725
 --------------------------------------------------------------
 
          Ground-State Mulliken Net Atomic Charges

     Atom                 Charge (a.u.)    Spin (a.u.)
  --------------------------------------------------------
      1 C                    -0.299429       0.000000
      2 C                    -0.158522      -0.000000
      3 Se                   -0.057090       0.000000
      4 H                    -0.019301      -0.000000
      5 C                    -0.299429       0.000000
      6 H                     0.123781      -0.000000
      7 H                     0.105324       0.000000
      8 H                     0.121432       0.000000
      9 H                     0.132696       0.000000
     10 H                     0.105324      -0.000000
     11 H                     0.123781       0.000000
     12 H                     0.121432      -0.000000
  --------------------------------------------------------
  Sum of atomic charges =    -0.000000
  Sum of spin   charges =     0.000000

 -----------------------------------------------------------------
                    Cartesian Multipole Moments
 -----------------------------------------------------------------
    Charge (ESU x 10^10)
                 0.0000
    Dipole Moment (Debye)
         X      -1.9748      Y       0.0000      Z      -0.5645
       Tot       2.0539
    Quadrupole Moments (Debye-Ang)
        XX     -38.8469     XY      -0.0000     YY     -41.3120
        XZ       0.5232     YZ      -0.0000     ZZ     -38.0230
    Octopole Moments (Debye-Ang^2)
       XXX      45.2404    XXY      -0.0000    XYY      12.7982
       YYY      -0.0000    XXZ       4.4943    XYZ       0.0000
       YYZ       5.4971    XZZ      15.6219    YZZ      -0.0000
       ZZZ      16.8218
    Hexadecapole Moments (Debye-Ang^3)
      XXXX    -455.7856   XXXY       0.0000   XXYY    -119.1825
      XYYY       0.0000   YYYY    -220.4487   XXXZ      11.0353
      XXYZ       0.0000   XYYZ       4.2329   YYYZ       0.0000
      XXZZ    -101.2571   XYZZ       0.0000   YYZZ     -60.8505
      XZZZ      11.1710   YZZZ       0.0000   ZZZZ    -122.4269
 -----------------------------------------------------------------
 Calculating analytic gradient of the SCF energy
 Gradient of SCF Energy
            1           2           3           4           5           6
    1   0.0000853  -0.0001802  -0.0012224   0.0012440   0.0000853  -0.0000144
    2  -0.0000147  -0.0000000  -0.0000000  -0.0000000   0.0000147   0.0000118
    3   0.0000339  -0.0002125  -0.0434971   0.0435902   0.0000339  -0.0000028
            7           8           9          10          11          12
    1  -0.0000028  -0.0000151   0.0000527  -0.0000028  -0.0000144  -0.0000151
    2  -0.0000063   0.0000241   0.0000000   0.0000063  -0.0000118  -0.0000241
    3   0.0000134  -0.0000029   0.0000360   0.0000134  -0.0000028  -0.0000029
 Max gradient component =       4.359E-02
 RMS gradient           =       1.027E-02
 Gradient time:  CPU 11.58 s  wall 0.97 s
 Geometry Optimization Parameters
   NAtoms,    NIC,     NZ,  NCons,   NDum,   NFix, NCnnct, MaxDiis
       12      75       0       1       0       0       0       0

 Cartesian Hessian Update
 Hessian Updated using BFGS Update


** CONSTRAINED OPTIMIZATION IN DELOCALIZED INTERNAL COORDINATES **
   Searching for a Minimum

   Optimization Cycle:   3

                       Coordinates (Angstroms)
     ATOM                X               Y               Z
      1  C        -1.7314972827    1.2742800760    0.1059938476
      2  C        -1.1268866754    0.0000000000   -0.4813172222
      3  Se        0.8525522101    0.0000000000   -0.4105869529
      4  H         0.9248858153    0.0000000000    2.2884438381
      5  C        -1.7314972827   -1.2742800760    0.1059938476
      6  H        -1.3081030912    2.1720792302   -0.3498029801
      7  H        -2.8170655861    1.2816684354   -0.0528516964
      8  H        -1.5463326691    1.3206053059    1.1841234448
      9  H        -1.2663500918    0.0000000000   -1.5749728948
     10  H        -2.8170655861   -1.2816684354   -0.0528516964
     11  H        -1.3081030912   -2.1720792302   -0.3498029801
     12  H        -1.5463326691   -1.3206053059    1.1841234449
   Point Group: c1    Number of degrees of freedom:    30


   Energy is  -2520.320960840

              Constraints and their Current Values
                                        Value     Constraint
   Distance(Angs):        3   4             2.700000     2.700000
 Hessian Updated using BFGS Update

 15 Hessian modes will be used to form the next step
  Hessian Eigenvalues:
     0.044710    0.065904    0.077607    0.081265    0.083932    0.093800
     0.159664    0.160000    0.179604    0.215774    0.300315    0.334474
     0.339968    0.342631    0.345670

 Minimum Search - Taking Simple RFO Step
 Searching for Lamda that Minimizes Along All modes
 Value Taken    Lamda =  -0.00000163
 Step Taken.  Stepsize is  0.004577

                             Maximum     Tolerance    Cnvgd?
         Gradient           0.000289      0.000300     YES
         Displacement       0.003483      0.001200      NO
         Energy change      0.000167      0.000001      NO


 New Cartesian Coordinates Obtained by Inverse Iteration

 Displacement from previous Coordinates is:  0.017523
 ----------------------------------------------------------------
             Standard Nuclear Orientation (Angstroms)
    I     Atom           X                Y                Z
 ----------------------------------------------------------------
    1      C      -1.7307095901     1.2742199880     0.1063905742
    2      C      -1.1263059590     0.0000000000    -0.4812902142
    3      Se      0.8529035559     0.0000000000    -0.4127008862
    4      H       0.9169565695     0.0000000000     2.2865391128
    5      C      -1.7307095901    -1.2742199881     0.1063905742
    6      H      -1.3076047823     2.1719754595    -0.3497276842
    7      H      -2.8164015941     1.2815884008    -0.0515798691
    8      H      -1.5444114540     1.3202289996     1.1843532067
    9      H      -1.2670953255     0.0000000000    -1.5749284677
   10      H      -2.8164015941    -1.2815884008    -0.0515798690
   11      H      -1.3076047824    -2.1719754595    -0.3497276842
   12      H      -1.5444114540    -1.3202289996     1.1843532067
 ----------------------------------------------------------------
 Nuclear Repulsion Energy =   253.4734237880 hartrees
 There are       30 alpha and       30 beta electrons

                       Distance Matrix (Angstroms)
             C (  1)   C (  2)   Se(  3)   H (  4)   C (  5)   H (  6)
   C (  2)  1.527845
   Se(  3)  2.927140  1.980398
   H (  4)  3.658800  3.440320  2.700000
   C (  5)  2.548440  1.527845  2.927140  3.658800
   H (  6)  1.092257  2.183496  3.064187  4.076279  3.501903
   H (  7)  1.097149  2.164150  3.903419  4.587726  2.781338  1.777118
   H (  8)  1.094910  2.166145  3.168707  3.002691  2.815648  1.770580
   H (  9)  2.159956  1.102663  2.417678  4.436329  2.159956  2.494040
   H ( 10)  2.781338  2.164150  3.903419  4.587726  1.097149  3.780537
   H ( 11)  3.501903  2.183496  3.064187  4.076279  1.092257  4.343951
   H ( 12)  2.815648  2.166145  3.168707  3.002691  1.094910  3.821645
             H (  7)   H (  8)   H (  9)   H ( 10)   H ( 11)
   H (  8)  1.773974
   H (  9)  2.522580  3.071408
   H ( 10)  2.563177  3.148800  2.522580
   H ( 11)  3.780537  3.821645  2.494040  1.777118
   H ( 12)  3.148800  2.640458  3.071408  1.773974  1.770580
 
 Applying Cartesian multipole field
    Component          Value
    ---------          -----
     (2,0,0)        1.00000E-11
     (0,2,0)        2.00000E-11
     (0,0,2)       -3.00000E-11
 Nucleus-field energy     =     0.0000000040 hartrees
 Requested basis set is 6-31G(d,p)
 There are 44 shells and 120 basis functions
 A cutoff of  1.0D-14 yielded    954 shell pairs
 There are      7191 function pairs
 Smallest overlap matrix eigenvalue = 6.75E-04
 Guess from superposition of atomic densities
 Warning:  Energy on first SCF cycle will be non-variational
 SAD guess density has 59.968191 electrons

 -----------------------------------------------------------------------
  General SCF calculation program by
  Eric Jon Sundstrom, Paul Horn, Yuezhi Mao, Dmitri Zuev, Alec White,
  David Stuck, Shaama M.S., Shane Yost, Joonho Lee, David Small,
  Daniel Levine, Susi Lehtola, Hugh Burton, Evgeny Epifanovsky
 -----------------------------------------------------------------------
 Exchange:     0.2000 Hartree-Fock + 0.0800 Slater + 0.7200 B88
 Correlation:  0.1900 VWN1RPA + 0.8100 LYP
 Using SG-1 standard quadrature grid
 using 12 threads for integral computing
 -------------------------------------------------------
 OpenMP Integral computing Module                
 Release: version 1.0, May 2013, Q-Chem Inc. Pittsburgh 
 -------------------------------------------------------
 -------------------------------------------------------
 OpenMP BLAS3 based DFT computing Module                
 Release: version 1.0, May 2013, Q-Chem Inc. Pittsburgh 
 -------------------------------------------------------
 A unrestricted SCF calculation will be
 performed using DIIS
 SCF converges when DIIS error is below 1.0e-06
 Alpha HF Exchange    Energy = -10.34408896802574
 Beta HF Exchange     Energy = -10.34408896802574
 DFT Correlation      Energy =  -3.08168574536031
 DFT Exchange         Energy = -81.98072286394286
 One-Electron (alpha) Energy = -2000.74002462359408
 One-Electron (beta)  Energy = -2000.74002462359408
 Total Coulomb        Energy = 1330.58401921474797
 ---------------------------------------
  Cycle       Energy         DIIS error
 ---------------------------------------
    1   -2523.1731927858      1.38e-01  
 Alpha HF Exchange    Energy = -10.41715252191724
 Beta HF Exchange     Energy = -10.41715252191723
 DFT Correlation      Energy =  -3.13173649273972
 DFT Exchange         Energy = -82.91317819928423
 One-Electron (alpha) Energy = -2010.67383215329005
 One-Electron (beta)  Energy = -2010.67383215328891
 Total Coulomb        Energy = 1354.69812973234116
    2   -2520.0553305181      9.30e-03  
 Alpha HF Exchange    Energy = -10.29331487919372
 Beta HF Exchange     Energy = -10.29331487919371
 DFT Correlation      Energy =  -3.07314593448313
 DFT Exchange         Energy = -81.89207170782241
 One-Electron (alpha) Energy = -1990.62806750525692
 One-Electron (beta)  Energy = -1990.62806750525579
 Total Coulomb        Energy = 1313.60398246075283
    3   -2519.7305761584      7.19e-03  
 Alpha HF Exchange    Energy = -10.41248021688327
 Beta HF Exchange     Energy = -10.41248021688326
 DFT Correlation      Energy =  -3.13035577673289
 DFT Exchange         Energy = -82.84557519328631
 One-Electron (alpha) Energy = -2011.70684596572301
 One-Electron (beta)  Energy = -2011.70684596572278
 Total Coulomb        Energy = 1356.76010850321791
    4   -2519.9810510400      4.54e-03  
 Alpha HF Exchange    Energy = -10.34927526290093
 Beta HF Exchange     Energy = -10.34927526290091
 DFT Correlation      Energy =  -3.10095521174480
 DFT Exchange         Energy = -82.38276898506808
 One-Electron (alpha) Energy = -1999.79584899528004
 One-Electron (beta)  Energy = -1999.79584899527777
 Total Coulomb        Energy = 1332.04542782645376
    5   -2520.2551210947      2.26e-03  
 Alpha HF Exchange    Energy = -10.35185070745768
 Beta HF Exchange     Energy = -10.35185070745770
 DFT Correlation      Energy =  -3.10406629949616
 DFT Exchange         Energy = -82.40626308345517
 One-Electron (alpha) Energy = -2003.07229411802200
 One-Electron (beta)  Energy = -2003.07229411802382
 Total Coulomb        Energy = 1338.56987083665967
    6   -2520.3153244052      6.43e-04  
 Alpha HF Exchange    Energy = -10.35260913795199
 Beta HF Exchange     Energy = -10.35260913795199
 DFT Correlation      Energy =  -3.10294338624807
 DFT Exchange         Energy = -82.41598341549658
 One-Electron (alpha) Energy = -2001.98623094879326
 One-Electron (beta)  Energy = -2001.98623094879281
 Total Coulomb        Energy = 1336.40718348086853
    7   -2520.3159997023      5.51e-04  
 Alpha HF Exchange    Energy = -10.35399952430372
 Beta HF Exchange     Energy = -10.35399952430372
 DFT Correlation      Energy =  -3.10413574637479
 DFT Exchange         Energy = -82.42738276103451
 One-Electron (alpha) Energy = -2002.54779637673550
 One-Electron (beta)  Energy = -2002.54779637673437
 Total Coulomb        Energy = 1337.54114054471870
    8   -2520.3205459727      1.62e-04  
 Alpha HF Exchange    Energy = -10.35458944254115
 Beta HF Exchange     Energy = -10.35458944254114
 DFT Correlation      Energy =  -3.10456393399325
 DFT Exchange         Energy = -82.43187835871183
 One-Electron (alpha) Energy = -2002.76660607994586
 One-Electron (beta)  Energy = -2002.76660607994449
 Total Coulomb        Energy = 1337.98445913920477
    9   -2520.3209504065      3.79e-05  
 Alpha HF Exchange    Energy = -10.35451720589853
 Beta HF Exchange     Energy = -10.35451720589853
 DFT Correlation      Energy =  -3.10446095201651
 DFT Exchange         Energy = -82.43125859537469
 One-Electron (alpha) Energy = -2002.74421841688240
 One-Electron (beta)  Energy = -2002.74421841688218
 Total Coulomb        Energy = 1337.93881747450177
   10   -2520.3209495264      2.68e-05  
 Alpha HF Exchange    Energy = -10.35460389951878
 Beta HF Exchange     Energy = -10.35460389951877
 DFT Correlation      Energy =  -3.10453855155416
 DFT Exchange         Energy = -82.43194688730976
 One-Electron (alpha) Energy = -2002.77732019160749
 One-Electron (beta)  Energy = -2002.77732019160635
 Total Coulomb        Energy = 1338.00594858810632
   11   -2520.3209612410      5.27e-06  
 Alpha HF Exchange    Energy = -10.35462417617166
 Beta HF Exchange     Energy = -10.35462417617165
 DFT Correlation      Energy =  -3.10455048162403
 DFT Exchange         Energy = -82.43210575821307
 One-Electron (alpha) Energy = -2002.78359487244438
 One-Electron (beta)  Energy = -2002.78359487244347
 Total Coulomb        Energy = 1338.01870890776036
   12   -2520.3209616373      1.58e-06  
 Alpha HF Exchange    Energy = -10.35463025086493
 Beta HF Exchange     Energy = -10.35463025086493
 DFT Correlation      Energy =  -3.10455525842249
 DFT Exchange         Energy = -82.43215268230402
 One-Electron (alpha) Energy = -2002.78567823410776
 One-Electron (beta)  Energy = -2002.78567823410776
 Total Coulomb        Energy = 1338.02293943894074
   13   -2520.3209616797      1.24e-07  Convergence criterion met
 ---------------------------------------
 SCF time:   CPU 39.98s  wall 3.00s 
<S^2> =         -0.000000000
 Alpha HF Exchange    Energy = -10.35463025086493
 Beta HF Exchange     Energy = -10.35463025086493
 DFT Correlation      Energy =  -3.10455525842249
 DFT Exchange         Energy = -82.43215268230402
 One-Electron (alpha) Energy = -2002.78567823410776
 One-Electron (beta)  Energy = -2002.78567823410776
 Total Coulomb        Energy = 1338.02293943894074
 Nuclear repulsion Energy = 253.47342379202050
 SCF   energy in the final basis set =    -2520.3209616797
 Total energy in the final basis set =    -2520.3209616797
 
 --------------------------------------------------------------
 
                    Orbital Energies (a.u.)
 --------------------------------------------------------------
 
 Alpha MOs
 -- Occupied --
******* -58.108 -52.167 -52.165 -52.161 -10.236 -10.188 -10.188
 -7.840  -5.787  -5.781  -5.770  -2.120  -2.119  -2.110  -2.106
 -2.104  -0.811  -0.696  -0.675  -0.569  -0.465  -0.439  -0.418
 -0.394  -0.360  -0.358  -0.314  -0.272  -0.229
 -- Virtual --
 -0.152   0.019   0.085   0.130   0.146   0.150   0.166   0.178
  0.185   0.196   0.228   0.229   0.313   0.325   0.340   0.455
  0.467   0.483   0.503   0.554   0.576   0.585   0.670   0.679
  0.699   0.756   0.769   0.787   0.824   0.841   0.866   0.866
  0.904   0.907   0.928   0.954   0.958   1.070   1.311   1.384
  1.388   1.470   1.544   1.655   1.725   1.782   1.830   1.855
  1.891   2.016   2.020   2.036   2.038   2.041   2.064   2.094
  2.101   2.102   2.118   2.262   2.307   2.345   2.372   2.508
  2.558   2.618   2.656   2.698   2.716   2.860   2.864   2.894
  2.900   3.166   3.217   3.295   3.412   3.444   3.454   3.493
  4.221   4.232   4.241   4.332   4.344   4.451   4.502   4.612
  5.453  89.725
 
 Beta MOs
 -- Occupied --
******* -58.108 -52.167 -52.165 -52.161 -10.236 -10.188 -10.188
 -7.840  -5.787  -5.781  -5.770  -2.120  -2.119  -2.110  -2.106
 -2.104  -0.811  -0.696  -0.675  -0.569  -0.465  -0.439  -0.418
 -0.394  -0.360  -0.358  -0.314  -0.272  -0.229
 -- Virtual --
 -0.152   0.019   0.085   0.130   0.146   0.150   0.166   0.178
  0.185   0.196   0.228   0.229   0.313   0.325   0.340   0.455
  0.467   0.483   0.503   0.554   0.576   0.585   0.670   0.679
  0.699   0.756   0.769   0.787   0.824   0.841   0.866   0.866
  0.904   0.907   0.928   0.954   0.958   1.070   1.311   1.384
  1.388   1.470   1.544   1.655   1.725   1.782   1.830   1.855
  1.891   2.016   2.020   2.036   2.038   2.041   2.064   2.094
  2.101   2.102   2.118   2.262   2.307   2.345   2.372   2.508
  2.558   2.618   2.656   2.698   2.716   2.860   2.864   2.894
  2.900   3.166   3.217   3.295   3.412   3.444   3.454   3.493
  4.221   4.232   4.241   4.332   4.344   4.451   4.502   4.612
  5.453  89.725
 --------------------------------------------------------------
 
          Ground-State Mulliken Net Atomic Charges

     Atom                 Charge (a.u.)    Spin (a.u.)
  --------------------------------------------------------
      1 C                    -0.299380       0.000000
      2 C                    -0.158444      -0.000000
      3 Se                   -0.056923      -0.000000
      4 H                    -0.019427       0.000000
      5 C                    -0.299380      -0.000000
      6 H                     0.123762      -0.000000
      7 H                     0.105332      -0.000000
      8 H                     0.121377       0.000000
      9 H                     0.132613       0.000000
     10 H                     0.105332       0.000000
     11 H                     0.123762       0.000000
     12 H                     0.121377       0.000000
  --------------------------------------------------------
  Sum of atomic charges =    -0.000000
  Sum of spin   charges =    -0.000000

 -----------------------------------------------------------------
                    Cartesian Multipole Moments
 -----------------------------------------------------------------
    Charge (ESU x 10^10)
                -0.0000
    Dipole Moment (Debye)
         X      -1.9726      Y       0.0000      Z      -0.5652
       Tot       2.0520
    Quadrupole Moments (Debye-Ang)
        XX     -38.8448     XY       0.0000     YY     -41.3132
        XZ       0.5211     YZ      -0.0000     ZZ     -38.0269
    Octopole Moments (Debye-Ang^2)
       XXX      45.2135    XXY       0.0000    XYY      12.7909
       YYY       0.0000    XXZ       4.5200    XYZ       0.0000
       YYZ       5.5325    XZZ      15.6058    YZZ       0.0000
       ZZZ      16.9064
    Hexadecapole Moments (Debye-Ang^3)
      XXXX    -455.3936   XXXY      -0.0000   XXYY    -119.1200
      XYYY      -0.0000   YYYY    -220.4352   XXXZ      11.2327
      XXYZ       0.0000   XYYZ       4.3164   YYYZ       0.0000
      XXZZ    -101.2474   XYZZ      -0.0000   YYZZ     -60.8750
      XZZZ      11.3461   YZZZ       0.0000   ZZZZ    -122.5883
 -----------------------------------------------------------------
 Calculating analytic gradient of the SCF energy
 Gradient of SCF Energy
            1           2           3           4           5           6
    1   0.0000093  -0.0000177  -0.0010662   0.0010447   0.0000093  -0.0000089
    2   0.0000112   0.0000000   0.0000000  -0.0000000  -0.0000112  -0.0000074
    3   0.0000169   0.0000435  -0.0436064   0.0435772   0.0000169  -0.0000127
            7           8           9          10          11          12
    1  -0.0000114   0.0000067   0.0000479  -0.0000114  -0.0000089   0.0000067
    2   0.0000040  -0.0000051   0.0000000  -0.0000040   0.0000074   0.0000051
    3   0.0000112  -0.0000064  -0.0000325   0.0000112  -0.0000127  -0.0000064
 Max gradient component =       4.361E-02
 RMS gradient           =       1.028E-02
 Gradient time:  CPU 11.88 s  wall 1.00 s
 Geometry Optimization Parameters
   NAtoms,    NIC,     NZ,  NCons,   NDum,   NFix, NCnnct, MaxDiis
       12      75       0       1       0       0       0       0

 Cartesian Hessian Update
 Hessian Updated using BFGS Update


** CONSTRAINED OPTIMIZATION IN DELOCALIZED INTERNAL COORDINATES **
   Searching for a Minimum

   Optimization Cycle:   4

                       Coordinates (Angstroms)
     ATOM                X               Y               Z
      1  C        -1.7307095901    1.2742199880    0.1063905742
      2  C        -1.1263059590    0.0000000000   -0.4812902142
      3  Se        0.8529035559    0.0000000000   -0.4127008862
      4  H         0.9169565695    0.0000000000    2.2865391128
      5  C        -1.7307095901   -1.2742199881    0.1063905742
      6  H        -1.3076047823    2.1719754595   -0.3497276842
      7  H        -2.8164015941    1.2815884008   -0.0515798691
      8  H        -1.5444114540    1.3202289996    1.1843532067
      9  H        -1.2670953255    0.0000000000   -1.5749284677
     10  H        -2.8164015941   -1.2815884008   -0.0515798690
     11  H        -1.3076047824   -2.1719754595   -0.3497276842
     12  H        -1.5444114540   -1.3202289996    1.1843532067
   Point Group: c1    Number of degrees of freedom:    30


   Energy is  -2520.320961680

              Constraints and their Current Values
                                        Value     Constraint
   Distance(Angs):        3   4             2.700000     2.700000
 Hessian Updated using BFGS Update

 16 Hessian modes will be used to form the next step
  Hessian Eigenvalues:
     0.043414    0.063619    0.073789    0.082038    0.084073    0.099637
     0.159995    0.160000    0.161632    0.179138    0.216307    0.300219
     0.335832    0.340161    0.342677    0.345716

 Minimum Search - Taking Simple RFO Step
 Searching for Lamda that Minimizes Along All modes
 Value Taken    Lamda =   0.00000000
 Step Taken.  Stepsize is  0.000794

                             Maximum     Tolerance    Cnvgd?
         Gradient           0.000046      0.000300     YES
         Displacement       0.000549      0.001200     YES
         Energy change     -0.000001      0.000001     YES


                       Distance Matrix (Angstroms)
             C (  1)   C (  2)   Se(  3)   H (  4)   C (  5)   H (  6)
   C (  2)  1.527845
   Se(  3)  2.927140  1.980398
   H (  4)  3.658800  3.440320  2.700000
   C (  5)  2.548440  1.527845  2.927140  3.658800
   H (  6)  1.092257  2.183496  3.064187  4.076279  3.501903
   H (  7)  1.097149  2.164150  3.903419  4.587726  2.781338  1.777118
   H (  8)  1.094910  2.166145  3.168707  3.002691  2.815648  1.770580
   H (  9)  2.159956  1.102663  2.417678  4.436329  2.159956  2.494040
   H ( 10)  2.781338  2.164150  3.903419  4.587726  1.097149  3.780537
   H ( 11)  3.501903  2.183496  3.064187  4.076279  1.092257  4.343951
   H ( 12)  2.815648  2.166145  3.168707  3.002691  1.094910  3.821645
             H (  7)   H (  8)   H (  9)   H ( 10)   H ( 11)
   H (  8)  1.773974
   H (  9)  2.522580  3.071408
   H ( 10)  2.563177  3.148800  2.522580
   H ( 11)  3.780537  3.821645  2.494040  1.777118
   H ( 12)  3.148800  2.640458  3.071408  1.773974  1.770580
 
 Final energy is   -2520.32096167971     


 ******************************
 **  OPTIMIZATION CONVERGED  **
 ******************************

                       Coordinates (Angstroms)
     ATOM                X               Y               Z
      1  C        -1.7307095901    1.2742199880    0.1063905742
      2  C        -1.1263059590    0.0000000000   -0.4812902142
      3  Se        0.8529035559    0.0000000000   -0.4127008862
      4  H         0.9169565695    0.0000000000    2.2865391128
      5  C        -1.7307095901   -1.2742199881    0.1063905742
      6  H        -1.3076047823    2.1719754595   -0.3497276842
      7  H        -2.8164015941    1.2815884008   -0.0515798691
      8  H        -1.5444114540    1.3202289996    1.1843532067
      9  H        -1.2670953255    0.0000000000   -1.5749284677
     10  H        -2.8164015941   -1.2815884008   -0.0515798690
     11  H        -1.3076047824   -2.1719754595   -0.3497276842
     12  H        -1.5444114540   -1.3202289996    1.1843532067

Z-matrix Print:
$molecule
0 1
Se
C  1 1.980398
H  2 1.102663 1 99.320404
C  2 1.527845 1 112.459675 3 115.517926 0
H  4 1.092257 2 111.815584 1 -53.141462 0
H  4 1.094910 2 110.269047 1 67.160788 0
H  4 1.097149 2 109.979259 1 -173.780148 0
C  2 1.527845 1 112.459675 3 -115.517926 0
H  8 1.092257 2 111.815584 1 53.141462 0
H  8 1.094910 2 110.269047 1 -67.160788 0
H  8 1.097149 2 109.979259 1 173.780148 0
H  1 2.700000 2 93.344161 3 -180.000000 0
$end

PES scan, value:    2.7000 energy: -2520.3209616797
------- Summary of potential scan: ------ 
    2.7000     -2520.3209616797
----------------------------------------- 
Archival summary:
1\1\hpc0248\JobtypUnspecified\ProcedureUnspecified\6-31G**\e138\knomura\WedMar1316:27:152019WedMar1316:27:152019\0\\#,JobtypUnspecified,ProcedureUnspecified,6-31G**,\\0,1\Se\C,1,1.9804\H,2,1.10266,1,99.3204\C,2,1.52784,1,112.46,3,115.518,0\H,4,1.09226,2,111.816,1,-53.1415,0\H,4,1.09491,2,110.269,1,67.1608,0\H,4,1.09715,2,109.979,1,-173.78,0\C,2,1.52784,1,112.46,3,-115.518,0\H,8,1.09226,2,111.816,1,53.1415,0\H,8,1.09491,2,110.269,1,-67.1608,0\H,8,1.09715,2,109.979,1,173.78,0\H,1,2.7,2,93.3442,3,-180,0\\\@

 Total job time:  19.96s(wall), 228.75s(cpu) 
 Wed Mar 13 16:27:15 2019

        *************************************************************
        *                                                           *
        *  Thank you very much for using Q-Chem.  Have a nice day.  *
        *                                                           *
        *************************************************************


