
Running Job 1 of 1 selenium/01/Se-H.xyz.data/inputs/bond_singlet_2.3.in
qchem selenium/01/Se-H.xyz.data/inputs/bond_singlet_2.3.in_23010.0 /staging/scratch/2868765/qchem23010/ 1
/usr/usc/qchem/5.1.1/exe/qcprog.exe_s selenium/01/Se-H.xyz.data/inputs/bond_singlet_2.3.in_23010.0 /staging/scratch/2868765/qchem23010/
Check license passed

                  Welcome to Q-Chem
     A Quantum Leap Into The Future Of Chemistry


 Q-Chem 5.1, Q-Chem, Inc., Pleasanton, CA (2018)

 Yihan Shao,  Zhengting Gan,  E. Epifanovsky,  A. T. B. Gilbert,  M. Wormit,  
 J. Kussmann,  A. W. Lange,  A. Behn,  Jia Deng,  Xintian Feng,  D. Ghosh,  
 M. Goldey,  P. R. Horn,  L. D. Jacobson,  I. Kaliman,  T. Kus,  A. Landau,  
 Jie Liu,  E. I. Proynov,  R. M. Richard,  R. P. Steele,  E. J. Sundstrom,  
 H. L. Woodcock III,  P. M. Zimmerman,  D. Zuev,  B. Albrecht,  E. Alguire,  
 S. A. Baeppler,  D. Barton,  Z. Benda,  Y. A. Bernard,  E. J. Berquist,  
 K. B. Bravaya,  H. Burton,  D. Casanova,  Chun-Min Chang,  Yunqing Chen,  
 A. Chien,  K. D. Closser,  M. P. Coons,  S. Coriani,  S. Dasgupta,  
 A. L. Dempwolff,  M. Diedenhofen,  Hainam Do,  R. G. Edgar,  Po-Tung Fang,  
 S. Faraji,  S. Fatehi,  Qingguo Feng,  K. D. Fenk,  J. Fosso-Tande,  
 Qinghui Ge,  A. Ghysels,  G. Gidofalvi,  J. Gomes,  J. Gonthier,  A. Gunina,  
 D. Hait,  M. W. D. Hanson-Heine,  P. H. P. Harbach,  A. W. Hauser,  
 J. E. Herr,  E. G. Hohenstein,  Z. C. Holden,  Kerwin Hui,  B. C. Huynh,  
 T.-C. Jagau,  Hyunjun Ji,  B. Kaduk,  K. Khistyaev,  Jaehoon Kim,  
 P. Klunzinger,  K. Koh,  D. Kosenkov,  L. Koulias,  T. Kowalczyk,  
 C. M. Krauter,  A. Kunitsa,  Ka Un Lao,  A. Laurent,  K. V. Lawler,  
 Joonho Lee,  D. Lefrancois,  S. Lehtola,  D. S. Levine,  Yi-Pei Li,  
 You-Sheng Lin,  Fenglai Liu,  E. Livshits,  A. Luenser,  P. Manohar,  
 E. Mansoor,  S. F. Manzer,  Shan-Ping Mao,  Yuezhi Mao,  N. Mardirossian,  
 A. V. Marenich,  T. Markovich,  L. A. Martinez-Martinez,  S. A. Maurer,  
 N. J. Mayhall,  S. C. McKenzie,  J.-M. Mewes,  A. F. Morrison,  
 J. W. Mullinax,  K. Nanda,  T. S. Nguyen-Beck,  R. Olivares-Amaya,  
 J. A. Parkhill,  T. M. Perrine,  F. Plasser,  P. Pokhilko,  S. Prager,  
 A. Prociuk,  E. Ramos,  D. R. Rehn,  F. Rob,  M. Schneider,  N. Sergueev,  
 S. M. Sharada,  S. Sharma,  D. W. Small,  T. Stauch,  T. Stein,  
 Yu-Chuan Su,  A. J. W. Thom,  A. Tkatchenko,  T. Tsuchimochi,  N. M. Tubman,  
 L. Vogt,  M. L. Vidal,  O. Vydrov,  M. A. Watson,  J. Wenzel,  
 M. de Wergifosse,  T. A. Wesolowski,  A. White,  J. Witte,  A. Yamada,  
 Jun Yang,  K. Yao,  S. Yeganeh,  S. R. Yost,  Zhi-Qiang You,  A. Zech,  
 Igor Ying Zhang,  Xing Zhang,  Yan Zhao,  Ying Zhu,  B. R. Brooks,  
 G. K. L. Chan,  C. J. Cramer,  M. S. Gordon,  W. J. Hehre,  A. Klamt,  
 M. W. Schmidt,  C. D. Sherrill,  D. G. Truhlar,  A. Aspuru-Guzik,  R. Baer,  
 A. T. Bell,  N. A. Besley,  Jeng-Da Chai,  A. E. DePrince, III,  
 R. A. DiStasio Jr.,  A. Dreuw,  B. D. Dunietz,  T. R. Furlani,  
 Chao-Ping Hsu,  Yousung Jung,  Jing Kong,  D. S. Lambrecht,  WanZhen Liang,  
 C. Ochsenfeld,  V. A. Rassolov,  L. V. Slipchenko,  J. E. Subotnik,  
 T. Van Voorhis,  J. M. Herbert,  A. I. Krylov,  P. M. W. Gill,  M. Head-Gordon

 Contributors to earlier versions of Q-Chem not listed above: 
 R. D. Adamson,  B. Austin,  J. Baker,  G. J. O. Beran,  K. Brandhorst,  
 S. T. Brown,  E. F. C. Byrd,  A. K. Chakraborty,  C.-L. Cheng,  
 Siu Hung Chien,  D. M. Chipman,  D. L. Crittenden,  H. Dachsel,  
 R. J. Doerksen,  A. D. Dutoi,  L. Fusti-Molnar,  W. A. Goddard III,  
 A. Golubeva-Zadorozhnaya,  S. R. Gwaltney,  G. Hawkins,  A. Heyden,  
 S. Hirata,  G. Kedziora,  F. J. Keil,  C. Kelley,  Jihan Kim,  R. A. King,  
 R. Z. Khaliullin,  P. P. Korambath,  W. Kurlancheek,  A. M. Lee,  M. S. Lee,  
 S. V. Levchenko,  Ching Yeh Lin,  D. Liotard,  R. C. Lochan,  I. Lotan,  
 P. E. Maslen,  N. Nair,  D. P. O'Neill,  D. Neuhauser,  E. Neuscamman,  
 C. M. Oana,  R. Olson,  B. Peters,  R. Peverati,  P. A. Pieniazek,  
 Y. M. Rhee,  J. Ritchie,  M. A. Rohrdanz,  E. Rosta,  N. J. Russ,  
 H. F. Schaefer III,  N. E. Schultz,  N. Shenvi,  A. C. Simmonett,  A. Sodt,  
 D. Stuck,  K. S. Thanthiriwatte,  V. Vanovschi,  Tao Wang,  A. Warshel,  
 C. F. Williams,  Q. Wu,  X. Xu,  W. Zhang

 Please cite Q-Chem as follows:
 Y. Shao et al., Mol. Phys. 113, 184-215 (2015)
 DOI: 10.1080/00268976.2014.952696

 Q-Chem 5.1.1 for Intel X86 EM64T Linux

 Parts of Q-Chem use Armadillo 8.300.2 (Tropical Shenanigans).
 http://arma.sourceforge.net/

 Q-Chem begins on Wed Mar 13 16:25:37 2019  

Host: 
0

     Scratch files written to /staging/scratch/2868765/qchem23010//
 Aug318 |scratch|qcdevops|jenkins|workspace|build_RNUM 6013   
Processing $rem in /usr/usc/qchem/5.1.1/config/preferences.
 MEM_TOTAL  2000 
Input Ideriv = 2
Curr. Ideriv = -1
Max.  Ideriv = 2

Checking the input file for inconsistencies... 	...done.

--------------------------------------------------------------
User input:
--------------------------------------------------------------

$comment
potential surface scanner
$end

$rem
JOBTYPE  PES_SCAN
UNRESTRICTED TRUE
SYM_IGNORE  TRUE
GEOM_OPT_MAX_CYCLES 400
SCF_MAX_CYCLES 400
METHOD   B3LYP
BASIS   6-31G**
PDB_PRINT 2
SCF_CONVERGENCE 6
THRESH 14
SCF_PRINT 1
$end
$molecule
0 1
C -1.732308 1.273107 0.125690
C -1.104399 0.000000 -0.437810
Se 0.879221 0.000000 -0.263000
H 0.856049 0.000000 1.936878
C -1.732308 -1.273107 0.125690
H -1.290489 2.171191 -0.311701
H -2.810623 1.281826 -0.077625
H -1.594294 1.320863 1.210830
H -1.197238 0.000000 -1.533961
H -2.810623 -1.281826 -0.077625
H -1.290489 -2.171191 -0.311701
H -1.594294 -1.320863 1.210830
$end
$scan
stre 3 4 2.300000 2.301000 0.100000
$end
--------------------------------------------------------------
 ----------------------------------------------------------------
             Standard Nuclear Orientation (Angstroms)
    I     Atom           X                Y                Z
 ----------------------------------------------------------------
    1      C      -1.7323080000     1.2731070000     0.1256900000
    2      C      -1.1043990000     0.0000000000    -0.4378100000
    3      Se      0.8792210000     0.0000000000    -0.2630000000
    4      H       0.8560490000     0.0000000000     1.9368780000
    5      C      -1.7323080000    -1.2731070000     0.1256900000
    6      H      -1.2904890000     2.1711910000    -0.3117010000
    7      H      -2.8106230000     1.2818260000    -0.0776250000
    8      H      -1.5942940000     1.3208630000     1.2108300000
    9      H      -1.1972380000     0.0000000000    -1.5339610000
   10      H      -2.8106230000    -1.2818260000    -0.0776250000
   11      H      -1.2904890000    -2.1711910000    -0.3117010000
   12      H      -1.5942940000    -1.3208630000     1.2108300000
 ----------------------------------------------------------------
 Nuclear Repulsion Energy =   254.8176937507 hartrees
 There are       30 alpha and       30 beta electrons
 Requested basis set is 6-31G(d,p)
 There are 44 shells and 120 basis functions

 Total QAlloc Memory Limit   2000 MB
 Mega-Array Size       188 MB
 MEM_STATIC part       192 MB
A total of 1 constraints
  
            1
    1   1.0100000
    2   3.0100000
    3   4.0100000
    4   2.3000000
    5   2.3010000
    6   0.1000000
    7   0.0000000
    8   0.0000000
    9   0.0000000
   10   0.0000000

                       Distance Matrix (Angstroms)
             C (  1)   C (  2)   Se(  3)   H (  4)   C (  5)   H (  6)
   C (  2)  1.527286
   Se(  3)  2.931205  1.991308
   H (  4)  3.405994  3.079367  2.200000
   C (  5)  2.546214  1.527286  2.931205  3.405994
   H (  6)  1.092277  2.182797  3.069867  3.791807  3.499958
   H (  7)  1.097350  2.164258  3.910549  4.375590  2.780608  1.776674
   H (  8)  1.094923  2.168569  3.167827  2.876805  2.815183  1.770157
   H (  9)  2.159061  1.100075  2.434548  4.032705  2.159061  2.493328
   H ( 10)  2.780608  2.164258  3.910549  4.375590  1.097350  3.780069
   H ( 11)  3.499958  2.182797  3.069867  3.791807  1.092277  4.342382
   H ( 12)  2.815183  2.168569  3.167827  2.876805  1.094923  3.821628
             H (  7)   H (  8)   H (  9)   H ( 10)   H ( 11)
   H (  8)  1.772314
   H (  9)  2.523292  3.071841
   H ( 10)  2.563652  3.148581  2.523292
   H ( 11)  3.780069  3.821628  2.493328  1.776674
   H ( 12)  3.148581  2.641726  3.071841  1.772314  1.770157
 
 A cutoff of  1.0D-14 yielded    956 shell pairs
 There are      7203 function pairs
 
 -------------------------------------------------------
 OpenMP Integral Computing Module                       
 Release: version 1.0, May 2013, Q-Chem Inc. Pittsburgh 
 -------------------------------------------------------
 Integral Job Info:
 Integral job number is                      11
 Integral operator is                         1
 short-range coefficients                     0
 long-range coefficients              100000000
 Omega coefficients                           0
 if combine SR and LR in K                    0
 Integral screening is                        0
 Integral computing path is                   2
 max size of driver memory is            800000
 size of driver memory is                593474
 size of scratch memory is             15267112
 max col of scratch BK array               1296
 max len of scratch array in speh3          155
 max len of scratch index in speh4           18
 max int batch size is                      520
 min int batch size is                       52
 fixed nKL is                                52
 max L of basis functions is                  2
 order of int derivative is                   0
 number of shells is                         44
 number of basis is                         120
 number of cartesian basis is               120
 number of contracted shell pairs           956
 number of primitive shell pairs           3602
 maxK2 (contraction) of shell pair           36
 max number of K2 of shell pair               1
 max number of CS2 of shell pair             85
 max number of PS2 of shell pair            288
 mem total for path MDJ                  519708
 -------------------------------------------------------
 Smallest overlap matrix eigenvalue = 6.75E-04

 Scale SEOQF with 1.000000e-01/1.000000e-01/1.000000e-01

 Standard Electronic Orientation quadrupole field applied
 Nucleus-field energy     =     0.0000000046 hartrees
 Guess from superposition of atomic densities
 Warning:  Energy on first SCF cycle will be non-variational
 SAD guess density has 59.968191 electrons

 -----------------------------------------------------------------------
  General SCF calculation program by
  Eric Jon Sundstrom, Paul Horn, Yuezhi Mao, Dmitri Zuev, Alec White,
  David Stuck, Shaama M.S., Shane Yost, Joonho Lee, David Small,
  Daniel Levine, Susi Lehtola, Hugh Burton, Evgeny Epifanovsky
 -----------------------------------------------------------------------
 Exchange:     0.2000 Hartree-Fock + 0.0800 Slater + 0.7200 B88
 Correlation:  0.1900 VWN1RPA + 0.8100 LYP
 Using SG-1 standard quadrature grid
 using 12 threads for integral computing
 -------------------------------------------------------
 OpenMP Integral computing Module                
 Release: version 1.0, May 2013, Q-Chem Inc. Pittsburgh 
 -------------------------------------------------------
 -------------------------------------------------------
 OpenMP BLAS3 based DFT computing Module                
 Release: version 1.0, May 2013, Q-Chem Inc. Pittsburgh 
 -------------------------------------------------------
 A unrestricted SCF calculation will be
 performed using DIIS
 SCF converges when DIIS error is below 1.0e-06
 Alpha HF Exchange    Energy = -10.34720723047237
 Beta HF Exchange     Energy = -10.34720723047237
 DFT Correlation      Energy =  -3.08435365674610
 DFT Exchange         Energy = -81.98788093614471
 One-Electron (alpha) Energy = -2002.08149765360918
 One-Electron (beta)  Energy = -2002.08149765360918
 Total Coulomb        Energy = 1331.91180859151427
 ---------------------------------------
  Cycle       Energy         DIIS error
 ---------------------------------------
    1   -2523.2001420142      1.38e-01  
 Alpha HF Exchange    Energy = -10.41245981993675
 Beta HF Exchange     Energy = -10.41245981993676
 DFT Correlation      Energy =  -3.12920105090645
 DFT Exchange         Energy = -82.87821235704644
 One-Electron (alpha) Energy = -2010.23624607817464
 One-Electron (beta)  Energy = -2010.23624607817578
 Total Coulomb        Energy = 1352.28473667951152
    2   -2520.2023947694      9.07e-03  
 Alpha HF Exchange    Energy = -10.30159438783071
 Beta HF Exchange     Energy = -10.30159438783071
 DFT Correlation      Energy =  -3.08140100477803
 DFT Exchange         Energy = -81.97022780989317
 One-Electron (alpha) Energy = -1995.61714242005678
 One-Electron (beta)  Energy = -1995.61714242005610
 Total Coulomb        Energy = 1322.01857059320309
    3   -2520.0528380819      5.89e-03  
 Alpha HF Exchange    Energy = -10.40203697571746
 Beta HF Exchange     Energy = -10.40203697571746
 DFT Correlation      Energy =  -3.12579348643226
 DFT Exchange         Energy = -82.77675722986166
 One-Electron (alpha) Energy = -2010.32721926865293
 One-Electron (beta)  Energy = -2010.32721926865247
 Total Coulomb        Energy = 1352.34104728548300
    4   -2520.2023221643      3.86e-03  
 Alpha HF Exchange    Energy = -10.35821329717078
 Beta HF Exchange     Energy = -10.35821329717078
 DFT Correlation      Energy =  -3.10711768885259
 DFT Exchange         Energy = -82.44316808749689
 One-Electron (alpha) Energy = -2003.32675555775427
 One-Electron (beta)  Energy = -2003.32675555775450
 Total Coulomb        Energy = 1337.74385631003452
    5   -2520.3586734209      1.12e-03  
 Alpha HF Exchange    Energy = -10.35883873561404
 Beta HF Exchange     Energy = -10.35883873561404
 DFT Correlation      Energy =  -3.10737345919080
 DFT Exchange         Energy = -82.44575587845466
 One-Electron (alpha) Energy = -2004.37547628589391
 One-Electron (beta)  Energy = -2004.37547628589391
 Total Coulomb        Energy = 1339.83344127448163
    6   -2520.3706243509      2.55e-04  
 Alpha HF Exchange    Energy = -10.35912200369079
 Beta HF Exchange     Energy = -10.35912200369077
 DFT Correlation      Energy =  -3.10757860991962
 DFT Exchange         Energy = -82.44931511822233
 One-Electron (alpha) Energy = -2004.17399981789663
 One-Electron (beta)  Energy = -2004.17399981789572
 Total Coulomb        Energy = 1339.43434982745703
    7   -2520.3710937886      1.42e-04  
 Alpha HF Exchange    Energy = -10.35934428861879
 Beta HF Exchange     Energy = -10.35934428861878
 DFT Correlation      Energy =  -3.10758470528932
 DFT Exchange         Energy = -82.45069927038813
 One-Electron (alpha) Energy = -2004.24895748585641
 One-Electron (beta)  Energy = -2004.24895748585595
 Total Coulomb        Energy = 1339.58592986973190
    8   -2520.3712638996      2.11e-05  
 Alpha HF Exchange    Energy = -10.35941633058223
 Beta HF Exchange     Energy = -10.35941633058221
 DFT Correlation      Energy =  -3.10764651437142
 DFT Exchange         Energy = -82.45126898877611
 One-Electron (alpha) Energy = -2004.26832023188445
 One-Electron (beta)  Energy = -2004.26832023188308
 Total Coulomb        Energy = 1339.62542663767113
    9   -2520.3712682351      4.58e-06  
 Alpha HF Exchange    Energy = -10.35939754677561
 Beta HF Exchange     Energy = -10.35939754677562
 DFT Correlation      Energy =  -3.10762959508740
 DFT Exchange         Energy = -82.45110716931246
 One-Electron (alpha) Energy = -2004.26157551946721
 One-Electron (beta)  Energy = -2004.26157551946767
 Total Coulomb        Energy = 1339.61172065061646
   10   -2520.3712684910      9.87e-07  Convergence criterion met
 ---------------------------------------
 SCF time:   CPU 32.47s  wall 3.00s 
<S^2> =          0.000000000
 Alpha HF Exchange    Energy = -10.35939754677561
 Beta HF Exchange     Energy = -10.35939754677562
 DFT Correlation      Energy =  -3.10762959508740
 DFT Exchange         Energy = -82.45110716931246
 One-Electron (alpha) Energy = -2004.26157551946721
 One-Electron (beta)  Energy = -2004.26157551946767
 Total Coulomb        Energy = 1339.61172065061646
 Nuclear repulsion Energy = 254.81769375529305
 SCF   energy in the final basis set =    -2520.3712684910
 Total energy in the final basis set =    -2520.3712684910
 
 --------------------------------------------------------------
 
                    Orbital Energies (a.u.)
 --------------------------------------------------------------
 
 Alpha MOs
 -- Occupied --
******* -58.102 -52.160 -52.158 -52.155 -10.233 -10.187 -10.186
 -7.834  -5.780  -5.775  -5.764  -2.113  -2.113  -2.104  -2.100
 -2.098  -0.808  -0.694  -0.671  -0.569  -0.463  -0.437  -0.416
 -0.393  -0.359  -0.356  -0.315  -0.296  -0.226
 -- Virtual --
 -0.106   0.020   0.088   0.130   0.147   0.151   0.167   0.179
  0.186   0.201   0.229   0.236   0.312   0.326   0.343   0.457
  0.468   0.494   0.505   0.562   0.587   0.603   0.674   0.681
  0.698   0.757   0.760   0.789   0.825   0.853   0.866   0.867
  0.905   0.908   0.935   0.955   0.955   1.079   1.313   1.385
  1.387   1.471   1.545   1.659   1.729   1.782   1.832   1.857
  1.891   2.023   2.032   2.039   2.039   2.050   2.070   2.097
  2.104   2.107   2.163   2.265   2.308   2.346   2.374   2.512
  2.560   2.622   2.659   2.702   2.719   2.862   2.865   2.896
  2.901   3.168   3.217   3.303   3.414   3.447   3.456   3.496
  4.226   4.239   4.284   4.335   4.352   4.457   4.504   4.616
  5.461  89.735
 
 Beta MOs
 -- Occupied --
******* -58.102 -52.160 -52.158 -52.155 -10.233 -10.187 -10.186
 -7.834  -5.780  -5.775  -5.764  -2.113  -2.113  -2.104  -2.100
 -2.098  -0.808  -0.694  -0.671  -0.569  -0.463  -0.437  -0.416
 -0.393  -0.359  -0.356  -0.315  -0.296  -0.226
 -- Virtual --
 -0.106   0.020   0.088   0.130   0.147   0.151   0.167   0.179
  0.186   0.201   0.229   0.236   0.312   0.326   0.343   0.457
  0.468   0.494   0.505   0.562   0.587   0.603   0.674   0.681
  0.698   0.757   0.760   0.789   0.825   0.853   0.866   0.867
  0.905   0.908   0.935   0.955   0.955   1.079   1.313   1.385
  1.387   1.471   1.545   1.659   1.729   1.782   1.832   1.857
  1.891   2.023   2.032   2.039   2.039   2.050   2.070   2.097
  2.104   2.107   2.163   2.265   2.308   2.346   2.374   2.512
  2.560   2.622   2.659   2.702   2.719   2.862   2.865   2.896
  2.901   3.168   3.217   3.303   3.414   3.447   3.456   3.496
  4.226   4.239   4.284   4.335   4.352   4.457   4.504   4.616
  5.461  89.735
 --------------------------------------------------------------
 
          Ground-State Mulliken Net Atomic Charges

     Atom                 Charge (a.u.)    Spin (a.u.)
  --------------------------------------------------------
      1 C                    -0.298630       0.000000
      2 C                    -0.153314      -0.000000
      3 Se                   -0.063405       0.000000
      4 H                    -0.002802       0.000000
      5 C                    -0.298630       0.000000
      6 H                     0.123395       0.000000
      7 H                     0.104394      -0.000000
      8 H                     0.116693       0.000000
      9 H                     0.127817       0.000000
     10 H                     0.104394      -0.000000
     11 H                     0.123395      -0.000000
     12 H                     0.116693      -0.000000
  --------------------------------------------------------
  Sum of atomic charges =     0.000000
  Sum of spin   charges =     0.000000

 -----------------------------------------------------------------
                    Cartesian Multipole Moments
 -----------------------------------------------------------------
    Charge (ESU x 10^10)
                 0.0000
    Dipole Moment (Debye)
         X      -1.8444      Y       0.0000      Z      -0.2904
       Tot       1.8671
    Quadrupole Moments (Debye-Ang)
        XX     -38.9770     XY       0.0000     YY     -41.3320
        XZ       0.6788     YZ       0.0000     ZZ     -37.6407
    Octopole Moments (Debye-Ang^2)
       XXX      44.4510    XXY      -0.0000    XYY      12.5051
       YYY       0.0000    XXZ       2.5339    XYZ      -0.0000
       YYZ       2.7859    XZZ      15.7003    YZZ       0.0000
       ZZZ       9.8504
    Hexadecapole Moments (Debye-Ang^3)
      XXXX    -459.3998   XXXY       0.0000   XXYY    -120.0484
      XYYY      -0.0000   YYYY    -220.8087   XXXZ      10.9706
      XXYZ       0.0000   XYYZ       3.5676   YYYZ       0.0000
      XXZZ     -97.1624   XYZZ       0.0000   YYZZ     -56.2920
      XZZZ       8.9821   YZZZ       0.0000   ZZZZ     -98.8062
 -----------------------------------------------------------------
 Calculating analytic gradient of the SCF energy
 Gradient of SCF Energy
            1           2           3           4           5           6
    1   0.0000494  -0.0000617   0.0006697  -0.0006248   0.0000494  -0.0000155
    2   0.0000029  -0.0000000   0.0000000  -0.0000000  -0.0000029  -0.0000024
    3   0.0000526  -0.0000368  -0.0629534   0.0628295   0.0000526  -0.0000004
            7           8           9          10          11          12
    1  -0.0000156   0.0000182  -0.0000562  -0.0000156  -0.0000155   0.0000182
    2   0.0000108  -0.0000158   0.0000000  -0.0000108   0.0000024   0.0000158
    3   0.0000296   0.0000025  -0.0000078   0.0000296  -0.0000004   0.0000025
 Max gradient component =       6.295E-02
 RMS gradient           =       1.482E-02
 Gradient time:  CPU 11.77 s  wall 0.99 s
 Geometry Optimization Parameters
   NAtoms,    NIC,     NZ,  NCons,   NDum,   NFix, NCnnct, MaxDiis
       12      75       0       1       0       0       0       0


** CONSTRAINED OPTIMIZATION IN DELOCALIZED INTERNAL COORDINATES **
   Searching for a Minimum

   Optimization Cycle:   1

                       Coordinates (Angstroms)
     ATOM                X               Y               Z
      1  C        -1.7323080000    1.2731070000    0.1256900000
      2  C        -1.1043990000    0.0000000000   -0.4378100000
      3  Se        0.8792210000    0.0000000000   -0.2630000000
      4  H         0.8560490000    0.0000000000    1.9368780000
      5  C        -1.7323080000   -1.2731070000    0.1256900000
      6  H        -1.2904890000    2.1711910000   -0.3117010000
      7  H        -2.8106230000    1.2818260000   -0.0776250000
      8  H        -1.5942940000    1.3208630000    1.2108300000
      9  H        -1.1972380000    0.0000000000   -1.5339610000
     10  H        -2.8106230000   -1.2818260000   -0.0776250000
     11  H        -1.2904890000   -2.1711910000   -0.3117010000
     12  H        -1.5942940000   -1.3208630000    1.2108300000
   Point Group: c1    Number of degrees of freedom:    30


   Energy is  -2520.371268491

              Constraints and their Current Values
                                        Value     Constraint
   Distance(Angs):        3   4             2.200000     2.300000

 Attempting to Generate Delocalized Internal Coordinates

   Using Lagrange Multiplier Algorithm


 21 Hessian modes will be used to form the next step
  Hessian Eigenvalues:
    -0.979939    0.045000    0.070750    0.076461    0.082515    0.083952
     0.154066    0.160000    0.160000    0.160000    0.160000    0.160000
     0.160000    0.160000    0.209377    0.296755    0.336738    0.339769
     0.342498    0.345508    1.020472

 Minimum Search - Taking P-RFO Step
 Searching for Lamda that Maximizes Along the Constraint modes Only
 Value Taken    Lamda =   0.03166973
 Searching for Lamda that Minimizes Along All other modes
 Value Taken    Lamda =  -0.00742181
 Step Taken.  Stepsize is  0.184531

                             Maximum     Tolerance    Cnvgd?
         Gradient            0.188973       0.000300      NO
         Displacement        0.184529       0.001200      NO
         Energy change     *********       0.000001      NO


 New Cartesian Coordinates Obtained by Inverse Iteration

 Displacement from previous Coordinates is:  0.157167
 ----------------------------------------------------------------
             Standard Nuclear Orientation (Angstroms)
    I     Atom           X                Y                Z
 ----------------------------------------------------------------
    1      C      -1.7324437312     1.2731210167     0.1214336954
    2      C      -1.1093482822     0.0000000000    -0.4473831278
    3      Se      0.8757101037     0.0000000000    -0.2899673083
    4      H       0.8723666608     0.0000000000     2.0076787965
    5      C      -1.7324437312    -1.2731210167     0.1214336954
    6      H      -1.2945067464     2.1711930096    -0.3198796738
    7      H      -2.8124741339     1.2816860840    -0.0724659547
    8      H      -1.5849759553     1.3210848849     1.2053328719
    9      H      -1.2117223486     0.0000000000    -1.5426752379
   10      H      -2.8124741339    -1.2816860840    -0.0724659547
   11      H      -1.2945067464    -2.1711930096    -0.3198796738
   12      H      -1.5849759553    -1.3210848849     1.2053328719
 ----------------------------------------------------------------
 Nuclear Repulsion Energy =   254.4008893952 hartrees
 There are       30 alpha and       30 beta electrons

                       Distance Matrix (Angstroms)
             C (  1)   C (  2)   Se(  3)   H (  4)   C (  5)   H (  6)
   C (  2)  1.527297
   Se(  3)  2.931306  1.991290
   H (  4)  3.458872  3.155079  2.297649
   C (  5)  2.546242  1.527297  2.931306  3.458872
   H (  6)  1.092282  2.182801  3.069986  3.850578  3.499978
   H (  7)  1.097331  2.164237  3.910592  4.421286  2.780486  1.776699
   H (  8)  1.094936  2.168630  3.167990  2.903025  2.815402  1.770121
   H (  9)  2.158992  1.100066  2.434471  4.116848  2.158992  2.493223
   H ( 10)  2.780486  2.164237  3.910592  4.421286  1.097331  3.779922
   H ( 11)  3.499978  2.182801  3.069986  3.850578  1.092282  4.342386
   H ( 12)  2.815402  2.168630  3.167990  2.903025  1.094936  3.821865
             H (  7)   H (  8)   H (  9)   H ( 10)   H ( 11)
   H (  8)  1.772308
   H (  9)  2.523220  3.071829
   H ( 10)  2.563372  3.148641  2.523220
   H ( 11)  3.779922  3.821865  2.493223  1.776699
   H ( 12)  3.148641  2.642170  3.071829  1.772308  1.770121
 
 Applying Cartesian multipole field
    Component          Value
    ---------          -----
     (2,0,0)        1.00000E-11
     (0,2,0)        2.00000E-11
     (0,0,2)       -3.00000E-11
 Nucleus-field energy     =     0.0000000045 hartrees
 Requested basis set is 6-31G(d,p)
 There are 44 shells and 120 basis functions
 A cutoff of  1.0D-14 yielded    955 shell pairs
 There are      7194 function pairs
 Smallest overlap matrix eigenvalue = 6.75E-04
 Guess from superposition of atomic densities
 Warning:  Energy on first SCF cycle will be non-variational
 SAD guess density has 59.968191 electrons

 -----------------------------------------------------------------------
  General SCF calculation program by
  Eric Jon Sundstrom, Paul Horn, Yuezhi Mao, Dmitri Zuev, Alec White,
  David Stuck, Shaama M.S., Shane Yost, Joonho Lee, David Small,
  Daniel Levine, Susi Lehtola, Hugh Burton, Evgeny Epifanovsky
 -----------------------------------------------------------------------
 Exchange:     0.2000 Hartree-Fock + 0.0800 Slater + 0.7200 B88
 Correlation:  0.1900 VWN1RPA + 0.8100 LYP
 Using SG-1 standard quadrature grid
 using 12 threads for integral computing
 -------------------------------------------------------
 OpenMP Integral computing Module                
 Release: version 1.0, May 2013, Q-Chem Inc. Pittsburgh 
 -------------------------------------------------------
 -------------------------------------------------------
 OpenMP BLAS3 based DFT computing Module                
 Release: version 1.0, May 2013, Q-Chem Inc. Pittsburgh 
 -------------------------------------------------------
 A unrestricted SCF calculation will be
 performed using DIIS
 SCF converges when DIIS error is below 1.0e-06
 Alpha HF Exchange    Energy = -10.34610243703849
 Beta HF Exchange     Energy = -10.34610243703849
 DFT Correlation      Energy =  -3.08366422074256
 DFT Exchange         Energy = -81.98529769213553
 One-Electron (alpha) Energy = -2001.66641859208971
 One-Electron (beta)  Energy = -2001.66641859208971
 Total Coulomb        Energy = 1331.50339465399566
 ---------------------------------------
  Cycle       Energy         DIIS error
 ---------------------------------------
    1   -2523.1897199174      1.38e-01  
 Alpha HF Exchange    Energy = -10.41263612346936
 Beta HF Exchange     Energy = -10.41263612346934
 DFT Correlation      Energy =  -3.12930484473446
 DFT Exchange         Energy = -82.88066067377648
 One-Electron (alpha) Energy = -2010.10630653040585
 One-Electron (beta)  Energy = -2010.10630653040380
 Total Coulomb        Energy = 1352.46995547690813
    2   -2520.1770059496      9.11e-03  
 Alpha HF Exchange    Energy = -10.29979940900007
 Beta HF Exchange     Energy = -10.29979940900006
 DFT Correlation      Energy =  -3.07946326562911
 DFT Exchange         Energy = -81.95368128131780
 One-Electron (alpha) Energy = -1994.42578374019740
 One-Electron (beta)  Energy = -1994.42578374019627
 Total Coulomb        Energy = 1320.09662297433078
    3   -2519.9867984713      6.17e-03  
 Alpha HF Exchange    Energy = -10.40476161174855
 Beta HF Exchange     Energy = -10.40476161174855
 DFT Correlation      Energy =  -3.12696889547620
 DFT Exchange         Energy = -82.79525259140152
 One-Electron (alpha) Energy = -2010.64052833700566
 One-Electron (beta)  Energy = -2010.64052833700521
 Total Coulomb        Energy = 1353.46513503123106
    4   -2520.1467769534      4.12e-03  
 Alpha HF Exchange    Energy = -10.35636192553660
 Beta HF Exchange     Energy = -10.35636192553660
 DFT Correlation      Energy =  -3.10601633769254
 DFT Exchange         Energy = -82.43196332363775
 One-Electron (alpha) Energy = -2002.56989838788195
 One-Electron (beta)  Energy = -2002.56989838788172
 Total Coulomb        Energy = 1336.64826285832532
    5   -2520.3413480301      1.34e-03  
 Alpha HF Exchange    Energy = -10.35709504150892
 Beta HF Exchange     Energy = -10.35709504150892
 DFT Correlation      Energy =  -3.10639321561419
 DFT Exchange         Energy = -82.43525407365414
 One-Electron (alpha) Energy = -2003.92858495814426
 One-Electron (beta)  Energy = -2003.92858495814517
 Total Coulomb        Energy = 1339.35330671001498
    6   -2520.3588111788      3.41e-04  
 Alpha HF Exchange    Energy = -10.35776121254217
 Beta HF Exchange     Energy = -10.35776121254217
 DFT Correlation      Energy =  -3.10669571151834
 DFT Exchange         Energy = -82.44239441944163
 One-Electron (alpha) Energy = -2003.67581418236659
 One-Electron (beta)  Energy = -2003.67581418236614
 Total Coulomb        Energy = 1338.85569959012150
    7   -2520.3596519309      1.85e-04  
 Alpha HF Exchange    Energy = -10.35809070035523
 Beta HF Exchange     Energy = -10.35809070035522
 DFT Correlation      Energy =  -3.10677410876254
 DFT Exchange         Energy = -82.44457654010785
 One-Electron (alpha) Energy = -2003.78562202495368
 One-Electron (beta)  Energy = -2003.78562202495345
 Total Coulomb        Energy = 1339.07792560620373
    8   -2520.3599610936      3.08e-05  
 Alpha HF Exchange    Energy = -10.35821206807409
 Beta HF Exchange     Energy = -10.35821206807410
 DFT Correlation      Energy =  -3.10687789425656
 DFT Exchange         Energy = -82.44551012284106
 One-Electron (alpha) Energy = -2003.82294697227735
 One-Electron (beta)  Energy = -2003.82294697227871
 Total Coulomb        Energy = 1339.15384440538628
    9   -2520.3599722927      7.45e-06  
 Alpha HF Exchange    Energy = -10.35818680868413
 Beta HF Exchange     Energy = -10.35818680868413
 DFT Correlation      Energy =  -3.10684520061798
 DFT Exchange         Energy = -82.44529304575143
 One-Electron (alpha) Energy = -2003.81175527640039
 One-Electron (beta)  Energy = -2003.81175527639948
 Total Coulomb        Energy = 1339.13116003140931
   10   -2520.3599729854      2.04e-06  
 Alpha HF Exchange    Energy = -10.35819435875391
 Beta HF Exchange     Energy = -10.35819435875392
 DFT Correlation      Energy =  -3.10685216034824
 DFT Exchange         Energy = -82.44535320156481
 One-Electron (alpha) Energy = -2003.81474197253283
 One-Electron (beta)  Energy = -2003.81474197253442
 Total Coulomb        Energy = 1339.13721558012594
   11   -2520.3599730446      1.19e-07  Convergence criterion met
 ---------------------------------------
 SCF time:   CPU 34.87s  wall 2.00s 
<S^2> =          0.000000000
 Alpha HF Exchange    Energy = -10.35819435875391
 Beta HF Exchange     Energy = -10.35819435875392
 DFT Correlation      Energy =  -3.10685216034824
 DFT Exchange         Energy = -82.44535320156481
 One-Electron (alpha) Energy = -2003.81474197253283
 One-Electron (beta)  Energy = -2003.81474197253442
 Total Coulomb        Energy = 1339.13721558012594
 Nuclear repulsion Energy = 254.40088939971974
 SCF   energy in the final basis set =    -2520.3599730446
 Total energy in the final basis set =    -2520.3599730446
 
 --------------------------------------------------------------
 
                    Orbital Energies (a.u.)
 --------------------------------------------------------------
 
 Alpha MOs
 -- Occupied --
******* -58.103 -52.162 -52.160 -52.157 -10.233 -10.187 -10.187
 -7.835  -5.782  -5.776  -5.766  -2.115  -2.114  -2.105  -2.101
 -2.099  -0.808  -0.695  -0.672  -0.569  -0.464  -0.437  -0.417
 -0.393  -0.359  -0.356  -0.313  -0.292  -0.226
 -- Virtual --
 -0.117   0.019   0.087   0.130   0.147   0.151   0.167   0.179
  0.186   0.200   0.229   0.234   0.312   0.325   0.345   0.457
  0.468   0.492   0.504   0.561   0.587   0.595   0.674   0.681
  0.698   0.757   0.764   0.788   0.825   0.850   0.866   0.867
  0.905   0.908   0.935   0.954   0.957   1.077   1.313   1.384
  1.386   1.473   1.545   1.659   1.729   1.782   1.832   1.857
  1.892   2.021   2.030   2.038   2.039   2.047   2.069   2.096
  2.104   2.106   2.144   2.264   2.308   2.346   2.374   2.511
  2.560   2.621   2.659   2.701   2.719   2.862   2.865   2.896
  2.901   3.167   3.217   3.302   3.413   3.446   3.456   3.495
  4.226   4.237   4.269   4.334   4.350   4.455   4.503   4.615
  5.457  89.730
 
 Beta MOs
 -- Occupied --
******* -58.103 -52.162 -52.160 -52.157 -10.233 -10.187 -10.187
 -7.835  -5.782  -5.776  -5.766  -2.115  -2.114  -2.105  -2.101
 -2.099  -0.808  -0.695  -0.672  -0.569  -0.464  -0.437  -0.417
 -0.393  -0.359  -0.356  -0.313  -0.292  -0.226
 -- Virtual --
 -0.117   0.019   0.087   0.130   0.147   0.151   0.167   0.179
  0.186   0.200   0.229   0.234   0.312   0.325   0.345   0.457
  0.468   0.492   0.504   0.561   0.587   0.595   0.674   0.681
  0.698   0.757   0.764   0.788   0.825   0.850   0.866   0.867
  0.905   0.908   0.935   0.954   0.957   1.077   1.313   1.384
  1.386   1.473   1.545   1.659   1.729   1.782   1.832   1.857
  1.892   2.021   2.030   2.038   2.039   2.047   2.069   2.096
  2.104   2.106   2.144   2.264   2.308   2.346   2.374   2.511
  2.560   2.621   2.659   2.701   2.719   2.862   2.865   2.896
  2.901   3.167   3.217   3.302   3.413   3.446   3.456   3.495
  4.226   4.237   4.269   4.334   4.350   4.455   4.503   4.615
  5.457  89.730
 --------------------------------------------------------------
 
          Ground-State Mulliken Net Atomic Charges

     Atom                 Charge (a.u.)    Spin (a.u.)
  --------------------------------------------------------
      1 C                    -0.298744       0.000000
      2 C                    -0.154393      -0.000000
      3 Se                   -0.062019       0.000000
      4 H                    -0.006433      -0.000000
      5 C                    -0.298744       0.000000
      6 H                     0.123378      -0.000000
      7 H                     0.104525       0.000000
      8 H                     0.117817       0.000000
      9 H                     0.128893       0.000000
     10 H                     0.104525      -0.000000
     11 H                     0.123378       0.000000
     12 H                     0.117817      -0.000000
  --------------------------------------------------------
  Sum of atomic charges =     0.000000
  Sum of spin   charges =     0.000000

 -----------------------------------------------------------------
                    Cartesian Multipole Moments
 -----------------------------------------------------------------
    Charge (ESU x 10^10)
                 0.0000
    Dipole Moment (Debye)
         X      -1.8706      Y      -0.0000      Z      -0.3539
       Tot       1.9038
    Quadrupole Moments (Debye-Ang)
        XX     -38.9563     XY       0.0000     YY     -41.3408
        XZ       0.6361     YZ      -0.0000     ZZ     -37.7010
    Octopole Moments (Debye-Ang^2)
       XXX      44.5040    XXY      -0.0000    XYY      12.5236
       YYY      -0.0000    XXZ       2.8745    XYZ       0.0000
       YYZ       3.2722    XZZ      15.6677    YZZ       0.0000
       ZZZ      11.1700
    Hexadecapole Moments (Debye-Ang^3)
      XXXX    -459.2129   XXXY       0.0000   XXYY    -119.9673
      XYYY       0.0000   YYYY    -220.7299   XXXZ      10.8171
      XXYZ      -0.0000   XYYZ       3.6287   YYYZ      -0.0000
      XXZZ     -97.9447   XYZZ       0.0000   YYZZ     -57.0812
      XZZZ       9.3454   YZZZ       0.0000   ZZZZ    -102.6889
 -----------------------------------------------------------------
 Calculating analytic gradient of the SCF energy
 Gradient of SCF Energy
            1           2           3           4           5           6
    1   0.0000908  -0.0004396   0.0006314  -0.0000036   0.0000908  -0.0000128
    2  -0.0001258   0.0000000  -0.0000000  -0.0000000   0.0001258  -0.0000106
    3   0.0000460  -0.0008503  -0.0590574   0.0592769   0.0000460  -0.0000004
            7           8           9          10          11          12
    1  -0.0000152  -0.0000388  -0.0002361  -0.0000152  -0.0000128  -0.0000388
    2   0.0000240   0.0000707  -0.0000000  -0.0000240   0.0000106  -0.0000707
    3   0.0000796   0.0000533   0.0002736   0.0000796  -0.0000004   0.0000533
 Max gradient component =       5.928E-02
 RMS gradient           =       1.395E-02
 Gradient time:  CPU 11.67 s  wall 0.98 s
 Geometry Optimization Parameters
   NAtoms,    NIC,     NZ,  NCons,   NDum,   NFix, NCnnct, MaxDiis
       12      75       0       1       0       0       0       0

 Cartesian Hessian Update
 Hessian Updated using BFGS Update
**WARNING** Hereditary positive definiteness endangered


** CONSTRAINED OPTIMIZATION IN DELOCALIZED INTERNAL COORDINATES **
   Searching for a Minimum

   Optimization Cycle:   2

                       Coordinates (Angstroms)
     ATOM                X               Y               Z
      1  C        -1.7324437312    1.2731210167    0.1214336954
      2  C        -1.1093482822    0.0000000000   -0.4473831278
      3  Se        0.8757101037    0.0000000000   -0.2899673083
      4  H         0.8723666608    0.0000000000    2.0076787965
      5  C        -1.7324437312   -1.2731210167    0.1214336954
      6  H        -1.2945067464    2.1711930096   -0.3198796738
      7  H        -2.8124741339    1.2816860840   -0.0724659547
      8  H        -1.5849759553    1.3210848849    1.2053328719
      9  H        -1.2117223486    0.0000000000   -1.5426752379
     10  H        -2.8124741339   -1.2816860840   -0.0724659547
     11  H        -1.2945067464   -2.1711930096   -0.3198796738
     12  H        -1.5849759553   -1.3210848849    1.2053328719
   Point Group: c1    Number of degrees of freedom:    30


   Energy is  -2520.359973045

              Constraints and their Current Values
                                        Value     Constraint
   Distance(Angs):        3   4             2.297649     2.300000
 Hessian Updated using BFGS Update
**WARNING** Hereditary positive definiteness endangered

   Using Lagrange Multiplier Algorithm


 17 Hessian modes will be used to form the next step
  Hessian Eigenvalues:
    -1.009737    0.044997    0.070727    0.076346    0.082514    0.083952
     0.153473    0.159824    0.159999    0.187170    0.209372    0.296754
     0.336634    0.339769    0.342491    0.345508    0.990377

 Minimum Search - Taking P-RFO Step
 Searching for Lamda that Maximizes Along the Constraint modes Only
 Value Taken    Lamda =   0.00000507
 Searching for Lamda that Minimizes Along All other modes
 Value Taken    Lamda =  -0.00007779
 Step Taken.  Stepsize is  0.007823

                             Maximum     Tolerance    Cnvgd?
         Gradient            0.007581       0.000300      NO
         Displacement        0.007693       0.001200      NO
         Energy change      0.011295       0.000001      NO


 New Cartesian Coordinates Obtained by Inverse Iteration

 Displacement from previous Coordinates is:  0.006982
 ----------------------------------------------------------------
             Standard Nuclear Orientation (Angstroms)
    I     Atom           X                Y                Z
 ----------------------------------------------------------------
    1      C      -1.7322289975     1.2733055051     0.1216206906
    2      C      -1.1091357056     0.0000000000    -0.4467438174
    3      Se      0.8739214035     0.0000000000    -0.2919353783
    4      H       0.8704538549     0.0000000000     2.0080617602
    5      C      -1.7322289975    -1.2733055051     0.1216206906
    6      H      -1.2943019275     2.1713764951    -0.3197438758
    7      H      -2.8122217459     1.2815958455    -0.0724792604
    8      H      -1.5843647720     1.3208397736     1.2054172220
    9      H      -1.2107996670     0.0000000000    -1.5425171174
   10      H      -2.8122217459    -1.2815958455    -0.0724792604
   11      H      -1.2943019275    -2.1713764951    -0.3197438758
   12      H      -1.5843647720    -1.3208397736     1.2054172220
 ----------------------------------------------------------------
 Nuclear Repulsion Energy =   254.5115326774 hartrees
 There are       30 alpha and       30 beta electrons

                       Distance Matrix (Angstroms)
             C (  1)   C (  2)   Se(  3)   H (  4)   C (  5)   H (  6)
   C (  2)  1.527282
   Se(  3)  2.929907  1.989091
   H (  4)  3.457445  3.153545  2.300000
   C (  5)  2.546611  1.527282  2.929907  3.457445
   H (  6)  1.092298  2.182955  3.068687  3.849639  3.500345
   H (  7)  1.097328  2.164039  3.908747  4.419642  2.780572  1.776775
   H (  8)  1.094869  2.167971  3.166994  2.900860  2.815327  1.770216
   H (  9)  2.159294  1.100479  2.431053  4.115608  2.159294  2.493396
   H ( 10)  2.780572  2.164039  3.908747  4.419642  1.097328  3.779979
   H ( 11)  3.500345  2.182955  3.068687  3.849639  1.092298  4.342753
   H ( 12)  2.815327  2.167971  3.166994  2.900860  1.094869  3.821757
             H (  7)   H (  8)   H (  9)   H ( 10)   H ( 11)
   H (  8)  1.772623
   H (  9)  2.523500  3.071695
   H ( 10)  2.563192  3.148543  2.523500
   H ( 11)  3.779979  3.821757  2.493396  1.776775
   H ( 12)  3.148543  2.641680  3.071695  1.772623  1.770216
 
 Applying Cartesian multipole field
    Component          Value
    ---------          -----
     (2,0,0)        1.00000E-11
     (0,2,0)        2.00000E-11
     (0,0,2)       -3.00000E-11
 Nucleus-field energy     =     0.0000000045 hartrees
 Requested basis set is 6-31G(d,p)
 There are 44 shells and 120 basis functions
 A cutoff of  1.0D-14 yielded    955 shell pairs
 There are      7194 function pairs
 Smallest overlap matrix eigenvalue = 6.75E-04
 Guess from superposition of atomic densities
 Warning:  Energy on first SCF cycle will be non-variational
 SAD guess density has 59.968191 electrons

 -----------------------------------------------------------------------
  General SCF calculation program by
  Eric Jon Sundstrom, Paul Horn, Yuezhi Mao, Dmitri Zuev, Alec White,
  David Stuck, Shaama M.S., Shane Yost, Joonho Lee, David Small,
  Daniel Levine, Susi Lehtola, Hugh Burton, Evgeny Epifanovsky
 -----------------------------------------------------------------------
 Exchange:     0.2000 Hartree-Fock + 0.0800 Slater + 0.7200 B88
 Correlation:  0.1900 VWN1RPA + 0.8100 LYP
 Using SG-1 standard quadrature grid
 using 12 threads for integral computing
 -------------------------------------------------------
 OpenMP Integral computing Module                
 Release: version 1.0, May 2013, Q-Chem Inc. Pittsburgh 
 -------------------------------------------------------
 -------------------------------------------------------
 OpenMP BLAS3 based DFT computing Module                
 Release: version 1.0, May 2013, Q-Chem Inc. Pittsburgh 
 -------------------------------------------------------
 A unrestricted SCF calculation will be
 performed using DIIS
 SCF converges when DIIS error is below 1.0e-06
 Alpha HF Exchange    Energy = -10.34625150813301
 Beta HF Exchange     Energy = -10.34625150813301
 DFT Correlation      Energy =  -3.08370570779162
 DFT Exchange         Energy = -81.98558914152861
 One-Electron (alpha) Energy = -2001.77655357216145
 One-Electron (beta)  Energy = -2001.77655357216145
 Total Coulomb        Energy = 1331.61190282225334
 ---------------------------------------
  Cycle       Energy         DIIS error
 ---------------------------------------
    1   -2523.1914695057      1.38e-01  
 Alpha HF Exchange    Energy = -10.41270287649986
 Beta HF Exchange     Energy = -10.41270287649984
 DFT Correlation      Energy =  -3.12936465043603
 DFT Exchange         Energy = -82.88116467615809
 One-Electron (alpha) Energy = -2010.22318587588961
 One-Electron (beta)  Energy = -2010.22318587588916
 Total Coulomb        Energy = 1352.59437144790377
    2   -2520.1764027015      9.11e-03  
 Alpha HF Exchange    Energy = -10.29979496196985
 Beta HF Exchange     Energy = -10.29979496196985
 DFT Correlation      Energy =  -3.07946725187199
 DFT Exchange         Energy = -81.95353750176226
 One-Electron (alpha) Energy = -1994.51963893139236
 One-Electron (beta)  Energy = -1994.51963893139305
 Total Coulomb        Energy = 1320.17502249475274
    3   -2519.9853173637      6.18e-03  
 Alpha HF Exchange    Energy = -10.40487958582140
 Beta HF Exchange     Energy = -10.40487958582140
 DFT Correlation      Energy =  -3.12705190171155
 DFT Exchange         Energy = -82.79607878435655
 One-Electron (alpha) Energy = -2010.76422232008031
 One-Electron (beta)  Energy = -2010.76422232007985
 Total Coulomb        Energy = 1353.60426590573593
    4   -2520.1455359102      4.12e-03  
 Alpha HF Exchange    Energy = -10.35637413073860
 Beta HF Exchange     Energy = -10.35637413073858
 DFT Correlation      Energy =  -3.10604128290669
 DFT Exchange         Energy = -82.43206811114914
 One-Electron (alpha) Energy = -2002.67197805087426
 One-Electron (beta)  Energy = -2002.67197805087312
 Total Coulomb        Energy = 1336.74235865897390
    5   -2520.3409224164      1.35e-03  
 Alpha HF Exchange    Energy = -10.35711123236265
 Beta HF Exchange     Energy = -10.35711123236265
 DFT Correlation      Energy =  -3.10642626145434
 DFT Exchange         Energy = -82.43540562725390
 One-Electron (alpha) Energy = -2004.03776152205728
 One-Electron (beta)  Energy = -2004.03776152205796
 Total Coulomb        Energy = 1339.46150614794306
    6   -2520.3585385677      3.42e-04  
 Alpha HF Exchange    Energy = -10.35778307349164
 Beta HF Exchange     Energy = -10.35778307349165
 DFT Correlation      Energy =  -3.10672816125946
 DFT Exchange         Energy = -82.44259808000822
 One-Electron (alpha) Energy = -2003.78327233889786
 One-Electron (beta)  Energy = -2003.78327233889831
 Total Coulomb        Energy = 1338.96051723611799
    7   -2520.3593871480      1.86e-04  
 Alpha HF Exchange    Energy = -10.35811770091772
 Beta HF Exchange     Energy = -10.35811770091772
 DFT Correlation      Energy =  -3.10680992970931
 DFT Exchange         Energy = -82.44482209216731
 One-Electron (alpha) Energy = -2003.89444798989848
 One-Electron (beta)  Energy = -2003.89444798989848
 Total Coulomb        Energy = 1339.18553017974887
    8   -2520.3597005418      3.10e-05  
 Alpha HF Exchange    Energy = -10.35824029237587
 Beta HF Exchange     Energy = -10.35824029237587
 DFT Correlation      Energy =  -3.10691465026859
 DFT Exchange         Energy = -82.44576459234466
 One-Electron (alpha) Energy = -2003.93221819566133
 One-Electron (beta)  Energy = -2003.93221819566179
 Total Coulomb        Energy = 1339.26235159336011
    9   -2520.3597119434      7.51e-06  
 Alpha HF Exchange    Energy = -10.35821496981051
 Beta HF Exchange     Energy = -10.35821496981052
 DFT Correlation      Energy =  -3.10688164685432
 DFT Exchange         Energy = -82.44554689445707
 One-Electron (alpha) Energy = -2003.92095168440119
 One-Electron (beta)  Energy = -2003.92095168440142
 Total Coulomb        Energy = 1339.23951652247433
   10   -2520.3597126453      2.07e-06  
 Alpha HF Exchange    Energy = -10.35822264242107
 Beta HF Exchange     Energy = -10.35822264242107
 DFT Correlation      Energy =  -3.10688871947701
 DFT Exchange         Energy = -82.44560803791660
 One-Electron (alpha) Energy = -2003.92398214788773
 One-Electron (beta)  Energy = -2003.92398214788750
 Total Coulomb        Energy = 1339.24566094955821
   11   -2520.3597127065      1.20e-07  Convergence criterion met
 ---------------------------------------
 SCF time:   CPU 34.82s  wall 3.00s 
<S^2> =         -0.000000000
 Alpha HF Exchange    Energy = -10.35822264242107
 Beta HF Exchange     Energy = -10.35822264242107
 DFT Correlation      Energy =  -3.10688871947701
 DFT Exchange         Energy = -82.44560803791660
 One-Electron (alpha) Energy = -2003.92398214788773
 One-Electron (beta)  Energy = -2003.92398214788750
 Total Coulomb        Energy = 1339.24566094955821
 Nuclear repulsion Energy = 254.51153268192968
 SCF   energy in the final basis set =    -2520.3597127065
 Total energy in the final basis set =    -2520.3597127065
 
 --------------------------------------------------------------
 
                    Orbital Energies (a.u.)
 --------------------------------------------------------------
 
 Alpha MOs
 -- Occupied --
******* -58.104 -52.162 -52.160 -52.157 -10.233 -10.187 -10.187
 -7.835  -5.782  -5.777  -5.766  -2.115  -2.114  -2.106  -2.101
 -2.099  -0.808  -0.695  -0.672  -0.569  -0.464  -0.438  -0.417
 -0.393  -0.359  -0.356  -0.313  -0.292  -0.226
 -- Virtual --
 -0.118   0.019   0.087   0.130   0.147   0.151   0.167   0.179
  0.186   0.200   0.229   0.234   0.312   0.326   0.345   0.457
  0.468   0.492   0.504   0.561   0.587   0.595   0.673   0.681
  0.698   0.757   0.764   0.788   0.825   0.850   0.866   0.867
  0.905   0.908   0.935   0.954   0.957   1.077   1.313   1.385
  1.387   1.473   1.545   1.660   1.729   1.782   1.832   1.857
  1.892   2.021   2.030   2.038   2.039   2.047   2.069   2.096
  2.104   2.105   2.143   2.264   2.308   2.346   2.374   2.511
  2.560   2.621   2.659   2.701   2.718   2.862   2.865   2.896
  2.901   3.167   3.217   3.302   3.413   3.446   3.456   3.495
  4.226   4.237   4.269   4.334   4.350   4.455   4.503   4.615
  5.457  89.730
 
 Beta MOs
 -- Occupied --
******* -58.104 -52.162 -52.160 -52.157 -10.233 -10.187 -10.187
 -7.835  -5.782  -5.777  -5.766  -2.115  -2.114  -2.106  -2.101
 -2.099  -0.808  -0.695  -0.672  -0.569  -0.464  -0.438  -0.417
 -0.393  -0.359  -0.356  -0.313  -0.292  -0.226
 -- Virtual --
 -0.118   0.019   0.087   0.130   0.147   0.151   0.167   0.179
  0.186   0.200   0.229   0.234   0.312   0.326   0.345   0.457
  0.468   0.492   0.504   0.561   0.587   0.595   0.673   0.681
  0.698   0.757   0.764   0.788   0.825   0.850   0.866   0.867
  0.905   0.908   0.935   0.954   0.957   1.077   1.313   1.385
  1.387   1.473   1.545   1.660   1.729   1.782   1.832   1.857
  1.892   2.021   2.030   2.038   2.039   2.047   2.069   2.096
  2.104   2.105   2.143   2.264   2.308   2.346   2.374   2.511
  2.560   2.621   2.659   2.701   2.718   2.862   2.865   2.896
  2.901   3.167   3.217   3.302   3.413   3.446   3.456   3.495
  4.226   4.237   4.269   4.334   4.350   4.455   4.503   4.615
  5.457  89.730
 --------------------------------------------------------------
 
          Ground-State Mulliken Net Atomic Charges

     Atom                 Charge (a.u.)    Spin (a.u.)
  --------------------------------------------------------
      1 C                    -0.298678      -0.000000
      2 C                    -0.154373       0.000000
      3 Se                   -0.061827       0.000000
      4 H                    -0.006739       0.000000
      5 C                    -0.298678      -0.000000
      6 H                     0.123405       0.000000
      7 H                     0.104523       0.000000
      8 H                     0.117833      -0.000000
      9 H                     0.128774      -0.000000
     10 H                     0.104523       0.000000
     11 H                     0.123405       0.000000
     12 H                     0.117833       0.000000
  --------------------------------------------------------
  Sum of atomic charges =    -0.000000
  Sum of spin   charges =     0.000000

 -----------------------------------------------------------------
                    Cartesian Multipole Moments
 -----------------------------------------------------------------
    Charge (ESU x 10^10)
                -0.0000
    Dipole Moment (Debye)
         X      -1.8703      Y      -0.0000      Z      -0.3569
       Tot       1.9040
    Quadrupole Moments (Debye-Ang)
        XX     -38.9581     XY       0.0000     YY     -41.3372
        XZ       0.6330     YZ      -0.0000     ZZ     -37.7086
    Octopole Moments (Debye-Ang^2)
       XXX      44.6019    XXY       0.0000    XYY      12.5559
       YYY       0.0000    XXZ       2.8944    XYZ      -0.0000
       YYZ       3.2995    XZZ      15.6894    YZZ       0.0000
       ZZZ      11.2384
    Hexadecapole Moments (Debye-Ang^3)
      XXXX    -458.7537   XXXY      -0.0000   XXYY    -119.8883
      XYYY      -0.0000   YYYY    -220.7299   XXXZ      10.9080
      XXYZ      -0.0000   XYYZ       3.6734   YYYZ      -0.0000
      XXZZ     -97.9159   XYZZ      -0.0000   YYZZ     -57.1150
      XZZZ       9.4229   YZZZ      -0.0000   ZZZZ    -102.8547
 -----------------------------------------------------------------
 Calculating analytic gradient of the SCF energy
 Gradient of SCF Energy
            1           2           3           4           5           6
    1   0.0001418  -0.0002356   0.0001468  -0.0000565   0.0001418  -0.0000214
    2  -0.0000311   0.0000000   0.0000000  -0.0000000   0.0000311   0.0000184
    3   0.0000839  -0.0003207  -0.0591248   0.0591553   0.0000839  -0.0000065
            7           8           9          10          11          12
    1  -0.0000151   0.0000033  -0.0000719  -0.0000151  -0.0000214   0.0000033
    2  -0.0000077   0.0000141  -0.0000000   0.0000077  -0.0000184  -0.0000141
    3   0.0000285  -0.0000026   0.0000836   0.0000285  -0.0000065  -0.0000026
 Max gradient component =       5.916E-02
 RMS gradient           =       1.394E-02
 Gradient time:  CPU 11.81 s  wall 0.99 s
 Geometry Optimization Parameters
   NAtoms,    NIC,     NZ,  NCons,   NDum,   NFix, NCnnct, MaxDiis
       12      75       0       1       0       0       0       0

 Cartesian Hessian Update
 Hessian Updated using BFGS Update


** CONSTRAINED OPTIMIZATION IN DELOCALIZED INTERNAL COORDINATES **
   Searching for a Minimum

   Optimization Cycle:   3

                       Coordinates (Angstroms)
     ATOM                X               Y               Z
      1  C        -1.7322289975    1.2733055051    0.1216206906
      2  C        -1.1091357056    0.0000000000   -0.4467438174
      3  Se        0.8739214035    0.0000000000   -0.2919353783
      4  H         0.8704538549    0.0000000000    2.0080617602
      5  C        -1.7322289975   -1.2733055051    0.1216206906
      6  H        -1.2943019275    2.1713764951   -0.3197438758
      7  H        -2.8122217459    1.2815958455   -0.0724792604
      8  H        -1.5843647720    1.3208397736    1.2054172220
      9  H        -1.2107996670    0.0000000000   -1.5425171174
     10  H        -2.8122217459   -1.2815958455   -0.0724792604
     11  H        -1.2943019275   -2.1713764951   -0.3197438758
     12  H        -1.5843647720   -1.3208397736    1.2054172220
   Point Group: c1    Number of degrees of freedom:    30


   Energy is  -2520.359712707

              Constraints and their Current Values
                                        Value     Constraint
   Distance(Angs):        3   4             2.300000     2.300000
 Hessian Updated using BFGS Update

 15 Hessian modes will be used to form the next step
  Hessian Eigenvalues:
     0.044791    0.052129    0.076390    0.082510    0.083964    0.149423
     0.159128    0.159997    0.171750    0.218529    0.297733    0.331968
     0.339876    0.343448    0.346179

 Minimum Search - Taking Simple RFO Step
 Searching for Lamda that Minimizes Along All modes
 Value Taken    Lamda =   0.00000000
 Step Taken.  Stepsize is  0.003803

                             Maximum     Tolerance    Cnvgd?
         Gradient           0.000131      0.000300     YES
         Displacement       0.002053      0.001200      NO
         Energy change      0.000260      0.000001      NO


 New Cartesian Coordinates Obtained by Inverse Iteration

 Displacement from previous Coordinates is:  0.004565
 ----------------------------------------------------------------
             Standard Nuclear Orientation (Angstroms)
    I     Atom           X                Y                Z
 ----------------------------------------------------------------
    1      C      -1.7325498529     1.2733140788     0.1216963286
    2      C      -1.1087372975     0.0000000000    -0.4460097776
    3      Se      0.8738553838     0.0000000000    -0.2924283008
    4      H       0.8717330118     0.0000000000     2.0075704724
    5      C      -1.7325498529    -1.2733140787     0.1216963286
    6      H      -1.2944238466     2.1712879449    -0.3196084658
    7      H      -2.8124251920     1.2814315228    -0.0729319405
    8      H      -1.5850306557     1.3208741219     1.2055523465
    9      H      -1.2097870039     0.0000000000    -1.5420539313
   10      H      -2.8124251920    -1.2814315228    -0.0729319405
   11      H      -1.2944238466    -2.1712879449    -0.3196084658
   12      H      -1.5850306556    -1.3208741219     1.2055523465
 ----------------------------------------------------------------
 Nuclear Repulsion Energy =   254.5187002605 hartrees
 There are       30 alpha and       30 beta electrons

                       Distance Matrix (Angstroms)
             C (  1)   C (  2)   Se(  3)   H (  4)   C (  5)   H (  6)
   C (  2)  1.527338
   Se(  3)  2.930218  1.988532
   H (  4)  3.458343  3.153144  2.300000
   C (  5)  2.546628  1.527338  2.930218  3.458343
   H (  6)  1.092273  2.182876  3.068658  3.849999  3.500284
   H (  7)  1.097304  2.164210  3.908825  4.420812  2.780420  1.776801
   H (  8)  1.094883  2.167769  3.167771  2.902349  2.815372  1.770246
   H (  9)  2.159323  1.100692  2.429636  4.114919  2.159323  2.493196
   H ( 10)  2.780420  2.164210  3.908825  4.420812  1.097304  3.779742
   H ( 11)  3.500284  2.182876  3.068658  3.849999  1.092273  4.342576
   H ( 12)  2.815372  2.167769  3.167771  2.902349  1.094883  3.821749
             H (  7)   H (  8)   H (  9)   H ( 10)   H ( 11)
   H (  8)  1.772731
   H (  9)  2.523655  3.071621
   H ( 10)  2.562863  3.148494  2.523655
   H ( 11)  3.779742  3.821749  2.493196  1.776801
   H ( 12)  3.148494  2.641748  3.071621  1.772731  1.770246
 
 Applying Cartesian multipole field
    Component          Value
    ---------          -----
     (2,0,0)        1.00000E-11
     (0,2,0)        2.00000E-11
     (0,0,2)       -3.00000E-11
 Nucleus-field energy     =     0.0000000045 hartrees
 Requested basis set is 6-31G(d,p)
 There are 44 shells and 120 basis functions
 A cutoff of  1.0D-14 yielded    955 shell pairs
 There are      7194 function pairs
 Smallest overlap matrix eigenvalue = 6.75E-04
 Guess from superposition of atomic densities
 Warning:  Energy on first SCF cycle will be non-variational
 SAD guess density has 59.968191 electrons

 -----------------------------------------------------------------------
  General SCF calculation program by
  Eric Jon Sundstrom, Paul Horn, Yuezhi Mao, Dmitri Zuev, Alec White,
  David Stuck, Shaama M.S., Shane Yost, Joonho Lee, David Small,
  Daniel Levine, Susi Lehtola, Hugh Burton, Evgeny Epifanovsky
 -----------------------------------------------------------------------
 Exchange:     0.2000 Hartree-Fock + 0.0800 Slater + 0.7200 B88
 Correlation:  0.1900 VWN1RPA + 0.8100 LYP
 Using SG-1 standard quadrature grid
 using 12 threads for integral computing
 -------------------------------------------------------
 OpenMP Integral computing Module                
 Release: version 1.0, May 2013, Q-Chem Inc. Pittsburgh 
 -------------------------------------------------------
 -------------------------------------------------------
 OpenMP BLAS3 based DFT computing Module                
 Release: version 1.0, May 2013, Q-Chem Inc. Pittsburgh 
 -------------------------------------------------------
 A unrestricted SCF calculation will be
 performed using DIIS
 SCF converges when DIIS error is below 1.0e-06
 Alpha HF Exchange    Energy = -10.34627284888028
 Beta HF Exchange     Energy = -10.34627284888028
 DFT Correlation      Energy =  -3.08371062683189
 DFT Exchange         Energy = -81.98563683978469
 One-Electron (alpha) Energy = -2001.78367504155904
 One-Electron (beta)  Energy = -2001.78367504155904
 Total Coulomb        Energy = 1331.61879448780974
 ---------------------------------------
  Cycle       Energy         DIIS error
 ---------------------------------------
    1   -2523.1917484947      1.38e-01  
 Alpha HF Exchange    Energy = -10.41270279031591
 Beta HF Exchange     Energy = -10.41270279031590
 DFT Correlation      Energy =  -3.12936758441943
 DFT Exchange         Energy = -82.88117036752777
 One-Electron (alpha) Energy = -2010.22890255118932
 One-Electron (beta)  Energy = -2010.22890255118909
 Total Coulomb        Energy = 1352.59859672583252
    2   -2520.1764516441      9.11e-03  
 Alpha HF Exchange    Energy = -10.29979779032989
 Beta HF Exchange     Energy = -10.29979779032990
 DFT Correlation      Energy =  -3.07947208460916
 DFT Exchange         Energy = -81.95357030297487
 One-Electron (alpha) Energy = -1994.52895831309729
 One-Electron (beta)  Energy = -1994.52895831309843
 Total Coulomb        Energy = 1320.18637145533580
    3   -2519.9854828741      6.18e-03  
 Alpha HF Exchange    Energy = -10.40488236362577
 Beta HF Exchange     Energy = -10.40488236362577
 DFT Correlation      Energy =  -3.12705721767411
 DFT Exchange         Energy = -82.79610994399742
 One-Electron (alpha) Energy = -2010.76969997686842
 One-Electron (beta)  Energy = -2010.76969997686842
 Total Coulomb        Energy = 1353.60804742489518
    4   -2520.1455841528      4.12e-03  
 Alpha HF Exchange    Energy = -10.35637674715696
 Beta HF Exchange     Energy = -10.35637674715697
 DFT Correlation      Energy =  -3.10604372381327
 DFT Exchange         Energy = -82.43208487023696
 One-Electron (alpha) Energy = -2002.67879377537702
 One-Electron (beta)  Energy = -2002.67879377537793
 Total Coulomb        Energy = 1336.74884394241008
    5   -2520.3409254317      1.35e-03  
 Alpha HF Exchange    Energy = -10.35711554850662
 Beta HF Exchange     Energy = -10.35711554850662
 DFT Correlation      Energy =  -3.10643078481728
 DFT Exchange         Energy = -82.43544009271329
 One-Electron (alpha) Energy = -2004.04456615170011
 One-Electron (beta)  Energy = -2004.04456615169988
 Total Coulomb        Energy = 1339.46799380455127
    6   -2520.3585402084      3.42e-04  
 Alpha HF Exchange    Energy = -10.35778591172891
 Beta HF Exchange     Energy = -10.35778591172890
 DFT Correlation      Energy =  -3.10673194708167
 DFT Exchange         Energy = -82.44261885410728
 One-Electron (alpha) Energy = -2003.78996499881509
 One-Electron (beta)  Energy = -2003.78996499881418
 Total Coulomb        Energy = 1338.96676460773915
    7   -2520.3593877495      1.86e-04  
 Alpha HF Exchange    Energy = -10.35812115333376
 Beta HF Exchange     Energy = -10.35812115333375
 DFT Correlation      Energy =  -3.10681393638292
 DFT Exchange         Energy = -82.44484827659817
 One-Electron (alpha) Energy = -2003.90122320377441
 One-Electron (beta)  Energy = -2003.90122320377395
 Total Coulomb        Energy = 1339.19194961702851
    8   -2520.3597010452      3.10e-05  
 Alpha HF Exchange    Energy = -10.35824364682632
 Beta HF Exchange     Energy = -10.35824364682632
 DFT Correlation      Energy =  -3.10691856066900
 DFT Exchange         Energy = -82.44579000407865
 One-Electron (alpha) Energy = -2003.93896095828768
 One-Electron (beta)  Energy = -2003.93896095828813
 Total Coulomb        Energy = 1339.26870508370257
    9   -2520.3597124263      7.50e-06  
 Alpha HF Exchange    Energy = -10.35821833413988
 Beta HF Exchange     Energy = -10.35821833413987
 DFT Correlation      Energy =  -3.10688561130043
 DFT Exchange         Energy = -82.44557237889927
 One-Electron (alpha) Energy = -2003.92770919289660
 One-Electron (beta)  Energy = -2003.92770919289569
 Total Coulomb        Energy = 1339.24589965302425
   10   -2520.3597131262      2.07e-06  
 Alpha HF Exchange    Energy = -10.35822600180057
 Beta HF Exchange     Energy = -10.35822600180058
 DFT Correlation      Energy =  -3.10689266389186
 DFT Exchange         Energy = -82.44563349636063
 One-Electron (alpha) Energy = -2003.93073314723142
 One-Electron (beta)  Energy = -2003.93073314723301
 Total Coulomb        Energy = 1339.25203100623457
   11   -2520.3597131871      1.19e-07  Convergence criterion met
 ---------------------------------------
 SCF time:   CPU 34.70s  wall 3.00s 
<S^2> =          0.000000000
 Alpha HF Exchange    Energy = -10.35822600180057
 Beta HF Exchange     Energy = -10.35822600180058
 DFT Correlation      Energy =  -3.10689266389186
 DFT Exchange         Energy = -82.44563349636063
 One-Electron (alpha) Energy = -2003.93073314723142
 One-Electron (beta)  Energy = -2003.93073314723301
 Total Coulomb        Energy = 1339.25203100623457
 Nuclear repulsion Energy = 254.51870026500870
 SCF   energy in the final basis set =    -2520.3597131871
 Total energy in the final basis set =    -2520.3597131871
 
 --------------------------------------------------------------
 
                    Orbital Energies (a.u.)
 --------------------------------------------------------------
 
 Alpha MOs
 -- Occupied --
******* -58.104 -52.162 -52.160 -52.157 -10.233 -10.187 -10.187
 -7.835  -5.782  -5.777  -5.766  -2.115  -2.114  -2.106  -2.101
 -2.099  -0.808  -0.695  -0.672  -0.569  -0.464  -0.438  -0.417
 -0.393  -0.359  -0.356  -0.313  -0.292  -0.226
 -- Virtual --
 -0.118   0.019   0.087   0.130   0.147   0.151   0.167   0.179
  0.186   0.200   0.229   0.234   0.312   0.326   0.345   0.457
  0.468   0.491   0.504   0.561   0.587   0.595   0.673   0.681
  0.698   0.757   0.763   0.788   0.825   0.850   0.866   0.867
  0.905   0.908   0.935   0.954   0.957   1.077   1.313   1.385
  1.387   1.474   1.545   1.660   1.728   1.782   1.832   1.857
  1.892   2.021   2.030   2.038   2.039   2.047   2.069   2.096
  2.104   2.105   2.144   2.264   2.308   2.346   2.374   2.511
  2.560   2.621   2.658   2.701   2.718   2.862   2.865   2.896
  2.901   3.167   3.217   3.301   3.413   3.446   3.456   3.495
  4.226   4.237   4.269   4.334   4.350   4.455   4.503   4.615
  5.457  89.730
 
 Beta MOs
 -- Occupied --
******* -58.104 -52.162 -52.160 -52.157 -10.233 -10.187 -10.187
 -7.835  -5.782  -5.777  -5.766  -2.115  -2.114  -2.106  -2.101
 -2.099  -0.808  -0.695  -0.672  -0.569  -0.464  -0.438  -0.417
 -0.393  -0.359  -0.356  -0.313  -0.292  -0.226
 -- Virtual --
 -0.118   0.019   0.087   0.130   0.147   0.151   0.167   0.179
  0.186   0.200   0.229   0.234   0.312   0.326   0.345   0.457
  0.468   0.491   0.504   0.561   0.587   0.595   0.673   0.681
  0.698   0.757   0.763   0.788   0.825   0.850   0.866   0.867
  0.905   0.908   0.935   0.954   0.957   1.077   1.313   1.385
  1.387   1.474   1.545   1.660   1.728   1.782   1.832   1.857
  1.892   2.021   2.030   2.038   2.039   2.047   2.069   2.096
  2.104   2.105   2.144   2.264   2.308   2.346   2.374   2.511
  2.560   2.621   2.658   2.701   2.718   2.862   2.865   2.896
  2.901   3.167   3.217   3.301   3.413   3.446   3.456   3.495
  4.226   4.237   4.269   4.334   4.350   4.455   4.503   4.615
  5.457  89.730
 --------------------------------------------------------------
 
          Ground-State Mulliken Net Atomic Charges

     Atom                 Charge (a.u.)    Spin (a.u.)
  --------------------------------------------------------
      1 C                    -0.298690      -0.000000
      2 C                    -0.154339       0.000000
      3 Se                   -0.061755       0.000000
      4 H                    -0.006790      -0.000000
      5 C                    -0.298690      -0.000000
      6 H                     0.123401      -0.000000
      7 H                     0.104559       0.000000
      8 H                     0.117827       0.000000
      9 H                     0.128688      -0.000000
     10 H                     0.104559       0.000000
     11 H                     0.123401       0.000000
     12 H                     0.117827       0.000000
  --------------------------------------------------------
  Sum of atomic charges =     0.000000
  Sum of spin   charges =     0.000000

 -----------------------------------------------------------------
                    Cartesian Multipole Moments
 -----------------------------------------------------------------
    Charge (ESU x 10^10)
                 0.0000
    Dipole Moment (Debye)
         X      -1.8700      Y       0.0000      Z      -0.3570
       Tot       1.9038
    Quadrupole Moments (Debye-Ang)
        XX     -38.9559     XY      -0.0000     YY     -41.3373
        XZ       0.6321     YZ      -0.0000     ZZ     -37.7119
    Octopole Moments (Debye-Ang^2)
       XXX      44.6019    XXY      -0.0000    XYY      12.5582
       YYY      -0.0000    XXZ       2.9000    XYZ       0.0000
       YYZ       3.3041    XZZ      15.6931    YZZ       0.0000
       ZZZ      11.2526
    Hexadecapole Moments (Debye-Ang^3)
      XXXX    -458.7806   XXXY       0.0000   XXYY    -119.8936
      XYYY       0.0000   YYYY    -220.7302   XXXZ      10.9463
      XXYZ      -0.0000   XYYZ       3.6901   YYYZ      -0.0000
      XXZZ     -97.9325   XYZZ      -0.0000   YYZZ     -57.1164
      XZZZ       9.4546   YZZZ       0.0000   ZZZZ    -102.8695
 -----------------------------------------------------------------
 Calculating analytic gradient of the SCF energy
 Gradient of SCF Energy
            1           2           3           4           5           6
    1   0.0000378  -0.0000486   0.0000497  -0.0000336   0.0000378  -0.0000193
    2   0.0000078  -0.0000000   0.0000000   0.0000000  -0.0000078  -0.0000029
    3   0.0000485  -0.0000318  -0.0592221   0.0591470   0.0000485  -0.0000094
            7           8           9          10          11          12
    1  -0.0000166   0.0000224  -0.0000161  -0.0000166  -0.0000193   0.0000224
    2   0.0000050  -0.0000116  -0.0000000  -0.0000050   0.0000029   0.0000116
    3   0.0000265  -0.0000050  -0.0000144   0.0000265  -0.0000094  -0.0000050
 Max gradient component =       5.922E-02
 RMS gradient           =       1.395E-02
 Gradient time:  CPU 11.73 s  wall 0.98 s
 Geometry Optimization Parameters
   NAtoms,    NIC,     NZ,  NCons,   NDum,   NFix, NCnnct, MaxDiis
       12      75       0       1       0       0       0       0

 Cartesian Hessian Update
 Hessian Updated using BFGS Update


** CONSTRAINED OPTIMIZATION IN DELOCALIZED INTERNAL COORDINATES **
   Searching for a Minimum

   Optimization Cycle:   4

                       Coordinates (Angstroms)
     ATOM                X               Y               Z
      1  C        -1.7325498529    1.2733140788    0.1216963286
      2  C        -1.1087372975    0.0000000000   -0.4460097776
      3  Se        0.8738553838    0.0000000000   -0.2924283008
      4  H         0.8717330118    0.0000000000    2.0075704724
      5  C        -1.7325498529   -1.2733140787    0.1216963286
      6  H        -1.2944238466    2.1712879449   -0.3196084658
      7  H        -2.8124251920    1.2814315228   -0.0729319405
      8  H        -1.5850306557    1.3208741219    1.2055523465
      9  H        -1.2097870039    0.0000000000   -1.5420539313
     10  H        -2.8124251920   -1.2814315228   -0.0729319405
     11  H        -1.2944238466   -2.1712879449   -0.3196084658
     12  H        -1.5850306556   -1.3208741219    1.2055523465
   Point Group: c1    Number of degrees of freedom:    30


   Energy is  -2520.359713187

              Constraints and their Current Values
                                        Value     Constraint
   Distance(Angs):        3   4             2.300000     2.300000
 Hessian Updated using BFGS Update

 16 Hessian modes will be used to form the next step
  Hessian Eigenvalues:
     0.038813    0.046276    0.076968    0.082394    0.083979    0.149441
     0.159559    0.160000    0.165564    0.181866    0.215585    0.297679
     0.334537    0.340633    0.344038    0.346215

 Minimum Search - Taking Simple RFO Step
 Searching for Lamda that Minimizes Along All modes
 Value Taken    Lamda =   0.00000000
 Step Taken.  Stepsize is  0.001259

                             Maximum     Tolerance    Cnvgd?
         Gradient           0.000068      0.000300     YES
         Displacement       0.000605      0.001200     YES
         Energy change     -0.000000      0.000001     YES


                       Distance Matrix (Angstroms)
             C (  1)   C (  2)   Se(  3)   H (  4)   C (  5)   H (  6)
   C (  2)  1.527338
   Se(  3)  2.930218  1.988532
   H (  4)  3.458343  3.153144  2.300000
   C (  5)  2.546628  1.527338  2.930218  3.458343
   H (  6)  1.092273  2.182876  3.068658  3.849999  3.500284
   H (  7)  1.097304  2.164210  3.908825  4.420812  2.780420  1.776801
   H (  8)  1.094883  2.167769  3.167771  2.902349  2.815372  1.770246
   H (  9)  2.159323  1.100692  2.429636  4.114919  2.159323  2.493196
   H ( 10)  2.780420  2.164210  3.908825  4.420812  1.097304  3.779742
   H ( 11)  3.500284  2.182876  3.068658  3.849999  1.092273  4.342576
   H ( 12)  2.815372  2.167769  3.167771  2.902349  1.094883  3.821749
             H (  7)   H (  8)   H (  9)   H ( 10)   H ( 11)
   H (  8)  1.772731
   H (  9)  2.523655  3.071621
   H ( 10)  2.562863  3.148494  2.523655
   H ( 11)  3.779742  3.821749  2.493196  1.776801
   H ( 12)  3.148494  2.641748  3.071621  1.772731  1.770246
 
 Final energy is   -2520.35971318708     


 ******************************
 **  OPTIMIZATION CONVERGED  **
 ******************************

                       Coordinates (Angstroms)
     ATOM                X               Y               Z
      1  C        -1.7325498529    1.2733140788    0.1216963286
      2  C        -1.1087372975    0.0000000000   -0.4460097776
      3  Se        0.8738553838    0.0000000000   -0.2924283008
      4  H         0.8717330118    0.0000000000    2.0075704724
      5  C        -1.7325498529   -1.2733140787    0.1216963286
      6  H        -1.2944238466    2.1712879449   -0.3196084658
      7  H        -2.8124251920    1.2814315228   -0.0729319405
      8  H        -1.5850306557    1.3208741219    1.2055523465
      9  H        -1.2097870039    0.0000000000   -1.5420539313
     10  H        -2.8124251920   -1.2814315228   -0.0729319405
     11  H        -1.2944238466   -2.1712879449   -0.3196084658
     12  H        -1.5850306556   -1.3208741219    1.2055523465

Z-matrix Print:
$molecule
0 1
Se
C  1 1.988532
H  2 1.100692 1 99.697059
C  2 1.527338 1 112.241038 3 115.750579 0
H  4 1.092273 2 111.800768 1 -53.658357 0
H  4 1.094883 2 110.434537 1 66.710035 0
H  4 1.097304 2 110.009969 1 -174.256533 0
C  2 1.527338 1 112.241038 3 -115.750579 0
H  8 1.092273 2 111.800768 1 53.658357 0
H  8 1.094883 2 110.434537 1 -66.710035 0
H  8 1.097304 2 110.009969 1 174.256533 0
H  1 2.300000 2 94.376699 3 -180.000000 0
$end

PES scan, value:    2.3000 energy: -2520.3597131871
------- Summary of potential scan: ------ 
    2.3000     -2520.3597131871
----------------------------------------- 
Archival summary:
1\1\hpc0248\JobtypUnspecified\ProcedureUnspecified\6-31G**\e138\knomura\WedMar1316:25:542019WedMar1316:25:542019\0\\#,JobtypUnspecified,ProcedureUnspecified,6-31G**,\\0,1\Se\C,1,1.98853\H,2,1.10069,1,99.6971\C,2,1.52734,1,112.241,3,115.751,0\H,4,1.09227,2,111.801,1,-53.6584,0\H,4,1.09488,2,110.435,1,66.71,0\H,4,1.0973,2,110.01,1,-174.257,0\C,2,1.52734,1,112.241,3,-115.751,0\H,8,1.09227,2,111.801,1,53.6584,0\H,8,1.09488,2,110.435,1,-66.71,0\H,8,1.0973,2,110.01,1,174.257,0\H,1,2.3,2,94.3767,3,-180,0\\\@

 Total job time:  17.85s(wall), 203.98s(cpu) 
 Wed Mar 13 16:25:54 2019

        *************************************************************
        *                                                           *
        *  Thank you very much for using Q-Chem.  Have a nice day.  *
        *                                                           *
        *************************************************************


