
Running Job 1 of 1 selenium/01/Se-H.xyz.data/inputs/bond_singlet_2.6.in
qchem selenium/01/Se-H.xyz.data/inputs/bond_singlet_2.6.in_23101.0 /staging/scratch/2868765/qchem23101/ 1
/usr/usc/qchem/5.1.1/exe/qcprog.exe_s selenium/01/Se-H.xyz.data/inputs/bond_singlet_2.6.in_23101.0 /staging/scratch/2868765/qchem23101/
Check license passed

                  Welcome to Q-Chem
     A Quantum Leap Into The Future Of Chemistry


 Q-Chem 5.1, Q-Chem, Inc., Pleasanton, CA (2018)

 Yihan Shao,  Zhengting Gan,  E. Epifanovsky,  A. T. B. Gilbert,  M. Wormit,  
 J. Kussmann,  A. W. Lange,  A. Behn,  Jia Deng,  Xintian Feng,  D. Ghosh,  
 M. Goldey,  P. R. Horn,  L. D. Jacobson,  I. Kaliman,  T. Kus,  A. Landau,  
 Jie Liu,  E. I. Proynov,  R. M. Richard,  R. P. Steele,  E. J. Sundstrom,  
 H. L. Woodcock III,  P. M. Zimmerman,  D. Zuev,  B. Albrecht,  E. Alguire,  
 S. A. Baeppler,  D. Barton,  Z. Benda,  Y. A. Bernard,  E. J. Berquist,  
 K. B. Bravaya,  H. Burton,  D. Casanova,  Chun-Min Chang,  Yunqing Chen,  
 A. Chien,  K. D. Closser,  M. P. Coons,  S. Coriani,  S. Dasgupta,  
 A. L. Dempwolff,  M. Diedenhofen,  Hainam Do,  R. G. Edgar,  Po-Tung Fang,  
 S. Faraji,  S. Fatehi,  Qingguo Feng,  K. D. Fenk,  J. Fosso-Tande,  
 Qinghui Ge,  A. Ghysels,  G. Gidofalvi,  J. Gomes,  J. Gonthier,  A. Gunina,  
 D. Hait,  M. W. D. Hanson-Heine,  P. H. P. Harbach,  A. W. Hauser,  
 J. E. Herr,  E. G. Hohenstein,  Z. C. Holden,  Kerwin Hui,  B. C. Huynh,  
 T.-C. Jagau,  Hyunjun Ji,  B. Kaduk,  K. Khistyaev,  Jaehoon Kim,  
 P. Klunzinger,  K. Koh,  D. Kosenkov,  L. Koulias,  T. Kowalczyk,  
 C. M. Krauter,  A. Kunitsa,  Ka Un Lao,  A. Laurent,  K. V. Lawler,  
 Joonho Lee,  D. Lefrancois,  S. Lehtola,  D. S. Levine,  Yi-Pei Li,  
 You-Sheng Lin,  Fenglai Liu,  E. Livshits,  A. Luenser,  P. Manohar,  
 E. Mansoor,  S. F. Manzer,  Shan-Ping Mao,  Yuezhi Mao,  N. Mardirossian,  
 A. V. Marenich,  T. Markovich,  L. A. Martinez-Martinez,  S. A. Maurer,  
 N. J. Mayhall,  S. C. McKenzie,  J.-M. Mewes,  A. F. Morrison,  
 J. W. Mullinax,  K. Nanda,  T. S. Nguyen-Beck,  R. Olivares-Amaya,  
 J. A. Parkhill,  T. M. Perrine,  F. Plasser,  P. Pokhilko,  S. Prager,  
 A. Prociuk,  E. Ramos,  D. R. Rehn,  F. Rob,  M. Schneider,  N. Sergueev,  
 S. M. Sharada,  S. Sharma,  D. W. Small,  T. Stauch,  T. Stein,  
 Yu-Chuan Su,  A. J. W. Thom,  A. Tkatchenko,  T. Tsuchimochi,  N. M. Tubman,  
 L. Vogt,  M. L. Vidal,  O. Vydrov,  M. A. Watson,  J. Wenzel,  
 M. de Wergifosse,  T. A. Wesolowski,  A. White,  J. Witte,  A. Yamada,  
 Jun Yang,  K. Yao,  S. Yeganeh,  S. R. Yost,  Zhi-Qiang You,  A. Zech,  
 Igor Ying Zhang,  Xing Zhang,  Yan Zhao,  Ying Zhu,  B. R. Brooks,  
 G. K. L. Chan,  C. J. Cramer,  M. S. Gordon,  W. J. Hehre,  A. Klamt,  
 M. W. Schmidt,  C. D. Sherrill,  D. G. Truhlar,  A. Aspuru-Guzik,  R. Baer,  
 A. T. Bell,  N. A. Besley,  Jeng-Da Chai,  A. E. DePrince, III,  
 R. A. DiStasio Jr.,  A. Dreuw,  B. D. Dunietz,  T. R. Furlani,  
 Chao-Ping Hsu,  Yousung Jung,  Jing Kong,  D. S. Lambrecht,  WanZhen Liang,  
 C. Ochsenfeld,  V. A. Rassolov,  L. V. Slipchenko,  J. E. Subotnik,  
 T. Van Voorhis,  J. M. Herbert,  A. I. Krylov,  P. M. W. Gill,  M. Head-Gordon

 Contributors to earlier versions of Q-Chem not listed above: 
 R. D. Adamson,  B. Austin,  J. Baker,  G. J. O. Beran,  K. Brandhorst,  
 S. T. Brown,  E. F. C. Byrd,  A. K. Chakraborty,  C.-L. Cheng,  
 Siu Hung Chien,  D. M. Chipman,  D. L. Crittenden,  H. Dachsel,  
 R. J. Doerksen,  A. D. Dutoi,  L. Fusti-Molnar,  W. A. Goddard III,  
 A. Golubeva-Zadorozhnaya,  S. R. Gwaltney,  G. Hawkins,  A. Heyden,  
 S. Hirata,  G. Kedziora,  F. J. Keil,  C. Kelley,  Jihan Kim,  R. A. King,  
 R. Z. Khaliullin,  P. P. Korambath,  W. Kurlancheek,  A. M. Lee,  M. S. Lee,  
 S. V. Levchenko,  Ching Yeh Lin,  D. Liotard,  R. C. Lochan,  I. Lotan,  
 P. E. Maslen,  N. Nair,  D. P. O'Neill,  D. Neuhauser,  E. Neuscamman,  
 C. M. Oana,  R. Olson,  B. Peters,  R. Peverati,  P. A. Pieniazek,  
 Y. M. Rhee,  J. Ritchie,  M. A. Rohrdanz,  E. Rosta,  N. J. Russ,  
 H. F. Schaefer III,  N. E. Schultz,  N. Shenvi,  A. C. Simmonett,  A. Sodt,  
 D. Stuck,  K. S. Thanthiriwatte,  V. Vanovschi,  Tao Wang,  A. Warshel,  
 C. F. Williams,  Q. Wu,  X. Xu,  W. Zhang

 Please cite Q-Chem as follows:
 Y. Shao et al., Mol. Phys. 113, 184-215 (2015)
 DOI: 10.1080/00268976.2014.952696

 Q-Chem 5.1.1 for Intel X86 EM64T Linux

 Parts of Q-Chem use Armadillo 8.300.2 (Tropical Shenanigans).
 http://arma.sourceforge.net/

 Q-Chem begins on Wed Mar 13 16:26:35 2019  

Host: 
0

     Scratch files written to /staging/scratch/2868765/qchem23101//
 Aug318 |scratch|qcdevops|jenkins|workspace|build_RNUM 6013   
Processing $rem in /usr/usc/qchem/5.1.1/config/preferences.
 MEM_TOTAL  2000 
Input Ideriv = 2
Curr. Ideriv = -1
Max.  Ideriv = 2

Checking the input file for inconsistencies... 	...done.

--------------------------------------------------------------
User input:
--------------------------------------------------------------

$comment
potential surface scanner
$end

$rem
JOBTYPE  PES_SCAN
UNRESTRICTED TRUE
SYM_IGNORE  TRUE
GEOM_OPT_MAX_CYCLES 400
SCF_MAX_CYCLES 400
METHOD   B3LYP
BASIS   6-31G**
PDB_PRINT 2
SCF_CONVERGENCE 6
THRESH 14
SCF_PRINT 1
$end
$molecule
0 1
C -1.732901 1.273746 0.113809
C -1.117551 0.000000 -0.462619
Se 0.863255 0.000000 -0.351378
H 0.904340 0.000000 2.148284
C -1.732901 -1.273746 0.113809
H -1.301631 2.171600 -0.334416
H -2.815518 1.281156 -0.064425
H -1.567767 1.320596 1.195141
H -1.236204 0.000000 -1.558013
H -2.815518 -1.281156 -0.064425
H -1.301631 -2.171600 -0.334416
H -1.567767 -1.320596 1.195141
$end
$scan
stre 3 4 2.600000 2.601000 0.100000
$end
--------------------------------------------------------------
 ----------------------------------------------------------------
             Standard Nuclear Orientation (Angstroms)
    I     Atom           X                Y                Z
 ----------------------------------------------------------------
    1      C      -1.7329010000     1.2737460000     0.1138090000
    2      C      -1.1175510000     0.0000000000    -0.4626190000
    3      Se      0.8632550000     0.0000000000    -0.3513780000
    4      H       0.9043400000     0.0000000000     2.1482840000
    5      C      -1.7329010000    -1.2737460000     0.1138090000
    6      H      -1.3016310000     2.1716000000    -0.3344160000
    7      H      -2.8155180000     1.2811560000    -0.0644250000
    8      H      -1.5677670000     1.3205960000     1.1951410000
    9      H      -1.2362040000     0.0000000000    -1.5580130000
   10      H      -2.8155180000    -1.2811560000    -0.0644250000
   11      H      -1.3016310000    -2.1716000000    -0.3344160000
   12      H      -1.5677670000    -1.3205960000     1.1951410000
 ----------------------------------------------------------------
 Nuclear Repulsion Energy =   253.9500769153 hartrees
 There are       30 alpha and       30 beta electrons
 Requested basis set is 6-31G(d,p)
 There are 44 shells and 120 basis functions

 Total QAlloc Memory Limit   2000 MB
 Mega-Array Size       188 MB
 MEM_STATIC part       192 MB
A total of 1 constraints
  
            1
    1   1.0100000
    2   3.0100000
    3   4.0100000
    4   2.6000000
    5   2.6010000
    6   0.1000000
    7   0.0000000
    8   0.0000000
    9   0.0000000
   10   0.0000000

                       Distance Matrix (Angstroms)
             C (  1)   C (  2)   Se(  3)   H (  4)   C (  5)   H (  6)
   C (  2)  1.527532
   Se(  3)  2.928968  1.983927
   H (  4)  3.566028  3.302250  2.500000
   C (  5)  2.547492  1.527532  2.928968  3.566028
   H (  6)  1.092264  2.183156  3.066409  3.968117  3.501044
   H (  7)  1.097215  2.164027  3.906030  4.513844  2.780531  1.776975
   H (  8)  1.094871  2.166757  3.169474  2.960366  2.815521  1.770475
   H (  9)  2.159659  1.101802  2.421507  4.280019  2.159659  2.493455
   H ( 10)  2.780531  2.164027  3.906030  4.513844  1.097215  3.779719
   H ( 11)  3.501044  2.183156  3.066409  3.968117  1.092264  4.343200
   H ( 12)  2.815521  2.166757  3.169474  2.960366  1.094871  3.821754
             H (  7)   H (  8)   H (  9)   H ( 10)   H ( 11)
   H (  8)  1.773399
   H (  9)  2.523172  3.071443
   H ( 10)  2.562312  3.148413  2.523172
   H ( 11)  3.779719  3.821754  2.493455  1.776975
   H ( 12)  3.148413  2.641192  3.071443  1.773399  1.770475
 
 A cutoff of  1.0D-14 yielded    955 shell pairs
 There are      7194 function pairs
 
 -------------------------------------------------------
 OpenMP Integral Computing Module                       
 Release: version 1.0, May 2013, Q-Chem Inc. Pittsburgh 
 -------------------------------------------------------
 Integral Job Info:
 Integral job number is                      11
 Integral operator is                         1
 short-range coefficients                     0
 long-range coefficients              100000000
 Omega coefficients                           0
 if combine SR and LR in K                    0
 Integral screening is                        0
 Integral computing path is                   2
 max size of driver memory is            800000
 size of driver memory is                593474
 size of scratch memory is             15267112
 max col of scratch BK array               1296
 max len of scratch array in speh3          155
 max len of scratch index in speh4           18
 max int batch size is                      520
 min int batch size is                       52
 fixed nKL is                                52
 max L of basis functions is                  2
 order of int derivative is                   0
 number of shells is                         44
 number of basis is                         120
 number of cartesian basis is               120
 number of contracted shell pairs           955
 number of primitive shell pairs           3592
 maxK2 (contraction) of shell pair           36
 max number of K2 of shell pair               1
 max number of CS2 of shell pair             85
 max number of PS2 of shell pair            288
 mem total for path MDJ                  519708
 -------------------------------------------------------
 Smallest overlap matrix eigenvalue = 6.75E-04

 Scale SEOQF with 1.000000e-01/1.000000e-01/1.000000e-01

 Standard Electronic Orientation quadrupole field applied
 Nucleus-field energy     =     0.0000000043 hartrees
 Guess from superposition of atomic densities
 Warning:  Energy on first SCF cycle will be non-variational
 SAD guess density has 59.968191 electrons

 -----------------------------------------------------------------------
  General SCF calculation program by
  Eric Jon Sundstrom, Paul Horn, Yuezhi Mao, Dmitri Zuev, Alec White,
  David Stuck, Shaama M.S., Shane Yost, Joonho Lee, David Small,
  Daniel Levine, Susi Lehtola, Hugh Burton, Evgeny Epifanovsky
 -----------------------------------------------------------------------
 Exchange:     0.2000 Hartree-Fock + 0.0800 Slater + 0.7200 B88
 Correlation:  0.1900 VWN1RPA + 0.8100 LYP
 Using SG-1 standard quadrature grid
 using 12 threads for integral computing
 -------------------------------------------------------
 OpenMP Integral computing Module                
 Release: version 1.0, May 2013, Q-Chem Inc. Pittsburgh 
 -------------------------------------------------------
 -------------------------------------------------------
 OpenMP BLAS3 based DFT computing Module                
 Release: version 1.0, May 2013, Q-Chem Inc. Pittsburgh 
 -------------------------------------------------------
 A unrestricted SCF calculation will be
 performed using DIIS
 SCF converges when DIIS error is below 1.0e-06
 Alpha HF Exchange    Energy = -10.34492789787868
 Beta HF Exchange     Energy = -10.34492789787868
 DFT Correlation      Energy =  -3.08258655324874
 DFT Exchange         Energy = -81.98258937778863
 One-Electron (alpha) Energy = -2001.21619874419707
 One-Electron (beta)  Energy = -2001.21619874419707
 Total Coulomb        Energy = 1331.05715757983648
 ---------------------------------------
  Cycle       Energy         DIIS error
 ---------------------------------------
    1   -2523.1801947157      1.38e-01  
 Alpha HF Exchange    Energy = -10.41430147090800
 Beta HF Exchange     Energy = -10.41430147090801
 DFT Correlation      Energy =  -3.13024120094282
 DFT Exchange         Energy = -82.89379706199749
 One-Electron (alpha) Energy = -2010.35610337576895
 One-Electron (beta)  Energy = -2010.35610337577032
 Total Coulomb        Energy = 1353.49571231454684
    2   -2520.1190587221      9.20e-03  
 Alpha HF Exchange    Energy = -10.29663527034710
 Beta HF Exchange     Energy = -10.29663527034709
 DFT Correlation      Energy =  -3.07603953538342
 DFT Exchange         Energy = -81.92280097991355
 One-Electron (alpha) Energy = -1992.44931561050248
 One-Electron (beta)  Energy = -1992.44931561050157
 Total Coulomb        Energy = 1316.69006322770088
    3   -2519.8506021297      6.71e-03  
 Alpha HF Exchange    Energy = -10.40982384883785
 Beta HF Exchange     Energy = -10.40982384883785
 DFT Correlation      Energy =  -3.12921664536273
 DFT Exchange         Energy = -82.82898184023756
 One-Electron (alpha) Energy = -2011.41442296416380
 One-Electron (beta)  Energy = -2011.41442296416449
 Total Coulomb        Energy = 1355.61018634083530
    4   -2520.0464288512      4.44e-03  
 Alpha HF Exchange    Energy = -10.35261216245342
 Beta HF Exchange     Energy = -10.35261216245342
 DFT Correlation      Energy =  -3.10366122769956
 DFT Exchange         Energy = -82.40760830295717
 One-Electron (alpha) Energy = -2001.31646554109625
 One-Electron (beta)  Energy = -2001.31646554109693
 Total Coulomb        Energy = 1334.59586245641731
    5   -2520.3034855617      1.77e-03  
 Alpha HF Exchange    Energy = -10.35393888099990
 Beta HF Exchange     Energy = -10.35393888099988
 DFT Correlation      Energy =  -3.10482440913497
 DFT Exchange         Energy = -82.41689511579449
 One-Electron (alpha) Energy = -2003.42510708284499
 One-Electron (beta)  Energy = -2003.42510708284362
 Total Coulomb        Energy = 1338.79352701492007
    6   -2520.3362075181      4.99e-04  
 Alpha HF Exchange    Energy = -10.35517666486785
 Beta HF Exchange     Energy = -10.35517666486784
 DFT Correlation      Energy =  -3.10495340656730
 DFT Exchange         Energy = -82.42961687399865
 One-Electron (alpha) Energy = -2002.94289960979336
 One-Electron (beta)  Energy = -2002.94289960979313
 Total Coulomb        Energy = 1337.84300012604081
    7   -2520.3376457842      3.08e-04  
 Alpha HF Exchange    Energy = -10.35592546817556
 Beta HF Exchange     Energy = -10.35592546817556
 DFT Correlation      Energy =  -3.10541196808206
 DFT Exchange         Energy = -82.43518119200536
 One-Electron (alpha) Energy = -2003.21103648956068
 One-Electron (beta)  Energy = -2003.21103648956159
 Total Coulomb        Energy = 1338.38563101465115
    8   -2520.3388091413      6.99e-05  
 Alpha HF Exchange    Energy = -10.35624455170683
 Beta HF Exchange     Energy = -10.35624455170684
 DFT Correlation      Energy =  -3.10565641313309
 DFT Exchange         Energy = -82.43761352688290
 One-Electron (alpha) Energy = -2003.31585872854521
 One-Electron (beta)  Energy = -2003.31585872854589
 Total Coulomb        Energy = 1338.59852150108168
    9   -2520.3388780798      1.99e-05  
 Alpha HF Exchange    Energy = -10.35619290167035
 Beta HF Exchange     Energy = -10.35619290167035
 DFT Correlation      Energy =  -3.10556916060849
 DFT Exchange         Energy = -82.43717052037292
 One-Electron (alpha) Energy = -2003.29191063332314
 One-Electron (beta)  Energy = -2003.29191063332314
 Total Coulomb        Energy = 1338.54998940802102
   10   -2520.3388804233      9.52e-06  
 Alpha HF Exchange    Energy = -10.35622556874426
 Beta HF Exchange     Energy = -10.35622556874426
 DFT Correlation      Energy =  -3.10559902496737
 DFT Exchange         Energy = -82.43742862225434
 One-Electron (alpha) Energy = -2003.30444443313763
 One-Electron (beta)  Energy = -2003.30444443313786
 Total Coulomb        Energy = 1338.57540885323669
   11   -2520.3388818781      1.09e-06  
 Alpha HF Exchange    Energy = -10.35623062089848
 Beta HF Exchange     Energy = -10.35623062089847
 DFT Correlation      Energy =  -3.10560094015429
 DFT Exchange         Energy = -82.43746830541757
 One-Electron (alpha) Energy = -2003.30566833853345
 One-Electron (beta)  Energy = -2003.30566833853254
 Total Coulomb        Energy = 1338.57790835401056
   12   -2520.3388818908      3.77e-07  Convergence criterion met
 ---------------------------------------
 SCF time:   CPU 38.47s  wall 3.00s 
<S^2> =          0.000000000
 Alpha HF Exchange    Energy = -10.35623062089848
 Beta HF Exchange     Energy = -10.35623062089847
 DFT Correlation      Energy =  -3.10560094015429
 DFT Exchange         Energy = -82.43746830541757
 One-Electron (alpha) Energy = -2003.30566833853345
 One-Electron (beta)  Energy = -2003.30566833853254
 Total Coulomb        Energy = 1338.57790835401056
 Nuclear repulsion Energy = 253.95007691960436
 SCF   energy in the final basis set =    -2520.3388818908
 Total energy in the final basis set =    -2520.3388818908
 
 --------------------------------------------------------------
 
                    Orbital Energies (a.u.)
 --------------------------------------------------------------
 
 Alpha MOs
 -- Occupied --
******* -58.106 -52.165 -52.163 -52.160 -10.235 -10.187 -10.187
 -7.838  -5.785  -5.779  -5.768  -2.118  -2.117  -2.108  -2.104
 -2.102  -0.810  -0.695  -0.673  -0.569  -0.465  -0.438  -0.418
 -0.393  -0.360  -0.357  -0.313  -0.281  -0.228
 -- Virtual --
 -0.137   0.019   0.086   0.130   0.147   0.150   0.166   0.178
  0.185   0.198   0.228   0.232   0.313   0.325   0.345   0.456
  0.468   0.487   0.504   0.557   0.583   0.586   0.672   0.680
  0.699   0.757   0.768   0.787   0.824   0.847   0.866   0.866
  0.905   0.907   0.932   0.954   0.959   1.072   1.312   1.384
  1.388   1.474   1.544   1.659   1.726   1.782   1.831   1.856
  1.892   2.019   2.025   2.037   2.038   2.043   2.066   2.095
  2.103   2.103   2.128   2.263   2.307   2.346   2.373   2.509
  2.559   2.619   2.657   2.700   2.717   2.861   2.864   2.895
  2.901   3.167   3.217   3.298   3.413   3.445   3.455   3.494
  4.224   4.234   4.249   4.333   4.346   4.453   4.502   4.613
  5.454  89.730
 
 Beta MOs
 -- Occupied --
******* -58.106 -52.165 -52.163 -52.160 -10.235 -10.187 -10.187
 -7.838  -5.785  -5.779  -5.768  -2.118  -2.117  -2.108  -2.104
 -2.102  -0.810  -0.695  -0.673  -0.569  -0.465  -0.438  -0.418
 -0.393  -0.360  -0.357  -0.313  -0.281  -0.228
 -- Virtual --
 -0.137   0.019   0.086   0.130   0.147   0.150   0.166   0.178
  0.185   0.198   0.228   0.232   0.313   0.325   0.345   0.456
  0.468   0.487   0.504   0.557   0.583   0.586   0.672   0.680
  0.699   0.757   0.768   0.787   0.824   0.847   0.866   0.866
  0.905   0.907   0.932   0.954   0.959   1.072   1.312   1.384
  1.388   1.474   1.544   1.659   1.726   1.782   1.831   1.856
  1.892   2.019   2.025   2.037   2.038   2.043   2.066   2.095
  2.103   2.103   2.128   2.263   2.307   2.346   2.373   2.509
  2.559   2.619   2.657   2.700   2.717   2.861   2.864   2.895
  2.901   3.167   3.217   3.298   3.413   3.445   3.455   3.494
  4.224   4.234   4.249   4.333   4.346   4.453   4.502   4.613
  5.454  89.730
 --------------------------------------------------------------
 
          Ground-State Mulliken Net Atomic Charges

     Atom                 Charge (a.u.)    Spin (a.u.)
  --------------------------------------------------------
      1 C                    -0.299025      -0.000000
      2 C                    -0.156400      -0.000000
      3 Se                   -0.059184      -0.000000
      4 H                    -0.013620       0.000000
      5 C                    -0.299025      -0.000000
      6 H                     0.123547       0.000000
      7 H                     0.104951       0.000000
      8 H                     0.119828       0.000000
      9 H                     0.130602       0.000000
     10 H                     0.104951      -0.000000
     11 H                     0.123547       0.000000
     12 H                     0.119828       0.000000
  --------------------------------------------------------
  Sum of atomic charges =     0.000000
  Sum of spin   charges =    -0.000000

 -----------------------------------------------------------------
                    Cartesian Multipole Moments
 -----------------------------------------------------------------
    Charge (ESU x 10^10)
                 0.0000
    Dipole Moment (Debye)
         X      -1.9240      Y       0.0000      Z      -0.4719
       Tot       1.9810
    Quadrupole Moments (Debye-Ang)
        XX     -38.9035     XY      -0.0000     YY     -41.3313
        XZ       0.5641     YZ      -0.0000     ZZ     -37.8574
    Octopole Moments (Debye-Ang^2)
       XXX      44.9077    XXY       0.0000    XYY      12.6723
       YYY       0.0000    XXZ       3.6708    XYZ      -0.0000
       YYZ       4.3748    XZZ      15.6738    YZZ      -0.0000
       ZZZ      14.0600
    Hexadecapole Moments (Debye-Ang^3)
      XXXX    -457.6026   XXXY      -0.0000   XXYY    -119.5888
      XYYY      -0.0000   YYYY    -220.5638   XXXZ      10.9461
      XXYZ       0.0000   XYYZ       3.9435   YYYZ      -0.0000
      XXZZ     -99.5548   XYZZ       0.0000   YYZZ     -58.8890
      XZZZ      10.3559   YZZZ      -0.0000   ZZZZ    -111.8922
 -----------------------------------------------------------------
 Calculating analytic gradient of the SCF energy
 Gradient of SCF Energy
            1           2           3           4           5           6
    1   0.0000184  -0.0000386  -0.0008557   0.0008315   0.0000184  -0.0000188
    2   0.0000117  -0.0000000  -0.0000000  -0.0000000  -0.0000117  -0.0000037
    3   0.0000261  -0.0000021  -0.0512159   0.0512338   0.0000261  -0.0000207
            7           8           9          10          11          12
    1  -0.0000126   0.0000148   0.0000593  -0.0000126  -0.0000188   0.0000148
    2  -0.0000037  -0.0000015   0.0000000   0.0000037   0.0000037   0.0000015
    3   0.0000099  -0.0000116  -0.0000233   0.0000099  -0.0000207  -0.0000116
 Max gradient component =       5.123E-02
 RMS gradient           =       1.208E-02
 Gradient time:  CPU 11.70 s  wall 0.98 s
 Geometry Optimization Parameters
   NAtoms,    NIC,     NZ,  NCons,   NDum,   NFix, NCnnct, MaxDiis
       12      75       0       1       0       0       0       0


** CONSTRAINED OPTIMIZATION IN DELOCALIZED INTERNAL COORDINATES **
   Searching for a Minimum

   Optimization Cycle:   1

                       Coordinates (Angstroms)
     ATOM                X               Y               Z
      1  C        -1.7329010000    1.2737460000    0.1138090000
      2  C        -1.1175510000    0.0000000000   -0.4626190000
      3  Se        0.8632550000    0.0000000000   -0.3513780000
      4  H         0.9043400000    0.0000000000    2.1482840000
      5  C        -1.7329010000   -1.2737460000    0.1138090000
      6  H        -1.3016310000    2.1716000000   -0.3344160000
      7  H        -2.8155180000    1.2811560000   -0.0644250000
      8  H        -1.5677670000    1.3205960000    1.1951410000
      9  H        -1.2362040000    0.0000000000   -1.5580130000
     10  H        -2.8155180000   -1.2811560000   -0.0644250000
     11  H        -1.3016310000   -2.1716000000   -0.3344160000
     12  H        -1.5677670000   -1.3205960000    1.1951410000
   Point Group: c1    Number of degrees of freedom:    30


   Energy is  -2520.338881891

              Constraints and their Current Values
                                        Value     Constraint
   Distance(Angs):        3   4             2.500000     2.600000

 Attempting to Generate Delocalized Internal Coordinates

   Using Lagrange Multiplier Algorithm


 21 Hessian modes will be used to form the next step
  Hessian Eigenvalues:
    -0.987169    0.045000    0.070329    0.076438    0.082568    0.084052
     0.156979    0.160000    0.160000    0.160000    0.160000    0.160000
     0.160000    0.160000    0.209970    0.296525    0.334837    0.339919
     0.342557    0.345523    1.012997

 Minimum Search - Taking P-RFO Step
 Searching for Lamda that Maximizes Along the Constraint modes Only
 Value Taken    Lamda =   0.02861201
 Searching for Lamda that Minimizes Along All other modes
 Value Taken    Lamda =  -0.00907257
 Step Taken.  Stepsize is  0.184959

                             Maximum     Tolerance    Cnvgd?
         Gradient            0.188973       0.000300      NO
         Displacement        0.184955       0.001200      NO
         Energy change     *********       0.000001      NO


 New Cartesian Coordinates Obtained by Inverse Iteration

 Displacement from previous Coordinates is:  0.158299
 ----------------------------------------------------------------
             Standard Nuclear Orientation (Angstroms)
    I     Atom           X                Y                Z
 ----------------------------------------------------------------
    1      C      -1.7333231442     1.2737449229     0.1093918784
    2      C      -1.1227525520     0.0000000000    -0.4720815045
    3      Se      0.8589882003     0.0000000000    -0.3775022529
    4      H       0.9241263539     0.0000000000     2.2195548202
    5      C      -1.7333231442    -1.2737449229     0.1093918784
    6      H      -1.3056784998     2.1716082780    -0.3422828866
    7      H      -2.8173417780     1.2811725004    -0.0600026511
    8      H      -1.5593940345     1.3206203246     1.1893564188
    9      H      -1.2506810892     0.0000000000    -1.5664045820
   10      H      -2.8173417780    -1.2811725004    -0.0600026511
   11      H      -1.3056784998    -2.1716082780    -0.3422828866
   12      H      -1.5593940345    -1.3206203246     1.1893564188
 ----------------------------------------------------------------
 Nuclear Repulsion Energy =   253.6078834396 hartrees
 There are       30 alpha and       30 beta electrons

                       Distance Matrix (Angstroms)
             C (  1)   C (  2)   Se(  3)   H (  4)   C (  5)   H (  6)
   C (  2)  1.527525
   Se(  3)  2.929090  1.983996
   H (  4)  3.624535  3.381511  2.597874
   C (  5)  2.547490  1.527525  2.929090  3.624535
   H (  6)  1.092268  2.183161  3.066416  4.031244  3.501050
   H (  7)  1.097199  2.163988  3.906099  4.564687  2.780538  1.776987
   H (  8)  1.094884  2.166811  3.169804  2.995533  2.815547  1.770444
   H (  9)  2.159552  1.101775  2.421610  4.366151  2.159552  2.493468
   H ( 10)  2.780538  2.163988  3.906099  4.564687  1.097199  3.779749
   H ( 11)  3.501050  2.183161  3.066416  4.031244  1.092268  4.343217
   H ( 12)  2.815547  2.166811  3.169804  2.995533  1.094884  3.821773
             H (  7)   H (  8)   H (  9)   H ( 10)   H ( 11)
   H (  8)  1.773383
   H (  9)  2.522910  3.071410
   H ( 10)  2.562345  3.148437  2.522910
   H ( 11)  3.779749  3.821773  2.493468  1.776987
   H ( 12)  3.148437  2.641241  3.071410  1.773383  1.770444
 
 Applying Cartesian multipole field
    Component          Value
    ---------          -----
     (2,0,0)        1.00000E-11
     (0,2,0)        2.00000E-11
     (0,0,2)       -3.00000E-11
 Nucleus-field energy     =     0.0000000042 hartrees
 Requested basis set is 6-31G(d,p)
 There are 44 shells and 120 basis functions
 A cutoff of  1.0D-14 yielded    954 shell pairs
 There are      7191 function pairs
 Smallest overlap matrix eigenvalue = 6.75E-04
 Guess from superposition of atomic densities
 Warning:  Energy on first SCF cycle will be non-variational
 SAD guess density has 59.968191 electrons

 -----------------------------------------------------------------------
  General SCF calculation program by
  Eric Jon Sundstrom, Paul Horn, Yuezhi Mao, Dmitri Zuev, Alec White,
  David Stuck, Shaama M.S., Shane Yost, Joonho Lee, David Small,
  Daniel Levine, Susi Lehtola, Hugh Burton, Evgeny Epifanovsky
 -----------------------------------------------------------------------
 Exchange:     0.2000 Hartree-Fock + 0.0800 Slater + 0.7200 B88
 Correlation:  0.1900 VWN1RPA + 0.8100 LYP
 Using SG-1 standard quadrature grid
 using 12 threads for integral computing
 -------------------------------------------------------
 OpenMP Integral computing Module                
 Release: version 1.0, May 2013, Q-Chem Inc. Pittsburgh 
 -------------------------------------------------------
 -------------------------------------------------------
 OpenMP BLAS3 based DFT computing Module                
 Release: version 1.0, May 2013, Q-Chem Inc. Pittsburgh 
 -------------------------------------------------------
 A unrestricted SCF calculation will be
 performed using DIIS
 SCF converges when DIIS error is below 1.0e-06
 Alpha HF Exchange    Energy = -10.34436125603246
 Beta HF Exchange     Energy = -10.34436125603246
 DFT Correlation      Energy =  -3.08206967102161
 DFT Exchange         Energy = -81.98135662581946
 One-Electron (alpha) Energy = -2000.87455372742238
 One-Electron (beta)  Energy = -2000.87455372742238
 Total Coulomb        Energy = 1330.71834893635810
 ---------------------------------------
  Cycle       Energy         DIIS error
 ---------------------------------------
    1   -2523.1750238837      1.38e-01  
 Alpha HF Exchange    Energy = -10.41554913428175
 Beta HF Exchange     Energy = -10.41554913428175
 DFT Correlation      Energy =  -3.13087262292518
 DFT Exchange         Energy = -82.90247699967341
 One-Electron (alpha) Energy = -2010.40042125267973
 One-Electron (beta)  Energy = -2010.40042125267928
 Total Coulomb        Energy = 1353.96906401247134
    2   -2520.0883429403      9.25e-03  
 Alpha HF Exchange    Energy = -10.29503144763003
 Beta HF Exchange     Energy = -10.29503144763003
 DFT Correlation      Energy =  -3.07450904626537
 DFT Exchange         Energy = -81.90768868483291
 One-Electron (alpha) Energy = -1991.41837347438354
 One-Electron (beta)  Energy = -1991.41837347438263
 Total Coulomb        Energy = 1315.01215414932358
    3   -2519.7889699821      6.95e-03  
 Alpha HF Exchange    Energy = -10.41140132444194
 Beta HF Exchange     Energy = -10.41140132444195
 DFT Correlation      Energy =  -3.12987297410663
 DFT Exchange         Energy = -82.83907426567060
 One-Electron (alpha) Energy = -2011.50709162373937
 One-Electron (beta)  Energy = -2011.50709162374005
 Total Coulomb        Energy = 1356.18774337458262
    4   -2520.0103063178      4.51e-03  
 Alpha HF Exchange    Energy = -10.35082400721124
 Beta HF Exchange     Energy = -10.35082400721124
 DFT Correlation      Energy =  -3.10232058667629
 DFT Exchange         Energy = -82.39493122670672
 One-Electron (alpha) Energy = -2000.50186142324651
 One-Electron (beta)  Energy = -2000.50186142324719
 Total Coulomb        Energy = 1333.31255661480623
    5   -2520.2821826158      2.00e-03  
 Alpha HF Exchange    Energy = -10.35270580395800
 Beta HF Exchange     Energy = -10.35270580395802
 DFT Correlation      Energy =  -3.10427066175588
 DFT Exchange         Energy = -82.41018962661278
 One-Electron (alpha) Energy = -2003.11080483075170
 One-Electron (beta)  Energy = -2003.11080483075307
 Total Coulomb        Energy = 1338.50763313286507
    6   -2520.3259649812      5.67e-04  
 Alpha HF Exchange    Energy = -10.35389291130191
 Beta HF Exchange     Energy = -10.35389291130192
 DFT Correlation      Energy =  -3.10396710239043
 DFT Exchange         Energy = -82.42295832089741
 One-Electron (alpha) Energy = -2002.39555979632155
 One-Electron (beta)  Energy = -2002.39555979632269
 Total Coulomb        Energy = 1337.09067514462754
    7   -2520.3272722502      4.09e-04  
 Alpha HF Exchange    Energy = -10.35493240573924
 Beta HF Exchange     Energy = -10.35493240573923
 DFT Correlation      Energy =  -3.10473959090181
 DFT Exchange         Energy = -82.43104059262433
 One-Electron (alpha) Energy = -2002.79083362760207
 One-Electron (beta)  Energy = -2002.79083362760184
 Total Coulomb        Energy = 1337.88985087874221
    8   -2520.3295779278      1.05e-04  
 Alpha HF Exchange    Energy = -10.35538685742443
 Beta HF Exchange     Energy = -10.35538685742443
 DFT Correlation      Energy =  -3.10507470645936
 DFT Exchange         Energy = -82.43450185439326
 One-Electron (alpha) Energy = -2002.94676461767585
 One-Electron (beta)  Energy = -2002.94676461767608
 Total Coulomb        Energy = 1338.20625595681804
    9   -2520.3297401105      2.98e-05  
 Alpha HF Exchange    Energy = -10.35530935465728
 Beta HF Exchange     Energy = -10.35530935465728
 DFT Correlation      Energy =  -3.10495808957615
 DFT Exchange         Energy = -82.43384395155522
 One-Electron (alpha) Energy = -2002.91661839643803
 One-Electron (beta)  Energy = -2002.91661839643803
 Total Coulomb        Energy = 1338.14503146987909
   10   -2520.3297426297      1.66e-05  
 Alpha HF Exchange    Energy = -10.35536510259634
 Beta HF Exchange     Energy = -10.35536510259634
 DFT Correlation      Energy =  -3.10500840020095
 DFT Exchange         Energy = -82.43428524925083
 One-Electron (alpha) Energy = -2002.93795258498108
 One-Electron (beta)  Energy = -2002.93795258498221
 Total Coulomb        Energy = 1338.18829845321034
   11   -2520.3297471277      2.48e-06  
 Alpha HF Exchange    Energy = -10.35537539203129
 Beta HF Exchange     Energy = -10.35537539203129
 DFT Correlation      Energy =  -3.10501362634447
 DFT Exchange         Energy = -82.43436604607274
 One-Electron (alpha) Energy = -2002.94085578668114
 One-Electron (beta)  Energy = -2002.94085578668160
 Total Coulomb        Energy = 1338.19421137847939
   12   -2520.3297472077      8.03e-07  Convergence criterion met
 ---------------------------------------
 SCF time:   CPU 38.12s  wall 3.00s 
<S^2> =         -0.000000000
 Alpha HF Exchange    Energy = -10.35537539203129
 Beta HF Exchange     Energy = -10.35537539203129
 DFT Correlation      Energy =  -3.10501362634447
 DFT Exchange         Energy = -82.43436604607274
 One-Electron (alpha) Energy = -2002.94085578668114
 One-Electron (beta)  Energy = -2002.94085578668160
 Total Coulomb        Energy = 1338.19421137847939
 Nuclear repulsion Energy = 253.60788344371016
 SCF   energy in the final basis set =    -2520.3297472077
 Total energy in the final basis set =    -2520.3297472077
 
 --------------------------------------------------------------
 
                    Orbital Energies (a.u.)
 --------------------------------------------------------------
 
 Alpha MOs
 -- Occupied --
******* -58.107 -52.166 -52.164 -52.161 -10.235 -10.188 -10.188
 -7.839  -5.786  -5.780  -5.769  -2.119  -2.118  -2.109  -2.105
 -2.103  -0.810  -0.696  -0.674  -0.569  -0.465  -0.439  -0.418
 -0.394  -0.360  -0.358  -0.314  -0.277  -0.228
 -- Virtual --
 -0.145   0.018   0.085   0.130   0.147   0.150   0.166   0.178
  0.185   0.197   0.228   0.230   0.313   0.325   0.343   0.455
  0.467   0.485   0.503   0.555   0.579   0.586   0.671   0.679
  0.699   0.756   0.769   0.787   0.824   0.844   0.866   0.866
  0.904   0.907   0.930   0.954   0.959   1.071   1.311   1.384
  1.388   1.472   1.544   1.657   1.725   1.782   1.830   1.856
  1.891   2.017   2.022   2.036   2.038   2.042   2.065   2.095
  2.103   2.103   2.123   2.262   2.307   2.345   2.373   2.509
  2.559   2.619   2.656   2.699   2.717   2.861   2.864   2.895
  2.900   3.167   3.217   3.297   3.412   3.445   3.455   3.494
  4.222   4.233   4.244   4.332   4.345   4.452   4.502   4.613
  5.454  89.729
 
 Beta MOs
 -- Occupied --
******* -58.107 -52.166 -52.164 -52.161 -10.235 -10.188 -10.188
 -7.839  -5.786  -5.780  -5.769  -2.119  -2.118  -2.109  -2.105
 -2.103  -0.810  -0.696  -0.674  -0.569  -0.465  -0.439  -0.418
 -0.394  -0.360  -0.358  -0.314  -0.277  -0.228
 -- Virtual --
 -0.145   0.018   0.085   0.130   0.147   0.150   0.166   0.178
  0.185   0.197   0.228   0.230   0.313   0.325   0.343   0.455
  0.467   0.485   0.503   0.555   0.579   0.586   0.671   0.679
  0.699   0.756   0.769   0.787   0.824   0.844   0.866   0.866
  0.904   0.907   0.930   0.954   0.959   1.071   1.311   1.384
  1.388   1.472   1.544   1.657   1.725   1.782   1.830   1.856
  1.891   2.017   2.022   2.036   2.038   2.042   2.065   2.095
  2.103   2.103   2.123   2.262   2.307   2.345   2.373   2.509
  2.559   2.619   2.656   2.699   2.717   2.861   2.864   2.895
  2.900   3.167   3.217   3.297   3.412   3.445   3.455   3.494
  4.222   4.233   4.244   4.332   4.345   4.452   4.502   4.613
  5.454  89.729
 --------------------------------------------------------------
 
          Ground-State Mulliken Net Atomic Charges

     Atom                 Charge (a.u.)    Spin (a.u.)
  --------------------------------------------------------
      1 C                    -0.299276       0.000000
      2 C                    -0.157573       0.000000
      3 Se                   -0.058336      -0.000000
      4 H                    -0.016244      -0.000000
      5 C                    -0.299276       0.000000
      6 H                     0.123637      -0.000000
      7 H                     0.105135      -0.000000
      8 H                     0.120701      -0.000000
      9 H                     0.131757       0.000000
     10 H                     0.105135       0.000000
     11 H                     0.123637      -0.000000
     12 H                     0.120701      -0.000000
  --------------------------------------------------------
  Sum of atomic charges =    -0.000000
  Sum of spin   charges =    -0.000000

 -----------------------------------------------------------------
                    Cartesian Multipole Moments
 -----------------------------------------------------------------
    Charge (ESU x 10^10)
                 0.0000
    Dipole Moment (Debye)
         X      -1.9511      Y      -0.0000      Z      -0.5180
       Tot       2.0187
    Quadrupole Moments (Debye-Ang)
        XX     -38.8754     XY       0.0000     YY     -41.3265
        XZ       0.5449     YZ      -0.0000     ZZ     -37.9273
    Octopole Moments (Debye-Ang^2)
       XXX      45.0188    XXY       0.0000    XYY      12.7189
       YYY      -0.0000    XXZ       4.0343    XYZ       0.0000
       YYZ       4.8723    XZZ      15.6549    YZZ      -0.0000
       ZZZ      15.3216
    Hexadecapole Moments (Debye-Ang^3)
      XXXX    -457.4446   XXXY      -0.0000   XXYY    -119.5078
      XYYY       0.0000   YYYY    -220.4700   XXXZ      10.7518
      XXYZ      -0.0000   XYYZ       3.9860   YYYZ       0.0000
      XXZZ    -100.4209   XYZZ       0.0000   YYZZ     -59.7850
      XZZZ      10.5782   YZZZ      -0.0000   ZZZZ    -116.6382
 -----------------------------------------------------------------
 Calculating analytic gradient of the SCF energy
 Gradient of SCF Energy
            1           2           3           4           5           6
    1   0.0000449  -0.0004004  -0.0008506   0.0012944   0.0000449  -0.0000097
    2  -0.0001261   0.0000000   0.0000000  -0.0000000   0.0001261  -0.0000099
    3  -0.0000027  -0.0005393  -0.0472328   0.0475124  -0.0000027  -0.0000158
            7           8           9          10          11          12
    1  -0.0000131  -0.0000168  -0.0000540  -0.0000131  -0.0000097  -0.0000168
    2   0.0000102   0.0000320  -0.0000000  -0.0000102   0.0000099  -0.0000320
    3   0.0000403   0.0000070   0.0002021   0.0000403  -0.0000158   0.0000070
 Max gradient component =       4.751E-02
 RMS gradient           =       1.117E-02
 Gradient time:  CPU 11.90 s  wall 1.00 s
 Geometry Optimization Parameters
   NAtoms,    NIC,     NZ,  NCons,   NDum,   NFix, NCnnct, MaxDiis
       12      75       0       1       0       0       0       0

 Cartesian Hessian Update
 Hessian Updated using BFGS Update
**WARNING** Hereditary positive definiteness endangered


** CONSTRAINED OPTIMIZATION IN DELOCALIZED INTERNAL COORDINATES **
   Searching for a Minimum

   Optimization Cycle:   2

                       Coordinates (Angstroms)
     ATOM                X               Y               Z
      1  C        -1.7333231442    1.2737449229    0.1093918784
      2  C        -1.1227525520    0.0000000000   -0.4720815045
      3  Se        0.8589882003    0.0000000000   -0.3775022529
      4  H         0.9241263539    0.0000000000    2.2195548202
      5  C        -1.7333231442   -1.2737449229    0.1093918784
      6  H        -1.3056784998    2.1716082780   -0.3422828866
      7  H        -2.8173417780    1.2811725004   -0.0600026511
      8  H        -1.5593940345    1.3206203246    1.1893564188
      9  H        -1.2506810892    0.0000000000   -1.5664045820
     10  H        -2.8173417780   -1.2811725004   -0.0600026511
     11  H        -1.3056784998   -2.1716082780   -0.3422828866
     12  H        -1.5593940345   -1.3206203246    1.1893564188
   Point Group: c1    Number of degrees of freedom:    30


   Energy is  -2520.329747208

              Constraints and their Current Values
                                        Value     Constraint
   Distance(Angs):        3   4             2.597874     2.600000
 Hessian Updated using BFGS Update
**WARNING** Hereditary positive definiteness endangered

   Using Lagrange Multiplier Algorithm


 17 Hessian modes will be used to form the next step
  Hessian Eigenvalues:
    -1.010094    0.044998    0.070325    0.076403    0.082568    0.084052
     0.156585    0.159572    0.160000    0.187917    0.209970    0.296510
     0.334771    0.339919    0.342556    0.345523    0.990024

 Minimum Search - Taking P-RFO Step
 Searching for Lamda that Maximizes Along the Constraint modes Only
 Value Taken    Lamda =   0.00000153
 Searching for Lamda that Minimizes Along All other modes
 Value Taken    Lamda =  -0.00005169
 Step Taken.  Stepsize is  0.006588

                             Maximum     Tolerance    Cnvgd?
         Gradient            0.005724       0.000300      NO
         Displacement        0.005824       0.001200      NO
         Energy change      0.009135       0.000001      NO


 New Cartesian Coordinates Obtained by Inverse Iteration

 Displacement from previous Coordinates is:  0.014465
 ----------------------------------------------------------------
             Standard Nuclear Orientation (Angstroms)
    I     Atom           X                Y                Z
 ----------------------------------------------------------------
    1      C      -1.7325311091     1.2740168468     0.1097533927
    2      C      -1.1224589363     0.0000000000    -0.4719758201
    3      Se      0.8578215643     0.0000000000    -0.3801828388
    4      H       0.9178528443     0.0000000000     2.2191239041
    5      C      -1.7325311091    -1.2740168468     0.1097533927
    6      H      -1.3050801132     2.1718661220    -0.3421543943
    7      H      -2.8166163227     1.2813951725    -0.0591473951
    8      H      -1.5578069317     1.3207020335     1.1895875590
    9      H      -1.2509405190     0.0000000000    -1.5665515697
   10      H      -2.8166163227    -1.2813951725    -0.0591473951
   11      H      -1.3050801132    -2.1718661220    -0.3421543943
   12      H      -1.5578069317    -1.3207020335     1.1895875590
 ----------------------------------------------------------------
 Nuclear Repulsion Energy =   253.6887396384 hartrees
 There are       30 alpha and       30 beta electrons

                       Distance Matrix (Angstroms)
             C (  1)   C (  2)   Se(  3)   H (  4)   C (  5)   H (  6)
   C (  2)  1.527650
   Se(  3)  2.927983  1.982407
   H (  4)  3.618991  3.377113  2.600000
   C (  5)  2.548034  1.527650  2.927983  3.618991
   H (  6)  1.092277  2.183393  3.065386  4.027230  3.501577
   H (  7)  1.097189  2.163925  3.904681  4.558372  2.780989  1.777012
   H (  8)  1.094874  2.166697  3.169179  2.988828  2.815872  1.770476
   H (  9)  2.159872  1.102091  2.419576  4.362912  2.159872  2.493809
   H ( 10)  2.780989  2.163925  3.904681  4.558372  1.097189  3.780192
   H ( 11)  3.501577  2.183393  3.065386  4.027230  1.092277  4.343732
   H ( 12)  2.815872  2.166697  3.169179  2.988828  1.094874  3.822059
             H (  7)   H (  8)   H (  9)   H ( 10)   H ( 11)
   H (  8)  1.773552
   H (  9)  2.523010  3.071600
   H ( 10)  2.562790  3.148785  2.523010
   H ( 11)  3.780192  3.822059  2.493809  1.777012
   H ( 12)  3.148785  2.641404  3.071600  1.773552  1.770476
 
 Applying Cartesian multipole field
    Component          Value
    ---------          -----
     (2,0,0)        1.00000E-11
     (0,2,0)        2.00000E-11
     (0,0,2)       -3.00000E-11
 Nucleus-field energy     =     0.0000000041 hartrees
 Requested basis set is 6-31G(d,p)
 There are 44 shells and 120 basis functions
 A cutoff of  1.0D-14 yielded    954 shell pairs
 There are      7191 function pairs
 Smallest overlap matrix eigenvalue = 6.75E-04
 Guess from superposition of atomic densities
 Warning:  Energy on first SCF cycle will be non-variational
 SAD guess density has 59.968191 electrons

 -----------------------------------------------------------------------
  General SCF calculation program by
  Eric Jon Sundstrom, Paul Horn, Yuezhi Mao, Dmitri Zuev, Alec White,
  David Stuck, Shaama M.S., Shane Yost, Joonho Lee, David Small,
  Daniel Levine, Susi Lehtola, Hugh Burton, Evgeny Epifanovsky
 -----------------------------------------------------------------------
 Exchange:     0.2000 Hartree-Fock + 0.0800 Slater + 0.7200 B88
 Correlation:  0.1900 VWN1RPA + 0.8100 LYP
 Using SG-1 standard quadrature grid
 using 12 threads for integral computing
 -------------------------------------------------------
 OpenMP Integral computing Module                
 Release: version 1.0, May 2013, Q-Chem Inc. Pittsburgh 
 -------------------------------------------------------
 -------------------------------------------------------
 OpenMP BLAS3 based DFT computing Module                
 Release: version 1.0, May 2013, Q-Chem Inc. Pittsburgh 
 -------------------------------------------------------
 A unrestricted SCF calculation will be
 performed using DIIS
 SCF converges when DIIS error is below 1.0e-06
 Alpha HF Exchange    Energy = -10.34444026210263
 Beta HF Exchange     Energy = -10.34444026210263
 DFT Correlation      Energy =  -3.08209780808866
 DFT Exchange         Energy = -81.98151075113925
 One-Electron (alpha) Energy = -2000.95515912945825
 One-Electron (beta)  Energy = -2000.95515912945825
 Total Coulomb        Energy = 1330.79802003578584
 ---------------------------------------
  Cycle       Energy         DIIS error
 ---------------------------------------
    1   -2523.1760476640      1.38e-01  
 Alpha HF Exchange    Energy = -10.41560127314384
 Beta HF Exchange     Energy = -10.41560127314385
 DFT Correlation      Energy =  -3.13091872710046
 DFT Exchange         Energy = -82.90284603283986
 One-Electron (alpha) Energy = -2010.48736893402315
 One-Electron (beta)  Energy = -2010.48736893402497
 Total Coulomb        Energy = 1354.06324492835256
    2   -2520.0877206033      9.25e-03  
 Alpha HF Exchange    Energy = -10.29501579965779
 Beta HF Exchange     Energy = -10.29501579965778
 DFT Correlation      Energy =  -3.07451685850430
 DFT Exchange         Energy = -81.90749691418861
 One-Electron (alpha) Energy = -1991.48908662029658
 One-Electron (beta)  Energy = -1991.48908662029589
 Total Coulomb        Energy = 1315.07351718700193
    3   -2519.7879617830      6.96e-03  
 Alpha HF Exchange    Energy = -10.41145158075503
 Beta HF Exchange     Energy = -10.41145158075502
 DFT Correlation      Energy =  -3.12991317848255
 DFT Exchange         Energy = -82.83940470868654
 One-Electron (alpha) Energy = -2011.59215890018459
 One-Electron (beta)  Energy = -2011.59215890018277
 Total Coulomb        Energy = 1356.27818831326726
    4   -2520.0096108932      4.51e-03  
 Alpha HF Exchange    Energy = -10.35082042934194
 Beta HF Exchange     Energy = -10.35082042934196
 DFT Correlation      Energy =  -3.10232798080586
 DFT Exchange         Energy = -82.39486444260181
 One-Electron (alpha) Energy = -2000.57099664754719
 One-Electron (beta)  Energy = -2000.57099664754901
 Total Coulomb        Energy = 1333.37051497261837
    5   -2520.2815719620      2.00e-03  
 Alpha HF Exchange    Energy = -10.35270515422496
 Beta HF Exchange     Energy = -10.35270515422497
 DFT Correlation      Energy =  -3.10429652090759
 DFT Exchange         Energy = -82.41022141418435
 One-Electron (alpha) Energy = -2003.19137768650126
 One-Electron (beta)  Energy = -2003.19137768650057
 Total Coulomb        Energy = 1338.58819160371013
    6   -2520.3257523702      5.68e-04  
 Alpha HF Exchange    Energy = -10.35389001049960
 Beta HF Exchange     Energy = -10.35389001049960
 DFT Correlation      Energy =  -3.10398123211605
 DFT Exchange         Energy = -82.42297060941776
 One-Electron (alpha) Energy = -2002.47128232717318
 One-Electron (beta)  Energy = -2002.47128232717296
 Total Coulomb        Energy = 1337.16150895507326
    7   -2520.3270479192      4.11e-04  
 Alpha HF Exchange    Energy = -10.35493696653138
 Beta HF Exchange     Energy = -10.35493696653137
 DFT Correlation      Energy =  -3.10476132861716
 DFT Exchange         Energy = -82.43112327807498
 One-Electron (alpha) Energy = -2002.86936111475143
 One-Electron (beta)  Energy = -2002.86936111475052
 Total Coulomb        Energy = 1337.96635480841132
    8   -2520.3293863183      1.06e-04  
 Alpha HF Exchange    Energy = -10.35539427330576
 Beta HF Exchange     Energy = -10.35539427330574
 DFT Correlation      Energy =  -3.10509821300364
 DFT Exchange         Energy = -82.43460684271044
 One-Electron (alpha) Energy = -2003.02642121829422
 One-Electron (beta)  Energy = -2003.02642121829240
 Total Coulomb        Energy = 1338.28504467043149
    9   -2520.3295517259      2.99e-05  
 Alpha HF Exchange    Energy = -10.35531667592610
 Beta HF Exchange     Energy = -10.35531667592610
 DFT Correlation      Energy =  -3.10498156991208
 DFT Exchange         Energy = -82.43394810165429
 One-Electron (alpha) Energy = -2002.99632650220497
 One-Electron (beta)  Energy = -2002.99632650220406
 Total Coulomb        Energy = 1338.22392220932352
   10   -2520.3295541759      1.68e-05  
 Alpha HF Exchange    Energy = -10.35537299695716
 Beta HF Exchange     Energy = -10.35537299695717
 DFT Correlation      Energy =  -3.10503234414502
 DFT Exchange         Energy = -82.43439409339265
 One-Electron (alpha) Energy = -2003.01786107668840
 One-Electron (beta)  Energy = -2003.01786107668931
 Total Coulomb        Energy = 1338.26759616871186
   11   -2520.3295587735      2.53e-06  
 Alpha HF Exchange    Energy = -10.35538346194084
 Beta HF Exchange     Energy = -10.35538346194083
 DFT Correlation      Energy =  -3.10503768327235
 DFT Exchange         Energy = -82.43447627559215
 One-Electron (alpha) Energy = -2003.02082261427609
 One-Electron (beta)  Energy = -2003.02082261427495
 Total Coulomb        Energy = 1338.27362761161407
   12   -2520.3295588571      8.20e-07  Convergence criterion met
 ---------------------------------------
 SCF time:   CPU 37.98s  wall 3.00s 
<S^2> =          0.000000000
 Alpha HF Exchange    Energy = -10.35538346194084
 Beta HF Exchange     Energy = -10.35538346194083
 DFT Correlation      Energy =  -3.10503768327235
 DFT Exchange         Energy = -82.43447627559215
 One-Electron (alpha) Energy = -2003.02082261427609
 One-Electron (beta)  Energy = -2003.02082261427495
 Total Coulomb        Energy = 1338.27362761161407
 Nuclear repulsion Energy = 253.68873964259058
 SCF   energy in the final basis set =    -2520.3295588571
 Total energy in the final basis set =    -2520.3295588571
 
 --------------------------------------------------------------
 
                    Orbital Energies (a.u.)
 --------------------------------------------------------------
 
 Alpha MOs
 -- Occupied --
******* -58.107 -52.166 -52.164 -52.161 -10.235 -10.188 -10.188
 -7.839  -5.786  -5.780  -5.769  -2.119  -2.118  -2.109  -2.105
 -2.103  -0.810  -0.696  -0.674  -0.569  -0.465  -0.439  -0.418
 -0.394  -0.360  -0.358  -0.314  -0.277  -0.228
 -- Virtual --
 -0.145   0.019   0.085   0.130   0.147   0.150   0.166   0.178
  0.185   0.197   0.228   0.230   0.313   0.325   0.343   0.456
  0.467   0.485   0.503   0.555   0.579   0.586   0.671   0.679
  0.699   0.756   0.769   0.787   0.824   0.844   0.866   0.866
  0.905   0.907   0.930   0.954   0.959   1.071   1.311   1.384
  1.388   1.472   1.544   1.657   1.725   1.782   1.830   1.856
  1.891   2.017   2.022   2.036   2.038   2.042   2.065   2.095
  2.103   2.103   2.123   2.262   2.307   2.345   2.373   2.509
  2.559   2.618   2.656   2.699   2.716   2.861   2.864   2.895
  2.900   3.167   3.217   3.297   3.412   3.445   3.455   3.494
  4.222   4.233   4.244   4.333   4.345   4.452   4.502   4.613
  5.454  89.729
 
 Beta MOs
 -- Occupied --
******* -58.107 -52.166 -52.164 -52.161 -10.235 -10.188 -10.188
 -7.839  -5.786  -5.780  -5.769  -2.119  -2.118  -2.109  -2.105
 -2.103  -0.810  -0.696  -0.674  -0.569  -0.465  -0.439  -0.418
 -0.394  -0.360  -0.358  -0.314  -0.277  -0.228
 -- Virtual --
 -0.145   0.019   0.085   0.130   0.147   0.150   0.166   0.178
  0.185   0.197   0.228   0.230   0.313   0.325   0.343   0.456
  0.467   0.485   0.503   0.555   0.579   0.586   0.671   0.679
  0.699   0.756   0.769   0.787   0.824   0.844   0.866   0.866
  0.905   0.907   0.930   0.954   0.959   1.071   1.311   1.384
  1.388   1.472   1.544   1.657   1.725   1.782   1.830   1.856
  1.891   2.017   2.022   2.036   2.038   2.042   2.065   2.095
  2.103   2.103   2.123   2.262   2.307   2.345   2.373   2.509
  2.559   2.618   2.656   2.699   2.716   2.861   2.864   2.895
  2.900   3.167   3.217   3.297   3.412   3.445   3.455   3.494
  4.222   4.233   4.244   4.333   4.345   4.452   4.502   4.613
  5.454  89.729
 --------------------------------------------------------------
 
          Ground-State Mulliken Net Atomic Charges

     Atom                 Charge (a.u.)    Spin (a.u.)
  --------------------------------------------------------
      1 C                    -0.299230      -0.000000
      2 C                    -0.157505       0.000000
      3 Se                   -0.058149       0.000000
      4 H                    -0.016536      -0.000000
      5 C                    -0.299230      -0.000000
      6 H                     0.123659      -0.000000
      7 H                     0.105126       0.000000
      8 H                     0.120697       0.000000
      9 H                     0.131686      -0.000000
     10 H                     0.105126      -0.000000
     11 H                     0.123659       0.000000
     12 H                     0.120697       0.000000
  --------------------------------------------------------
  Sum of atomic charges =    -0.000000
  Sum of spin   charges =     0.000000

 -----------------------------------------------------------------
                    Cartesian Multipole Moments
 -----------------------------------------------------------------
    Charge (ESU x 10^10)
                 0.0000
    Dipole Moment (Debye)
         X      -1.9505      Y      -0.0000      Z      -0.5206
       Tot       2.0188
    Quadrupole Moments (Debye-Ang)
        XX     -38.8768     XY      -0.0000     YY     -41.3224
        XZ       0.5414     YZ      -0.0000     ZZ     -37.9343
    Octopole Moments (Debye-Ang^2)
       XXX      45.0798    XXY      -0.0000    XYY      12.7358
       YYY      -0.0000    XXZ       4.0677    XYZ       0.0000
       YYZ       4.9185    XZZ      15.6573    YZZ      -0.0000
       ZZZ      15.4218
    Hexadecapole Moments (Debye-Ang^3)
      XXXX    -456.8678   XXXY       0.0000   XXYY    -119.4128
      XYYY       0.0000   YYYY    -220.5046   XXXZ      10.9110
      XXYZ      -0.0000   XYYZ       4.0548   YYYZ       0.0000
      XXZZ    -100.3901   XYZZ       0.0000   YYZZ     -59.8375
      XZZZ      10.7198   YZZZ       0.0000   ZZZZ    -116.9016
 -----------------------------------------------------------------
 Calculating analytic gradient of the SCF energy
 Gradient of SCF Energy
            1           2           3           4           5           6
    1   0.0000926  -0.0001996  -0.0011076   0.0011346   0.0000926  -0.0000190
    2  -0.0000194  -0.0000000   0.0000000  -0.0000000   0.0000194   0.0000136
    3   0.0000402  -0.0002442  -0.0472879   0.0474135   0.0000402  -0.0000112
            7           8           9          10          11          12
    1  -0.0000054  -0.0000076   0.0000514  -0.0000054  -0.0000190  -0.0000076
    2  -0.0000116   0.0000268  -0.0000000   0.0000116  -0.0000136  -0.0000268
    3   0.0000124  -0.0000068   0.0000496   0.0000124  -0.0000112  -0.0000068
 Max gradient component =       4.741E-02
 RMS gradient           =       1.116E-02
 Gradient time:  CPU 11.60 s  wall 0.97 s
 Geometry Optimization Parameters
   NAtoms,    NIC,     NZ,  NCons,   NDum,   NFix, NCnnct, MaxDiis
       12      75       0       1       0       0       0       0

 Cartesian Hessian Update
 Hessian Updated using BFGS Update


** CONSTRAINED OPTIMIZATION IN DELOCALIZED INTERNAL COORDINATES **
   Searching for a Minimum

   Optimization Cycle:   3

                       Coordinates (Angstroms)
     ATOM                X               Y               Z
      1  C        -1.7325311091    1.2740168468    0.1097533927
      2  C        -1.1224589363    0.0000000000   -0.4719758201
      3  Se        0.8578215643    0.0000000000   -0.3801828388
      4  H         0.9178528443    0.0000000000    2.2191239041
      5  C        -1.7325311091   -1.2740168468    0.1097533927
      6  H        -1.3050801132    2.1718661220   -0.3421543943
      7  H        -2.8166163227    1.2813951725   -0.0591473951
      8  H        -1.5578069317    1.3207020335    1.1895875590
      9  H        -1.2509405190    0.0000000000   -1.5665515697
     10  H        -2.8166163227   -1.2813951725   -0.0591473951
     11  H        -1.3050801132   -2.1718661220   -0.3421543943
     12  H        -1.5578069317   -1.3207020335    1.1895875590
   Point Group: c1    Number of degrees of freedom:    30


   Energy is  -2520.329558857

              Constraints and their Current Values
                                        Value     Constraint
   Distance(Angs):        3   4             2.600000     2.600000
 Hessian Updated using BFGS Update

 15 Hessian modes will be used to form the next step
  Hessian Eigenvalues:
     0.042247    0.062301    0.078555    0.082520    0.084015    0.116989
     0.159524    0.160000    0.177635    0.217399    0.297863    0.332716
     0.339912    0.342720    0.345776

 Minimum Search - Taking Simple RFO Step
 Searching for Lamda that Minimizes Along All modes
 Value Taken    Lamda =   0.00000000
 Step Taken.  Stepsize is  0.003570

                             Maximum     Tolerance    Cnvgd?
         Gradient           0.000151      0.000300     YES
         Displacement       0.001522      0.001200      NO
         Energy change      0.000188      0.000001      NO


 New Cartesian Coordinates Obtained by Inverse Iteration

 Displacement from previous Coordinates is:  0.008213
 ----------------------------------------------------------------
             Standard Nuclear Orientation (Angstroms)
    I     Atom           X                Y                Z
 ----------------------------------------------------------------
    1      C      -1.7322338681     1.2739813614     0.1100113576
    2      C      -1.1219954690     0.0000000000    -0.4716743579
    3      Se      0.8580058121     0.0000000000    -0.3815520534
    4      H       0.9142563960     0.0000000000     2.2178392542
    5      C      -1.7322338681    -1.2739813614     0.1100113576
    6      H      -1.3047055013     2.1717762572    -0.3418908961
    7      H      -2.8163185377     1.2813815177    -0.0588360327
    8      H      -1.5572549604     1.3203891001     1.1898288721
    9      H      -1.2510350041     0.0000000000    -1.5663474447
   10      H      -2.8163185377    -1.2813815176    -0.0588360327
   11      H      -1.3047055013    -2.1717762572    -0.3418908961
   12      H      -1.5572549604    -1.3203891001     1.1898288721
 ----------------------------------------------------------------
 Nuclear Repulsion Energy =   253.6995888120 hartrees
 There are       30 alpha and       30 beta electrons

                       Distance Matrix (Angstroms)
             C (  1)   C (  2)   Se(  3)   H (  4)   C (  5)   H (  6)
   C (  2)  1.527671
   Se(  3)  2.928140  1.982051
   H (  4)  3.615229  3.373397  2.600000
   C (  5)  2.547963  1.527671  2.928140  3.615229
   H (  6)  1.092260  2.183309  3.065209  4.024006  3.501463
   H (  7)  1.097180  2.164048  3.904708  4.554380  2.780940  1.777047
   H (  8)  1.094887  2.166442  3.169566  2.984728  2.815561  1.770539
   H (  9)  2.159805  1.102252  2.419048  4.359880  2.159805  2.493749
   H ( 10)  2.780940  2.164048  3.904708  4.554380  1.097180  3.780131
   H ( 11)  3.501463  2.183309  3.065209  4.024006  1.092260  4.343553
   H ( 12)  2.815561  2.166442  3.169566  2.984728  1.094887  3.821671
             H (  7)   H (  8)   H (  9)   H ( 10)   H ( 11)
   H (  8)  1.773676
   H (  9)  2.522824  3.071434
   H ( 10)  2.562763  3.148589  2.522824
   H ( 11)  3.780131  3.821671  2.493749  1.777047
   H ( 12)  3.148589  2.640778  3.071434  1.773676  1.770539
 
 Applying Cartesian multipole field
    Component          Value
    ---------          -----
     (2,0,0)        1.00000E-11
     (0,2,0)        2.00000E-11
     (0,0,2)       -3.00000E-11
 Nucleus-field energy     =     0.0000000041 hartrees
 Requested basis set is 6-31G(d,p)
 There are 44 shells and 120 basis functions
 A cutoff of  1.0D-14 yielded    954 shell pairs
 There are      7191 function pairs
 Smallest overlap matrix eigenvalue = 6.75E-04
 Guess from superposition of atomic densities
 Warning:  Energy on first SCF cycle will be non-variational
 SAD guess density has 59.968191 electrons

 -----------------------------------------------------------------------
  General SCF calculation program by
  Eric Jon Sundstrom, Paul Horn, Yuezhi Mao, Dmitri Zuev, Alec White,
  David Stuck, Shaama M.S., Shane Yost, Joonho Lee, David Small,
  Daniel Levine, Susi Lehtola, Hugh Burton, Evgeny Epifanovsky
 -----------------------------------------------------------------------
 Exchange:     0.2000 Hartree-Fock + 0.0800 Slater + 0.7200 B88
 Correlation:  0.1900 VWN1RPA + 0.8100 LYP
 Using SG-1 standard quadrature grid
 using 12 threads for integral computing
 -------------------------------------------------------
 OpenMP Integral computing Module                
 Release: version 1.0, May 2013, Q-Chem Inc. Pittsburgh 
 -------------------------------------------------------
 -------------------------------------------------------
 OpenMP BLAS3 based DFT computing Module                
 Release: version 1.0, May 2013, Q-Chem Inc. Pittsburgh 
 -------------------------------------------------------
 A unrestricted SCF calculation will be
 performed using DIIS
 SCF converges when DIIS error is below 1.0e-06
 Alpha HF Exchange    Energy = -10.34445879443494
 Beta HF Exchange     Energy = -10.34445879443494
 DFT Correlation      Energy =  -3.08210878652682
 DFT Exchange         Energy = -81.98154338988444
 One-Electron (alpha) Energy = -2000.96598603083703
 One-Electron (beta)  Energy = -2000.96598603083703
 Total Coulomb        Energy = 1330.80868520839863
 ---------------------------------------
  Cycle       Energy         DIIS error
 ---------------------------------------
    1   -2523.1762678024      1.38e-01  
 Alpha HF Exchange    Energy = -10.41559949280335
 Beta HF Exchange     Energy = -10.41559949280334
 DFT Correlation      Energy =  -3.13092405720082
 DFT Exchange         Energy = -82.90284244232045
 One-Electron (alpha) Energy = -2010.49576894129109
 One-Electron (beta)  Energy = -2010.49576894129063
 Total Coulomb        Energy = 1354.06914782126591
    2   -2520.0877667303      9.25e-03  
 Alpha HF Exchange    Energy = -10.29502243799130
 Beta HF Exchange     Energy = -10.29502243799130
 DFT Correlation      Energy =  -3.07453182257080
 DFT Exchange         Energy = -81.90755184774649
 One-Electron (alpha) Energy = -1991.50378478025959
 One-Electron (beta)  Energy = -1991.50378478025914
 Total Coulomb        Energy = 1315.09192595666559
    3   -2519.7881833340      6.96e-03  
 Alpha HF Exchange    Energy = -10.41145065245681
 Beta HF Exchange     Energy = -10.41145065245680
 DFT Correlation      Energy =  -3.12991586315146
 DFT Exchange         Energy = -82.83939777759753
 One-Electron (alpha) Energy = -2011.60016540473703
 One-Electron (beta)  Energy = -2011.60016540473657
 Total Coulomb        Energy = 1356.28335185459287
    4   -2520.0096050844      4.51e-03  
 Alpha HF Exchange    Energy = -10.35082898925924
 Beta HF Exchange     Energy = -10.35082898925925
 DFT Correlation      Energy =  -3.10234049028934
 DFT Exchange         Energy = -82.39491934442157
 One-Electron (alpha) Energy = -2000.58139112644130
 One-Electron (beta)  Energy = -2000.58139112644176
 Total Coulomb        Energy = 1333.38061444281220
    5   -2520.2814968071      2.00e-03  
 Alpha HF Exchange    Energy = -10.35270321774310
 Beta HF Exchange     Energy = -10.35270321774309
 DFT Correlation      Energy =  -3.10430378673553
 DFT Exchange         Energy = -82.41020772056598
 One-Electron (alpha) Energy = -2003.20088125677694
 One-Electron (beta)  Energy = -2003.20088125677603
 Total Coulomb        Energy = 1338.59633539113383
    6   -2520.3257562490      5.68e-04  
 Alpha HF Exchange    Energy = -10.35389142790144
 Beta HF Exchange     Energy = -10.35389142790145
 DFT Correlation      Energy =  -3.10399089447451
 DFT Exchange         Energy = -82.42297892853786
 One-Electron (alpha) Energy = -2002.48214929864844
 One-Electron (beta)  Energy = -2002.48214929864866
 Total Coulomb        Energy = 1337.17241255486283
    7   -2520.3270499051      4.11e-04  
 Alpha HF Exchange    Energy = -10.35493862605206
 Beta HF Exchange     Energy = -10.35493862605208
 DFT Correlation      Energy =  -3.10477065243158
 DFT Exchange         Energy = -82.43113544071599
 One-Electron (alpha) Energy = -2002.87989553015836
 One-Electron (beta)  Energy = -2002.87989553015859
 Total Coulomb        Energy = 1337.97659876286684
    8   -2520.3293868265      1.06e-04  
 Alpha HF Exchange    Energy = -10.35539590081402
 Beta HF Exchange     Energy = -10.35539590081402
 DFT Correlation      Energy =  -3.10510731843956
 DFT Exchange         Energy = -82.43461900672928
 One-Electron (alpha) Energy = -2003.03690610170543
 One-Electron (beta)  Energy = -2003.03690610170520
 Total Coulomb        Energy = 1338.29518932459200
    9   -2520.3295521894      2.99e-05  
 Alpha HF Exchange    Energy = -10.35531833883796
 Beta HF Exchange     Energy = -10.35531833883796
 DFT Correlation      Energy =  -3.10499076357367
 DFT Exchange         Energy = -82.43396067398866
 One-Electron (alpha) Energy = -2003.00681002452848
 One-Electron (beta)  Energy = -2003.00681002452825
 Total Coulomb        Energy = 1338.23406472449528
   10   -2520.3295546236      1.68e-05  
 Alpha HF Exchange    Energy = -10.35537468962666
 Beta HF Exchange     Energy = -10.35537468962666
 DFT Correlation      Energy =  -3.10504153182878
 DFT Exchange         Energy = -82.43440696428607
 One-Electron (alpha) Energy = -2003.02834535461943
 One-Electron (beta)  Energy = -2003.02834535461830
 Total Coulomb        Energy = 1338.27774054138308
   11   -2520.3295592270      2.54e-06  
 Alpha HF Exchange    Energy = -10.35538517333569
 Beta HF Exchange     Energy = -10.35538517333569
 DFT Correlation      Energy =  -3.10504687973330
 DFT Exchange         Energy = -82.43448930404575
 One-Electron (alpha) Energy = -2003.03131288709528
 One-Electron (beta)  Energy = -2003.03131288709551
 Total Coulomb        Energy = 1338.28378417738463
   12   -2520.3295593111      8.24e-07  Convergence criterion met
 ---------------------------------------
 SCF time:   CPU 36.83s  wall 3.00s 
<S^2> =         -0.000000000
 Alpha HF Exchange    Energy = -10.35538517333569
 Beta HF Exchange     Energy = -10.35538517333569
 DFT Correlation      Energy =  -3.10504687973330
 DFT Exchange         Energy = -82.43448930404575
 One-Electron (alpha) Energy = -2003.03131288709528
 One-Electron (beta)  Energy = -2003.03131288709551
 Total Coulomb        Energy = 1338.28378417738463
 Nuclear repulsion Energy = 253.69958881618254
 SCF   energy in the final basis set =    -2520.3295593111
 Total energy in the final basis set =    -2520.3295593111
 
 --------------------------------------------------------------
 
                    Orbital Energies (a.u.)
 --------------------------------------------------------------
 
 Alpha MOs
 -- Occupied --
******* -58.107 -52.166 -52.164 -52.161 -10.235 -10.188 -10.188
 -7.839  -5.786  -5.780  -5.769  -2.119  -2.118  -2.109  -2.105
 -2.103  -0.810  -0.696  -0.674  -0.569  -0.465  -0.439  -0.418
 -0.394  -0.360  -0.358  -0.314  -0.277  -0.228
 -- Virtual --
 -0.145   0.019   0.085   0.130   0.147   0.150   0.166   0.178
  0.185   0.197   0.228   0.230   0.313   0.325   0.343   0.456
  0.467   0.485   0.503   0.555   0.579   0.586   0.671   0.679
  0.699   0.756   0.769   0.787   0.824   0.844   0.866   0.866
  0.905   0.907   0.930   0.954   0.959   1.071   1.311   1.384
  1.388   1.472   1.544   1.657   1.725   1.782   1.830   1.856
  1.891   2.017   2.022   2.036   2.038   2.042   2.065   2.095
  2.102   2.103   2.123   2.263   2.307   2.345   2.373   2.509
  2.559   2.618   2.656   2.699   2.716   2.861   2.864   2.895
  2.900   3.167   3.217   3.297   3.412   3.445   3.455   3.494
  4.222   4.233   4.244   4.333   4.345   4.452   4.502   4.613
  5.454  89.729
 
 Beta MOs
 -- Occupied --
******* -58.107 -52.166 -52.164 -52.161 -10.235 -10.188 -10.188
 -7.839  -5.786  -5.780  -5.769  -2.119  -2.118  -2.109  -2.105
 -2.103  -0.810  -0.696  -0.674  -0.569  -0.465  -0.439  -0.418
 -0.394  -0.360  -0.358  -0.314  -0.277  -0.228
 -- Virtual --
 -0.145   0.019   0.085   0.130   0.147   0.150   0.166   0.178
  0.185   0.197   0.228   0.230   0.313   0.325   0.343   0.456
  0.467   0.485   0.503   0.555   0.579   0.586   0.671   0.679
  0.699   0.756   0.769   0.787   0.824   0.844   0.866   0.866
  0.905   0.907   0.930   0.954   0.959   1.071   1.311   1.384
  1.388   1.472   1.544   1.657   1.725   1.782   1.830   1.856
  1.891   2.017   2.022   2.036   2.038   2.042   2.065   2.095
  2.102   2.103   2.123   2.263   2.307   2.345   2.373   2.509
  2.559   2.618   2.656   2.699   2.716   2.861   2.864   2.895
  2.900   3.167   3.217   3.297   3.412   3.445   3.455   3.494
  4.222   4.233   4.244   4.333   4.345   4.452   4.502   4.613
  5.454  89.729
 --------------------------------------------------------------
 
          Ground-State Mulliken Net Atomic Charges

     Atom                 Charge (a.u.)    Spin (a.u.)
  --------------------------------------------------------
      1 C                    -0.299209       0.000000
      2 C                    -0.157446      -0.000000
      3 Se                   -0.058038       0.000000
      4 H                    -0.016623      -0.000000
      5 C                    -0.299209      -0.000000
      6 H                     0.123654      -0.000000
      7 H                     0.105145       0.000000
      8 H                     0.120660      -0.000000
      9 H                     0.131608       0.000000
     10 H                     0.105145      -0.000000
     11 H                     0.123654       0.000000
     12 H                     0.120660       0.000000
  --------------------------------------------------------
  Sum of atomic charges =    -0.000000
  Sum of spin   charges =    -0.000000

 -----------------------------------------------------------------
                    Cartesian Multipole Moments
 -----------------------------------------------------------------
    Charge (ESU x 10^10)
                 0.0000
    Dipole Moment (Debye)
         X      -1.9495      Y       0.0000      Z      -0.5211
       Tot       2.0179
    Quadrupole Moments (Debye-Ang)
        XX     -38.8750     XY      -0.0000     YY     -41.3231
        XZ       0.5394     YZ       0.0000     ZZ     -37.9375
    Octopole Moments (Debye-Ang^2)
       XXX      45.0632    XXY       0.0000    XYY      12.7324
       YYY      -0.0000    XXZ       4.0830    XYZ       0.0000
       YYZ       4.9400    XZZ      15.6487    YZZ       0.0000
       ZZZ      15.4748
    Hexadecapole Moments (Debye-Ang^3)
      XXXX    -456.6810   XXXY       0.0000   XXYY    -119.3828
      XYYY       0.0000   YYYY    -220.4949   XXXZ      11.0325
      XXYZ      -0.0000   XYYZ       4.1056   YYYZ      -0.0000
      XXZZ    -100.3916   XYZZ       0.0000   YYZZ     -59.8515
      XZZZ      10.8243   YZZZ      -0.0000   ZZZZ    -116.9919
 -----------------------------------------------------------------
 Calculating analytic gradient of the SCF energy
 Gradient of SCF Energy
            1           2           3           4           5           6
    1   0.0000161  -0.0000413  -0.0010429   0.0010222   0.0000161  -0.0000145
    2   0.0000081  -0.0000000   0.0000000   0.0000000  -0.0000081  -0.0000049
    3   0.0000188   0.0000082  -0.0473904   0.0474053   0.0000188  -0.0000182
            7           8           9          10          11          12
    1  -0.0000114   0.0000088   0.0000641  -0.0000114  -0.0000145   0.0000088
    2  -0.0000010  -0.0000003  -0.0000000   0.0000010   0.0000049   0.0000003
    3   0.0000090  -0.0000097  -0.0000229   0.0000090  -0.0000182  -0.0000097
 Max gradient component =       4.741E-02
 RMS gradient           =       1.117E-02
 Gradient time:  CPU 11.61 s  wall 0.97 s
 Geometry Optimization Parameters
   NAtoms,    NIC,     NZ,  NCons,   NDum,   NFix, NCnnct, MaxDiis
       12      75       0       1       0       0       0       0

 Cartesian Hessian Update
 Hessian Updated using BFGS Update


** CONSTRAINED OPTIMIZATION IN DELOCALIZED INTERNAL COORDINATES **
   Searching for a Minimum

   Optimization Cycle:   4

                       Coordinates (Angstroms)
     ATOM                X               Y               Z
      1  C        -1.7322338681    1.2739813614    0.1100113576
      2  C        -1.1219954690    0.0000000000   -0.4716743579
      3  Se        0.8580058121    0.0000000000   -0.3815520534
      4  H         0.9142563960    0.0000000000    2.2178392542
      5  C        -1.7322338681   -1.2739813614    0.1100113576
      6  H        -1.3047055013    2.1717762572   -0.3418908961
      7  H        -2.8163185377    1.2813815177   -0.0588360327
      8  H        -1.5572549604    1.3203891001    1.1898288721
      9  H        -1.2510350041    0.0000000000   -1.5663474447
     10  H        -2.8163185377   -1.2813815176   -0.0588360327
     11  H        -1.3047055013   -2.1717762572   -0.3418908961
     12  H        -1.5572549604   -1.3203891001    1.1898288721
   Point Group: c1    Number of degrees of freedom:    30


   Energy is  -2520.329559311

              Constraints and their Current Values
                                        Value     Constraint
   Distance(Angs):        3   4             2.600000     2.600000
 Hessian Updated using BFGS Update

 15 Hessian modes will be used to form the next step
  Hessian Eigenvalues:
     0.033392    0.063521    0.078713    0.082233    0.084086    0.131017
     0.159974    0.161996    0.177304    0.217778    0.297856    0.334646
     0.340353    0.342887    0.345863

 Minimum Search - Taking Simple RFO Step
 Searching for Lamda that Minimizes Along All modes
 Value Taken    Lamda =   0.00000000
 Step Taken.  Stepsize is  0.001320

                             Maximum     Tolerance    Cnvgd?
         Gradient           0.000051      0.000300     YES
         Displacement       0.000927      0.001200     YES
         Energy change     -0.000000      0.000001     YES


                       Distance Matrix (Angstroms)
             C (  1)   C (  2)   Se(  3)   H (  4)   C (  5)   H (  6)
   C (  2)  1.527671
   Se(  3)  2.928140  1.982051
   H (  4)  3.615229  3.373397  2.600000
   C (  5)  2.547963  1.527671  2.928140  3.615229
   H (  6)  1.092260  2.183309  3.065209  4.024006  3.501463
   H (  7)  1.097180  2.164048  3.904708  4.554380  2.780940  1.777047
   H (  8)  1.094887  2.166442  3.169566  2.984728  2.815561  1.770539
   H (  9)  2.159805  1.102252  2.419048  4.359880  2.159805  2.493749
   H ( 10)  2.780940  2.164048  3.904708  4.554380  1.097180  3.780131
   H ( 11)  3.501463  2.183309  3.065209  4.024006  1.092260  4.343553
   H ( 12)  2.815561  2.166442  3.169566  2.984728  1.094887  3.821671
             H (  7)   H (  8)   H (  9)   H ( 10)   H ( 11)
   H (  8)  1.773676
   H (  9)  2.522824  3.071434
   H ( 10)  2.562763  3.148589  2.522824
   H ( 11)  3.780131  3.821671  2.493749  1.777047
   H ( 12)  3.148589  2.640778  3.071434  1.773676  1.770539
 
 Final energy is   -2520.32955931107     


 ******************************
 **  OPTIMIZATION CONVERGED  **
 ******************************

                       Coordinates (Angstroms)
     ATOM                X               Y               Z
      1  C        -1.7322338681    1.2739813614    0.1100113576
      2  C        -1.1219954690    0.0000000000   -0.4716743579
      3  Se        0.8580058121    0.0000000000   -0.3815520534
      4  H         0.9142563960    0.0000000000    2.2178392542
      5  C        -1.7322338681   -1.2739813614    0.1100113576
      6  H        -1.3047055013    2.1717762572   -0.3418908961
      7  H        -2.8163185377    1.2813815177   -0.0588360327
      8  H        -1.5572549604    1.3203891001    1.1898288721
      9  H        -1.2510350041    0.0000000000   -1.5663474447
     10  H        -2.8163185377   -1.2813815176   -0.0588360327
     11  H        -1.3047055013   -2.1717762572   -0.3418908961
     12  H        -1.5572549604   -1.3203891001    1.1898288721

Z-matrix Print:
$molecule
0 1
Se
C  1 1.982051
H  2 1.102252 1 99.329066
C  2 1.527671 1 112.440914 3 115.542970 0
H  4 1.092260 2 111.812769 1 -53.198365 0
H  4 1.094887 2 110.306005 1 67.124330 0
H  4 1.097180 2 109.981505 1 -173.825627 0
C  2 1.527671 1 112.440914 3 -115.542970 0
H  8 1.092260 2 111.812769 1 53.198365 0
H  8 1.094887 2 110.306005 1 -67.124330 0
H  8 1.097180 2 109.981505 1 173.825627 0
H  1 2.600000 2 93.845774 3 -180.000000 0
$end

PES scan, value:    2.6000 energy: -2520.3295593111
------- Summary of potential scan: ------ 
    2.6000     -2520.3295593111
----------------------------------------- 
Archival summary:
1\1\hpc0248\JobtypUnspecified\ProcedureUnspecified\6-31G**\e138\knomura\WedMar1316:26:542019WedMar1316:26:542019\0\\#,JobtypUnspecified,ProcedureUnspecified,6-31G**,\\0,1\Se\C,1,1.98205\H,2,1.10225,1,99.3291\C,2,1.52767,1,112.441,3,115.543,0\H,4,1.09226,2,111.813,1,-53.1984,0\H,4,1.09489,2,110.306,1,67.1243,0\H,4,1.09718,2,109.982,1,-173.826,0\C,2,1.52767,1,112.441,3,-115.543,0\H,8,1.09226,2,111.813,1,53.1984,0\H,8,1.09489,2,110.306,1,-67.1243,0\H,8,1.09718,2,109.982,1,173.826,0\H,1,2.6,2,93.8458,3,-180,0\\\@

 Total job time:  19.43s(wall), 218.80s(cpu) 
 Wed Mar 13 16:26:54 2019

        *************************************************************
        *                                                           *
        *  Thank you very much for using Q-Chem.  Have a nice day.  *
        *                                                           *
        *************************************************************


