
Running Job 1 of 1 selenium/01/Se-H.xyz.data/inputs/bond_singlet_1.6.in
qchem selenium/01/Se-H.xyz.data/inputs/bond_singlet_1.6.in_22671.0 /staging/scratch/2868765/qchem22671/ 1
/usr/usc/qchem/5.1.1/exe/qcprog.exe_s selenium/01/Se-H.xyz.data/inputs/bond_singlet_1.6.in_22671.0 /staging/scratch/2868765/qchem22671/
Check license passed

                  Welcome to Q-Chem
     A Quantum Leap Into The Future Of Chemistry


 Q-Chem 5.1, Q-Chem, Inc., Pleasanton, CA (2018)

 Yihan Shao,  Zhengting Gan,  E. Epifanovsky,  A. T. B. Gilbert,  M. Wormit,  
 J. Kussmann,  A. W. Lange,  A. Behn,  Jia Deng,  Xintian Feng,  D. Ghosh,  
 M. Goldey,  P. R. Horn,  L. D. Jacobson,  I. Kaliman,  T. Kus,  A. Landau,  
 Jie Liu,  E. I. Proynov,  R. M. Richard,  R. P. Steele,  E. J. Sundstrom,  
 H. L. Woodcock III,  P. M. Zimmerman,  D. Zuev,  B. Albrecht,  E. Alguire,  
 S. A. Baeppler,  D. Barton,  Z. Benda,  Y. A. Bernard,  E. J. Berquist,  
 K. B. Bravaya,  H. Burton,  D. Casanova,  Chun-Min Chang,  Yunqing Chen,  
 A. Chien,  K. D. Closser,  M. P. Coons,  S. Coriani,  S. Dasgupta,  
 A. L. Dempwolff,  M. Diedenhofen,  Hainam Do,  R. G. Edgar,  Po-Tung Fang,  
 S. Faraji,  S. Fatehi,  Qingguo Feng,  K. D. Fenk,  J. Fosso-Tande,  
 Qinghui Ge,  A. Ghysels,  G. Gidofalvi,  J. Gomes,  J. Gonthier,  A. Gunina,  
 D. Hait,  M. W. D. Hanson-Heine,  P. H. P. Harbach,  A. W. Hauser,  
 J. E. Herr,  E. G. Hohenstein,  Z. C. Holden,  Kerwin Hui,  B. C. Huynh,  
 T.-C. Jagau,  Hyunjun Ji,  B. Kaduk,  K. Khistyaev,  Jaehoon Kim,  
 P. Klunzinger,  K. Koh,  D. Kosenkov,  L. Koulias,  T. Kowalczyk,  
 C. M. Krauter,  A. Kunitsa,  Ka Un Lao,  A. Laurent,  K. V. Lawler,  
 Joonho Lee,  D. Lefrancois,  S. Lehtola,  D. S. Levine,  Yi-Pei Li,  
 You-Sheng Lin,  Fenglai Liu,  E. Livshits,  A. Luenser,  P. Manohar,  
 E. Mansoor,  S. F. Manzer,  Shan-Ping Mao,  Yuezhi Mao,  N. Mardirossian,  
 A. V. Marenich,  T. Markovich,  L. A. Martinez-Martinez,  S. A. Maurer,  
 N. J. Mayhall,  S. C. McKenzie,  J.-M. Mewes,  A. F. Morrison,  
 J. W. Mullinax,  K. Nanda,  T. S. Nguyen-Beck,  R. Olivares-Amaya,  
 J. A. Parkhill,  T. M. Perrine,  F. Plasser,  P. Pokhilko,  S. Prager,  
 A. Prociuk,  E. Ramos,  D. R. Rehn,  F. Rob,  M. Schneider,  N. Sergueev,  
 S. M. Sharada,  S. Sharma,  D. W. Small,  T. Stauch,  T. Stein,  
 Yu-Chuan Su,  A. J. W. Thom,  A. Tkatchenko,  T. Tsuchimochi,  N. M. Tubman,  
 L. Vogt,  M. L. Vidal,  O. Vydrov,  M. A. Watson,  J. Wenzel,  
 M. de Wergifosse,  T. A. Wesolowski,  A. White,  J. Witte,  A. Yamada,  
 Jun Yang,  K. Yao,  S. Yeganeh,  S. R. Yost,  Zhi-Qiang You,  A. Zech,  
 Igor Ying Zhang,  Xing Zhang,  Yan Zhao,  Ying Zhu,  B. R. Brooks,  
 G. K. L. Chan,  C. J. Cramer,  M. S. Gordon,  W. J. Hehre,  A. Klamt,  
 M. W. Schmidt,  C. D. Sherrill,  D. G. Truhlar,  A. Aspuru-Guzik,  R. Baer,  
 A. T. Bell,  N. A. Besley,  Jeng-Da Chai,  A. E. DePrince, III,  
 R. A. DiStasio Jr.,  A. Dreuw,  B. D. Dunietz,  T. R. Furlani,  
 Chao-Ping Hsu,  Yousung Jung,  Jing Kong,  D. S. Lambrecht,  WanZhen Liang,  
 C. Ochsenfeld,  V. A. Rassolov,  L. V. Slipchenko,  J. E. Subotnik,  
 T. Van Voorhis,  J. M. Herbert,  A. I. Krylov,  P. M. W. Gill,  M. Head-Gordon

 Contributors to earlier versions of Q-Chem not listed above: 
 R. D. Adamson,  B. Austin,  J. Baker,  G. J. O. Beran,  K. Brandhorst,  
 S. T. Brown,  E. F. C. Byrd,  A. K. Chakraborty,  C.-L. Cheng,  
 Siu Hung Chien,  D. M. Chipman,  D. L. Crittenden,  H. Dachsel,  
 R. J. Doerksen,  A. D. Dutoi,  L. Fusti-Molnar,  W. A. Goddard III,  
 A. Golubeva-Zadorozhnaya,  S. R. Gwaltney,  G. Hawkins,  A. Heyden,  
 S. Hirata,  G. Kedziora,  F. J. Keil,  C. Kelley,  Jihan Kim,  R. A. King,  
 R. Z. Khaliullin,  P. P. Korambath,  W. Kurlancheek,  A. M. Lee,  M. S. Lee,  
 S. V. Levchenko,  Ching Yeh Lin,  D. Liotard,  R. C. Lochan,  I. Lotan,  
 P. E. Maslen,  N. Nair,  D. P. O'Neill,  D. Neuhauser,  E. Neuscamman,  
 C. M. Oana,  R. Olson,  B. Peters,  R. Peverati,  P. A. Pieniazek,  
 Y. M. Rhee,  J. Ritchie,  M. A. Rohrdanz,  E. Rosta,  N. J. Russ,  
 H. F. Schaefer III,  N. E. Schultz,  N. Shenvi,  A. C. Simmonett,  A. Sodt,  
 D. Stuck,  K. S. Thanthiriwatte,  V. Vanovschi,  Tao Wang,  A. Warshel,  
 C. F. Williams,  Q. Wu,  X. Xu,  W. Zhang

 Please cite Q-Chem as follows:
 Y. Shao et al., Mol. Phys. 113, 184-215 (2015)
 DOI: 10.1080/00268976.2014.952696

 Q-Chem 5.1.1 for Intel X86 EM64T Linux

 Parts of Q-Chem use Armadillo 8.300.2 (Tropical Shenanigans).
 http://arma.sourceforge.net/

 Q-Chem begins on Wed Mar 13 16:23:33 2019  

Host: 
0

     Scratch files written to /staging/scratch/2868765/qchem22671//
 Aug318 |scratch|qcdevops|jenkins|workspace|build_RNUM 6013   
Processing $rem in /usr/usc/qchem/5.1.1/config/preferences.
 MEM_TOTAL  2000 
Input Ideriv = 2
Curr. Ideriv = -1
Max.  Ideriv = 2

Checking the input file for inconsistencies... 	...done.

--------------------------------------------------------------
User input:
--------------------------------------------------------------

$comment
potential surface scanner
$end

$rem
JOBTYPE  PES_SCAN
UNRESTRICTED TRUE
SYM_IGNORE  TRUE
GEOM_OPT_MAX_CYCLES 400
SCF_MAX_CYCLES 400
METHOD   B3LYP
BASIS   6-31G**
PDB_PRINT 2
SCF_CONVERGENCE 6
THRESH 14
SCF_PRINT 1
$end
$molecule
0 1
C -1.732642 1.273150 0.152534
C -1.074808 0.000000 -0.376825
Se 0.903779 0.000000 -0.048196
H 0.776525 0.000000 1.446396
C -1.732642 -1.273150 0.152534
H -1.263686 2.170227 -0.257952
H -2.796923 1.285310 -0.115623
H -1.666294 1.325886 1.244658
H -1.108204 0.000000 -1.472110
H -2.796923 -1.285310 -0.115623
H -1.263686 -2.170227 -0.257952
H -1.666294 -1.325886 1.244658
$end
$scan
stre 3 4 1.600000 1.601000 0.100000
$end
--------------------------------------------------------------
 ----------------------------------------------------------------
             Standard Nuclear Orientation (Angstroms)
    I     Atom           X                Y                Z
 ----------------------------------------------------------------
    1      C      -1.7326420000     1.2731500000     0.1525340000
    2      C      -1.0748080000     0.0000000000    -0.3768250000
    3      Se      0.9037790000     0.0000000000    -0.0481960000
    4      H       0.7765250000     0.0000000000     1.4463960000
    5      C      -1.7326420000    -1.2731500000     0.1525340000
    6      H      -1.2636860000     2.1702270000    -0.2579520000
    7      H      -2.7969230000     1.2853100000    -0.1156230000
    8      H      -1.6662940000     1.3258860000     1.2446580000
    9      H      -1.1082040000     0.0000000000    -1.4721100000
   10      H      -2.7969230000    -1.2853100000    -0.1156230000
   11      H      -1.2636860000    -2.1702270000    -0.2579520000
   12      H      -1.6662940000    -1.3258860000     1.2446580000
 ----------------------------------------------------------------
 Nuclear Repulsion Energy =   258.4766949581 hartrees
 There are       30 alpha and       30 beta electrons
 Requested basis set is 6-31G(d,p)
 There are 44 shells and 120 basis functions

 Total QAlloc Memory Limit   2000 MB
 Mega-Array Size       188 MB
 MEM_STATIC part       192 MB
A total of 1 constraints
  
            1
    1   1.0100000
    2   3.0100000
    3   4.0100000
    4   1.6000000
    5   1.6010000
    6   0.1000000
    7   0.0000000
    8   0.0000000
    9   0.0000000
   10   0.0000000

                       Distance Matrix (Angstroms)
             C (  1)   C (  2)   Se(  3)   H (  4)   C (  5)   H (  6)
   C (  2)  1.527703
   Se(  3)  2.934607  2.005693
   H (  4)  3.096919  2.598378  1.500000
   C (  5)  2.546300  1.527703  2.934607  3.096919
   H (  6)  1.092321  2.181672  3.074376  3.431785  3.499323
   H (  7)  1.097611  2.164701  3.918133  4.106270  2.783940  1.775993
   H (  8)  1.095408  2.176473  3.167763  2.786761  2.819951  1.769984
   H (  9)  2.156456  1.095794  2.464875  3.474173  2.156456  2.491634
   H ( 10)  2.783940  2.164701  3.918133  4.106270  1.097611  3.783095
   H ( 11)  3.499323  2.181672  3.074376  3.431785  1.092321  4.340454
   H ( 12)  2.819951  2.176473  3.167763  2.786761  1.095408  3.826583
             H (  7)   H (  8)   H (  9)   H ( 10)   H ( 11)
   H (  8)  1.769275
   H (  9)  2.518700  3.074129
   H ( 10)  2.570620  3.153891  2.518700
   H ( 11)  3.783095  3.826583  2.491634  1.775993
   H ( 12)  3.153891  2.651772  3.074129  1.769275  1.769984
 
 A cutoff of  1.0D-14 yielded    960 shell pairs
 There are      7227 function pairs
 
 -------------------------------------------------------
 OpenMP Integral Computing Module                       
 Release: version 1.0, May 2013, Q-Chem Inc. Pittsburgh 
 -------------------------------------------------------
 Integral Job Info:
 Integral job number is                      11
 Integral operator is                         1
 short-range coefficients                     0
 long-range coefficients              100000000
 Omega coefficients                           0
 if combine SR and LR in K                    0
 Integral screening is                        0
 Integral computing path is                   2
 max size of driver memory is            800000
 size of driver memory is                593474
 size of scratch memory is             15267112
 max col of scratch BK array               1296
 max len of scratch array in speh3          155
 max len of scratch index in speh4           18
 max int batch size is                      520
 min int batch size is                       52
 fixed nKL is                                52
 max L of basis functions is                  2
 order of int derivative is                   0
 number of shells is                         44
 number of basis is                         120
 number of cartesian basis is               120
 number of contracted shell pairs           960
 number of primitive shell pairs           3637
 maxK2 (contraction) of shell pair           36
 max number of K2 of shell pair               1
 max number of CS2 of shell pair             86
 max number of PS2 of shell pair            276
 mem total for path MDJ                  519708
 -------------------------------------------------------
 Smallest overlap matrix eigenvalue = 6.75E-04

 Scale SEOQF with 1.000000e-01/1.000000e-01/1.000000e+00

 Standard Electronic Orientation quadrupole field applied
 Nucleus-field energy     =    -0.0000000033 hartrees
 Guess from superposition of atomic densities
 Warning:  Energy on first SCF cycle will be non-variational
 SAD guess density has 59.968191 electrons

 -----------------------------------------------------------------------
  General SCF calculation program by
  Eric Jon Sundstrom, Paul Horn, Yuezhi Mao, Dmitri Zuev, Alec White,
  David Stuck, Shaama M.S., Shane Yost, Joonho Lee, David Small,
  Daniel Levine, Susi Lehtola, Hugh Burton, Evgeny Epifanovsky
 -----------------------------------------------------------------------
 Exchange:     0.2000 Hartree-Fock + 0.0800 Slater + 0.7200 B88
 Correlation:  0.1900 VWN1RPA + 0.8100 LYP
 Using SG-1 standard quadrature grid
 using 12 threads for integral computing
 -------------------------------------------------------
 OpenMP Integral computing Module                
 Release: version 1.0, May 2013, Q-Chem Inc. Pittsburgh 
 -------------------------------------------------------
 -------------------------------------------------------
 OpenMP BLAS3 based DFT computing Module                
 Release: version 1.0, May 2013, Q-Chem Inc. Pittsburgh 
 -------------------------------------------------------
 A unrestricted SCF calculation will be
 performed using DIIS
 SCF converges when DIIS error is below 1.0e-06
 Alpha HF Exchange    Energy = -10.36431734258638
 Beta HF Exchange     Energy = -10.36431734258638
 DFT Correlation      Energy =  -3.09069911516321
 DFT Exchange         Energy = -82.02918355697352
 One-Electron (alpha) Energy = -2005.64776755108278
 One-Electron (beta)  Energy = -2005.64776755108278
 Total Coulomb        Energy = 1335.29104162129215
 ---------------------------------------
  Cycle       Energy         DIIS error
 ---------------------------------------
    1   -2523.3763158834      1.39e-01  
 Alpha HF Exchange    Energy = -10.42190544702546
 Beta HF Exchange     Energy = -10.42190544702546
 DFT Correlation      Energy =  -3.13309530992872
 DFT Exchange         Energy = -82.93289432734053
 One-Electron (alpha) Energy = -2012.88681917735244
 One-Electron (beta)  Energy = -2012.88681917735244
 Total Coulomb        Energy = 1353.88234476448361
    2   -2520.3243991667      8.90e-03  
 Alpha HF Exchange    Energy = -10.32260640693747
 Beta HF Exchange     Energy = -10.32260640693747
 DFT Correlation      Energy =  -3.09579877817232
 DFT Exchange         Energy = -82.12328707768054
 One-Electron (alpha) Energy = -2003.10632240161181
 One-Electron (beta)  Energy = -2003.10632240161112
 Total Coulomb        Energy = 1333.28646883293732
    3   -2520.3137796852      4.48e-03  
 Alpha HF Exchange    Energy = -10.40052731342318
 Beta HF Exchange     Energy = -10.40052731342319
 DFT Correlation      Energy =  -3.12545062943395
 DFT Exchange         Energy = -82.75507646662913
 One-Electron (alpha) Energy = -2010.61919469285567
 One-Electron (beta)  Energy = -2010.61919469285704
 Total Coulomb        Energy = 1349.04482512953814
    4   -2520.3984510243      2.66e-03  
 Alpha HF Exchange    Energy = -10.37490921805543
 Beta HF Exchange     Energy = -10.37490921805545
 DFT Correlation      Energy =  -3.11514663885083
 DFT Exchange         Energy = -82.54505404391509
 One-Electron (alpha) Energy = -2008.49299270099959
 One-Electron (beta)  Energy = -2008.49299270100096
 Total Coulomb        Energy = 1344.47719895961427
    5   -2520.4421106065      6.15e-04  
 Alpha HF Exchange    Energy = -10.37337254013080
 Beta HF Exchange     Energy = -10.37337254013081
 DFT Correlation      Energy =  -3.11528602537165
 DFT Exchange         Energy = -82.53471030313290
 One-Electron (alpha) Energy = -2008.21188910949809
 One-Electron (beta)  Energy = -2008.21188910949877
 Total Coulomb        Energy = 1343.89889912343006
    6   -2520.4449255495      7.27e-05  
 Alpha HF Exchange    Energy = -10.37296769363409
 Beta HF Exchange     Energy = -10.37296769363409
 DFT Correlation      Energy =  -3.11501077905773
 DFT Exchange         Energy = -82.53117278542533
 One-Electron (alpha) Energy = -2008.15598545757803
 One-Electron (beta)  Energy = -2008.15598545757780
 Total Coulomb        Energy = 1343.78243425892379
    7   -2520.4449606532      1.36e-05  
 Alpha HF Exchange    Energy = -10.37304043558153
 Beta HF Exchange     Energy = -10.37304043558155
 DFT Correlation      Energy =  -3.11503241006652
 DFT Exchange         Energy = -82.53174165820110
 One-Electron (alpha) Energy = -2008.17443373043488
 One-Electron (beta)  Energy = -2008.17443373043602
 Total Coulomb        Energy = 1343.82006505648269
    8   -2520.4449623890      6.19e-06  
 Alpha HF Exchange    Energy = -10.37302519729684
 Beta HF Exchange     Energy = -10.37302519729682
 DFT Correlation      Energy =  -3.11503385829007
 DFT Exchange         Energy = -82.53163196288355
 One-Electron (alpha) Energy = -2008.17046196704564
 One-Electron (beta)  Energy = -2008.17046196704337
 Total Coulomb        Energy = 1343.81198257507504
    9   -2520.4449626200      7.96e-07  Convergence criterion met
 ---------------------------------------
 SCF time:   CPU 29.53s  wall 3.00s 
<S^2> =         -0.000000000
 Alpha HF Exchange    Energy = -10.37302519729684
 Beta HF Exchange     Energy = -10.37302519729682
 DFT Correlation      Energy =  -3.11503385829007
 DFT Exchange         Energy = -82.53163196288355
 One-Electron (alpha) Energy = -2008.17046196704564
 One-Electron (beta)  Energy = -2008.17046196704337
 Total Coulomb        Energy = 1343.81198257507504
 Nuclear repulsion Energy = 258.47669495479568
 SCF   energy in the final basis set =    -2520.4449626200
 Total energy in the final basis set =    -2520.4449626200
 
 --------------------------------------------------------------
 
                    Orbital Energies (a.u.)
 --------------------------------------------------------------
 
 Alpha MOs
 -- Occupied --
******* -58.083 -52.140 -52.139 -52.137 -10.228 -10.185 -10.185
 -7.816  -5.762  -5.758  -5.748  -2.095  -2.095  -2.087  -2.083
 -2.082  -0.805  -0.693  -0.683  -0.576  -0.461  -0.439  -0.415
 -0.392  -0.375  -0.354  -0.343  -0.300  -0.222
 -- Virtual --
  0.004   0.048   0.092   0.129   0.147   0.152   0.170   0.181
  0.186   0.200   0.232   0.240   0.284   0.323   0.329   0.460
  0.461   0.502   0.505   0.566   0.581   0.663   0.682   0.683
  0.702   0.757   0.759   0.787   0.827   0.866   0.868   0.900
  0.906   0.923   0.948   0.955   1.032   1.090   1.315   1.382
  1.384   1.485   1.546   1.667   1.751   1.780   1.835   1.859
  1.889   2.040   2.041   2.049   2.070   2.080   2.092   2.100
  2.111   2.128   2.269   2.310   2.346   2.376   2.520   2.562
  2.591   2.638   2.664   2.705   2.722   2.863   2.865   2.897
  2.903   3.168   3.217   3.314   3.416   3.449   3.459   3.498
  4.237   4.285   4.343   4.357   4.403   4.487   4.509   4.632
  5.479  89.788
 
 Beta MOs
 -- Occupied --
******* -58.083 -52.140 -52.139 -52.137 -10.228 -10.185 -10.185
 -7.816  -5.762  -5.758  -5.748  -2.095  -2.095  -2.087  -2.083
 -2.082  -0.805  -0.693  -0.683  -0.576  -0.461  -0.439  -0.415
 -0.392  -0.375  -0.354  -0.343  -0.300  -0.222
 -- Virtual --
  0.004   0.048   0.092   0.129   0.147   0.152   0.170   0.181
  0.186   0.200   0.232   0.240   0.284   0.323   0.329   0.460
  0.461   0.502   0.505   0.566   0.581   0.663   0.682   0.683
  0.702   0.757   0.759   0.787   0.827   0.866   0.868   0.900
  0.906   0.923   0.948   0.955   1.032   1.090   1.315   1.382
  1.384   1.485   1.546   1.667   1.751   1.780   1.835   1.859
  1.889   2.040   2.041   2.049   2.070   2.080   2.092   2.100
  2.111   2.128   2.269   2.310   2.346   2.376   2.520   2.562
  2.591   2.638   2.664   2.705   2.722   2.863   2.865   2.897
  2.903   3.168   3.217   3.314   3.416   3.449   3.459   3.498
  4.237   4.285   4.343   4.357   4.403   4.487   4.509   4.632
  5.479  89.788
 --------------------------------------------------------------
 
          Ground-State Mulliken Net Atomic Charges

     Atom                 Charge (a.u.)    Spin (a.u.)
  --------------------------------------------------------
      1 C                    -0.301220       0.000000
      2 C                    -0.145880      -0.000000
      3 Se                   -0.098854       0.000000
      4 H                     0.046710      -0.000000
      5 C                    -0.301220       0.000000
      6 H                     0.124696       0.000000
      7 H                     0.103934       0.000000
      8 H                     0.108958      -0.000000
      9 H                     0.125289      -0.000000
     10 H                     0.103934       0.000000
     11 H                     0.124696      -0.000000
     12 H                     0.108958      -0.000000
  --------------------------------------------------------
  Sum of atomic charges =    -0.000000
  Sum of spin   charges =     0.000000

 -----------------------------------------------------------------
                    Cartesian Multipole Moments
 -----------------------------------------------------------------
    Charge (ESU x 10^10)
                 0.0000
    Dipole Moment (Debye)
         X      -1.7590      Y       0.0000      Z       0.2916
       Tot       1.7831
    Quadrupole Moments (Debye-Ang)
        XX     -39.0148     XY       0.0000     YY     -41.0351
        XZ       1.2044     YZ      -0.0000     ZZ     -37.0390
    Octopole Moments (Debye-Ang^2)
       XXX      43.9506    XXY      -0.0000    XYY      12.4654
       YYY       0.0000    XXZ       0.0962    XYZ      -0.0000
       YYZ      -0.8314    XZZ      16.0604    YZZ      -0.0000
       ZZZ       0.0107
    Hexadecapole Moments (Debye-Ang^3)
      XXXX    -462.3742   XXXY       0.0000   XXYY    -120.6991
      XYYY       0.0000   YYYY    -221.1918   XXXZ      10.3920
      XXYZ       0.0000   XYYZ       2.3771   YYYZ       0.0000
      XXZZ     -92.1416   XYZZ       0.0000   YYZZ     -51.6330
      XZZZ       5.2271   YZZZ      -0.0000   ZZZZ     -76.7739
 -----------------------------------------------------------------
 Calculating analytic gradient of the SCF energy
 Gradient of SCF Energy
            1           2           3           4           5           6
    1   0.0000022   0.0000430   0.0006666  -0.0006670   0.0000022   0.0000098
    2   0.0000132  -0.0000000   0.0000000  -0.0000000  -0.0000132   0.0000001
    3   0.0000065   0.0000208  -0.0080320   0.0079785   0.0000065   0.0000102
            7           8           9          10          11          12
    1   0.0000003  -0.0000106  -0.0000458   0.0000003   0.0000098  -0.0000106
    2   0.0000093  -0.0000107   0.0000000  -0.0000093  -0.0000001   0.0000107
    3  -0.0000030   0.0000028  -0.0000003  -0.0000030   0.0000102   0.0000028
 Max gradient component =       8.032E-03
 RMS gradient           =       1.893E-03
 Gradient time:  CPU 12.16 s  wall 1.02 s
 Geometry Optimization Parameters
   NAtoms,    NIC,     NZ,  NCons,   NDum,   NFix, NCnnct, MaxDiis
       12      75       0       1       0       0       0       0


** CONSTRAINED OPTIMIZATION IN DELOCALIZED INTERNAL COORDINATES **
   Searching for a Minimum

   Optimization Cycle:   1

                       Coordinates (Angstroms)
     ATOM                X               Y               Z
      1  C        -1.7326420000    1.2731500000    0.1525340000
      2  C        -1.0748080000    0.0000000000   -0.3768250000
      3  Se        0.9037790000    0.0000000000   -0.0481960000
      4  H         0.7765250000    0.0000000000    1.4463960000
      5  C        -1.7326420000   -1.2731500000    0.1525340000
      6  H        -1.2636860000    2.1702270000   -0.2579520000
      7  H        -2.7969230000    1.2853100000   -0.1156230000
      8  H        -1.6662940000    1.3258860000    1.2446580000
      9  H        -1.1082040000    0.0000000000   -1.4721100000
     10  H        -2.7969230000   -1.2853100000   -0.1156230000
     11  H        -1.2636860000   -2.1702270000   -0.2579520000
     12  H        -1.6662940000   -1.3258860000    1.2446580000
   Point Group: c1    Number of degrees of freedom:    30


   Energy is  -2520.444962620

              Constraints and their Current Values
                                        Value     Constraint
   Distance(Angs):        3   4             1.500000     1.600000

 Attempting to Generate Delocalized Internal Coordinates

   Using Lagrange Multiplier Algorithm


 21 Hessian modes will be used to form the next step
  Hessian Eigenvalues:
    -0.919236    0.045000    0.071627    0.076626    0.082363    0.083712
     0.148593    0.160000    0.160000    0.160000    0.160000    0.160000
     0.160000    0.160000    0.208135    0.296365    0.339477    0.341516
     0.341951    0.345458    1.087860

 Minimum Search - Taking P-RFO Step
 Searching for Lamda that Maximizes Along the Constraint modes Only
 Value Taken    Lamda =   0.02219541
 Searching for Lamda that Minimizes Along All other modes
 Value Taken    Lamda =  -0.01351032
 Step Taken.  Stepsize is  0.185454

                             Maximum     Tolerance    Cnvgd?
         Gradient            0.188973       0.000300      NO
         Displacement        0.185452       0.001200      NO
         Energy change     *********       0.000001      NO


 New Cartesian Coordinates Obtained by Inverse Iteration

 Displacement from previous Coordinates is:  0.155773
 ----------------------------------------------------------------
             Standard Nuclear Orientation (Angstroms)
    I     Atom           X                Y                Z
 ----------------------------------------------------------------
    1      C      -1.7318039196     1.2731141766     0.1486810353
    2      C      -1.0791172350     0.0000000000    -0.3870434783
    3      Se      0.9025672488     0.0000000000    -0.0773859766
    4      H       0.7821383757     0.0000000000     1.5162064708
    5      C      -1.7318039196    -1.2731141766     0.1486810353
    6      H      -1.2669641216     2.1702136673    -0.2664057347
    7      H      -2.7986596407     1.2851812628    -0.1090370624
    8      H      -1.6547474691     1.3259065911     1.2401011694
    9      H      -1.1230360875     0.0000000000    -1.4819568312
   10      H      -2.7986596407    -1.2851812628    -0.1090370624
   11      H      -1.2669641216    -2.1702136673    -0.2664057347
   12      H      -1.6547474691    -1.3259065911     1.2401011694
 ----------------------------------------------------------------
 Nuclear Repulsion Energy =   257.6784710103 hartrees
 There are       30 alpha and       30 beta electrons

                       Distance Matrix (Angstroms)
             C (  1)   C (  2)   Se(  3)   H (  4)   C (  5)   H (  6)
   C (  2)  1.527685
   Se(  3)  2.934593  2.005732
   H (  4)  3.132228  2.662073  1.598136
   C (  5)  2.546228  1.527685  2.934593  3.132228
   H (  6)  1.092319  2.181666  3.074479  3.476543  3.499268
   H (  7)  1.097609  2.164672  3.918134  4.137055  2.783788  1.775989
   H (  8)  1.095410  2.176460  3.167595  2.787952  2.819937  1.769970
   H (  9)  2.156478  1.095794  2.464932  3.552277  2.156478  2.491607
   H ( 10)  2.783788  2.164672  3.918134  4.137055  1.097609  3.782937
   H ( 11)  3.499268  2.181666  3.074479  3.476543  1.092319  4.340427
   H ( 12)  2.819937  2.176460  3.167595  2.787952  1.095410  3.826591
             H (  7)   H (  8)   H (  9)   H ( 10)   H ( 11)
   H (  8)  1.769284
   H (  9)  2.518792  3.074141
   H ( 10)  2.570363  3.153805  2.518792
   H ( 11)  3.782937  3.826591  2.491607  1.775989
   H ( 12)  3.153805  2.651813  3.074141  1.769284  1.769970
 
 Applying Cartesian multipole field
    Component          Value
    ---------          -----
     (2,0,0)        1.00000E-11
     (0,2,0)        2.00000E-11
     (0,0,2)       -3.00000E-10
 Nucleus-field energy     =    -0.0000000037 hartrees
 Requested basis set is 6-31G(d,p)
 There are 44 shells and 120 basis functions
 A cutoff of  1.0D-14 yielded    958 shell pairs
 There are      7209 function pairs
 Smallest overlap matrix eigenvalue = 6.74E-04
 Guess from superposition of atomic densities
 Warning:  Energy on first SCF cycle will be non-variational
 SAD guess density has 59.968191 electrons

 -----------------------------------------------------------------------
  General SCF calculation program by
  Eric Jon Sundstrom, Paul Horn, Yuezhi Mao, Dmitri Zuev, Alec White,
  David Stuck, Shaama M.S., Shane Yost, Joonho Lee, David Small,
  Daniel Levine, Susi Lehtola, Hugh Burton, Evgeny Epifanovsky
 -----------------------------------------------------------------------
 Exchange:     0.2000 Hartree-Fock + 0.0800 Slater + 0.7200 B88
 Correlation:  0.1900 VWN1RPA + 0.8100 LYP
 Using SG-1 standard quadrature grid
 using 12 threads for integral computing
 -------------------------------------------------------
 OpenMP Integral computing Module                
 Release: version 1.0, May 2013, Q-Chem Inc. Pittsburgh 
 -------------------------------------------------------
 -------------------------------------------------------
 OpenMP BLAS3 based DFT computing Module                
 Release: version 1.0, May 2013, Q-Chem Inc. Pittsburgh 
 -------------------------------------------------------
 A unrestricted SCF calculation will be
 performed using DIIS
 SCF converges when DIIS error is below 1.0e-06
 Alpha HF Exchange    Energy = -10.36029813035604
 Beta HF Exchange     Energy = -10.36029813035604
 DFT Correlation      Energy =  -3.08957627812351
 DFT Exchange         Energy = -82.01940105468861
 One-Electron (alpha) Energy = -2004.88405207606615
 One-Electron (beta)  Energy = -2004.88405207606615
 Total Coulomb        Energy = 1334.58631541809109
 ---------------------------------------
  Cycle       Energy         DIIS error
 ---------------------------------------
    1   -2523.3328913210      1.38e-01  
 Alpha HF Exchange    Energy = -10.41934477909972
 Beta HF Exchange     Energy = -10.41934477909972
 DFT Correlation      Energy =  -3.13202429694237
 DFT Exchange         Energy = -82.91617306764630
 One-Electron (alpha) Energy = -2012.14401941885376
 One-Electron (beta)  Energy = -2012.14401941885330
 Total Coulomb        Energy = 1353.17931658282669
    2   -2520.3171381711      8.91e-03  
 Alpha HF Exchange    Energy = -10.31910936742255
 Beta HF Exchange     Energy = -10.31910936742257
 DFT Correlation      Energy =  -3.09387919835789
 DFT Exchange         Energy = -82.09919772596336
 One-Electron (alpha) Energy = -2002.03761233822934
 One-Electron (beta)  Energy = -2002.03761233823161
 Total Coulomb        Energy = 1331.92700600115450
    3   -2520.3010433279      4.57e-03  
 Alpha HF Exchange    Energy = -10.39862247519880
 Beta HF Exchange     Energy = -10.39862247519878
 DFT Correlation      Energy =  -3.12450957063950
 DFT Exchange         Energy = -82.74349790703148
 One-Electron (alpha) Energy = -2009.99780039555299
 One-Electron (beta)  Energy = -2009.99780039555162
 Total Coulomb        Energy = 1348.59016210125765
    4   -2520.3922201114      2.70e-03  
 Alpha HF Exchange    Energy = -10.37199922621944
 Beta HF Exchange     Energy = -10.37199922621943
 DFT Correlation      Energy =  -3.11383013955397
 DFT Exchange         Energy = -82.52598182228593
 One-Electron (alpha) Energy = -2007.62915470741609
 One-Electron (beta)  Energy = -2007.62915470741473
 Total Coulomb        Energy = 1343.52571330158935
    5   -2520.4379355210      5.95e-04  
 Alpha HF Exchange    Energy = -10.37065112593594
 Beta HF Exchange     Energy = -10.37065112593593
 DFT Correlation      Energy =  -3.11395334517075
 DFT Exchange         Energy = -82.51698104545652
 One-Electron (alpha) Energy = -2007.37835809446415
 One-Electron (beta)  Energy = -2007.37835809446256
 Total Coulomb        Energy = 1343.00986710211373
    6   -2520.4406147228      7.70e-05  
 Alpha HF Exchange    Energy = -10.37033078808274
 Beta HF Exchange     Energy = -10.37033078808274
 DFT Correlation      Energy =  -3.11369271212191
 DFT Exchange         Energy = -82.51406601697494
 One-Electron (alpha) Energy = -2007.34066195003788
 One-Electron (beta)  Energy = -2007.34066195003811
 Total Coulomb        Energy = 1342.93062088199576
    7   -2520.4406523168      1.33e-05  
 Alpha HF Exchange    Energy = -10.37036742429005
 Beta HF Exchange     Energy = -10.37036742429003
 DFT Correlation      Energy =  -3.11371555999866
 DFT Exchange         Energy = -82.51437854304399
 One-Electron (alpha) Energy = -2007.35009316185574
 One-Electron (beta)  Energy = -2007.35009316185506
 Total Coulomb        Energy = 1342.94989025167774
    8   -2520.4406540171      2.50e-06  
 Alpha HF Exchange    Energy = -10.37036947706892
 Beta HF Exchange     Energy = -10.37036947706892
 DFT Correlation      Energy =  -3.11371822992644
 DFT Exchange         Energy = -82.51439513402178
 One-Electron (alpha) Energy = -2007.34971525202104
 One-Electron (beta)  Energy = -2007.34971525202127
 Total Coulomb        Energy = 1342.94915774595074
    9   -2520.4406540696      7.82e-07  Convergence criterion met
 ---------------------------------------
 SCF time:   CPU 28.71s  wall 3.00s 
<S^2> =          0.000000000
 Alpha HF Exchange    Energy = -10.37036947706892
 Beta HF Exchange     Energy = -10.37036947706892
 DFT Correlation      Energy =  -3.11371822992644
 DFT Exchange         Energy = -82.51439513402178
 One-Electron (alpha) Energy = -2007.34971525202104
 One-Electron (beta)  Energy = -2007.34971525202127
 Total Coulomb        Energy = 1342.94915774595074
 Nuclear repulsion Energy = 257.67847100654541
 SCF   energy in the final basis set =    -2520.4406540696
 Total energy in the final basis set =    -2520.4406540696
 
 --------------------------------------------------------------
 
                    Orbital Energies (a.u.)
 --------------------------------------------------------------
 
 Alpha MOs
 -- Occupied --
******* -58.086 -52.144 -52.142 -52.140 -10.229 -10.185 -10.185
 -7.819  -5.764  -5.760  -5.750  -2.098  -2.097  -2.089  -2.086
 -2.084  -0.805  -0.693  -0.677  -0.574  -0.461  -0.438  -0.415
 -0.392  -0.371  -0.354  -0.341  -0.300  -0.222
 -- Virtual --
 -0.006   0.033   0.091   0.129   0.147   0.152   0.170   0.181
  0.186   0.201   0.232   0.242   0.289   0.324   0.329   0.461
  0.462   0.503   0.504   0.566   0.583   0.658   0.681   0.683
  0.700   0.755   0.757   0.788   0.827   0.866   0.868   0.898
  0.905   0.922   0.946   0.955   0.991   1.085   1.315   1.382
  1.383   1.482   1.546   1.666   1.745   1.780   1.835   1.859
  1.889   2.040   2.041   2.049   2.063   2.070   2.083   2.100
  2.108   2.119   2.267   2.310   2.346   2.376   2.517   2.521
  2.562   2.630   2.663   2.705   2.722   2.863   2.865   2.896
  2.902   3.167   3.217   3.314   3.416   3.449   3.459   3.498
  4.235   4.278   4.342   4.363   4.397   4.494   4.508   4.634
  5.475  89.784
 
 Beta MOs
 -- Occupied --
******* -58.086 -52.144 -52.142 -52.140 -10.229 -10.185 -10.185
 -7.819  -5.764  -5.760  -5.750  -2.098  -2.097  -2.089  -2.086
 -2.084  -0.805  -0.693  -0.677  -0.574  -0.461  -0.438  -0.415
 -0.392  -0.371  -0.354  -0.341  -0.300  -0.222
 -- Virtual --
 -0.006   0.033   0.091   0.129   0.147   0.152   0.170   0.181
  0.186   0.201   0.232   0.242   0.289   0.324   0.329   0.461
  0.462   0.503   0.504   0.566   0.583   0.658   0.681   0.683
  0.700   0.755   0.757   0.788   0.827   0.866   0.868   0.898
  0.905   0.922   0.946   0.955   0.991   1.085   1.315   1.382
  1.383   1.482   1.546   1.666   1.745   1.780   1.835   1.859
  1.889   2.040   2.041   2.049   2.063   2.070   2.083   2.100
  2.108   2.119   2.267   2.310   2.346   2.376   2.517   2.521
  2.562   2.630   2.663   2.705   2.722   2.863   2.865   2.896
  2.902   3.167   3.217   3.314   3.416   3.449   3.459   3.498
  4.235   4.278   4.342   4.363   4.397   4.494   4.508   4.634
  5.475  89.784
 --------------------------------------------------------------
 
          Ground-State Mulliken Net Atomic Charges

     Atom                 Charge (a.u.)    Spin (a.u.)
  --------------------------------------------------------
      1 C                    -0.300686       0.000000
      2 C                    -0.146987      -0.000000
      3 Se                   -0.090052       0.000000
      4 H                     0.037035      -0.000000
      5 C                    -0.300686       0.000000
      6 H                     0.124369      -0.000000
      7 H                     0.103837       0.000000
      8 H                     0.109822      -0.000000
      9 H                     0.125321       0.000000
     10 H                     0.103837      -0.000000
     11 H                     0.124369      -0.000000
     12 H                     0.109822      -0.000000
  --------------------------------------------------------
  Sum of atomic charges =     0.000000
  Sum of spin   charges =    -0.000000

 -----------------------------------------------------------------
                    Cartesian Multipole Moments
 -----------------------------------------------------------------
    Charge (ESU x 10^10)
                 0.0000
    Dipole Moment (Debye)
         X      -1.7569      Y       0.0000      Z       0.2093
       Tot       1.7693
    Quadrupole Moments (Debye-Ang)
        XX     -39.0282     XY      -0.0000     YY     -41.1131
        XZ       1.1215     YZ       0.0000     ZZ     -37.1223
    Octopole Moments (Debye-Ang^2)
       XXX      43.9394    XXY       0.0000    XYY      12.4213
       YYY       0.0000    XXZ       0.4252    XYZ      -0.0000
       YYZ      -0.3350    XZZ      15.9668    YZZ       0.0000
       ZZZ       1.3314
    Hexadecapole Moments (Debye-Ang^3)
      XXXX    -462.2126   XXXY      -0.0000   XXYY    -120.7021
      XYYY      -0.0000   YYYY    -221.2800   XXXZ      10.4549
      XXYZ       0.0000   XYYZ       2.5333   YYYZ       0.0000
      XXZZ     -92.7604   XYZZ      -0.0000   YYZZ     -52.1453
      XZZZ       5.6831   YZZZ       0.0000   ZZZZ     -79.1484
 -----------------------------------------------------------------
 Calculating analytic gradient of the SCF energy
 Gradient of SCF Energy
            1           2           3           4           5           6
    1   0.0001572  -0.0001764   0.0030450  -0.0028049   0.0001572   0.0000106
    2  -0.0000462  -0.0000000  -0.0000000   0.0000000   0.0000462  -0.0000173
    3   0.0001036  -0.0009266  -0.0371875   0.0374045   0.0001036  -0.0000066
            7           8           9          10          11          12
    1   0.0000055  -0.0000666  -0.0002772   0.0000055   0.0000106  -0.0000666
    2   0.0000067   0.0000863   0.0000000  -0.0000067   0.0000173  -0.0000863
    3   0.0000433   0.0000658   0.0002973   0.0000433  -0.0000066   0.0000658
 Max gradient component =       3.740E-02
 RMS gradient           =       8.820E-03
 Gradient time:  CPU 11.68 s  wall 0.98 s
 Geometry Optimization Parameters
   NAtoms,    NIC,     NZ,  NCons,   NDum,   NFix, NCnnct, MaxDiis
       12      75       0       1       0       0       0       0

 Cartesian Hessian Update
 Hessian Updated using BFGS Update


** CONSTRAINED OPTIMIZATION IN DELOCALIZED INTERNAL COORDINATES **
   Searching for a Minimum

   Optimization Cycle:   2

                       Coordinates (Angstroms)
     ATOM                X               Y               Z
      1  C        -1.7318039196    1.2731141766    0.1486810353
      2  C        -1.0791172350    0.0000000000   -0.3870434783
      3  Se        0.9025672488    0.0000000000   -0.0773859766
      4  H         0.7821383757    0.0000000000    1.5162064708
      5  C        -1.7318039196   -1.2731141766    0.1486810353
      6  H        -1.2669641216    2.1702136673   -0.2664057347
      7  H        -2.7986596407    1.2851812628   -0.1090370624
      8  H        -1.6547474691    1.3259065911    1.2401011694
      9  H        -1.1230360875    0.0000000000   -1.4819568312
     10  H        -2.7986596407   -1.2851812628   -0.1090370624
     11  H        -1.2669641216   -2.1702136673   -0.2664057347
     12  H        -1.6547474691   -1.3259065911    1.2401011694
   Point Group: c1    Number of degrees of freedom:    30


   Energy is  -2520.440654070

              Constraints and their Current Values
                                        Value     Constraint
   Distance(Angs):        3   4             1.598136     1.600000
 Hessian Updated using BFGS Update

   Using Lagrange Multiplier Algorithm


 16 Hessian modes will be used to form the next step
  Hessian Eigenvalues:
    -0.923582    0.045000    0.071635    0.076642    0.082363    0.083712
     0.148607    0.160000    0.160015    0.208150    0.296366    0.339477
     0.341530    0.341952    0.345458    1.082755

 Minimum Search - Taking P-RFO Step
 Searching for Lamda that Maximizes Along the Constraint modes Only
 Value Taken    Lamda =   0.00000531
 Searching for Lamda that Minimizes Along All other modes
 Value Taken    Lamda =  -0.00001063
 Step Taken.  Stepsize is  0.006678

                             Maximum     Tolerance    Cnvgd?
         Gradient            0.003522       0.000300      NO
         Displacement        0.003522       0.001200      NO
         Energy change      0.004309       0.000001      NO


 New Cartesian Coordinates Obtained by Inverse Iteration

 Displacement from previous Coordinates is:  0.006375
 ----------------------------------------------------------------
             Standard Nuclear Orientation (Angstroms)
    I     Atom           X                Y                Z
 ----------------------------------------------------------------
    1      C      -1.7321313290     1.2729343618     0.1487053458
    2      C      -1.0787446977     0.0000000000    -0.3863710731
    3      Se      0.9023055713     0.0000000000    -0.0788560734
    4      H       0.7832029055     0.0000000000     1.5167048021
    5      C      -1.7321313290    -1.2729343618     0.1487053458
    6      H      -1.2675945332     2.1703746957    -0.2660038985
    7      H      -2.7989323319     1.2845277828    -0.1093537795
    8      H      -1.6549164514     1.3249580790     1.2400582336
    9      H      -1.1214124879     0.0000000000    -1.4817904585
   10      H      -2.7989323319    -1.2845277828    -0.1093537795
   11      H      -1.2675945332    -2.1703746957    -0.2660038985
   12      H      -1.6549164514    -1.3249580790     1.2400582336
 ----------------------------------------------------------------
 Nuclear Repulsion Energy =   257.6975234939 hartrees
 There are       30 alpha and       30 beta electrons

                       Distance Matrix (Angstroms)
             C (  1)   C (  2)   Se(  3)   H (  4)   C (  5)   H (  6)
   C (  2)  1.527607
   Se(  3)  2.934690  2.004776
   H (  4)  3.133479  2.662432  1.600000
   C (  5)  2.545869  1.527607  2.934690  3.133479
   H (  6)  1.092327  2.181898  3.074739  3.477693  3.499165
   H (  7)  1.097631  2.164670  3.917921  4.138329  2.783033  1.776023
   H (  8)  1.095317  2.175491  3.167717  2.788633  2.818875  1.770020
   H (  9)  2.156816  1.096250  2.462450  3.552258  2.156816  2.491994
   H ( 10)  2.783033  2.164670  3.917921  4.138329  1.097631  3.782312
   H ( 11)  3.499165  2.181898  3.074739  3.477693  1.092327  4.340749
   H ( 12)  2.818875  2.175491  3.167717  2.788633  1.095317  3.825649
             H (  7)   H (  8)   H (  9)   H ( 10)   H ( 11)
   H (  8)  1.769554
   H (  9)  2.519458  3.073858
   H ( 10)  2.569056  3.152634  2.519458
   H ( 11)  3.782312  3.825649  2.491994  1.776023
   H ( 12)  3.152634  2.649916  3.073858  1.769554  1.770020
 
 Applying Cartesian multipole field
    Component          Value
    ---------          -----
     (2,0,0)        1.00000E-11
     (0,2,0)        2.00000E-11
     (0,0,2)       -3.00000E-10
 Nucleus-field energy     =    -0.0000000038 hartrees
 Requested basis set is 6-31G(d,p)
 There are 44 shells and 120 basis functions
 A cutoff of  1.0D-14 yielded    958 shell pairs
 There are      7209 function pairs
 Smallest overlap matrix eigenvalue = 6.74E-04
 Guess from superposition of atomic densities
 Warning:  Energy on first SCF cycle will be non-variational
 SAD guess density has 59.968191 electrons

 -----------------------------------------------------------------------
  General SCF calculation program by
  Eric Jon Sundstrom, Paul Horn, Yuezhi Mao, Dmitri Zuev, Alec White,
  David Stuck, Shaama M.S., Shane Yost, Joonho Lee, David Small,
  Daniel Levine, Susi Lehtola, Hugh Burton, Evgeny Epifanovsky
 -----------------------------------------------------------------------
 Exchange:     0.2000 Hartree-Fock + 0.0800 Slater + 0.7200 B88
 Correlation:  0.1900 VWN1RPA + 0.8100 LYP
 Using SG-1 standard quadrature grid
 using 12 threads for integral computing
 -------------------------------------------------------
 OpenMP Integral computing Module                
 Release: version 1.0, May 2013, Q-Chem Inc. Pittsburgh 
 -------------------------------------------------------
 -------------------------------------------------------
 OpenMP BLAS3 based DFT computing Module                
 Release: version 1.0, May 2013, Q-Chem Inc. Pittsburgh 
 -------------------------------------------------------
 A unrestricted SCF calculation will be
 performed using DIIS
 SCF converges when DIIS error is below 1.0e-06
 Alpha HF Exchange    Energy = -10.36030327930377
 Beta HF Exchange     Energy = -10.36030327930377
 DFT Correlation      Energy =  -3.08957789278526
 DFT Exchange         Energy = -82.01937408075466
 One-Electron (alpha) Energy = -2004.90347029053623
 One-Electron (beta)  Energy = -2004.90347029053623
 Total Coulomb        Energy = 1334.60599786104831
 ---------------------------------------
  Cycle       Energy         DIIS error
 ---------------------------------------
    1   -2523.3329777620      1.38e-01  
 Alpha HF Exchange    Energy = -10.41932247061236
 Beta HF Exchange     Energy = -10.41932247061237
 DFT Correlation      Energy =  -3.13202780680265
 DFT Exchange         Energy = -82.91603984748375
 One-Electron (alpha) Energy = -2012.16363543058810
 One-Electron (beta)  Energy = -2012.16363543058856
 Total Coulomb        Energy = 1353.19952414043519
    2   -2520.3169358261      8.91e-03  
 Alpha HF Exchange    Energy = -10.31905885024546
 Beta HF Exchange     Energy = -10.31905885024546
 DFT Correlation      Energy =  -3.09385842911171
 DFT Exchange         Energy = -82.09883478726086
 One-Electron (alpha) Energy = -2002.05061403504283
 One-Electron (beta)  Energy = -2002.05061403504351
 Total Coulomb        Energy = 1331.93384412524551
    3   -2520.3006713716      4.58e-03  
 Alpha HF Exchange    Energy = -10.39861315058614
 Beta HF Exchange     Energy = -10.39861315058613
 DFT Correlation      Energy =  -3.12451697476296
 DFT Exchange         Energy = -82.74346878993049
 One-Electron (alpha) Energy = -2010.01972458632895
 One-Electron (beta)  Energy = -2010.01972458632804
 Total Coulomb        Energy = 1348.61514709555013
    4   -2520.3919906528      2.70e-03  
 Alpha HF Exchange    Energy = -10.37197107476626
 Beta HF Exchange     Energy = -10.37197107476625
 DFT Correlation      Energy =  -3.11382693360240
 DFT Exchange         Energy = -82.52580961134117
 One-Electron (alpha) Energy = -2007.64647678830102
 One-Electron (beta)  Energy = -2007.64647678829942
 Total Coulomb        Energy = 1343.54120627739098
    5   -2520.4378025035      5.96e-04  
 Alpha HF Exchange    Energy = -10.37062234510404
 Beta HF Exchange     Energy = -10.37062234510405
 DFT Correlation      Energy =  -3.11394902863405
 DFT Exchange         Energy = -82.51679967295338
 One-Electron (alpha) Energy = -2007.39614300985022
 One-Electron (beta)  Energy = -2007.39614300985045
 Total Coulomb        Energy = 1343.02627200050188
    6   -2520.4404839209      7.70e-05  
 Alpha HF Exchange    Energy = -10.37030397659843
 Beta HF Exchange     Energy = -10.37030397659842
 DFT Correlation      Energy =  -3.11368883580463
 DFT Exchange         Energy = -82.51389946854567
 One-Electron (alpha) Energy = -2007.35881060413999
 One-Electron (beta)  Energy = -2007.35881060413908
 Total Coulomb        Energy = 1342.94777245974342
    7   -2520.4405215159      1.34e-05  
 Alpha HF Exchange    Energy = -10.37033980389185
 Beta HF Exchange     Energy = -10.37033980389184
 DFT Correlation      Energy =  -3.11371167353504
 DFT Exchange         Energy = -82.51420637837340
 One-Electron (alpha) Energy = -2007.36800170512583
 One-Electron (beta)  Energy = -2007.36800170512538
 Total Coulomb        Energy = 1342.96655435449429
    8   -2520.4405232253      2.50e-06  
 Alpha HF Exchange    Energy = -10.37034256728225
 Beta HF Exchange     Energy = -10.37034256728221
 DFT Correlation      Energy =  -3.11371446566870
 DFT Exchange         Energy = -82.51422823340317
 One-Electron (alpha) Energy = -2007.36779999596433
 One-Electron (beta)  Energy = -2007.36779999596183
 Total Coulomb        Energy = 1342.96618105675498
    9   -2520.4405232787      7.79e-07  Convergence criterion met
 ---------------------------------------
 SCF time:   CPU 27.82s  wall 2.00s 
<S^2> =          0.000000000
 Alpha HF Exchange    Energy = -10.37034256728225
 Beta HF Exchange     Energy = -10.37034256728221
 DFT Correlation      Energy =  -3.11371446566870
 DFT Exchange         Energy = -82.51422823340317
 One-Electron (alpha) Energy = -2007.36779999596433
 One-Electron (beta)  Energy = -2007.36779999596183
 Total Coulomb        Energy = 1342.96618105675498
 Nuclear repulsion Energy = 257.69752349013601
 SCF   energy in the final basis set =    -2520.4405232787
 Total energy in the final basis set =    -2520.4405232787
 
 --------------------------------------------------------------
 
                    Orbital Energies (a.u.)
 --------------------------------------------------------------
 
 Alpha MOs
 -- Occupied --
******* -58.086 -52.144 -52.143 -52.140 -10.228 -10.185 -10.185
 -7.819  -5.764  -5.760  -5.750  -2.098  -2.097  -2.089  -2.086
 -2.084  -0.805  -0.693  -0.677  -0.573  -0.461  -0.438  -0.415
 -0.392  -0.371  -0.354  -0.341  -0.300  -0.222
 -- Virtual --
 -0.006   0.033   0.091   0.129   0.147   0.152   0.169   0.181
  0.186   0.201   0.232   0.242   0.289   0.324   0.329   0.461
  0.462   0.503   0.504   0.566   0.583   0.657   0.680   0.683
  0.700   0.755   0.757   0.788   0.827   0.866   0.868   0.898
  0.906   0.922   0.946   0.955   0.990   1.085   1.315   1.383
  1.384   1.482   1.546   1.667   1.745   1.780   1.835   1.859
  1.889   2.040   2.041   2.049   2.063   2.070   2.083   2.099
  2.108   2.119   2.267   2.310   2.346   2.376   2.517   2.520
  2.562   2.630   2.663   2.705   2.722   2.863   2.865   2.897
  2.902   3.167   3.217   3.313   3.416   3.449   3.458   3.498
  4.235   4.278   4.342   4.363   4.397   4.494   4.508   4.634
  5.475  89.784
 
 Beta MOs
 -- Occupied --
******* -58.086 -52.144 -52.143 -52.140 -10.228 -10.185 -10.185
 -7.819  -5.764  -5.760  -5.750  -2.098  -2.097  -2.089  -2.086
 -2.084  -0.805  -0.693  -0.677  -0.573  -0.461  -0.438  -0.415
 -0.392  -0.371  -0.354  -0.341  -0.300  -0.222
 -- Virtual --
 -0.006   0.033   0.091   0.129   0.147   0.152   0.169   0.181
  0.186   0.201   0.232   0.242   0.289   0.324   0.329   0.461
  0.462   0.503   0.504   0.566   0.583   0.657   0.680   0.683
  0.700   0.755   0.757   0.788   0.827   0.866   0.868   0.898
  0.906   0.922   0.946   0.955   0.990   1.085   1.315   1.383
  1.384   1.482   1.546   1.667   1.745   1.780   1.835   1.859
  1.889   2.040   2.041   2.049   2.063   2.070   2.083   2.099
  2.108   2.119   2.267   2.310   2.346   2.376   2.517   2.520
  2.562   2.630   2.663   2.705   2.722   2.863   2.865   2.897
  2.902   3.167   3.217   3.313   3.416   3.449   3.458   3.498
  4.235   4.278   4.342   4.363   4.397   4.494   4.508   4.634
  5.475  89.784
 --------------------------------------------------------------
 
          Ground-State Mulliken Net Atomic Charges

     Atom                 Charge (a.u.)    Spin (a.u.)
  --------------------------------------------------------
      1 C                    -0.300638       0.000000
      2 C                    -0.147011       0.000000
      3 Se                   -0.089755       0.000000
      4 H                     0.036794       0.000000
      5 C                    -0.300638       0.000000
      6 H                     0.124349      -0.000000
      7 H                     0.103873      -0.000000
      8 H                     0.109828      -0.000000
      9 H                     0.125147       0.000000
     10 H                     0.103873       0.000000
     11 H                     0.124349      -0.000000
     12 H                     0.109828      -0.000000
  --------------------------------------------------------
  Sum of atomic charges =    -0.000000
  Sum of spin   charges =     0.000000

 -----------------------------------------------------------------
                    Cartesian Multipole Moments
 -----------------------------------------------------------------
    Charge (ESU x 10^10)
                 0.0000
    Dipole Moment (Debye)
         X      -1.7550      Y       0.0000      Z       0.2082
       Tot       1.7673
    Quadrupole Moments (Debye-Ang)
        XX     -39.0264     XY       0.0000     YY     -41.1137
        XZ       1.1196     YZ      -0.0000     ZZ     -37.1297
    Octopole Moments (Debye-Ang^2)
       XXX      43.9581    XXY       0.0000    XYY      12.4266
       YYY       0.0000    XXZ       0.4417    XYZ       0.0000
       YYZ      -0.3168    XZZ      15.9754    YZZ       0.0000
       ZZZ       1.3890
    Hexadecapole Moments (Debye-Ang^3)
      XXXX    -462.1923   XXXY      -0.0000   XXYY    -120.6913
      XYYY      -0.0000   YYYY    -221.2007   XXXZ      10.5393
      XXYZ      -0.0000   XYYZ       2.5756   YYYZ      -0.0000
      XXZZ     -92.7931   XYZZ      -0.0000   YYZZ     -52.1523
      XZZZ       5.7509   YZZZ      -0.0000   ZZZZ     -79.1999
 -----------------------------------------------------------------
 Calculating analytic gradient of the SCF energy
 Gradient of SCF Energy
            1           2           3           4           5           6
    1   0.0001003  -0.0000734   0.0029199  -0.0028607   0.0001003  -0.0000069
    2  -0.0000181   0.0000000   0.0000000  -0.0000000   0.0000181   0.0000049
    3   0.0000929  -0.0002392  -0.0378540   0.0378635   0.0000929  -0.0000079
            7           8           9          10          11          12
    1  -0.0000206  -0.0000045  -0.0001225  -0.0000206  -0.0000069  -0.0000045
    2   0.0000106   0.0000002   0.0000000  -0.0000106  -0.0000049  -0.0000002
    3   0.0000091  -0.0000049   0.0000514   0.0000091  -0.0000079  -0.0000049
 Max gradient component =       3.786E-02
 RMS gradient           =       8.950E-03
 Gradient time:  CPU 12.09 s  wall 1.01 s
 Geometry Optimization Parameters
   NAtoms,    NIC,     NZ,  NCons,   NDum,   NFix, NCnnct, MaxDiis
       12      75       0       1       0       0       0       0

 Cartesian Hessian Update
 Hessian Updated using BFGS Update


** CONSTRAINED OPTIMIZATION IN DELOCALIZED INTERNAL COORDINATES **
   Searching for a Minimum

   Optimization Cycle:   3

                       Coordinates (Angstroms)
     ATOM                X               Y               Z
      1  C        -1.7321313290    1.2729343618    0.1487053458
      2  C        -1.0787446977    0.0000000000   -0.3863710731
      3  Se        0.9023055713    0.0000000000   -0.0788560734
      4  H         0.7832029055    0.0000000000    1.5167048021
      5  C        -1.7321313290   -1.2729343618    0.1487053458
      6  H        -1.2675945332    2.1703746957   -0.2660038985
      7  H        -2.7989323319    1.2845277828   -0.1093537795
      8  H        -1.6549164514    1.3249580790    1.2400582336
      9  H        -1.1214124879    0.0000000000   -1.4817904585
     10  H        -2.7989323319   -1.2845277828   -0.1093537795
     11  H        -1.2675945332   -2.1703746957   -0.2660038985
     12  H        -1.6549164514   -1.3249580790    1.2400582336
   Point Group: c1    Number of degrees of freedom:    30


   Energy is  -2520.440523279

              Constraints and their Current Values
                                        Value     Constraint
   Distance(Angs):        3   4             1.600000     1.600000
 Hessian Updated using BFGS Update

 15 Hessian modes will be used to form the next step
  Hessian Eigenvalues:
     0.044675    0.058186    0.074006    0.082246    0.083703    0.143356
     0.156094    0.160000    0.176414    0.201974    0.297037    0.338644
     0.340920    0.344586    0.345978

 Minimum Search - Taking Simple RFO Step
 Searching for Lamda that Minimizes Along All modes
 Value Taken    Lamda =   0.00000000
 Step Taken.  Stepsize is  0.003473

                             Maximum     Tolerance    Cnvgd?
         Gradient           0.000152      0.000300     YES
         Displacement       0.001580      0.001200      NO
         Energy change      0.000131      0.000001      NO


 New Cartesian Coordinates Obtained by Inverse Iteration

 Displacement from previous Coordinates is:  0.006290
 ----------------------------------------------------------------
             Standard Nuclear Orientation (Angstroms)
    I     Atom           X                Y                Z
 ----------------------------------------------------------------
    1      C      -1.7325484343     1.2728944218     0.1486988821
    2      C      -1.0785630134     0.0000000000    -0.3857695944
    3      Se      0.9023026805     0.0000000000    -0.0791760484
    4      H       0.7857401317     0.0000000000     1.5165724044
    5      C      -1.7325484343    -1.2728944218     0.1486988821
    6      H      -1.2680459747     2.1703991116    -0.2658808875
    7      H      -2.7992151909     1.2841077837    -0.1097844053
    8      H      -1.6556609751     1.3249831893     1.2400836234
    9      H      -1.1203366487     0.0000000000    -1.4813621872
   10      H      -2.7992151909    -1.2841077837    -0.1097844053
   11      H      -1.2680459747    -2.1703991116    -0.2658808875
   12      H      -1.6556609751    -1.3249831894     1.2400836234
 ----------------------------------------------------------------
 Nuclear Repulsion Energy =   257.6941777120 hartrees
 There are       30 alpha and       30 beta electrons

                       Distance Matrix (Angstroms)
             C (  1)   C (  2)   Se(  3)   H (  4)   C (  5)   H (  6)
   C (  2)  1.527617
   Se(  3)  2.935069  2.004452
   H (  4)  3.135780  2.663556  1.600000
   C (  5)  2.545789  1.527617  2.935069  3.135780
   H (  6)  1.092316  2.181951  3.075045  3.479340  3.499130
   H (  7)  1.097596  2.164658  3.918049  4.140758  2.782598  1.776051
   H (  8)  1.095329  2.175321  3.168470  2.791499  2.818865  1.770001
   H (  9)  2.156887  1.096389  2.461137  3.552568  2.156887  2.491956
   H ( 10)  2.782598  2.164658  3.918049  4.140758  1.097596  3.781860
   H ( 11)  3.499130  2.181951  3.075045  3.479340  1.092316  4.340798
   H ( 12)  2.818865  2.175321  3.168470  2.791499  1.095329  3.825686
             H (  7)   H (  8)   H (  9)   H ( 10)   H ( 11)
   H (  8)  1.769613
   H (  9)  2.519681  3.073828
   H ( 10)  2.568216  3.152335  2.519681
   H ( 11)  3.781860  3.825686  2.491956  1.776051
   H ( 12)  3.152335  2.649966  3.073828  1.769613  1.770001
 
 Applying Cartesian multipole field
    Component          Value
    ---------          -----
     (2,0,0)        1.00000E-11
     (0,2,0)        2.00000E-11
     (0,0,2)       -3.00000E-10
 Nucleus-field energy     =    -0.0000000037 hartrees
 Requested basis set is 6-31G(d,p)
 There are 44 shells and 120 basis functions
 A cutoff of  1.0D-14 yielded    958 shell pairs
 There are      7209 function pairs
 Smallest overlap matrix eigenvalue = 6.74E-04
 Guess from superposition of atomic densities
 Warning:  Energy on first SCF cycle will be non-variational
 SAD guess density has 59.968191 electrons

 -----------------------------------------------------------------------
  General SCF calculation program by
  Eric Jon Sundstrom, Paul Horn, Yuezhi Mao, Dmitri Zuev, Alec White,
  David Stuck, Shaama M.S., Shane Yost, Joonho Lee, David Small,
  Daniel Levine, Susi Lehtola, Hugh Burton, Evgeny Epifanovsky
 -----------------------------------------------------------------------
 Exchange:     0.2000 Hartree-Fock + 0.0800 Slater + 0.7200 B88
 Correlation:  0.1900 VWN1RPA + 0.8100 LYP
 Using SG-1 standard quadrature grid
 using 12 threads for integral computing
 -------------------------------------------------------
 OpenMP Integral computing Module                
 Release: version 1.0, May 2013, Q-Chem Inc. Pittsburgh 
 -------------------------------------------------------
 -------------------------------------------------------
 OpenMP BLAS3 based DFT computing Module                
 Release: version 1.0, May 2013, Q-Chem Inc. Pittsburgh 
 -------------------------------------------------------
 A unrestricted SCF calculation will be
 performed using DIIS
 SCF converges when DIIS error is below 1.0e-06
 Alpha HF Exchange    Energy = -10.36031544518990
 Beta HF Exchange     Energy = -10.36031544518990
 DFT Correlation      Energy =  -3.08957747577150
 DFT Exchange         Energy = -82.01940458990045
 One-Electron (alpha) Energy = -2004.90008396421035
 One-Electron (beta)  Energy = -2004.90008396421035
 Total Coulomb        Energy = 1334.60246534609792
 ---------------------------------------
  Cycle       Energy         DIIS error
 ---------------------------------------
    1   -2523.3331378301      1.38e-01  
 Alpha HF Exchange    Energy = -10.41932540515925
 Beta HF Exchange     Energy = -10.41932540515927
 DFT Correlation      Energy =  -3.13202837571708
 DFT Exchange         Energy = -82.91605885386412
 One-Electron (alpha) Energy = -2012.15995537921867
 One-Electron (beta)  Energy = -2012.15995537922004
 Total Coulomb        Energy = 1353.19552931573867
    2   -2520.3169417743      8.91e-03  
 Alpha HF Exchange    Energy = -10.31906242161953
 Beta HF Exchange     Energy = -10.31906242161953
 DFT Correlation      Energy =  -3.09385778434678
 DFT Exchange         Energy = -82.09885914692516
 One-Electron (alpha) Energy = -2002.04745597634837
 One-Electron (beta)  Energy = -2002.04745597634769
 Total Coulomb        Energy = 1331.93090774837674
    3   -2520.3006682706      4.58e-03  
 Alpha HF Exchange    Energy = -10.39861671297658
 Beta HF Exchange     Energy = -10.39861671297659
 DFT Correlation      Energy =  -3.12451818137692
 DFT Exchange         Energy = -82.74349376070705
 One-Electron (alpha) Energy = -2010.01604724407707
 One-Electron (beta)  Energy = -2010.01604724407775
 Total Coulomb        Energy = 1348.61119161590750
    4   -2520.3919705320      2.70e-03  
 Alpha HF Exchange    Energy = -10.37197599424704
 Beta HF Exchange     Energy = -10.37197599424705
 DFT Correlation      Energy =  -3.11382714893385
 DFT Exchange         Energy = -82.52584402835892
 One-Electron (alpha) Energy = -2007.64301099767636
 One-Electron (beta)  Energy = -2007.64301099767727
 Total Coulomb        Energy = 1343.53766692917043
    5   -2520.4378005237      5.96e-04  
 Alpha HF Exchange    Energy = -10.37062565265953
 Beta HF Exchange     Energy = -10.37062565265952
 DFT Correlation      Energy =  -3.11394907941637
 DFT Exchange         Energy = -82.51682132274880
 One-Electron (alpha) Energy = -2007.39265610351754
 One-Electron (beta)  Energy = -2007.39265610351777
 Total Coulomb        Energy = 1343.02267170470259
    6   -2520.4404845016      7.70e-05  
 Alpha HF Exchange    Energy = -10.37030720019128
 Beta HF Exchange     Energy = -10.37030720019128
 DFT Correlation      Energy =  -3.11368888778554
 DFT Exchange         Energy = -82.51392057645222
 One-Electron (alpha) Energy = -2007.35527347492439
 One-Electron (beta)  Energy = -2007.35527347492416
 Total Coulomb        Energy = 1342.94407104315724
    7   -2520.4405220631      1.34e-05  
 Alpha HF Exchange    Energy = -10.37034315076222
 Beta HF Exchange     Energy = -10.37034315076220
 DFT Correlation      Energy =  -3.11371174859117
 DFT Exchange         Energy = -82.51422844974886
 One-Electron (alpha) Energy = -2007.36448446700842
 One-Electron (beta)  Energy = -2007.36448446700660
 Total Coulomb        Energy = 1342.96289395241183
    8   -2520.4405237732      2.51e-06  
 Alpha HF Exchange    Energy = -10.37034586598197
 Beta HF Exchange     Energy = -10.37034586598196
 DFT Correlation      Energy =  -3.11371453877585
 DFT Exchange         Energy = -82.51424994027450
 One-Electron (alpha) Energy = -2007.36427336377119
 One-Electron (beta)  Energy = -2007.36427336376937
 Total Coulomb        Energy = 1342.96250140360053
    9   -2520.4405238267      7.79e-07  Convergence criterion met
 ---------------------------------------
 SCF time:   CPU 28.28s  wall 2.00s 
<S^2> =         -0.000000000
 Alpha HF Exchange    Energy = -10.37034586598197
 Beta HF Exchange     Energy = -10.37034586598196
 DFT Correlation      Energy =  -3.11371453877585
 DFT Exchange         Energy = -82.51424994027450
 One-Electron (alpha) Energy = -2007.36427336377119
 One-Electron (beta)  Energy = -2007.36427336376937
 Total Coulomb        Energy = 1342.96250140360053
 Nuclear repulsion Energy = 257.69417770826112
 SCF   energy in the final basis set =    -2520.4405238267
 Total energy in the final basis set =    -2520.4405238267
 
 --------------------------------------------------------------
 
                    Orbital Energies (a.u.)
 --------------------------------------------------------------
 
 Alpha MOs
 -- Occupied --
******* -58.086 -52.144 -52.143 -52.140 -10.228 -10.185 -10.185
 -7.819  -5.764  -5.760  -5.750  -2.098  -2.097  -2.089  -2.086
 -2.084  -0.805  -0.693  -0.678  -0.573  -0.461  -0.438  -0.415
 -0.392  -0.371  -0.354  -0.341  -0.300  -0.222
 -- Virtual --
 -0.006   0.033   0.091   0.129   0.147   0.152   0.169   0.181
  0.186   0.201   0.232   0.242   0.289   0.324   0.329   0.461
  0.462   0.503   0.504   0.566   0.583   0.657   0.680   0.683
  0.700   0.755   0.757   0.788   0.827   0.866   0.868   0.898
  0.906   0.922   0.946   0.955   0.990   1.085   1.315   1.383
  1.384   1.482   1.546   1.667   1.745   1.780   1.835   1.859
  1.890   2.040   2.041   2.049   2.063   2.070   2.083   2.099
  2.108   2.119   2.267   2.310   2.346   2.376   2.517   2.520
  2.562   2.630   2.663   2.705   2.722   2.863   2.865   2.897
  2.902   3.167   3.217   3.313   3.415   3.449   3.458   3.497
  4.235   4.278   4.342   4.363   4.397   4.494   4.508   4.635
  5.475  89.784
 
 Beta MOs
 -- Occupied --
******* -58.086 -52.144 -52.143 -52.140 -10.228 -10.185 -10.185
 -7.819  -5.764  -5.760  -5.750  -2.098  -2.097  -2.089  -2.086
 -2.084  -0.805  -0.693  -0.678  -0.573  -0.461  -0.438  -0.415
 -0.392  -0.371  -0.354  -0.341  -0.300  -0.222
 -- Virtual --
 -0.006   0.033   0.091   0.129   0.147   0.152   0.169   0.181
  0.186   0.201   0.232   0.242   0.289   0.324   0.329   0.461
  0.462   0.503   0.504   0.566   0.583   0.657   0.680   0.683
  0.700   0.755   0.757   0.788   0.827   0.866   0.868   0.898
  0.906   0.922   0.946   0.955   0.990   1.085   1.315   1.383
  1.384   1.482   1.546   1.667   1.745   1.780   1.835   1.859
  1.890   2.040   2.041   2.049   2.063   2.070   2.083   2.099
  2.108   2.119   2.267   2.310   2.346   2.376   2.517   2.520
  2.562   2.630   2.663   2.705   2.722   2.863   2.865   2.897
  2.902   3.167   3.217   3.313   3.415   3.449   3.458   3.497
  4.235   4.278   4.342   4.363   4.397   4.494   4.508   4.635
  5.475  89.784
 --------------------------------------------------------------
 
          Ground-State Mulliken Net Atomic Charges

     Atom                 Charge (a.u.)    Spin (a.u.)
  --------------------------------------------------------
      1 C                    -0.300645       0.000000
      2 C                    -0.146979      -0.000000
      3 Se                   -0.089781      -0.000000
      4 H                     0.036791      -0.000000
      5 C                    -0.300645       0.000000
      6 H                     0.124338      -0.000000
      7 H                     0.103901      -0.000000
      8 H                     0.109840      -0.000000
      9 H                     0.125100      -0.000000
     10 H                     0.103901      -0.000000
     11 H                     0.124338       0.000000
     12 H                     0.109840      -0.000000
  --------------------------------------------------------
  Sum of atomic charges =    -0.000000
  Sum of spin   charges =    -0.000000

 -----------------------------------------------------------------
                    Cartesian Multipole Moments
 -----------------------------------------------------------------
    Charge (ESU x 10^10)
                -0.0000
    Dipole Moment (Debye)
         X      -1.7545      Y       0.0000      Z       0.2093
       Tot       1.7670
    Quadrupole Moments (Debye-Ang)
        XX     -39.0239     XY      -0.0000     YY     -41.1135
        XZ       1.1223     YZ      -0.0000     ZZ     -37.1320
    Octopole Moments (Debye-Ang^2)
       XXX      43.9628    XXY       0.0000    XYY      12.4288
       YYY       0.0000    XXZ       0.4507    XYZ       0.0000
       YYZ      -0.3126    XZZ      15.9808    YZZ       0.0000
       ZZZ       1.4011
    Hexadecapole Moments (Debye-Ang^3)
      XXXX    -462.2988   XXXY      -0.0000   XXYY    -120.7099
      XYYY      -0.0000   YYYY    -221.1818   XXXZ      10.5719
      XXYZ      -0.0000   XYYZ       2.5863   YYYZ      -0.0000
      XXZZ     -92.8166   XYZZ      -0.0000   YYZZ     -52.1494
      XZZZ       5.7737   YZZZ      -0.0000   ZZZZ     -79.1936
 -----------------------------------------------------------------
 Calculating analytic gradient of the SCF energy
 Gradient of SCF Energy
            1           2           3           4           5           6
    1   0.0000277  -0.0000128   0.0027918  -0.0027699   0.0000277  -0.0000093
    2  -0.0000003   0.0000000   0.0000000   0.0000000   0.0000003   0.0000022
    3   0.0000435  -0.0000444  -0.0378990   0.0378600   0.0000435  -0.0000000
            7           8           9          10          11          12
    1  -0.0000093   0.0000144  -0.0000561  -0.0000093  -0.0000093   0.0000144
    2   0.0000084  -0.0000143  -0.0000000  -0.0000084  -0.0000022   0.0000143
    3   0.0000093  -0.0000018  -0.0000185   0.0000093  -0.0000000  -0.0000018
 Max gradient component =       3.790E-02
 RMS gradient           =       8.952E-03
 Gradient time:  CPU 11.69 s  wall 0.98 s
 Geometry Optimization Parameters
   NAtoms,    NIC,     NZ,  NCons,   NDum,   NFix, NCnnct, MaxDiis
       12      75       0       1       0       0       0       0

 Cartesian Hessian Update
 Hessian Updated using BFGS Update


** CONSTRAINED OPTIMIZATION IN DELOCALIZED INTERNAL COORDINATES **
   Searching for a Minimum

   Optimization Cycle:   4

                       Coordinates (Angstroms)
     ATOM                X               Y               Z
      1  C        -1.7325484343    1.2728944218    0.1486988821
      2  C        -1.0785630134    0.0000000000   -0.3857695944
      3  Se        0.9023026805    0.0000000000   -0.0791760484
      4  H         0.7857401317    0.0000000000    1.5165724044
      5  C        -1.7325484343   -1.2728944218    0.1486988821
      6  H        -1.2680459747    2.1703991116   -0.2658808875
      7  H        -2.7992151909    1.2841077837   -0.1097844053
      8  H        -1.6556609751    1.3249831893    1.2400836234
      9  H        -1.1203366487    0.0000000000   -1.4813621872
     10  H        -2.7992151909   -1.2841077837   -0.1097844053
     11  H        -1.2680459747   -2.1703991116   -0.2658808875
     12  H        -1.6556609751   -1.3249831894    1.2400836234
   Point Group: c1    Number of degrees of freedom:    30


   Energy is  -2520.440523827

              Constraints and their Current Values
                                        Value     Constraint
   Distance(Angs):        3   4             1.600000     1.600000
 Hessian Updated using BFGS Update

 16 Hessian modes will be used to form the next step
  Hessian Eigenvalues:
     0.036447    0.047892    0.074188    0.082351    0.083716    0.141792
     0.157702    0.160000    0.160460    0.170264    0.205337    0.296928
     0.339222    0.342060    0.345556    0.347481

 Minimum Search - Taking Simple RFO Step
 Searching for Lamda that Minimizes Along All modes
 Value Taken    Lamda =   0.00000000
 Step Taken.  Stepsize is  0.002059

                             Maximum     Tolerance    Cnvgd?
         Gradient           0.000069      0.000300     YES
         Displacement       0.000974      0.001200     YES
         Energy change     -0.000001      0.000001     YES


                       Distance Matrix (Angstroms)
             C (  1)   C (  2)   Se(  3)   H (  4)   C (  5)   H (  6)
   C (  2)  1.527617
   Se(  3)  2.935069  2.004452
   H (  4)  3.135780  2.663556  1.600000
   C (  5)  2.545789  1.527617  2.935069  3.135780
   H (  6)  1.092316  2.181951  3.075045  3.479340  3.499130
   H (  7)  1.097596  2.164658  3.918049  4.140758  2.782598  1.776051
   H (  8)  1.095329  2.175321  3.168470  2.791499  2.818865  1.770001
   H (  9)  2.156887  1.096389  2.461137  3.552568  2.156887  2.491956
   H ( 10)  2.782598  2.164658  3.918049  4.140758  1.097596  3.781860
   H ( 11)  3.499130  2.181951  3.075045  3.479340  1.092316  4.340798
   H ( 12)  2.818865  2.175321  3.168470  2.791499  1.095329  3.825686
             H (  7)   H (  8)   H (  9)   H ( 10)   H ( 11)
   H (  8)  1.769613
   H (  9)  2.519681  3.073828
   H ( 10)  2.568216  3.152335  2.519681
   H ( 11)  3.781860  3.825686  2.491956  1.776051
   H ( 12)  3.152335  2.649966  3.073828  1.769613  1.770001
 
 Final energy is   -2520.44052382669     


 ******************************
 **  OPTIMIZATION CONVERGED  **
 ******************************

                       Coordinates (Angstroms)
     ATOM                X               Y               Z
      1  C        -1.7325484343    1.2728944218    0.1486988821
      2  C        -1.0785630134    0.0000000000   -0.3857695944
      3  Se        0.9023026805    0.0000000000   -0.0791760484
      4  H         0.7857401317    0.0000000000    1.5165724044
      5  C        -1.7325484343   -1.2728944218    0.1486988821
      6  H        -1.2680459747    2.1703991116   -0.2658808875
      7  H        -2.7992151909    1.2841077837   -0.1097844053
      8  H        -1.6556609751    1.3249831893    1.2400836234
      9  H        -1.1203366487    0.0000000000   -1.4813621872
     10  H        -2.7992151909   -1.2841077837   -0.1097844053
     11  H        -1.2680459747   -2.1703991116   -0.2658808875
     12  H        -1.6556609751   -1.3249831894    1.2400836234

Z-matrix Print:
$molecule
0 1
Se
H  1 1.600000
C  1 2.004452 2 94.620496
H  3 1.096389 1 100.981848 2 -180.000000 0
C  3 1.527617 1 111.688221 2 -63.732316 0
H  5 1.092316 3 111.703578 1 -54.702741 0
H  5 1.095329 3 110.988786 1 65.907590 0
H  5 1.097596 3 110.008704 1 -175.120824 0
C  3 1.527617 1 111.688221 2 63.732316 0
H  9 1.092316 3 111.703578 1 54.702741 0
H  9 1.095329 3 110.988786 1 -65.907590 0
H  9 1.097596 3 110.008704 1 175.120824 0
$end

PES scan, value:    1.6000 energy: -2520.4405238267
------- Summary of potential scan: ------ 
    1.6000     -2520.4405238267
----------------------------------------- 
Archival summary:
1\1\hpc0248\JobtypUnspecified\ProcedureUnspecified\6-31G**\e138\knomura\WedMar1316:23:492019WedMar1316:23:492019\0\\#,JobtypUnspecified,ProcedureUnspecified,6-31G**,\\0,1\Se\H,1,1.6\C,1,2.00445,2,94.6205\H,3,1.09639,1,100.982,2,-180,0\C,3,1.52762,1,111.688,2,-63.7323,0\H,5,1.09232,3,111.704,1,-54.7027,0\H,5,1.09533,3,110.989,1,65.9076,0\H,5,1.0976,3,110.009,1,-175.121,0\C,3,1.52762,1,111.688,2,63.7323,0\H,9,1.09232,3,111.704,1,54.7027,0\H,9,1.09533,3,110.989,1,-65.9076,0\H,9,1.0976,3,110.009,1,175.121,0\\\@

 Total job time:  15.83s(wall), 182.20s(cpu) 
 Wed Mar 13 16:23:49 2019

        *************************************************************
        *                                                           *
        *  Thank you very much for using Q-Chem.  Have a nice day.  *
        *                                                           *
        *************************************************************


