
Running Job 1 of 1 thiol/04/S-H.xyz.data/inputs/bond_singlet_2.5.in
qchem thiol/04/S-H.xyz.data/inputs/bond_singlet_2.5.in_10659.0 /staging/scratch/2868767/qchem10659/ 1
/usr/usc/qchem/5.1.1/exe/qcprog.exe_s thiol/04/S-H.xyz.data/inputs/bond_singlet_2.5.in_10659.0 /staging/scratch/2868767/qchem10659/
Check license passed

                  Welcome to Q-Chem
     A Quantum Leap Into The Future Of Chemistry


 Q-Chem 5.1, Q-Chem, Inc., Pleasanton, CA (2018)

 Yihan Shao,  Zhengting Gan,  E. Epifanovsky,  A. T. B. Gilbert,  M. Wormit,  
 J. Kussmann,  A. W. Lange,  A. Behn,  Jia Deng,  Xintian Feng,  D. Ghosh,  
 M. Goldey,  P. R. Horn,  L. D. Jacobson,  I. Kaliman,  T. Kus,  A. Landau,  
 Jie Liu,  E. I. Proynov,  R. M. Richard,  R. P. Steele,  E. J. Sundstrom,  
 H. L. Woodcock III,  P. M. Zimmerman,  D. Zuev,  B. Albrecht,  E. Alguire,  
 S. A. Baeppler,  D. Barton,  Z. Benda,  Y. A. Bernard,  E. J. Berquist,  
 K. B. Bravaya,  H. Burton,  D. Casanova,  Chun-Min Chang,  Yunqing Chen,  
 A. Chien,  K. D. Closser,  M. P. Coons,  S. Coriani,  S. Dasgupta,  
 A. L. Dempwolff,  M. Diedenhofen,  Hainam Do,  R. G. Edgar,  Po-Tung Fang,  
 S. Faraji,  S. Fatehi,  Qingguo Feng,  K. D. Fenk,  J. Fosso-Tande,  
 Qinghui Ge,  A. Ghysels,  G. Gidofalvi,  J. Gomes,  J. Gonthier,  A. Gunina,  
 D. Hait,  M. W. D. Hanson-Heine,  P. H. P. Harbach,  A. W. Hauser,  
 J. E. Herr,  E. G. Hohenstein,  Z. C. Holden,  Kerwin Hui,  B. C. Huynh,  
 T.-C. Jagau,  Hyunjun Ji,  B. Kaduk,  K. Khistyaev,  Jaehoon Kim,  
 P. Klunzinger,  K. Koh,  D. Kosenkov,  L. Koulias,  T. Kowalczyk,  
 C. M. Krauter,  A. Kunitsa,  Ka Un Lao,  A. Laurent,  K. V. Lawler,  
 Joonho Lee,  D. Lefrancois,  S. Lehtola,  D. S. Levine,  Yi-Pei Li,  
 You-Sheng Lin,  Fenglai Liu,  E. Livshits,  A. Luenser,  P. Manohar,  
 E. Mansoor,  S. F. Manzer,  Shan-Ping Mao,  Yuezhi Mao,  N. Mardirossian,  
 A. V. Marenich,  T. Markovich,  L. A. Martinez-Martinez,  S. A. Maurer,  
 N. J. Mayhall,  S. C. McKenzie,  J.-M. Mewes,  A. F. Morrison,  
 J. W. Mullinax,  K. Nanda,  T. S. Nguyen-Beck,  R. Olivares-Amaya,  
 J. A. Parkhill,  T. M. Perrine,  F. Plasser,  P. Pokhilko,  S. Prager,  
 A. Prociuk,  E. Ramos,  D. R. Rehn,  F. Rob,  M. Schneider,  N. Sergueev,  
 S. M. Sharada,  S. Sharma,  D. W. Small,  T. Stauch,  T. Stein,  
 Yu-Chuan Su,  A. J. W. Thom,  A. Tkatchenko,  T. Tsuchimochi,  N. M. Tubman,  
 L. Vogt,  M. L. Vidal,  O. Vydrov,  M. A. Watson,  J. Wenzel,  
 M. de Wergifosse,  T. A. Wesolowski,  A. White,  J. Witte,  A. Yamada,  
 Jun Yang,  K. Yao,  S. Yeganeh,  S. R. Yost,  Zhi-Qiang You,  A. Zech,  
 Igor Ying Zhang,  Xing Zhang,  Yan Zhao,  Ying Zhu,  B. R. Brooks,  
 G. K. L. Chan,  C. J. Cramer,  M. S. Gordon,  W. J. Hehre,  A. Klamt,  
 M. W. Schmidt,  C. D. Sherrill,  D. G. Truhlar,  A. Aspuru-Guzik,  R. Baer,  
 A. T. Bell,  N. A. Besley,  Jeng-Da Chai,  A. E. DePrince, III,  
 R. A. DiStasio Jr.,  A. Dreuw,  B. D. Dunietz,  T. R. Furlani,  
 Chao-Ping Hsu,  Yousung Jung,  Jing Kong,  D. S. Lambrecht,  WanZhen Liang,  
 C. Ochsenfeld,  V. A. Rassolov,  L. V. Slipchenko,  J. E. Subotnik,  
 T. Van Voorhis,  J. M. Herbert,  A. I. Krylov,  P. M. W. Gill,  M. Head-Gordon

 Contributors to earlier versions of Q-Chem not listed above: 
 R. D. Adamson,  B. Austin,  J. Baker,  G. J. O. Beran,  K. Brandhorst,  
 S. T. Brown,  E. F. C. Byrd,  A. K. Chakraborty,  C.-L. Cheng,  
 Siu Hung Chien,  D. M. Chipman,  D. L. Crittenden,  H. Dachsel,  
 R. J. Doerksen,  A. D. Dutoi,  L. Fusti-Molnar,  W. A. Goddard III,  
 A. Golubeva-Zadorozhnaya,  S. R. Gwaltney,  G. Hawkins,  A. Heyden,  
 S. Hirata,  G. Kedziora,  F. J. Keil,  C. Kelley,  Jihan Kim,  R. A. King,  
 R. Z. Khaliullin,  P. P. Korambath,  W. Kurlancheek,  A. M. Lee,  M. S. Lee,  
 S. V. Levchenko,  Ching Yeh Lin,  D. Liotard,  R. C. Lochan,  I. Lotan,  
 P. E. Maslen,  N. Nair,  D. P. O'Neill,  D. Neuhauser,  E. Neuscamman,  
 C. M. Oana,  R. Olson,  B. Peters,  R. Peverati,  P. A. Pieniazek,  
 Y. M. Rhee,  J. Ritchie,  M. A. Rohrdanz,  E. Rosta,  N. J. Russ,  
 H. F. Schaefer III,  N. E. Schultz,  N. Shenvi,  A. C. Simmonett,  A. Sodt,  
 D. Stuck,  K. S. Thanthiriwatte,  V. Vanovschi,  Tao Wang,  A. Warshel,  
 C. F. Williams,  Q. Wu,  X. Xu,  W. Zhang

 Please cite Q-Chem as follows:
 Y. Shao et al., Mol. Phys. 113, 184-215 (2015)
 DOI: 10.1080/00268976.2014.952696

 Q-Chem 5.1.1 for Intel X86 EM64T Linux

 Parts of Q-Chem use Armadillo 8.300.2 (Tropical Shenanigans).
 http://arma.sourceforge.net/

 Q-Chem begins on Thu Mar 14 09:25:21 2019  

Host: 
0

     Scratch files written to /staging/scratch/2868767/qchem10659//
 Aug318 |scratch|qcdevops|jenkins|workspace|build_RNUM 6013   
Processing $rem in /usr/usc/qchem/5.1.1/config/preferences.
 MEM_TOTAL  2000 
Input Ideriv = 2
Curr. Ideriv = -1
Max.  Ideriv = 2

Checking the input file for inconsistencies... 	...done.

--------------------------------------------------------------
User input:
--------------------------------------------------------------

$comment
potential surface scanner
$end

$rem
JOBTYPE  PES_SCAN
UNRESTRICTED TRUE
SYM_IGNORE  TRUE
GEOM_OPT_MAX_CYCLES 400
SCF_MAX_CYCLES 400
METHOD   B3LYP
BASIS   6-31G**
PDB_PRINT 2
SCF_CONVERGENCE 6
THRESH 14
SCF_PRINT 1
$end
$molecule
0 1
S 2.747978 0.497138 0.030073
S -2.823876 0.256399 -0.231505
C 0.002473 0.222711 -0.059569
C 1.278556 -0.622839 -0.014460
C -1.253805 -0.650895 -0.074787
H -0.039658 0.879808 0.817173
H 0.008524 0.869121 -0.943249
H 1.287938 -1.256957 0.876850
H 1.346318 -1.264729 -0.897877
H -1.296124 -1.315366 0.793309
H -1.262214 -1.295301 -0.968578
H 3.683418 -0.471077 0.094067
H -2.571325 1.575589 1.757453
$end
$scan
stre 2 13 2.500000 2.501000 0.100000
$end
--------------------------------------------------------------
 ----------------------------------------------------------------
             Standard Nuclear Orientation (Angstroms)
    I     Atom           X                Y                Z
 ----------------------------------------------------------------
    1      S       2.7479780000     0.4971380000     0.0300730000
    2      S      -2.8238760000     0.2563990000    -0.2315050000
    3      C       0.0024730000     0.2227110000    -0.0595690000
    4      C       1.2785560000    -0.6228390000    -0.0144600000
    5      C      -1.2538050000    -0.6508950000    -0.0747870000
    6      H      -0.0396580000     0.8798080000     0.8171730000
    7      H       0.0085240000     0.8691210000    -0.9432490000
    8      H       1.2879380000    -1.2569570000     0.8768500000
    9      H       1.3463180000    -1.2647290000    -0.8978770000
   10      H      -1.2961240000    -1.3153660000     0.7933090000
   11      H      -1.2622140000    -1.2953010000    -0.9685780000
   12      H       3.6834180000    -0.4710770000     0.0940670000
   13      H      -2.5713250000     1.5755890000     1.7574530000
 ----------------------------------------------------------------
 Nuclear Repulsion Energy =   262.3125716725 hartrees
 There are       29 alpha and       29 beta electrons
 Requested basis set is 6-31G(d,p)
 There are 46 shells and 123 basis functions

 Total QAlloc Memory Limit   2000 MB
 Mega-Array Size       188 MB
 MEM_STATIC part       192 MB
A total of 1 constraints
  
            1
    1   1.0100000
    2   2.0100000
    3  13.0100000
    4   2.5000000
    5   2.5010000
    6   0.1000000
    7   0.0000000
    8   0.0000000
    9   0.0000000
   10   0.0000000

                       Distance Matrix (Angstroms)
             S (  1)   S (  2)   C (  3)   C (  4)   C (  5)   H (  6)
   S (  2)  5.583183
   C (  3)  2.760642  2.831774
   C (  4)  1.848116  4.201204  1.531463
   C (  5)  4.164522  1.820128  1.530246  2.533235
   H (  6)  2.921793  3.039775  1.096462  2.165006  2.147742
   H (  7)  2.930927  2.984040  1.094885  2.168312  2.158275  1.761114
   H (  8)  2.434255  4.519481  2.172261  1.093905  2.780896  2.516314
   H (  9)  2.435142  4.488697  2.172822  1.094093  2.795516  3.075933
   H ( 10)  4.496939  2.419652  2.186192  2.785868  1.094031  2.529440
   H ( 11)  4.504640  2.321602  2.174877  2.796079  1.101904  3.068330
   H ( 12)  1.347807  6.555921  3.748907  2.412089  4.943381  4.026049
   H ( 13)  5.695778  2.400000  3.428744  4.774342  3.170204  2.788830
             H (  7)   H (  8)   H (  9)   H ( 10)   H ( 11)   H ( 12)
   H (  8)  3.077315
   H (  9)  2.518942  1.775704
   H ( 10)  3.080539  2.586072  3.137702
   H ( 11)  2.510008  3.148071  2.609669  1.762328
   H ( 12)  4.046851  2.639826  2.660051  5.098784  5.125216
   H ( 13)  3.801119  4.867514  5.519611  3.303533  4.169775  6.788041

 
 A cutoff of  1.0D-14 yielded    993 shell pairs
 There are      7214 function pairs
 
 -------------------------------------------------------
 OpenMP Integral Computing Module                       
 Release: version 1.0, May 2013, Q-Chem Inc. Pittsburgh 
 -------------------------------------------------------
 Integral Job Info:
 Integral job number is                      11
 Integral operator is                         1
 short-range coefficients                     0
 long-range coefficients              100000000
 Omega coefficients                           0
 if combine SR and LR in K                    0
 Integral screening is                        0
 Integral computing path is                   2
 max size of driver memory is            800000
 size of driver memory is                593474
 size of scratch memory is             15267112
 max col of scratch BK array               1296
 max len of scratch array in speh3          155
 max len of scratch index in speh4           18
 max int batch size is                      520
 min int batch size is                       52
 fixed nKL is                                52
 max L of basis functions is                  2
 order of int derivative is                   0
 number of shells is                         46
 number of basis is                         123
 number of cartesian basis is               123
 number of contracted shell pairs           993
 number of primitive shell pairs           3743
 maxK2 (contraction) of shell pair           36
 max number of K2 of shell pair               1
 max number of CS2 of shell pair             80
 max number of PS2 of shell pair            336
 mem total for path MDJ                  516588
 -------------------------------------------------------
 Smallest overlap matrix eigenvalue = 5.04E-03

 Scale SEOQF with 1.000000e-01/1.000000e-01/1.000000e-01

 Standard Electronic Orientation quadrupole field applied
 Nucleus-field energy     =     0.0000000111 hartrees
 Guess from superposition of atomic densities
 Warning:  Energy on first SCF cycle will be non-variational
 SAD guess density has 58.000000 electrons

 -----------------------------------------------------------------------
  General SCF calculation program by
  Eric Jon Sundstrom, Paul Horn, Yuezhi Mao, Dmitri Zuev, Alec White,
  David Stuck, Shaama M.S., Shane Yost, Joonho Lee, David Small,
  Daniel Levine, Susi Lehtola, Hugh Burton, Evgeny Epifanovsky
 -----------------------------------------------------------------------
 Exchange:     0.2000 Hartree-Fock + 0.0800 Slater + 0.7200 B88
 Correlation:  0.1900 VWN1RPA + 0.8100 LYP
 Using SG-1 standard quadrature grid
 using 12 threads for integral computing
 -------------------------------------------------------
 OpenMP Integral computing Module                
 Release: version 1.0, May 2013, Q-Chem Inc. Pittsburgh 
 -------------------------------------------------------
 -------------------------------------------------------
 OpenMP BLAS3 based DFT computing Module                
 Release: version 1.0, May 2013, Q-Chem Inc. Pittsburgh 
 -------------------------------------------------------
 A unrestricted SCF calculation will be
 performed using DIIS
 SCF converges when DIIS error is below 1.0e-06
 Alpha HF Exchange    Energy =  -6.83827248454034
 Beta HF Exchange     Energy =  -6.83827248454034
 DFT Correlation      Energy =  -2.70404564162987
 DFT Exchange         Energy = -53.82705127872133
 One-Electron (alpha) Energy = -888.32548937204649
 One-Electron (beta)  Energy = -888.32548937204649
 Total Coulomb        Energy = 668.63172882427591
 ---------------------------------------
  Cycle       Energy         DIIS error
 ---------------------------------------
    1    -915.9143201257      2.70e-02  
 Alpha HF Exchange    Energy =  -6.85151731679665
 Beta HF Exchange     Energy =  -6.85151731679665
 DFT Correlation      Energy =  -2.73309667119725
 DFT Exchange         Energy = -54.39305604944205
 One-Electron (alpha) Energy = -892.88617685639463
 One-Electron (beta)  Energy = -892.88617685639474
 Total Coulomb        Energy = 678.98856454161444
    2    -915.3004048418      2.99e-03  
 Alpha HF Exchange    Energy =  -6.78581380107476
 Beta HF Exchange     Energy =  -6.78581380107476
 DFT Correlation      Energy =  -2.69539710549903
 DFT Exchange         Energy = -53.83226474559115
 One-Electron (alpha) Energy = -885.39883513180973
 One-Electron (beta)  Energy = -885.39883513181019
 Total Coulomb        Energy = 663.47665753565593
    3    -915.1077304976      4.66e-03  
 Alpha HF Exchange    Energy =  -6.82363467526340
 Beta HF Exchange     Energy =  -6.82363467526340
 DFT Correlation      Energy =  -2.71987310404540
 DFT Exchange         Energy = -54.15872784653585
 One-Electron (alpha) Energy = -890.76599489815953
 One-Electron (beta)  Energy = -890.76599489815953
 Total Coulomb        Energy = 674.37178028846540
    4    -915.3735081254      1.31e-03  
 Alpha HF Exchange    Energy =  -6.81778047911637
 Beta HF Exchange     Energy =  -6.81778047911637
 DFT Correlation      Energy =  -2.71592144548533
 DFT Exchange         Energy = -54.11965474419699
 One-Electron (alpha) Energy = -889.76026443423518
 One-Electron (beta)  Energy = -889.76026443423518
 Total Coulomb        Energy = 672.28199976023461
    5    -915.3970945726      5.21e-04  
 Alpha HF Exchange    Energy =  -6.82008554693485
 Beta HF Exchange     Energy =  -6.82008554693484
 DFT Correlation      Energy =  -2.71696481337293
 DFT Exchange         Energy = -54.13744958717157
 One-Electron (alpha) Energy = -890.06697341051824
 One-Electron (beta)  Energy = -890.06697341051836
 Total Coulomb        Energy = 672.91550425156481
    6    -915.4004563803      1.38e-04  
 Alpha HF Exchange    Energy =  -6.81951104966117
 Beta HF Exchange     Energy =  -6.81951104966117
 DFT Correlation      Energy =  -2.71680195444373
 DFT Exchange         Energy = -54.13297380472071
 One-Electron (alpha) Energy = -890.01139323368091
 One-Electron (beta)  Energy = -890.01139323368147
 Total Coulomb        Energy = 672.79839598391027
    7    -915.4006166584      3.90e-05  
 Alpha HF Exchange    Energy =  -6.81967560997466
 Beta HF Exchange     Energy =  -6.81967560997466
 DFT Correlation      Energy =  -2.71689696165733
 DFT Exchange         Energy = -54.13420938376417
 One-Electron (alpha) Energy = -890.03686002428776
 One-Electron (beta)  Energy = -890.03686002428822
 Total Coulomb        Energy = 672.85097139894049
    8    -915.4006345314      9.60e-06  
 Alpha HF Exchange    Energy =  -6.81972756926432
 Beta HF Exchange     Energy =  -6.81972756926432
 DFT Correlation      Energy =  -2.71692526241372
 DFT Exchange         Energy = -54.13460739561990
 One-Electron (alpha) Energy = -890.04322071960360
 One-Electron (beta)  Energy = -890.04322071960360
 Total Coulomb        Energy = 672.86422187658138
    9    -915.4006356756      2.33e-06  
 Alpha HF Exchange    Energy =  -6.81972445993288
 Beta HF Exchange     Energy =  -6.81972445993289
 DFT Correlation      Energy =  -2.71692427200442
 DFT Exchange         Energy = -54.13457968878210
 One-Electron (alpha) Energy = -890.04295728021032
 One-Electron (beta)  Energy = -890.04295728021077
 Total Coulomb        Energy = 672.86366002989962
   10    -915.4006357276      6.89e-07  Convergence criterion met
 ---------------------------------------
 SCF time:   CPU 31.66s  wall 3.00s 
<S^2> =         -0.000000000
 Alpha HF Exchange    Energy =  -6.81972445993288
 Beta HF Exchange     Energy =  -6.81972445993289
 DFT Correlation      Energy =  -2.71692427200442
 DFT Exchange         Energy = -54.13457968878210
 One-Electron (alpha) Energy = -890.04295728021032
 One-Electron (beta)  Energy = -890.04295728021077
 Total Coulomb        Energy = 672.86366002989962
 Nuclear repulsion Energy = 262.31257168357109
 SCF   energy in the final basis set =     -915.4006357276
 Total energy in the final basis set =     -915.4006357276
 
 --------------------------------------------------------------
 
                    Orbital Energies (a.u.)
 --------------------------------------------------------------
 
 Alpha MOs
 -- Occupied --
-88.911 -88.879 -10.235 -10.230 -10.207  -7.967  -7.941  -5.934
 -5.929  -5.920  -5.906  -5.903  -5.896  -0.831  -0.778  -0.703
 -0.622  -0.598  -0.495  -0.456  -0.431  -0.416  -0.386  -0.361
 -0.348  -0.333  -0.292  -0.245  -0.241
 -- Virtual --
 -0.148   0.015   0.042   0.078   0.092   0.113   0.136   0.144
  0.157   0.180   0.205   0.217   0.332   0.344   0.360   0.368
  0.383   0.388   0.400   0.425   0.501   0.514   0.516   0.549
  0.585   0.626   0.641   0.652   0.727   0.732   0.747   0.786
  0.811   0.821   0.834   0.851   0.864   0.876   0.892   0.897
  0.905   0.928   0.938   0.953   1.029   1.106   1.152   1.156
  1.339   1.375   1.404   1.616   1.647   1.653   1.667   1.824
  1.847   1.964   2.004   2.007   2.045   2.048   2.074   2.082
  2.097   2.105   2.132   2.196   2.215   2.241   2.285   2.318
  2.381   2.488   2.562   2.596   2.620   2.701   2.755   2.789
  2.796   2.814   2.863   3.186   3.235   3.315   3.335   3.458
  3.534   3.909   3.980   4.243   4.412   4.614
 
 Beta MOs
 -- Occupied --
-88.911 -88.879 -10.235 -10.230 -10.207  -7.967  -7.941  -5.934
 -5.929  -5.920  -5.906  -5.903  -5.896  -0.831  -0.778  -0.703
 -0.622  -0.598  -0.495  -0.456  -0.431  -0.416  -0.386  -0.361
 -0.348  -0.333  -0.292  -0.245  -0.241
 -- Virtual --
 -0.148   0.015   0.042   0.078   0.092   0.113   0.136   0.144
  0.157   0.180   0.205   0.217   0.332   0.344   0.360   0.368
  0.383   0.388   0.400   0.425   0.501   0.514   0.516   0.549
  0.585   0.626   0.641   0.652   0.727   0.732   0.747   0.786
  0.811   0.821   0.834   0.851   0.864   0.876   0.892   0.897
  0.905   0.928   0.938   0.953   1.029   1.106   1.152   1.156
  1.339   1.375   1.404   1.616   1.647   1.653   1.667   1.824
  1.847   1.964   2.004   2.007   2.045   2.048   2.074   2.082
  2.097   2.105   2.132   2.196   2.215   2.241   2.285   2.318
  2.381   2.488   2.562   2.596   2.620   2.701   2.755   2.789
  2.796   2.814   2.863   3.186   3.235   3.315   3.335   3.458
  3.534   3.909   3.980   4.243   4.412   4.614
 --------------------------------------------------------------
 
          Ground-State Mulliken Net Atomic Charges

     Atom                 Charge (a.u.)    Spin (a.u.)
  --------------------------------------------------------
      1 S                    -0.039737       0.000000
      2 S                    -0.018366      -0.000000
      3 C                    -0.170075      -0.000000
      4 C                    -0.331451       0.000000
      5 C                    -0.350461      -0.000000
      6 H                     0.127974      -0.000000
      7 H                     0.135666      -0.000000
      8 H                     0.136826      -0.000000
      9 H                     0.136163      -0.000000
     10 H                     0.149872       0.000000
     11 H                     0.148205       0.000000
     12 H                     0.057597      -0.000000
     13 H                     0.017788       0.000000
  --------------------------------------------------------
  Sum of atomic charges =    -0.000000
  Sum of spin   charges =     0.000000

 -----------------------------------------------------------------
                    Cartesian Multipole Moments
 -----------------------------------------------------------------
    Charge (ESU x 10^10)
                 0.0000
    Dipole Moment (Debye)
         X       0.8832      Y      -2.2902      Z       0.1647
       Tot       2.4602
    Quadrupole Moments (Debye-Ang)
        XX     -53.8104     XY      -3.4054     YY     -46.8825
        XZ      -0.0174     YZ       1.6231     ZZ     -47.2846
    Octopole Moments (Debye-Ang^2)
       XXX      36.5442    XXY     -15.1761    XYY       0.3582
       YYY     -13.0761    XXZ       1.7059    XYZ      -4.5204
       YYZ       3.1602    XZZ      -5.5421    YZZ      -5.1773
       ZZZ       5.2397
    Hexadecapole Moments (Debye-Ang^3)
      XXXX   -1497.9143   XXXY     -50.3267   XXYY    -279.2395
      XYYY      -8.2538   YYYY    -162.5080   XXXZ      -0.5258
      XXYZ       7.1750   XYYZ      -9.6333   YYYZ      -5.3566
      XXZZ    -277.8188   XYZZ      -8.5026   YYZZ     -39.3279
      XZZZ     -17.8187   YZZZ      -3.8029   ZZZZ    -100.9982
 -----------------------------------------------------------------
 Calculating analytic gradient of the SCF energy
 Gradient of SCF Energy
            1           2           3           4           5           6
    1  -0.0000093  -0.0054921   0.0000574   0.0000108  -0.0001497  -0.0000104
    2   0.0000013  -0.0295302   0.0000081  -0.0000092   0.0002210  -0.0000150
    3   0.0000378  -0.0444333  -0.0000526  -0.0000227   0.0001188   0.0000154
            7           8           9          10          11          12
    1  -0.0000218  -0.0000161   0.0000071  -0.0000073  -0.0000144  -0.0000021
    2   0.0000030  -0.0000123   0.0000118   0.0000013  -0.0000754  -0.0000052
    3   0.0000092  -0.0000156  -0.0000153   0.0000040  -0.0000402  -0.0000409
           13
    1   0.0056478
    2   0.0294007
    3   0.0444356
 Max gradient component =       4.444E-02
 RMS gradient           =       1.214E-02
 Gradient time:  CPU 11.16 s  wall 1.01 s
 Geometry Optimization Parameters
   NAtoms,    NIC,     NZ,  NCons,   NDum,   NFix, NCnnct, MaxDiis
       13      82       0       1       0       0       0       0


** CONSTRAINED OPTIMIZATION IN DELOCALIZED INTERNAL COORDINATES **
   Searching for a Minimum

   Optimization Cycle:   1

                       Coordinates (Angstroms)
     ATOM                X               Y               Z
      1  S         2.7479780000    0.4971380000    0.0300730000
      2  S        -2.8238760000    0.2563990000   -0.2315050000
      3  C         0.0024730000    0.2227110000   -0.0595690000
      4  C         1.2785560000   -0.6228390000   -0.0144600000
      5  C        -1.2538050000   -0.6508950000   -0.0747870000
      6  H        -0.0396580000    0.8798080000    0.8171730000
      7  H         0.0085240000    0.8691210000   -0.9432490000
      8  H         1.2879380000   -1.2569570000    0.8768500000
      9  H         1.3463180000   -1.2647290000   -0.8978770000
     10  H        -1.2961240000   -1.3153660000    0.7933090000
     11  H        -1.2622140000   -1.2953010000   -0.9685780000
     12  H         3.6834180000   -0.4710770000    0.0940670000
     13  H        -2.5713250000    1.5755890000    1.7574530000
   Point Group: c1    Number of degrees of freedom:    33


   Energy is   -915.400635728

              Constraints and their Current Values
                                        Value     Constraint
   Distance(Angs):        2  13             2.400000     2.500000

 Attempting to Generate Delocalized Internal Coordinates

   Using Lagrange Multiplier Algorithm


 34 Hessian modes will be used to form the next step
  Hessian Eigenvalues:
    -0.985214    0.045000    0.045000    0.045000    0.045000    0.069031
     0.073547    0.078527    0.079397    0.083426    0.084660    0.102371
     0.123766    0.129719    0.131144    0.142334    0.145988    0.160000
     0.160000    0.219309    0.220533    0.220552    0.226654    0.245931
     0.258073    0.292888    0.294007    0.334724    0.340765    0.342542
     0.343439    0.343510    0.343653    1.015008

 Minimum Search - Taking P-RFO Step
 Searching for Lamda that Maximizes Along the Constraint modes Only
 Value Taken    Lamda =   0.02923401
 Searching for Lamda that Minimizes Along All other modes
 Value Taken    Lamda =  -0.00871761
 Step Taken.  Stepsize is  0.184887

                             Maximum     Tolerance    Cnvgd?
         Gradient            0.188973       0.000300      NO
         Displacement        0.184874       0.001200      NO
         Energy change     *********       0.000001      NO


 New Cartesian Coordinates Obtained by Inverse Iteration

 Displacement from previous Coordinates is:  0.162934
 ----------------------------------------------------------------
             Standard Nuclear Orientation (Angstroms)
    I     Atom           X                Y                Z
 ----------------------------------------------------------------
    1      S       2.7454677912     0.5002518277     0.0326689494
    2      S      -2.8248239888     0.2435931742    -0.2497992987
    3      C       0.0010781633     0.2177618065    -0.0669281830
    4      C       1.2793982009    -0.6240130516    -0.0150275837
    5      C      -1.2526311244    -0.6594500031    -0.0854551451
    6      H      -0.0462289375     0.8765297121     0.8082942745
    7      H       0.0088225497     0.8624228508    -0.9518784631
    8      H       1.2871761096    -1.2561292723     0.8777183832
    9      H       1.3524281364    -1.2676599734    -0.8967443673
   10      H      -1.2963853240    -1.3223593952     0.7837565610
   11      H      -1.2557688657    -1.3053886019    -0.9780236744
   12      H       3.6834269369    -0.4650844714     0.1029923753
   13      H      -2.5737566476     1.6231273976     1.8173261719
 ----------------------------------------------------------------
 Nuclear Repulsion Energy =   262.0972923300 hartrees
 There are       29 alpha and       29 beta electrons

                       Distance Matrix (Angstroms)
             S (  1)   S (  2)   C (  3)   C (  4)   C (  5)   H (  6)
   S (  2)  5.583351
   C (  3)  2.760687  2.831931
   C (  4)  1.848136  4.201488  1.531464
   C (  5)  4.164572  1.820518  1.530239  2.533256
   H (  6)  2.921772  3.039862  1.096461  2.164896  2.147889
   H (  7)  2.930824  2.984195  1.094890  2.168304  2.158252  1.761090
   H (  8)  2.434255  4.519846  2.172271  1.093904  2.781070  2.516152
   H (  9)  2.435135  4.489082  2.172837  1.094093  2.795433  3.075865
   H ( 10)  4.496957  2.420035  2.186104  2.785750  1.094026  2.529547
   H ( 11)  4.504634  2.321980  2.174798  2.796195  1.101783  3.068336
   H ( 12)  1.347808  6.556220  3.748979  2.412165  4.943476  4.025880
   H ( 13)  5.721888  2.497830  3.486437  4.822236  3.252093  2.822047
             H (  7)   H (  8)   H (  9)   H ( 10)   H ( 11)   H ( 12)
   H (  8)  3.077316
   H (  9)  2.519041  1.775700
   H ( 10)  3.080466  2.586118  3.137401
   H ( 11)  2.509837  3.148456  2.609736  1.762330
   H ( 12)  4.046943  2.639691  2.660293  5.098715  5.125462
   H ( 13)  3.862238  4.907116  5.580122  3.372808  4.257614  6.815564

 
 Applying Cartesian multipole field
    Component          Value
    ---------          -----
     (2,0,0)        1.00000E-11
     (0,2,0)        2.00000E-11
     (0,0,2)       -3.00000E-11
 Nucleus-field energy     =     0.0000000111 hartrees
 Requested basis set is 6-31G(d,p)
 There are 46 shells and 123 basis functions
 A cutoff of  1.0D-14 yielded    993 shell pairs
 There are      7214 function pairs
 Smallest overlap matrix eigenvalue = 5.04E-03
 Guess from superposition of atomic densities
 Warning:  Energy on first SCF cycle will be non-variational
 SAD guess density has 58.000000 electrons

 -----------------------------------------------------------------------
  General SCF calculation program by
  Eric Jon Sundstrom, Paul Horn, Yuezhi Mao, Dmitri Zuev, Alec White,
  David Stuck, Shaama M.S., Shane Yost, Joonho Lee, David Small,
  Daniel Levine, Susi Lehtola, Hugh Burton, Evgeny Epifanovsky
 -----------------------------------------------------------------------
 Exchange:     0.2000 Hartree-Fock + 0.0800 Slater + 0.7200 B88
 Correlation:  0.1900 VWN1RPA + 0.8100 LYP
 Using SG-1 standard quadrature grid
 using 12 threads for integral computing
 -------------------------------------------------------
 OpenMP Integral computing Module                
 Release: version 1.0, May 2013, Q-Chem Inc. Pittsburgh 
 -------------------------------------------------------
 -------------------------------------------------------
 OpenMP BLAS3 based DFT computing Module                
 Release: version 1.0, May 2013, Q-Chem Inc. Pittsburgh 
 -------------------------------------------------------
 A unrestricted SCF calculation will be
 performed using DIIS
 SCF converges when DIIS error is below 1.0e-06
 Alpha HF Exchange    Energy =  -6.83766477844383
 Beta HF Exchange     Energy =  -6.83766477844383
 DFT Correlation      Energy =  -2.70350718514184
 DFT Exchange         Energy = -53.82575520778457
 One-Electron (alpha) Energy = -888.11060915856183
 One-Electron (beta)  Energy = -888.11060915856183
 Total Coulomb        Energy = 668.41925164088616
 ---------------------------------------
  Cycle       Energy         DIIS error
 ---------------------------------------
    1    -915.9092662850      2.70e-02  
 Alpha HF Exchange    Energy =  -6.85186874930005
 Beta HF Exchange     Energy =  -6.85186874930004
 DFT Correlation      Energy =  -2.73325964088537
 DFT Exchange         Energy = -54.39713992036894
 One-Electron (alpha) Energy = -892.81885926658720
 One-Electron (beta)  Energy = -892.81885926658686
 Total Coulomb        Energy = 679.09291592800275
    2    -915.2816473239      3.05e-03  
 Alpha HF Exchange    Energy =  -6.78504834156710
 Beta HF Exchange     Energy =  -6.78504834156710
 DFT Correlation      Energy =  -2.69383402849611
 DFT Exchange         Energy = -53.82200980979954
 One-Electron (alpha) Energy = -884.80326068321585
 One-Electron (beta)  Energy = -884.80326068321529
 Total Coulomb        Energy = 662.54652497038046
    3    -915.0486445764      4.87e-03  
 Alpha HF Exchange    Energy =  -6.82376293825588
 Beta HF Exchange     Energy =  -6.82376293825589
 DFT Correlation      Energy =  -2.71992485626248
 DFT Exchange         Energy = -54.16121796656574
 One-Electron (alpha) Energy = -890.68877687541863
 One-Electron (beta)  Energy = -890.68877687541942
 Total Coulomb        Energy = 674.45406238702753
    4    -915.3548677220      1.48e-03  
 Alpha HF Exchange    Energy =  -6.81646617447747
 Beta HF Exchange     Energy =  -6.81646617447746
 DFT Correlation      Energy =  -2.71502869114508
 DFT Exchange         Energy = -54.11306619201531
 One-Electron (alpha) Energy = -889.45251270542690
 One-Electron (beta)  Energy = -889.45251270542633
 Total Coulomb        Energy = 671.88269613803368
    5    -915.3860641638      6.09e-04  
 Alpha HF Exchange    Energy =  -6.81911398561802
 Beta HF Exchange     Energy =  -6.81911398561800
 DFT Correlation      Energy =  -2.71629948984396
 DFT Exchange         Energy = -54.13377472285077
 One-Electron (alpha) Energy = -889.82732498661437
 One-Electron (beta)  Energy = -889.82732498661369
 Total Coulomb        Energy = 672.65477857711869
    6    -915.3908812389      1.61e-04  
 Alpha HF Exchange    Energy =  -6.81850881223529
 Beta HF Exchange     Energy =  -6.81850881223529
 DFT Correlation      Energy =  -2.71614163722031
 DFT Exchange         Energy = -54.12907329792277
 One-Electron (alpha) Energy = -889.76934771268122
 One-Electron (beta)  Energy = -889.76934771268088
 Total Coulomb        Energy = 672.53254898987063
    7    -915.3910866540      5.30e-05  
 Alpha HF Exchange    Energy =  -6.81872395507471
 Beta HF Exchange     Energy =  -6.81872395507471
 DFT Correlation      Energy =  -2.71627170265728
 DFT Exchange         Energy = -54.13070063513560
 One-Electron (alpha) Energy = -889.80354423850633
 One-Electron (beta)  Energy = -889.80354423850588
 Total Coulomb        Energy = 672.60309354025117
    8    -915.3911228436      1.72e-05  
 Alpha HF Exchange    Energy =  -6.81881266371154
 Beta HF Exchange     Energy =  -6.81881266371153
 DFT Correlation      Energy =  -2.71632229097342
 DFT Exchange         Energy = -54.13138252845259
 One-Electron (alpha) Energy = -889.81527268987065
 One-Electron (beta)  Energy = -889.81527268986997
 Total Coulomb        Energy = 672.62745619923908
    9    -915.3911269862      3.98e-06  
 Alpha HF Exchange    Energy =  -6.81881385150682
 Beta HF Exchange     Energy =  -6.81881385150681
 DFT Correlation      Energy =  -2.71632421081807
 DFT Exchange         Energy = -54.13138837682355
 One-Electron (alpha) Energy = -889.81572433580288
 One-Electron (beta)  Energy = -889.81572433580254
 Total Coulomb        Energy = 672.62836945993240
   10    -915.3911271612      1.10e-06  
 Alpha HF Exchange    Energy =  -6.81881754314116
 Beta HF Exchange     Energy =  -6.81881754314115
 DFT Correlation      Energy =  -2.71632597541471
 DFT Exchange         Energy = -54.13141619036836
 One-Electron (alpha) Energy = -889.81620392688524
 One-Electron (beta)  Energy = -889.81620392688387
 Total Coulomb        Energy = 672.62936559013440
   11    -915.3911271746      3.63e-07  Convergence criterion met
 ---------------------------------------
 SCF time:   CPU 34.22s  wall 3.00s 
<S^2> =         -0.000000000
 Alpha HF Exchange    Energy =  -6.81881754314116
 Beta HF Exchange     Energy =  -6.81881754314115
 DFT Correlation      Energy =  -2.71632597541471
 DFT Exchange         Energy = -54.13141619036836
 One-Electron (alpha) Energy = -889.81620392688524
 One-Electron (beta)  Energy = -889.81620392688387
 Total Coulomb        Energy = 672.62936559013440
 Nuclear repulsion Energy = 262.09729234110119
 SCF   energy in the final basis set =     -915.3911271746
 Total energy in the final basis set =     -915.3911271746
 
 --------------------------------------------------------------
 
                    Orbital Energies (a.u.)
 --------------------------------------------------------------
 
 Alpha MOs
 -- Occupied --
-88.911 -88.879 -10.236 -10.230 -10.207  -7.968  -7.942  -5.934
 -5.930  -5.921  -5.907  -5.903  -5.896  -0.831  -0.778  -0.704
 -0.622  -0.598  -0.495  -0.456  -0.432  -0.416  -0.387  -0.361
 -0.348  -0.333  -0.287  -0.245  -0.241
 -- Virtual --
 -0.156   0.015   0.042   0.078   0.091   0.113   0.136   0.144
  0.157   0.180   0.205   0.217   0.330   0.344   0.360   0.368
  0.383   0.388   0.400   0.420   0.500   0.513   0.516   0.549
  0.585   0.626   0.640   0.651   0.727   0.732   0.747   0.785
  0.812   0.820   0.834   0.851   0.864   0.877   0.892   0.894
  0.903   0.928   0.938   0.953   1.028   1.105   1.151   1.156
  1.339   1.374   1.403   1.616   1.647   1.653   1.667   1.824
  1.846   1.963   2.003   2.005   2.043   2.047   2.072   2.077
  2.096   2.105   2.125   2.195   2.214   2.241   2.284   2.318
  2.381   2.486   2.561   2.596   2.619   2.700   2.755   2.788
  2.796   2.814   2.863   3.186   3.234   3.315   3.335   3.458
  3.534   3.907   3.980   4.242   4.411   4.613
 
 Beta MOs
 -- Occupied --
-88.911 -88.879 -10.236 -10.230 -10.207  -7.968  -7.942  -5.934
 -5.930  -5.921  -5.907  -5.903  -5.896  -0.831  -0.778  -0.704
 -0.622  -0.598  -0.495  -0.456  -0.432  -0.416  -0.387  -0.361
 -0.348  -0.333  -0.287  -0.245  -0.241
 -- Virtual --
 -0.156   0.015   0.042   0.078   0.091   0.113   0.136   0.144
  0.157   0.180   0.205   0.217   0.330   0.344   0.360   0.368
  0.383   0.388   0.400   0.420   0.500   0.513   0.516   0.549
  0.585   0.626   0.640   0.651   0.727   0.732   0.747   0.785
  0.812   0.820   0.834   0.851   0.864   0.877   0.892   0.894
  0.903   0.928   0.938   0.953   1.028   1.105   1.151   1.156
  1.339   1.374   1.403   1.616   1.647   1.653   1.667   1.824
  1.846   1.963   2.003   2.005   2.043   2.047   2.072   2.077
  2.096   2.105   2.125   2.195   2.214   2.241   2.284   2.318
  2.381   2.486   2.561   2.596   2.619   2.700   2.755   2.788
  2.796   2.814   2.863   3.186   3.234   3.315   3.335   3.458
  3.534   3.907   3.980   4.242   4.411   4.613
 --------------------------------------------------------------
 
          Ground-State Mulliken Net Atomic Charges

     Atom                 Charge (a.u.)    Spin (a.u.)
  --------------------------------------------------------
      1 S                    -0.039403       0.000000
      2 S                    -0.016188       0.000000
      3 C                    -0.170365      -0.000000
      4 C                    -0.331631      -0.000000
      5 C                    -0.351868      -0.000000
      6 H                     0.128871      -0.000000
      7 H                     0.135753      -0.000000
      8 H                     0.136938       0.000000
      9 H                     0.136091      -0.000000
     10 H                     0.150642       0.000000
     11 H                     0.149421       0.000000
     12 H                     0.057655       0.000000
     13 H                     0.014084      -0.000000
  --------------------------------------------------------
  Sum of atomic charges =    -0.000000
  Sum of spin   charges =    -0.000000

 -----------------------------------------------------------------
                    Cartesian Multipole Moments
 -----------------------------------------------------------------
    Charge (ESU x 10^10)
                 0.0000
    Dipole Moment (Debye)
         X       0.9083      Y      -2.3253      Z       0.1309
       Tot       2.4998
    Quadrupole Moments (Debye-Ang)
        XX     -53.8157     XY      -3.3302     YY     -46.9020
        XZ       0.0881     YZ       1.5961     ZZ     -47.2999
    Octopole Moments (Debye-Ang^2)
       XXX      36.9456    XXY     -15.1321    XYY       0.4726
       YYY     -12.7171    XXZ       1.8074    XYZ      -4.4629
       YYZ       3.3536    XZZ      -5.4307    YZZ      -5.0512
       ZZZ       5.8896
    Hexadecapole Moments (Debye-Ang^3)
      XXXX   -1497.1607   XXXY     -50.8530   XXYY    -279.8233
      XYYY      -9.3773   YYYY    -163.9085   XXXZ      -1.0430
      XXYZ       6.5494   XYYZ     -10.2354   YYYZ      -6.1344
      XXZZ    -278.1742   XYZZ      -8.9566   YYZZ     -39.7951
      XZZZ     -19.7119   YZZZ      -4.4594   ZZZZ    -103.3867
 -----------------------------------------------------------------
 Calculating analytic gradient of the SCF energy
 Gradient of SCF Energy
            1           2           3           4           5           6
    1   0.0000098  -0.0053585  -0.0001192  -0.0000081   0.0004342   0.0001056
    2   0.0000002  -0.0268472  -0.0001250   0.0000431  -0.0005306   0.0000043
    3   0.0000473  -0.0407930   0.0000118   0.0000069  -0.0003126   0.0000132
            7           8           9          10          11          12
    1  -0.0000326  -0.0000119   0.0000087   0.0000842   0.0000162   0.0000169
    2   0.0000072  -0.0000144   0.0000300   0.0001014   0.0000991  -0.0000060
    3   0.0000064  -0.0000204  -0.0000105   0.0000262   0.0002192  -0.0000508
           13
    1   0.0048547
    2   0.0272382
    3   0.0408564
 Max gradient component =       4.086E-02
 RMS gradient           =       1.115E-02
 Gradient time:  CPU 11.10 s  wall 0.99 s
 Geometry Optimization Parameters
   NAtoms,    NIC,     NZ,  NCons,   NDum,   NFix, NCnnct, MaxDiis
       13      82       0       1       0       0       0       0

 Cartesian Hessian Update
 Hessian Updated using BFGS Update
**WARNING** Hereditary positive definiteness endangered


** CONSTRAINED OPTIMIZATION IN DELOCALIZED INTERNAL COORDINATES **
   Searching for a Minimum

   Optimization Cycle:   2

                       Coordinates (Angstroms)
     ATOM                X               Y               Z
      1  S         2.7454677912    0.5002518277    0.0326689494
      2  S        -2.8248239888    0.2435931742   -0.2497992987
      3  C         0.0010781633    0.2177618065   -0.0669281830
      4  C         1.2793982009   -0.6240130516   -0.0150275837
      5  C        -1.2526311244   -0.6594500031   -0.0854551451
      6  H        -0.0462289375    0.8765297121    0.8082942745
      7  H         0.0088225497    0.8624228508   -0.9518784631
      8  H         1.2871761096   -1.2561292723    0.8777183832
      9  H         1.3524281364   -1.2676599734   -0.8967443673
     10  H        -1.2963853240   -1.3223593952    0.7837565610
     11  H        -1.2557688657   -1.3053886019   -0.9780236744
     12  H         3.6834269369   -0.4650844714    0.1029923753
     13  H        -2.5737566476    1.6231273976    1.8173261719
   Point Group: c1    Number of degrees of freedom:    33


   Energy is   -915.391127175

              Constraints and their Current Values
                                        Value     Constraint
   Distance(Angs):        2  13             2.497830     2.500000
 Hessian Updated using BFGS Update
**WARNING** Hereditary positive definiteness endangered

   Using Lagrange Multiplier Algorithm


 32 Hessian modes will be used to form the next step
  Hessian Eigenvalues:
    -1.011541    0.044987    0.045000    0.069030    0.073543    0.078526
     0.079397    0.083426    0.084660    0.102359    0.123765    0.129698
     0.131127    0.142333    0.145976    0.159586    0.160000    0.219305
     0.220530    0.220549    0.226653    0.245033    0.258073    0.292887
     0.294002    0.334595    0.340765    0.342542    0.343438    0.343507
     0.343653    0.988613

 Minimum Search - Taking P-RFO Step
 Searching for Lamda that Maximizes Along the Constraint modes Only
 Value Taken    Lamda =   0.00000388
 Searching for Lamda that Minimizes Along All other modes
 Value Taken    Lamda =  -0.00006455
 Step Taken.  Stepsize is  0.007074

                             Maximum     Tolerance    Cnvgd?
         Gradient            0.006835       0.000300      NO
         Displacement        0.006951       0.001200      NO
         Energy change      0.009509       0.000001      NO


 New Cartesian Coordinates Obtained by Inverse Iteration

 Displacement from previous Coordinates is:  0.018085
 ----------------------------------------------------------------
             Standard Nuclear Orientation (Angstroms)
    I     Atom           X                Y                Z
 ----------------------------------------------------------------
    1      S       2.7444364830     0.5010677958     0.0329483965
    2      S      -2.8244011641     0.2420989364    -0.2503855944
    3      C       0.0003196113     0.2179549929    -0.0672918661
    4      C       1.2787644516    -0.6236395458    -0.0147712579
    5      C      -1.2531675812    -0.6597630096    -0.0859743485
    6      H      -0.0480491466     0.8767936732     0.8078091838
    7      H       0.0082596757     0.8624993298    -0.9523235184
    8      H       1.2863755500    -1.2553503741     0.8782676516
    9      H       1.3522427674    -1.2676987229    -0.8961772206
   10      H      -1.2974669778    -1.3230589573     0.7830016414
   11      H      -1.2561360807    -1.3057546765    -0.9789756572
   12      H       3.6824721816    -0.4640312343     0.1049513927
   13      H      -2.5654467701     1.6224837925     1.8178211972
 ----------------------------------------------------------------
 Nuclear Repulsion Energy =   262.1465254737 hartrees
 There are       29 alpha and       29 beta electrons

                       Distance Matrix (Angstroms)
             S (  1)   S (  2)   C (  3)   C (  4)   C (  5)   H (  6)
   S (  2)  5.582051
   C (  3)  2.760503  2.830751
   C (  4)  1.848090  4.200117  1.531490
   C (  5)  4.164434  1.819110  1.530349  2.533191
   H (  6)  2.922252  3.038214  1.096453  2.165265  2.147595
   H (  7)  2.930539  2.983552  1.094889  2.168362  2.158481  1.761091
   H (  8)  2.434237  4.518263  2.172246  1.093908  2.780965  2.516285
   H (  9)  2.435162  4.487860  2.172997  1.094115  2.795385  3.076237
   H ( 10)  4.497444  2.418499  2.186772  2.786144  1.094095  2.530022
   H ( 11)  4.504795  2.320808  2.175210  2.796550  1.102164  3.068484
   H ( 12)  1.347780  6.554715  3.748736  2.411974  4.943208  4.025992
   H ( 13)  5.712986  2.500000  3.479872  4.814709  3.248871  2.813089
             H (  7)   H (  8)   H (  9)   H ( 10)   H ( 11)   H ( 12)
   H (  8)  3.077325
   H (  9)  2.519362  1.775710
   H ( 10)  3.081062  2.586485  3.137462
   H ( 11)  2.510126  3.149009  2.609970  1.762547
   H ( 12)  4.046894  2.639220  2.660472  5.098772  5.125744
   H ( 13)  3.856844  4.899105  5.573799  3.369695  4.255696  6.806171

 
 Applying Cartesian multipole field
    Component          Value
    ---------          -----
     (2,0,0)        1.00000E-11
     (0,2,0)        2.00000E-11
     (0,0,2)       -3.00000E-11
 Nucleus-field energy     =     0.0000000110 hartrees
 Requested basis set is 6-31G(d,p)
 There are 46 shells and 123 basis functions
 A cutoff of  1.0D-14 yielded    993 shell pairs
 There are      7214 function pairs
 Smallest overlap matrix eigenvalue = 5.04E-03
 Guess from superposition of atomic densities
 Warning:  Energy on first SCF cycle will be non-variational
 SAD guess density has 58.000000 electrons

 -----------------------------------------------------------------------
  General SCF calculation program by
  Eric Jon Sundstrom, Paul Horn, Yuezhi Mao, Dmitri Zuev, Alec White,
  David Stuck, Shaama M.S., Shane Yost, Joonho Lee, David Small,
  Daniel Levine, Susi Lehtola, Hugh Burton, Evgeny Epifanovsky
 -----------------------------------------------------------------------
 Exchange:     0.2000 Hartree-Fock + 0.0800 Slater + 0.7200 B88
 Correlation:  0.1900 VWN1RPA + 0.8100 LYP
 Using SG-1 standard quadrature grid
 using 12 threads for integral computing
 -------------------------------------------------------
 OpenMP Integral computing Module                
 Release: version 1.0, May 2013, Q-Chem Inc. Pittsburgh 
 -------------------------------------------------------
 -------------------------------------------------------
 OpenMP BLAS3 based DFT computing Module                
 Release: version 1.0, May 2013, Q-Chem Inc. Pittsburgh 
 -------------------------------------------------------
 A unrestricted SCF calculation will be
 performed using DIIS
 SCF converges when DIIS error is below 1.0e-06
 Alpha HF Exchange    Energy =  -6.83775284319517
 Beta HF Exchange     Energy =  -6.83775284319517
 DFT Correlation      Energy =  -2.70353477566186
 DFT Exchange         Energy = -53.82592319008062
 One-Electron (alpha) Energy = -888.15966423637110
 One-Electron (beta)  Energy = -888.15966423637110
 Total Coulomb        Energy = 668.46751818419796
 ---------------------------------------
  Cycle       Energy         DIIS error
 ---------------------------------------
    1    -915.9102484559      2.70e-02  
 Alpha HF Exchange    Energy =  -6.85190990797459
 Beta HF Exchange     Energy =  -6.85190990797461
 DFT Correlation      Energy =  -2.73329830748545
 DFT Exchange         Energy = -54.39747055295035
 One-Electron (alpha) Energy = -892.87024166324113
 One-Electron (beta)  Energy = -892.87024166324227
 Total Coulomb        Energy = 679.14729524695008
    2    -915.2812512712      3.05e-03  
 Alpha HF Exchange    Energy =  -6.78505694281678
 Beta HF Exchange     Energy =  -6.78505694281677
 DFT Correlation      Energy =  -2.69384122844742
 DFT Exchange         Energy = -53.82197310168691
 One-Electron (alpha) Energy = -884.84700907022807
 One-Electron (beta)  Energy = -884.84700907022784
 Total Coulomb        Energy = 662.58588484313998
    3    -915.0475360283      4.87e-03  
 Alpha HF Exchange    Energy =  -6.82378793253838
 Beta HF Exchange     Energy =  -6.82378793253840
 DFT Correlation      Energy =  -2.71995585714900
 DFT Exchange         Energy = -54.16143348311702
 One-Electron (alpha) Energy = -890.73846343173852
 One-Electron (beta)  Energy = -890.73846343173898
 Total Coulomb        Energy = 674.50483701564815
    4    -915.3545295684      1.49e-03  
 Alpha HF Exchange    Energy =  -6.81646980104652
 Beta HF Exchange     Energy =  -6.81646980104653
 DFT Correlation      Energy =  -2.71504428405208
 DFT Exchange         Energy = -54.11313610647590
 One-Electron (alpha) Energy = -889.49918135149278
 One-Electron (beta)  Energy = -889.49918135149346
 Total Coulomb        Energy = 671.92714590321827
    5    -915.3858113076      6.12e-04  
 Alpha HF Exchange    Energy =  -6.81912427021653
 Beta HF Exchange     Energy =  -6.81912427021653
 DFT Correlation      Energy =  -2.71632131151411
 DFT Exchange         Energy = -54.13391006748265
 One-Electron (alpha) Energy = -889.87561396301999
 One-Electron (beta)  Energy = -889.87561396301976
 Total Coulomb        Energy = 672.70250152327571
    6    -915.3906808374      1.62e-04  
 Alpha HF Exchange    Energy =  -6.81851846551168
 Beta HF Exchange     Energy =  -6.81851846551168
 DFT Correlation      Energy =  -2.71616339106942
 DFT Exchange         Energy = -54.12920264071893
 One-Electron (alpha) Energy = -889.81758928391730
 One-Electron (beta)  Energy = -889.81758928391730
 Total Coulomb        Energy = 672.58016929508153
    7    -915.3908867508      5.34e-05  
 Alpha HF Exchange    Energy =  -6.81873541568200
 Beta HF Exchange     Energy =  -6.81873541568200
 DFT Correlation      Energy =  -2.71629451977883
 DFT Exchange         Energy = -54.13084447947733
 One-Electron (alpha) Energy = -889.85203356672105
 One-Electron (beta)  Energy = -889.85203356672093
 Total Coulomb        Energy = 672.65122795578054
    8    -915.3909235235      1.74e-05  
 Alpha HF Exchange    Energy =  -6.81882499308332
 Beta HF Exchange     Energy =  -6.81882499308332
 DFT Correlation      Energy =  -2.71634565368690
 DFT Exchange         Energy = -54.13153325193439
 One-Electron (alpha) Energy = -889.86388614572297
 One-Electron (beta)  Energy = -889.86388614572263
 Total Coulomb        Energy = 672.67584792210903
    9    -915.3909277764      4.03e-06  
 Alpha HF Exchange    Energy =  -6.81882631031128
 Beta HF Exchange     Energy =  -6.81882631031128
 DFT Correlation      Energy =  -2.71634766501721
 DFT Exchange         Energy = -54.13154008887990
 One-Electron (alpha) Energy = -889.86436068756041
 One-Electron (beta)  Energy = -889.86436068756063
 Total Coulomb        Energy = 672.67680830860718
   10    -915.3909279563      1.11e-06  
 Alpha HF Exchange    Energy =  -6.81883007987449
 Beta HF Exchange     Energy =  -6.81883007987449
 DFT Correlation      Energy =  -2.71634947614905
 DFT Exchange         Energy = -54.13156851194542
 One-Electron (alpha) Energy = -889.86485158163146
 One-Electron (beta)  Energy = -889.86485158163157
 Total Coulomb        Energy = 672.67782785636314
   11    -915.3909279700      3.68e-07  Convergence criterion met
 ---------------------------------------
 SCF time:   CPU 34.45s  wall 3.00s 
<S^2> =          0.000000000
 Alpha HF Exchange    Energy =  -6.81883007987449
 Beta HF Exchange     Energy =  -6.81883007987449
 DFT Correlation      Energy =  -2.71634947614905
 DFT Exchange         Energy = -54.13156851194542
 One-Electron (alpha) Energy = -889.86485158163146
 One-Electron (beta)  Energy = -889.86485158163157
 Total Coulomb        Energy = 672.67782785636314
 Nuclear repulsion Energy = 262.14652548475999
 SCF   energy in the final basis set =     -915.3909279700
 Total energy in the final basis set =     -915.3909279700
 
 --------------------------------------------------------------
 
                    Orbital Energies (a.u.)
 --------------------------------------------------------------
 
 Alpha MOs
 -- Occupied --
-88.911 -88.879 -10.236 -10.230 -10.207  -7.968  -7.942  -5.934
 -5.930  -5.921  -5.907  -5.903  -5.896  -0.831  -0.778  -0.704
 -0.622  -0.598  -0.495  -0.456  -0.432  -0.416  -0.387  -0.361
 -0.348  -0.333  -0.287  -0.245  -0.241
 -- Virtual --
 -0.156   0.015   0.042   0.078   0.091   0.113   0.136   0.144
  0.157   0.180   0.205   0.217   0.330   0.344   0.360   0.368
  0.383   0.388   0.400   0.420   0.500   0.514   0.516   0.549
  0.585   0.626   0.640   0.651   0.727   0.732   0.747   0.785
  0.812   0.820   0.833   0.851   0.864   0.877   0.892   0.895
  0.903   0.928   0.938   0.953   1.028   1.105   1.151   1.156
  1.339   1.374   1.403   1.616   1.647   1.653   1.667   1.823
  1.846   1.963   2.003   2.005   2.043   2.047   2.072   2.077
  2.096   2.105   2.125   2.195   2.214   2.241   2.285   2.318
  2.381   2.486   2.561   2.596   2.619   2.700   2.755   2.788
  2.795   2.813   2.863   3.185   3.234   3.315   3.335   3.457
  3.534   3.907   3.980   4.242   4.411   4.613
 
 Beta MOs
 -- Occupied --
-88.911 -88.879 -10.236 -10.230 -10.207  -7.968  -7.942  -5.934
 -5.930  -5.921  -5.907  -5.903  -5.896  -0.831  -0.778  -0.704
 -0.622  -0.598  -0.495  -0.456  -0.432  -0.416  -0.387  -0.361
 -0.348  -0.333  -0.287  -0.245  -0.241
 -- Virtual --
 -0.156   0.015   0.042   0.078   0.091   0.113   0.136   0.144
  0.157   0.180   0.205   0.217   0.330   0.344   0.360   0.368
  0.383   0.388   0.400   0.420   0.500   0.514   0.516   0.549
  0.585   0.626   0.640   0.651   0.727   0.732   0.747   0.785
  0.812   0.820   0.833   0.851   0.864   0.877   0.892   0.895
  0.903   0.928   0.938   0.953   1.028   1.105   1.151   1.156
  1.339   1.374   1.403   1.616   1.647   1.653   1.667   1.823
  1.846   1.963   2.003   2.005   2.043   2.047   2.072   2.077
  2.096   2.105   2.125   2.195   2.214   2.241   2.285   2.318
  2.381   2.486   2.561   2.596   2.619   2.700   2.755   2.788
  2.795   2.813   2.863   3.185   3.234   3.315   3.335   3.457
  3.534   3.907   3.980   4.242   4.411   4.613
 --------------------------------------------------------------
 
          Ground-State Mulliken Net Atomic Charges

     Atom                 Charge (a.u.)    Spin (a.u.)
  --------------------------------------------------------
      1 S                    -0.039388      -0.000000
      2 S                    -0.015906      -0.000000
      3 C                    -0.170325      -0.000000
      4 C                    -0.331631       0.000000
      5 C                    -0.351915       0.000000
      6 H                     0.128847       0.000000
      7 H                     0.135781       0.000000
      8 H                     0.136951      -0.000000
      9 H                     0.136099      -0.000000
     10 H                     0.150680       0.000000
     11 H                     0.149387       0.000000
     12 H                     0.057649       0.000000
     13 H                     0.013772       0.000000
  --------------------------------------------------------
  Sum of atomic charges =     0.000000
  Sum of spin   charges =     0.000000

 -----------------------------------------------------------------
                    Cartesian Multipole Moments
 -----------------------------------------------------------------
    Charge (ESU x 10^10)
                 0.0000
    Dipole Moment (Debye)
         X       0.9093      Y      -2.3279      Z       0.1283
       Tot       2.5025
    Quadrupole Moments (Debye-Ang)
        XX     -53.8159     XY      -3.3164     YY     -46.9048
        XZ       0.1069     YZ       1.5892     ZZ     -47.3052
    Octopole Moments (Debye-Ang^2)
       XXX      36.9779    XXY     -15.1561    XYY       0.4884
       YYY     -12.7056    XXZ       1.7935    XYZ      -4.4489
       YYZ       3.3425    XZZ      -5.3903    YZZ      -5.0590
       ZZZ       5.8942
    Hexadecapole Moments (Debye-Ang^3)
      XXXX   -1496.1555   XXXY     -50.9803   XXYY    -279.7224
      XYYY      -9.6645   YYYY    -163.9232   XXXZ      -0.9496
      XXYZ       6.4547   XYYZ     -10.2476   YYYZ      -6.1804
      XXZZ    -278.0925   XYZZ      -9.0111   YYZZ     -39.8243
      XZZZ     -19.8301   YZZZ      -4.4997   ZZZZ    -103.4661
 -----------------------------------------------------------------
 Calculating analytic gradient of the SCF energy
 Gradient of SCF Energy
            1           2           3           4           5           6
    1  -0.0000070  -0.0051171  -0.0000991  -0.0000047   0.0002161   0.0000635
    2   0.0000095  -0.0270648   0.0000455  -0.0000037  -0.0002106   0.0000024
    3   0.0000468  -0.0407134   0.0000111  -0.0000234  -0.0001059  -0.0000046
            7           8           9          10          11          12
    1  -0.0000086  -0.0000140   0.0000226  -0.0000396  -0.0000574  -0.0000028
    2   0.0000173  -0.0000172   0.0000087   0.0000760   0.0000026  -0.0000086
    3   0.0000093  -0.0000164  -0.0000180   0.0000545   0.0000520  -0.0000511
           13
    1   0.0050482
    2   0.0271429
    3   0.0407590
 Max gradient component =       4.076E-02
 RMS gradient           =       1.114E-02
 Gradient time:  CPU 11.05 s  wall 0.99 s
 Geometry Optimization Parameters
   NAtoms,    NIC,     NZ,  NCons,   NDum,   NFix, NCnnct, MaxDiis
       13      82       0       1       0       0       0       0

 Cartesian Hessian Update
 Hessian Updated using BFGS Update


** CONSTRAINED OPTIMIZATION IN DELOCALIZED INTERNAL COORDINATES **
   Searching for a Minimum

   Optimization Cycle:   3

                       Coordinates (Angstroms)
     ATOM                X               Y               Z
      1  S         2.7444364830    0.5010677958    0.0329483965
      2  S        -2.8244011641    0.2420989364   -0.2503855944
      3  C         0.0003196113    0.2179549929   -0.0672918661
      4  C         1.2787644516   -0.6236395458   -0.0147712579
      5  C        -1.2531675812   -0.6597630096   -0.0859743485
      6  H        -0.0480491466    0.8767936732    0.8078091838
      7  H         0.0082596757    0.8624993298   -0.9523235184
      8  H         1.2863755500   -1.2553503741    0.8782676516
      9  H         1.3522427674   -1.2676987229   -0.8961772206
     10  H        -1.2974669778   -1.3230589573    0.7830016414
     11  H        -1.2561360807   -1.3057546765   -0.9789756572
     12  H         3.6824721816   -0.4640312343    0.1049513927
     13  H        -2.5654467701    1.6224837925    1.8178211972
   Point Group: c1    Number of degrees of freedom:    33


   Energy is   -915.390927970

              Constraints and their Current Values
                                        Value     Constraint
   Distance(Angs):        2  13             2.500000     2.500000
 Hessian Updated using BFGS Update

 31 Hessian modes will be used to form the next step
  Hessian Eigenvalues:
     0.027773    0.045000    0.045000    0.068865    0.073201    0.078483
     0.079365    0.083607    0.084668    0.100910    0.123673    0.127628
     0.132536    0.142298    0.146211    0.148937    0.161100    0.219115
     0.220219    0.220787    0.226670    0.258057    0.274252    0.293003
     0.294510    0.337474    0.341115    0.342572    0.343450    0.343645
     0.344992

 Minimum Search - Taking Simple RFO Step
 Searching for Lamda that Minimizes Along All modes
 Value Taken    Lamda =  -0.00000206
 Step Taken.  Stepsize is  0.008145

                             Maximum     Tolerance    Cnvgd?
         Gradient           0.000125      0.000300     YES
         Displacement       0.004263      0.001200      NO
         Energy change      0.000199      0.000001      NO


 New Cartesian Coordinates Obtained by Inverse Iteration

 Displacement from previous Coordinates is:  0.019325
 ----------------------------------------------------------------
             Standard Nuclear Orientation (Angstroms)
    I     Atom           X                Y                Z
 ----------------------------------------------------------------
    1      S       2.7434688669     0.5018561692     0.0330227574
    2      S      -2.8250231022     0.2407367729    -0.2497503885
    3      C      -0.0005739741     0.2178535666    -0.0673297027
    4      C       1.2781396879    -0.6233198857    -0.0145541058
    5      C      -1.2539923066    -0.6600641563    -0.0864099392
    6      H      -0.0499513245     0.8763222212     0.8080183535
    7      H       0.0072437738     0.8626314320    -0.9521768448
    8      H       1.2858357178    -1.2547385989     0.8786843351
    9      H       1.3518085763    -1.2676070549    -0.8957681913
   10      H      -1.2976113495    -1.3244674734     0.7817820770
   11      H      -1.2563421589    -1.3054387002    -0.9801347523
   12      H       3.6818533285    -0.4627197049     0.1072202929
   13      H      -2.5566527354     1.6225574124     1.8162961087
 ----------------------------------------------------------------
 Nuclear Repulsion Energy =   262.1710349845 hartrees
 There are       29 alpha and       29 beta electrons

                       Distance Matrix (Angstroms)
             S (  1)   S (  2)   C (  3)   C (  4)   C (  5)   H (  6)
   S (  2)  5.581778
   C (  3)  2.760525  2.830426
   C (  4)  1.848100  4.199745  1.531492
   C (  5)  4.164615  1.818312  1.530412  2.533418
   H (  6)  2.923019  3.037082  1.096473  2.165497  2.147138
   H (  7)  2.930479  2.983604  1.094876  2.168494  2.158442  1.761177
   H (  8)  2.434227  4.517629  2.172169  1.093903  2.781325  2.516096
   H (  9)  2.435235  4.487579  2.172980  1.094108  2.795419  3.076402
   H ( 10)  4.497380  2.418039  2.186790  2.785723  1.094117  2.529984
   H ( 11)  4.504586  2.320534  2.174991  2.796646  1.102387  3.068053
   H ( 12)  1.347768  6.554519  3.748856  2.412149  4.943583  4.026229
   H ( 13)  5.703273  2.500000  3.471999  4.806413  3.244623  2.803042
             H (  7)   H (  8)   H (  9)   H ( 10)   H ( 11)   H ( 12)
   H (  8)  3.077354
   H (  9)  2.519713  1.775725
   H ( 10)  3.081016  2.586204  3.136373
   H ( 11)  2.509574  3.149674  2.609789  1.762503
   H ( 12)  4.047423  2.638816  2.661379  5.098305  5.126236
   H ( 13)  3.849090  4.891080  5.566364  3.367545  4.252528  6.796196

 
 Applying Cartesian multipole field
    Component          Value
    ---------          -----
     (2,0,0)        1.00000E-11
     (0,2,0)        2.00000E-11
     (0,0,2)       -3.00000E-11
 Nucleus-field energy     =     0.0000000110 hartrees
 Requested basis set is 6-31G(d,p)
 There are 46 shells and 123 basis functions
 A cutoff of  1.0D-14 yielded    993 shell pairs
 There are      7214 function pairs
 Smallest overlap matrix eigenvalue = 5.04E-03
 Guess from superposition of atomic densities
 Warning:  Energy on first SCF cycle will be non-variational
 SAD guess density has 58.000000 electrons

 -----------------------------------------------------------------------
  General SCF calculation program by
  Eric Jon Sundstrom, Paul Horn, Yuezhi Mao, Dmitri Zuev, Alec White,
  David Stuck, Shaama M.S., Shane Yost, Joonho Lee, David Small,
  Daniel Levine, Susi Lehtola, Hugh Burton, Evgeny Epifanovsky
 -----------------------------------------------------------------------
 Exchange:     0.2000 Hartree-Fock + 0.0800 Slater + 0.7200 B88
 Correlation:  0.1900 VWN1RPA + 0.8100 LYP
 Using SG-1 standard quadrature grid
 using 12 threads for integral computing
 -------------------------------------------------------
 OpenMP Integral computing Module                
 Release: version 1.0, May 2013, Q-Chem Inc. Pittsburgh 
 -------------------------------------------------------
 -------------------------------------------------------
 OpenMP BLAS3 based DFT computing Module                
 Release: version 1.0, May 2013, Q-Chem Inc. Pittsburgh 
 -------------------------------------------------------
 A unrestricted SCF calculation will be
 performed using DIIS
 SCF converges when DIIS error is below 1.0e-06
 Alpha HF Exchange    Energy =  -6.83780651304604
 Beta HF Exchange     Energy =  -6.83780651304604
 DFT Correlation      Energy =  -2.70355845662857
 DFT Exchange         Energy = -53.82602565549888
 One-Electron (alpha) Energy = -888.18406422445446
 One-Electron (beta)  Energy = -888.18406422445446
 Total Coulomb        Energy = 668.49146199228949
 ---------------------------------------
  Cycle       Energy         DIIS error
 ---------------------------------------
    1    -915.9108285993      2.70e-02  
 Alpha HF Exchange    Energy =  -6.85192361497425
 Beta HF Exchange     Energy =  -6.85192361497425
 DFT Correlation      Energy =  -2.73331646471557
 DFT Exchange         Energy = -54.39756997115936
 One-Electron (alpha) Energy = -892.89292636378536
 One-Electron (beta)  Energy = -892.89292636378570
 Total Coulomb        Energy = 679.16828571463259
    2    -915.2812656832      3.05e-03  
 Alpha HF Exchange    Energy =  -6.78506377491103
 Beta HF Exchange     Energy =  -6.78506377491103
 DFT Correlation      Energy =  -2.69386541621441
 DFT Exchange         Energy = -53.82204592072053
 One-Electron (alpha) Energy = -884.87457335761178
 One-Electron (beta)  Energy = -884.87457335761178
 Total Coulomb        Energy = 662.61650105805813
    3    -915.0476495484      4.87e-03  
 Alpha HF Exchange    Energy =  -6.82379491792715
 Beta HF Exchange     Energy =  -6.82379491792715
 DFT Correlation      Energy =  -2.71997150590152
 DFT Exchange         Energy = -54.16149194811857
 One-Electron (alpha) Energy = -890.76052553991724
 One-Electron (beta)  Energy = -890.76052553991713
 Total Coulomb        Energy = 674.52448881096711
    4    -915.3545805632      1.48e-03  
 Alpha HF Exchange    Energy =  -6.81648488947395
 Beta HF Exchange     Energy =  -6.81648488947395
 DFT Correlation      Energy =  -2.71506514667664
 DFT Exchange         Energy = -54.11323721350155
 One-Electron (alpha) Energy = -889.52353335351313
 One-Electron (beta)  Energy = -889.52353335351313
 Total Coulomb        Energy = 671.95150122409666
    5    -915.3858026265      6.13e-04  
 Alpha HF Exchange    Energy =  -6.81913861249697
 Beta HF Exchange     Energy =  -6.81913861249696
 DFT Correlation      Energy =  -2.71634232306068
 DFT Exchange         Energy = -54.13401095363585
 One-Electron (alpha) Energy = -889.89974871499942
 One-Electron (beta)  Energy = -889.89974871499908
 Total Coulomb        Energy = 672.72641042837768
    6    -915.3906825078      1.61e-04  
 Alpha HF Exchange    Energy =  -6.81853266664553
 Beta HF Exchange     Energy =  -6.81853266664553
 DFT Correlation      Energy =  -2.71618426016242
 DFT Exchange         Energy = -54.12930104547444
 One-Electron (alpha) Energy = -889.84173617480235
 One-Electron (beta)  Energy = -889.84173617480258
 Total Coulomb        Energy = 672.60409988134450
    7    -915.3908881116      5.34e-05  
 Alpha HF Exchange    Energy =  -6.81875009424871
 Beta HF Exchange     Energy =  -6.81875009424872
 DFT Correlation      Energy =  -2.71631556011443
 DFT Exchange         Energy = -54.13094682996279
 One-Electron (alpha) Energy = -889.87619916006702
 One-Electron (beta)  Energy = -889.87619916006724
 Total Coulomb        Energy = 672.67520101162324
    8    -915.3909248915      1.74e-05  
 Alpha HF Exchange    Energy =  -6.81883953680547
 Beta HF Exchange     Energy =  -6.81883953680547
 DFT Correlation      Energy =  -2.71636661859594
 DFT Exchange         Energy = -54.13163466457693
 One-Electron (alpha) Energy = -889.88802414413180
 One-Electron (beta)  Energy = -889.88802414413203
 Total Coulomb        Energy = 672.69976450909030
    9    -915.3909291404      4.03e-06  
 Alpha HF Exchange    Energy =  -6.81884087464900
 Beta HF Exchange     Energy =  -6.81884087464899
 DFT Correlation      Energy =  -2.71636864412657
 DFT Exchange         Energy = -54.13164164950275
 One-Electron (alpha) Energy = -889.88850149687471
 One-Electron (beta)  Energy = -889.88850149687437
 Total Coulomb        Energy = 672.70073072029481
   10    -915.3909293208      1.11e-06  
 Alpha HF Exchange    Energy =  -6.81884465633919
 Beta HF Exchange     Energy =  -6.81884465633920
 DFT Correlation      Energy =  -2.71637046162594
 DFT Exchange         Energy = -54.13167017070014
 One-Electron (alpha) Energy = -889.88899373668312
 One-Electron (beta)  Energy = -889.88899373668391
 Total Coulomb        Energy = 672.70175308828448
   11    -915.3909293345      3.68e-07  Convergence criterion met
 ---------------------------------------
 SCF time:   CPU 33.92s  wall 3.00s 
<S^2> =         -0.000000000
 Alpha HF Exchange    Energy =  -6.81884465633919
 Beta HF Exchange     Energy =  -6.81884465633920
 DFT Correlation      Energy =  -2.71637046162594
 DFT Exchange         Energy = -54.13167017070014
 One-Electron (alpha) Energy = -889.88899373668312
 One-Electron (beta)  Energy = -889.88899373668391
 Total Coulomb        Energy = 672.70175308828448
 Nuclear repulsion Energy = 262.17103499555520
 SCF   energy in the final basis set =     -915.3909293345
 Total energy in the final basis set =     -915.3909293345
 
 --------------------------------------------------------------
 
                    Orbital Energies (a.u.)
 --------------------------------------------------------------
 
 Alpha MOs
 -- Occupied --
-88.911 -88.879 -10.236 -10.230 -10.207  -7.968  -7.942  -5.934
 -5.930  -5.921  -5.907  -5.903  -5.896  -0.831  -0.778  -0.704
 -0.622  -0.598  -0.495  -0.456  -0.432  -0.416  -0.387  -0.361
 -0.348  -0.333  -0.287  -0.245  -0.241
 -- Virtual --
 -0.156   0.015   0.042   0.078   0.091   0.113   0.136   0.144
  0.157   0.180   0.205   0.217   0.330   0.344   0.360   0.368
  0.383   0.388   0.400   0.420   0.500   0.514   0.516   0.549
  0.585   0.626   0.640   0.651   0.727   0.732   0.747   0.786
  0.812   0.820   0.834   0.851   0.864   0.877   0.892   0.895
  0.903   0.928   0.938   0.953   1.028   1.105   1.152   1.156
  1.339   1.374   1.403   1.616   1.647   1.653   1.667   1.823
  1.846   1.963   2.003   2.006   2.043   2.047   2.072   2.077
  2.096   2.105   2.125   2.195   2.214   2.241   2.284   2.318
  2.380   2.486   2.561   2.596   2.619   2.700   2.755   2.788
  2.796   2.813   2.863   3.185   3.234   3.315   3.335   3.457
  3.534   3.907   3.980   4.242   4.411   4.613
 
 Beta MOs
 -- Occupied --
-88.911 -88.879 -10.236 -10.230 -10.207  -7.968  -7.942  -5.934
 -5.930  -5.921  -5.907  -5.903  -5.896  -0.831  -0.778  -0.704
 -0.622  -0.598  -0.495  -0.456  -0.432  -0.416  -0.387  -0.361
 -0.348  -0.333  -0.287  -0.245  -0.241
 -- Virtual --
 -0.156   0.015   0.042   0.078   0.091   0.113   0.136   0.144
  0.157   0.180   0.205   0.217   0.330   0.344   0.360   0.368
  0.383   0.388   0.400   0.420   0.500   0.514   0.516   0.549
  0.585   0.626   0.640   0.651   0.727   0.732   0.747   0.786
  0.812   0.820   0.834   0.851   0.864   0.877   0.892   0.895
  0.903   0.928   0.938   0.953   1.028   1.105   1.152   1.156
  1.339   1.374   1.403   1.616   1.647   1.653   1.667   1.823
  1.846   1.963   2.003   2.006   2.043   2.047   2.072   2.077
  2.096   2.105   2.125   2.195   2.214   2.241   2.284   2.318
  2.380   2.486   2.561   2.596   2.619   2.700   2.755   2.788
  2.796   2.813   2.863   3.185   3.234   3.315   3.335   3.457
  3.534   3.907   3.980   4.242   4.411   4.613
 --------------------------------------------------------------
 
          Ground-State Mulliken Net Atomic Charges

     Atom                 Charge (a.u.)    Spin (a.u.)
  --------------------------------------------------------
      1 S                    -0.039379       0.000000
      2 S                    -0.015691      -0.000000
      3 C                    -0.170301       0.000000
      4 C                    -0.331624      -0.000000
      5 C                    -0.351867      -0.000000
      6 H                     0.128768       0.000000
      7 H                     0.135783       0.000000
      8 H                     0.136968       0.000000
      9 H                     0.136114       0.000000
     10 H                     0.150595       0.000000
     11 H                     0.149323      -0.000000
     12 H                     0.057653      -0.000000
     13 H                     0.013658       0.000000
  --------------------------------------------------------
  Sum of atomic charges =    -0.000000
  Sum of spin   charges =    -0.000000

 -----------------------------------------------------------------
                    Cartesian Multipole Moments
 -----------------------------------------------------------------
    Charge (ESU x 10^10)
                -0.0000
    Dipole Moment (Debye)
         X       0.9103      Y      -2.3284      Z       0.1268
       Tot       2.5033
    Quadrupole Moments (Debye-Ang)
        XX     -53.8103     XY      -3.3091     YY     -46.9059
        XZ       0.1282     YZ       1.5852     ZZ     -47.3123
    Octopole Moments (Debye-Ang^2)
       XXX      37.0502    XXY     -15.1664    XYY       0.5079
       YYY     -12.6835    XXZ       1.7732    XYZ      -4.4481
       YYZ       3.3254    XZZ      -5.3299    YZZ      -5.0612
       ZZZ       5.8632
    Hexadecapole Moments (Debye-Ang^3)
      XXXX   -1495.4875   XXXY     -51.1009   XXYY    -279.6878
      XYYY      -9.9537   YYYY    -163.9316   XXXZ      -0.6964
      XXYZ       6.3951   XYYZ     -10.2371   YYYZ      -6.2151
      XXZZ    -278.0909   XYZZ      -9.0688   YYZZ     -39.8308
      XZZZ     -19.8281   YZZZ      -4.5348   ZZZZ    -103.4489
 -----------------------------------------------------------------
 Calculating analytic gradient of the SCF energy
 Gradient of SCF Energy
            1           2           3           4           5           6
    1   0.0000024  -0.0051613  -0.0000289   0.0000152  -0.0000149   0.0000108
    2  -0.0000064  -0.0272405   0.0000373  -0.0000089   0.0001017  -0.0000161
    3   0.0000483  -0.0406971  -0.0000242  -0.0000367   0.0000631   0.0000021
            7           8           9          10          11          12
    1  -0.0000208  -0.0000165   0.0000155  -0.0000445  -0.0000431   0.0000058
    2   0.0000021  -0.0000127   0.0000095   0.0000489  -0.0000614   0.0000026
    3   0.0000103  -0.0000136  -0.0000147   0.0000382  -0.0000342  -0.0000494
           13
    1   0.0052803
    2   0.0271439
    3   0.0407078
 Max gradient component =       4.071E-02
 RMS gradient           =       1.115E-02
 Gradient time:  CPU 11.08 s  wall 0.98 s
 Geometry Optimization Parameters
   NAtoms,    NIC,     NZ,  NCons,   NDum,   NFix, NCnnct, MaxDiis
       13      82       0       1       0       0       0       0

 Cartesian Hessian Update
 Hessian Updated using BFGS Update


** CONSTRAINED OPTIMIZATION IN DELOCALIZED INTERNAL COORDINATES **
   Searching for a Minimum

   Optimization Cycle:   4

                       Coordinates (Angstroms)
     ATOM                X               Y               Z
      1  S         2.7434688669    0.5018561692    0.0330227574
      2  S        -2.8250231022    0.2407367729   -0.2497503885
      3  C        -0.0005739741    0.2178535666   -0.0673297027
      4  C         1.2781396879   -0.6233198857   -0.0145541058
      5  C        -1.2539923066   -0.6600641563   -0.0864099392
      6  H        -0.0499513245    0.8763222212    0.8080183535
      7  H         0.0072437738    0.8626314320   -0.9521768448
      8  H         1.2858357178   -1.2547385989    0.8786843351
      9  H         1.3518085763   -1.2676070549   -0.8957681913
     10  H        -1.2976113495   -1.3244674734    0.7817820770
     11  H        -1.2563421589   -1.3054387002   -0.9801347523
     12  H         3.6818533285   -0.4627197049    0.1072202929
     13  H        -2.5566527354    1.6225574124    1.8162961087
   Point Group: c1    Number of degrees of freedom:    33


   Energy is   -915.390929335

              Constraints and their Current Values
                                        Value     Constraint
   Distance(Angs):        2  13             2.500000     2.500000
 Hessian Updated using BFGS Update

 31 Hessian modes will be used to form the next step
  Hessian Eigenvalues:
     0.012767    0.045000    0.045014    0.069001    0.073480    0.078565
     0.079402    0.083995    0.084720    0.102853    0.123802    0.130081
     0.132325    0.142413    0.146492    0.161069    0.169924    0.219805
     0.220534    0.225408    0.228219    0.258078    0.290388    0.294179
     0.301376    0.340515    0.342571    0.343446    0.343541    0.343645
     0.361511

 Minimum Search - Taking Simple RFO Step
 Searching for Lamda that Minimizes Along All modes
 Value Taken    Lamda =  -0.00000124
 Step Taken.  Stepsize is  0.009265

                             Maximum     Tolerance    Cnvgd?
         Gradient           0.000110      0.000300     YES
         Displacement       0.005240      0.001200      NO
         Energy change     -0.000001      0.000001      NO


 New Cartesian Coordinates Obtained by Inverse Iteration

 Displacement from previous Coordinates is:  0.017607
 ----------------------------------------------------------------
             Standard Nuclear Orientation (Angstroms)
    I     Atom           X                Y                Z
 ----------------------------------------------------------------
    1      S       2.7424276558     0.5026871175     0.0328253179
    2      S      -2.8257815469     0.2393808775    -0.2484057544
    3      C      -0.0013437824     0.2175899285    -0.0671134034
    4      C       1.2776044458    -0.6231108609    -0.0144629248
    5      C      -1.2545358249    -0.6607828787    -0.0868782377
    6      H      -0.0514014444     0.8754610947     0.8086871761
    7      H       0.0063143385     0.8629541523    -0.9515427343
    8      H       1.2856353904    -1.2543979993     0.8788582366
    9      H       1.3513777999    -1.2674747078    -0.8956115549
   10      H      -1.2971236912    -1.3266872623     0.7802443851
   11      H      -1.2563662289    -1.3049725351    -0.9815181904
   12      H       3.6809890597    -0.4615144824     0.1093980957
   13      H      -2.5495931714     1.6244695560     1.8144195887
 ----------------------------------------------------------------
 Nuclear Repulsion Energy =   262.1866122984 hartrees
 There are       29 alpha and       29 beta electrons

                       Distance Matrix (Angstroms)
             S (  1)   S (  2)   C (  3)   C (  4)   C (  5)   H (  6)
   S (  2)  5.581521
   C (  3)  2.760353  2.830334
   C (  4)  1.848070  4.199571  1.531424
   C (  5)  4.164578  1.818021  1.530497  2.533456
   H (  6)  2.923423  3.036318  1.096507  2.165537  2.147001
   H (  7)  2.930032  2.983959  1.094883  2.168568  2.158509  1.761220
   H (  8)  2.434207  4.517283  2.172079  1.093897  2.781635  2.515729
   H (  9)  2.435259  4.487555  2.172943  1.094107  2.795158  3.076459
   H ( 10)  4.497024  2.418157  2.186745  2.784924  1.094141  2.530235
   H ( 11)  4.504096  2.320678  2.174722  2.796630  1.102436  3.067746
   H ( 12)  1.347756  6.554185  3.748588  2.411993  4.943444  4.025823
   H ( 13)  5.695433  2.500000  3.465985  4.800403  3.242605  2.795259
             H (  7)   H (  8)   H (  9)   H ( 10)   H ( 11)   H ( 12)
   H (  8)  3.077371
   H (  9)  2.520129  1.775735
   H ( 10)  3.081001  2.585652  3.134734
   H ( 11)  2.509017  3.150449  2.609428  1.762368
   H ( 12)  4.047598  2.637888  2.662087  5.097074  5.126304
   H ( 13)  3.842280  4.885912  5.561042  3.368609  4.251039  6.788121

 
 Applying Cartesian multipole field
    Component          Value
    ---------          -----
     (2,0,0)        1.00000E-11
     (0,2,0)        2.00000E-11
     (0,0,2)       -3.00000E-11
 Nucleus-field energy     =     0.0000000110 hartrees
 Requested basis set is 6-31G(d,p)
 There are 46 shells and 123 basis functions
 A cutoff of  1.0D-14 yielded    993 shell pairs
 There are      7214 function pairs
 Smallest overlap matrix eigenvalue = 5.04E-03
 Guess from superposition of atomic densities
 Warning:  Energy on first SCF cycle will be non-variational
 SAD guess density has 58.000000 electrons

 -----------------------------------------------------------------------
  General SCF calculation program by
  Eric Jon Sundstrom, Paul Horn, Yuezhi Mao, Dmitri Zuev, Alec White,
  David Stuck, Shaama M.S., Shane Yost, Joonho Lee, David Small,
  Daniel Levine, Susi Lehtola, Hugh Burton, Evgeny Epifanovsky
 -----------------------------------------------------------------------
 Exchange:     0.2000 Hartree-Fock + 0.0800 Slater + 0.7200 B88
 Correlation:  0.1900 VWN1RPA + 0.8100 LYP
 Using SG-1 standard quadrature grid
 using 12 threads for integral computing
 -------------------------------------------------------
 OpenMP Integral computing Module                
 Release: version 1.0, May 2013, Q-Chem Inc. Pittsburgh 
 -------------------------------------------------------
 -------------------------------------------------------
 OpenMP BLAS3 based DFT computing Module                
 Release: version 1.0, May 2013, Q-Chem Inc. Pittsburgh 
 -------------------------------------------------------
 A unrestricted SCF calculation will be
 performed using DIIS
 SCF converges when DIIS error is below 1.0e-06
 Alpha HF Exchange    Energy =  -6.83783267361964
 Beta HF Exchange     Energy =  -6.83783267361964
 DFT Correlation      Energy =  -2.70357291433400
 DFT Exchange         Energy = -53.82607235312656
 One-Electron (alpha) Energy = -888.19959599919480
 One-Electron (beta)  Energy = -888.19959599919480
 Total Coulomb        Energy = 668.50679485488195
 ---------------------------------------
  Cycle       Energy         DIIS error
 ---------------------------------------
    1    -915.9110954488      2.70e-02  
 Alpha HF Exchange    Energy =  -6.85193090573151
 Beta HF Exchange     Energy =  -6.85193090573150
 DFT Correlation      Energy =  -2.73332752955291
 DFT Exchange         Energy = -54.39761861674809
 One-Electron (alpha) Energy = -892.90734851107413
 One-Electron (beta)  Energy = -892.90734851107356
 Total Coulomb        Energy = 679.18162925873492
    2    -915.2812634118      3.05e-03  
 Alpha HF Exchange    Energy =  -6.78506296032877
 Beta HF Exchange     Energy =  -6.78506296032876
 DFT Correlation      Energy =  -2.69387809318086
 DFT Exchange         Energy = -53.82205694453904
 One-Electron (alpha) Energy = -884.89197716632839
 One-Electron (beta)  Energy = -884.89197716632839
 Total Coulomb        Energy = 662.63576011940017
    3    -915.0476428622      4.87e-03  
 Alpha HF Exchange    Energy =  -6.82379444272865
 Beta HF Exchange     Energy =  -6.82379444272865
 DFT Correlation      Energy =  -2.71997958013457
 DFT Exchange         Energy = -54.16149547733134
 One-Electron (alpha) Energy = -890.77426199108038
 One-Electron (beta)  Energy = -890.77426199108072
 Total Coulomb        Energy = 674.53634759840781
    4    -915.3546280173      1.48e-03  
 Alpha HF Exchange    Energy =  -6.81649092567712
 Beta HF Exchange     Energy =  -6.81649092567712
 DFT Correlation      Energy =  -2.71507698197482
 DFT Exchange         Energy = -54.11327753694429
 One-Electron (alpha) Energy = -889.53895958480382
 One-Electron (beta)  Energy = -889.53895958480337
 Total Coulomb        Energy = 671.96685071165268
    5    -915.3857925188      6.13e-04  
 Alpha HF Exchange    Energy =  -6.81914444449283
 Beta HF Exchange     Energy =  -6.81914444449284
 DFT Correlation      Energy =  -2.71635451137192
 DFT Exchange         Energy = -54.13405320441544
 One-Electron (alpha) Energy = -889.91509546657880
 One-Electron (beta)  Energy = -889.91509546657880
 Total Coulomb        Energy = 672.74159161866305
    6    -915.3906836099      1.61e-04  
 Alpha HF Exchange    Energy =  -6.81853845054478
 Beta HF Exchange     Energy =  -6.81853845054477
 DFT Correlation      Energy =  -2.71619645669986
 DFT Exchange         Energy = -54.12934199220233
 One-Electron (alpha) Energy = -889.85711228884645
 One-Electron (beta)  Energy = -889.85711228884611
 Total Coulomb        Energy = 672.61933859432361
    7    -915.3908890239      5.34e-05  
 Alpha HF Exchange    Energy =  -6.81875630188940
 Beta HF Exchange     Energy =  -6.81875630188940
 DFT Correlation      Energy =  -2.71632792445999
 DFT Exchange         Energy = -54.13099114124494
 One-Electron (alpha) Energy = -889.89160057627680
 One-Electron (beta)  Energy = -889.89160057627669
 Total Coulomb        Energy = 672.69049467477817
    8    -915.3909258378      1.74e-05  
 Alpha HF Exchange    Energy =  -6.81884567845766
 Beta HF Exchange     Energy =  -6.81884567845766
 DFT Correlation      Energy =  -2.71637894735718
 DFT Exchange         Energy = -54.13167850943938
 One-Electron (alpha) Energy = -889.90340967660291
 One-Electron (beta)  Energy = -889.90340967660302
 Total Coulomb        Energy = 672.71502576979378
    9    -915.3909300877      4.04e-06  
 Alpha HF Exchange    Energy =  -6.81884703610156
 Beta HF Exchange     Energy =  -6.81884703610156
 DFT Correlation      Energy =  -2.71638098644148
 DFT Exchange         Energy = -54.13168563999958
 One-Electron (alpha) Energy = -889.90388963781743
 One-Electron (beta)  Energy = -889.90388963781800
 Total Coulomb        Energy = 672.71599739611622
   10    -915.3909302687      1.11e-06  
 Alpha HF Exchange    Energy =  -6.81885082642681
 Beta HF Exchange     Energy =  -6.81885082642680
 DFT Correlation      Energy =  -2.71638280868452
 DFT Exchange         Energy = -54.13171422930685
 One-Electron (alpha) Energy = -889.90438288749897
 One-Electron (beta)  Energy = -889.90438288749897
 Total Coulomb        Energy = 672.71702187395249
   11    -915.3909302825      3.68e-07  Convergence criterion met
 ---------------------------------------
 SCF time:   CPU 33.60s  wall 3.00s 
<S^2> =          0.000000000
 Alpha HF Exchange    Energy =  -6.81885082642681
 Beta HF Exchange     Energy =  -6.81885082642680
 DFT Correlation      Energy =  -2.71638280868452
 DFT Exchange         Energy = -54.13171422930685
 One-Electron (alpha) Energy = -889.90438288749897
 One-Electron (beta)  Energy = -889.90438288749897
 Total Coulomb        Energy = 672.71702187395249
 Nuclear repulsion Energy = 262.18661230941501
 SCF   energy in the final basis set =     -915.3909302825
 Total energy in the final basis set =     -915.3909302825
 
 --------------------------------------------------------------
 
                    Orbital Energies (a.u.)
 --------------------------------------------------------------
 
 Alpha MOs
 -- Occupied --
-88.911 -88.879 -10.236 -10.230 -10.207  -7.968  -7.942  -5.934
 -5.930  -5.921  -5.907  -5.903  -5.896  -0.831  -0.778  -0.704
 -0.622  -0.598  -0.495  -0.456  -0.432  -0.416  -0.387  -0.361
 -0.348  -0.333  -0.287  -0.245  -0.241
 -- Virtual --
 -0.156   0.015   0.042   0.078   0.091   0.113   0.136   0.144
  0.157   0.180   0.205   0.217   0.330   0.344   0.360   0.368
  0.383   0.388   0.400   0.420   0.500   0.514   0.516   0.548
  0.585   0.626   0.640   0.650   0.727   0.732   0.747   0.786
  0.811   0.820   0.834   0.851   0.864   0.877   0.892   0.895
  0.903   0.928   0.938   0.953   1.028   1.105   1.152   1.156
  1.339   1.374   1.403   1.616   1.647   1.653   1.667   1.823
  1.846   1.963   2.003   2.006   2.043   2.047   2.072   2.077
  2.096   2.104   2.125   2.195   2.214   2.241   2.284   2.318
  2.380   2.486   2.561   2.596   2.619   2.700   2.755   2.788
  2.796   2.813   2.863   3.185   3.234   3.315   3.335   3.457
  3.534   3.907   3.980   4.242   4.411   4.613
 
 Beta MOs
 -- Occupied --
-88.911 -88.879 -10.236 -10.230 -10.207  -7.968  -7.942  -5.934
 -5.930  -5.921  -5.907  -5.903  -5.896  -0.831  -0.778  -0.704
 -0.622  -0.598  -0.495  -0.456  -0.432  -0.416  -0.387  -0.361
 -0.348  -0.333  -0.287  -0.245  -0.241
 -- Virtual --
 -0.156   0.015   0.042   0.078   0.091   0.113   0.136   0.144
  0.157   0.180   0.205   0.217   0.330   0.344   0.360   0.368
  0.383   0.388   0.400   0.420   0.500   0.514   0.516   0.548
  0.585   0.626   0.640   0.650   0.727   0.732   0.747   0.786
  0.811   0.820   0.834   0.851   0.864   0.877   0.892   0.895
  0.903   0.928   0.938   0.953   1.028   1.105   1.152   1.156
  1.339   1.374   1.403   1.616   1.647   1.653   1.667   1.823
  1.846   1.963   2.003   2.006   2.043   2.047   2.072   2.077
  2.096   2.104   2.125   2.195   2.214   2.241   2.284   2.318
  2.380   2.486   2.561   2.596   2.619   2.700   2.755   2.788
  2.796   2.813   2.863   3.185   3.234   3.315   3.335   3.457
  3.534   3.907   3.980   4.242   4.411   4.613
 --------------------------------------------------------------
 
          Ground-State Mulliken Net Atomic Charges

     Atom                 Charge (a.u.)    Spin (a.u.)
  --------------------------------------------------------
      1 S                    -0.039343      -0.000000
      2 S                    -0.015601      -0.000000
      3 C                    -0.170304      -0.000000
      4 C                    -0.331630       0.000000
      5 C                    -0.351809       0.000000
      6 H                     0.128715       0.000000
      7 H                     0.135789      -0.000000
      8 H                     0.136984       0.000000
      9 H                     0.136122      -0.000000
     10 H                     0.150479      -0.000000
     11 H                     0.149313      -0.000000
     12 H                     0.057655       0.000000
     13 H                     0.013629       0.000000
  --------------------------------------------------------
  Sum of atomic charges =     0.000000
  Sum of spin   charges =    -0.000000

 -----------------------------------------------------------------
                    Cartesian Multipole Moments
 -----------------------------------------------------------------
    Charge (ESU x 10^10)
                 0.0000
    Dipole Moment (Debye)
         X       0.9121      Y      -2.3280      Z       0.1258
       Tot       2.5035
    Quadrupole Moments (Debye-Ang)
        XX     -53.8069     XY      -3.3045     YY     -46.9023
        XZ       0.1491     YZ       1.5837     ZZ     -47.3201
    Octopole Moments (Debye-Ang^2)
       XXX      37.1255    XXY     -15.1637    XYY       0.5213
       YYY     -12.6497    XXZ       1.7553    XYZ      -4.4566
       YYZ       3.3090    XZZ      -5.2669    YZZ      -5.0572
       ZZZ       5.8177
    Hexadecapole Moments (Debye-Ang^3)
      XXXX   -1494.9531   XXXY     -51.2157   XXYY    -279.6462
      XYYY     -10.2369   YYYY    -163.9906   XXXZ      -0.3460
      XXYZ       6.3624   XYYZ     -10.2074   YYYZ      -6.2516
      XXZZ    -278.0909   XYZZ      -9.1346   YYZZ     -39.8295
      XZZZ     -19.7142   YZZZ      -4.5759   ZZZZ    -103.3956
 -----------------------------------------------------------------
 Calculating analytic gradient of the SCF energy
 Gradient of SCF Energy
            1           2           3           4           5           6
    1  -0.0000110  -0.0052903   0.0000491   0.0000151  -0.0001426  -0.0000080
    2   0.0000050  -0.0273428   0.0000224  -0.0000122   0.0002205  -0.0000141
    3   0.0000449  -0.0406353  -0.0000510  -0.0000311   0.0001120   0.0000148
            7           8           9          10          11          12
    1  -0.0000246  -0.0000180   0.0000098  -0.0000212  -0.0000122  -0.0000029
    2   0.0000022  -0.0000108   0.0000097   0.0000100  -0.0000876  -0.0000044
    3   0.0000092  -0.0000132  -0.0000138   0.0000162  -0.0000384  -0.0000477
           13
    1   0.0054568
    2   0.0272022
    3   0.0406332
 Max gradient component =       4.064E-02
 RMS gradient           =       1.115E-02
 Gradient time:  CPU 11.13 s  wall 0.99 s
 Geometry Optimization Parameters
   NAtoms,    NIC,     NZ,  NCons,   NDum,   NFix, NCnnct, MaxDiis
       13      82       0       1       0       0       0       0

 Cartesian Hessian Update
 Hessian Updated using BFGS Update


** CONSTRAINED OPTIMIZATION IN DELOCALIZED INTERNAL COORDINATES **
   Searching for a Minimum

   Optimization Cycle:   5

                       Coordinates (Angstroms)
     ATOM                X               Y               Z
      1  S         2.7424276558    0.5026871175    0.0328253179
      2  S        -2.8257815469    0.2393808775   -0.2484057544
      3  C        -0.0013437824    0.2175899285   -0.0671134034
      4  C         1.2776044458   -0.6231108609   -0.0144629248
      5  C        -1.2545358249   -0.6607828787   -0.0868782377
      6  H        -0.0514014444    0.8754610947    0.8086871761
      7  H         0.0063143385    0.8629541523   -0.9515427343
      8  H         1.2856353904   -1.2543979993    0.8788582366
      9  H         1.3513777999   -1.2674747078   -0.8956115549
     10  H        -1.2971236912   -1.3266872623    0.7802443851
     11  H        -1.2563662289   -1.3049725351   -0.9815181904
     12  H         3.6809890597   -0.4615144824    0.1093980957
     13  H        -2.5495931714    1.6244695560    1.8144195887
   Point Group: c1    Number of degrees of freedom:    33


   Energy is   -915.390930282

              Constraints and their Current Values
                                        Value     Constraint
   Distance(Angs):        2  13             2.500000     2.500000
 Hessian Updated using BFGS Update

 32 Hessian modes will be used to form the next step
  Hessian Eigenvalues:
     0.005241    0.045000    0.045001    0.045195    0.069186    0.073635
     0.078564    0.079408    0.084674    0.087871    0.103164    0.123869
     0.131243    0.133706    0.142463    0.146620    0.161781    0.176797
     0.219828    0.221297    0.225329    0.227745    0.258074    0.289746
     0.293997    0.297580    0.340987    0.342578    0.342952    0.343470
     0.343647    0.350497

 Minimum Search - Taking Simple RFO Step
 Searching for Lamda that Minimizes Along All modes
 Value Taken    Lamda =  -0.00000187
 Step Taken.  Stepsize is  0.017203

                             Maximum     Tolerance    Cnvgd?
         Gradient           0.000140      0.000300     YES
         Displacement       0.010183      0.001200      NO
         Energy change     -0.000001      0.000001     YES


                       Distance Matrix (Angstroms)
             S (  1)   S (  2)   C (  3)   C (  4)   C (  5)   H (  6)
   S (  2)  5.581521
   C (  3)  2.760353  2.830334
   C (  4)  1.848070  4.199571  1.531424
   C (  5)  4.164578  1.818021  1.530497  2.533456
   H (  6)  2.923423  3.036318  1.096507  2.165537  2.147001
   H (  7)  2.930032  2.983959  1.094883  2.168568  2.158509  1.761220
   H (  8)  2.434207  4.517283  2.172079  1.093897  2.781635  2.515729
   H (  9)  2.435259  4.487555  2.172943  1.094107  2.795158  3.076459
   H ( 10)  4.497024  2.418157  2.186745  2.784924  1.094141  2.530235
   H ( 11)  4.504096  2.320678  2.174722  2.796630  1.102436  3.067746
   H ( 12)  1.347756  6.554185  3.748588  2.411993  4.943444  4.025823
   H ( 13)  5.695433  2.500000  3.465985  4.800403  3.242605  2.795259
             H (  7)   H (  8)   H (  9)   H ( 10)   H ( 11)   H ( 12)
   H (  8)  3.077371
   H (  9)  2.520129  1.775735
   H ( 10)  3.081001  2.585652  3.134734
   H ( 11)  2.509017  3.150449  2.609428  1.762368
   H ( 12)  4.047598  2.637888  2.662087  5.097074  5.126304
   H ( 13)  3.842280  4.885912  5.561042  3.368609  4.251039  6.788121

 
 Final energy is   -915.390930282475     


 ******************************
 **  OPTIMIZATION CONVERGED  **
 ******************************

                       Coordinates (Angstroms)
     ATOM                X               Y               Z
      1  S         2.7424276558    0.5026871175    0.0328253179
      2  S        -2.8257815469    0.2393808775   -0.2484057544
      3  C        -0.0013437824    0.2175899285   -0.0671134034
      4  C         1.2776044458   -0.6231108609   -0.0144629248
      5  C        -1.2545358249   -0.6607828787   -0.0868782377
      6  H        -0.0514014444    0.8754610947    0.8086871761
      7  H         0.0063143385    0.8629541523   -0.9515427343
      8  H         1.2856353904   -1.2543979993    0.8788582366
      9  H         1.3513777999   -1.2674747078   -0.8956115549
     10  H        -1.2971236912   -1.3266872623    0.7802443851
     11  H        -1.2563662289   -1.3049725351   -0.9815181904
     12  H         3.6809890597   -0.4615144824    0.1093980957
     13  H        -2.5495931714    1.6244695560    1.8144195887

Z-matrix Print:
$molecule
0 1
S 
H  1 1.347756
C  1 1.848070 2 96.754524
H  3 1.093897 1 108.955827 2 57.648447 0
H  3 1.094107 1 109.021940 2 -60.600464 0
C  3 1.531424 1 109.172394 2 178.469558 0
H  6 1.094883 3 110.213025 1 58.931901 0
H  6 1.096507 3 109.878656 1 -58.704244 0
C  6 1.530497 3 111.666667 1 -179.145800 0
H  9 1.094141 6 111.772729 3 57.336266 0
H  9 1.102436 6 110.315912 3 -61.213900 0
S  9 1.818021 6 115.128696 3 -176.542451 0
H  12 2.500000 9 96.057760 6 -58.984562 0
$end

PES scan, value:    2.5000 energy: -915.3909302825
------- Summary of potential scan: ------ 
    2.5000      -915.3909302825
----------------------------------------- 
Archival summary:
1\1\hpc0250\JobtypUnspecified\ProcedureUnspecified\6-31G**\238\knomura\ThuMar1409:25:432019ThuMar1409:25:432019\0\\#,JobtypUnspecified,ProcedureUnspecified,6-31G**,\\0,1\S\H,1,1.34776\C,1,1.84807,2,96.7545\H,3,1.0939,1,108.956,2,57.6484,0\H,3,1.09411,1,109.022,2,-60.6005,0\C,3,1.53142,1,109.172,2,178.47,0\H,6,1.09488,3,110.213,1,58.9319,0\H,6,1.09651,3,109.879,1,-58.7042,0\C,6,1.5305,3,111.667,1,-179.146,0\H,9,1.09414,6,111.773,3,57.3363,0\H,9,1.10244,6,110.316,3,-61.2139,0\S,9,1.81802,6,115.129,3,-176.542,0\H,12,2.5,9,96.0578,6,-58.9846,0\\\@

 Total job time:  22.23s(wall), 252.22s(cpu) 
 Thu Mar 14 09:25:43 2019

        *************************************************************
        *                                                           *
        *  Thank you very much for using Q-Chem.  Have a nice day.  *
        *                                                           *
        *************************************************************


