
Running Job 1 of 1 thiol/04/S-H.xyz.data/inputs/bond_triplet_2.3.in
qchem thiol/04/S-H.xyz.data/inputs/bond_triplet_2.3.in_12224.0 /staging/scratch/2868767/qchem12224/ 1
/usr/usc/qchem/5.1.1/exe/qcprog.exe_s thiol/04/S-H.xyz.data/inputs/bond_triplet_2.3.in_12224.0 /staging/scratch/2868767/qchem12224/
Check license passed

                  Welcome to Q-Chem
     A Quantum Leap Into The Future Of Chemistry


 Q-Chem 5.1, Q-Chem, Inc., Pleasanton, CA (2018)

 Yihan Shao,  Zhengting Gan,  E. Epifanovsky,  A. T. B. Gilbert,  M. Wormit,  
 J. Kussmann,  A. W. Lange,  A. Behn,  Jia Deng,  Xintian Feng,  D. Ghosh,  
 M. Goldey,  P. R. Horn,  L. D. Jacobson,  I. Kaliman,  T. Kus,  A. Landau,  
 Jie Liu,  E. I. Proynov,  R. M. Richard,  R. P. Steele,  E. J. Sundstrom,  
 H. L. Woodcock III,  P. M. Zimmerman,  D. Zuev,  B. Albrecht,  E. Alguire,  
 S. A. Baeppler,  D. Barton,  Z. Benda,  Y. A. Bernard,  E. J. Berquist,  
 K. B. Bravaya,  H. Burton,  D. Casanova,  Chun-Min Chang,  Yunqing Chen,  
 A. Chien,  K. D. Closser,  M. P. Coons,  S. Coriani,  S. Dasgupta,  
 A. L. Dempwolff,  M. Diedenhofen,  Hainam Do,  R. G. Edgar,  Po-Tung Fang,  
 S. Faraji,  S. Fatehi,  Qingguo Feng,  K. D. Fenk,  J. Fosso-Tande,  
 Qinghui Ge,  A. Ghysels,  G. Gidofalvi,  J. Gomes,  J. Gonthier,  A. Gunina,  
 D. Hait,  M. W. D. Hanson-Heine,  P. H. P. Harbach,  A. W. Hauser,  
 J. E. Herr,  E. G. Hohenstein,  Z. C. Holden,  Kerwin Hui,  B. C. Huynh,  
 T.-C. Jagau,  Hyunjun Ji,  B. Kaduk,  K. Khistyaev,  Jaehoon Kim,  
 P. Klunzinger,  K. Koh,  D. Kosenkov,  L. Koulias,  T. Kowalczyk,  
 C. M. Krauter,  A. Kunitsa,  Ka Un Lao,  A. Laurent,  K. V. Lawler,  
 Joonho Lee,  D. Lefrancois,  S. Lehtola,  D. S. Levine,  Yi-Pei Li,  
 You-Sheng Lin,  Fenglai Liu,  E. Livshits,  A. Luenser,  P. Manohar,  
 E. Mansoor,  S. F. Manzer,  Shan-Ping Mao,  Yuezhi Mao,  N. Mardirossian,  
 A. V. Marenich,  T. Markovich,  L. A. Martinez-Martinez,  S. A. Maurer,  
 N. J. Mayhall,  S. C. McKenzie,  J.-M. Mewes,  A. F. Morrison,  
 J. W. Mullinax,  K. Nanda,  T. S. Nguyen-Beck,  R. Olivares-Amaya,  
 J. A. Parkhill,  T. M. Perrine,  F. Plasser,  P. Pokhilko,  S. Prager,  
 A. Prociuk,  E. Ramos,  D. R. Rehn,  F. Rob,  M. Schneider,  N. Sergueev,  
 S. M. Sharada,  S. Sharma,  D. W. Small,  T. Stauch,  T. Stein,  
 Yu-Chuan Su,  A. J. W. Thom,  A. Tkatchenko,  T. Tsuchimochi,  N. M. Tubman,  
 L. Vogt,  M. L. Vidal,  O. Vydrov,  M. A. Watson,  J. Wenzel,  
 M. de Wergifosse,  T. A. Wesolowski,  A. White,  J. Witte,  A. Yamada,  
 Jun Yang,  K. Yao,  S. Yeganeh,  S. R. Yost,  Zhi-Qiang You,  A. Zech,  
 Igor Ying Zhang,  Xing Zhang,  Yan Zhao,  Ying Zhu,  B. R. Brooks,  
 G. K. L. Chan,  C. J. Cramer,  M. S. Gordon,  W. J. Hehre,  A. Klamt,  
 M. W. Schmidt,  C. D. Sherrill,  D. G. Truhlar,  A. Aspuru-Guzik,  R. Baer,  
 A. T. Bell,  N. A. Besley,  Jeng-Da Chai,  A. E. DePrince, III,  
 R. A. DiStasio Jr.,  A. Dreuw,  B. D. Dunietz,  T. R. Furlani,  
 Chao-Ping Hsu,  Yousung Jung,  Jing Kong,  D. S. Lambrecht,  WanZhen Liang,  
 C. Ochsenfeld,  V. A. Rassolov,  L. V. Slipchenko,  J. E. Subotnik,  
 T. Van Voorhis,  J. M. Herbert,  A. I. Krylov,  P. M. W. Gill,  M. Head-Gordon

 Contributors to earlier versions of Q-Chem not listed above: 
 R. D. Adamson,  B. Austin,  J. Baker,  G. J. O. Beran,  K. Brandhorst,  
 S. T. Brown,  E. F. C. Byrd,  A. K. Chakraborty,  C.-L. Cheng,  
 Siu Hung Chien,  D. M. Chipman,  D. L. Crittenden,  H. Dachsel,  
 R. J. Doerksen,  A. D. Dutoi,  L. Fusti-Molnar,  W. A. Goddard III,  
 A. Golubeva-Zadorozhnaya,  S. R. Gwaltney,  G. Hawkins,  A. Heyden,  
 S. Hirata,  G. Kedziora,  F. J. Keil,  C. Kelley,  Jihan Kim,  R. A. King,  
 R. Z. Khaliullin,  P. P. Korambath,  W. Kurlancheek,  A. M. Lee,  M. S. Lee,  
 S. V. Levchenko,  Ching Yeh Lin,  D. Liotard,  R. C. Lochan,  I. Lotan,  
 P. E. Maslen,  N. Nair,  D. P. O'Neill,  D. Neuhauser,  E. Neuscamman,  
 C. M. Oana,  R. Olson,  B. Peters,  R. Peverati,  P. A. Pieniazek,  
 Y. M. Rhee,  J. Ritchie,  M. A. Rohrdanz,  E. Rosta,  N. J. Russ,  
 H. F. Schaefer III,  N. E. Schultz,  N. Shenvi,  A. C. Simmonett,  A. Sodt,  
 D. Stuck,  K. S. Thanthiriwatte,  V. Vanovschi,  Tao Wang,  A. Warshel,  
 C. F. Williams,  Q. Wu,  X. Xu,  W. Zhang

 Please cite Q-Chem as follows:
 Y. Shao et al., Mol. Phys. 113, 184-215 (2015)
 DOI: 10.1080/00268976.2014.952696

 Q-Chem 5.1.1 for Intel X86 EM64T Linux

 Parts of Q-Chem use Armadillo 8.300.2 (Tropical Shenanigans).
 http://arma.sourceforge.net/

 Q-Chem begins on Thu Mar 14 10:02:12 2019  

Host: 
0

     Scratch files written to /staging/scratch/2868767/qchem12224//
 Aug318 |scratch|qcdevops|jenkins|workspace|build_RNUM 6013   
Processing $rem in /usr/usc/qchem/5.1.1/config/preferences.
 MEM_TOTAL  2000 
Input Ideriv = 2
Curr. Ideriv = -1
Max.  Ideriv = 2

Checking the input file for inconsistencies... 	...done.

--------------------------------------------------------------
User input:
--------------------------------------------------------------

$comment
potential surface scanner
$end

$rem
JOBTYPE  PES_SCAN
UNRESTRICTED TRUE
SYM_IGNORE  TRUE
GEOM_OPT_MAX_CYCLES 400
SCF_MAX_CYCLES 400
METHOD   B3LYP
BASIS   6-31G**
PDB_PRINT 2
SCF_CONVERGENCE 6
THRESH 14
SCF_PRINT 1
$end
$molecule
0 3
S 2.674912 0.505130 0.408698
S -2.895425 -0.004223 0.081642
C -0.056768 0.150978 0.180706
C 1.262324 -0.595646 -0.042524
C -1.253841 -0.742388 -0.161665
H -0.131863 0.478762 1.222361
H -0.085472 1.054219 -0.436830
H 1.298760 -1.496694 0.577393
H 1.361726 -0.892859 -1.090952
H -1.249913 -1.660019 0.444189
H -1.215714 -1.083415 -1.205312
H 3.656186 -0.371982 0.119152
H -2.256712 2.081739 1.082045
$end
$scan
stre 2 13 2.300000 2.301000 0.100000
$end
--------------------------------------------------------------
 ----------------------------------------------------------------
             Standard Nuclear Orientation (Angstroms)
    I     Atom           X                Y                Z
 ----------------------------------------------------------------
    1      S       2.6749120000     0.5051300000     0.4086980000
    2      S      -2.8954250000    -0.0042230000     0.0816420000
    3      C      -0.0567680000     0.1509780000     0.1807060000
    4      C       1.2623240000    -0.5956460000    -0.0425240000
    5      C      -1.2538410000    -0.7423880000    -0.1616650000
    6      H      -0.1318630000     0.4787620000     1.2223610000
    7      H      -0.0854720000     1.0542190000    -0.4368300000
    8      H       1.2987600000    -1.4966940000     0.5773930000
    9      H       1.3617260000    -0.8928590000    -1.0909520000
   10      H      -1.2499130000    -1.6600190000     0.4441890000
   11      H      -1.2157140000    -1.0834150000    -1.2053120000
   12      H       3.6561860000    -0.3719820000     0.1191520000
   13      H      -2.2567120000     2.0817390000     1.0820450000
 ----------------------------------------------------------------
 Nuclear Repulsion Energy =   262.4916405038 hartrees
 There are       30 alpha and       28 beta electrons
 Requested basis set is 6-31G(d,p)
 There are 46 shells and 123 basis functions

 Total QAlloc Memory Limit   2000 MB
 Mega-Array Size       188 MB
 MEM_STATIC part       192 MB
A total of 1 constraints
  
            1
    1   1.0100000
    2   2.0100000
    3  13.0100000
    4   2.3000000
    5   2.3010000
    6   0.1000000
    7   0.0000000
    8   0.0000000
    9   0.0000000
   10   0.0000000

                       Distance Matrix (Angstroms)
             S (  1)   S (  2)   C (  3)   C (  4)   C (  5)   H (  6)
   S (  2)  5.603130
   C (  3)  2.763961  2.844622
   C (  4)  1.846812  4.201437  1.532084
   C (  5)  4.161336  1.816283  1.532418  2.523255
   H (  6)  2.922453  3.028496  1.094590  2.167497  2.159993
   H (  7)  2.938730  3.047121  1.094541  2.166584  2.160694  1.756763
   H (  8)  2.435067  4.479333  2.170170  1.094309  2.762419  2.522913
   H (  9)  2.434703  4.504219  2.172288  1.094266  2.779821  3.076291
   H ( 10)  4.482564  2.362374  2.184658  2.771482  1.099600  2.535739
   H ( 11)  4.501719  2.375360  2.188133  2.780408  1.098614  3.083622
   H ( 12)  1.347613  6.562032  3.750107  2.409718  4.931980  4.036106
   H ( 13)  5.221112  2.400000  3.062679  4.562528  3.244728  2.665372
             H (  7)   H (  8)   H (  9)   H ( 10)   H ( 11)   H ( 12)
   H (  8)  3.074395
   H (  9)  2.512642  1.775375
   H ( 10)  3.082078  2.557372  3.125036
   H ( 11)  2.537221  3.109890  2.587003  1.747711
   H ( 12)  4.042669  2.651871  2.645791  5.082765  5.098603
   H ( 13)  2.842017  5.069639  5.163646  3.926991  4.041519  6.473814

 
 A cutoff of  1.0D-14 yielded    995 shell pairs
 There are      7224 function pairs
 
 -------------------------------------------------------
 OpenMP Integral Computing Module                       
 Release: version 1.0, May 2013, Q-Chem Inc. Pittsburgh 
 -------------------------------------------------------
 Integral Job Info:
 Integral job number is                      11
 Integral operator is                         1
 short-range coefficients                     0
 long-range coefficients              100000000
 Omega coefficients                           0
 if combine SR and LR in K                    0
 Integral screening is                        0
 Integral computing path is                   2
 max size of driver memory is            800000
 size of driver memory is                593474
 size of scratch memory is             15267112
 max col of scratch BK array               1296
 max len of scratch array in speh3          155
 max len of scratch index in speh4           18
 max int batch size is                      520
 min int batch size is                       52
 fixed nKL is                                52
 max L of basis functions is                  2
 order of int derivative is                   0
 number of shells is                         46
 number of basis is                         123
 number of cartesian basis is               123
 number of contracted shell pairs           995
 number of primitive shell pairs           3748
 maxK2 (contraction) of shell pair           36
 max number of K2 of shell pair               1
 max number of CS2 of shell pair             80
 max number of PS2 of shell pair            336
 mem total for path MDJ                  516588
 -------------------------------------------------------
 Smallest overlap matrix eigenvalue = 5.06E-03

 Scale SEOQF with 1.000000e-01/1.000000e-01/1.000000e+00

 Standard Electronic Orientation quadrupole field applied
 Nucleus-field energy     =     0.0000000022 hartrees
 Guess from superposition of atomic densities
 Warning:  Energy on first SCF cycle will be non-variational
 SAD guess density has 58.000000 electrons

 -----------------------------------------------------------------------
  General SCF calculation program by
  Eric Jon Sundstrom, Paul Horn, Yuezhi Mao, Dmitri Zuev, Alec White,
  David Stuck, Shaama M.S., Shane Yost, Joonho Lee, David Small,
  Daniel Levine, Susi Lehtola, Hugh Burton, Evgeny Epifanovsky
 -----------------------------------------------------------------------
 Exchange:     0.2000 Hartree-Fock + 0.0800 Slater + 0.7200 B88
 Correlation:  0.1900 VWN1RPA + 0.8100 LYP
 Using SG-1 standard quadrature grid
 using 12 threads for integral computing
 -------------------------------------------------------
 OpenMP Integral computing Module                
 Release: version 1.0, May 2013, Q-Chem Inc. Pittsburgh 
 -------------------------------------------------------
 -------------------------------------------------------
 OpenMP BLAS3 based DFT computing Module                
 Release: version 1.0, May 2013, Q-Chem Inc. Pittsburgh 
 -------------------------------------------------------
 A unrestricted SCF calculation will be
 performed using DIIS
 SCF converges when DIIS error is below 1.0e-06
 Alpha HF Exchange    Energy =  -6.83845356134617
 Beta HF Exchange     Energy =  -6.83845356134617
 DFT Correlation      Energy =  -2.70441248612932
 DFT Exchange         Energy = -53.82725904920635
 One-Electron (alpha) Energy = -888.50438951737965
 One-Electron (beta)  Energy = -888.50438951737965
 Total Coulomb        Energy = 668.80957228662589
 ---------------------------------------
  Cycle       Energy         DIIS error
 ---------------------------------------
    1    -915.9161449002      2.70e-02  
 Alpha HF Exchange    Energy =  -6.93836834616999
 Beta HF Exchange     Energy =  -6.75901051086069
 DFT Correlation      Energy =  -2.71591468284903
 DFT Exchange         Energy = -54.35650696154940
 One-Electron (alpha) Energy = -904.17859773570603
 One-Electron (beta)  Energy = -878.34726037103451
 Total Coulomb        Energy = 675.49357085090753
    2    -915.3104472513      2.72e-03  
 Alpha HF Exchange    Energy =  -6.90300649439607
 Beta HF Exchange     Energy =  -6.72611456647298
 DFT Correlation      Energy =  -2.69415896244993
 DFT Exchange         Energy = -54.05238026676170
 One-Electron (alpha) Energy = -901.26011911798059
 One-Electron (beta)  Energy = -876.18806542296909
 Total Coulomb        Energy = 670.04949555162000
    3    -915.2827087734      3.40e-03  
 Alpha HF Exchange    Energy =  -6.91855434461659
 Beta HF Exchange     Energy =  -6.74632820475788
 DFT Correlation      Energy =  -2.70314713153378
 DFT Exchange         Energy = -54.19598980377934
 One-Electron (alpha) Energy = -902.65672679926752
 One-Electron (beta)  Energy = -877.52053820512572
 Total Coulomb        Energy = 672.86900027009915
    4    -915.3806437130      4.17e-04  
 Alpha HF Exchange    Energy =  -6.92078933815615
 Beta HF Exchange     Energy =  -6.74797490599793
 DFT Correlation      Energy =  -2.70289701413767
 DFT Exchange         Energy = -54.20956783316143
 One-Electron (alpha) Energy = -902.70673570681458
 One-Electron (beta)  Energy = -877.61220911289820
 Total Coulomb        Energy = 673.02616772625800
    5    -915.3823656789      1.55e-04  
 Alpha HF Exchange    Energy =  -6.92023527283268
 Beta HF Exchange     Energy =  -6.74795434009983
 DFT Correlation      Energy =  -2.70243899958052
 DFT Exchange         Energy = -54.20638616060979
 One-Electron (alpha) Energy = -902.63250232898883
 One-Electron (beta)  Energy = -877.57867229558701
 Total Coulomb        Energy = 672.91393775211418
    6    -915.3826111396      7.21e-05  
 Alpha HF Exchange    Energy =  -6.92023829314503
 Beta HF Exchange     Energy =  -6.74824540247658
 DFT Correlation      Energy =  -2.70232300461453
 DFT Exchange         Energy = -54.20707927203236
 One-Electron (alpha) Energy = -902.63216642326370
 One-Electron (beta)  Energy = -877.60225694548865
 Total Coulomb        Energy = 672.93800775570969
    7    -915.3826610793      1.42e-05  
 Alpha HF Exchange    Energy =  -6.92029221462830
 Beta HF Exchange     Energy =  -6.74844707769638
 DFT Correlation      Energy =  -2.70231184275879
 DFT Exchange         Energy = -54.20800496441038
 One-Electron (alpha) Energy = -902.63539687313744
 One-Electron (beta)  Energy = -877.61614433473892
 Total Coulomb        Energy = 672.95629287352381
    8    -915.3826639279      5.12e-06  
 Alpha HF Exchange    Energy =  -6.92023776446251
 Beta HF Exchange     Energy =  -6.74844282593173
 DFT Correlation      Energy =  -2.70228551113357
 DFT Exchange         Energy = -54.20774133991306
 One-Electron (alpha) Energy = -902.62999021489657
 One-Electron (beta)  Energy = -877.61491283206612
 Total Coulomb        Energy = 672.94930573090471
    9    -915.3826642515      2.23e-06  
 Alpha HF Exchange    Energy =  -6.92023732729852
 Beta HF Exchange     Energy =  -6.74845968322534
 DFT Correlation      Energy =  -2.70228366280721
 DFT Exchange         Energy = -54.20779864154331
 One-Electron (alpha) Energy = -902.62988403795896
 One-Electron (beta)  Energy = -877.61624882141768
 Total Coulomb        Energy = 672.95060735396169
   10    -915.3826643143      7.80e-07  Convergence criterion met
 ---------------------------------------
 SCF time:   CPU 31.45s  wall 2.00s 
<S^2> =          2.004471385
 Alpha HF Exchange    Energy =  -6.92023732729852
 Beta HF Exchange     Energy =  -6.74845968322534
 DFT Correlation      Energy =  -2.70228366280721
 DFT Exchange         Energy = -54.20779864154331
 One-Electron (alpha) Energy = -902.62988403795896
 One-Electron (beta)  Energy = -877.61624882141768
 Total Coulomb        Energy = 672.95060735396169
 Nuclear repulsion Energy = 262.49164050598228
 SCF   energy in the final basis set =     -915.3826643143
 Total energy in the final basis set =     -915.3826643143
 
 --------------------------------------------------------------
 
                    Orbital Energies (a.u.)
 --------------------------------------------------------------
 
 Alpha MOs
 -- Occupied --
-88.911 -88.880 -10.242 -10.232 -10.208  -7.971  -7.943  -5.942
 -5.932  -5.925  -5.907  -5.904  -5.897  -0.837  -0.787  -0.714
 -0.633  -0.605  -0.500  -0.459  -0.438  -0.422  -0.392  -0.365
 -0.359  -0.334  -0.305  -0.299  -0.242  -0.212
 -- Virtual --
  0.011   0.036   0.075   0.086   0.107   0.133   0.145   0.152
  0.178   0.202   0.218   0.318   0.340   0.347   0.358   0.368
  0.384   0.396   0.423   0.488   0.506   0.516   0.539   0.580
  0.616   0.631   0.642   0.725   0.729   0.746   0.751   0.807
  0.815   0.829   0.843   0.846   0.860   0.883   0.887   0.915
  0.926   0.936   0.950   1.021   1.100   1.139   1.152   1.337
  1.386   1.387   1.614   1.640   1.649   1.663   1.813   1.842
  1.962   2.011   2.020   2.039   2.051   2.071   2.091   2.098
  2.104   2.141   2.182   2.210   2.239   2.281   2.318   2.372
  2.486   2.559   2.590   2.619   2.702   2.755   2.785   2.789
  2.811   2.862   3.183   3.230   3.311   3.330   3.452   3.531
  3.891   3.979   4.241   4.409   4.612
 
 Beta MOs
 -- Occupied --
-88.905 -88.880 -10.242 -10.232 -10.208  -7.965  -7.943  -5.928
 -5.923  -5.919  -5.907  -5.904  -5.897  -0.833  -0.778  -0.701
 -0.618  -0.597  -0.496  -0.458  -0.431  -0.416  -0.390  -0.362
 -0.349  -0.334  -0.254  -0.242
 -- Virtual --
 -0.165  -0.046   0.015   0.043   0.077   0.089   0.109   0.134
  0.146   0.154   0.179   0.203   0.221   0.333   0.343   0.360
  0.368   0.382   0.388   0.399   0.440   0.492   0.514   0.521
  0.548   0.583   0.622   0.643   0.655   0.731   0.746   0.776
  0.800   0.815   0.826   0.848   0.849   0.863   0.874   0.891
  0.895   0.919   0.938   0.950   1.000   1.041   1.104   1.148
  1.153   1.338   1.389   1.390   1.617   1.641   1.650   1.664
  1.815   1.847   1.964   2.040   2.047   2.071   2.091   2.101
  2.103   2.158   2.164   2.188   2.211   2.238   2.264   2.283
  2.323   2.374   2.489   2.560   2.591   2.621   2.703   2.755
  2.787   2.790   2.812   2.862   3.186   3.232   3.312   3.331
  3.454   3.532   3.911   3.979   4.241   4.409   4.612
 --------------------------------------------------------------
 
          Ground-State Mulliken Net Atomic Charges

     Atom                 Charge (a.u.)    Spin (a.u.)
  --------------------------------------------------------
      1 S                    -0.034755       0.001101
      2 S                     0.085943       1.069986
      3 C                    -0.170709       0.010117
      4 C                    -0.332987      -0.001261
      5 C                    -0.372497      -0.032786
      6 H                     0.139298      -0.000940
      7 H                     0.136073      -0.000059
      8 H                     0.135424       0.000407
      9 H                     0.135793       0.000645
     10 H                     0.157749       0.032307
     11 H                     0.156663       0.027240
     12 H                     0.057339      -0.000002
     13 H                    -0.093333       0.893245
  --------------------------------------------------------
  Sum of atomic charges =    -0.000000
  Sum of spin   charges =     2.000000

 -----------------------------------------------------------------
                    Cartesian Multipole Moments
 -----------------------------------------------------------------
    Charge (ESU x 10^10)
                 0.0000
    Dipole Moment (Debye)
         X       0.9037      Y      -2.9909      Z      -1.1673
       Tot       3.3354
    Quadrupole Moments (Debye-Ang)
        XX     -52.3306     XY      -1.5589     YY     -49.3497
        XZ      -0.4067     YZ      -1.7407     ZZ     -48.0562
    Octopole Moments (Debye-Ang^2)
       XXX      39.2928    XXY     -12.5733    XYY       7.4249
       YYY      -9.9187    XXZ     -11.3797    XYZ       4.8074
       YYZ      -9.2330    XZZ      -2.1715    YZZ      -3.9319
       ZZZ     -26.3954
    Hexadecapole Moments (Debye-Ang^3)
      XXXX   -1453.1651   XXXY     -70.0365   XXYY    -296.9386
      XYYY     -24.1517   YYYY    -188.8546   XXXZ     -34.3647
      XXYZ     -17.1632   XYYZ      -1.7950   YYYZ     -30.2578
      XXZZ    -276.5440   XYZZ      -9.7231   YYZZ     -48.6068
      XZZZ     -31.8386   YZZZ     -23.4886   ZZZZ    -104.3338
 -----------------------------------------------------------------
 Calculating analytic gradient of the SCF energy
 Gradient of SCF Energy
            1           2           3           4           5           6
    1  -0.0000102   0.0005739  -0.0001683   0.0000599   0.0000239   0.0000392
    2  -0.0000060   0.0018547   0.0000480  -0.0000014   0.0001055  -0.0000525
    3   0.0000014   0.0008596   0.0000327  -0.0000148   0.0001059   0.0000038
            7           8           9          10          11          12
    1   0.0000312   0.0000014  -0.0000046   0.0000242  -0.0000117   0.0000030
    2  -0.0000277  -0.0000073   0.0000127  -0.0000448  -0.0000282   0.0000020
    3  -0.0000283  -0.0000157  -0.0000089  -0.0000607  -0.0000128  -0.0000057
           13
    1  -0.0005619
    2  -0.0018550
    3  -0.0008565
 Max gradient component =       1.855E-03
 RMS gradient           =       4.823E-04
 Gradient time:  CPU 11.05 s  wall 0.96 s
 Geometry Optimization Parameters
   NAtoms,    NIC,     NZ,  NCons,   NDum,   NFix, NCnnct, MaxDiis
       13      82       0       1       0       0       0       0


** CONSTRAINED OPTIMIZATION IN DELOCALIZED INTERNAL COORDINATES **
   Searching for a Minimum

   Optimization Cycle:   1

                       Coordinates (Angstroms)
     ATOM                X               Y               Z
      1  S         2.6749120000    0.5051300000    0.4086980000
      2  S        -2.8954250000   -0.0042230000    0.0816420000
      3  C        -0.0567680000    0.1509780000    0.1807060000
      4  C         1.2623240000   -0.5956460000   -0.0425240000
      5  C        -1.2538410000   -0.7423880000   -0.1616650000
      6  H        -0.1318630000    0.4787620000    1.2223610000
      7  H        -0.0854720000    1.0542190000   -0.4368300000
      8  H         1.2987600000   -1.4966940000    0.5773930000
      9  H         1.3617260000   -0.8928590000   -1.0909520000
     10  H        -1.2499130000   -1.6600190000    0.4441890000
     11  H        -1.2157140000   -1.0834150000   -1.2053120000
     12  H         3.6561860000   -0.3719820000    0.1191520000
     13  H        -2.2567120000    2.0817390000    1.0820450000
   Point Group: c1    Number of degrees of freedom:    33


   Energy is   -915.382664314

              Constraints and their Current Values
                                        Value     Constraint
   Distance(Angs):        2  13             2.400000     2.300000

 Attempting to Generate Delocalized Internal Coordinates

   Using Lagrange Multiplier Algorithm


 34 Hessian modes will be used to form the next step
  Hessian Eigenvalues:
    -0.985214    0.045000    0.045000    0.045000    0.045000    0.069509
     0.072986    0.078607    0.079214    0.082726    0.084821    0.101472
     0.123813    0.130467    0.130711    0.142464    0.146429    0.160000
     0.160000    0.219024    0.220110    0.220590    0.227507    0.248748
     0.258224    0.292013    0.292318    0.337263    0.338359    0.342876
     0.342932    0.343194    0.343243    1.015008

 Minimum Search - Taking P-RFO Step
 Searching for Lamda that Maximizes Along the Constraint modes Only
 Value Taken    Lamda =   0.01845647
 Searching for Lamda that Minimizes Along All other modes
 Value Taken    Lamda =  -0.01666303
 Step Taken.  Stepsize is  0.185706

                             Maximum     Tolerance    Cnvgd?
         Gradient            0.188972       0.000300      NO
         Displacement        0.185703       0.001200      NO
         Energy change     *********       0.000001      NO


 New Cartesian Coordinates Obtained by Inverse Iteration

 Displacement from previous Coordinates is:  0.164062
 ----------------------------------------------------------------
             Standard Nuclear Orientation (Angstroms)
    I     Atom           X                Y                Z
 ----------------------------------------------------------------
    1      S       2.6808710680     0.5000038896     0.4065195957
    2      S      -2.8925089832     0.0152808735     0.0912727312
    3      C      -0.0528756572     0.1582518556     0.1841790880
    4      C       1.2623044311    -0.5942138732    -0.0419446658
    5      C      -1.2546368113    -0.7298537995    -0.1559164207
    6      H      -0.1245565809     0.4862234015     1.2260432658
    7      H      -0.0790477196     1.0618495090    -0.4329605256
    8      H       1.2959492343    -1.4955491521     0.5777082568
    9      H       1.3581807024    -0.8916481915    -1.0906389906
   10      H      -1.2534724336    -1.6474708688     0.4499502207
   11      H      -1.2201681741    -1.0707184125    -1.1997143718
   12      H       3.6574578095    -0.3815668761     0.1146795998
   13      H      -2.2692968855     2.0130136445     1.0497252167
 ----------------------------------------------------------------
 Nuclear Repulsion Energy =   262.7004121060 hartrees
 There are       30 alpha and       28 beta electrons

                       Distance Matrix (Angstroms)
             S (  1)   S (  2)   C (  3)   C (  4)   C (  5)   H (  6)
   S (  2)  5.603294
   C (  3)  2.763983  2.844748
   C (  4)  1.846825  4.201393  1.532004
   C (  5)  4.161383  1.816302  1.532523  2.523169
   H (  6)  2.922710  3.028374  1.094616  2.167607  2.160032
   H (  7)  2.938971  3.047243  1.094548  2.166718  2.160779  1.756619
   H (  8)  2.435066  4.479108  2.170081  1.094307  2.762243  2.523014
   H (  9)  2.434685  4.504198  2.172218  1.094267  2.779694  3.076371
   H ( 10)  4.482476  2.362167  2.184651  2.771361  1.099589  2.535631
   H ( 11)  4.501696  2.375451  2.188173  2.780316  1.098586  3.083623
   H ( 12)  1.347612  6.562020  3.750041  2.409670  4.931856  4.036313
   H ( 13)  5.216040  2.301730  3.016925  4.523448  3.163294  2.638577
             H (  7)   H (  8)   H (  9)   H ( 10)   H ( 11)   H ( 12)
   H (  8)  3.074468
   H (  9)  2.512831  1.775374
   H ( 10)  3.082081  2.557138  3.124966
   H ( 11)  2.537304  3.109752  2.586860  1.747898
   H ( 12)  4.042874  2.651806  2.645685  5.082534  5.098411
   H ( 13)  2.810740  5.024320  5.116328  3.845878  3.958542  6.460244

 
 Applying Cartesian multipole field
    Component          Value
    ---------          -----
     (2,0,0)        1.00000E-11
     (0,2,0)        2.00000E-11
     (0,0,2)       -3.00000E-10
 Nucleus-field energy     =     0.0000000023 hartrees
 Requested basis set is 6-31G(d,p)
 There are 46 shells and 123 basis functions
 A cutoff of  1.0D-14 yielded    995 shell pairs
 There are      7224 function pairs
 Smallest overlap matrix eigenvalue = 5.05E-03
 Guess from superposition of atomic densities
 Warning:  Energy on first SCF cycle will be non-variational
 SAD guess density has 58.000000 electrons

 -----------------------------------------------------------------------
  General SCF calculation program by
  Eric Jon Sundstrom, Paul Horn, Yuezhi Mao, Dmitri Zuev, Alec White,
  David Stuck, Shaama M.S., Shane Yost, Joonho Lee, David Small,
  Daniel Levine, Susi Lehtola, Hugh Burton, Evgeny Epifanovsky
 -----------------------------------------------------------------------
 Exchange:     0.2000 Hartree-Fock + 0.0800 Slater + 0.7200 B88
 Correlation:  0.1900 VWN1RPA + 0.8100 LYP
 Using SG-1 standard quadrature grid
 using 12 threads for integral computing
 -------------------------------------------------------
 OpenMP Integral computing Module                
 Release: version 1.0, May 2013, Q-Chem Inc. Pittsburgh 
 -------------------------------------------------------
 -------------------------------------------------------
 OpenMP BLAS3 based DFT computing Module                
 Release: version 1.0, May 2013, Q-Chem Inc. Pittsburgh 
 -------------------------------------------------------
 A unrestricted SCF calculation will be
 performed using DIIS
 SCF converges when DIIS error is below 1.0e-06
 Alpha HF Exchange    Energy =  -6.83919684629009
 Beta HF Exchange     Energy =  -6.83919684629009
 DFT Correlation      Energy =  -2.70500165505541
 DFT Exchange         Energy = -53.82888248760029
 One-Electron (alpha) Energy = -888.71264814440735
 One-Electron (beta)  Energy = -888.71264814440735
 Total Coulomb        Energy = 669.01487279454136
 ---------------------------------------
  Cycle       Energy         DIIS error
 ---------------------------------------
    1    -915.9222892212      2.70e-02  
 Alpha HF Exchange    Energy =  -6.93900767180889
 Beta HF Exchange     Energy =  -6.75886621646122
 DFT Correlation      Energy =  -2.71660461123369
 DFT Exchange         Energy = -54.35811237274393
 One-Electron (alpha) Energy = -904.48686512318841
 One-Electron (beta)  Energy = -878.41349249616530
 Total Coulomb        Energy = 675.66281334116297
    2    -915.3097230421      2.72e-03  
 Alpha HF Exchange    Energy =  -6.90375885297860
 Beta HF Exchange     Energy =  -6.72538146831758
 DFT Correlation      Energy =  -2.69524971915217
 DFT Exchange         Energy = -54.05374707904461
 One-Electron (alpha) Energy = -901.59206063511328
 One-Electron (beta)  Energy = -876.25328201963305
 Total Coulomb        Energy = 670.24178158602194
    3    -915.2812860799      3.41e-03  
 Alpha HF Exchange    Energy =  -6.91922417189193
 Beta HF Exchange     Energy =  -6.74578469518277
 DFT Correlation      Energy =  -2.70417168807585
 DFT Exchange         Energy = -54.19698339365884
 One-Electron (alpha) Energy = -902.98365480180939
 One-Electron (beta)  Energy = -877.57381249493994
 Total Coulomb        Energy = 673.04313709366147
    4    -915.3800820436      4.19e-04  
 Alpha HF Exchange    Energy =  -6.92148843484087
 Beta HF Exchange     Energy =  -6.74733406955323
 DFT Correlation      Energy =  -2.70394866418399
 DFT Exchange         Energy = -54.21034502157797
 One-Electron (alpha) Energy = -903.03449158959688
 One-Electron (beta)  Energy = -877.65997488228777
 Total Coulomb        Energy = 673.19534485257793
    5    -915.3818257011      1.53e-04  
 Alpha HF Exchange    Energy =  -6.92094882543864
 Beta HF Exchange     Energy =  -6.74731326510098
 DFT Correlation      Energy =  -2.70350948132856
 DFT Exchange         Energy = -54.20721689084472
 One-Electron (alpha) Energy = -902.96223179599770
 One-Electron (beta)  Energy = -877.62666519457639
 Total Coulomb        Energy = 673.08540878923895
    6    -915.3820645557      7.25e-05  
 Alpha HF Exchange    Energy =  -6.92095490493961
 Beta HF Exchange     Energy =  -6.74759121368416
 DFT Correlation      Energy =  -2.70339986313463
 DFT Exchange         Energy = -54.20787104413012
 One-Electron (alpha) Energy = -902.96198638199610
 One-Electron (beta)  Energy = -877.64926450937730
 Total Coulomb        Energy = 673.10854126358242
    7    -915.3821145454      1.43e-05  
 Alpha HF Exchange    Energy =  -6.92101111350423
 Beta HF Exchange     Energy =  -6.74778572898565
 DFT Correlation      Energy =  -2.70339161030787
 DFT Exchange         Energy = -54.20878103704231
 One-Electron (alpha) Energy = -902.96527629392881
 One-Electron (beta)  Energy = -877.66272624801184
 Total Coulomb        Energy = 673.12644260231014
    8    -915.3821173212      4.98e-06  
 Alpha HF Exchange    Energy =  -6.92095799480369
 Beta HF Exchange     Energy =  -6.74777939985925
 DFT Correlation      Energy =  -2.70336676894647
 DFT Exchange         Energy = -54.20851619679095
 One-Electron (alpha) Energy = -902.95996652648353
 One-Electron (beta)  Energy = -877.66135210983077
 Total Coulomb        Energy = 673.11940927580088
    9    -915.3821176126      2.22e-06  
 Alpha HF Exchange    Energy =  -6.92095887376792
 Beta HF Exchange     Energy =  -6.74779556656870
 DFT Correlation      Energy =  -2.70336581468624
 DFT Exchange         Energy = -54.20857726905733
 One-Electron (alpha) Energy = -902.95998269371785
 One-Electron (beta)  Energy = -877.66264865943674
 Total Coulomb        Energy = 673.12079910018292
   10    -915.3821176687      7.40e-07  Convergence criterion met
 ---------------------------------------
 SCF time:   CPU 31.23s  wall 2.00s 
<S^2> =          2.004645754
 Alpha HF Exchange    Energy =  -6.92095887376792
 Beta HF Exchange     Energy =  -6.74779556656870
 DFT Correlation      Energy =  -2.70336581468624
 DFT Exchange         Energy = -54.20857726905733
 One-Electron (alpha) Energy = -902.95998269371785
 One-Electron (beta)  Energy = -877.66264865943674
 Total Coulomb        Energy = 673.12079910018292
 Nuclear repulsion Energy = 262.70041210831880
 SCF   energy in the final basis set =     -915.3821176687
 Total energy in the final basis set =     -915.3821176687
 
 --------------------------------------------------------------
 
                    Orbital Energies (a.u.)
 --------------------------------------------------------------
 
 Alpha MOs
 -- Occupied --
-88.913 -88.880 -10.243 -10.232 -10.209  -7.973  -7.943  -5.944
 -5.934  -5.928  -5.908  -5.904  -5.897  -0.838  -0.788  -0.715
 -0.634  -0.605  -0.500  -0.460  -0.439  -0.423  -0.392  -0.365
 -0.361  -0.334  -0.308  -0.301  -0.243  -0.202
 -- Virtual --
  0.011   0.035   0.075   0.086   0.107   0.132   0.145   0.151
  0.178   0.202   0.219   0.318   0.339   0.346   0.357   0.367
  0.384   0.396   0.425   0.487   0.505   0.516   0.539   0.579
  0.615   0.630   0.642   0.723   0.729   0.746   0.751   0.804
  0.814   0.830   0.843   0.845   0.860   0.882   0.887   0.914
  0.928   0.935   0.950   1.021   1.101   1.139   1.152   1.337
  1.385   1.387   1.615   1.639   1.648   1.663   1.812   1.842
  1.962   2.018   2.025   2.039   2.056   2.071   2.091   2.100
  2.104   2.158   2.181   2.210   2.238   2.281   2.319   2.372
  2.488   2.559   2.589   2.619   2.701   2.755   2.785   2.788
  2.810   2.861   3.183   3.230   3.310   3.330   3.451   3.531
  3.891   3.979   4.241   4.409   4.612
 
 Beta MOs
 -- Occupied --
-88.907 -88.880 -10.243 -10.232 -10.208  -7.967  -7.943  -5.930
 -5.925  -5.921  -5.908  -5.904  -5.897  -0.833  -0.778  -0.701
 -0.619  -0.598  -0.496  -0.459  -0.432  -0.417  -0.390  -0.362
 -0.350  -0.334  -0.258  -0.243
 -- Virtual --
 -0.166  -0.040   0.014   0.042   0.077   0.088   0.108   0.134
  0.146   0.153   0.179   0.202   0.222   0.333   0.343   0.360
  0.368   0.381   0.387   0.399   0.443   0.491   0.514   0.522
  0.548   0.582   0.622   0.643   0.656   0.731   0.745   0.775
  0.801   0.814   0.826   0.848   0.849   0.863   0.872   0.891
  0.894   0.919   0.937   0.950   0.999   1.043   1.105   1.148
  1.153   1.338   1.389   1.390   1.617   1.641   1.649   1.664
  1.814   1.846   1.964   2.039   2.046   2.071   2.090   2.101
  2.103   2.160   2.167   2.187   2.211   2.240   2.276   2.284
  2.324   2.373   2.491   2.560   2.590   2.621   2.703   2.755
  2.787   2.789   2.812   2.862   3.185   3.232   3.312   3.331
  3.453   3.532   3.911   3.979   4.241   4.409   4.612
 --------------------------------------------------------------
 
          Ground-State Mulliken Net Atomic Charges

     Atom                 Charge (a.u.)    Spin (a.u.)
  --------------------------------------------------------
      1 S                    -0.034231       0.001163
      2 S                     0.099815       1.084580
      3 C                    -0.171285       0.011380
      4 C                    -0.333005      -0.001370
      5 C                    -0.372717      -0.033474
      6 H                     0.140324      -0.000833
      7 H                     0.136766      -0.000032
      8 H                     0.135370       0.000444
      9 H                     0.135708       0.000702
     10 H                     0.158405       0.032456
     11 H                     0.157286       0.027331
     12 H                     0.057316       0.000029
     13 H                    -0.109751       0.877623
  --------------------------------------------------------
  Sum of atomic charges =     0.000000
  Sum of spin   charges =     2.000000

 -----------------------------------------------------------------
                    Cartesian Multipole Moments
 -----------------------------------------------------------------
    Charge (ESU x 10^10)
                 0.0000
    Dipole Moment (Debye)
         X       0.8827      Y      -3.0854      Z      -1.2123
       Tot       3.4305
    Quadrupole Moments (Debye-Ang)
        XX     -52.2203     XY      -1.3367     YY     -49.5401
        XZ      -0.3048     YZ      -1.8566     ZZ     -48.0915
    Octopole Moments (Debye-Ang^2)
       XXX      38.2321    XXY     -13.3716    XYY       7.7468
       YYY     -11.1173    XXZ     -11.7549    XYZ       5.0709
       YYZ      -9.6277    XZZ      -2.2163    YZZ      -4.2907
       ZZZ     -26.7824
    Hexadecapole Moments (Debye-Ang^3)
      XXXX   -1452.7051   XXXY     -66.8957   XXYY    -297.2320
      XYYY     -20.4938   YYYY    -186.7162   XXXZ     -33.0245
      XXYZ     -17.3672   XYYZ      -0.7785   YYYZ     -30.1083
      XXZZ    -276.8799   XYZZ      -8.5643   YYZZ     -48.2571
      XZZZ     -30.5637   YZZZ     -23.0015   ZZZZ    -103.8223
 -----------------------------------------------------------------
 Calculating analytic gradient of the SCF energy
 Gradient of SCF Energy
            1           2           3           4           5           6
    1   0.0000284   0.0011091  -0.0002038   0.0000757  -0.0000482   0.0000258
    2  -0.0000196   0.0036441  -0.0001169   0.0000627  -0.0000808  -0.0001026
    3  -0.0000021   0.0016876  -0.0000792   0.0000201   0.0000132   0.0000706
            7           8           9          10          11          12
    1   0.0000284  -0.0000019  -0.0000124   0.0000900   0.0000739   0.0000120
    2   0.0000036   0.0000056   0.0000249  -0.0000407  -0.0000446   0.0000121
    3  -0.0000802  -0.0000184   0.0000003  -0.0000681  -0.0000057   0.0000003
           13
    1  -0.0011770
    2  -0.0033478
    3  -0.0015385
 Max gradient component =       3.644E-03
 RMS gradient           =       9.121E-04
 Gradient time:  CPU 11.16 s  wall 0.98 s
 Geometry Optimization Parameters
   NAtoms,    NIC,     NZ,  NCons,   NDum,   NFix, NCnnct, MaxDiis
       13      82       0       1       0       0       0       0

 Cartesian Hessian Update
 Hessian Updated using BFGS Update


** CONSTRAINED OPTIMIZATION IN DELOCALIZED INTERNAL COORDINATES **
   Searching for a Minimum

   Optimization Cycle:   2

                       Coordinates (Angstroms)
     ATOM                X               Y               Z
      1  S         2.6808710680    0.5000038896    0.4065195957
      2  S        -2.8925089832    0.0152808735    0.0912727312
      3  C        -0.0528756572    0.1582518556    0.1841790880
      4  C         1.2623044311   -0.5942138732   -0.0419446658
      5  C        -1.2546368113   -0.7298537995   -0.1559164207
      6  H        -0.1245565809    0.4862234015    1.2260432658
      7  H        -0.0790477196    1.0618495090   -0.4329605256
      8  H         1.2959492343   -1.4955491521    0.5777082568
      9  H         1.3581807024   -0.8916481915   -1.0906389906
     10  H        -1.2534724336   -1.6474708688    0.4499502207
     11  H        -1.2201681741   -1.0707184125   -1.1997143718
     12  H         3.6574578095   -0.3815668761    0.1146795998
     13  H        -2.2692968855    2.0130136445    1.0497252167
   Point Group: c1    Number of degrees of freedom:    33


   Energy is   -915.382117669

              Constraints and their Current Values
                                        Value     Constraint
   Distance(Angs):        2  13             2.301730     2.300000
 Hessian Updated using BFGS Update

   Using Lagrange Multiplier Algorithm


 32 Hessian modes will be used to form the next step
  Hessian Eigenvalues:
    -0.995305    0.045000    0.045014    0.069511    0.072985    0.078606
     0.079214    0.082729    0.084821    0.101471    0.123813    0.130467
     0.130759    0.142464    0.146433    0.160000    0.161106    0.219223
     0.220222    0.220599    0.227512    0.248892    0.258224    0.292021
     0.292316    0.337263    0.338359    0.342881    0.342943    0.343194
     0.343244    1.004734

 Minimum Search - Taking P-RFO Step
 Searching for Lamda that Maximizes Along the Constraint modes Only
 Value Taken    Lamda =   0.00000003
 Searching for Lamda that Minimizes Along All other modes
 Value Taken    Lamda =  -0.00002661
 Step Taken.  Stepsize is  0.005837

                             Maximum     Tolerance    Cnvgd?
         Gradient            0.003535       0.000300      NO
         Displacement        0.003523       0.001200      NO
         Energy change      0.000547       0.000001      NO


 New Cartesian Coordinates Obtained by Inverse Iteration

 Displacement from previous Coordinates is:  0.015345
 ----------------------------------------------------------------
             Standard Nuclear Orientation (Angstroms)
    I     Atom           X                Y                Z
 ----------------------------------------------------------------
    1      S       2.6806419677     0.4998204942     0.4067502901
    2      S      -2.8929215142     0.0134432157     0.0911624047
    3      C      -0.0530957383     0.1593745758     0.1848301503
    4      C       1.2616060613    -0.5936289044    -0.0417877655
    5      C      -1.2544765195    -0.7294737230    -0.1556911611
    6      H      -0.1249411001     0.4874320431     1.2266076426
    7      H      -0.0794903685     1.0632081883    -0.4318113985
    8      H       1.2949885197    -1.4951966059     0.5775683773
    9      H       1.3571982532    -0.8908222138    -1.0906014621
   10      H      -1.2532095995    -1.6469881899     0.4503178804
   11      H      -1.2201279300    -1.0700857806    -1.1995465770
   12      H       3.6564982704    -0.3823680624     0.1142992128
   13      H      -2.2644703021     2.0088869630     1.0468054058
 ----------------------------------------------------------------
 Nuclear Repulsion Energy =   262.7273857837 hartrees
 There are       30 alpha and       28 beta electrons

                       Distance Matrix (Angstroms)
             S (  1)   S (  2)   C (  3)   C (  4)   C (  5)   H (  6)
   S (  2)  5.603639
   C (  3)  2.763779  2.845115
   C (  4)  1.846749  4.200751  1.531930
   C (  5)  4.160849  1.815865  1.532750  2.522320
   H (  6)  2.922946  3.029128  1.094570  2.167956  2.160430
   H (  7)  2.939204  3.048098  1.094467  2.166972  2.161144  1.756114
   H (  8)  2.435017  4.477854  2.170065  1.094322  2.761118  2.523543
   H (  9)  2.434636  4.503086  2.172227  1.094291  2.778657  3.076651
   H ( 10)  4.481727  2.361076  2.184881  2.770565  1.099582  2.536014
   H ( 11)  4.501200  2.374490  2.188615  2.779644  1.098558  3.084075
   H ( 12)  1.347620  6.561410  3.749606  2.409254  4.930624  4.036467
   H ( 13)  5.209711  2.300000  3.008966  4.515677  3.156692  2.631490
             H (  7)   H (  8)   H (  9)   H ( 10)   H ( 11)   H ( 12)
   H (  8)  3.074650
   H (  9)  2.513228  1.775367
   H ( 10)  3.082358  2.555885  3.124172
   H ( 11)  2.537994  3.108805  2.585849  1.748131
   H ( 12)  4.042962  2.651365  2.645202  5.081083  5.097120
   H ( 13)  2.802633  5.016825  5.108161  3.839775  3.951812  6.453335

 
 Applying Cartesian multipole field
    Component          Value
    ---------          -----
     (2,0,0)        1.00000E-11
     (0,2,0)        2.00000E-11
     (0,0,2)       -3.00000E-10
 Nucleus-field energy     =     0.0000000023 hartrees
 Requested basis set is 6-31G(d,p)
 There are 46 shells and 123 basis functions
 A cutoff of  1.0D-14 yielded    995 shell pairs
 There are      7224 function pairs
 Smallest overlap matrix eigenvalue = 5.05E-03
 Guess from superposition of atomic densities
 Warning:  Energy on first SCF cycle will be non-variational
 SAD guess density has 58.000000 electrons

 -----------------------------------------------------------------------
  General SCF calculation program by
  Eric Jon Sundstrom, Paul Horn, Yuezhi Mao, Dmitri Zuev, Alec White,
  David Stuck, Shaama M.S., Shane Yost, Joonho Lee, David Small,
  Daniel Levine, Susi Lehtola, Hugh Burton, Evgeny Epifanovsky
 -----------------------------------------------------------------------
 Exchange:     0.2000 Hartree-Fock + 0.0800 Slater + 0.7200 B88
 Correlation:  0.1900 VWN1RPA + 0.8100 LYP
 Using SG-1 standard quadrature grid
 using 12 threads for integral computing
 -------------------------------------------------------
 OpenMP Integral computing Module                
 Release: version 1.0, May 2013, Q-Chem Inc. Pittsburgh 
 -------------------------------------------------------
 -------------------------------------------------------
 OpenMP BLAS3 based DFT computing Module                
 Release: version 1.0, May 2013, Q-Chem Inc. Pittsburgh 
 -------------------------------------------------------
 A unrestricted SCF calculation will be
 performed using DIIS
 SCF converges when DIIS error is below 1.0e-06
 Alpha HF Exchange    Energy =  -6.83926548099681
 Beta HF Exchange     Energy =  -6.83926548099681
 DFT Correlation      Energy =  -2.70504142269959
 DFT Exchange         Energy = -53.82901789427130
 One-Electron (alpha) Energy = -888.73944692309010
 One-Electron (beta)  Energy = -888.73944692309010
 Total Coulomb        Energy = 669.04120730764987
 ---------------------------------------
  Cycle       Energy         DIIS error
 ---------------------------------------
    1    -915.9228910315      2.70e-02  
 Alpha HF Exchange    Energy =  -6.93904221270178
 Beta HF Exchange     Energy =  -6.75887438818791
 DFT Correlation      Energy =  -2.71665202240503
 DFT Exchange         Energy = -54.35828202126901
 One-Electron (alpha) Energy = -904.52103129830061
 One-Electron (beta)  Energy = -878.43599193656792
 Total Coulomb        Energy = 675.69277676339152
    2    -915.3097113300      2.72e-03  
 Alpha HF Exchange    Energy =  -6.90378596258498
 Beta HF Exchange     Energy =  -6.72536100559873
 DFT Correlation      Energy =  -2.69530027181527
 DFT Exchange         Energy = -54.05380635280186
 One-Electron (alpha) Energy = -901.62448312815775
 One-Electron (beta)  Energy = -876.27252876385978
 Total Coulomb        Energy = 670.26667433559498
    3    -915.2812053632      3.41e-03  
 Alpha HF Exchange    Energy =  -6.91925702397174
 Beta HF Exchange     Energy =  -6.74577285275761
 DFT Correlation      Energy =  -2.70422421268443
 DFT Exchange         Energy = -54.19707797446677
 One-Electron (alpha) Energy = -903.01708764862485
 One-Electron (beta)  Energy = -877.59352595892938
 Total Coulomb        Energy = 673.06948738971028
    4    -915.3800724957      4.19e-04  
 Alpha HF Exchange    Energy =  -6.92152622720038
 Beta HF Exchange     Energy =  -6.74732642536686
 DFT Correlation      Energy =  -2.70400231482605
 DFT Exchange         Energy = -54.21047547025921
 One-Electron (alpha) Energy = -903.06824220163026
 One-Electron (beta)  Energy = -877.68004316438669
 Total Coulomb        Energy = 673.22241409451658
    5    -915.3818159231      1.53e-04  
 Alpha HF Exchange    Energy =  -6.92098549864153
 Beta HF Exchange     Energy =  -6.74730499213878
 DFT Correlation      Energy =  -2.70356249586931
 DFT Exchange         Energy = -54.20733762423940
 One-Electron (alpha) Energy = -902.99585969190673
 One-Electron (beta)  Energy = -877.64661398556996
 Total Coulomb        Energy = 673.11222380963375
    6    -915.3820546927      7.25e-05  
 Alpha HF Exchange    Energy =  -6.92099171376866
 Beta HF Exchange     Energy =  -6.74758321724297
 DFT Correlation      Energy =  -2.70345277110345
 DFT Exchange         Energy = -54.20799256972911
 One-Electron (alpha) Energy = -902.99560493450940
 One-Electron (beta)  Energy = -877.66920320249073
 Total Coulomb        Energy = 673.13533789690564
    7    -915.3821047259      1.43e-05  
 Alpha HF Exchange    Energy =  -6.92104832365505
 Beta HF Exchange     Energy =  -6.74777815531114
 DFT Correlation      Energy =  -2.70344456674874
 DFT Exchange         Energy = -54.20890561343140
 One-Electron (alpha) Energy = -902.99891844797321
 One-Electron (beta)  Energy = -877.68269692634158
 Total Coulomb        Energy = 673.15329873668179
    8    -915.3821075108      4.97e-06  
 Alpha HF Exchange    Energy =  -6.92099494977673
 Beta HF Exchange     Energy =  -6.74777171152216
 DFT Correlation      Energy =  -2.70341961310774
 DFT Exchange         Energy = -54.20863912658947
 One-Electron (alpha) Energy = -902.99358228723531
 One-Electron (beta)  Energy = -877.68130546964642
 Total Coulomb        Energy = 673.14621956963629
    9    -915.3821078022      2.21e-06  
 Alpha HF Exchange    Energy =  -6.92099601082317
 Beta HF Exchange     Energy =  -6.74778796994896
 DFT Correlation      Energy =  -2.70341872988174
 DFT Exchange         Energy = -54.20870135666279
 One-Electron (alpha) Energy = -902.99361417558202
 One-Electron (beta)  Energy = -877.68261170526785
 Total Coulomb        Energy = 673.14763630443633
   10    -915.3821078577      7.37e-07  Convergence criterion met
 ---------------------------------------
 SCF time:   CPU 30.77s  wall 2.00s 
<S^2> =          2.004655335
 Alpha HF Exchange    Energy =  -6.92099601082317
 Beta HF Exchange     Energy =  -6.74778796994896
 DFT Correlation      Energy =  -2.70341872988174
 DFT Exchange         Energy = -54.20870135666279
 One-Electron (alpha) Energy = -902.99361417558202
 One-Electron (beta)  Energy = -877.68261170526785
 Total Coulomb        Energy = 673.14763630443633
 Nuclear repulsion Energy = 262.72738578602070
 SCF   energy in the final basis set =     -915.3821078577
 Total energy in the final basis set =     -915.3821078577
 
 --------------------------------------------------------------
 
                    Orbital Energies (a.u.)
 --------------------------------------------------------------
 
 Alpha MOs
 -- Occupied --
-88.913 -88.880 -10.243 -10.232 -10.209  -7.973  -7.943  -5.944
 -5.934  -5.928  -5.908  -5.904  -5.897  -0.838  -0.788  -0.715
 -0.634  -0.605  -0.500  -0.460  -0.439  -0.423  -0.392  -0.366
 -0.361  -0.334  -0.308  -0.301  -0.243  -0.202
 -- Virtual --
  0.011   0.035   0.075   0.086   0.107   0.132   0.145   0.151
  0.178   0.202   0.219   0.318   0.339   0.346   0.357   0.367
  0.384   0.396   0.425   0.487   0.505   0.516   0.539   0.579
  0.615   0.631   0.642   0.723   0.729   0.746   0.751   0.804
  0.814   0.830   0.843   0.845   0.860   0.882   0.887   0.914
  0.929   0.936   0.950   1.021   1.101   1.139   1.152   1.337
  1.385   1.387   1.615   1.639   1.648   1.663   1.812   1.842
  1.962   2.018   2.025   2.039   2.057   2.071   2.092   2.100
  2.104   2.158   2.181   2.210   2.239   2.281   2.319   2.372
  2.488   2.559   2.589   2.619   2.702   2.755   2.785   2.788
  2.810   2.862   3.183   3.230   3.310   3.330   3.451   3.531
  3.891   3.979   4.241   4.409   4.612
 
 Beta MOs
 -- Occupied --
-88.907 -88.880 -10.243 -10.232 -10.208  -7.967  -7.943  -5.930
 -5.925  -5.921  -5.908  -5.904  -5.897  -0.833  -0.778  -0.701
 -0.618  -0.598  -0.496  -0.459  -0.432  -0.417  -0.390  -0.362
 -0.350  -0.334  -0.258  -0.243
 -- Virtual --
 -0.166  -0.040   0.014   0.042   0.077   0.088   0.108   0.134
  0.146   0.153   0.179   0.202   0.222   0.334   0.343   0.360
  0.368   0.381   0.387   0.399   0.443   0.491   0.514   0.522
  0.548   0.582   0.622   0.643   0.656   0.731   0.746   0.774
  0.801   0.814   0.826   0.848   0.849   0.863   0.872   0.891
  0.894   0.919   0.938   0.950   1.000   1.044   1.105   1.148
  1.153   1.338   1.389   1.390   1.617   1.641   1.649   1.664
  1.814   1.846   1.964   2.039   2.046   2.071   2.090   2.101
  2.103   2.160   2.167   2.187   2.211   2.240   2.276   2.284
  2.324   2.373   2.492   2.560   2.591   2.622   2.703   2.755
  2.787   2.789   2.812   2.862   3.186   3.232   3.312   3.330
  3.453   3.532   3.911   3.979   4.241   4.410   4.612
 --------------------------------------------------------------
 
          Ground-State Mulliken Net Atomic Charges

     Atom                 Charge (a.u.)    Spin (a.u.)
  --------------------------------------------------------
      1 S                    -0.034204       0.001173
      2 S                     0.099976       1.085007
      3 C                    -0.171273       0.011514
      4 C                    -0.333018      -0.001364
      5 C                    -0.372748      -0.033554
      6 H                     0.140360      -0.000828
      7 H                     0.136823      -0.000032
      8 H                     0.135370       0.000449
      9 H                     0.135711       0.000710
     10 H                     0.158444       0.032460
     11 H                     0.157346       0.027344
     12 H                     0.057295       0.000030
     13 H                    -0.110082       0.877089
  --------------------------------------------------------
  Sum of atomic charges =    -0.000000
  Sum of spin   charges =     2.000000

 -----------------------------------------------------------------
                    Cartesian Multipole Moments
 -----------------------------------------------------------------
    Charge (ESU x 10^10)
                 0.0000
    Dipole Moment (Debye)
         X       0.8797      Y      -3.0844      Z      -1.2123
       Tot       3.4289
    Quadrupole Moments (Debye-Ang)
        XX     -52.2186     XY      -1.3412     YY     -49.5376
        XZ      -0.3082     YZ      -1.8527     ZZ     -48.0878
    Octopole Moments (Debye-Ang^2)
       XXX      38.1821    XXY     -13.3344    XYY       7.7475
       YYY     -11.0417    XXZ     -11.7626    XYZ       5.0610
       YYZ      -9.6176    XZZ      -2.2207    YZZ      -4.2657
       ZZZ     -26.7923
    Hexadecapole Moments (Debye-Ang^3)
      XXXX   -1452.4955   XXXY     -67.2414   XXYY    -297.1313
      XYYY     -20.8266   YYYY    -186.4827   XXXZ     -33.1300
      XXYZ     -17.3117   XYYZ      -0.8456   YYYZ     -30.0309
      XXZZ    -276.8068   XYZZ      -8.6646   YYZZ     -48.2001
      XZZZ     -30.6487   YZZZ     -22.9407   ZZZZ    -103.7776
 -----------------------------------------------------------------
 Calculating analytic gradient of the SCF energy
 Gradient of SCF Energy
            1           2           3           4           5           6
    1  -0.0000160   0.0012654  -0.0000747   0.0000221  -0.0000647   0.0000205
    2   0.0000094   0.0035230   0.0000629  -0.0000022  -0.0001591  -0.0000403
    3   0.0000076   0.0016565   0.0000023  -0.0000079  -0.0000643   0.0000263
            7           8           9          10          11          12
    1   0.0000172   0.0000044  -0.0000008   0.0000128  -0.0000075  -0.0000102
    2   0.0000019  -0.0000081   0.0000115  -0.0000095  -0.0000124  -0.0000127
    3   0.0000030  -0.0000180  -0.0000139  -0.0000297  -0.0000070  -0.0000096
           13
    1  -0.0011685
    2  -0.0033646
    3  -0.0015455
 Max gradient component =       3.523E-03
 RMS gradient           =       9.041E-04
 Gradient time:  CPU 10.92 s  wall 0.95 s
 Geometry Optimization Parameters
   NAtoms,    NIC,     NZ,  NCons,   NDum,   NFix, NCnnct, MaxDiis
       13      82       0       1       0       0       0       0

 Cartesian Hessian Update
 Hessian Updated using BFGS Update


** CONSTRAINED OPTIMIZATION IN DELOCALIZED INTERNAL COORDINATES **
   Searching for a Minimum

   Optimization Cycle:   3

                       Coordinates (Angstroms)
     ATOM                X               Y               Z
      1  S         2.6806419677    0.4998204942    0.4067502901
      2  S        -2.8929215142    0.0134432157    0.0911624047
      3  C        -0.0530957383    0.1593745758    0.1848301503
      4  C         1.2616060613   -0.5936289044   -0.0417877655
      5  C        -1.2544765195   -0.7294737230   -0.1556911611
      6  H        -0.1249411001    0.4874320431    1.2266076426
      7  H        -0.0794903685    1.0632081883   -0.4318113985
      8  H         1.2949885197   -1.4951966059    0.5775683773
      9  H         1.3571982532   -0.8908222138   -1.0906014621
     10  H        -1.2532095995   -1.6469881899    0.4503178804
     11  H        -1.2201279300   -1.0700857806   -1.1995465770
     12  H         3.6564982704   -0.3823680624    0.1142992128
     13  H        -2.2644703021    2.0088869630    1.0468054058
   Point Group: c1    Number of degrees of freedom:    33


   Energy is   -915.382107858

              Constraints and their Current Values
                                        Value     Constraint
   Distance(Angs):        2  13             2.300000     2.300000
 Hessian Updated using BFGS Update

 31 Hessian modes will be used to form the next step
  Hessian Eigenvalues:
     0.033466    0.045000    0.045001    0.059843    0.069541    0.073404
     0.079214    0.079290    0.084891    0.086528    0.101959    0.123862
     0.130478    0.134163    0.142477    0.146547    0.162663    0.215214
     0.220384    0.226894    0.234059    0.258223    0.277424    0.292285
     0.315820    0.337286    0.338410    0.342880    0.343159    0.343217
     0.347703

 Minimum Search - Taking Simple RFO Step
 Searching for Lamda that Minimizes Along All modes
 Value Taken    Lamda =  -0.00000626
 Step Taken.  Stepsize is  0.012435

                             Maximum     Tolerance    Cnvgd?
         Gradient           0.000287      0.000300     YES
         Displacement       0.006631      0.001200      NO
         Energy change      0.000010      0.000001      NO


 New Cartesian Coordinates Obtained by Inverse Iteration

 Displacement from previous Coordinates is:  0.037542
 ----------------------------------------------------------------
             Standard Nuclear Orientation (Angstroms)
    I     Atom           X                Y                Z
 ----------------------------------------------------------------
    1      S       2.6800160815     0.4998394230     0.4076332841
    2      S      -2.8954945205     0.0088194592     0.0908055812
    3      C      -0.0543356921     0.1610004929     0.1861529220
    4      C       1.2600170794    -0.5922071861    -0.0413802382
    5      C      -1.2549556438    -0.7289504621    -0.1551895875
    6      H      -0.1267641244     0.4888235007     1.2278986090
    7      H      -0.0814312758     1.0653759449    -0.4295199499
    8      H       1.2930918198    -1.4943806835     0.5771202387
    9      H       1.3551218503    -0.8885250579    -1.0904965806
   10      H      -1.2527664160    -1.6464438290     0.4508407337
   11      H      -1.2200227780    -1.0688291410    -1.1992153734
   12      H       3.6553439836    -0.3825410054     0.1139265158
   13      H      -2.2496203639     2.0016205442     1.0403268449
 ----------------------------------------------------------------
 Nuclear Repulsion Energy =   262.7364115274 hartrees
 There are       30 alpha and       28 beta electrons

                       Distance Matrix (Angstroms)
             S (  1)   S (  2)   C (  3)   C (  4)   C (  5)   H (  6)
   S (  2)  5.606050
   C (  3)  2.764154  2.846829
   C (  4)  1.846775  4.200831  1.531867
   C (  5)  4.160613  1.815540  1.532976  2.521257
   H (  6)  2.924204  3.031378  1.094508  2.168607  2.160723
   H (  7)  2.940450  3.050574  1.094387  2.167422  2.161486  1.755421
   H (  8)  2.434995  4.476647  2.169955  1.094328  2.759476  2.524401
   H (  9)  2.434603  4.502049  2.172075  1.094301  2.777187  3.077017
   H ( 10)  4.480533  2.359677  2.184754  2.769075  1.099578  2.535955
   H ( 11)  4.500332  2.373328  2.188733  2.778192  1.098512  3.084214
   H ( 12)  1.347636  6.562559  3.749984  2.409496  4.929855  4.037890
   H ( 13)  5.192010  2.300000  2.989443  4.496175  3.142393  2.613476
             H (  7)   H (  8)   H (  9)   H ( 10)   H ( 11)   H ( 12)
   H (  8)  3.074897
   H (  9)  2.513624  1.775346
   H ( 10)  3.082374  2.553520  3.122698
   H ( 11)  2.538435  3.106800  2.583737  1.748541
   H ( 12)  4.044167  2.651598  2.645312  5.079420  5.095541
   H ( 13)  2.781735  4.998739  5.087978  3.827478  3.937421  6.435142

 
 Applying Cartesian multipole field
    Component          Value
    ---------          -----
     (2,0,0)        1.00000E-11
     (0,2,0)        2.00000E-11
     (0,0,2)       -3.00000E-10
 Nucleus-field energy     =     0.0000000023 hartrees
 Requested basis set is 6-31G(d,p)
 There are 46 shells and 123 basis functions
 A cutoff of  1.0D-14 yielded    996 shell pairs
 There are      7230 function pairs
 Smallest overlap matrix eigenvalue = 5.05E-03
 Guess from superposition of atomic densities
 Warning:  Energy on first SCF cycle will be non-variational
 SAD guess density has 58.000000 electrons

 -----------------------------------------------------------------------
  General SCF calculation program by
  Eric Jon Sundstrom, Paul Horn, Yuezhi Mao, Dmitri Zuev, Alec White,
  David Stuck, Shaama M.S., Shane Yost, Joonho Lee, David Small,
  Daniel Levine, Susi Lehtola, Hugh Burton, Evgeny Epifanovsky
 -----------------------------------------------------------------------
 Exchange:     0.2000 Hartree-Fock + 0.0800 Slater + 0.7200 B88
 Correlation:  0.1900 VWN1RPA + 0.8100 LYP
 Using SG-1 standard quadrature grid
 using 12 threads for integral computing
 -------------------------------------------------------
 OpenMP Integral computing Module                
 Release: version 1.0, May 2013, Q-Chem Inc. Pittsburgh 
 -------------------------------------------------------
 -------------------------------------------------------
 OpenMP BLAS3 based DFT computing Module                
 Release: version 1.0, May 2013, Q-Chem Inc. Pittsburgh 
 -------------------------------------------------------
 A unrestricted SCF calculation will be
 performed using DIIS
 SCF converges when DIIS error is below 1.0e-06
 Alpha HF Exchange    Energy =  -6.83931218394216
 Beta HF Exchange     Energy =  -6.83931218394216
 DFT Correlation      Energy =  -2.70508786582759
 DFT Exchange         Energy = -53.82910203443051
 One-Electron (alpha) Energy = -888.74835304658177
 One-Electron (beta)  Energy = -888.74835304658177
 Total Coulomb        Energy = 669.04985111839687
 ---------------------------------------
  Cycle       Energy         DIIS error
 ---------------------------------------
    1    -915.9232577133      2.70e-02  
 Alpha HF Exchange    Energy =  -6.93904951422983
 Beta HF Exchange     Energy =  -6.75886056353401
 DFT Correlation      Energy =  -2.71670823975898
 DFT Exchange         Energy = -54.35830220279080
 One-Electron (alpha) Energy = -904.54257216361952
 One-Electron (beta)  Energy = -878.43953249080005
 Total Coulomb        Energy = 675.70893999757618
    2    -915.3096736475      2.73e-03  
 Alpha HF Exchange    Energy =  -6.90379203290284
 Beta HF Exchange     Energy =  -6.72528672084414
 DFT Correlation      Energy =  -2.69535415968981
 DFT Exchange         Energy = -54.05368503964232
 One-Electron (alpha) Energy = -901.64263769048250
 One-Electron (beta)  Energy = -876.26973150085917
 Total Coulomb        Energy = 670.27321681431829
    3    -915.2808588005      3.41e-03  
 Alpha HF Exchange    Energy =  -6.91926472660836
 Beta HF Exchange     Energy =  -6.74572634767395
 DFT Correlation      Energy =  -2.70428013485987
 DFT Exchange         Energy = -54.19697050727054
 One-Electron (alpha) Energy = -903.03662207016259
 One-Electron (beta)  Energy = -877.59084161698195
 Total Coulomb        Energy = 673.07721969092108
    4    -915.3800741830      4.19e-04  
 Alpha HF Exchange    Energy =  -6.92155168375503
 Beta HF Exchange     Energy =  -6.74730071531817
 DFT Correlation      Energy =  -2.70406070435049
 DFT Exchange         Energy = -54.21051609709625
 One-Electron (alpha) Energy = -903.08899806782483
 One-Electron (beta)  Energy = -877.67903055689828
 Total Coulomb        Energy = 673.23322718219333
    5    -915.3818191134      1.53e-04  
 Alpha HF Exchange    Energy =  -6.92100574200731
 Beta HF Exchange     Energy =  -6.74727692397180
 DFT Correlation      Energy =  -2.70361763927876
 DFT Exchange         Energy = -54.20733898596623
 One-Electron (alpha) Energy = -903.01607783139275
 One-Electron (beta)  Energy = -877.64514827141647
 Total Coulomb        Energy = 673.12199569002314
    6    -915.3820581744      7.25e-05  
 Alpha HF Exchange    Energy =  -6.92101234612296
 Beta HF Exchange     Energy =  -6.74755679250584
 DFT Correlation      Energy =  -2.70350727980943
 DFT Exchange         Energy = -54.20799935832326
 One-Electron (alpha) Energy = -903.01579994426288
 One-Electron (beta)  Energy = -877.66776342970695
 Total Coulomb        Energy = 673.14511924742669
    7    -915.3821083737      1.43e-05  
 Alpha HF Exchange    Energy =  -6.92107005536886
 Beta HF Exchange     Energy =  -6.74775352179324
 DFT Correlation      Energy =  -2.70349908829802
 DFT Exchange         Energy = -54.20892308229697
 One-Electron (alpha) Energy = -903.01918861357603
 One-Electron (beta)  Energy = -877.68137949436550
 Total Coulomb        Energy = 673.16329113473739
    8    -915.3821111913      4.99e-06  
 Alpha HF Exchange    Energy =  -6.92101593460516
 Beta HF Exchange     Energy =  -6.74774683406867
 DFT Correlation      Energy =  -2.70347377847832
 DFT Exchange         Energy = -54.20865209028705
 One-Electron (alpha) Energy = -903.01377862079460
 One-Electron (beta)  Energy = -877.67994530812655
 Total Coulomb        Energy = 673.15608955134769
    9    -915.3821114854      2.21e-06  
 Alpha HF Exchange    Energy =  -6.92101729476139
 Beta HF Exchange     Energy =  -6.74776331468510
 DFT Correlation      Energy =  -2.70347298756670
 DFT Exchange         Energy = -54.20871645817117
 One-Electron (alpha) Energy = -903.01383501263308
 One-Electron (beta)  Energy = -877.68127164706686
 Total Coulomb        Energy = 673.15755364528650
   10    -915.3821115399      7.37e-07  Convergence criterion met
 ---------------------------------------
 SCF time:   CPU 30.97s  wall 2.00s 
<S^2> =          2.004674467
 Alpha HF Exchange    Energy =  -6.92101729476139
 Beta HF Exchange     Energy =  -6.74776331468510
 DFT Correlation      Energy =  -2.70347298756670
 DFT Exchange         Energy = -54.20871645817117
 One-Electron (alpha) Energy = -903.01383501263308
 One-Electron (beta)  Energy = -877.68127164706686
 Total Coulomb        Energy = 673.15755364528650
 Nuclear repulsion Energy = 262.73641152965149
 SCF   energy in the final basis set =     -915.3821115399
 Total energy in the final basis set =     -915.3821115399
 
 --------------------------------------------------------------
 
                    Orbital Energies (a.u.)
 --------------------------------------------------------------
 
 Alpha MOs
 -- Occupied --
-88.913 -88.880 -10.243 -10.232 -10.209  -7.973  -7.943  -5.944
 -5.934  -5.928  -5.908  -5.904  -5.897  -0.838  -0.788  -0.715
 -0.634  -0.605  -0.500  -0.460  -0.439  -0.423  -0.392  -0.365
 -0.361  -0.334  -0.308  -0.301  -0.243  -0.202
 -- Virtual --
  0.011   0.035   0.075   0.086   0.107   0.132   0.145   0.151
  0.178   0.202   0.219   0.318   0.339   0.346   0.357   0.367
  0.384   0.396   0.425   0.487   0.505   0.516   0.539   0.580
  0.616   0.631   0.642   0.723   0.729   0.746   0.750   0.805
  0.814   0.830   0.843   0.845   0.860   0.883   0.887   0.914
  0.929   0.936   0.951   1.021   1.101   1.139   1.152   1.337
  1.386   1.388   1.615   1.639   1.648   1.663   1.811   1.842
  1.962   2.018   2.025   2.039   2.057   2.071   2.092   2.100
  2.104   2.159   2.181   2.210   2.239   2.281   2.319   2.372
  2.489   2.559   2.589   2.620   2.702   2.755   2.785   2.788
  2.810   2.862   3.183   3.230   3.311   3.330   3.451   3.531
  3.891   3.979   4.241   4.409   4.612
 
 Beta MOs
 -- Occupied --
-88.907 -88.880 -10.243 -10.232 -10.208  -7.967  -7.943  -5.930
 -5.925  -5.921  -5.908  -5.904  -5.897  -0.833  -0.778  -0.701
 -0.618  -0.598  -0.496  -0.458  -0.432  -0.417  -0.390  -0.362
 -0.350  -0.334  -0.258  -0.243
 -- Virtual --
 -0.166  -0.040   0.015   0.042   0.077   0.088   0.108   0.134
  0.147   0.153   0.179   0.203   0.222   0.334   0.343   0.360
  0.368   0.381   0.387   0.399   0.442   0.491   0.514   0.522
  0.548   0.582   0.622   0.643   0.656   0.731   0.746   0.774
  0.800   0.814   0.826   0.848   0.849   0.863   0.872   0.891
  0.894   0.919   0.938   0.950   1.000   1.044   1.105   1.148
  1.153   1.338   1.389   1.391   1.617   1.640   1.649   1.664
  1.813   1.846   1.964   2.039   2.046   2.071   2.090   2.101
  2.103   2.160   2.167   2.187   2.211   2.241   2.276   2.284
  2.325   2.374   2.493   2.560   2.591   2.622   2.703   2.756
  2.787   2.789   2.812   2.862   3.186   3.232   3.312   3.330
  3.453   3.532   3.911   3.979   4.241   4.410   4.612
 --------------------------------------------------------------
 
          Ground-State Mulliken Net Atomic Charges

     Atom                 Charge (a.u.)    Spin (a.u.)
  --------------------------------------------------------
      1 S                    -0.034238       0.001199
      2 S                     0.099817       1.085586
      3 C                    -0.171172       0.011790
      4 C                    -0.333023      -0.001341
      5 C                    -0.372709      -0.033816
      6 H                     0.140345      -0.000819
      7 H                     0.136880      -0.000032
      8 H                     0.135366       0.000461
      9 H                     0.135714       0.000729
     10 H                     0.158439       0.032402
     11 H                     0.157388       0.027350
     12 H                     0.057276       0.000029
     13 H                    -0.110082       0.876462
  --------------------------------------------------------
  Sum of atomic charges =     0.000000
  Sum of spin   charges =     2.000000

 -----------------------------------------------------------------
                    Cartesian Multipole Moments
 -----------------------------------------------------------------
    Charge (ESU x 10^10)
                 0.0000
    Dipole Moment (Debye)
         X       0.8710      Y      -3.0777      Z      -1.2103
       Tot       3.4199
    Quadrupole Moments (Debye-Ang)
        XX     -52.1962     XY      -1.3680     YY     -49.5302
        XZ      -0.3253     YZ      -1.8390     ZZ     -48.0777
    Octopole Moments (Debye-Ang^2)
       XXX      38.1695    XXY     -13.1905    XYY       7.7400
       YYY     -10.8313    XXZ     -11.7604    XYZ       5.0165
       YYZ      -9.5821    XZZ      -2.2177    YZZ      -4.1944
       ZZZ     -26.8178
    Hexadecapole Moments (Debye-Ang^3)
      XXXX   -1452.3619   XXXY     -68.2666   XXYY    -296.9907
      XYYY     -21.8214   YYYY    -185.9967   XXXZ     -33.4751
      XXYZ     -17.1508   XYYZ      -1.0680   YYYZ     -29.8364
      XXZZ    -276.7188   XYZZ      -8.9720   YYZZ     -48.0740
      XZZZ     -30.9328   YZZZ     -22.8080   ZZZZ    -103.6948
 -----------------------------------------------------------------
 Calculating analytic gradient of the SCF energy
 Gradient of SCF Energy
            1           2           3           4           5           6
    1  -0.0000031   0.0012882   0.0001221  -0.0000534  -0.0000829  -0.0000191
    2  -0.0000172   0.0032659   0.0001335  -0.0000362  -0.0001502   0.0000309
    3  -0.0000009   0.0015798   0.0000710  -0.0000324  -0.0001535  -0.0000343
            7           8           9          10          11          12
    1  -0.0000244   0.0000019   0.0000012  -0.0000640  -0.0000703   0.0000080
    2   0.0000036  -0.0000126   0.0000082   0.0000497   0.0000620  -0.0000050
    3   0.0000969  -0.0000178  -0.0000209   0.0000528  -0.0000045  -0.0000064
           13
    1  -0.0011042
    2  -0.0033326
    3  -0.0015299
 Max gradient component =       3.333E-03
 RMS gradient           =       8.714E-04
 Gradient time:  CPU 11.22 s  wall 0.99 s
 Geometry Optimization Parameters
   NAtoms,    NIC,     NZ,  NCons,   NDum,   NFix, NCnnct, MaxDiis
       13      82       0       1       0       0       0       0

 Cartesian Hessian Update
 Hessian Updated using BFGS Update


** CONSTRAINED OPTIMIZATION IN DELOCALIZED INTERNAL COORDINATES **
   Searching for a Minimum

   Optimization Cycle:   4

                       Coordinates (Angstroms)
     ATOM                X               Y               Z
      1  S         2.6800160815    0.4998394230    0.4076332841
      2  S        -2.8954945205    0.0088194592    0.0908055812
      3  C        -0.0543356921    0.1610004929    0.1861529220
      4  C         1.2600170794   -0.5922071861   -0.0413802382
      5  C        -1.2549556438   -0.7289504621   -0.1551895875
      6  H        -0.1267641244    0.4888235007    1.2278986090
      7  H        -0.0814312758    1.0653759449   -0.4295199499
      8  H         1.2930918198   -1.4943806835    0.5771202387
      9  H         1.3551218503   -0.8885250579   -1.0904965806
     10  H        -1.2527664160   -1.6464438290    0.4508407337
     11  H        -1.2200227780   -1.0688291410   -1.1992153734
     12  H         3.6553439836   -0.3825410054    0.1139265158
     13  H        -2.2496203639    2.0016205442    1.0403268449
   Point Group: c1    Number of degrees of freedom:    33


   Energy is   -915.382111540

              Constraints and their Current Values
                                        Value     Constraint
   Distance(Angs):        2  13             2.300000     2.300000
 Hessian Updated using BFGS Update

 32 Hessian modes will be used to form the next step
  Hessian Eigenvalues:
     0.027498    0.045000    0.045000    0.045003    0.058748    0.069531
     0.073250    0.079038    0.079227    0.084860    0.086663    0.102026
     0.123861    0.130477    0.134108    0.142481    0.146558    0.163626
     0.217686    0.221390    0.227221    0.234022    0.258226    0.278448
     0.292504    0.322409    0.337290    0.338557    0.342894    0.343195
     0.343233    0.351722

 Minimum Search - Taking Simple RFO Step
 Searching for Lamda that Minimizes Along All modes
 Value Taken    Lamda =   0.00000000
 Step Taken.  Stepsize is  0.003988

                             Maximum     Tolerance    Cnvgd?
         Gradient           0.000183      0.000300     YES
         Displacement       0.001698      0.001200      NO
         Energy change     -0.000004      0.000001      NO


 New Cartesian Coordinates Obtained by Inverse Iteration

 Displacement from previous Coordinates is:  0.011785
 ----------------------------------------------------------------
             Standard Nuclear Orientation (Angstroms)
    I     Atom           X                Y                Z
 ----------------------------------------------------------------
    1      S       2.6793691566     0.5003374107     0.4080892231
    2      S      -2.8965072211     0.0082043225     0.0909000151
    3      C      -0.0548457071     0.1609944507     0.1864975145
    4      C       1.2596339931    -0.5918765539    -0.0412496532
    5      C      -1.2553408310    -0.7288710371    -0.1549200227
    6      H      -0.1271881605     0.4884921434     1.2283794386
    7      H      -0.0819735843     1.0655052711    -0.4290569032
    8      H       1.2929014937    -1.4942564691     0.5769339363
    9      H       1.3547598186    -0.8878145226    -1.0904639427
   10      H      -1.2527281412    -1.6466595259     0.4506706320
   11      H      -1.2200136355    -1.0685620468    -1.1990181915
   12      H       3.6546402015    -0.3819265444     0.1138726999
   13      H      -2.2445073827     2.0000351014     1.0382682537
 ----------------------------------------------------------------
 Nuclear Repulsion Energy =   262.7346889512 hartrees
 There are       30 alpha and       28 beta electrons

                       Distance Matrix (Angstroms)
             S (  1)   S (  2)   C (  3)   C (  4)   C (  5)   H (  6)
   S (  2)  5.606532
   C (  3)  2.764089  2.847371
   C (  4)  1.846750  4.201318  1.531842
   C (  5)  4.160514  1.815801  1.532845  2.521267
   H (  6)  2.924001  3.032106  1.094535  2.168509  2.160606
   H (  7)  2.940279  3.051203  1.094433  2.167307  2.161418  1.755586
   H (  8)  2.434996  4.477138  2.169958  1.094325  2.759522  2.524347
   H (  9)  2.434588  4.502415  2.172008  1.094294  2.777252  3.076918
   H ( 10)  4.480268  2.360089  2.184565  2.768847  1.099583  2.535852
   H ( 11)  4.499936  2.373593  2.188397  2.777825  1.098535  3.083982
   H ( 12)  1.347630  6.562794  3.749710  2.409190  4.929557  4.037571
   H ( 13)  5.185632  2.300000  2.983656  4.490253  3.138324  2.608437
             H (  7)   H (  8)   H (  9)   H ( 10)   H ( 11)   H ( 12)
   H (  8)  3.074846
   H (  9)  2.513388  1.775335
   H ( 10)  3.082276  2.553311  3.122489
   H ( 11)  2.538153  3.106439  2.583392  1.748354
   H ( 12)  4.043775  2.651323  2.644957  5.078902  5.094841
   H ( 13)  2.775417  4.993612  5.081919  3.824563  3.933361  6.428701

 
 Applying Cartesian multipole field
    Component          Value
    ---------          -----
     (2,0,0)        1.00000E-11
     (0,2,0)        2.00000E-11
     (0,0,2)       -3.00000E-10
 Nucleus-field energy     =     0.0000000023 hartrees
 Requested basis set is 6-31G(d,p)
 There are 46 shells and 123 basis functions
 A cutoff of  1.0D-14 yielded    996 shell pairs
 There are      7230 function pairs
 Smallest overlap matrix eigenvalue = 5.05E-03
 Guess from superposition of atomic densities
 Warning:  Energy on first SCF cycle will be non-variational
 SAD guess density has 58.000000 electrons

 -----------------------------------------------------------------------
  General SCF calculation program by
  Eric Jon Sundstrom, Paul Horn, Yuezhi Mao, Dmitri Zuev, Alec White,
  David Stuck, Shaama M.S., Shane Yost, Joonho Lee, David Small,
  Daniel Levine, Susi Lehtola, Hugh Burton, Evgeny Epifanovsky
 -----------------------------------------------------------------------
 Exchange:     0.2000 Hartree-Fock + 0.0800 Slater + 0.7200 B88
 Correlation:  0.1900 VWN1RPA + 0.8100 LYP
 Using SG-1 standard quadrature grid
 using 12 threads for integral computing
 -------------------------------------------------------
 OpenMP Integral computing Module                
 Release: version 1.0, May 2013, Q-Chem Inc. Pittsburgh 
 -------------------------------------------------------
 -------------------------------------------------------
 OpenMP BLAS3 based DFT computing Module                
 Release: version 1.0, May 2013, Q-Chem Inc. Pittsburgh 
 -------------------------------------------------------
 A unrestricted SCF calculation will be
 performed using DIIS
 SCF converges when DIIS error is below 1.0e-06
 Alpha HF Exchange    Energy =  -6.83931078950475
 Beta HF Exchange     Energy =  -6.83931078950475
 DFT Correlation      Energy =  -2.70509716103450
 DFT Exchange         Energy = -53.82909130637584
 One-Electron (alpha) Energy = -888.74668941593416
 One-Electron (beta)  Energy = -888.74668941593416
 Total Coulomb        Energy = 669.04828098024507
 ---------------------------------------
  Cycle       Energy         DIIS error
 ---------------------------------------
    1    -915.9232189446      2.70e-02  
 Alpha HF Exchange    Energy =  -6.93904014520726
 Beta HF Exchange     Energy =  -6.75885087719232
 DFT Correlation      Energy =  -2.71671891463570
 DFT Exchange         Energy = -54.35824738527023
 One-Electron (alpha) Energy = -904.54423651582329
 One-Electron (beta)  Energy = -878.43643857691859
 Total Coulomb        Energy = 675.70920212987767
    2    -915.3096413317      2.73e-03  
 Alpha HF Exchange    Energy =  -6.90378495017093
 Beta HF Exchange     Energy =  -6.72525214369504
 DFT Correlation      Energy =  -2.69536370267569
 DFT Exchange         Energy = -54.05359132250898
 One-Electron (alpha) Energy = -901.64350016243714
 One-Electron (beta)  Energy = -876.26477506704794
 Total Coulomb        Energy = 670.27089826177814
    3    -915.2806801333      3.42e-03  
 Alpha HF Exchange    Energy =  -6.91925590523486
 Beta HF Exchange     Energy =  -6.74570706814412
 DFT Correlation      Energy =  -2.70428991792180
 DFT Exchange         Energy = -54.19687954964247
 One-Electron (alpha) Energy = -903.03775779853618
 One-Electron (beta)  Energy = -877.58579417365684
 Total Coulomb        Energy = 673.07492236479914
    4    -915.3800730949      4.19e-04  
 Alpha HF Exchange    Energy =  -6.92154983210593
 Beta HF Exchange     Energy =  -6.74728894907524
 DFT Correlation      Energy =  -2.70407157215637
 DFT Exchange         Energy = -54.21048124623112
 One-Electron (alpha) Energy = -903.09065702539988
 One-Electron (beta)  Energy = -877.67463999598749
 Total Coulomb        Energy = 673.23218028622864
    5    -915.3818193813      1.53e-04  
 Alpha HF Exchange    Energy =  -6.92100166997427
 Beta HF Exchange     Energy =  -6.74726409071686
 DFT Correlation      Energy =  -2.70362728129420
 DFT Exchange         Energy = -54.20728766817074
 One-Electron (alpha) Energy = -903.01751725681254
 One-Electron (beta)  Energy = -877.64054743689837
 Total Coulomb        Energy = 673.12049777284278
    6    -915.3820586776      7.25e-05  
 Alpha HF Exchange    Energy =  -6.92100849168916
 Beta HF Exchange     Energy =  -6.74754454701206
 DFT Correlation      Energy =  -2.70351674228859
 DFT Exchange         Energy = -54.20795038386863
 One-Electron (alpha) Energy = -903.01724493870950
 One-Electron (beta)  Energy = -877.66318001051820
 Total Coulomb        Energy = 673.14364722119728
    7    -915.3821089394      1.43e-05  
 Alpha HF Exchange    Energy =  -6.92106653604307
 Beta HF Exchange     Energy =  -6.74774187116516
 DFT Correlation      Energy =  -2.70350855158895
 DFT Exchange         Energy = -54.20887753808181
 One-Electron (alpha) Energy = -903.02065826889293
 One-Electron (beta)  Energy = -877.67683263375784
 Total Coulomb        Energy = 673.16188467743200
    8    -915.3821117686      5.00e-06  
 Alpha HF Exchange    Energy =  -6.92101223912947
 Beta HF Exchange     Energy =  -6.74773511868773
 DFT Correlation      Energy =  -2.70348315847440
 DFT Exchange         Energy = -54.20860543282230
 One-Electron (alpha) Energy = -903.01523102297006
 One-Electron (beta)  Energy = -877.67538699282363
 Total Coulomb        Energy = 673.15465294732758
    9    -915.3821120641      2.21e-06  
 Alpha HF Exchange    Energy =  -6.92101360671385
 Beta HF Exchange     Energy =  -6.74775162284544
 DFT Correlation      Energy =  -2.70348235997526
 DFT Exchange         Energy = -54.20866990834043
 One-Electron (alpha) Energy = -903.01528730391578
 One-Electron (beta)  Energy = -877.67671412285983
 Total Coulomb        Energy = 673.15611785231818
   10    -915.3821121189      7.39e-07  Convergence criterion met
 ---------------------------------------
 SCF time:   CPU 31.05s  wall 2.00s 
<S^2> =          2.004680152
 Alpha HF Exchange    Energy =  -6.92101360671385
 Beta HF Exchange     Energy =  -6.74775162284544
 DFT Correlation      Energy =  -2.70348235997526
 DFT Exchange         Energy = -54.20866990834043
 One-Electron (alpha) Energy = -903.01528730391578
 One-Electron (beta)  Energy = -877.67671412285983
 Total Coulomb        Energy = 673.15611785231818
 Nuclear repulsion Energy = 262.73468895346798
 SCF   energy in the final basis set =     -915.3821121189
 Total energy in the final basis set =     -915.3821121189
 
 --------------------------------------------------------------
 
                    Orbital Energies (a.u.)
 --------------------------------------------------------------
 
 Alpha MOs
 -- Occupied --
-88.913 -88.880 -10.243 -10.232 -10.208  -7.973  -7.943  -5.944
 -5.934  -5.928  -5.908  -5.904  -5.897  -0.838  -0.788  -0.715
 -0.634  -0.605  -0.500  -0.460  -0.439  -0.423  -0.392  -0.365
 -0.361  -0.334  -0.308  -0.301  -0.243  -0.202
 -- Virtual --
  0.011   0.035   0.075   0.086   0.107   0.132   0.145   0.151
  0.178   0.202   0.219   0.318   0.339   0.346   0.357   0.367
  0.384   0.396   0.425   0.487   0.505   0.516   0.539   0.580
  0.616   0.631   0.643   0.723   0.729   0.746   0.750   0.805
  0.814   0.830   0.843   0.845   0.860   0.883   0.887   0.914
  0.929   0.936   0.951   1.021   1.101   1.139   1.152   1.337
  1.386   1.388   1.615   1.639   1.648   1.663   1.812   1.842
  1.962   2.018   2.025   2.039   2.057   2.071   2.092   2.101
  2.104   2.159   2.181   2.210   2.239   2.281   2.319   2.372
  2.490   2.559   2.589   2.620   2.702   2.755   2.785   2.788
  2.810   2.862   3.183   3.230   3.311   3.330   3.451   3.531
  3.891   3.979   4.241   4.409   4.612
 
 Beta MOs
 -- Occupied --
-88.907 -88.880 -10.243 -10.232 -10.208  -7.967  -7.943  -5.930
 -5.925  -5.921  -5.908  -5.904  -5.897  -0.833  -0.778  -0.701
 -0.618  -0.598  -0.496  -0.458  -0.432  -0.417  -0.390  -0.362
 -0.350  -0.334  -0.258  -0.243
 -- Virtual --
 -0.166  -0.040   0.015   0.042   0.077   0.088   0.108   0.134
  0.147   0.153   0.179   0.203   0.222   0.334   0.343   0.360
  0.368   0.381   0.387   0.399   0.442   0.491   0.514   0.522
  0.548   0.582   0.622   0.643   0.656   0.731   0.746   0.774
  0.800   0.814   0.826   0.848   0.849   0.863   0.872   0.891
  0.894   0.919   0.938   0.949   1.000   1.044   1.105   1.148
  1.153   1.338   1.389   1.391   1.617   1.641   1.649   1.664
  1.813   1.846   1.964   2.039   2.046   2.071   2.090   2.101
  2.103   2.160   2.167   2.187   2.211   2.241   2.276   2.284
  2.325   2.373   2.494   2.560   2.591   2.622   2.703   2.756
  2.787   2.789   2.812   2.862   3.186   3.232   3.312   3.330
  3.453   3.532   3.911   3.979   4.241   4.410   4.612
 --------------------------------------------------------------
 
          Ground-State Mulliken Net Atomic Charges

     Atom                 Charge (a.u.)    Spin (a.u.)
  --------------------------------------------------------
      1 S                    -0.034183       0.001206
      2 S                     0.099790       1.085797
      3 C                    -0.171130       0.011852
      4 C                    -0.333049      -0.001335
      5 C                    -0.372661      -0.033926
      6 H                     0.140319      -0.000815
      7 H                     0.136882      -0.000034
      8 H                     0.135353       0.000465
      9 H                     0.135699       0.000733
     10 H                     0.158406       0.032357
     11 H                     0.157361       0.027360
     12 H                     0.057269       0.000029
     13 H                    -0.110057       0.876311
  --------------------------------------------------------
  Sum of atomic charges =     0.000000
  Sum of spin   charges =     2.000000

 -----------------------------------------------------------------
                    Cartesian Multipole Moments
 -----------------------------------------------------------------
    Charge (ESU x 10^10)
                 0.0000
    Dipole Moment (Debye)
         X       0.8686      Y      -3.0759      Z      -1.2097
       Tot       3.4175
    Quadrupole Moments (Debye-Ang)
        XX     -52.1828     XY      -1.3756     YY     -49.5304
        XZ      -0.3315     YZ      -1.8349     ZZ     -48.0748
    Octopole Moments (Debye-Ang^2)
       XXX      38.1929    XXY     -13.1438    XYY       7.7447
       YYY     -10.8142    XXZ     -11.7589    XYZ       5.0003
       YYZ      -9.5790    XZZ      -2.2069    YZZ      -4.1846
       ZZZ     -26.8387
    Hexadecapole Moments (Debye-Ang^3)
      XXXX   -1452.2189   XXXY     -68.5250   XXYY    -296.9337
      XYYY     -22.0750   YYYY    -185.9212   XXXZ     -33.5844
      XXYZ     -17.0968   XYYZ      -1.1264   YYYZ     -29.7914
      XXZZ    -276.6659   XYZZ      -9.0568   YYZZ     -48.0515
      XZZZ     -31.0165   YZZZ     -22.7824   ZZZZ    -103.6828
 -----------------------------------------------------------------
 Calculating analytic gradient of the SCF energy
 Gradient of SCF Energy
            1           2           3           4           5           6
    1  -0.0000068   0.0011601   0.0001099  -0.0000264  -0.0000371  -0.0000178
    2   0.0000011   0.0032820   0.0000415  -0.0000192  -0.0000759   0.0000117
    3   0.0000052   0.0015799   0.0000374  -0.0000234  -0.0001099  -0.0000102
            7           8           9          10          11          12
    1  -0.0000198  -0.0000026  -0.0000068  -0.0000328  -0.0000281  -0.0000080
    2   0.0000163  -0.0000100   0.0000126   0.0000349   0.0000478  -0.0000159
    3   0.0000598  -0.0000212  -0.0000149   0.0000375  -0.0000028  -0.0000111
           13
    1  -0.0010838
    2  -0.0033270
    3  -0.0015263
 Max gradient component =       3.327E-03
 RMS gradient           =       8.658E-04
 Gradient time:  CPU 11.15 s  wall 0.99 s
 Geometry Optimization Parameters
   NAtoms,    NIC,     NZ,  NCons,   NDum,   NFix, NCnnct, MaxDiis
       13      82       0       1       0       0       0       0

 Cartesian Hessian Update
 Hessian Updated using BFGS Update


** CONSTRAINED OPTIMIZATION IN DELOCALIZED INTERNAL COORDINATES **
   Searching for a Minimum

   Optimization Cycle:   5

                       Coordinates (Angstroms)
     ATOM                X               Y               Z
      1  S         2.6793691566    0.5003374107    0.4080892231
      2  S        -2.8965072211    0.0082043225    0.0909000151
      3  C        -0.0548457071    0.1609944507    0.1864975145
      4  C         1.2596339931   -0.5918765539   -0.0412496532
      5  C        -1.2553408310   -0.7288710371   -0.1549200227
      6  H        -0.1271881605    0.4884921434    1.2283794386
      7  H        -0.0819735843    1.0655052711   -0.4290569032
      8  H         1.2929014937   -1.4942564691    0.5769339363
      9  H         1.3547598186   -0.8878145226   -1.0904639427
     10  H        -1.2527281412   -1.6466595259    0.4506706320
     11  H        -1.2200136355   -1.0685620468   -1.1990181915
     12  H         3.6546402015   -0.3819265444    0.1138726999
     13  H        -2.2445073827    2.0000351014    1.0382682537
   Point Group: c1    Number of degrees of freedom:    33


   Energy is   -915.382112119

              Constraints and their Current Values
                                        Value     Constraint
   Distance(Angs):        2  13             2.300000     2.300000
 Hessian Updated using BFGS Update

 32 Hessian modes will be used to form the next step
  Hessian Eigenvalues:
     0.024161    0.044988    0.045000    0.045000    0.063020    0.069494
     0.071171    0.077349    0.079237    0.080576    0.084924    0.100224
     0.123939    0.130466    0.135531    0.142474    0.146752    0.167442
     0.211302    0.219555    0.226393    0.234274    0.258232    0.261215
     0.291102    0.294212    0.337279    0.338102    0.342846    0.343073
     0.343211    0.344268

 Minimum Search - Taking Simple RFO Step
 Searching for Lamda that Minimizes Along All modes
 Value Taken    Lamda =   0.00000000
 Step Taken.  Stepsize is  0.002290

                             Maximum     Tolerance    Cnvgd?
         Gradient           0.000070      0.000300     YES
         Displacement       0.000847      0.001200     YES
         Energy change     -0.000001      0.000001     YES


                       Distance Matrix (Angstroms)
             S (  1)   S (  2)   C (  3)   C (  4)   C (  5)   H (  6)
   S (  2)  5.606532
   C (  3)  2.764089  2.847371
   C (  4)  1.846750  4.201318  1.531842
   C (  5)  4.160514  1.815801  1.532845  2.521267
   H (  6)  2.924001  3.032106  1.094535  2.168509  2.160606
   H (  7)  2.940279  3.051203  1.094433  2.167307  2.161418  1.755586
   H (  8)  2.434996  4.477138  2.169958  1.094325  2.759522  2.524347
   H (  9)  2.434588  4.502415  2.172008  1.094294  2.777252  3.076918
   H ( 10)  4.480268  2.360089  2.184565  2.768847  1.099583  2.535852
   H ( 11)  4.499936  2.373593  2.188397  2.777825  1.098535  3.083982
   H ( 12)  1.347630  6.562794  3.749710  2.409190  4.929557  4.037571
   H ( 13)  5.185632  2.300000  2.983656  4.490253  3.138324  2.608437
             H (  7)   H (  8)   H (  9)   H ( 10)   H ( 11)   H ( 12)
   H (  8)  3.074846
   H (  9)  2.513388  1.775335
   H ( 10)  3.082276  2.553311  3.122489
   H ( 11)  2.538153  3.106439  2.583392  1.748354
   H ( 12)  4.043775  2.651323  2.644957  5.078902  5.094841
   H ( 13)  2.775417  4.993612  5.081919  3.824563  3.933361  6.428701

 
 Final energy is   -915.382112118864     


 ******************************
 **  OPTIMIZATION CONVERGED  **
 ******************************

                       Coordinates (Angstroms)
     ATOM                X               Y               Z
      1  S         2.6793691566    0.5003374107    0.4080892231
      2  S        -2.8965072211    0.0082043225    0.0909000151
      3  C        -0.0548457071    0.1609944507    0.1864975145
      4  C         1.2596339931   -0.5918765539   -0.0412496532
      5  C        -1.2553408310   -0.7288710371   -0.1549200227
      6  H        -0.1271881605    0.4884921434    1.2283794386
      7  H        -0.0819735843    1.0655052711   -0.4290569032
      8  H         1.2929014937   -1.4942564691    0.5769339363
      9  H         1.3547598186   -0.8878145226   -1.0904639427
     10  H        -1.2527281412   -1.6466595259    0.4506706320
     11  H        -1.2200136355   -1.0685620468   -1.1990181915
     12  H         3.6546402015   -0.3819265444    0.1138726999
     13  H        -2.2445073827    2.0000351014    1.0382682537

Z-matrix Print:
$molecule
0 3
S 
H  1 1.347630
C  1 1.846750 2 96.663842
H  3 1.094294 1 109.050698 2 -58.741642 0
H  3 1.094325 1 109.078933 2 59.497805 0
C  3 1.531842 1 109.441251 2 -179.713752 0
H  6 1.094433 3 110.111041 1 59.656674 0
H  6 1.094535 3 110.199859 1 -57.715815 0
C  6 1.532845 3 110.708594 1 -179.015472 0
H  9 1.098535 6 111.470636 3 -58.847736 0
H  9 1.099583 6 111.101504 3 58.367294 0
S  9 1.815801 6 116.234990 3 178.932500 0
H  12 2.300000 9 98.689649 6 -5.018135 0
$end

PES scan, value:    2.3000 energy: -915.3821121189
------- Summary of potential scan: ------ 
    2.3000      -915.3821121189
----------------------------------------- 
Archival summary:
1\1\hpc0250\JobtypUnspecified\ProcedureUnspecified\6-31G**\238(3)\knomura\ThuMar1410:02:332019ThuMar1410:02:332019\0\\#,JobtypUnspecified,ProcedureUnspecified,6-31G**,\\0,3\S\H,1,1.34763\C,1,1.84675,2,96.6638\H,3,1.09429,1,109.051,2,-58.7416,0\H,3,1.09432,1,109.079,2,59.4978,0\C,3,1.53184,1,109.441,2,-179.714,0\H,6,1.09443,3,110.111,1,59.6567,0\H,6,1.09453,3,110.2,1,-57.7158,0\C,6,1.53285,3,110.709,1,-179.015,0\H,9,1.09853,6,111.471,3,-58.8477,0\H,9,1.09958,6,111.102,3,58.3673,0\S,9,1.8158,6,116.235,3,178.932,0\H,12,2.3,9,98.6896,6,-5.01814,0\\\@

 Total job time:  21.20s(wall), 238.33s(cpu) 
 Thu Mar 14 10:02:33 2019

        *************************************************************
        *                                                           *
        *  Thank you very much for using Q-Chem.  Have a nice day.  *
        *                                                           *
        *************************************************************


