
Running Job 1 of 1 thiol/02/S-H.xyz.data/inputs/bond_singlet_1.9.in
qchem thiol/02/S-H.xyz.data/inputs/bond_singlet_1.9.in_23490.0 /staging/scratch/2868767/qchem23490/ 1
/usr/usc/qchem/5.1.1/exe/qcprog.exe_s thiol/02/S-H.xyz.data/inputs/bond_singlet_1.9.in_23490.0 /staging/scratch/2868767/qchem23490/
Check license passed

                  Welcome to Q-Chem
     A Quantum Leap Into The Future Of Chemistry


 Q-Chem 5.1, Q-Chem, Inc., Pleasanton, CA (2018)

 Yihan Shao,  Zhengting Gan,  E. Epifanovsky,  A. T. B. Gilbert,  M. Wormit,  
 J. Kussmann,  A. W. Lange,  A. Behn,  Jia Deng,  Xintian Feng,  D. Ghosh,  
 M. Goldey,  P. R. Horn,  L. D. Jacobson,  I. Kaliman,  T. Kus,  A. Landau,  
 Jie Liu,  E. I. Proynov,  R. M. Richard,  R. P. Steele,  E. J. Sundstrom,  
 H. L. Woodcock III,  P. M. Zimmerman,  D. Zuev,  B. Albrecht,  E. Alguire,  
 S. A. Baeppler,  D. Barton,  Z. Benda,  Y. A. Bernard,  E. J. Berquist,  
 K. B. Bravaya,  H. Burton,  D. Casanova,  Chun-Min Chang,  Yunqing Chen,  
 A. Chien,  K. D. Closser,  M. P. Coons,  S. Coriani,  S. Dasgupta,  
 A. L. Dempwolff,  M. Diedenhofen,  Hainam Do,  R. G. Edgar,  Po-Tung Fang,  
 S. Faraji,  S. Fatehi,  Qingguo Feng,  K. D. Fenk,  J. Fosso-Tande,  
 Qinghui Ge,  A. Ghysels,  G. Gidofalvi,  J. Gomes,  J. Gonthier,  A. Gunina,  
 D. Hait,  M. W. D. Hanson-Heine,  P. H. P. Harbach,  A. W. Hauser,  
 J. E. Herr,  E. G. Hohenstein,  Z. C. Holden,  Kerwin Hui,  B. C. Huynh,  
 T.-C. Jagau,  Hyunjun Ji,  B. Kaduk,  K. Khistyaev,  Jaehoon Kim,  
 P. Klunzinger,  K. Koh,  D. Kosenkov,  L. Koulias,  T. Kowalczyk,  
 C. M. Krauter,  A. Kunitsa,  Ka Un Lao,  A. Laurent,  K. V. Lawler,  
 Joonho Lee,  D. Lefrancois,  S. Lehtola,  D. S. Levine,  Yi-Pei Li,  
 You-Sheng Lin,  Fenglai Liu,  E. Livshits,  A. Luenser,  P. Manohar,  
 E. Mansoor,  S. F. Manzer,  Shan-Ping Mao,  Yuezhi Mao,  N. Mardirossian,  
 A. V. Marenich,  T. Markovich,  L. A. Martinez-Martinez,  S. A. Maurer,  
 N. J. Mayhall,  S. C. McKenzie,  J.-M. Mewes,  A. F. Morrison,  
 J. W. Mullinax,  K. Nanda,  T. S. Nguyen-Beck,  R. Olivares-Amaya,  
 J. A. Parkhill,  T. M. Perrine,  F. Plasser,  P. Pokhilko,  S. Prager,  
 A. Prociuk,  E. Ramos,  D. R. Rehn,  F. Rob,  M. Schneider,  N. Sergueev,  
 S. M. Sharada,  S. Sharma,  D. W. Small,  T. Stauch,  T. Stein,  
 Yu-Chuan Su,  A. J. W. Thom,  A. Tkatchenko,  T. Tsuchimochi,  N. M. Tubman,  
 L. Vogt,  M. L. Vidal,  O. Vydrov,  M. A. Watson,  J. Wenzel,  
 M. de Wergifosse,  T. A. Wesolowski,  A. White,  J. Witte,  A. Yamada,  
 Jun Yang,  K. Yao,  S. Yeganeh,  S. R. Yost,  Zhi-Qiang You,  A. Zech,  
 Igor Ying Zhang,  Xing Zhang,  Yan Zhao,  Ying Zhu,  B. R. Brooks,  
 G. K. L. Chan,  C. J. Cramer,  M. S. Gordon,  W. J. Hehre,  A. Klamt,  
 M. W. Schmidt,  C. D. Sherrill,  D. G. Truhlar,  A. Aspuru-Guzik,  R. Baer,  
 A. T. Bell,  N. A. Besley,  Jeng-Da Chai,  A. E. DePrince, III,  
 R. A. DiStasio Jr.,  A. Dreuw,  B. D. Dunietz,  T. R. Furlani,  
 Chao-Ping Hsu,  Yousung Jung,  Jing Kong,  D. S. Lambrecht,  WanZhen Liang,  
 C. Ochsenfeld,  V. A. Rassolov,  L. V. Slipchenko,  J. E. Subotnik,  
 T. Van Voorhis,  J. M. Herbert,  A. I. Krylov,  P. M. W. Gill,  M. Head-Gordon

 Contributors to earlier versions of Q-Chem not listed above: 
 R. D. Adamson,  B. Austin,  J. Baker,  G. J. O. Beran,  K. Brandhorst,  
 S. T. Brown,  E. F. C. Byrd,  A. K. Chakraborty,  C.-L. Cheng,  
 Siu Hung Chien,  D. M. Chipman,  D. L. Crittenden,  H. Dachsel,  
 R. J. Doerksen,  A. D. Dutoi,  L. Fusti-Molnar,  W. A. Goddard III,  
 A. Golubeva-Zadorozhnaya,  S. R. Gwaltney,  G. Hawkins,  A. Heyden,  
 S. Hirata,  G. Kedziora,  F. J. Keil,  C. Kelley,  Jihan Kim,  R. A. King,  
 R. Z. Khaliullin,  P. P. Korambath,  W. Kurlancheek,  A. M. Lee,  M. S. Lee,  
 S. V. Levchenko,  Ching Yeh Lin,  D. Liotard,  R. C. Lochan,  I. Lotan,  
 P. E. Maslen,  N. Nair,  D. P. O'Neill,  D. Neuhauser,  E. Neuscamman,  
 C. M. Oana,  R. Olson,  B. Peters,  R. Peverati,  P. A. Pieniazek,  
 Y. M. Rhee,  J. Ritchie,  M. A. Rohrdanz,  E. Rosta,  N. J. Russ,  
 H. F. Schaefer III,  N. E. Schultz,  N. Shenvi,  A. C. Simmonett,  A. Sodt,  
 D. Stuck,  K. S. Thanthiriwatte,  V. Vanovschi,  Tao Wang,  A. Warshel,  
 C. F. Williams,  Q. Wu,  X. Xu,  W. Zhang

 Please cite Q-Chem as follows:
 Y. Shao et al., Mol. Phys. 113, 184-215 (2015)
 DOI: 10.1080/00268976.2014.952696

 Q-Chem 5.1.1 for Intel X86 EM64T Linux

 Parts of Q-Chem use Armadillo 8.300.2 (Tropical Shenanigans).
 http://arma.sourceforge.net/

 Q-Chem begins on Wed Mar 13 22:04:10 2019  

Host: 
0

     Scratch files written to /staging/scratch/2868767/qchem23490//
 Aug318 |scratch|qcdevops|jenkins|workspace|build_RNUM 6013   
Processing $rem in /usr/usc/qchem/5.1.1/config/preferences.
 MEM_TOTAL  2000 
Input Ideriv = 2
Curr. Ideriv = -1
Max.  Ideriv = 2

Checking the input file for inconsistencies... 	...done.

--------------------------------------------------------------
User input:
--------------------------------------------------------------

$comment
potential surface scanner
$end

$rem
JOBTYPE  PES_SCAN
UNRESTRICTED TRUE
SYM_IGNORE  TRUE
GEOM_OPT_MAX_CYCLES 400
SCF_MAX_CYCLES 400
METHOD   B3LYP
BASIS   6-31G**
PDB_PRINT 2
SCF_CONVERGENCE 6
THRESH 14
SCF_PRINT 1
$end
$molecule
0 1
S 2.185160 0.043288 0.117473
C -0.622679 0.495326 0.013939
C 0.461867 -0.583066 0.015055
C -2.032837 -0.106240 0.000533
H -0.490892 1.139152 0.890531
H -0.482011 1.136116 -0.865556
H 0.372174 -1.214871 0.908131
H 0.366681 -1.240738 -0.853744
H -2.209893 -0.725828 0.886759
H -2.794946 0.679098 -0.013429
H -2.188901 -0.737074 -0.881754
H 2.148877 1.018639 -1.394934
$end
$scan
stre 1 12 1.900000 1.901000 0.100000
$end
--------------------------------------------------------------
 ----------------------------------------------------------------
             Standard Nuclear Orientation (Angstroms)
    I     Atom           X                Y                Z
 ----------------------------------------------------------------
    1      S       2.1851600000     0.0432880000     0.1174730000
    2      C      -0.6226790000     0.4953260000     0.0139390000
    3      C       0.4618670000    -0.5830660000     0.0150550000
    4      C      -2.0328370000    -0.1062400000     0.0005330000
    5      H      -0.4908920000     1.1391520000     0.8905310000
    6      H      -0.4820110000     1.1361160000    -0.8655560000
    7      H       0.3721740000    -1.2148710000     0.9081310000
    8      H       0.3666810000    -1.2407380000    -0.8537440000
    9      H      -2.2098930000    -0.7258280000     0.8867590000
   10      H      -2.7949460000     0.6790980000    -0.0134290000
   11      H      -2.1889010000    -0.7370740000    -0.8817540000
   12      H       2.1488770000     1.0186390000    -1.3949340000
 ----------------------------------------------------------------
 Nuclear Repulsion Energy =   159.9658005805 hartrees
 There are       21 alpha and       21 beta electrons
 Requested basis set is 6-31G(d,p)
 There are 41 shells and 104 basis functions

 Total QAlloc Memory Limit   2000 MB
 Mega-Array Size       188 MB
 MEM_STATIC part       192 MB
A total of 1 constraints
  
            1
    1   1.0100000
    2   1.0100000
    3  12.0100000
    4   1.9000000
    5   1.9010000
    6   0.1000000
    7   0.0000000
    8   0.0000000
    9   0.0000000
   10   0.0000000

                       Distance Matrix (Angstroms)
             S (  1)   C (  2)   C (  3)   C (  4)   H (  5)   H (  6)
   C (  2)  2.845877
   C (  3)  1.836450  1.529435
   C (  4)  4.222266  1.533169  2.539906
   H (  5)  2.993291  1.095579  2.154122  2.172715
   H (  6)  3.045393  1.097229  2.149876  2.167630  1.756112
   H (  7)  2.344146  2.171195  1.097637  2.799442  2.507313  3.066388
   H (  8)  2.428755  2.178446  1.093803  2.788290  3.072752  2.523857
   H (  9)  4.527674  2.184555  2.813992  1.095735  2.536361  3.085939
   H ( 10)  5.022235  2.180198  3.492950  1.094423  2.517431  2.506921
   H ( 11)  4.554100  2.184978  2.802598  1.095782  3.089410  2.534280
   H ( 12)  1.800000  3.152824  2.720208  4.549661  3.493745  2.686189
             H (  7)   H (  8)   H (  9)   H ( 10)   H ( 11)
   H (  8)  1.762073
   H (  9)  2.628058  3.151701
   H ( 10)  3.803556  3.793123  1.768175
   H ( 11)  3.160868  2.604892  1.768673  1.768282
   H ( 12)  3.667335  2.928121  5.219977  5.144437  4.707675
 
 A cutoff of  1.0D-14 yielded    823 shell pairs
 There are      5394 function pairs
 
 -------------------------------------------------------
 OpenMP Integral Computing Module                       
 Release: version 1.0, May 2013, Q-Chem Inc. Pittsburgh 
 -------------------------------------------------------
 Integral Job Info:
 Integral job number is                      11
 Integral operator is                         1
 short-range coefficients                     0
 long-range coefficients              100000000
 Omega coefficients                           0
 if combine SR and LR in K                    0
 Integral screening is                        0
 Integral computing path is                   2
 max size of driver memory is            800000
 size of driver memory is                593474
 size of scratch memory is             15267112
 max col of scratch BK array               1296
 max len of scratch array in speh3          155
 max len of scratch index in speh4           18
 max int batch size is                      520
 min int batch size is                       52
 fixed nKL is                                52
 max L of basis functions is                  2
 order of int derivative is                   0
 number of shells is                         41
 number of basis is                         104
 number of cartesian basis is               104
 number of contracted shell pairs           823
 number of primitive shell pairs           2981
 maxK2 (contraction) of shell pair           36
 max number of K2 of shell pair               1
 max number of CS2 of shell pair             73
 max number of PS2 of shell pair            258
 mem total for path MDJ                  513890
 -------------------------------------------------------
 Smallest overlap matrix eigenvalue = 5.59E-03

 Scale SEOQF with 1.000000e-01/1.000000e+00/1.000000e+00

 Standard Electronic Orientation quadrupole field applied
 Nucleus-field energy     =     0.0000000057 hartrees
 Guess from superposition of atomic densities
 Warning:  Energy on first SCF cycle will be non-variational
 SAD guess density has 42.000000 electrons

 -----------------------------------------------------------------------
  General SCF calculation program by
  Eric Jon Sundstrom, Paul Horn, Yuezhi Mao, Dmitri Zuev, Alec White,
  David Stuck, Shaama M.S., Shane Yost, Joonho Lee, David Small,
  Daniel Levine, Susi Lehtola, Hugh Burton, Evgeny Epifanovsky
 -----------------------------------------------------------------------
 Exchange:     0.2000 Hartree-Fock + 0.0800 Slater + 0.7200 B88
 Correlation:  0.1900 VWN1RPA + 0.8100 LYP
 Using SG-1 standard quadrature grid
 using 12 threads for integral computing
 -------------------------------------------------------
 OpenMP Integral computing Module                
 Release: version 1.0, May 2013, Q-Chem Inc. Pittsburgh 
 -------------------------------------------------------
 -------------------------------------------------------
 OpenMP BLAS3 based DFT computing Module                
 Release: version 1.0, May 2013, Q-Chem Inc. Pittsburgh 
 -------------------------------------------------------
 A unrestricted SCF calculation will be
 performed using DIIS
 SCF converges when DIIS error is below 1.0e-06
 Alpha HF Exchange    Energy =  -4.34084452651727
 Beta HF Exchange     Energy =  -4.34084452651727
 DFT Correlation      Energy =  -1.86993011995049
 DFT Exchange         Energy = -33.97690169947138
 One-Electron (alpha) Energy = -511.32127047624169
 One-Electron (beta)  Energy = -511.32127047624169
 Total Coulomb        Energy = 389.59352227625163
 ---------------------------------------
  Cycle       Energy         DIIS error
 ---------------------------------------
    1    -517.6117389625      2.95e-02  
 Alpha HF Exchange    Energy =  -4.35628475582312
 Beta HF Exchange     Energy =  -4.35628475582312
 DFT Correlation      Energy =  -1.89879822267084
 DFT Exchange         Energy = -34.56744650152754
 One-Electron (alpha) Energy = -515.07137074422224
 One-Electron (beta)  Energy = -515.07137074422224
 Total Coulomb        Energy = 398.15322303885995
    2    -517.2025320992      3.78e-03  
 Alpha HF Exchange    Energy =  -4.29625323180041
 Beta HF Exchange     Energy =  -4.29625323180040
 DFT Correlation      Energy =  -1.86807168156517
 DFT Exchange         Energy = -34.06529973936560
 One-Electron (alpha) Energy = -510.57927678671206
 One-Electron (beta)  Energy = -510.57927678671160
 Total Coulomb        Energy = 388.55380064165399
    3    -517.1648302301      4.52e-03  
 Alpha HF Exchange    Energy =  -4.32732120750525
 Beta HF Exchange     Energy =  -4.32732120750525
 DFT Correlation      Energy =  -1.88485721366397
 DFT Exchange         Energy = -34.32457621115402
 One-Electron (alpha) Energy = -513.15520795926386
 One-Electron (beta)  Energy = -513.15520795926398
 Total Coulomb        Energy = 393.91617077173225
    4    -517.2925204004      3.67e-04  
 Alpha HF Exchange    Energy =  -4.32706714234859
 Beta HF Exchange     Energy =  -4.32706714234859
 DFT Correlation      Energy =  -1.88445652073655
 DFT Exchange         Energy = -34.32223847350019
 One-Electron (alpha) Energy = -513.05528832391383
 One-Electron (beta)  Energy = -513.05528832391417
 Total Coulomb        Energy = 393.71241186916058
    5    -517.2931934714      1.79e-04  
 Alpha HF Exchange    Energy =  -4.32719184058494
 Beta HF Exchange     Energy =  -4.32719184058494
 DFT Correlation      Energy =  -1.88453906904073
 DFT Exchange         Energy = -34.32324925712787
 One-Electron (alpha) Energy = -513.07955994003316
 One-Electron (beta)  Energy = -513.07955994003339
 Total Coulomb        Energy = 393.76211813905491
    6    -517.2933731622      3.66e-05  
 Alpha HF Exchange    Energy =  -4.32715712171555
 Beta HF Exchange     Energy =  -4.32715712171554
 DFT Correlation      Energy =  -1.88453117635067
 DFT Exchange         Energy = -34.32292227765670
 One-Electron (alpha) Energy = -513.07728989498867
 One-Electron (beta)  Energy = -513.07728989498833
 Total Coulomb        Energy = 393.75716671837188
    7    -517.2933801828      5.77e-06  
 Alpha HF Exchange    Energy =  -4.32717146287183
 Beta HF Exchange     Energy =  -4.32717146287183
 DFT Correlation      Energy =  -1.88453714207586
 DFT Exchange         Energy = -34.32304158799997
 One-Electron (alpha) Energy = -513.07843815458762
 One-Electron (beta)  Energy = -513.07843815458739
 Total Coulomb        Energy = 393.75961700944669
    8    -517.2933803694      1.33e-06  
 Alpha HF Exchange    Energy =  -4.32717215689194
 Beta HF Exchange     Energy =  -4.32717215689193
 DFT Correlation      Energy =  -1.88453739750390
 DFT Exchange         Energy = -34.32304491227472
 One-Electron (alpha) Energy = -513.07851459650465
 One-Electron (beta)  Energy = -513.07851459650442
 Total Coulomb        Energy = 393.75977485228191
    9    -517.2933803781      4.75e-07  Convergence criterion met
 ---------------------------------------
 SCF time:   CPU 22.80s  wall 2.00s 
<S^2> =          0.000000000
 Alpha HF Exchange    Energy =  -4.32717215689194
 Beta HF Exchange     Energy =  -4.32717215689193
 DFT Correlation      Energy =  -1.88453739750390
 DFT Exchange         Energy = -34.32304491227472
 One-Electron (alpha) Energy = -513.07851459650465
 One-Electron (beta)  Energy = -513.07851459650442
 Total Coulomb        Energy = 393.75977485228191
 Nuclear repulsion Energy = 159.96580058619628
 SCF   energy in the final basis set =     -517.2933803781
 Total energy in the final basis set =     -517.2933803781
 
 --------------------------------------------------------------
 
                    Orbital Energies (a.u.)
 --------------------------------------------------------------
 
 Alpha MOs
 -- Occupied --
-88.892 -10.221 -10.193 -10.183  -7.950  -5.916  -5.912  -5.903
 -0.807  -0.732  -0.637  -0.587  -0.477  -0.431  -0.407  -0.404
 -0.358  -0.347  -0.340  -0.314  -0.235
 -- Virtual --
 -0.060   0.048   0.101   0.126   0.134   0.152   0.174   0.175
  0.185   0.219   0.239   0.352   0.370   0.394   0.430   0.504
  0.520   0.525   0.555   0.576   0.646   0.668   0.677   0.758
  0.786   0.800   0.824   0.843   0.851   0.880   0.883   0.891
  0.923   0.939   0.940   0.982   1.035   1.112   1.318   1.364
  1.389   1.564   1.604   1.654   1.680   1.824   1.853   1.937
  2.019   2.026   2.045   2.058   2.089   2.097   2.118   2.152
  2.212   2.255   2.261   2.268   2.331   2.434   2.482   2.509
  2.592   2.694   2.730   2.745   2.802   2.846   2.881   2.906
  3.169   3.232   3.313   3.331   3.463   3.474   3.550   3.919
  4.270   4.452   4.626
 
 Beta MOs
 -- Occupied --
-88.892 -10.221 -10.193 -10.183  -7.950  -5.916  -5.912  -5.903
 -0.807  -0.732  -0.637  -0.587  -0.477  -0.431  -0.407  -0.404
 -0.358  -0.347  -0.340  -0.314  -0.235
 -- Virtual --
 -0.060   0.048   0.101   0.126   0.134   0.152   0.174   0.175
  0.185   0.219   0.239   0.352   0.370   0.394   0.430   0.504
  0.520   0.525   0.555   0.576   0.646   0.668   0.677   0.758
  0.786   0.800   0.824   0.843   0.851   0.880   0.883   0.891
  0.923   0.939   0.940   0.982   1.035   1.112   1.318   1.364
  1.389   1.564   1.604   1.654   1.680   1.824   1.853   1.937
  2.019   2.026   2.045   2.058   2.089   2.097   2.118   2.152
  2.212   2.255   2.261   2.268   2.331   2.434   2.482   2.509
  2.592   2.694   2.730   2.745   2.802   2.846   2.881   2.906
  3.169   3.232   3.313   3.331   3.463   3.474   3.550   3.919
  4.270   4.452   4.626
 --------------------------------------------------------------
 
          Ground-State Mulliken Net Atomic Charges

     Atom                 Charge (a.u.)    Spin (a.u.)
  --------------------------------------------------------
      1 S                    -0.048226       0.000000
      2 C                    -0.161513       0.000000
      3 C                    -0.329445      -0.000000
      4 C                    -0.322964       0.000000
      5 H                     0.115909      -0.000000
      6 H                     0.102332       0.000000
      7 H                     0.138598       0.000000
      8 H                     0.139770       0.000000
      9 H                     0.106825      -0.000000
     10 H                     0.110569       0.000000
     11 H                     0.106250      -0.000000
     12 H                     0.041896       0.000000
  --------------------------------------------------------
  Sum of atomic charges =     0.000000
  Sum of spin   charges =    -0.000000

 -----------------------------------------------------------------
                    Cartesian Multipole Moments
 -----------------------------------------------------------------
    Charge (ESU x 10^10)
                 0.0000
    Dipole Moment (Debye)
         X      -1.7795      Y      -0.2015      Z      -0.4687
       Tot       1.8512
    Quadrupole Moments (Debye-Ang)
        XX     -38.9704     XY       0.5242     YY     -34.3130
        XZ      -1.1276     YZ      -1.6719     ZZ     -33.1478
    Octopole Moments (Debye-Ang^2)
       XXX     -52.5983    XXY       4.6298    XYY     -15.1426
       YYY      -0.2968    XXZ      -2.3202    XYZ      -3.6479
       YYZ      -1.0577    XZZ     -12.7181    YZZ      -0.2660
       ZZZ      -1.8002
    Hexadecapole Moments (Debye-Ang^3)
      XXXX    -697.9823   XXXY       6.5828   XXYY    -130.1725
      XYYY      -4.2326   YYYY     -97.9717   XXXZ      -3.9483
      XXYZ      -6.7425   XYYZ      -2.1182   YYYZ       2.3894
      XXZZ    -122.2144   XYZZ       0.6721   YYZZ     -24.9334
      XZZZ      -3.1650   YZZZ       1.0740   ZZZZ     -69.6674
 -----------------------------------------------------------------
 Calculating analytic gradient of the SCF energy
 Gradient of SCF Energy
            1           2           3           4           5           6
    1   0.0015599   0.0000425  -0.0000959  -0.0000149  -0.0000188  -0.0000006
    2  -0.0410199   0.0000122  -0.0000274  -0.0000144  -0.0000002  -0.0000160
    3   0.0636501  -0.0000262   0.0000264   0.0000096   0.0000065   0.0000097
            7           8           9          10          11          12
    1   0.0000070   0.0000589   0.0000039  -0.0000045   0.0000055  -0.0015431
    2   0.0000001   0.0000501  -0.0000272  -0.0000168  -0.0000040   0.0410636
    3   0.0000066  -0.0000266  -0.0000156   0.0000087  -0.0000138  -0.0636355
 Max gradient component =       6.365E-02
 RMS gradient           =       1.785E-02
 Gradient time:  CPU 9.58 s  wall 0.86 s
 Geometry Optimization Parameters
   NAtoms,    NIC,     NZ,  NCons,   NDum,   NFix, NCnnct, MaxDiis
       12      75       0       1       0       0       0       0


** CONSTRAINED OPTIMIZATION IN DELOCALIZED INTERNAL COORDINATES **
   Searching for a Minimum

   Optimization Cycle:   1

                       Coordinates (Angstroms)
     ATOM                X               Y               Z
      1  S         2.1851600000    0.0432880000    0.1174730000
      2  C        -0.6226790000    0.4953260000    0.0139390000
      3  C         0.4618670000   -0.5830660000    0.0150550000
      4  C        -2.0328370000   -0.1062400000    0.0005330000
      5  H        -0.4908920000    1.1391520000    0.8905310000
      6  H        -0.4820110000    1.1361160000   -0.8655560000
      7  H         0.3721740000   -1.2148710000    0.9081310000
      8  H         0.3666810000   -1.2407380000   -0.8537440000
      9  H        -2.2098930000   -0.7258280000    0.8867590000
     10  H        -2.7949460000    0.6790980000   -0.0134290000
     11  H        -2.1889010000   -0.7370740000   -0.8817540000
     12  H         2.1488770000    1.0186390000   -1.3949340000
   Point Group: c1    Number of degrees of freedom:    30


   Energy is   -517.293380378

              Constraints and their Current Values
                                        Value     Constraint
   Distance(Angs):        1  12             1.800000     1.900000

 Attempting to Generate Delocalized Internal Coordinates

   Using Lagrange Multiplier Algorithm


 31 Hessian modes will be used to form the next step
  Hessian Eigenvalues:
    -0.958807    0.045000    0.045000    0.045000    0.068620    0.073868
     0.078333    0.082515    0.082734    0.083514    0.102996    0.129552
     0.131603    0.145884    0.160000    0.160000    0.160000    0.160000
     0.219180    0.220711    0.234436    0.291327    0.294757    0.339448
     0.339905    0.341529    0.341582    0.341758    0.343065    0.343768
     1.042962

 Minimum Search - Taking P-RFO Step
 Searching for Lamda that Maximizes Along the Constraint modes Only
 Value Taken    Lamda =   0.03584714
 Searching for Lamda that Minimizes Along All other modes
 Value Taken    Lamda =  -0.00552477
 Step Taken.  Stepsize is  0.183785

                             Maximum     Tolerance    Cnvgd?
         Gradient            0.188972       0.000300      NO
         Displacement        0.183782       0.001200      NO
         Energy change     *********       0.000001      NO


 New Cartesian Coordinates Obtained by Inverse Iteration

 Displacement from previous Coordinates is:  0.157710
 ----------------------------------------------------------------
             Standard Nuclear Orientation (Angstroms)
    I     Atom           X                Y                Z
 ----------------------------------------------------------------
    1      S       2.1841597635     0.0294599568     0.1391158767
    2      C      -0.6215252685     0.4914208754     0.0203676542
    3      C       0.4593380314    -0.5907097563     0.0261151598
    4      C      -2.0336019606    -0.1052939775    -0.0017633384
    5      H      -0.4923962879     1.1336687656     0.8985069749
    6      H      -0.4738012642     1.1328888855    -0.8575002703
    7      H       0.3624414761    -1.2233080508     0.9178585482
    8      H       0.3664718836    -1.2470956273    -0.8439279419
    9      H      -2.2177758234    -0.7253432327     0.8826884967
   10      H      -2.7929417515     0.6826556616    -0.0190776322
   11      H      -2.1868204046    -0.7345091045    -0.8857006132
   12      H       2.1590516062     1.0599676043    -1.4536789143
 ----------------------------------------------------------------
 Nuclear Repulsion Energy =   159.6619631694 hartrees
 There are       21 alpha and       21 beta electrons

                       Distance Matrix (Angstroms)
             S (  1)   C (  2)   C (  3)   C (  4)   H (  5)   H (  6)
   C (  2)  2.845941
   C (  3)  1.836407  1.529479
   C (  4)  4.222265  1.533140  2.539912
   H (  5)  2.993310  1.095575  2.154146  2.172747
   H (  6)  3.045580  1.097249  2.149958  2.167570  1.756106
   H (  7)  2.344040  2.171169  1.097623  2.799408  2.507282  3.066409
   H (  8)  2.428983  2.178436  1.093820  2.788065  3.072747  2.523999
   H (  9)  4.527656  2.184520  2.814033  1.095735  2.536358  3.085892
   H ( 10)  5.022273  2.180178  3.492968  1.094423  2.517515  2.506806
   H ( 11)  4.554049  2.184951  2.802542  1.095779  3.089427  2.534246
   H ( 12)  1.897254  3.198072  2.793484  4.587400  3.545192  2.700493
             H (  7)   H (  8)   H (  9)   H ( 10)   H ( 11)
   H (  8)  1.761952
   H (  9)  2.628065  3.151470
   H ( 10)  3.803550  3.792916  1.768180
   H ( 11)  3.160773  2.604571  1.768684  1.768269
   H ( 12)  3.750379  2.984574  5.272814  5.169399  4.735963
 
 Applying Cartesian multipole field
    Component          Value
    ---------          -----
     (2,0,0)        1.00000E-11
     (0,2,0)        2.00000E-10
     (0,0,2)       -3.00000E-10
 Nucleus-field energy     =     0.0000000055 hartrees
 Requested basis set is 6-31G(d,p)
 There are 41 shells and 104 basis functions
 A cutoff of  1.0D-14 yielded    822 shell pairs
 There are      5393 function pairs
 Smallest overlap matrix eigenvalue = 5.59E-03
 Guess from superposition of atomic densities
 Warning:  Energy on first SCF cycle will be non-variational
 SAD guess density has 42.000000 electrons

 -----------------------------------------------------------------------
  General SCF calculation program by
  Eric Jon Sundstrom, Paul Horn, Yuezhi Mao, Dmitri Zuev, Alec White,
  David Stuck, Shaama M.S., Shane Yost, Joonho Lee, David Small,
  Daniel Levine, Susi Lehtola, Hugh Burton, Evgeny Epifanovsky
 -----------------------------------------------------------------------
 Exchange:     0.2000 Hartree-Fock + 0.0800 Slater + 0.7200 B88
 Correlation:  0.1900 VWN1RPA + 0.8100 LYP
 Using SG-1 standard quadrature grid
 using 12 threads for integral computing
 -------------------------------------------------------
 OpenMP Integral computing Module                
 Release: version 1.0, May 2013, Q-Chem Inc. Pittsburgh 
 -------------------------------------------------------
 -------------------------------------------------------
 OpenMP BLAS3 based DFT computing Module                
 Release: version 1.0, May 2013, Q-Chem Inc. Pittsburgh 
 -------------------------------------------------------
 A unrestricted SCF calculation will be
 performed using DIIS
 SCF converges when DIIS error is below 1.0e-06
 Alpha HF Exchange    Energy =  -4.33869189768686
 Beta HF Exchange     Energy =  -4.33869189768686
 DFT Correlation      Energy =  -1.86902906855642
 DFT Exchange         Energy = -33.97197430925362
 One-Electron (alpha) Energy = -511.02249690385599
 One-Electron (beta)  Energy = -511.02249690385599
 Total Coulomb        Energy = 389.30936339062305
 ---------------------------------------
  Cycle       Energy         DIIS error
 ---------------------------------------
    1    -517.5920544154      2.94e-02  
 Alpha HF Exchange    Energy =  -4.35480830580934
 Beta HF Exchange     Energy =  -4.35480830580935
 DFT Correlation      Energy =  -1.89811215228270
 DFT Exchange         Energy = -34.55928912545528
 One-Electron (alpha) Energy = -514.81502920590526
 One-Electron (beta)  Energy = -514.81502920590538
 Total Coulomb        Energy = 397.94927943131586
    2    -517.1858336950      3.80e-03  
 Alpha HF Exchange    Energy =  -4.29330639900244
 Beta HF Exchange     Energy =  -4.29330639900245
 DFT Correlation      Energy =  -1.86621699670240
 DFT Exchange         Energy = -34.04587546058608
 One-Electron (alpha) Energy = -510.04410488471279
 One-Electron (beta)  Energy = -510.04410488471285
 Total Coulomb        Energy = 387.78592266915354
    3    -517.1390291807      4.64e-03  
 Alpha HF Exchange    Energy =  -4.32600576037073
 Beta HF Exchange     Energy =  -4.32600576037074
 DFT Correlation      Energy =  -1.88412764817187
 DFT Exchange         Energy = -34.31821440869811
 One-Electron (alpha) Energy = -512.91105164268220
 One-Electron (beta)  Energy = -512.91105164268242
 Total Coulomb        Energy = 393.73635619419883
    4    -517.2781374939      4.35e-04  
 Alpha HF Exchange    Energy =  -4.32480012558021
 Beta HF Exchange     Energy =  -4.32480012558020
 DFT Correlation      Energy =  -1.88325795438704
 DFT Exchange         Energy = -34.30873818540601
 One-Electron (alpha) Energy = -512.67950022341961
 One-Electron (beta)  Energy = -512.67950022341938
 Total Coulomb        Energy = 393.25945057348383
    5    -517.2791830894      2.18e-04  
 Alpha HF Exchange    Energy =  -4.32546099706685
 Beta HF Exchange     Energy =  -4.32546099706685
 DFT Correlation      Energy =  -1.88357637748089
 DFT Exchange         Energy = -34.31382817048285
 One-Electron (alpha) Energy = -512.77068352445087
 One-Electron (beta)  Energy = -512.77068352445076
 Total Coulomb        Energy = 393.44822141469530
    6    -517.2795090014      4.71e-05  
 Alpha HF Exchange    Energy =  -4.32526620381246
 Beta HF Exchange     Energy =  -4.32526620381246
 DFT Correlation      Energy =  -1.88350172939745
 DFT Exchange         Energy = -34.31229146178860
 One-Electron (alpha) Energy = -512.74919672264264
 One-Electron (beta)  Energy = -512.74919672264241
 Total Coulomb        Energy = 393.40323358456914
    7    -517.2795222847      1.95e-05  
 Alpha HF Exchange    Energy =  -4.32532975496976
 Beta HF Exchange     Energy =  -4.32532975496976
 DFT Correlation      Energy =  -1.88353016707579
 DFT Exchange         Energy = -34.31277112361385
 One-Electron (alpha) Energy = -512.75682115320672
 One-Electron (beta)  Energy = -512.75682115320637
 Total Coulomb        Energy = 393.41911496519504
    8    -517.2795249670      2.99e-06  
 Alpha HF Exchange    Energy =  -4.32532989423131
 Beta HF Exchange     Energy =  -4.32532989423130
 DFT Correlation      Energy =  -1.88353012538235
 DFT Exchange         Energy = -34.31277590042272
 One-Electron (alpha) Energy = -512.75659344733378
 One-Electron (beta)  Energy = -512.75659344733344
 Total Coulomb        Energy = 393.41866451080341
    9    -517.2795250233      6.16e-07  Convergence criterion met
 ---------------------------------------
 SCF time:   CPU 22.53s  wall 2.00s 
<S^2> =         -0.000000000
 Alpha HF Exchange    Energy =  -4.32532989423131
 Beta HF Exchange     Energy =  -4.32532989423130
 DFT Correlation      Energy =  -1.88353012538235
 DFT Exchange         Energy = -34.31277590042272
 One-Electron (alpha) Energy = -512.75659344733378
 One-Electron (beta)  Energy = -512.75659344733344
 Total Coulomb        Energy = 393.41866451080341
 Nuclear repulsion Energy = 159.66196317486111
 SCF   energy in the final basis set =     -517.2795250233
 Total energy in the final basis set =     -517.2795250233
 
 --------------------------------------------------------------
 
                    Orbital Energies (a.u.)
 --------------------------------------------------------------
 
 Alpha MOs
 -- Occupied --
-88.895 -10.222 -10.193 -10.183  -7.952  -5.918  -5.914  -5.906
 -0.807  -0.732  -0.636  -0.586  -0.477  -0.431  -0.407  -0.404
 -0.357  -0.345  -0.340  -0.311  -0.235
 -- Virtual --
 -0.078   0.047   0.101   0.126   0.134   0.152   0.174   0.175
  0.185   0.219   0.239   0.349   0.370   0.393   0.435   0.504
  0.519   0.525   0.555   0.575   0.646   0.668   0.676   0.765
  0.785   0.803   0.818   0.840   0.850   0.879   0.882   0.888
  0.920   0.939   0.939   0.982   1.034   1.110   1.318   1.363
  1.388   1.564   1.604   1.654   1.680   1.823   1.853   1.937
  2.017   2.023   2.044   2.057   2.089   2.096   2.116   2.153
  2.211   2.218   2.255   2.263   2.330   2.434   2.481   2.508
  2.591   2.693   2.730   2.745   2.801   2.845   2.881   2.906
  3.169   3.231   3.313   3.331   3.463   3.474   3.550   3.918
  4.270   4.452   4.626
 
 Beta MOs
 -- Occupied --
-88.895 -10.222 -10.193 -10.183  -7.952  -5.918  -5.914  -5.906
 -0.807  -0.732  -0.636  -0.586  -0.477  -0.431  -0.407  -0.404
 -0.357  -0.345  -0.340  -0.311  -0.235
 -- Virtual --
 -0.078   0.047   0.101   0.126   0.134   0.152   0.174   0.175
  0.185   0.219   0.239   0.349   0.370   0.393   0.435   0.504
  0.519   0.525   0.555   0.575   0.646   0.668   0.676   0.765
  0.785   0.803   0.818   0.840   0.850   0.879   0.882   0.888
  0.920   0.939   0.939   0.982   1.034   1.110   1.318   1.363
  1.388   1.564   1.604   1.654   1.680   1.823   1.853   1.937
  2.017   2.023   2.044   2.057   2.089   2.096   2.116   2.153
  2.211   2.218   2.255   2.263   2.330   2.434   2.481   2.508
  2.591   2.693   2.730   2.745   2.801   2.845   2.881   2.906
  3.169   3.231   3.313   3.331   3.463   3.474   3.550   3.918
  4.270   4.452   4.626
 --------------------------------------------------------------
 
          Ground-State Mulliken Net Atomic Charges

     Atom                 Charge (a.u.)    Spin (a.u.)
  --------------------------------------------------------
      1 S                    -0.046041      -0.000000
      2 C                    -0.161115       0.000000
      3 C                    -0.330397      -0.000000
      4 C                    -0.323129      -0.000000
      5 H                     0.115854      -0.000000
      6 H                     0.103429      -0.000000
      7 H                     0.139477       0.000000
      8 H                     0.140952       0.000000
      9 H                     0.106643      -0.000000
     10 H                     0.110776       0.000000
     11 H                     0.106376       0.000000
     12 H                     0.037175       0.000000
  --------------------------------------------------------
  Sum of atomic charges =    -0.000000
  Sum of spin   charges =    -0.000000

 -----------------------------------------------------------------
                    Cartesian Multipole Moments
 -----------------------------------------------------------------
    Charge (ESU x 10^10)
                 0.0000
    Dipole Moment (Debye)
         X      -1.8012      Y      -0.2479      Z      -0.4074
       Tot       1.8632
    Quadrupole Moments (Debye-Ang)
        XX     -39.0313     XY       0.4392     YY     -34.3488
        XZ      -0.9903     YZ      -1.6743     ZZ     -33.1805
    Octopole Moments (Debye-Ang^2)
       XXX     -52.8449    XXY       4.5887    XYY     -15.2888
       YYY       0.1365    XXZ      -2.2102    XYZ      -3.6171
       YYZ      -1.3227    XZZ     -12.7862    YZZ      -0.0760
       ZZZ      -2.5796
    Hexadecapole Moments (Debye-Ang^3)
      XXXX    -699.0700   XXXY       6.5146   XXYY    -130.7236
      XYYY      -3.7124   YYYY     -98.9124   XXXZ      -3.9390
      XXYZ      -6.4248   XYYZ      -2.5399   YYYZ       2.9607
      XXZZ    -122.7026   XYZZ       0.9856   YYZZ     -25.2313
      XZZZ      -4.3586   YZZZ       1.4663   ZZZZ     -71.4316
 -----------------------------------------------------------------
 Calculating analytic gradient of the SCF energy
 Gradient of SCF Energy
            1           2           3           4           5           6
    1   0.0017181   0.0001701  -0.0005645  -0.0000197  -0.0000164  -0.0001508
    2  -0.0400360  -0.0000168  -0.0007463   0.0000473  -0.0000118   0.0000893
    3   0.0624883  -0.0001310   0.0007779  -0.0000496   0.0000173  -0.0000136
            7           8           9          10          11          12
    1  -0.0001688  -0.0000234   0.0000492  -0.0000203   0.0000050  -0.0009784
    2   0.0001183   0.0000896  -0.0000269  -0.0000185  -0.0000038   0.0405156
    3  -0.0003685  -0.0001005  -0.0000194   0.0000112  -0.0000115  -0.0626006
 Max gradient component =       6.260E-02
 RMS gradient           =       1.754E-02
 Gradient time:  CPU 8.62 s  wall 0.74 s
 Geometry Optimization Parameters
   NAtoms,    NIC,     NZ,  NCons,   NDum,   NFix, NCnnct, MaxDiis
       12      75       0       1       0       0       0       0

 Cartesian Hessian Update
 Hessian Updated using BFGS Update
**WARNING** Hereditary positive definiteness endangered


** CONSTRAINED OPTIMIZATION IN DELOCALIZED INTERNAL COORDINATES **
   Searching for a Minimum

   Optimization Cycle:   2

                       Coordinates (Angstroms)
     ATOM                X               Y               Z
      1  S         2.1841597635    0.0294599568    0.1391158767
      2  C        -0.6215252685    0.4914208754    0.0203676542
      3  C         0.4593380314   -0.5907097563    0.0261151598
      4  C        -2.0336019606   -0.1052939775   -0.0017633384
      5  H        -0.4923962879    1.1336687656    0.8985069749
      6  H        -0.4738012642    1.1328888855   -0.8575002703
      7  H         0.3624414761   -1.2233080508    0.9178585482
      8  H         0.3664718836   -1.2470956273   -0.8439279419
      9  H        -2.2177758234   -0.7253432327    0.8826884967
     10  H        -2.7929417515    0.6826556616   -0.0190776322
     11  H        -2.1868204046   -0.7345091045   -0.8857006132
     12  H         2.1590516062    1.0599676043   -1.4536789143
   Point Group: c1    Number of degrees of freedom:    30


   Energy is   -517.279525023

              Constraints and their Current Values
                                        Value     Constraint
   Distance(Angs):        1  12             1.897254     1.900000
 Hessian Updated using BFGS Update
**WARNING** Hereditary positive definiteness endangered

   Using Lagrange Multiplier Algorithm


 28 Hessian modes will be used to form the next step
  Hessian Eigenvalues:
    -1.003226    0.044989    0.045000    0.068609    0.073596    0.078332
     0.082512    0.082734    0.083426    0.102907    0.129289    0.131449
     0.145876    0.159947    0.160000    0.219175    0.220161    0.231462
     0.291317    0.294720    0.338874    0.339897    0.341529    0.341582
     0.341758    0.343065    0.343762    0.996820

 Minimum Search - Taking P-RFO Step
 Searching for Lamda that Maximizes Along the Constraint modes Only
 Value Taken    Lamda =   0.00002490
 Searching for Lamda that Minimizes Along All other modes
 Value Taken    Lamda =  -0.00015840
 Step Taken.  Stepsize is  0.008492

                             Maximum     Tolerance    Cnvgd?
         Gradient            0.012225       0.000300      NO
         Displacement        0.012291       0.001200      NO
         Energy change      0.013855       0.000001      NO


 New Cartesian Coordinates Obtained by Inverse Iteration

 Displacement from previous Coordinates is:  0.006724
 ----------------------------------------------------------------
             Standard Nuclear Orientation (Angstroms)
    I     Atom           X                Y                Z
 ----------------------------------------------------------------
    1      S       2.1827788567     0.0275405965     0.1401887958
    2      C      -0.6217438407     0.4916072080     0.0202289378
    3      C       0.4593208141    -0.5901470168     0.0252324374
    4      C      -2.0337575856    -0.1054234914    -0.0014858466
    5      H      -0.4924936003     1.1339778869     0.8982520349
    6      H      -0.4732637001     1.1326492494    -0.8577247445
    7      H       0.3634607339    -1.2227577618     0.9177815928
    8      H       0.3668257671    -1.2471134757    -0.8443491680
    9      H      -2.2181358861    -0.7252215747     0.8831266365
   10      H      -2.7930784221     0.6825150426    -0.0190332214
   11      H      -2.1869862541    -0.7348769716    -0.8852513645
   12      H       2.1596731173     1.0610523086    -1.4539620902
 ----------------------------------------------------------------
 Nuclear Repulsion Energy =   159.7015188567 hartrees
 There are       21 alpha and       21 beta electrons

                       Distance Matrix (Angstroms)
             S (  1)   C (  2)   C (  3)   C (  4)   H (  5)   H (  6)
   C (  2)  2.845188
   C (  3)  1.834410  1.529352
   C (  4)  4.221011  1.533199  2.539904
   H (  5)  2.992649  1.095568  2.154233  2.172818
   H (  6)  3.044940  1.097171  2.148803  2.168204  1.756083
   H (  7)  2.340473  2.171469  1.098194  2.800026  2.507437  3.066019
   H (  8)  2.427291  2.178971  1.093770  2.788669  3.073221  2.523727
   H (  9)  4.526219  2.184887  2.814783  1.095757  2.536670  3.086556
   H ( 10)  5.021304  2.180064  3.492811  1.094405  2.517523  2.507502
   H ( 11)  4.552763  2.184981  2.802297  1.095779  3.089467  2.534809
   H ( 12)  1.899999  3.199029  2.793864  4.588596  3.545732  2.700552
             H (  7)   H (  8)   H (  9)   H ( 10)   H ( 11)
   H (  8)  1.762302
   H (  9)  2.629332  3.152550
   H ( 10)  3.804133  3.793364  1.768099
   H ( 11)  3.161287  2.604998  1.768679  1.768243
   H ( 12)  3.750645  2.985558  5.274274  5.170306  4.737324
 
 Applying Cartesian multipole field
    Component          Value
    ---------          -----
     (2,0,0)        1.00000E-11
     (0,2,0)        2.00000E-10
     (0,0,2)       -3.00000E-10
 Nucleus-field energy     =     0.0000000054 hartrees
 Requested basis set is 6-31G(d,p)
 There are 41 shells and 104 basis functions
 A cutoff of  1.0D-14 yielded    822 shell pairs
 There are      5393 function pairs
 Smallest overlap matrix eigenvalue = 5.59E-03
 Guess from superposition of atomic densities
 Warning:  Energy on first SCF cycle will be non-variational
 SAD guess density has 42.000000 electrons

 -----------------------------------------------------------------------
  General SCF calculation program by
  Eric Jon Sundstrom, Paul Horn, Yuezhi Mao, Dmitri Zuev, Alec White,
  David Stuck, Shaama M.S., Shane Yost, Joonho Lee, David Small,
  Daniel Levine, Susi Lehtola, Hugh Burton, Evgeny Epifanovsky
 -----------------------------------------------------------------------
 Exchange:     0.2000 Hartree-Fock + 0.0800 Slater + 0.7200 B88
 Correlation:  0.1900 VWN1RPA + 0.8100 LYP
 Using SG-1 standard quadrature grid
 using 12 threads for integral computing
 -------------------------------------------------------
 OpenMP Integral computing Module                
 Release: version 1.0, May 2013, Q-Chem Inc. Pittsburgh 
 -------------------------------------------------------
 -------------------------------------------------------
 OpenMP BLAS3 based DFT computing Module                
 Release: version 1.0, May 2013, Q-Chem Inc. Pittsburgh 
 -------------------------------------------------------
 A unrestricted SCF calculation will be
 performed using DIIS
 SCF converges when DIIS error is below 1.0e-06
 Alpha HF Exchange    Energy =  -4.33880105597077
 Beta HF Exchange     Energy =  -4.33880105597077
 DFT Correlation      Energy =  -1.86904926327657
 DFT Exchange         Energy = -33.97217517921025
 One-Electron (alpha) Energy = -511.06176514831895
 One-Electron (beta)  Energy = -511.06176514831895
 Total Coulomb        Energy = 389.34757778835069
 ---------------------------------------
  Cycle       Energy         DIIS error
 ---------------------------------------
    1    -517.5932602006      2.94e-02  
 Alpha HF Exchange    Energy =  -4.35483106694503
 Beta HF Exchange     Energy =  -4.35483106694503
 DFT Correlation      Energy =  -1.89814163673163
 DFT Exchange         Energy = -34.55951758961333
 One-Electron (alpha) Energy = -514.85659397431903
 One-Electron (beta)  Energy = -514.85659397431868
 Total Coulomb        Energy = 397.99363528820589
    2    -517.1853551585      3.81e-03  
 Alpha HF Exchange    Energy =  -4.29326157051976
 Beta HF Exchange     Energy =  -4.29326157051976
 DFT Correlation      Energy =  -1.86620056902260
 DFT Exchange         Energy = -34.04558301145964
 One-Electron (alpha) Energy = -510.07411801295785
 One-Electron (beta)  Energy = -510.07411801295819
 Total Coulomb        Energy = 387.80686367524618
    3    -517.1381602100      4.65e-03  
 Alpha HF Exchange    Energy =  -4.32602812003306
 Beta HF Exchange     Energy =  -4.32602812003306
 DFT Correlation      Energy =  -1.88415354180873
 DFT Exchange         Energy = -34.31844631260563
 One-Electron (alpha) Energy = -512.95237418385989
 One-Electron (beta)  Energy = -512.95237418385989
 Total Coulomb        Energy = 393.78015996972749
    4    -517.2777256303      4.38e-04  
 Alpha HF Exchange    Energy =  -4.32479101799604
 Beta HF Exchange     Energy =  -4.32479101799604
 DFT Correlation      Energy =  -1.88326819572616
 DFT Exchange         Energy = -34.30874055035099
 One-Electron (alpha) Energy = -512.71625795630030
 One-Electron (beta)  Energy = -512.71625795630030
 Total Coulomb        Energy = 393.29379603317886
    5    -517.2787917993      2.20e-04  
 Alpha HF Exchange    Energy =  -4.32546772892119
 Beta HF Exchange     Energy =  -4.32546772892119
 DFT Correlation      Energy =  -1.88359346529283
 DFT Exchange         Energy = -34.31394951662526
 One-Electron (alpha) Energy = -512.80948420288746
 One-Electron (beta)  Energy = -512.80948420288723
 Total Coulomb        Energy = 393.48680226485203
    6    -517.2791257185      4.78e-05  
 Alpha HF Exchange    Energy =  -4.32526991222080
 Beta HF Exchange     Energy =  -4.32526991222081
 DFT Correlation      Energy =  -1.88351758330558
 DFT Exchange         Energy = -34.31239018724009
 One-Electron (alpha) Energy = -512.78763881824955
 One-Electron (beta)  Energy = -512.78763881824977
 Total Coulomb        Energy = 393.44106691173130
    7    -517.2791394576      1.99e-05  
 Alpha HF Exchange    Energy =  -4.32533358777820
 Beta HF Exchange     Energy =  -4.32533358777820
 DFT Correlation      Energy =  -1.88354615067606
 DFT Exchange         Energy = -34.31287030801900
 One-Electron (alpha) Energy = -512.79529160253264
 One-Electron (beta)  Energy = -512.79529160253264
 Total Coulomb        Energy = 393.45700573776071
    8    -517.2791422394      2.97e-06  
 Alpha HF Exchange    Energy =  -4.32533404023651
 Beta HF Exchange     Energy =  -4.32533404023651
 DFT Correlation      Energy =  -1.88354624708188
 DFT Exchange         Energy = -34.31287752318174
 One-Electron (alpha) Energy = -512.79510080069804
 One-Electron (beta)  Energy = -512.79510080069804
 Total Coulomb        Energy = 393.45663229514707
    9    -517.2791422948      6.18e-07  Convergence criterion met
 ---------------------------------------
 SCF time:   CPU 22.44s  wall 1.00s 
<S^2> =         -0.000000000
 Alpha HF Exchange    Energy =  -4.32533404023651
 Beta HF Exchange     Energy =  -4.32533404023651
 DFT Correlation      Energy =  -1.88354624708188
 DFT Exchange         Energy = -34.31287752318174
 One-Electron (alpha) Energy = -512.79510080069804
 One-Electron (beta)  Energy = -512.79510080069804
 Total Coulomb        Energy = 393.45663229514707
 Nuclear repulsion Energy = 159.70151886216257
 SCF   energy in the final basis set =     -517.2791422948
 Total energy in the final basis set =     -517.2791422948
 
 --------------------------------------------------------------
 
                    Orbital Energies (a.u.)
 --------------------------------------------------------------
 
 Alpha MOs
 -- Occupied --
-88.895 -10.222 -10.193 -10.183  -7.952  -5.918  -5.914  -5.906
 -0.807  -0.732  -0.636  -0.586  -0.477  -0.431  -0.407  -0.404
 -0.357  -0.345  -0.340  -0.311  -0.235
 -- Virtual --
 -0.079   0.048   0.101   0.126   0.134   0.152   0.174   0.175
  0.185   0.219   0.239   0.349   0.370   0.393   0.436   0.504
  0.519   0.526   0.555   0.575   0.646   0.668   0.676   0.765
  0.785   0.803   0.818   0.839   0.850   0.879   0.882   0.888
  0.920   0.939   0.939   0.983   1.034   1.110   1.318   1.363
  1.389   1.564   1.604   1.654   1.680   1.823   1.853   1.937
  2.017   2.023   2.044   2.057   2.089   2.096   2.116   2.154
  2.211   2.217   2.255   2.263   2.330   2.434   2.482   2.508
  2.591   2.693   2.730   2.745   2.801   2.845   2.881   2.906
  3.169   3.231   3.313   3.331   3.463   3.474   3.550   3.918
  4.270   4.452   4.626
 
 Beta MOs
 -- Occupied --
-88.895 -10.222 -10.193 -10.183  -7.952  -5.918  -5.914  -5.906
 -0.807  -0.732  -0.636  -0.586  -0.477  -0.431  -0.407  -0.404
 -0.357  -0.345  -0.340  -0.311  -0.235
 -- Virtual --
 -0.079   0.048   0.101   0.126   0.134   0.152   0.174   0.175
  0.185   0.219   0.239   0.349   0.370   0.393   0.436   0.504
  0.519   0.526   0.555   0.575   0.646   0.668   0.676   0.765
  0.785   0.803   0.818   0.839   0.850   0.879   0.882   0.888
  0.920   0.939   0.939   0.983   1.034   1.110   1.318   1.363
  1.389   1.564   1.604   1.654   1.680   1.823   1.853   1.937
  2.017   2.023   2.044   2.057   2.089   2.096   2.116   2.154
  2.211   2.217   2.255   2.263   2.330   2.434   2.482   2.508
  2.591   2.693   2.730   2.745   2.801   2.845   2.881   2.906
  3.169   3.231   3.313   3.331   3.463   3.474   3.550   3.918
  4.270   4.452   4.626
 --------------------------------------------------------------
 
          Ground-State Mulliken Net Atomic Charges

     Atom                 Charge (a.u.)    Spin (a.u.)
  --------------------------------------------------------
      1 S                    -0.045619      -0.000000
      2 C                    -0.161092      -0.000000
      3 C                    -0.330538       0.000000
      4 C                    -0.323109       0.000000
      5 H                     0.115859       0.000000
      6 H                     0.103474       0.000000
      7 H                     0.139356      -0.000000
      8 H                     0.141009       0.000000
      9 H                     0.106683      -0.000000
     10 H                     0.110773      -0.000000
     11 H                     0.106391      -0.000000
     12 H                     0.036813      -0.000000
  --------------------------------------------------------
  Sum of atomic charges =    -0.000000
  Sum of spin   charges =    -0.000000

 -----------------------------------------------------------------
                    Cartesian Multipole Moments
 -----------------------------------------------------------------
    Charge (ESU x 10^10)
                 0.0000
    Dipole Moment (Debye)
         X      -1.8011      Y      -0.2489      Z      -0.4048
       Tot       1.8627
    Quadrupole Moments (Debye-Ang)
        XX     -39.0282     XY       0.4355     YY     -34.3497
        XZ      -0.9853     YZ      -1.6696     ZZ     -33.1857
    Octopole Moments (Debye-Ang^2)
       XXX     -52.7850    XXY       4.5932    XYY     -15.2711
       YYY       0.1963    XXZ      -2.2012    XYZ      -3.6102
       YYZ      -1.3276    XZZ     -12.7805    YZZ      -0.0622
       ZZZ      -2.5990
    Hexadecapole Moments (Debye-Ang^3)
      XXXX    -698.5995   XXXY       6.6278   XXYY    -130.6657
      XYYY      -3.5717   YYYY     -98.9110   XXXZ      -3.9548
      XXYZ      -6.3985   XYYZ      -2.5475   YYYZ       2.9849
      XXZZ    -122.6701   XYZZ       1.0221   YYZZ     -25.2378
      XZZZ      -4.3995   YZZZ       1.4840   ZZZZ     -71.4918
 -----------------------------------------------------------------
 Calculating analytic gradient of the SCF energy
 Gradient of SCF Energy
            1           2           3           4           5           6
    1   0.0010958   0.0001435  -0.0002988  -0.0000267  -0.0000396  -0.0000244
    2  -0.0403836   0.0000695  -0.0002221  -0.0000154   0.0000032   0.0000067
    3   0.0624639  -0.0001060   0.0002229   0.0000130   0.0000145   0.0000325
            7           8           9          10          11          12
    1   0.0000006   0.0000937  -0.0000051  -0.0000010   0.0000059  -0.0009439
    2   0.0000282   0.0000817  -0.0000456  -0.0000218  -0.0000051   0.0405041
    3  -0.0000778  -0.0000671  -0.0000142   0.0000179  -0.0000129  -0.0624867
 Max gradient component =       6.249E-02
 RMS gradient           =       1.754E-02
 Gradient time:  CPU 8.66 s  wall 0.74 s
 Geometry Optimization Parameters
   NAtoms,    NIC,     NZ,  NCons,   NDum,   NFix, NCnnct, MaxDiis
       12      75       0       1       0       0       0       0

 Cartesian Hessian Update
 Hessian Updated using BFGS Update


** CONSTRAINED OPTIMIZATION IN DELOCALIZED INTERNAL COORDINATES **
   Searching for a Minimum

   Optimization Cycle:   3

                       Coordinates (Angstroms)
     ATOM                X               Y               Z
      1  S         2.1827788567    0.0275405965    0.1401887958
      2  C        -0.6217438407    0.4916072080    0.0202289378
      3  C         0.4593208141   -0.5901470168    0.0252324374
      4  C        -2.0337575856   -0.1054234914   -0.0014858466
      5  H        -0.4924936003    1.1339778869    0.8982520349
      6  H        -0.4732637001    1.1326492494   -0.8577247445
      7  H         0.3634607339   -1.2227577618    0.9177815928
      8  H         0.3668257671   -1.2471134757   -0.8443491680
      9  H        -2.2181358861   -0.7252215747    0.8831266365
     10  H        -2.7930784221    0.6825150426   -0.0190332214
     11  H        -2.1869862541   -0.7348769716   -0.8852513645
     12  H         2.1596731173    1.0610523086   -1.4539620902
   Point Group: c1    Number of degrees of freedom:    30


   Energy is   -517.279142295

              Constraints and their Current Values
                                        Value     Constraint
   Distance(Angs):        1  12             1.899999     1.900000
 Hessian Updated using BFGS Update

   Using Lagrange Multiplier Algorithm


 30 Hessian modes will be used to form the next step
  Hessian Eigenvalues:
    -1.002437    0.042481    0.044998    0.045000    0.060344    0.068913
     0.078334    0.082501    0.082739    0.085798    0.102072    0.130714
     0.132566    0.144450    0.158503    0.160000    0.162216    0.212179
     0.220328    0.235486    0.292646    0.295926    0.336966    0.340970
     0.341530    0.341719    0.342281    0.343216    0.344049    0.997811

 Minimum Search - Taking P-RFO Step
 Searching for Lamda that Maximizes Along the Constraint modes Only
 Value Taken    Lamda =   0.00000000
 Searching for Lamda that Minimizes Along All other modes
 Value Taken    Lamda =  -0.00000123
 Step Taken.  Stepsize is  0.004378

                             Maximum     Tolerance    Cnvgd?
         Gradient            0.000116       0.000300     YES
         Displacement        0.001842       0.001200      NO
         Energy change      0.000383       0.000001      NO


 New Cartesian Coordinates Obtained by Inverse Iteration

 Displacement from previous Coordinates is:  0.007733
 ----------------------------------------------------------------
             Standard Nuclear Orientation (Angstroms)
    I     Atom           X                Y                Z
 ----------------------------------------------------------------
    1      S       2.1823249212     0.0266836995     0.1401465320
    2      C      -0.6220956141     0.4915575255     0.0198623587
    3      C       0.4593089914    -0.5898613818     0.0243632798
    4      C      -2.0339808290    -0.1055725341    -0.0011475700
    5      H      -0.4923276816     1.1341577783     0.8976192179
    6      H      -0.4738223722     1.1322572961    -0.8584185876
    7      H       0.3637933289    -1.2222514214     0.9173755089
    8      H       0.3660024000    -1.2474785417    -0.8446360073
    9      H      -2.2179184159    -0.7248696514     0.8838846909
   10      H      -2.7933876439     0.6822916345    -0.0188487376
   11      H      -2.1874745543    -0.7354623606    -0.8845502359
   12      H       2.1621774694     1.0623499571    -1.4526464498
 ----------------------------------------------------------------
 Nuclear Repulsion Energy =   159.7141226842 hartrees
 There are       21 alpha and       21 beta electrons

                       Distance Matrix (Angstroms)
             S (  1)   C (  2)   C (  3)   C (  4)   H (  5)   H (  6)
   C (  2)  2.845233
   C (  3)  1.833662  1.529354
   C (  4)  4.220745  1.533110  2.540016
   H (  5)  2.992329  1.095551  2.154166  2.172880
   H (  6)  3.045414  1.097205  2.148425  2.168232  1.756136
   H (  7)  2.339013  2.171324  1.098413  2.799996  2.507189  3.065739
   H (  8)  2.427409  2.178977  1.093767  2.788430  3.073170  2.523616
   H (  9)  4.525497  2.184692  2.815058  1.095739  2.536501  3.086489
   H ( 10)  5.021237  2.179997  3.492889  1.094414  2.517732  2.507535
   H ( 11)  4.552584  2.184937  2.802282  1.095775  3.089519  2.534889
   H ( 12)  1.900000  3.200978  2.794838  4.591148  3.546167  2.703052
             H (  7)   H (  8)   H (  9)   H ( 10)   H ( 11)
   H (  8)  1.762193
   H (  9)  2.629400  3.152388
   H ( 10)  3.804155  3.793110  1.768105
   H ( 11)  3.161150  2.604611  1.768729  1.768218
   H ( 12)  3.751079  2.988516  5.276246  5.172799  4.740710
 
 Applying Cartesian multipole field
    Component          Value
    ---------          -----
     (2,0,0)        1.00000E-11
     (0,2,0)        2.00000E-10
     (0,0,2)       -3.00000E-10
 Nucleus-field energy     =     0.0000000055 hartrees
 Requested basis set is 6-31G(d,p)
 There are 41 shells and 104 basis functions
 A cutoff of  1.0D-14 yielded    822 shell pairs
 There are      5393 function pairs
 Smallest overlap matrix eigenvalue = 5.59E-03
 Guess from superposition of atomic densities
 Warning:  Energy on first SCF cycle will be non-variational
 SAD guess density has 42.000000 electrons

 -----------------------------------------------------------------------
  General SCF calculation program by
  Eric Jon Sundstrom, Paul Horn, Yuezhi Mao, Dmitri Zuev, Alec White,
  David Stuck, Shaama M.S., Shane Yost, Joonho Lee, David Small,
  Daniel Levine, Susi Lehtola, Hugh Burton, Evgeny Epifanovsky
 -----------------------------------------------------------------------
 Exchange:     0.2000 Hartree-Fock + 0.0800 Slater + 0.7200 B88
 Correlation:  0.1900 VWN1RPA + 0.8100 LYP
 Using SG-1 standard quadrature grid
 using 12 threads for integral computing
 -------------------------------------------------------
 OpenMP Integral computing Module                
 Release: version 1.0, May 2013, Q-Chem Inc. Pittsburgh 
 -------------------------------------------------------
 -------------------------------------------------------
 OpenMP BLAS3 based DFT computing Module                
 Release: version 1.0, May 2013, Q-Chem Inc. Pittsburgh 
 -------------------------------------------------------
 A unrestricted SCF calculation will be
 performed using DIIS
 SCF converges when DIIS error is below 1.0e-06
 Alpha HF Exchange    Energy =  -4.33886288085696
 Beta HF Exchange     Energy =  -4.33886288085696
 DFT Correlation      Energy =  -1.86906275446389
 DFT Exchange         Energy = -33.97229993246356
 One-Electron (alpha) Energy = -511.07422022822772
 One-Electron (beta)  Energy = -511.07422022822772
 Total Coulomb        Energy = 389.35948801758616
 ---------------------------------------
  Cycle       Energy         DIIS error
 ---------------------------------------
    1    -517.5939181979      2.94e-02  
 Alpha HF Exchange    Energy =  -4.35485110847781
 Beta HF Exchange     Energy =  -4.35485110847781
 DFT Correlation      Energy =  -1.89815632919890
 DFT Exchange         Energy = -34.55965875612471
 One-Electron (alpha) Energy = -514.86943656251526
 One-Electron (beta)  Energy = -514.86943656251503
 Total Coulomb        Energy = 398.00692119739745
    2    -517.1853465403      3.81e-03  
 Alpha HF Exchange    Energy =  -4.29326882414773
 Beta HF Exchange     Energy =  -4.29326882414773
 DFT Correlation      Energy =  -1.86620895828864
 DFT Exchange         Energy = -34.04563717324828
 One-Electron (alpha) Energy = -510.08532084781325
 One-Electron (beta)  Energy = -510.08532084781314
 Total Coulomb        Energy = 387.81680717069446
    3    -517.1380956151      4.65e-03  
 Alpha HF Exchange    Energy =  -4.32604603216613
 Beta HF Exchange     Energy =  -4.32604603216612
 DFT Correlation      Energy =  -1.88416702302060
 DFT Exchange         Energy = -34.31857145271107
 One-Electron (alpha) Energy = -512.96489176484727
 One-Electron (beta)  Energy = -512.96489176484704
 Total Coulomb        Energy = 393.79276795647741
    4    -517.2777234236      4.39e-04  
 Alpha HF Exchange    Energy =  -4.32480755568030
 Beta HF Exchange     Energy =  -4.32480755568030
 DFT Correlation      Energy =  -1.88328090779812
 DFT Exchange         Energy = -34.30885747738672
 One-Electron (alpha) Energy = -512.72851381267344
 One-Electron (beta)  Energy = -512.72851381267321
 Total Coulomb        Energy = 393.30586630715027
    5    -517.2787921251      2.20e-04  
 Alpha HF Exchange    Energy =  -4.32548473111354
 Beta HF Exchange     Energy =  -4.32548473111354
 DFT Correlation      Energy =  -1.88360635493561
 DFT Exchange         Energy = -34.31406947566504
 One-Electron (alpha) Energy = -512.82181452385532
 One-Electron (beta)  Energy = -512.82181452385532
 Total Coulomb        Energy = 393.49902527920835
    6    -517.2791263717      4.78e-05  
 Alpha HF Exchange    Energy =  -4.32528681773698
 Beta HF Exchange     Energy =  -4.32528681773698
 DFT Correlation      Energy =  -1.88353042087827
 DFT Exchange         Energy = -34.31250915063494
 One-Electron (alpha) Energy = -512.79996035431839
 One-Electron (beta)  Energy = -512.79996035431861
 Total Coulomb        Energy = 393.45327110310984
    7    -517.2791401229      1.99e-05  
 Alpha HF Exchange    Energy =  -4.32535048634324
 Beta HF Exchange     Energy =  -4.32535048634325
 DFT Correlation      Energy =  -1.88355899817488
 DFT Exchange         Energy = -34.31298927757226
 One-Electron (alpha) Energy = -512.80761225094602
 One-Electron (beta)  Energy = -512.80761225094602
 Total Coulomb        Energy = 393.46920816313445
    8    -517.2791428976      2.98e-06  
 Alpha HF Exchange    Energy =  -4.32535092254465
 Beta HF Exchange     Energy =  -4.32535092254465
 DFT Correlation      Energy =  -1.88355908599026
 DFT Exchange         Energy = -34.31299637104274
 One-Electron (alpha) Energy = -512.80741952269852
 One-Electron (beta)  Energy = -512.80741952269852
 Total Coulomb        Energy = 393.46883070478157
    9    -517.2791429531      6.19e-07  Convergence criterion met
 ---------------------------------------
 SCF time:   CPU 21.15s  wall 1.00s 
<S^2> =          0.000000000
 Alpha HF Exchange    Energy =  -4.32535092254465
 Beta HF Exchange     Energy =  -4.32535092254465
 DFT Correlation      Energy =  -1.88355908599026
 DFT Exchange         Energy = -34.31299637104274
 One-Electron (alpha) Energy = -512.80741952269852
 One-Electron (beta)  Energy = -512.80741952269852
 Total Coulomb        Energy = 393.46883070478157
 Nuclear repulsion Energy = 159.71412268963903
 SCF   energy in the final basis set =     -517.2791429531
 Total energy in the final basis set =     -517.2791429531
 
 --------------------------------------------------------------
 
                    Orbital Energies (a.u.)
 --------------------------------------------------------------
 
 Alpha MOs
 -- Occupied --
-88.895 -10.222 -10.193 -10.183  -7.952  -5.918  -5.914  -5.906
 -0.807  -0.732  -0.636  -0.586  -0.477  -0.431  -0.407  -0.404
 -0.357  -0.345  -0.340  -0.311  -0.235
 -- Virtual --
 -0.079   0.048   0.101   0.126   0.134   0.152   0.174   0.175
  0.185   0.219   0.239   0.349   0.370   0.393   0.436   0.504
  0.519   0.526   0.555   0.575   0.646   0.668   0.677   0.765
  0.785   0.803   0.818   0.839   0.850   0.879   0.882   0.888
  0.920   0.939   0.939   0.983   1.034   1.110   1.318   1.363
  1.389   1.564   1.604   1.654   1.680   1.823   1.853   1.937
  2.017   2.023   2.044   2.057   2.089   2.096   2.116   2.154
  2.211   2.217   2.255   2.263   2.330   2.434   2.482   2.508
  2.591   2.693   2.730   2.745   2.801   2.845   2.881   2.906
  3.169   3.231   3.313   3.331   3.463   3.473   3.550   3.918
  4.270   4.452   4.626
 
 Beta MOs
 -- Occupied --
-88.895 -10.222 -10.193 -10.183  -7.952  -5.918  -5.914  -5.906
 -0.807  -0.732  -0.636  -0.586  -0.477  -0.431  -0.407  -0.404
 -0.357  -0.345  -0.340  -0.311  -0.235
 -- Virtual --
 -0.079   0.048   0.101   0.126   0.134   0.152   0.174   0.175
  0.185   0.219   0.239   0.349   0.370   0.393   0.436   0.504
  0.519   0.526   0.555   0.575   0.646   0.668   0.677   0.765
  0.785   0.803   0.818   0.839   0.850   0.879   0.882   0.888
  0.920   0.939   0.939   0.983   1.034   1.110   1.318   1.363
  1.389   1.564   1.604   1.654   1.680   1.823   1.853   1.937
  2.017   2.023   2.044   2.057   2.089   2.096   2.116   2.154
  2.211   2.217   2.255   2.263   2.330   2.434   2.482   2.508
  2.591   2.693   2.730   2.745   2.801   2.845   2.881   2.906
  3.169   3.231   3.313   3.331   3.463   3.473   3.550   3.918
  4.270   4.452   4.626
 --------------------------------------------------------------
 
          Ground-State Mulliken Net Atomic Charges

     Atom                 Charge (a.u.)    Spin (a.u.)
  --------------------------------------------------------
      1 S                    -0.045481      -0.000000
      2 C                    -0.161125       0.000000
      3 C                    -0.330551       0.000000
      4 C                    -0.323091      -0.000000
      5 H                     0.115858      -0.000000
      6 H                     0.103478       0.000000
      7 H                     0.139308       0.000000
      8 H                     0.140961       0.000000
      9 H                     0.106698       0.000000
     10 H                     0.110783      -0.000000
     11 H                     0.106399       0.000000
     12 H                     0.036761       0.000000
  --------------------------------------------------------
  Sum of atomic charges =     0.000000
  Sum of spin   charges =     0.000000

 -----------------------------------------------------------------
                    Cartesian Multipole Moments
 -----------------------------------------------------------------
    Charge (ESU x 10^10)
                 0.0000
    Dipole Moment (Debye)
         X      -1.8007      Y      -0.2477      Z      -0.4048
       Tot       1.8621
    Quadrupole Moments (Debye-Ang)
        XX     -39.0221     XY       0.4399     YY     -34.3475
        XZ      -0.9862     YZ      -1.6685     ZZ     -33.1906
    Octopole Moments (Debye-Ang^2)
       XXX     -52.7465    XXY       4.6141    XYY     -15.2561
       YYY       0.2296    XXZ      -2.2061    XYZ      -3.6131
       YYZ      -1.3247    XZZ     -12.7815    YZZ      -0.0529
       ZZZ      -2.5838
    Hexadecapole Moments (Debye-Ang^3)
      XXXX    -698.4871   XXXY       6.6997   XXYY    -130.6445
      XYYY      -3.5105   YYYY     -98.9066   XXXZ      -3.9514
      XXYZ      -6.4044   XYYZ      -2.5390   YYYZ       2.9895
      XXZZ    -122.6698   XYZZ       1.0415   YYZZ     -25.2332
      XZZZ      -4.3744   YZZZ       1.4891   ZZZZ     -71.4868
 -----------------------------------------------------------------
 Calculating analytic gradient of the SCF energy
 Gradient of SCF Energy
            1           2           3           4           5           6
    1   0.0007878   0.0000364  -0.0000879  -0.0000143  -0.0000260   0.0000113
    2  -0.0405533   0.0000053  -0.0000052  -0.0000190  -0.0000039  -0.0000167
    3   0.0624136  -0.0000080   0.0000094   0.0000061   0.0000076   0.0000129
            7           8           9          10          11          12
    1   0.0000289   0.0000567   0.0000088  -0.0000068   0.0000027  -0.0007977
    2  -0.0000064   0.0000544  -0.0000303  -0.0000187   0.0000007   0.0405930
    3   0.0000165  -0.0000249  -0.0000160   0.0000141  -0.0000147  -0.0624166
 Max gradient component =       6.242E-02
 RMS gradient           =       1.755E-02
 Gradient time:  CPU 8.66 s  wall 0.74 s
 Geometry Optimization Parameters
   NAtoms,    NIC,     NZ,  NCons,   NDum,   NFix, NCnnct, MaxDiis
       12      75       0       1       0       0       0       0

 Cartesian Hessian Update
 Hessian Updated using BFGS Update


** CONSTRAINED OPTIMIZATION IN DELOCALIZED INTERNAL COORDINATES **
   Searching for a Minimum

   Optimization Cycle:   4

                       Coordinates (Angstroms)
     ATOM                X               Y               Z
      1  S         2.1823249212    0.0266836995    0.1401465320
      2  C        -0.6220956141    0.4915575255    0.0198623587
      3  C         0.4593089914   -0.5898613818    0.0243632798
      4  C        -2.0339808290   -0.1055725341   -0.0011475700
      5  H        -0.4923276816    1.1341577783    0.8976192179
      6  H        -0.4738223722    1.1322572961   -0.8584185876
      7  H         0.3637933289   -1.2222514214    0.9173755089
      8  H         0.3660024000   -1.2474785417   -0.8446360073
      9  H        -2.2179184159   -0.7248696514    0.8838846909
     10  H        -2.7933876439    0.6822916345   -0.0188487376
     11  H        -2.1874745543   -0.7354623606   -0.8845502359
     12  H         2.1621774694    1.0623499571   -1.4526464498
   Point Group: c1    Number of degrees of freedom:    30


   Energy is   -517.279142953

              Constraints and their Current Values
                                        Value     Constraint
   Distance(Angs):        1  12             1.900000     1.900000
 Hessian Updated using BFGS Update

 29 Hessian modes will be used to form the next step
  Hessian Eigenvalues:
     0.030750    0.044998    0.045002    0.059984    0.068819    0.078361
     0.082494    0.082747    0.084833    0.103259    0.130666    0.135089
     0.141320    0.158420    0.160000    0.160000    0.163087    0.220139
     0.220878    0.239090    0.292445    0.296618    0.338909    0.341518
     0.341700    0.341757    0.342620    0.343214    0.345937

 Minimum Search - Taking Simple RFO Step
 Searching for Lamda that Minimizes Along All modes
 Value Taken    Lamda =   0.00000000
 Step Taken.  Stepsize is  0.002437

                             Maximum     Tolerance    Cnvgd?
         Gradient           0.000049      0.000300     YES
         Displacement       0.001097      0.001200     YES
         Energy change     -0.000001      0.000001     YES


                       Distance Matrix (Angstroms)
             S (  1)   C (  2)   C (  3)   C (  4)   H (  5)   H (  6)
   C (  2)  2.845233
   C (  3)  1.833662  1.529354
   C (  4)  4.220745  1.533110  2.540016
   H (  5)  2.992329  1.095551  2.154166  2.172880
   H (  6)  3.045414  1.097205  2.148425  2.168232  1.756136
   H (  7)  2.339013  2.171324  1.098413  2.799996  2.507189  3.065739
   H (  8)  2.427409  2.178977  1.093767  2.788430  3.073170  2.523616
   H (  9)  4.525497  2.184692  2.815058  1.095739  2.536501  3.086489
   H ( 10)  5.021237  2.179997  3.492889  1.094414  2.517732  2.507535
   H ( 11)  4.552584  2.184937  2.802282  1.095775  3.089519  2.534889
   H ( 12)  1.900000  3.200978  2.794838  4.591148  3.546167  2.703052
             H (  7)   H (  8)   H (  9)   H ( 10)   H ( 11)
   H (  8)  1.762193
   H (  9)  2.629400  3.152388
   H ( 10)  3.804155  3.793110  1.768105
   H ( 11)  3.161150  2.604611  1.768729  1.768218
   H ( 12)  3.751079  2.988516  5.276246  5.172799  4.740710
 
 Final energy is   -517.279142953099     


 ******************************
 **  OPTIMIZATION CONVERGED  **
 ******************************

                       Coordinates (Angstroms)
     ATOM                X               Y               Z
      1  S         2.1823249212    0.0266836995    0.1401465320
      2  C        -0.6220956141    0.4915575255    0.0198623587
      3  C         0.4593089914   -0.5898613818    0.0243632798
      4  C        -2.0339808290   -0.1055725341   -0.0011475700
      5  H        -0.4923276816    1.1341577783    0.8976192179
      6  H        -0.4738223722    1.1322572961   -0.8584185876
      7  H         0.3637933289   -1.2222514214    0.9173755089
      8  H         0.3660024000   -1.2474785417   -0.8446360073
      9  H        -2.2179184159   -0.7248696514    0.8838846909
     10  H        -2.7933876439    0.6822916345   -0.0188487376
     11  H        -2.1874745543   -0.7354623606   -0.8845502359
     12  H         2.1621774694    1.0623499571   -1.4526464498

Z-matrix Print:
$molecule
0 1
S 
C  1 1.833662
H  2 1.093767 1 109.419773
H  2 1.098413 1 102.941558 3 113.521221 0
C  2 1.529354 1 115.268534 3 -126.258278 0
H  5 1.095551 2 109.186478 1 -54.216925 0
H  5 1.097205 2 108.645263 1 61.469928 0
C  5 1.533110 2 112.074822 1 -176.854825 0
H  8 1.094414 5 111.029985 2 -179.172476 0
H  8 1.095739 5 111.325032 2 60.887125 0
H  8 1.095775 5 111.342494 2 -59.210901 0
H  1 1.900000 2 96.914082 3 66.104867 0
$end

PES scan, value:    1.9000 energy: -517.2791429531
------- Summary of potential scan: ------ 
    1.9000      -517.2791429531
----------------------------------------- 
Archival summary:
1\1\hpc0250\JobtypUnspecified\ProcedureUnspecified\6-31G**\138\knomura\WedMar1322:04:232019WedMar1322:04:232019\0\\#,JobtypUnspecified,ProcedureUnspecified,6-31G**,\\0,1\S\C,1,1.83366\H,2,1.09377,1,109.42\H,2,1.09841,1,102.942,3,113.521,0\C,2,1.52935,1,115.269,3,-126.258,0\H,5,1.09555,2,109.186,1,-54.2169,0\H,5,1.0972,2,108.645,1,61.4699,0\C,5,1.53311,2,112.075,1,-176.855,0\H,8,1.09441,5,111.03,2,-179.172,0\H,8,1.09574,5,111.325,2,60.8871,0\H,8,1.09577,5,111.342,2,-59.2109,0\H,1,1.9,2,96.9141,3,66.1049,0\\\@

 Total job time:  12.91s(wall), 143.01s(cpu) 
 Wed Mar 13 22:04:23 2019

        *************************************************************
        *                                                           *
        *  Thank you very much for using Q-Chem.  Have a nice day.  *
        *                                                           *
        *************************************************************


