
Running Job 1 of 1 thiol/02/S-H.xyz.data/inputs/bond_singlet_3.4.in
qchem thiol/02/S-H.xyz.data/inputs/bond_singlet_3.4.in_24231.0 /staging/scratch/2868767/qchem24231/ 1
/usr/usc/qchem/5.1.1/exe/qcprog.exe_s thiol/02/S-H.xyz.data/inputs/bond_singlet_3.4.in_24231.0 /staging/scratch/2868767/qchem24231/
Check license passed

                  Welcome to Q-Chem
     A Quantum Leap Into The Future Of Chemistry


 Q-Chem 5.1, Q-Chem, Inc., Pleasanton, CA (2018)

 Yihan Shao,  Zhengting Gan,  E. Epifanovsky,  A. T. B. Gilbert,  M. Wormit,  
 J. Kussmann,  A. W. Lange,  A. Behn,  Jia Deng,  Xintian Feng,  D. Ghosh,  
 M. Goldey,  P. R. Horn,  L. D. Jacobson,  I. Kaliman,  T. Kus,  A. Landau,  
 Jie Liu,  E. I. Proynov,  R. M. Richard,  R. P. Steele,  E. J. Sundstrom,  
 H. L. Woodcock III,  P. M. Zimmerman,  D. Zuev,  B. Albrecht,  E. Alguire,  
 S. A. Baeppler,  D. Barton,  Z. Benda,  Y. A. Bernard,  E. J. Berquist,  
 K. B. Bravaya,  H. Burton,  D. Casanova,  Chun-Min Chang,  Yunqing Chen,  
 A. Chien,  K. D. Closser,  M. P. Coons,  S. Coriani,  S. Dasgupta,  
 A. L. Dempwolff,  M. Diedenhofen,  Hainam Do,  R. G. Edgar,  Po-Tung Fang,  
 S. Faraji,  S. Fatehi,  Qingguo Feng,  K. D. Fenk,  J. Fosso-Tande,  
 Qinghui Ge,  A. Ghysels,  G. Gidofalvi,  J. Gomes,  J. Gonthier,  A. Gunina,  
 D. Hait,  M. W. D. Hanson-Heine,  P. H. P. Harbach,  A. W. Hauser,  
 J. E. Herr,  E. G. Hohenstein,  Z. C. Holden,  Kerwin Hui,  B. C. Huynh,  
 T.-C. Jagau,  Hyunjun Ji,  B. Kaduk,  K. Khistyaev,  Jaehoon Kim,  
 P. Klunzinger,  K. Koh,  D. Kosenkov,  L. Koulias,  T. Kowalczyk,  
 C. M. Krauter,  A. Kunitsa,  Ka Un Lao,  A. Laurent,  K. V. Lawler,  
 Joonho Lee,  D. Lefrancois,  S. Lehtola,  D. S. Levine,  Yi-Pei Li,  
 You-Sheng Lin,  Fenglai Liu,  E. Livshits,  A. Luenser,  P. Manohar,  
 E. Mansoor,  S. F. Manzer,  Shan-Ping Mao,  Yuezhi Mao,  N. Mardirossian,  
 A. V. Marenich,  T. Markovich,  L. A. Martinez-Martinez,  S. A. Maurer,  
 N. J. Mayhall,  S. C. McKenzie,  J.-M. Mewes,  A. F. Morrison,  
 J. W. Mullinax,  K. Nanda,  T. S. Nguyen-Beck,  R. Olivares-Amaya,  
 J. A. Parkhill,  T. M. Perrine,  F. Plasser,  P. Pokhilko,  S. Prager,  
 A. Prociuk,  E. Ramos,  D. R. Rehn,  F. Rob,  M. Schneider,  N. Sergueev,  
 S. M. Sharada,  S. Sharma,  D. W. Small,  T. Stauch,  T. Stein,  
 Yu-Chuan Su,  A. J. W. Thom,  A. Tkatchenko,  T. Tsuchimochi,  N. M. Tubman,  
 L. Vogt,  M. L. Vidal,  O. Vydrov,  M. A. Watson,  J. Wenzel,  
 M. de Wergifosse,  T. A. Wesolowski,  A. White,  J. Witte,  A. Yamada,  
 Jun Yang,  K. Yao,  S. Yeganeh,  S. R. Yost,  Zhi-Qiang You,  A. Zech,  
 Igor Ying Zhang,  Xing Zhang,  Yan Zhao,  Ying Zhu,  B. R. Brooks,  
 G. K. L. Chan,  C. J. Cramer,  M. S. Gordon,  W. J. Hehre,  A. Klamt,  
 M. W. Schmidt,  C. D. Sherrill,  D. G. Truhlar,  A. Aspuru-Guzik,  R. Baer,  
 A. T. Bell,  N. A. Besley,  Jeng-Da Chai,  A. E. DePrince, III,  
 R. A. DiStasio Jr.,  A. Dreuw,  B. D. Dunietz,  T. R. Furlani,  
 Chao-Ping Hsu,  Yousung Jung,  Jing Kong,  D. S. Lambrecht,  WanZhen Liang,  
 C. Ochsenfeld,  V. A. Rassolov,  L. V. Slipchenko,  J. E. Subotnik,  
 T. Van Voorhis,  J. M. Herbert,  A. I. Krylov,  P. M. W. Gill,  M. Head-Gordon

 Contributors to earlier versions of Q-Chem not listed above: 
 R. D. Adamson,  B. Austin,  J. Baker,  G. J. O. Beran,  K. Brandhorst,  
 S. T. Brown,  E. F. C. Byrd,  A. K. Chakraborty,  C.-L. Cheng,  
 Siu Hung Chien,  D. M. Chipman,  D. L. Crittenden,  H. Dachsel,  
 R. J. Doerksen,  A. D. Dutoi,  L. Fusti-Molnar,  W. A. Goddard III,  
 A. Golubeva-Zadorozhnaya,  S. R. Gwaltney,  G. Hawkins,  A. Heyden,  
 S. Hirata,  G. Kedziora,  F. J. Keil,  C. Kelley,  Jihan Kim,  R. A. King,  
 R. Z. Khaliullin,  P. P. Korambath,  W. Kurlancheek,  A. M. Lee,  M. S. Lee,  
 S. V. Levchenko,  Ching Yeh Lin,  D. Liotard,  R. C. Lochan,  I. Lotan,  
 P. E. Maslen,  N. Nair,  D. P. O'Neill,  D. Neuhauser,  E. Neuscamman,  
 C. M. Oana,  R. Olson,  B. Peters,  R. Peverati,  P. A. Pieniazek,  
 Y. M. Rhee,  J. Ritchie,  M. A. Rohrdanz,  E. Rosta,  N. J. Russ,  
 H. F. Schaefer III,  N. E. Schultz,  N. Shenvi,  A. C. Simmonett,  A. Sodt,  
 D. Stuck,  K. S. Thanthiriwatte,  V. Vanovschi,  Tao Wang,  A. Warshel,  
 C. F. Williams,  Q. Wu,  X. Xu,  W. Zhang

 Please cite Q-Chem as follows:
 Y. Shao et al., Mol. Phys. 113, 184-215 (2015)
 DOI: 10.1080/00268976.2014.952696

 Q-Chem 5.1.1 for Intel X86 EM64T Linux

 Parts of Q-Chem use Armadillo 8.300.2 (Tropical Shenanigans).
 http://arma.sourceforge.net/

 Q-Chem begins on Wed Mar 13 22:15:44 2019  

Host: 
0

     Scratch files written to /staging/scratch/2868767/qchem24231//
 Aug318 |scratch|qcdevops|jenkins|workspace|build_RNUM 6013   
Processing $rem in /usr/usc/qchem/5.1.1/config/preferences.
 MEM_TOTAL  2000 
Input Ideriv = 2
Curr. Ideriv = -1
Max.  Ideriv = 2

Checking the input file for inconsistencies... 	...done.

--------------------------------------------------------------
User input:
--------------------------------------------------------------

$comment
potential surface scanner
$end

$rem
JOBTYPE  PES_SCAN
UNRESTRICTED TRUE
SYM_IGNORE  TRUE
GEOM_OPT_MAX_CYCLES 400
SCF_MAX_CYCLES 400
METHOD   B3LYP
BASIS   6-31G**
PDB_PRINT 2
SCF_CONVERGENCE 6
THRESH 14
SCF_PRINT 1
$end
$molecule
0 1
S 1.455605 0.153634 0.537219
C -1.275365 -0.083396 0.673414
C -0.143624 -0.513139 0.109562
C -2.647816 -0.514575 0.245731
H -1.218351 0.634605 1.490738
H 2.903409 2.402828 -2.485737
H 2.143740 -1.005678 0.501140
H -0.157113 -1.228733 -0.709249
H -3.207792 -0.937406 1.088839
H -3.231879 0.337985 -0.123595
H -2.607613 -1.264711 -0.549392
H 2.699399 1.922387 -1.955669
$end
$scan
stre 1 12 3.400000 3.401000 0.100000
$end
--------------------------------------------------------------
 ----------------------------------------------------------------
             Standard Nuclear Orientation (Angstroms)
    I     Atom           X                Y                Z
 ----------------------------------------------------------------
    1      S       1.4556050000     0.1536340000     0.5372190000
    2      C      -1.2753650000    -0.0833960000     0.6734140000
    3      C      -0.1436240000    -0.5131390000     0.1095620000
    4      C      -2.6478160000    -0.5145750000     0.2457310000
    5      H      -1.2183510000     0.6346050000     1.4907380000
    6      H       2.9034090000     2.4028280000    -2.4857370000
    7      H       2.1437400000    -1.0056780000     0.5011400000
    8      H      -0.1571130000    -1.2287330000    -0.7092490000
    9      H      -3.2077920000    -0.9374060000     1.0888390000
   10      H      -3.2318790000     0.3379850000    -0.1235950000
   11      H      -2.6076130000    -1.2647110000    -0.5493920000
   12      H       2.6993990000     1.9223870000    -1.9556690000
 ----------------------------------------------------------------
 Nuclear Repulsion Energy =   155.2417210741 hartrees
 There are       21 alpha and       21 beta electrons
 Requested basis set is 6-31G(d,p)
 There are 41 shells and 104 basis functions

 Total QAlloc Memory Limit   2000 MB
 Mega-Array Size       188 MB
 MEM_STATIC part       192 MB
A total of 1 constraints
  
            1
    1   1.0100000
    2   1.0100000
    3  12.0100000
    4   3.4000000
    5   3.4010000
    6   0.1000000
    7   0.0000000
    8   0.0000000
    9   0.0000000
   10   0.0000000

                       Distance Matrix (Angstroms)
             S (  1)   C (  2)   C (  3)   C (  4)   H (  5)   H (  6)
   C (  2)  2.744618
   C (  3)  1.784660  1.335457
   C (  4)  4.167677  1.500816  2.507892
   H (  5)  2.879335  1.089401  2.092845  2.216761
   H (  6)  4.036493  5.798594  4.952055  6.840194  5.993986
   H (  7)  1.348642  3.545499  2.372333  4.823425  3.869559  4.595263
   H (  8)  2.462820  2.115193  1.087524  2.761451  3.072165  5.070596
   H (  9)  4.820988  2.153180  3.244705  1.096900  2.567220  7.828252
   H ( 10)  4.737422  2.154236  3.211868  1.097447  2.597759  6.890940
   H ( 11)  4.438712  2.160010  2.659008  1.093865  3.114415  6.897220
   H ( 12)  3.300000  5.170492  4.275482  6.275162  5.374465  0.743919
             H (  7)   H (  8)   H (  9)   H ( 10)   H ( 11)
   H (  8)  2.609352
   H (  9)  5.384138  3.553116
   H ( 10)  5.576110  3.500255  1.759886
   H ( 11)  4.872994  2.455972  1.775146  1.771905
   H ( 12)  3.862413  4.432018  7.234801  6.406784  6.348195
 
 A cutoff of  1.0D-14 yielded    755 shell pairs
 There are      5005 function pairs
 
 -------------------------------------------------------
 OpenMP Integral Computing Module                       
 Release: version 1.0, May 2013, Q-Chem Inc. Pittsburgh 
 -------------------------------------------------------
 Integral Job Info:
 Integral job number is                      11
 Integral operator is                         1
 short-range coefficients                     0
 long-range coefficients              100000000
 Omega coefficients                           0
 if combine SR and LR in K                    0
 Integral screening is                        0
 Integral computing path is                   2
 max size of driver memory is            800000
 size of driver memory is                593474
 size of scratch memory is             15267112
 max col of scratch BK array               1296
 max len of scratch array in speh3          155
 max len of scratch index in speh4           18
 max int batch size is                      520
 min int batch size is                       52
 fixed nKL is                                52
 max L of basis functions is                  2
 order of int derivative is                   0
 number of shells is                         41
 number of basis is                         104
 number of cartesian basis is               104
 number of contracted shell pairs           755
 number of primitive shell pairs           2673
 maxK2 (contraction) of shell pair           36
 max number of K2 of shell pair               1
 max number of CS2 of shell pair             78
 max number of PS2 of shell pair            240
 mem total for path MDJ                  513890
 -------------------------------------------------------
 Smallest overlap matrix eigenvalue = 4.15E-03

 Scale SEOQF with 1.000000e-01/1.000000e-01/1.000000e-01

 Standard Electronic Orientation quadrupole field applied
 Nucleus-field energy     =     0.0000000038 hartrees
 Guess from superposition of atomic densities
 Warning:  Energy on first SCF cycle will be non-variational
 SAD guess density has 42.000000 electrons

 -----------------------------------------------------------------------
  General SCF calculation program by
  Eric Jon Sundstrom, Paul Horn, Yuezhi Mao, Dmitri Zuev, Alec White,
  David Stuck, Shaama M.S., Shane Yost, Joonho Lee, David Small,
  Daniel Levine, Susi Lehtola, Hugh Burton, Evgeny Epifanovsky
 -----------------------------------------------------------------------
 Exchange:     0.2000 Hartree-Fock + 0.0800 Slater + 0.7200 B88
 Correlation:  0.1900 VWN1RPA + 0.8100 LYP
 Using SG-1 standard quadrature grid
 using 12 threads for integral computing
 -------------------------------------------------------
 OpenMP Integral computing Module                
 Release: version 1.0, May 2013, Q-Chem Inc. Pittsburgh 
 -------------------------------------------------------
 -------------------------------------------------------
 OpenMP BLAS3 based DFT computing Module                
 Release: version 1.0, May 2013, Q-Chem Inc. Pittsburgh 
 -------------------------------------------------------
 A unrestricted SCF calculation will be
 performed using DIIS
 SCF converges when DIIS error is below 1.0e-06
 Alpha HF Exchange    Energy =  -4.33429597365061
 Beta HF Exchange     Energy =  -4.33429597365061
 DFT Correlation      Energy =  -1.86010374767710
 DFT Exchange         Energy = -33.97752785555974
 One-Electron (alpha) Energy = -506.48763615020368
 One-Electron (beta)  Energy = -506.48763615020368
 Total Coulomb        Energy = 384.63192767713929
 ---------------------------------------
  Cycle       Energy         DIIS error
 ---------------------------------------
    1    -517.6078470960      3.04e-02  
 Alpha HF Exchange    Energy =  -4.35709599959644
 Beta HF Exchange     Energy =  -4.35709599959644
 DFT Correlation      Energy =  -1.88954675769403
 DFT Exchange         Energy = -34.58017730438740
 One-Electron (alpha) Energy = -509.88533783047825
 One-Electron (beta)  Energy = -509.88533783047819
 Total Coulomb        Energy = 392.50523469182804
    2    -517.2076359526      3.54e-03  
 Alpha HF Exchange    Energy =  -4.30750025681535
 Beta HF Exchange     Energy =  -4.30750025681534
 DFT Correlation      Energy =  -1.86544949358632
 DFT Exchange         Energy = -34.15472129735615
 One-Electron (alpha) Energy = -506.74279209789142
 One-Electron (beta)  Energy = -506.74279209789114
 Total Coulomb        Energy = 385.69539714467362
    3    -517.1836372778      4.06e-03  
 Alpha HF Exchange    Energy =  -4.32887212827536
 Beta HF Exchange     Energy =  -4.32887212827536
 DFT Correlation      Energy =  -1.87695791905417
 DFT Exchange         Energy = -34.33794446542126
 One-Electron (alpha) Energy = -508.17961718409879
 One-Electron (beta)  Energy = -508.17961718409850
 Total Coulomb        Energy = 388.70744189720602
    4    -517.2827180342      6.02e-04  
 Alpha HF Exchange    Energy =  -4.33092352329619
 Beta HF Exchange     Energy =  -4.33092352329619
 DFT Correlation      Energy =  -1.87756538056288
 DFT Exchange         Energy = -34.35389575412709
 One-Electron (alpha) Energy = -508.35006637672126
 One-Electron (beta)  Energy = -508.35006637672154
 Total Coulomb        Energy = 389.06720475603163
    5    -517.2845151009      2.85e-04  
 Alpha HF Exchange    Energy =  -4.33065560323048
 Beta HF Exchange     Energy =  -4.33065560323048
 DFT Correlation      Energy =  -1.87737953355170
 DFT Exchange         Energy = -34.35144987874247
 One-Electron (alpha) Energy = -508.30691466407944
 One-Electron (beta)  Energy = -508.30691466407933
 Total Coulomb        Energy = 388.97731681395402
    6    -517.2849320551      7.86e-05  
 Alpha HF Exchange    Energy =  -4.33045969772591
 Beta HF Exchange     Energy =  -4.33045969772591
 DFT Correlation      Energy =  -1.87733238031545
 DFT Exchange         Energy = -34.34996840534261
 One-Electron (alpha) Energy = -508.29387163063114
 One-Electron (beta)  Energy = -508.29387163063097
 Total Coulomb        Energy = 388.94927402517715
    7    -517.2849683394      1.84e-05  
 Alpha HF Exchange    Energy =  -4.33049323474019
 Beta HF Exchange     Energy =  -4.33049323474018
 DFT Correlation      Energy =  -1.87734552710138
 DFT Exchange         Energy = -34.35019978590481
 One-Electron (alpha) Energy = -508.29683348255617
 One-Electron (beta)  Energy = -508.29683348255588
 Total Coulomb        Energy = 388.95550749896790
    8    -517.2849701708      3.36e-06  
 Alpha HF Exchange    Energy =  -4.33050221722934
 Beta HF Exchange     Energy =  -4.33050221722934
 DFT Correlation      Energy =  -1.87734892569067
 DFT Exchange         Energy = -34.35027189679596
 One-Electron (alpha) Energy = -508.29787904753800
 One-Electron (beta)  Energy = -508.29787904753817
 Total Coulomb        Energy = 388.95769204446532
    9    -517.2849702297      8.51e-07  Convergence criterion met
 ---------------------------------------
 SCF time:   CPU 21.05s  wall 2.00s 
<S^2> =          0.000000000
 Alpha HF Exchange    Energy =  -4.33050221722934
 Beta HF Exchange     Energy =  -4.33050221722934
 DFT Correlation      Energy =  -1.87734892569067
 DFT Exchange         Energy = -34.35027189679596
 One-Electron (alpha) Energy = -508.29787904753800
 One-Electron (beta)  Energy = -508.29787904753817
 Total Coulomb        Energy = 388.95769204446532
 Nuclear repulsion Energy = 155.24172107783903
 SCF   energy in the final basis set =     -517.2849702297
 Total energy in the final basis set =     -517.2849702297
 
 --------------------------------------------------------------
 
                    Orbital Energies (a.u.)
 --------------------------------------------------------------
 
 Alpha MOs
 -- Occupied --
-88.884 -10.215 -10.198 -10.190  -7.946  -5.911  -5.907  -5.901
 -0.813  -0.747  -0.662  -0.556  -0.465  -0.442  -0.418  -0.417
 -0.390  -0.371  -0.337  -0.291  -0.224
 -- Virtual --
  0.008   0.035   0.073   0.111   0.118   0.126   0.167   0.172
  0.174   0.270   0.302   0.338   0.374   0.389   0.416   0.489
  0.524   0.527   0.604   0.617   0.632   0.649   0.701   0.731
  0.735   0.765   0.794   0.817   0.849   0.863   0.873   0.900
  0.924   0.971   0.994   1.107   1.117   1.161   1.267   1.299
  1.316   1.425   1.598   1.625   1.689   1.689   1.817   1.825
  1.904   1.958   2.038   2.049   2.075   2.086   2.114   2.126
  2.202   2.219   2.359   2.392   2.413   2.480   2.529   2.544
  2.588   2.629   2.629   2.675   2.731   2.801   2.855   2.861
  2.929   3.172   3.389   3.419   3.441   3.484   3.990   4.163
  4.182   4.343   4.563
 
 Beta MOs
 -- Occupied --
-88.884 -10.215 -10.198 -10.190  -7.946  -5.911  -5.907  -5.901
 -0.813  -0.747  -0.662  -0.556  -0.465  -0.442  -0.418  -0.417
 -0.390  -0.371  -0.337  -0.291  -0.224
 -- Virtual --
  0.008   0.035   0.073   0.111   0.118   0.126   0.167   0.172
  0.174   0.270   0.302   0.338   0.374   0.389   0.416   0.489
  0.524   0.527   0.604   0.617   0.632   0.649   0.701   0.731
  0.735   0.765   0.794   0.817   0.849   0.863   0.873   0.900
  0.924   0.971   0.994   1.107   1.117   1.161   1.267   1.299
  1.316   1.425   1.598   1.625   1.689   1.689   1.817   1.825
  1.904   1.958   2.038   2.049   2.075   2.086   2.114   2.126
  2.202   2.219   2.359   2.392   2.413   2.480   2.529   2.544
  2.588   2.629   2.629   2.675   2.731   2.801   2.855   2.861
  2.929   3.172   3.389   3.419   3.441   3.484   3.990   4.163
  4.182   4.343   4.563
 --------------------------------------------------------------
 
          Ground-State Mulliken Net Atomic Charges

     Atom                 Charge (a.u.)    Spin (a.u.)
  --------------------------------------------------------
      1 S                    -0.006566      -0.000000
      2 C                    -0.029577      -0.000000
      3 C                    -0.246308       0.000000
      4 C                    -0.351513       0.000000
      5 H                     0.102657      -0.000000
      6 H                    -0.024431       0.000000
      7 H                     0.060513      -0.000000
      8 H                     0.119063       0.000000
      9 H                     0.121295      -0.000000
     10 H                     0.123659       0.000000
     11 H                     0.111986       0.000000
     12 H                     0.019223      -0.000000
  --------------------------------------------------------
  Sum of atomic charges =     0.000000
  Sum of spin   charges =     0.000000

 -----------------------------------------------------------------
                    Cartesian Multipole Moments
 -----------------------------------------------------------------
    Charge (ESU x 10^10)
                 0.0000
    Dipole Moment (Debye)
         X      -1.1323      Y      -1.2320      Z      -0.1441
       Tot       1.6795
    Quadrupole Moments (Debye-Ang)
        XX     -31.6702     XY      -2.5059     YY     -33.8495
        XZ      -0.3356     YZ       1.0147     ZZ     -35.9211
    Octopole Moments (Debye-Ang^2)
       XXX       5.7531    XXY      -3.4381    XYY       3.2973
       YYY       5.3432    XXZ      -5.3280    XYZ      -1.4486
       YYZ     -10.3415    XZZ      -0.6816    YZZ       2.4061
       ZZZ     -29.5743
    Hexadecapole Moments (Debye-Ang^3)
      XXXX    -683.5531   XXXY     -84.9799   XXYY    -136.4570
      XYYY     -75.3231   YYYY    -134.6641   XXXZ      38.1769
      XXYZ       4.9593   XYYZ      10.3052   YYYZ      25.9342
      XXZZ    -143.3109   XYZZ     -22.5821   YYZZ     -44.3806
      XZZZ      27.0313   YZZZ      24.5438   ZZZZ    -158.1336
 -----------------------------------------------------------------
 Calculating analytic gradient of the SCF energy
 Gradient of SCF Energy
            1           2           3           4           5           6
    1  -0.0000209  -0.0000002  -0.0000073   0.0000020   0.0000006  -0.0001692
    2   0.0000748   0.0000072  -0.0000039  -0.0000047  -0.0000111   0.0001096
    3  -0.0000617  -0.0000058   0.0000100  -0.0000003   0.0000080   0.0000284
            7           8           9          10          11          12
    1   0.0000048   0.0000033  -0.0000017  -0.0000004   0.0000008   0.0001880
    2   0.0000046  -0.0000011   0.0000030  -0.0000018  -0.0000037  -0.0001729
    3  -0.0000123   0.0000025  -0.0000000  -0.0000053   0.0000021   0.0000345
 Max gradient component =       1.880E-04
 RMS gradient           =       5.736E-05
 Gradient time:  CPU 8.37 s  wall 0.76 s
 Geometry Optimization Parameters
   NAtoms,    NIC,     NZ,  NCons,   NDum,   NFix, NCnnct, MaxDiis
       12      67       0       1       0       0       0       0


** CONSTRAINED OPTIMIZATION IN DELOCALIZED INTERNAL COORDINATES **
   Searching for a Minimum

   Optimization Cycle:   1

                       Coordinates (Angstroms)
     ATOM                X               Y               Z
      1  S         1.4556050000    0.1536340000    0.5372190000
      2  C        -1.2753650000   -0.0833960000    0.6734140000
      3  C        -0.1436240000   -0.5131390000    0.1095620000
      4  C        -2.6478160000   -0.5145750000    0.2457310000
      5  H        -1.2183510000    0.6346050000    1.4907380000
      6  H         2.9034090000    2.4028280000   -2.4857370000
      7  H         2.1437400000   -1.0056780000    0.5011400000
      8  H        -0.1571130000   -1.2287330000   -0.7092490000
      9  H        -3.2077920000   -0.9374060000    1.0888390000
     10  H        -3.2318790000    0.3379850000   -0.1235950000
     11  H        -2.6076130000   -1.2647110000   -0.5493920000
     12  H         2.6993990000    1.9223870000   -1.9556690000
   Point Group: c1    Number of degrees of freedom:    30


   Energy is   -517.284970230

              Constraints and their Current Values
                                        Value     Constraint
   Distance(Angs):        1  12             3.300000     3.400000

 Attempting to Generate Delocalized Internal Coordinates

   Using Lagrange Multiplier Algorithm


 31 Hessian modes will be used to form the next step
  Hessian Eigenvalues:
    -0.995012    0.045000    0.045000    0.045000    0.045002    0.045160
     0.091757    0.092795    0.094058    0.159654    0.159995    0.160000
     0.160000    0.160000    0.160000    0.160478    0.200000    0.200000
     0.220002    0.220118    0.257427    0.273632    0.322918    0.339660
     0.340272    0.343698    0.348820    0.351004    0.386147    0.582352
     1.005013

 Minimum Search - Taking P-RFO Step
 Searching for Lamda that Maximizes Along the Constraint modes Only
 Value Taken    Lamda =   0.01770542
 Searching for Lamda that Minimizes Along All other modes
 Value Taken    Lamda =  -0.01739053
 Step Taken.  Stepsize is  0.185716

                             Maximum     Tolerance    Cnvgd?
         Gradient            0.188972       0.000300      NO
         Displacement        0.185713       0.001200      NO
         Energy change     *********       0.000001      NO


 New Cartesian Coordinates Obtained by Inverse Iteration

 Displacement from previous Coordinates is:  0.224728
 ----------------------------------------------------------------
             Standard Nuclear Orientation (Angstroms)
    I     Atom           X                Y                Z
 ----------------------------------------------------------------
    1      S       1.4476896039     0.1380653791     0.5568879972
    2      C      -1.2843725654    -0.0920814388     0.6826943949
    3      C      -0.1517632387    -0.5232560147     0.1216849091
    4      C      -2.6564184999    -0.5184018646     0.2488858314
    5      H      -1.2283929124     0.6235060608     1.5022044413
    6      H       2.9487185916     2.4441826085    -2.5293979198
    7      H       2.1328139334    -1.0230042722     0.5200247816
    8      H      -0.1642397026    -1.2365089822    -0.6991845588
    9      H      -3.2205219618    -0.9421532187     1.0887741859
   10      H      -3.2368967344     0.3367542969    -0.1200830973
   11      H      -2.6153502606    -1.2663727514    -0.5482314881
   12      H       2.7413337471     1.9630711973    -2.0012584774
 ----------------------------------------------------------------
 Nuclear Repulsion Energy =   155.0433039128 hartrees
 There are       21 alpha and       21 beta electrons

                       Distance Matrix (Angstroms)
             S (  1)   C (  2)   C (  3)   C (  4)   H (  5)   H (  6)
   C (  2)  2.744624
   C (  3)  1.784656  1.335458
   C (  4)  4.167675  1.500816  2.507888
   H (  5)  2.879356  1.089402  2.092852  2.216759
   H (  6)  4.134782  5.888059  5.044494  6.921945  6.084155
   H (  7)  1.348643  3.545454  2.372281  4.823369  3.869546  4.688930
   H (  8)  2.462821  2.115184  1.087526  2.761425  3.072164  5.156324
   H (  9)  4.820993  2.153183  3.244691  1.096900  2.567254  7.913152
   H ( 10)  4.737417  2.154229  3.211871  1.097445  2.597717  6.964761
   H ( 11)  4.438697  2.160009  2.658998  1.093866  3.114415  6.975106
   H ( 12)  3.398275  5.256764  4.365630  6.352683  5.461448  0.743914
             H (  7)   H (  8)   H (  9)   H ( 10)   H ( 11)
   H (  8)  2.609312
   H (  9)  5.384071  3.553070
   H ( 10)  5.576063  3.500248  1.759889
   H ( 11)  4.872932  2.455936  1.775145  1.771905
   H ( 12)  3.955226  4.513875  7.316581  6.474795  6.421422
 
 Applying Cartesian multipole field
    Component          Value
    ---------          -----
     (2,0,0)        1.00000E-11
     (0,2,0)        2.00000E-11
     (0,0,2)       -3.00000E-11
 Nucleus-field energy     =     0.0000000037 hartrees
 Requested basis set is 6-31G(d,p)
 There are 41 shells and 104 basis functions
 A cutoff of  1.0D-14 yielded    751 shell pairs
 There are      4981 function pairs
 Smallest overlap matrix eigenvalue = 4.15E-03
 Guess from superposition of atomic densities
 Warning:  Energy on first SCF cycle will be non-variational
 SAD guess density has 42.000000 electrons

 -----------------------------------------------------------------------
  General SCF calculation program by
  Eric Jon Sundstrom, Paul Horn, Yuezhi Mao, Dmitri Zuev, Alec White,
  David Stuck, Shaama M.S., Shane Yost, Joonho Lee, David Small,
  Daniel Levine, Susi Lehtola, Hugh Burton, Evgeny Epifanovsky
 -----------------------------------------------------------------------
 Exchange:     0.2000 Hartree-Fock + 0.0800 Slater + 0.7200 B88
 Correlation:  0.1900 VWN1RPA + 0.8100 LYP
 Using SG-1 standard quadrature grid
 using 12 threads for integral computing
 -------------------------------------------------------
 OpenMP Integral computing Module                
 Release: version 1.0, May 2013, Q-Chem Inc. Pittsburgh 
 -------------------------------------------------------
 -------------------------------------------------------
 OpenMP BLAS3 based DFT computing Module                
 Release: version 1.0, May 2013, Q-Chem Inc. Pittsburgh 
 -------------------------------------------------------
 A unrestricted SCF calculation will be
 performed using DIIS
 SCF converges when DIIS error is below 1.0e-06
 Alpha HF Exchange    Energy =  -4.33424950807902
 Beta HF Exchange     Energy =  -4.33424950807902
 DFT Correlation      Energy =  -1.85994771107030
 DFT Exchange         Energy = -33.97748276395375
 One-Electron (alpha) Energy = -506.28922007013296
 One-Electron (beta)  Energy = -506.28922007013296
 Total Coulomb        Energy = 384.43360122087410
 ---------------------------------------
  Cycle       Energy         DIIS error
 ---------------------------------------
    1    -517.6074644941      3.04e-02  
 Alpha HF Exchange    Energy =  -4.35711015827488
 Beta HF Exchange     Energy =  -4.35711015827488
 DFT Correlation      Energy =  -1.88943295751666
 DFT Exchange         Energy = -34.58030645157178
 One-Electron (alpha) Energy = -509.69032476783218
 One-Electron (beta)  Energy = -509.69032476783218
 Total Coulomb        Energy = 392.31368912386154
    2    -517.2076162209      3.54e-03  
 Alpha HF Exchange    Energy =  -4.30746216350965
 Beta HF Exchange     Energy =  -4.30746216350965
 DFT Correlation      Energy =  -1.86530036096064
 DFT Exchange         Energy = -34.15442173767093
 One-Electron (alpha) Energy = -506.54367822873689
 One-Electron (beta)  Energy = -506.54367822873684
 Total Coulomb        Energy = 385.49505854339600
    3    -517.1836404232      4.06e-03  
 Alpha HF Exchange    Energy =  -4.32885434090417
 Beta HF Exchange     Energy =  -4.32885434090417
 DFT Correlation      Energy =  -1.87682112187394
 DFT Exchange         Energy = -34.33782110408202
 One-Electron (alpha) Energy = -507.98257187184834
 One-Electron (beta)  Energy = -507.98257187184879
 Total Coulomb        Energy = 388.51146653110595
    4    -517.2827242038      6.02e-04  
 Alpha HF Exchange    Energy =  -4.33090844928892
 Beta HF Exchange     Energy =  -4.33090844928891
 DFT Correlation      Energy =  -1.87743049977996
 DFT Exchange         Energy = -34.35379562212614
 One-Electron (alpha) Energy = -508.15288647786161
 One-Electron (beta)  Energy = -508.15288647786144
 Total Coulomb        Energy = 388.87099092782910
    5    -517.2845211319      2.84e-04  
 Alpha HF Exchange    Energy =  -4.33064182282227
 Beta HF Exchange     Energy =  -4.33064182282227
 DFT Correlation      Energy =  -1.87724518684929
 DFT Exchange         Energy = -34.35136013591567
 One-Electron (alpha) Energy = -508.10987771955723
 One-Electron (beta)  Energy = -508.10987771955712
 Total Coulomb        Energy = 388.78140330626184
    6    -517.2849371847      7.87e-05  
 Alpha HF Exchange    Energy =  -4.33044561478513
 Beta HF Exchange     Energy =  -4.33044561478513
 DFT Correlation      Energy =  -1.87719787286616
 DFT Exchange         Energy = -34.34987636646926
 One-Electron (alpha) Energy = -508.09685399443629
 One-Electron (beta)  Energy = -508.09685399443589
 Total Coulomb        Energy = 388.75339601420558
    7    -517.2849735271      1.84e-05  
 Alpha HF Exchange    Energy =  -4.33047902986955
 Beta HF Exchange     Energy =  -4.33047902986955
 DFT Correlation      Energy =  -1.87721099124535
 DFT Exchange         Energy = -34.35010679332483
 One-Electron (alpha) Energy = -508.09980335495510
 One-Electron (beta)  Energy = -508.09980335495482
 Total Coulomb        Energy = 388.75960328329847
    8    -517.2849753544      3.36e-06  
 Alpha HF Exchange    Energy =  -4.33048800784530
 Beta HF Exchange     Energy =  -4.33048800784530
 DFT Correlation      Energy =  -1.87721439197173
 DFT Exchange         Energy = -34.35017889328900
 One-Electron (alpha) Energy = -508.10084712305132
 One-Electron (beta)  Energy = -508.10084712305166
 Total Coulomb        Energy = 388.76178421722204
    9    -517.2849754133      8.51e-07  Convergence criterion met
 ---------------------------------------
 SCF time:   CPU 20.65s  wall 2.00s 
<S^2> =          0.000000000
 Alpha HF Exchange    Energy =  -4.33048800784530
 Beta HF Exchange     Energy =  -4.33048800784530
 DFT Correlation      Energy =  -1.87721439197173
 DFT Exchange         Energy = -34.35017889328900
 One-Electron (alpha) Energy = -508.10084712305132
 One-Electron (beta)  Energy = -508.10084712305166
 Total Coulomb        Energy = 388.76178421722204
 Nuclear repulsion Energy = 155.04330391652090
 SCF   energy in the final basis set =     -517.2849754133
 Total energy in the final basis set =     -517.2849754133
 
 --------------------------------------------------------------
 
                    Orbital Energies (a.u.)
 --------------------------------------------------------------
 
 Alpha MOs
 -- Occupied --
-88.884 -10.215 -10.198 -10.190  -7.946  -5.911  -5.907  -5.901
 -0.813  -0.747  -0.662  -0.556  -0.465  -0.442  -0.419  -0.417
 -0.390  -0.371  -0.337  -0.291  -0.224
 -- Virtual --
  0.009   0.035   0.073   0.110   0.118   0.126   0.167   0.172
  0.174   0.270   0.302   0.338   0.374   0.386   0.416   0.489
  0.524   0.527   0.604   0.615   0.631   0.644   0.701   0.731
  0.734   0.765   0.794   0.816   0.850   0.863   0.873   0.900
  0.924   0.971   0.993   1.100   1.117   1.161   1.267   1.299
  1.316   1.425   1.598   1.625   1.688   1.688   1.817   1.825
  1.904   1.958   2.038   2.049   2.075   2.086   2.114   2.126
  2.202   2.219   2.359   2.391   2.413   2.480   2.529   2.544
  2.588   2.628   2.628   2.676   2.731   2.801   2.855   2.861
  2.929   3.172   3.389   3.419   3.442   3.484   3.990   4.162
  4.182   4.343   4.563
 
 Beta MOs
 -- Occupied --
-88.884 -10.215 -10.198 -10.190  -7.946  -5.911  -5.907  -5.901
 -0.813  -0.747  -0.662  -0.556  -0.465  -0.442  -0.419  -0.417
 -0.390  -0.371  -0.337  -0.291  -0.224
 -- Virtual --
  0.009   0.035   0.073   0.110   0.118   0.126   0.167   0.172
  0.174   0.270   0.302   0.338   0.374   0.386   0.416   0.489
  0.524   0.527   0.604   0.615   0.631   0.644   0.701   0.731
  0.734   0.765   0.794   0.816   0.850   0.863   0.873   0.900
  0.924   0.971   0.993   1.100   1.117   1.161   1.267   1.299
  1.316   1.425   1.598   1.625   1.688   1.688   1.817   1.825
  1.904   1.958   2.038   2.049   2.075   2.086   2.114   2.126
  2.202   2.219   2.359   2.391   2.413   2.480   2.529   2.544
  2.588   2.628   2.628   2.676   2.731   2.801   2.855   2.861
  2.929   3.172   3.389   3.419   3.442   3.484   3.990   4.162
  4.182   4.343   4.563
 --------------------------------------------------------------
 
          Ground-State Mulliken Net Atomic Charges

     Atom                 Charge (a.u.)    Spin (a.u.)
  --------------------------------------------------------
      1 S                    -0.006855       0.000000
      2 C                    -0.029573      -0.000000
      3 C                    -0.246432       0.000000
      4 C                    -0.351495       0.000000
      5 H                     0.102605      -0.000000
      6 H                    -0.022692       0.000000
      7 H                     0.060345      -0.000000
      8 H                     0.118985       0.000000
      9 H                     0.121263       0.000000
     10 H                     0.123608       0.000000
     11 H                     0.111956       0.000000
     12 H                     0.018285      -0.000000
  --------------------------------------------------------
  Sum of atomic charges =     0.000000
  Sum of spin   charges =     0.000000

 -----------------------------------------------------------------
                    Cartesian Multipole Moments
 -----------------------------------------------------------------
    Charge (ESU x 10^10)
                 0.0000
    Dipole Moment (Debye)
         X      -1.1270      Y      -1.2199      Z      -0.1615
       Tot       1.6686
    Quadrupole Moments (Debye-Ang)
        XX     -31.6502     XY      -2.4711     YY     -33.7990
        XZ      -0.3653     YZ       0.9769     ZZ     -35.9054
    Octopole Moments (Debye-Ang^2)
       XXX       6.2637    XXY      -3.0801    XYY       3.6423
       YYY       6.2038    XXZ      -5.6948    XYZ      -1.5842
       YYZ     -10.7499    XZZ      -0.3909    YZZ       2.8019
       ZZZ     -30.7287
    Hexadecapole Moments (Debye-Ang^3)
      XXXX    -687.4203   XXXY     -85.5047   XXYY    -137.0828
      XYYY     -75.9657   YYYY    -136.7885   XXXZ      38.7388
      XXYZ       5.0871   XYYZ      10.3242   YYYZ      27.2709
      XXZZ    -144.2489   XYZZ     -22.5241   YYZZ     -45.2190
      XZZZ      27.4578   YZZZ      25.9181   ZZZZ    -162.6830
 -----------------------------------------------------------------
 Calculating analytic gradient of the SCF energy
 Gradient of SCF Energy
            1           2           3           4           5           6
    1  -0.0000600  -0.0000005  -0.0000084   0.0000021  -0.0000003  -0.0001066
    2   0.0000287   0.0000124  -0.0000168  -0.0000076  -0.0000068   0.0001872
    3   0.0000042   0.0000025   0.0000028  -0.0000025   0.0000065  -0.0000725
            7           8           9          10          11          12
    1   0.0000069   0.0000080  -0.0000010   0.0000063   0.0000013   0.0001522
    2   0.0000011   0.0000045   0.0000034  -0.0000002  -0.0000046  -0.0002014
    3  -0.0000091   0.0000006  -0.0000006  -0.0000033   0.0000035   0.0000678
 Max gradient component =       2.014E-04
 RMS gradient           =       5.903E-05
 Gradient time:  CPU 8.02 s  wall 0.71 s
 Geometry Optimization Parameters
   NAtoms,    NIC,     NZ,  NCons,   NDum,   NFix, NCnnct, MaxDiis
       12      67       0       1       0       0       0       0

 Cartesian Hessian Update
 Hessian Updated using BFGS Update


** CONSTRAINED OPTIMIZATION IN DELOCALIZED INTERNAL COORDINATES **
   Searching for a Minimum

   Optimization Cycle:   2

                       Coordinates (Angstroms)
     ATOM                X               Y               Z
      1  S         1.4476896039    0.1380653791    0.5568879972
      2  C        -1.2843725654   -0.0920814388    0.6826943949
      3  C        -0.1517632387   -0.5232560147    0.1216849091
      4  C        -2.6564184999   -0.5184018646    0.2488858314
      5  H        -1.2283929124    0.6235060608    1.5022044413
      6  H         2.9487185916    2.4441826085   -2.5293979198
      7  H         2.1328139334   -1.0230042722    0.5200247816
      8  H        -0.1642397026   -1.2365089822   -0.6991845588
      9  H        -3.2205219618   -0.9421532187    1.0887741859
     10  H        -3.2368967344    0.3367542969   -0.1200830973
     11  H        -2.6153502606   -1.2663727514   -0.5482314881
     12  H         2.7413337471    1.9630711973   -2.0012584774
   Point Group: c1    Number of degrees of freedom:    30


   Energy is   -517.284975413

              Constraints and their Current Values
                                        Value     Constraint
   Distance(Angs):        1  12             3.398275     3.400000
 Hessian Updated using BFGS Update

   Using Lagrange Multiplier Algorithm


 29 Hessian modes will be used to form the next step
  Hessian Eigenvalues:
    -0.999762    0.045000    0.045001    0.045003    0.045161    0.091757
     0.092795    0.094058    0.159657    0.159991    0.159995    0.160000
     0.160008    0.160475    0.199944    0.200001    0.220002    0.220139
     0.257428    0.273637    0.322921    0.339661    0.340272    0.343698
     0.348820    0.351004    0.387329    0.582352    1.000239

 Minimum Search - Taking P-RFO Step
 Searching for Lamda that Maximizes Along the Constraint modes Only
 Value Taken    Lamda =   0.00000118
 Searching for Lamda that Minimizes Along All other modes
 Value Taken    Lamda =  -0.00001267
 Step Taken.  Stepsize is  0.003436

                             Maximum     Tolerance    Cnvgd?
         Gradient            0.003259       0.000300      NO
         Displacement        0.003259       0.001200      NO
         Energy change     -0.000005       0.000001      NO


 New Cartesian Coordinates Obtained by Inverse Iteration

 Displacement from previous Coordinates is:  0.003792
 ----------------------------------------------------------------
             Standard Nuclear Orientation (Angstroms)
    I     Atom           X                Y                Z
 ----------------------------------------------------------------
    1      S       1.4477516213     0.1376539408     0.5575434925
    2      C      -1.2844274789    -0.0922137851     0.6829117026
    3      C      -0.1517505096    -0.5233766783     0.1220277085
    4      C      -2.6564444443    -0.5183359876     0.2487767657
    5      H      -1.2285395104     0.6232347168     1.5025470042
    6      H       2.9489581965     2.4445326999    -2.5302090939
    7      H       2.1327098010    -1.0235010219     0.5205851554
    8      H      -0.1642299945    -1.2364994924    -0.6989615061
    9      H      -3.2206940902    -0.9422930628     1.0884649515
   10      H      -3.2368611078     0.3369194979    -0.1200661530
   11      H      -2.6152874258    -1.2660990773    -0.5485333576
   12      H       2.7414149429     1.9637792500    -2.0020856698
 ----------------------------------------------------------------
 Nuclear Repulsion Energy =   155.0393648019 hartrees
 There are       21 alpha and       21 beta electrons

                       Distance Matrix (Angstroms)
             S (  1)   C (  2)   C (  3)   C (  4)   H (  5)   H (  6)
   C (  2)  2.744697
   C (  3)  1.784669  1.335459
   C (  4)  4.167743  1.500828  2.507904
   H (  5)  2.879471  1.089400  2.092851  2.216763
   H (  6)  4.136366  5.889039  5.045517  6.922564  6.085371
   H (  7)  1.348634  3.545486  2.372284  4.823388  3.869623  4.690508
   H (  8)  2.462841  2.115137  1.087531  2.761358  3.072134  5.157073
   H (  9)  4.821053  2.153192  3.244674  1.096902  2.567298  7.913912
   H ( 10)  4.737558  2.154281  3.211951  1.097447  2.597731  6.965284
   H ( 11)  4.438718  2.160012  2.659004  1.093868  3.114415  6.975432
   H ( 12)  3.400000  5.257730  4.366716  6.353280  5.462605  0.743715
             H (  7)   H (  8)   H (  9)   H ( 10)   H ( 11)
   H (  8)  2.609328
   H (  9)  5.384052  3.552946
   H ( 10)  5.576152  3.500261  1.759885
   H ( 11)  4.872920  2.455848  1.775143  1.771893
   H ( 12)  3.957049  4.514719  7.317343  6.475219  6.421775
 
 Applying Cartesian multipole field
    Component          Value
    ---------          -----
     (2,0,0)        1.00000E-11
     (0,2,0)        2.00000E-11
     (0,0,2)       -3.00000E-11
 Nucleus-field energy     =     0.0000000037 hartrees
 Requested basis set is 6-31G(d,p)
 There are 41 shells and 104 basis functions
 A cutoff of  1.0D-14 yielded    751 shell pairs
 There are      4981 function pairs
 Smallest overlap matrix eigenvalue = 4.15E-03
 Guess from superposition of atomic densities
 Warning:  Energy on first SCF cycle will be non-variational
 SAD guess density has 42.000000 electrons

 -----------------------------------------------------------------------
  General SCF calculation program by
  Eric Jon Sundstrom, Paul Horn, Yuezhi Mao, Dmitri Zuev, Alec White,
  David Stuck, Shaama M.S., Shane Yost, Joonho Lee, David Small,
  Daniel Levine, Susi Lehtola, Hugh Burton, Evgeny Epifanovsky
 -----------------------------------------------------------------------
 Exchange:     0.2000 Hartree-Fock + 0.0800 Slater + 0.7200 B88
 Correlation:  0.1900 VWN1RPA + 0.8100 LYP
 Using SG-1 standard quadrature grid
 using 12 threads for integral computing
 -------------------------------------------------------
 OpenMP Integral computing Module                
 Release: version 1.0, May 2013, Q-Chem Inc. Pittsburgh 
 -------------------------------------------------------
 -------------------------------------------------------
 OpenMP BLAS3 based DFT computing Module                
 Release: version 1.0, May 2013, Q-Chem Inc. Pittsburgh 
 -------------------------------------------------------
 A unrestricted SCF calculation will be
 performed using DIIS
 SCF converges when DIIS error is below 1.0e-06
 Alpha HF Exchange    Energy =  -4.33425069119094
 Beta HF Exchange     Energy =  -4.33425069119094
 DFT Correlation      Energy =  -1.85994550483988
 DFT Exchange         Energy = -33.97748918119323
 One-Electron (alpha) Energy = -506.28520365694885
 One-Electron (beta)  Energy = -506.28520365694885
 Total Coulomb        Energy = 384.42956167394624
 ---------------------------------------
  Cycle       Energy         DIIS error
 ---------------------------------------
    1    -517.6074169027      3.04e-02  
 Alpha HF Exchange    Energy =  -4.35711663118496
 Beta HF Exchange     Energy =  -4.35711663118496
 DFT Correlation      Energy =  -1.88943229265200
 DFT Exchange         Energy = -34.58035370267056
 One-Electron (alpha) Energy = -509.68632583572509
 One-Electron (beta)  Energy = -509.68632583572503
 Total Coulomb        Energy = 392.30968994805755
    2    -517.2076161755      3.54e-03  
 Alpha HF Exchange    Energy =  -4.30746761289030
 Beta HF Exchange     Energy =  -4.30746761289029
 DFT Correlation      Energy =  -1.86529937359661
 DFT Exchange         Energy = -34.15446114416848
 One-Electron (alpha) Energy = -506.53973760905552
 One-Electron (beta)  Energy = -506.53973760905535
 Total Coulomb        Energy = 385.49116242782986
    3    -517.1836437282      4.06e-03  
 Alpha HF Exchange    Energy =  -4.32885951652129
 Beta HF Exchange     Energy =  -4.32885951652129
 DFT Correlation      Energy =  -1.87682006550568
 DFT Exchange         Energy = -34.33785871242204
 One-Electron (alpha) Energy = -507.97859109668457
 One-Electron (beta)  Energy = -507.97859109668457
 Total Coulomb        Energy = 388.50749088489721
    4    -517.2827243138      6.02e-04  
 Alpha HF Exchange    Energy =  -4.33091378477693
 Beta HF Exchange     Energy =  -4.33091378477694
 DFT Correlation      Energy =  -1.87742949364074
 DFT Exchange         Energy = -34.35383449409576
 One-Electron (alpha) Energy = -508.14890906328446
 One-Electron (beta)  Energy = -508.14890906328469
 Total Coulomb        Energy = 388.86702362786929
    5    -517.2845212504      2.84e-04  
 Alpha HF Exchange    Energy =  -4.33064713144444
 Beta HF Exchange     Energy =  -4.33064713144443
 DFT Correlation      Energy =  -1.87724416076506
 DFT Exchange         Energy = -34.35139874445956
 One-Electron (alpha) Energy = -508.10589476725721
 One-Electron (beta)  Energy = -508.10589476725676
 Total Coulomb        Energy = 388.77742454826262
    6    -517.2849373487      7.87e-05  
 Alpha HF Exchange    Energy =  -4.33045091205523
 Beta HF Exchange     Energy =  -4.33045091205523
 DFT Correlation      Energy =  -1.87719684187816
 DFT Exchange         Energy = -34.34991488567913
 One-Electron (alpha) Energy = -508.09287126055790
 One-Electron (beta)  Energy = -508.09287126055790
 Total Coulomb        Energy = 388.74941757629404
    7    -517.2849736909      1.84e-05  
 Alpha HF Exchange    Energy =  -4.33048432972109
 Beta HF Exchange     Energy =  -4.33048432972110
 DFT Correlation      Energy =  -1.87720996179942
 DFT Exchange         Energy = -34.35014533403584
 One-Electron (alpha) Energy = -508.09582088905887
 One-Electron (beta)  Energy = -508.09582088905944
 Total Coulomb        Energy = 388.75562540945896
    8    -517.2849755183      3.36e-06  
 Alpha HF Exchange    Energy =  -4.33049330790406
 Beta HF Exchange     Energy =  -4.33049330790406
 DFT Correlation      Energy =  -1.87721336270051
 DFT Exchange         Energy = -34.35021743716297
 One-Electron (alpha) Energy = -508.09686468575472
 One-Electron (beta)  Energy = -508.09686468575489
 Total Coulomb        Energy = 388.75780640431560
    9    -517.2849755772      8.51e-07  Convergence criterion met
 ---------------------------------------
 SCF time:   CPU 20.60s  wall 2.00s 
<S^2> =         -0.000000000
 Alpha HF Exchange    Energy =  -4.33049330790406
 Beta HF Exchange     Energy =  -4.33049330790406
 DFT Correlation      Energy =  -1.87721336270051
 DFT Exchange         Energy = -34.35021743716297
 One-Electron (alpha) Energy = -508.09686468575472
 One-Electron (beta)  Energy = -508.09686468575489
 Total Coulomb        Energy = 388.75780640431560
 Nuclear repulsion Energy = 155.03936480562780
 SCF   energy in the final basis set =     -517.2849755772
 Total energy in the final basis set =     -517.2849755772
 
 --------------------------------------------------------------
 
                    Orbital Energies (a.u.)
 --------------------------------------------------------------
 
 Alpha MOs
 -- Occupied --
-88.884 -10.215 -10.198 -10.190  -7.946  -5.911  -5.907  -5.901
 -0.813  -0.747  -0.662  -0.556  -0.465  -0.442  -0.419  -0.417
 -0.390  -0.371  -0.337  -0.291  -0.224
 -- Virtual --
  0.009   0.035   0.073   0.110   0.118   0.126   0.167   0.172
  0.174   0.270   0.302   0.338   0.374   0.386   0.416   0.489
  0.524   0.527   0.604   0.615   0.631   0.644   0.701   0.731
  0.734   0.765   0.794   0.816   0.850   0.863   0.873   0.900
  0.924   0.971   0.993   1.100   1.117   1.161   1.267   1.299
  1.316   1.425   1.598   1.625   1.688   1.688   1.817   1.825
  1.904   1.958   2.038   2.049   2.075   2.086   2.114   2.126
  2.202   2.219   2.359   2.391   2.413   2.480   2.529   2.544
  2.588   2.628   2.628   2.676   2.731   2.801   2.855   2.861
  2.929   3.172   3.389   3.419   3.441   3.484   3.990   4.163
  4.182   4.343   4.563
 
 Beta MOs
 -- Occupied --
-88.884 -10.215 -10.198 -10.190  -7.946  -5.911  -5.907  -5.901
 -0.813  -0.747  -0.662  -0.556  -0.465  -0.442  -0.419  -0.417
 -0.390  -0.371  -0.337  -0.291  -0.224
 -- Virtual --
  0.009   0.035   0.073   0.110   0.118   0.126   0.167   0.172
  0.174   0.270   0.302   0.338   0.374   0.386   0.416   0.489
  0.524   0.527   0.604   0.615   0.631   0.644   0.701   0.731
  0.734   0.765   0.794   0.816   0.850   0.863   0.873   0.900
  0.924   0.971   0.993   1.100   1.117   1.161   1.267   1.299
  1.316   1.425   1.598   1.625   1.688   1.688   1.817   1.825
  1.904   1.958   2.038   2.049   2.075   2.086   2.114   2.126
  2.202   2.219   2.359   2.391   2.413   2.480   2.529   2.544
  2.588   2.628   2.628   2.676   2.731   2.801   2.855   2.861
  2.929   3.172   3.389   3.419   3.441   3.484   3.990   4.163
  4.182   4.343   4.563
 --------------------------------------------------------------
 
          Ground-State Mulliken Net Atomic Charges

     Atom                 Charge (a.u.)    Spin (a.u.)
  --------------------------------------------------------
      1 S                    -0.006852      -0.000000
      2 C                    -0.029573      -0.000000
      3 C                    -0.246436       0.000000
      4 C                    -0.351496       0.000000
      5 H                     0.102601      -0.000000
      6 H                    -0.022666      -0.000000
      7 H                     0.060346       0.000000
      8 H                     0.118979       0.000000
      9 H                     0.121264      -0.000000
     10 H                     0.123606      -0.000000
     11 H                     0.111955       0.000000
     12 H                     0.018272       0.000000
  --------------------------------------------------------
  Sum of atomic charges =    -0.000000
  Sum of spin   charges =    -0.000000

 -----------------------------------------------------------------
                    Cartesian Multipole Moments
 -----------------------------------------------------------------
    Charge (ESU x 10^10)
                 0.0000
    Dipole Moment (Debye)
         X      -1.1269      Y      -1.2196      Z      -0.1620
       Tot       1.6684
    Quadrupole Moments (Debye-Ang)
        XX     -31.6497     XY      -2.4708     YY     -33.7981
        XZ      -0.3659     YZ       0.9761     ZZ     -35.9050
    Octopole Moments (Debye-Ang^2)
       XXX       6.2636    XXY      -3.0732    XYY       3.6460
       YYY       6.2219    XXZ      -5.7063    XYZ      -1.5869
       YYZ     -10.7597    XZZ      -0.3885    YZZ       2.8101
       ZZZ     -30.7641
    Hexadecapole Moments (Debye-Ang^3)
      XXXX    -687.4344   XXXY     -85.4816   XXYY    -137.0815
      XYYY     -75.9489   YYYY    -136.8048   XXXZ      38.7038
      XXYZ       5.0862   XYYZ      10.3131   YYYZ      27.2942
      XXZZ    -144.2605   XYZZ     -22.5128   YYZZ     -45.2365
      XZZZ      27.4169   YZZZ      25.9394   ZZZZ    -162.7890
 -----------------------------------------------------------------
 Calculating analytic gradient of the SCF energy
 Gradient of SCF Energy
            1           2           3           4           5           6
    1  -0.0000486   0.0000001  -0.0000040  -0.0000011  -0.0000001  -0.0001445
    2   0.0000244   0.0000028  -0.0000079  -0.0000030  -0.0000075   0.0000964
    3   0.0000036   0.0000009   0.0000105  -0.0000017   0.0000045   0.0000265
            7           8           9          10          11          12
    1   0.0000059   0.0000021  -0.0000018   0.0000008   0.0000012   0.0001901
    2   0.0000049   0.0000026   0.0000030  -0.0000019  -0.0000041  -0.0001098
    3  -0.0000084  -0.0000002  -0.0000007  -0.0000053   0.0000024  -0.0000321
 Max gradient component =       1.901E-04
 RMS gradient           =       4.819E-05
 Gradient time:  CPU 8.04 s  wall 0.71 s
 Geometry Optimization Parameters
   NAtoms,    NIC,     NZ,  NCons,   NDum,   NFix, NCnnct, MaxDiis
       12      67       0       1       0       0       0       0

 Cartesian Hessian Update
 Hessian Updated using BFGS Update


** CONSTRAINED OPTIMIZATION IN DELOCALIZED INTERNAL COORDINATES **
   Searching for a Minimum

   Optimization Cycle:   3

                       Coordinates (Angstroms)
     ATOM                X               Y               Z
      1  S         1.4477516213    0.1376539408    0.5575434925
      2  C        -1.2844274789   -0.0922137851    0.6829117026
      3  C        -0.1517505096   -0.5233766783    0.1220277085
      4  C        -2.6564444443   -0.5183359876    0.2487767657
      5  H        -1.2285395104    0.6232347168    1.5025470042
      6  H         2.9489581965    2.4445326999   -2.5302090939
      7  H         2.1327098010   -1.0235010219    0.5205851554
      8  H        -0.1642299945   -1.2364994924   -0.6989615061
      9  H        -3.2206940902   -0.9422930628    1.0884649515
     10  H        -3.2368611078    0.3369194979   -0.1200661530
     11  H        -2.6152874258   -1.2660990773   -0.5485333576
     12  H         2.7414149429    1.9637792500   -2.0020856698
   Point Group: c1    Number of degrees of freedom:    30


   Energy is   -517.284975577

              Constraints and their Current Values
                                        Value     Constraint
   Distance(Angs):        1  12             3.400000     3.400000
 Hessian Updated using BFGS Update

 27 Hessian modes will be used to form the next step
  Hessian Eigenvalues:
     0.025942    0.045000    0.045002    0.045031    0.045160    0.049738
     0.092516    0.092826    0.094104    0.159779    0.160000    0.160315
     0.161026    0.166930    0.200001    0.220002    0.221656    0.257493
     0.274005    0.323125    0.339671    0.340273    0.343697    0.348825
     0.351004    0.581986    0.647180

 Minimum Search - Taking Simple RFO Step
 Searching for Lamda that Minimizes Along All modes
 Value Taken    Lamda =  -0.00000114
 Step Taken.  Stepsize is  0.006445

                             Maximum     Tolerance    Cnvgd?
         Gradient           0.000132      0.000300     YES
         Displacement       0.004580      0.001200      NO
         Energy change     -0.000000      0.000001     YES


                       Distance Matrix (Angstroms)
             S (  1)   C (  2)   C (  3)   C (  4)   H (  5)   H (  6)
   C (  2)  2.744697
   C (  3)  1.784669  1.335459
   C (  4)  4.167743  1.500828  2.507904
   H (  5)  2.879471  1.089400  2.092851  2.216763
   H (  6)  4.136366  5.889039  5.045517  6.922564  6.085371
   H (  7)  1.348634  3.545486  2.372284  4.823388  3.869623  4.690508
   H (  8)  2.462841  2.115137  1.087531  2.761358  3.072134  5.157073
   H (  9)  4.821053  2.153192  3.244674  1.096902  2.567298  7.913912
   H ( 10)  4.737558  2.154281  3.211951  1.097447  2.597731  6.965284
   H ( 11)  4.438718  2.160012  2.659004  1.093868  3.114415  6.975432
   H ( 12)  3.400000  5.257730  4.366716  6.353280  5.462605  0.743715
             H (  7)   H (  8)   H (  9)   H ( 10)   H ( 11)
   H (  8)  2.609328
   H (  9)  5.384052  3.552946
   H ( 10)  5.576152  3.500261  1.759885
   H ( 11)  4.872920  2.455848  1.775143  1.771893
   H ( 12)  3.957049  4.514719  7.317343  6.475219  6.421775
 
 Final energy is   -517.284975577238     


 ******************************
 **  OPTIMIZATION CONVERGED  **
 ******************************

                       Coordinates (Angstroms)
     ATOM                X               Y               Z
      1  S         1.4477516213    0.1376539408    0.5575434925
      2  C        -1.2844274789   -0.0922137851    0.6829117026
      3  C        -0.1517505096   -0.5233766783    0.1220277085
      4  C        -2.6564444443   -0.5183359876    0.2487767657
      5  H        -1.2285395104    0.6232347168    1.5025470042
      6  H         2.9489581965    2.4445326999   -2.5302090939
      7  H         2.1327098010   -1.0235010219    0.5205851554
      8  H        -0.1642299945   -1.2364994924   -0.6989615061
      9  H        -3.2206940902   -0.9422930628    1.0884649515
     10  H        -3.2368611078    0.3369194979   -0.1200661530
     11  H        -2.6152874258   -1.2660990773   -0.5485333576
     12  H         2.7414149429    1.9637792500   -2.0020856698

Z-matrix Print:
$molecule
0 1
S 
H  1 1.348634
C  1 1.784669 2 97.446656
H  3 1.087531 1 115.937086 2 -44.489114 0
C  3 1.335459 1 122.553031 2 141.108176 0
H  5 1.089400 3 118.980536 1 -5.827687 0
C  5 1.500828 3 124.208460 1 173.482678 0
H  7 1.093868 5 111.748635 3 3.021936 0
H  7 1.096902 5 111.011654 3 123.976033 0
H  7 1.097447 5 111.065792 3 -117.550176 0
H  1 3.400000 2 104.391973 3 -113.856272 0
H  11 0.743715 1 171.102981 2 179.645334 0
$end

PES scan, value:    3.4000 energy: -517.2849755772
------- Summary of potential scan: ------ 
    3.4000      -517.2849755772
----------------------------------------- 
Archival summary:
1\1\hpc0250\JobtypUnspecified\ProcedureUnspecified\6-31G**\138\knomura\WedMar1322:15:532019WedMar1322:15:532019\0\\#,JobtypUnspecified,ProcedureUnspecified,6-31G**,\\0,1\S\H,1,1.34863\C,1,1.78467,2,97.4467\H,3,1.08753,1,115.937,2,-44.4891,0\C,3,1.33546,1,122.553,2,141.108,0\H,5,1.0894,3,118.981,1,-5.82769,0\C,5,1.50083,3,124.208,1,173.483,0\H,7,1.09387,5,111.749,3,3.02194,0\H,7,1.0969,5,111.012,3,123.976,0\H,7,1.09745,5,111.066,3,-117.55,0\H,1,3.4,2,104.392,3,-113.856,0\H,11,0.743715,1,171.103,2,179.645,0\\\@

 Total job time:  9.11s(wall), 101.00s(cpu) 
 Wed Mar 13 22:15:53 2019

        *************************************************************
        *                                                           *
        *  Thank you very much for using Q-Chem.  Have a nice day.  *
        *                                                           *
        *************************************************************


