
Running Job 1 of 1 thiol/02/S-H.xyz.data/inputs/bond_triplet_3.1.in
qchem thiol/02/S-H.xyz.data/inputs/bond_triplet_3.1.in_25053.0 /staging/scratch/2868767/qchem25053/ 1
/usr/usc/qchem/5.1.1/exe/qcprog.exe_s thiol/02/S-H.xyz.data/inputs/bond_triplet_3.1.in_25053.0 /staging/scratch/2868767/qchem25053/
Check license passed

                  Welcome to Q-Chem
     A Quantum Leap Into The Future Of Chemistry


 Q-Chem 5.1, Q-Chem, Inc., Pleasanton, CA (2018)

 Yihan Shao,  Zhengting Gan,  E. Epifanovsky,  A. T. B. Gilbert,  M. Wormit,  
 J. Kussmann,  A. W. Lange,  A. Behn,  Jia Deng,  Xintian Feng,  D. Ghosh,  
 M. Goldey,  P. R. Horn,  L. D. Jacobson,  I. Kaliman,  T. Kus,  A. Landau,  
 Jie Liu,  E. I. Proynov,  R. M. Richard,  R. P. Steele,  E. J. Sundstrom,  
 H. L. Woodcock III,  P. M. Zimmerman,  D. Zuev,  B. Albrecht,  E. Alguire,  
 S. A. Baeppler,  D. Barton,  Z. Benda,  Y. A. Bernard,  E. J. Berquist,  
 K. B. Bravaya,  H. Burton,  D. Casanova,  Chun-Min Chang,  Yunqing Chen,  
 A. Chien,  K. D. Closser,  M. P. Coons,  S. Coriani,  S. Dasgupta,  
 A. L. Dempwolff,  M. Diedenhofen,  Hainam Do,  R. G. Edgar,  Po-Tung Fang,  
 S. Faraji,  S. Fatehi,  Qingguo Feng,  K. D. Fenk,  J. Fosso-Tande,  
 Qinghui Ge,  A. Ghysels,  G. Gidofalvi,  J. Gomes,  J. Gonthier,  A. Gunina,  
 D. Hait,  M. W. D. Hanson-Heine,  P. H. P. Harbach,  A. W. Hauser,  
 J. E. Herr,  E. G. Hohenstein,  Z. C. Holden,  Kerwin Hui,  B. C. Huynh,  
 T.-C. Jagau,  Hyunjun Ji,  B. Kaduk,  K. Khistyaev,  Jaehoon Kim,  
 P. Klunzinger,  K. Koh,  D. Kosenkov,  L. Koulias,  T. Kowalczyk,  
 C. M. Krauter,  A. Kunitsa,  Ka Un Lao,  A. Laurent,  K. V. Lawler,  
 Joonho Lee,  D. Lefrancois,  S. Lehtola,  D. S. Levine,  Yi-Pei Li,  
 You-Sheng Lin,  Fenglai Liu,  E. Livshits,  A. Luenser,  P. Manohar,  
 E. Mansoor,  S. F. Manzer,  Shan-Ping Mao,  Yuezhi Mao,  N. Mardirossian,  
 A. V. Marenich,  T. Markovich,  L. A. Martinez-Martinez,  S. A. Maurer,  
 N. J. Mayhall,  S. C. McKenzie,  J.-M. Mewes,  A. F. Morrison,  
 J. W. Mullinax,  K. Nanda,  T. S. Nguyen-Beck,  R. Olivares-Amaya,  
 J. A. Parkhill,  T. M. Perrine,  F. Plasser,  P. Pokhilko,  S. Prager,  
 A. Prociuk,  E. Ramos,  D. R. Rehn,  F. Rob,  M. Schneider,  N. Sergueev,  
 S. M. Sharada,  S. Sharma,  D. W. Small,  T. Stauch,  T. Stein,  
 Yu-Chuan Su,  A. J. W. Thom,  A. Tkatchenko,  T. Tsuchimochi,  N. M. Tubman,  
 L. Vogt,  M. L. Vidal,  O. Vydrov,  M. A. Watson,  J. Wenzel,  
 M. de Wergifosse,  T. A. Wesolowski,  A. White,  J. Witte,  A. Yamada,  
 Jun Yang,  K. Yao,  S. Yeganeh,  S. R. Yost,  Zhi-Qiang You,  A. Zech,  
 Igor Ying Zhang,  Xing Zhang,  Yan Zhao,  Ying Zhu,  B. R. Brooks,  
 G. K. L. Chan,  C. J. Cramer,  M. S. Gordon,  W. J. Hehre,  A. Klamt,  
 M. W. Schmidt,  C. D. Sherrill,  D. G. Truhlar,  A. Aspuru-Guzik,  R. Baer,  
 A. T. Bell,  N. A. Besley,  Jeng-Da Chai,  A. E. DePrince, III,  
 R. A. DiStasio Jr.,  A. Dreuw,  B. D. Dunietz,  T. R. Furlani,  
 Chao-Ping Hsu,  Yousung Jung,  Jing Kong,  D. S. Lambrecht,  WanZhen Liang,  
 C. Ochsenfeld,  V. A. Rassolov,  L. V. Slipchenko,  J. E. Subotnik,  
 T. Van Voorhis,  J. M. Herbert,  A. I. Krylov,  P. M. W. Gill,  M. Head-Gordon

 Contributors to earlier versions of Q-Chem not listed above: 
 R. D. Adamson,  B. Austin,  J. Baker,  G. J. O. Beran,  K. Brandhorst,  
 S. T. Brown,  E. F. C. Byrd,  A. K. Chakraborty,  C.-L. Cheng,  
 Siu Hung Chien,  D. M. Chipman,  D. L. Crittenden,  H. Dachsel,  
 R. J. Doerksen,  A. D. Dutoi,  L. Fusti-Molnar,  W. A. Goddard III,  
 A. Golubeva-Zadorozhnaya,  S. R. Gwaltney,  G. Hawkins,  A. Heyden,  
 S. Hirata,  G. Kedziora,  F. J. Keil,  C. Kelley,  Jihan Kim,  R. A. King,  
 R. Z. Khaliullin,  P. P. Korambath,  W. Kurlancheek,  A. M. Lee,  M. S. Lee,  
 S. V. Levchenko,  Ching Yeh Lin,  D. Liotard,  R. C. Lochan,  I. Lotan,  
 P. E. Maslen,  N. Nair,  D. P. O'Neill,  D. Neuhauser,  E. Neuscamman,  
 C. M. Oana,  R. Olson,  B. Peters,  R. Peverati,  P. A. Pieniazek,  
 Y. M. Rhee,  J. Ritchie,  M. A. Rohrdanz,  E. Rosta,  N. J. Russ,  
 H. F. Schaefer III,  N. E. Schultz,  N. Shenvi,  A. C. Simmonett,  A. Sodt,  
 D. Stuck,  K. S. Thanthiriwatte,  V. Vanovschi,  Tao Wang,  A. Warshel,  
 C. F. Williams,  Q. Wu,  X. Xu,  W. Zhang

 Please cite Q-Chem as follows:
 Y. Shao et al., Mol. Phys. 113, 184-215 (2015)
 DOI: 10.1080/00268976.2014.952696

 Q-Chem 5.1.1 for Intel X86 EM64T Linux

 Parts of Q-Chem use Armadillo 8.300.2 (Tropical Shenanigans).
 http://arma.sourceforge.net/

 Q-Chem begins on Wed Mar 13 22:43:26 2019  

Host: 
0

     Scratch files written to /staging/scratch/2868767/qchem25053//
 Aug318 |scratch|qcdevops|jenkins|workspace|build_RNUM 6013   
Processing $rem in /usr/usc/qchem/5.1.1/config/preferences.
 MEM_TOTAL  2000 
Input Ideriv = 2
Curr. Ideriv = -1
Max.  Ideriv = 2

Checking the input file for inconsistencies... 	...done.

--------------------------------------------------------------
User input:
--------------------------------------------------------------

$comment
potential surface scanner
$end

$rem
JOBTYPE  PES_SCAN
UNRESTRICTED TRUE
SYM_IGNORE  TRUE
GEOM_OPT_MAX_CYCLES 400
SCF_MAX_CYCLES 400
METHOD   B3LYP
BASIS   6-31G**
PDB_PRINT 2
SCF_CONVERGENCE 6
THRESH 14
SCF_PRINT 1
$end
$molecule
0 3
S 1.308733 -0.154518 -1.741461
C -0.988265 -0.096068 -0.108478
C 0.260240 -0.819377 -0.548373
C -1.987358 -1.041597 0.570979
H -1.463613 0.383307 -0.973524
H 2.193634 3.502334 -0.603370
H -0.729855 0.723651 0.583513
H 0.729270 -1.524209 0.138975
H -2.868315 -0.490032 0.914195
H -2.319176 -1.824606 -0.117189
H -1.536327 -1.529311 1.441927
H 2.113632 2.774228 -0.734193
$end
$scan
stre 1 12 3.100000 3.101000 0.100000
$end
--------------------------------------------------------------
 ----------------------------------------------------------------
             Standard Nuclear Orientation (Angstroms)
    I     Atom           X                Y                Z
 ----------------------------------------------------------------
    1      S       1.3087330000    -0.1545180000    -1.7414610000
    2      C      -0.9882650000    -0.0960680000    -0.1084780000
    3      C       0.2602400000    -0.8193770000    -0.5483730000
    4      C      -1.9873580000    -1.0415970000     0.5709790000
    5      H      -1.4636130000     0.3833070000    -0.9735240000
    6      H       2.1936340000     3.5023340000    -0.6033700000
    7      H      -0.7298550000     0.7236510000     0.5835130000
    8      H       0.7292700000    -1.5242090000     0.1389750000
    9      H      -2.8683150000    -0.4900320000     0.9141950000
   10      H      -2.3191760000    -1.8246060000    -0.1171890000
   11      H      -1.5363270000    -1.5293110000     1.4419270000
   12      H       2.1136320000     2.7742280000    -0.7341930000
 ----------------------------------------------------------------
 Nuclear Repulsion Energy =   154.3406123451 hartrees
 There are       22 alpha and       20 beta electrons
 Requested basis set is 6-31G(d,p)
 There are 41 shells and 104 basis functions

 Total QAlloc Memory Limit   2000 MB
 Mega-Array Size       188 MB
 MEM_STATIC part       192 MB
A total of 1 constraints
  
            1
    1   1.0100000
    2   1.0100000
    3  12.0100000
    4   3.1000000
    5   3.1010000
    6   0.1000000
    7   0.0000000
    8   0.0000000
    9   0.0000000
   10   0.0000000

                       Distance Matrix (Angstroms)
             S (  1)   C (  2)   C (  3)   C (  4)   H (  5)   H (  6)
   C (  2)  2.818909
   C (  3)  1.721869  1.508459
   C (  4)  4.122924  1.534234  2.520720
   H (  5)  2.926583  1.097297  2.144498  2.165675
   H (  6)  3.930759  4.828861  4.734789  6.285467  4.820871
   H (  7)  3.214425  1.103434  2.154620  2.167388  1.754594  4.204350
   H (  8)  2.397472  2.247387  1.090516  2.792778  3.112074  5.287870
   H (  9)  4.961130  2.176156  3.469212  1.094580  2.509859  6.623090
   H ( 10)  4.311517  2.181569  2.801748  1.093975  2.517971  6.998437
   H ( 11)  4.485352  2.181356  2.773617  1.095374  3.081850  6.588877
   H ( 12)  3.200001  4.272222  4.047664  5.751705  4.309346  0.744079
             H (  7)   H (  8)   H (  9)   H ( 10)   H ( 11)
   H (  8)  2.716530
   H (  9)  2.481005  3.822709
   H ( 10)  3.083916  3.073903  1.773808
   H ( 11)  2.542265  2.613549  1.769970  1.769433
   H ( 12)  3.745215  4.599504  6.179998  6.417145  6.047987
 
 A cutoff of  1.0D-14 yielded    778 shell pairs
 There are      5154 function pairs
 
 -------------------------------------------------------
 OpenMP Integral Computing Module                       
 Release: version 1.0, May 2013, Q-Chem Inc. Pittsburgh 
 -------------------------------------------------------
 Integral Job Info:
 Integral job number is                      11
 Integral operator is                         1
 short-range coefficients                     0
 long-range coefficients              100000000
 Omega coefficients                           0
 if combine SR and LR in K                    0
 Integral screening is                        0
 Integral computing path is                   2
 max size of driver memory is            800000
 size of driver memory is                593474
 size of scratch memory is             15267112
 max col of scratch BK array               1296
 max len of scratch array in speh3          155
 max len of scratch index in speh4           18
 max int batch size is                      520
 min int batch size is                       52
 fixed nKL is                                52
 max L of basis functions is                  2
 order of int derivative is                   0
 number of shells is                         41
 number of basis is                         104
 number of cartesian basis is               104
 number of contracted shell pairs           778
 number of primitive shell pairs           2761
 maxK2 (contraction) of shell pair           36
 max number of K2 of shell pair               1
 max number of CS2 of shell pair             74
 max number of PS2 of shell pair            240
 mem total for path MDJ                  513890
 -------------------------------------------------------
 Smallest overlap matrix eigenvalue = 5.68E-03

 Scale SEOQF with 1.000000e-01/1.000000e-01/1.000000e-01

 Standard Electronic Orientation quadrupole field applied
 Nucleus-field energy     =    -0.0000000002 hartrees
 Guess from superposition of atomic densities
 Warning:  Energy on first SCF cycle will be non-variational
 SAD guess density has 42.000000 electrons

 -----------------------------------------------------------------------
  General SCF calculation program by
  Eric Jon Sundstrom, Paul Horn, Yuezhi Mao, Dmitri Zuev, Alec White,
  David Stuck, Shaama M.S., Shane Yost, Joonho Lee, David Small,
  Daniel Levine, Susi Lehtola, Hugh Burton, Evgeny Epifanovsky
 -----------------------------------------------------------------------
 Exchange:     0.2000 Hartree-Fock + 0.0800 Slater + 0.7200 B88
 Correlation:  0.1900 VWN1RPA + 0.8100 LYP
 Using SG-1 standard quadrature grid
 using 12 threads for integral computing
 -------------------------------------------------------
 OpenMP Integral computing Module                
 Release: version 1.0, May 2013, Q-Chem Inc. Pittsburgh 
 -------------------------------------------------------
 -------------------------------------------------------
 OpenMP BLAS3 based DFT computing Module                
 Release: version 1.0, May 2013, Q-Chem Inc. Pittsburgh 
 -------------------------------------------------------
 A unrestricted SCF calculation will be
 performed using DIIS
 SCF converges when DIIS error is below 1.0e-06
 Alpha HF Exchange    Energy =  -4.32366253774589
 Beta HF Exchange     Energy =  -4.32366253774589
 DFT Correlation      Energy =  -1.85843242254165
 DFT Exchange         Energy = -33.94863968375518
 One-Electron (alpha) Energy = -505.67648709470348
 One-Electron (beta)  Energy = -505.67648709470348
 Total Coulomb        Energy = 384.00761145963742
 ---------------------------------------
  Cycle       Energy         DIIS error
 ---------------------------------------
    1    -517.4591475667      2.87e-02  
 Alpha HF Exchange    Energy =  -4.45168294152456
 Beta HF Exchange     Energy =  -4.25780178572386
 DFT Correlation      Energy =  -1.87821444567930
 DFT Exchange         Energy = -34.55488821870624
 One-Electron (alpha) Energy = -521.54113956730578
 One-Electron (beta)  Energy = -495.57658322958105
 Total Coulomb        Energy = 390.80229538686478
    2    -517.1174024568      4.02e-03  
 Alpha HF Exchange    Energy =  -4.40528599072755
 Beta HF Exchange     Energy =  -4.20756908747700
 DFT Correlation      Energy =  -1.85288230727672
 DFT Exchange         Energy = -34.15006042132868
 One-Electron (alpha) Energy = -518.82482376893074
 One-Electron (beta)  Energy = -493.03063416885817
 Total Coulomb        Energy = 385.13938656117648
    3    -516.9912568386      5.96e-03  
 Alpha HF Exchange    Energy =  -4.42590811211238
 Beta HF Exchange     Energy =  -4.23185129223635
 DFT Correlation      Energy =  -1.86470766348873
 DFT Exchange         Energy = -34.32738315517383
 One-Electron (alpha) Energy = -520.15831128692957
 One-Electron (beta)  Energy = -494.07886527847563
 Total Coulomb        Energy = 387.53196699061789
    4    -517.2144474529      7.28e-04  
 Alpha HF Exchange    Energy =  -4.43045922742940
 Beta HF Exchange     Energy =  -4.23577814195682
 DFT Correlation      Energy =  -1.86550113706323
 DFT Exchange         Energy = -34.35931454572209
 One-Electron (alpha) Energy = -520.43324318749728
 One-Electron (beta)  Energy = -494.28383207064263
 Total Coulomb        Energy = 388.04987910994976
    5    -517.2176368555      3.47e-04  
 Alpha HF Exchange    Energy =  -4.43020324873592
 Beta HF Exchange     Energy =  -4.23537354158880
 DFT Correlation      Energy =  -1.86505625210422
 DFT Exchange         Energy = -34.35546629504733
 One-Electron (alpha) Energy = -520.41121645658598
 One-Electron (beta)  Energy = -494.22758762800879
 Total Coulomb        Energy = 387.96591873997835
    6    -517.2183723372      9.17e-05  
 Alpha HF Exchange    Energy =  -4.42973036520238
 Beta HF Exchange     Energy =  -4.23536608998045
 DFT Correlation      Energy =  -1.86483819431374
 DFT Exchange         Energy = -34.35286949408859
 One-Electron (alpha) Energy = -520.37747894376901
 One-Electron (beta)  Energy = -494.19956712378684
 Total Coulomb        Energy = 387.90079833977052
    7    -517.2184395265      3.29e-05  
 Alpha HF Exchange    Energy =  -4.42989197439975
 Beta HF Exchange     Energy =  -4.23551351141372
 DFT Correlation      Energy =  -1.86484092815791
 DFT Exchange         Energy = -34.35390164947538
 One-Electron (alpha) Energy = -520.39022208879430
 One-Electron (beta)  Energy = -494.20625271419027
 Total Coulomb        Energy = 387.92156094087147
    8    -517.2184495807      1.14e-05  
 Alpha HF Exchange    Energy =  -4.42990395884291
 Beta HF Exchange     Energy =  -4.23557760144635
 DFT Correlation      Energy =  -1.86482795879773
 DFT Exchange         Energy = -34.35412189835903
 One-Electron (alpha) Energy = -520.39093445474282
 One-Electron (beta)  Energy = -494.20706359119998
 Total Coulomb        Energy = 387.92336627214934
    9    -517.2184508464      5.29e-06  
 Alpha HF Exchange    Energy =  -4.42988261367994
 Beta HF Exchange     Energy =  -4.23556983181960
 DFT Correlation      Energy =  -1.86481685184446
 DFT Exchange         Energy = -34.35398635301917
 One-Electron (alpha) Energy = -520.38887972655800
 One-Electron (beta)  Energy = -494.20547266987086
 Total Coulomb        Energy = 387.91954463021835
   10    -517.2184510717      1.20e-06  
 Alpha HF Exchange    Energy =  -4.42988573854951
 Beta HF Exchange     Energy =  -4.23557406516892
 DFT Correlation      Energy =  -1.86481801704881
 DFT Exchange         Energy = -34.35401715331572
 One-Electron (alpha) Energy = -520.38919700079327
 One-Electron (beta)  Energy = -494.20592974668472
 Total Coulomb        Energy = 387.92035826898268
   11    -517.2184511077      4.57e-07  Convergence criterion met
 ---------------------------------------
 SCF time:   CPU 26.56s  wall 3.00s 
<S^2> =          2.005071715
 Alpha HF Exchange    Energy =  -4.42988573854951
 Beta HF Exchange     Energy =  -4.23557406516892
 DFT Correlation      Energy =  -1.86481801704881
 DFT Exchange         Energy = -34.35401715331572
 One-Electron (alpha) Energy = -520.38919700079327
 One-Electron (beta)  Energy = -494.20592974668472
 Total Coulomb        Energy = 387.92035826898268
 Nuclear repulsion Energy = 154.34061234485037
 SCF   energy in the final basis set =     -517.2184511077
 Total energy in the final basis set =     -517.2184511077
 
 --------------------------------------------------------------
 
                    Orbital Energies (a.u.)
 --------------------------------------------------------------
 
 Alpha MOs
 -- Occupied --
-88.910 -10.214 -10.204 -10.184  -7.970  -5.941  -5.931  -5.926
 -0.818  -0.752  -0.644  -0.574  -0.462  -0.436  -0.424  -0.422
 -0.372  -0.364  -0.350  -0.310  -0.295  -0.171
 -- Virtual --
  0.059   0.103   0.110   0.125   0.151   0.161   0.173   0.189
  0.225   0.236   0.303   0.363   0.380   0.387   0.498   0.518
  0.535   0.554   0.578   0.630   0.637   0.666   0.682   0.739
  0.766   0.805   0.828   0.832   0.859   0.884   0.890   0.912
  0.938   0.970   0.999   1.050   1.108   1.184   1.310   1.441
  1.554   1.598   1.670   1.683   1.683   1.761   1.822   1.857
  1.909   2.029   2.045   2.059   2.090   2.120   2.199   2.246
  2.271   2.369   2.386   2.413   2.434   2.522   2.618   2.623
  2.623   2.680   2.714   2.742   2.817   2.875   2.904   3.182
  3.274   3.304   3.403   3.460   3.524   3.896   4.156   4.208
  4.383   4.606
 
 Beta MOs
 -- Occupied --
-88.904 -10.203 -10.202 -10.183  -7.964  -5.927  -5.923  -5.919
 -0.796  -0.731  -0.629  -0.547  -0.452  -0.428  -0.423  -0.407
 -0.363  -0.355  -0.340  -0.271
 -- Virtual --
 -0.164  -0.039   0.078   0.106   0.115   0.131   0.153   0.164
  0.176   0.193   0.233   0.246   0.319   0.385   0.395   0.407
  0.508   0.535   0.543   0.559   0.617   0.636   0.653   0.680
  0.704   0.794   0.808   0.824   0.839   0.840   0.862   0.890
  0.897   0.927   0.941   0.983   1.026   1.070   1.111   1.192
  1.321   1.447   1.559   1.621   1.674   1.683   1.684   1.783
  1.826   1.885   1.921   2.045   2.060   2.065   2.093   2.124
  2.211   2.251   2.283   2.375   2.386   2.424   2.443   2.534
  2.623   2.623   2.630   2.685   2.721   2.745   2.821   2.877
  2.906   3.183   3.279   3.311   3.408   3.461   3.526   3.917
  4.157   4.230   4.390   4.609
 --------------------------------------------------------------
 
          Ground-State Mulliken Net Atomic Charges

     Atom                 Charge (a.u.)    Spin (a.u.)
  --------------------------------------------------------
      1 S                     0.087987       1.110498
      2 C                    -0.184337      -0.020244
      3 C                    -0.280046       0.829788
      4 C                    -0.316084       0.014102
      5 H                     0.113418       0.009253
      6 H                    -0.018125       0.003540
      7 H                     0.116716       0.049716
      8 H                     0.135827       0.000742
      9 H                     0.106953       0.002766
     10 H                     0.118030       0.001501
     11 H                     0.107675      -0.001079
     12 H                     0.011987      -0.000583
  --------------------------------------------------------
  Sum of atomic charges =    -0.000000
  Sum of spin   charges =     2.000000

 -----------------------------------------------------------------
                    Cartesian Multipole Moments
 -----------------------------------------------------------------
    Charge (ESU x 10^10)
                -0.0000
    Dipole Moment (Debye)
         X      -0.7905      Y      -0.2021      Z       0.9841
       Tot       1.2784
    Quadrupole Moments (Debye-Ang)
        XX     -34.3660     XY      -1.4213     YY     -34.7060
        XZ       0.8590     YZ      -1.3617     ZZ     -36.5069
    Octopole Moments (Debye-Ang^2)
       XXX      -4.8626    XXY       6.3827    XYY      -0.0619
       YYY      28.9762    XXZ      22.4746    XYZ       0.0147
       YYZ      24.9214    XZZ      -2.5937    YZZ      12.1903
       ZZZ      73.0872
    Hexadecapole Moments (Debye-Ang^3)
      XXXX    -463.0127   XXXY     -83.4698   XXYY    -118.2347
      XYYY     -71.8968   YYYY    -237.7203   XXXZ     120.1554
      XXYZ       6.3672   XYYZ      43.3171   YYYZ       8.5771
      XXZZ    -129.2310   XYZZ     -24.4097   YYZZ     -98.0159
      XZZZ     126.0002   YZZZ      -0.1258   ZZZZ    -331.2918
 -----------------------------------------------------------------
 Calculating analytic gradient of the SCF energy
 Gradient of SCF Energy
            1           2           3           4           5           6
    1   0.0000842   0.0000124   0.0000448  -0.0000139   0.0000179  -0.0000385
    2   0.0002305  -0.0000165   0.0000402  -0.0000088  -0.0000310   0.0000309
    3   0.0000901   0.0000003   0.0000573  -0.0000196  -0.0000354  -0.0000645
            7           8           9          10          11          12
    1  -0.0000359   0.0000090  -0.0000075   0.0000139  -0.0000089  -0.0000774
    2   0.0000151   0.0000100  -0.0000117  -0.0000142  -0.0000043  -0.0002403
    3  -0.0000215   0.0000382  -0.0000309  -0.0000184  -0.0000118   0.0000162
 Max gradient component =       2.403E-04
 RMS gradient           =       6.565E-05
 Gradient time:  CPU 8.12 s  wall 0.74 s
 Geometry Optimization Parameters
   NAtoms,    NIC,     NZ,  NCons,   NDum,   NFix, NCnnct, MaxDiis
       12      70       0       1       0       0       0       0


** CONSTRAINED OPTIMIZATION IN DELOCALIZED INTERNAL COORDINATES **
   Searching for a Minimum

   Optimization Cycle:   1

                       Coordinates (Angstroms)
     ATOM                X               Y               Z
      1  S         1.3087330000   -0.1545180000   -1.7414610000
      2  C        -0.9882650000   -0.0960680000   -0.1084780000
      3  C         0.2602400000   -0.8193770000   -0.5483730000
      4  C        -1.9873580000   -1.0415970000    0.5709790000
      5  H        -1.4636130000    0.3833070000   -0.9735240000
      6  H         2.1936340000    3.5023340000   -0.6033700000
      7  H        -0.7298550000    0.7236510000    0.5835130000
      8  H         0.7292700000   -1.5242090000    0.1389750000
      9  H        -2.8683150000   -0.4900320000    0.9141950000
     10  H        -2.3191760000   -1.8246060000   -0.1171890000
     11  H        -1.5363270000   -1.5293110000    1.4419270000
     12  H         2.1136320000    2.7742280000   -0.7341930000
   Point Group: c1    Number of degrees of freedom:    30


   Energy is   -517.218451108

              Constraints and their Current Values
                                        Value     Constraint
   Distance(Angs):        1  12             3.200001     3.100000

 Attempting to Generate Delocalized Internal Coordinates

   Using Lagrange Multiplier Algorithm


 31 Hessian modes will be used to form the next step
  Hessian Eigenvalues:
    -0.994470    0.045000    0.045000    0.045000    0.048117    0.072071
     0.082253    0.082881    0.083222    0.109968    0.136150    0.155420
     0.160000    0.160000    0.160000    0.160000    0.200000    0.200000
     0.219241    0.222304    0.290359    0.315058    0.333052    0.333818
     0.339828    0.341989    0.342886    0.343573    0.347531    0.385935
     1.005561

 Minimum Search - Taking P-RFO Step
 Searching for Lamda that Maximizes Along the Constraint modes Only
 Value Taken    Lamda =   0.01778733
 Searching for Lamda that Minimizes Along All other modes
 Value Taken    Lamda =  -0.01731006
 Step Taken.  Stepsize is  0.185716

                             Maximum     Tolerance    Cnvgd?
         Gradient            0.188974       0.000300      NO
         Displacement        0.185714       0.001200      NO
         Energy change     *********       0.000001      NO


 New Cartesian Coordinates Obtained by Inverse Iteration

 Displacement from previous Coordinates is:  0.213329
 ----------------------------------------------------------------
             Standard Nuclear Orientation (Angstroms)
    I     Atom           X                Y                Z
 ----------------------------------------------------------------
    1      S       1.3179631078    -0.1236943534    -1.7322105831
    2      C      -0.9837760309    -0.0834828123    -0.1054010546
    3      C       0.2690747077    -0.7991735302    -0.5454296754
    4      C      -1.9804895336    -1.0366410114     0.5668382924
    5      H      -1.4589142150     0.3980226677    -0.9693741338
    6      H       2.1587577794     3.4412825562    -0.6037568446
    7      H      -0.7307863271     0.7339633353     0.5912659192
    8      H       0.7393555997    -1.5052372642     0.1397984028
    9      H      -2.8648138448    -0.4906142417     0.9102561681
   10      H      -2.3069803634    -1.8178470165    -0.1259106191
   11      H      -1.5296561282    -1.5264594137     1.4367084454
   12      H       2.0828652484     2.7136830843    -0.7397833173
 ----------------------------------------------------------------
 Nuclear Repulsion Energy =   154.5648226130 hartrees
 There are       22 alpha and       20 beta electrons

                       Distance Matrix (Angstroms)
             S (  1)   C (  2)   C (  3)   C (  4)   H (  5)   H (  6)
   C (  2)  2.818888
   C (  3)  1.721885  1.508467
   C (  4)  4.122971  1.534228  2.520728
   H (  5)  2.926629  1.097294  2.144517  2.165698
   H (  6)  3.832676  4.748457  4.642819  6.209304  4.741588
   H (  7)  3.214264  1.103434  2.154601  2.167347  1.754601  4.136076
   H (  8)  2.397471  2.247374  1.090517  2.792759  3.112082  5.199580
   H (  9)  4.961137  2.176148  3.469220  1.094582  2.509829  6.556548
   H ( 10)  4.311678  2.181584  2.801741  1.093974  2.518080  6.915895
   H ( 11)  4.485391  2.181346  2.773671  1.095375  3.081861  6.515087
   H ( 12)  3.101725  4.198913  3.958254  5.681817  4.237829  0.744086
             H (  7)   H (  8)   H (  9)   H ( 10)   H ( 11)
   H (  8)  2.716461
   H (  9)  2.481012  3.822709
   H ( 10)  3.083904  3.073839  1.773800
   H ( 11)  2.542140  2.613588  1.769964  1.769440
   H ( 12)  3.688850  4.514197  6.121248  6.338955  5.980488
 
 Applying Cartesian multipole field
    Component          Value
    ---------          -----
     (2,0,0)        1.00000E-11
     (0,2,0)        2.00000E-11
     (0,0,2)       -3.00000E-11
 Nucleus-field energy     =    -0.0000000003 hartrees
 Requested basis set is 6-31G(d,p)
 There are 41 shells and 104 basis functions
 A cutoff of  1.0D-14 yielded    780 shell pairs
 There are      5156 function pairs
 Smallest overlap matrix eigenvalue = 5.68E-03
 Guess from superposition of atomic densities
 Warning:  Energy on first SCF cycle will be non-variational
 SAD guess density has 42.000000 electrons

 -----------------------------------------------------------------------
  General SCF calculation program by
  Eric Jon Sundstrom, Paul Horn, Yuezhi Mao, Dmitri Zuev, Alec White,
  David Stuck, Shaama M.S., Shane Yost, Joonho Lee, David Small,
  Daniel Levine, Susi Lehtola, Hugh Burton, Evgeny Epifanovsky
 -----------------------------------------------------------------------
 Exchange:     0.2000 Hartree-Fock + 0.0800 Slater + 0.7200 B88
 Correlation:  0.1900 VWN1RPA + 0.8100 LYP
 Using SG-1 standard quadrature grid
 using 12 threads for integral computing
 -------------------------------------------------------
 OpenMP Integral computing Module                
 Release: version 1.0, May 2013, Q-Chem Inc. Pittsburgh 
 -------------------------------------------------------
 -------------------------------------------------------
 OpenMP BLAS3 based DFT computing Module                
 Release: version 1.0, May 2013, Q-Chem Inc. Pittsburgh 
 -------------------------------------------------------
 A unrestricted SCF calculation will be
 performed using DIIS
 SCF converges when DIIS error is below 1.0e-06
 Alpha HF Exchange    Energy =  -4.32374943141895
 Beta HF Exchange     Energy =  -4.32374943141895
 DFT Correlation      Energy =  -1.85865268208942
 DFT Exchange         Energy = -33.94874691100324
 One-Electron (alpha) Energy = -505.90069852157774
 One-Electron (beta)  Energy = -505.90069852157774
 Total Coulomb        Energy = 384.23164743255518
 ---------------------------------------
  Cycle       Energy         DIIS error
 ---------------------------------------
    1    -517.4598254539      2.87e-02  
 Alpha HF Exchange    Energy =  -4.45165091293151
 Beta HF Exchange     Energy =  -4.25778495372033
 DFT Correlation      Energy =  -1.87837373612142
 DFT Exchange         Energy = -34.55472677878198
 One-Electron (alpha) Energy = -521.76444421683232
 One-Electron (beta)  Energy = -495.79144619742453
 Total Coulomb        Energy = 391.01627322572813
    2    -517.1173309574      4.02e-03  
 Alpha HF Exchange    Energy =  -4.40535262440034
 Beta HF Exchange     Energy =  -4.20760416159558
 DFT Correlation      Energy =  -1.85308777698068
 DFT Exchange         Energy = -34.15052856314324
 One-Electron (alpha) Energy = -519.05682678236360
 One-Electron (beta)  Energy = -493.25219199032506
 Total Coulomb        Energy = 385.36983659053135
    3    -516.9909326956      5.96e-03  
 Alpha HF Exchange    Energy =  -4.42595340703436
 Beta HF Exchange     Energy =  -4.23186559160989
 DFT Correlation      Energy =  -1.86489624492937
 DFT Exchange         Energy = -34.32762624414951
 One-Electron (alpha) Energy = -520.38711136539166
 One-Electron (beta)  Energy = -494.29561757396590
 Total Coulomb        Energy = 387.75387188121391
    4    -517.2143759332      7.28e-04  
 Alpha HF Exchange    Energy =  -4.43049784810440
 Beta HF Exchange     Energy =  -4.23579153698442
 DFT Correlation      Energy =  -1.86568641305371
 DFT Exchange         Energy = -34.35952132966683
 One-Electron (alpha) Energy = -520.66217734343695
 One-Electron (beta)  Energy = -494.50078993255357
 Total Coulomb        Energy = 388.27207475953026
    5    -517.2175670316      3.48e-04  
 Alpha HF Exchange    Energy =  -4.43024112695770
 Beta HF Exchange     Energy =  -4.23538512051621
 DFT Correlation      Energy =  -1.86524066366277
 DFT Exchange         Energy = -34.35566078236117
 One-Electron (alpha) Energy = -520.64002930007439
 One-Electron (beta)  Energy = -494.44429333169865
 Total Coulomb        Energy = 388.18772309064218
    6    -517.2183046220      9.17e-05  
 Alpha HF Exchange    Energy =  -4.42976913267704
 Beta HF Exchange     Energy =  -4.23537864612184
 DFT Correlation      Energy =  -1.86502300588421
 DFT Exchange         Energy = -34.35307060136905
 One-Electron (alpha) Energy = -520.60627232597028
 One-Electron (beta)  Energy = -494.41619105629934
 Total Coulomb        Energy = 388.12251039083043
    7    -517.2183717648      3.30e-05  
 Alpha HF Exchange    Energy =  -4.42993145795221
 Beta HF Exchange     Energy =  -4.23552633803700
 DFT Correlation      Energy =  -1.86502599247830
 DFT Exchange         Energy = -34.35410674932838
 One-Electron (alpha) Energy = -520.61908892062763
 One-Electron (beta)  Energy = -494.42292702282816
 Total Coulomb        Energy = 388.14340204197100
    8    -517.2183818266      1.14e-05  
 Alpha HF Exchange    Energy =  -4.42994337018249
 Beta HF Exchange     Energy =  -4.23559050705807
 DFT Correlation      Energy =  -1.86501300475457
 DFT Exchange         Energy = -34.35432683475273
 One-Electron (alpha) Energy = -520.61979819405587
 One-Electron (beta)  Energy = -494.42373312413650
 Total Coulomb        Energy = 388.14519933492852
    9    -517.2183830873      5.29e-06  
 Alpha HF Exchange    Energy =  -4.42992195602762
 Beta HF Exchange     Energy =  -4.23558271191604
 DFT Correlation      Energy =  -1.86500189120418
 DFT Exchange         Energy = -34.35419090437964
 One-Electron (alpha) Energy = -520.61773464890996
 One-Electron (beta)  Energy = -494.42213329473213
 Total Coulomb        Energy = 388.14135948484716
   10    -517.2183833097      1.19e-06  
 Alpha HF Exchange    Energy =  -4.42992508999355
 Beta HF Exchange     Energy =  -4.23558696131785
 DFT Correlation      Energy =  -1.86500306104030
 DFT Exchange         Energy = -34.35422181343733
 One-Electron (alpha) Energy = -520.61805324349780
 One-Electron (beta)  Energy = -494.42259060431979
 Total Coulomb        Energy = 388.14217481753792
   11    -517.2183833434      4.44e-07  Convergence criterion met
 ---------------------------------------
 SCF time:   CPU 25.86s  wall 2.00s 
<S^2> =          2.005072695
 Alpha HF Exchange    Energy =  -4.42992508999355
 Beta HF Exchange     Energy =  -4.23558696131785
 DFT Correlation      Energy =  -1.86500306104030
 DFT Exchange         Energy = -34.35422181343733
 One-Electron (alpha) Energy = -520.61805324349780
 One-Electron (beta)  Energy = -494.42259060431979
 Total Coulomb        Energy = 388.14217481753792
 Nuclear repulsion Energy = 154.56482261267041
 SCF   energy in the final basis set =     -517.2183833434
 Total energy in the final basis set =     -517.2183833434
 
 --------------------------------------------------------------
 
                    Orbital Energies (a.u.)
 --------------------------------------------------------------
 
 Alpha MOs
 -- Occupied --
-88.910 -10.214 -10.204 -10.184  -7.971  -5.941  -5.931  -5.926
 -0.818  -0.752  -0.644  -0.574  -0.462  -0.436  -0.424  -0.422
 -0.372  -0.364  -0.350  -0.310  -0.295  -0.171
 -- Virtual --
  0.059   0.104   0.110   0.125   0.151   0.161   0.173   0.189
  0.225   0.236   0.304   0.363   0.380   0.391   0.498   0.518
  0.535   0.554   0.579   0.631   0.641   0.666   0.683   0.740
  0.766   0.804   0.828   0.832   0.860   0.884   0.890   0.912
  0.939   0.971   0.999   1.050   1.114   1.184   1.310   1.441
  1.554   1.598   1.670   1.684   1.684   1.761   1.822   1.857
  1.909   2.029   2.045   2.059   2.090   2.120   2.199   2.246
  2.270   2.369   2.387   2.413   2.434   2.522   2.618   2.624
  2.624   2.680   2.714   2.742   2.817   2.875   2.904   3.182
  3.274   3.303   3.403   3.460   3.524   3.896   4.157   4.208
  4.383   4.606
 
 Beta MOs
 -- Occupied --
-88.904 -10.203 -10.202 -10.183  -7.964  -5.927  -5.923  -5.919
 -0.796  -0.731  -0.629  -0.547  -0.452  -0.428  -0.422  -0.407
 -0.363  -0.355  -0.340  -0.271
 -- Virtual --
 -0.164  -0.039   0.078   0.108   0.115   0.131   0.153   0.164
  0.176   0.192   0.233   0.246   0.320   0.384   0.397   0.408
  0.508   0.535   0.543   0.559   0.618   0.638   0.656   0.680
  0.704   0.795   0.808   0.824   0.839   0.840   0.862   0.891
  0.897   0.927   0.941   0.984   1.026   1.071   1.118   1.192
  1.321   1.447   1.558   1.621   1.674   1.684   1.685   1.783
  1.826   1.885   1.921   2.045   2.060   2.065   2.093   2.124
  2.211   2.251   2.283   2.375   2.387   2.424   2.443   2.534
  2.624   2.624   2.630   2.684   2.721   2.745   2.821   2.877
  2.906   3.183   3.279   3.311   3.408   3.461   3.526   3.917
  4.158   4.231   4.390   4.609
 --------------------------------------------------------------
 
          Ground-State Mulliken Net Atomic Charges

     Atom                 Charge (a.u.)    Spin (a.u.)
  --------------------------------------------------------
      1 S                     0.088703       1.110089
      2 C                    -0.184362      -0.020211
      3 C                    -0.279928       0.829705
      4 C                    -0.316112       0.014104
      5 H                     0.113475       0.009258
      6 H                    -0.019363       0.004148
      7 H                     0.116848       0.049650
      8 H                     0.135887       0.000765
      9 H                     0.106993       0.002765
     10 H                     0.118042       0.001502
     11 H                     0.107692      -0.001079
     12 H                     0.012124      -0.000696
  --------------------------------------------------------
  Sum of atomic charges =     0.000000
  Sum of spin   charges =     2.000000

 -----------------------------------------------------------------
                    Cartesian Multipole Moments
 -----------------------------------------------------------------
    Charge (ESU x 10^10)
                 0.0000
    Dipole Moment (Debye)
         X      -0.7971      Y      -0.2231      Z       0.9797
       Tot       1.2825
    Quadrupole Moments (Debye-Ang)
        XX     -34.3710     XY      -1.4603     YY     -34.7528
        XZ       0.8603     YZ      -1.3287     ZZ     -36.4956
    Octopole Moments (Debye-Ang^2)
       XXX      -5.4041    XXY       5.7960    XYY      -0.4438
       YYY      27.1549    XXZ      22.3566    XYZ       0.0154
       YYZ      24.7420    XZZ      -2.7948    YZZ      11.6111
       ZZZ      72.7184
    Hexadecapole Moments (Debye-Ang^3)
      XXXX    -461.6946   XXXY     -83.1227   XXYY    -117.3963
      XYYY     -72.1296   YYYY    -232.5661   XXXZ     119.9668
      XXYZ       6.9743   XYYZ      43.3519   YYYZ      10.8109
      XXZZ    -128.5750   XYZZ     -24.1911   YYZZ     -96.1663
      XZZZ     125.9806   YZZZ       2.0845   ZZZZ    -328.5021
 -----------------------------------------------------------------
 Calculating analytic gradient of the SCF energy
 Gradient of SCF Energy
            1           2           3           4           5           6
    1   0.0000925   0.0000094   0.0000591  -0.0000247   0.0000167  -0.0000720
    2   0.0004216  -0.0000365   0.0000444  -0.0000112  -0.0000292  -0.0001712
    3   0.0001511  -0.0000022   0.0000546  -0.0000152  -0.0000363  -0.0001131
            7           8           9          10          11          12
    1  -0.0000242   0.0000099  -0.0000088   0.0000281  -0.0000118  -0.0000742
    2   0.0000297   0.0000181  -0.0000102  -0.0000062  -0.0000069  -0.0002424
    3  -0.0000173   0.0000451  -0.0000329  -0.0000210  -0.0000098  -0.0000030
 Max gradient component =       4.216E-04
 RMS gradient           =       9.733E-05
 Gradient time:  CPU 8.04 s  wall 0.71 s
 Geometry Optimization Parameters
   NAtoms,    NIC,     NZ,  NCons,   NDum,   NFix, NCnnct, MaxDiis
       12      70       0       1       0       0       0       0

 Cartesian Hessian Update
 Hessian Updated using BFGS Update


** CONSTRAINED OPTIMIZATION IN DELOCALIZED INTERNAL COORDINATES **
   Searching for a Minimum

   Optimization Cycle:   2

                       Coordinates (Angstroms)
     ATOM                X               Y               Z
      1  S         1.3179631078   -0.1236943534   -1.7322105831
      2  C        -0.9837760309   -0.0834828123   -0.1054010546
      3  C         0.2690747077   -0.7991735302   -0.5454296754
      4  C        -1.9804895336   -1.0366410114    0.5668382924
      5  H        -1.4589142150    0.3980226677   -0.9693741338
      6  H         2.1587577794    3.4412825562   -0.6037568446
      7  H        -0.7307863271    0.7339633353    0.5912659192
      8  H         0.7393555997   -1.5052372642    0.1397984028
      9  H        -2.8648138448   -0.4906142417    0.9102561681
     10  H        -2.3069803634   -1.8178470165   -0.1259106191
     11  H        -1.5296561282   -1.5264594137    1.4367084454
     12  H         2.0828652484    2.7136830843   -0.7397833173
   Point Group: c1    Number of degrees of freedom:    30


   Energy is   -517.218383343

              Constraints and their Current Values
                                        Value     Constraint
   Distance(Angs):        1  12             3.101725     3.100000
 Hessian Updated using BFGS Update

   Using Lagrange Multiplier Algorithm


 28 Hessian modes will be used to form the next step
  Hessian Eigenvalues:
    -0.999433    0.044999    0.045054    0.048121    0.072083    0.082253
     0.082881    0.083226    0.109970    0.136154    0.155420    0.159999
     0.160024    0.199973    0.200011    0.219245    0.222305    0.290359
     0.315062    0.333058    0.333827    0.339828    0.341989    0.342886
     0.343574    0.347531    0.387035    1.000569

 Minimum Search - Taking P-RFO Step
 Searching for Lamda that Maximizes Along the Constraint modes Only
 Value Taken    Lamda =   0.00000109
 Searching for Lamda that Minimizes Along All other modes
 Value Taken    Lamda =  -0.00001307
 Step Taken.  Stepsize is  0.003759

                             Maximum     Tolerance    Cnvgd?
         Gradient            0.003260       0.000300      NO
         Displacement        0.003260       0.001200      NO
         Energy change      0.000068       0.000001      NO


 New Cartesian Coordinates Obtained by Inverse Iteration

 Displacement from previous Coordinates is:  0.005621
 ----------------------------------------------------------------
             Standard Nuclear Orientation (Angstroms)
    I     Atom           X                Y                Z
 ----------------------------------------------------------------
    1      S       1.3186669412    -0.1235105440    -1.7319360742
    2      C      -0.9834592427    -0.0833862518    -0.1056320098
    3      C       0.2692593288    -0.7993244968    -0.5457368506
    4      C      -1.9803052501    -1.0362619193     0.5668021239
    5      H      -1.4585380551     0.3983626987    -0.9694932549
    6      H       2.1572964576     3.4404247065    -0.6031485901
    7      H      -0.7302217386     0.7338542050     0.5911475962
    8      H       0.7393632200    -1.5054812622     0.1395168950
    9      H      -2.8644421838    -0.4899666946     0.9102837074
   10      H      -2.3071761381    -1.8175569294    -0.1256805106
   11      H      -1.5294342504    -1.5259787411     1.4367103882
   12      H       2.0815909111     2.7126272290    -0.7398324206
 ----------------------------------------------------------------
 Nuclear Repulsion Energy =   154.5664625938 hartrees
 There are       22 alpha and       20 beta electrons

                       Distance Matrix (Angstroms)
             S (  1)   C (  2)   C (  3)   C (  4)   H (  5)   H (  6)
   C (  2)  2.818911
   C (  3)  1.721932  1.508497
   C (  4)  4.123170  1.534223  2.520798
   H (  5)  2.926865  1.097287  2.144600  2.165778
   H (  6)  3.831331  4.746484  4.641493  6.207194  4.739473
   H (  7)  3.213991  1.103410  2.154555  2.167167  1.754594  4.133960
   H (  8)  2.397451  2.247347  1.090517  2.792729  3.112121  5.198468
   H (  9)  4.961252  2.176118  3.469263  1.094585  2.509832  6.554107
   H ( 10)  4.312376  2.181737  2.802011  1.093983  2.518433  6.914178
   H ( 11)  4.485412  2.181280  2.773702  1.095376  3.081872  6.512923
   H ( 12)  3.100000  4.196955  3.956769  5.679830  4.235691  0.744381
             H (  7)   H (  8)   H (  9)   H ( 10)   H ( 11)
   H (  8)  2.716298
   H (  9)  2.480823  3.822665
   H ( 10)  3.083882  3.073943  1.773771
   H ( 11)  2.541764  2.613537  1.769941  1.769453
   H ( 12)  3.686915  4.513011  6.119047  6.337273  5.978513
 
 Applying Cartesian multipole field
    Component          Value
    ---------          -----
     (2,0,0)        1.00000E-11
     (0,2,0)        2.00000E-11
     (0,0,2)       -3.00000E-11
 Nucleus-field energy     =    -0.0000000003 hartrees
 Requested basis set is 6-31G(d,p)
 There are 41 shells and 104 basis functions
 A cutoff of  1.0D-14 yielded    780 shell pairs
 There are      5156 function pairs
 Smallest overlap matrix eigenvalue = 5.68E-03
 Guess from superposition of atomic densities
 Warning:  Energy on first SCF cycle will be non-variational
 SAD guess density has 42.000000 electrons

 -----------------------------------------------------------------------
  General SCF calculation program by
  Eric Jon Sundstrom, Paul Horn, Yuezhi Mao, Dmitri Zuev, Alec White,
  David Stuck, Shaama M.S., Shane Yost, Joonho Lee, David Small,
  Daniel Levine, Susi Lehtola, Hugh Burton, Evgeny Epifanovsky
 -----------------------------------------------------------------------
 Exchange:     0.2000 Hartree-Fock + 0.0800 Slater + 0.7200 B88
 Correlation:  0.1900 VWN1RPA + 0.8100 LYP
 Using SG-1 standard quadrature grid
 using 12 threads for integral computing
 -------------------------------------------------------
 OpenMP Integral computing Module                
 Release: version 1.0, May 2013, Q-Chem Inc. Pittsburgh 
 -------------------------------------------------------
 -------------------------------------------------------
 OpenMP BLAS3 based DFT computing Module                
 Release: version 1.0, May 2013, Q-Chem Inc. Pittsburgh 
 -------------------------------------------------------
 A unrestricted SCF calculation will be
 performed using DIIS
 SCF converges when DIIS error is below 1.0e-06
 Alpha HF Exchange    Energy =  -4.32373777927610
 Beta HF Exchange     Energy =  -4.32373777927610
 DFT Correlation      Energy =  -1.85865367656838
 DFT Exchange         Energy = -33.94871745722687
 One-Electron (alpha) Energy = -505.90249295010210
 One-Electron (beta)  Energy = -505.90249295010210
 Total Coulomb        Energy = 384.23357688876104
 ---------------------------------------
  Cycle       Energy         DIIS error
 ---------------------------------------
    1    -517.4597931103      2.87e-02  
 Alpha HF Exchange    Energy =  -4.45163506488843
 Beta HF Exchange     Energy =  -4.25776947346632
 DFT Correlation      Energy =  -1.87837078825133
 DFT Exchange         Energy = -34.55461436862048
 One-Electron (alpha) Energy = -521.76583658485413
 One-Electron (beta)  Energy = -495.79305641367677
 Total Coulomb        Energy = 391.01748537212882
    2    -517.1173347281      4.02e-03  
 Alpha HF Exchange    Energy =  -4.40534339327827
 Beta HF Exchange     Energy =  -4.20759429121414
 DFT Correlation      Energy =  -1.85308667966426
 DFT Exchange         Energy = -34.15046319819829
 One-Electron (alpha) Energy = -519.05860836928537
 One-Electron (beta)  Energy = -493.25417286054966
 Total Coulomb        Energy = 385.37188202639533
    3    -516.9909241723      5.96e-03  
 Alpha HF Exchange    Energy =  -4.42594180893944
 Beta HF Exchange     Energy =  -4.23185363650197
 DFT Correlation      Energy =  -1.86489429586098
 DFT Exchange         Energy = -34.32754240788551
 One-Electron (alpha) Energy = -520.38867369079685
 One-Electron (beta)  Energy = -494.29735412800721
 Total Coulomb        Energy = 387.75542319582956
    4    -517.2143741786      7.28e-04  
 Alpha HF Exchange    Energy =  -4.43048620372058
 Beta HF Exchange     Energy =  -4.23577991474883
 DFT Correlation      Energy =  -1.86568438197410
 DFT Exchange         Energy = -34.35943797553273
 One-Electron (alpha) Energy = -520.66375793629288
 One-Electron (beta)  Energy = -494.50256137159255
 Total Coulomb        Energy = 388.27367962752044
    5    -517.2175655628      3.48e-04  
 Alpha HF Exchange    Energy =  -4.43022960434307
 Beta HF Exchange     Energy =  -4.23537353772411
 DFT Correlation      Energy =  -1.86523864443391
 DFT Exchange         Energy = -34.35557803057326
 One-Electron (alpha) Energy = -520.64161462577840
 One-Electron (beta)  Energy = -494.44606467178687
 Total Coulomb        Energy = 388.18933319878397
    6    -517.2183033223      9.17e-05  
 Alpha HF Exchange    Energy =  -4.42975753985394
 Beta HF Exchange     Energy =  -4.23536708667712
 DFT Correlation      Energy =  -1.86502095103300
 DFT Exchange         Energy = -34.35298754695795
 One-Electron (alpha) Energy = -520.60785079491745
 One-Electron (beta)  Energy = -494.41795928381748
 Total Coulomb        Energy = 388.12411013352914
    7    -517.2183704762      3.30e-05  
 Alpha HF Exchange    Energy =  -4.42991986644404
 Beta HF Exchange     Energy =  -4.23551480859406
 DFT Correlation      Energy =  -1.86502393833743
 DFT Exchange         Energy = -34.35402379598902
 One-Electron (alpha) Energy = -520.62066685717673
 One-Electron (beta)  Energy = -494.42469625800476
 Total Coulomb        Energy = 388.14500239077086
    8    -517.2183805403      1.14e-05  
 Alpha HF Exchange    Energy =  -4.42993178019563
 Beta HF Exchange     Energy =  -4.23557898776235
 DFT Correlation      Energy =  -1.86501094881877
 DFT Exchange         Energy = -34.35424391346104
 One-Electron (alpha) Energy = -520.62137641681034
 One-Electron (beta)  Energy = -494.42550313565590
 Total Coulomb        Energy = 388.14680078780492
    9    -517.2183818014      5.29e-06  
 Alpha HF Exchange    Energy =  -4.42991036041863
 Beta HF Exchange     Energy =  -4.23557119372308
 DFT Correlation      Energy =  -1.86499983418545
 DFT Exchange         Energy = -34.35410796333293
 One-Electron (alpha) Energy = -520.61931232964184
 One-Electron (beta)  Energy = -494.42390307867896
 Total Coulomb        Energy = 388.14296014267438
   10    -517.2183820238      1.19e-06  
 Alpha HF Exchange    Energy =  -4.42991349445712
 Beta HF Exchange     Energy =  -4.23557544445612
 DFT Correlation      Energy =  -1.86500100424517
 DFT Exchange         Energy = -34.35413887794633
 One-Electron (alpha) Energy = -520.61963095860881
 One-Electron (beta)  Energy = -494.42436046745308
 Total Coulomb        Energy = 388.14377559605390
   11    -517.2183820576      4.45e-07  Convergence criterion met
 ---------------------------------------
 SCF time:   CPU 25.66s  wall 2.00s 
<S^2> =          2.005072227
 Alpha HF Exchange    Energy =  -4.42991349445712
 Beta HF Exchange     Energy =  -4.23557544445612
 DFT Correlation      Energy =  -1.86500100424517
 DFT Exchange         Energy = -34.35413887794633
 One-Electron (alpha) Energy = -520.61963095860881
 One-Electron (beta)  Energy = -494.42436046745308
 Total Coulomb        Energy = 388.14377559605390
 Nuclear repulsion Energy = 154.56646259351538
 SCF   energy in the final basis set =     -517.2183820576
 Total energy in the final basis set =     -517.2183820576
 
 --------------------------------------------------------------
 
                    Orbital Energies (a.u.)
 --------------------------------------------------------------
 
 Alpha MOs
 -- Occupied --
-88.910 -10.214 -10.204 -10.184  -7.971  -5.941  -5.931  -5.926
 -0.818  -0.752  -0.644  -0.574  -0.462  -0.436  -0.423  -0.422
 -0.372  -0.364  -0.350  -0.310  -0.295  -0.171
 -- Virtual --
  0.059   0.104   0.110   0.125   0.151   0.161   0.173   0.189
  0.225   0.236   0.304   0.363   0.380   0.391   0.498   0.518
  0.535   0.554   0.579   0.631   0.641   0.666   0.683   0.740
  0.766   0.804   0.828   0.832   0.860   0.884   0.890   0.912
  0.939   0.971   0.999   1.050   1.114   1.184   1.310   1.441
  1.554   1.598   1.670   1.684   1.684   1.761   1.822   1.857
  1.909   2.028   2.045   2.059   2.090   2.120   2.199   2.246
  2.270   2.369   2.386   2.413   2.434   2.522   2.618   2.624
  2.624   2.680   2.714   2.742   2.817   2.875   2.904   3.182
  3.274   3.303   3.403   3.460   3.524   3.896   4.156   4.208
  4.383   4.606
 
 Beta MOs
 -- Occupied --
-88.904 -10.203 -10.202 -10.183  -7.964  -5.927  -5.923  -5.919
 -0.796  -0.731  -0.629  -0.547  -0.452  -0.428  -0.422  -0.407
 -0.363  -0.355  -0.340  -0.271
 -- Virtual --
 -0.164  -0.039   0.078   0.108   0.115   0.131   0.153   0.164
  0.176   0.192   0.233   0.246   0.320   0.384   0.397   0.408
  0.508   0.535   0.543   0.559   0.618   0.638   0.656   0.680
  0.704   0.795   0.808   0.824   0.839   0.840   0.862   0.891
  0.897   0.927   0.941   0.984   1.026   1.071   1.118   1.192
  1.321   1.446   1.558   1.621   1.674   1.684   1.685   1.783
  1.826   1.885   1.921   2.045   2.060   2.065   2.093   2.124
  2.211   2.251   2.283   2.375   2.387   2.424   2.443   2.534
  2.624   2.624   2.630   2.685   2.721   2.745   2.821   2.877
  2.906   3.183   3.279   3.311   3.408   3.461   3.526   3.917
  4.156   4.230   4.390   4.609
 --------------------------------------------------------------
 
          Ground-State Mulliken Net Atomic Charges

     Atom                 Charge (a.u.)    Spin (a.u.)
  --------------------------------------------------------
      1 S                     0.088701       1.110069
      2 C                    -0.184377      -0.020199
      3 C                    -0.279898       0.829701
      4 C                    -0.316121       0.014096
      5 H                     0.113484       0.009261
      6 H                    -0.019378       0.004167
      7 H                     0.116861       0.049649
      8 H                     0.135882       0.000776
      9 H                     0.106997       0.002757
     10 H                     0.118039       0.001502
     11 H                     0.107693      -0.001078
     12 H                     0.012116      -0.000701
  --------------------------------------------------------
  Sum of atomic charges =     0.000000
  Sum of spin   charges =     2.000000

 -----------------------------------------------------------------
                    Cartesian Multipole Moments
 -----------------------------------------------------------------
    Charge (ESU x 10^10)
                -0.0000
    Dipole Moment (Debye)
         X      -0.7973      Y      -0.2232      Z       0.9799
       Tot       1.2828
    Quadrupole Moments (Debye-Ang)
        XX     -34.3722     XY      -1.4607     YY     -34.7534
        XZ       0.8603     YZ      -1.3288     ZZ     -36.4966
    Octopole Moments (Debye-Ang^2)
       XXX      -5.4399    XXY       5.7902    XYY      -0.4578
       YYY      27.1380    XXZ      22.3563    XYZ       0.0152
       YYZ      24.7427    XZZ      -2.8075    YZZ      11.6079
       ZZZ      72.7197
    Hexadecapole Moments (Debye-Ang^3)
      XXXX    -461.7210   XXXY     -83.0727   XXYY    -117.3910
      XYYY     -72.0912   YYYY    -232.5033   XXXZ     119.9879
      XXYZ       6.9719   XYYZ      43.3631   YYYZ      10.8175
      XXZZ    -128.5715   XYZZ     -24.1715   YYZZ     -96.1425
      XZZZ     126.0106   YZZZ       2.0808   ZZZZ    -328.4500
 -----------------------------------------------------------------
 Calculating analytic gradient of the SCF energy
 Gradient of SCF Energy
            1           2           3           4           5           6
    1   0.0001051   0.0000004   0.0000626  -0.0000146   0.0000173  -0.0000507
    2   0.0004321  -0.0000213   0.0000273  -0.0000042  -0.0000231   0.0000297
    3   0.0001432  -0.0000112   0.0000645  -0.0000177  -0.0000316  -0.0000745
            7           8           9          10          11          12
    1  -0.0000304   0.0000102  -0.0000102   0.0000157  -0.0000095  -0.0000958
    2   0.0000101   0.0000228  -0.0000112  -0.0000140  -0.0000018  -0.0004465
    3  -0.0000172   0.0000446  -0.0000324  -0.0000157  -0.0000088  -0.0000432
 Max gradient component =       4.465E-04
 RMS gradient           =       1.125E-04
 Gradient time:  CPU 8.14 s  wall 0.73 s
 Geometry Optimization Parameters
   NAtoms,    NIC,     NZ,  NCons,   NDum,   NFix, NCnnct, MaxDiis
       12      70       0       1       0       0       0       0

 Cartesian Hessian Update
 Hessian Updated using BFGS Update


** CONSTRAINED OPTIMIZATION IN DELOCALIZED INTERNAL COORDINATES **
   Searching for a Minimum

   Optimization Cycle:   3

                       Coordinates (Angstroms)
     ATOM                X               Y               Z
      1  S         1.3186669412   -0.1235105440   -1.7319360742
      2  C        -0.9834592427   -0.0833862518   -0.1056320098
      3  C         0.2692593288   -0.7993244968   -0.5457368506
      4  C        -1.9803052501   -1.0362619193    0.5668021239
      5  H        -1.4585380551    0.3983626987   -0.9694932549
      6  H         2.1572964576    3.4404247065   -0.6031485901
      7  H        -0.7302217386    0.7338542050    0.5911475962
      8  H         0.7393632200   -1.5054812622    0.1395168950
      9  H        -2.8644421838   -0.4899666946    0.9102837074
     10  H        -2.3071761381   -1.8175569294   -0.1256805106
     11  H        -1.5294342504   -1.5259787411    1.4367103882
     12  H         2.0815909111    2.7126272290   -0.7398324206
   Point Group: c1    Number of degrees of freedom:    30


   Energy is   -517.218382058

              Constraints and their Current Values
                                        Value     Constraint
   Distance(Angs):        1  12             3.100000     3.100000
 Hessian Updated using BFGS Update

 27 Hessian modes will be used to form the next step
  Hessian Eigenvalues:
     0.019036    0.045001    0.045017    0.047247    0.071122    0.082246
     0.082745    0.083062    0.110024    0.133953    0.142194    0.155420
     0.160196    0.163754    0.200007    0.219578    0.222301    0.290343
     0.315296    0.333177    0.333658    0.339804    0.341988    0.342884
     0.343605    0.347518    0.554815

 Minimum Search - Taking Simple RFO Step
 Searching for Lamda that Minimizes Along All modes
 Value Taken    Lamda =   0.00000000
 Step Taken.  Stepsize is  0.005538

                             Maximum     Tolerance    Cnvgd?
         Gradient           0.000102      0.000300     YES
         Displacement       0.002821      0.001200      NO
         Energy change      0.000001      0.000001      NO


 New Cartesian Coordinates Obtained by Inverse Iteration

 Displacement from previous Coordinates is:  0.012536
 ----------------------------------------------------------------
             Standard Nuclear Orientation (Angstroms)
    I     Atom           X                Y                Z
 ----------------------------------------------------------------
    1      S       1.3202291996    -0.1245948877    -1.7315036654
    2      C      -0.9826571066    -0.0836552147    -0.1063241731
    3      C       0.2693023725    -0.8008135470    -0.5467427891
    4      C      -1.9800631473    -1.0353523152     0.5669105454
    5      H      -1.4575626270     0.3986780183    -0.9699316487
    6      H       2.1545198329     3.4405983304    -0.6013932832
    7      H      -0.7282916171     0.7331773863     0.5904855297
    8      H       0.7387790344    -1.5072762205     0.1386435765
    9      H      -2.8635355229    -0.4880335779     0.9104917973
   10      H      -2.3080879156    -1.8168407481    -0.1248190952
   11      H      -1.5292313389    -1.5248269167     1.4369790779
   12      H       2.0791988359     2.7127416928    -0.7397948720
 ----------------------------------------------------------------
 Nuclear Repulsion Energy =   154.5637547226 hartrees
 There are       22 alpha and       20 beta electrons

                       Distance Matrix (Angstroms)
             S (  1)   C (  2)   C (  3)   C (  4)   H (  5)   H (  6)
   C (  2)  2.818895
   C (  3)  1.722027  1.508538
   C (  4)  4.123605  1.534207  2.520888
   H (  5)  2.927445  1.097269  2.144745  2.165949
   H (  6)  3.831944  4.744190  4.641832  6.204341  4.736691
   H (  7)  3.213074  1.103386  2.154440  2.166838  1.754602  4.130533
   H (  8)  2.397362  2.247231  1.090528  2.792531  3.112156  5.199369
   H (  9)  4.961463  2.176038  3.469299  1.094591  2.509783  6.549872
   H ( 10)  4.313910  2.181981  2.802369  1.093990  2.519153  6.912500
   H ( 11)  4.485461  2.181170  2.773819  1.095378  3.081919  6.510026
   H ( 12)  3.100000  4.194768  3.957027  5.677437  4.232793  0.744717
             H (  7)   H (  8)   H (  9)   H ( 10)   H ( 11)
   H (  8)  2.715896
   H (  9)  2.480530  3.822470
   H ( 10)  3.083830  3.073864  1.773730
   H ( 11)  2.540992  2.613399  1.769886  1.769492
   H ( 12)  3.683792  4.514081  6.115475  6.335898  5.976295
 
 Applying Cartesian multipole field
    Component          Value
    ---------          -----
     (2,0,0)        1.00000E-11
     (0,2,0)        2.00000E-11
     (0,0,2)       -3.00000E-11
 Nucleus-field energy     =    -0.0000000003 hartrees
 Requested basis set is 6-31G(d,p)
 There are 41 shells and 104 basis functions
 A cutoff of  1.0D-14 yielded    780 shell pairs
 There are      5156 function pairs
 Smallest overlap matrix eigenvalue = 5.68E-03
 Guess from superposition of atomic densities
 Warning:  Energy on first SCF cycle will be non-variational
 SAD guess density has 42.000000 electrons

 -----------------------------------------------------------------------
  General SCF calculation program by
  Eric Jon Sundstrom, Paul Horn, Yuezhi Mao, Dmitri Zuev, Alec White,
  David Stuck, Shaama M.S., Shane Yost, Joonho Lee, David Small,
  Daniel Levine, Susi Lehtola, Hugh Burton, Evgeny Epifanovsky
 -----------------------------------------------------------------------
 Exchange:     0.2000 Hartree-Fock + 0.0800 Slater + 0.7200 B88
 Correlation:  0.1900 VWN1RPA + 0.8100 LYP
 Using SG-1 standard quadrature grid
 using 12 threads for integral computing
 -------------------------------------------------------
 OpenMP Integral computing Module                
 Release: version 1.0, May 2013, Q-Chem Inc. Pittsburgh 
 -------------------------------------------------------
 -------------------------------------------------------
 OpenMP BLAS3 based DFT computing Module                
 Release: version 1.0, May 2013, Q-Chem Inc. Pittsburgh 
 -------------------------------------------------------
 A unrestricted SCF calculation will be
 performed using DIIS
 SCF converges when DIIS error is below 1.0e-06
 Alpha HF Exchange    Energy =  -4.32372027269330
 Beta HF Exchange     Energy =  -4.32372027269330
 DFT Correlation      Energy =  -1.85865010657006
 DFT Exchange         Energy = -33.94867441045955
 One-Electron (alpha) Energy = -505.89998212313031
 One-Electron (beta)  Energy = -505.89998212313031
 Total Coulomb        Energy = 384.23126407694679
 ---------------------------------------
  Cycle       Energy         DIIS error
 ---------------------------------------
    1    -517.4597105094      2.87e-02  
 Alpha HF Exchange    Energy =  -4.45161545484707
 Beta HF Exchange     Energy =  -4.25774972868909
 DFT Correlation      Energy =  -1.87836235295618
 DFT Exchange         Energy = -34.55447374487596
 One-Electron (alpha) Energy = -521.76260035627354
 One-Electron (beta)  Energy = -495.79057050793864
 Total Coulomb        Energy = 391.01427689507250
    2    -517.1173405282      4.02e-03  
 Alpha HF Exchange    Energy =  -4.40533133129234
 Beta HF Exchange     Energy =  -4.20758157730965
 DFT Correlation      Energy =  -1.85307924905507
 DFT Exchange         Energy = -34.15037669785877
 One-Electron (alpha) Energy = -519.05576058956251
 One-Electron (beta)  Energy = -493.25216721655920
 Total Coulomb        Energy = 385.36964381276948
    3    -516.9908981265      5.96e-03  
 Alpha HF Exchange    Energy =  -4.42592579194334
 Beta HF Exchange     Energy =  -4.23183796761076
 DFT Correlation      Energy =  -1.86488623781898
 DFT Exchange         Energy = -34.32742915804929
 One-Electron (alpha) Energy = -520.38551902407289
 One-Electron (beta)  Energy = -494.29505400195501
 Total Coulomb        Energy = 387.75252433077799
    4    -517.2143731284      7.28e-04  
 Alpha HF Exchange    Energy =  -4.43047079954444
 Beta HF Exchange     Energy =  -4.23576537041111
 DFT Correlation      Energy =  -1.86567630017179
 DFT Exchange         Energy = -34.35933024861729
 One-Electron (alpha) Energy = -520.66064509946773
 One-Electron (beta)  Energy = -494.50034615229873
 Total Coulomb        Energy = 388.27091362493883
    5    -517.2175656233      3.48e-04  
 Alpha HF Exchange    Energy =  -4.43021440591760
 Beta HF Exchange     Energy =  -4.23535914758392
 DFT Correlation      Energy =  -1.86523059000554
 DFT Exchange         Energy = -34.35547166901527
 One-Electron (alpha) Energy = -520.63850900900638
 One-Electron (beta)  Energy = -494.44385577025770
 Total Coulomb        Energy = 388.18658211068242
    6    -517.2183037588      9.17e-05  
 Alpha HF Exchange    Energy =  -4.42974213114891
 Beta HF Exchange     Energy =  -4.23535273191511
 DFT Correlation      Energy =  -1.86501278898694
 DFT Exchange         Energy = -34.35288019277090
 One-Electron (alpha) Energy = -520.60472970491423
 One-Electron (beta)  Energy = -494.41574841051204
 Total Coulomb        Energy = 388.12134029273818
    7    -517.2183709452      3.30e-05  
 Alpha HF Exchange    Energy =  -4.42990444340524
 Beta HF Exchange     Energy =  -4.23550053343246
 DFT Correlation      Energy =  -1.86501577179323
 DFT Exchange         Energy = -34.35391664152142
 One-Electron (alpha) Energy = -520.61754293820104
 One-Electron (beta)  Energy = -494.42248751241277
 Total Coulomb        Energy = 388.14223210217710
    8    -517.2183810163      1.14e-05  
 Alpha HF Exchange    Energy =  -4.42991636168880
 Beta HF Exchange     Energy =  -4.23556473865353
 DFT Correlation      Energy =  -1.86500277774791
 DFT Exchange         Energy = -34.35413684648925
 One-Electron (alpha) Energy = -520.61825303980027
 One-Electron (beta)  Energy = -494.42329657680392
 Total Coulomb        Energy = 388.14403334008108
    9    -517.2183822788      5.29e-06  
 Alpha HF Exchange    Energy =  -4.42989493037884
 Beta HF Exchange     Energy =  -4.23555695063776
 DFT Correlation      Energy =  -1.86499166054730
 DFT Exchange         Energy = -34.35400086612692
 One-Electron (alpha) Energy = -520.61618797533413
 One-Electron (beta)  Energy = -494.42169637845461
 Total Coulomb        Energy = 388.14019153748632
   10    -517.2183825017      1.19e-06  
 Alpha HF Exchange    Energy =  -4.42989806402855
 Beta HF Exchange     Energy =  -4.23556120512509
 DFT Correlation      Energy =  -1.86499283106216
 DFT Exchange         Energy = -34.35403179239552
 One-Electron (alpha) Energy = -520.61650663869284
 One-Electron (beta)  Energy = -494.42215399094920
 Total Coulomb        Energy = 388.14100726414733
   11    -517.2183825358      4.46e-07  Convergence criterion met
 ---------------------------------------
 SCF time:   CPU 25.72s  wall 2.00s 
<S^2> =          2.005070580
 Alpha HF Exchange    Energy =  -4.42989806402855
 Beta HF Exchange     Energy =  -4.23556120512509
 DFT Correlation      Energy =  -1.86499283106216
 DFT Exchange         Energy = -34.35403179239552
 One-Electron (alpha) Energy = -520.61650663869284
 One-Electron (beta)  Energy = -494.42215399094920
 Total Coulomb        Energy = 388.14100726414733
 Nuclear repulsion Energy = 154.56375472231903
 SCF   energy in the final basis set =     -517.2183825358
 Total energy in the final basis set =     -517.2183825358
 
 --------------------------------------------------------------
 
                    Orbital Energies (a.u.)
 --------------------------------------------------------------
 
 Alpha MOs
 -- Occupied --
-88.910 -10.214 -10.204 -10.184  -7.971  -5.941  -5.931  -5.926
 -0.818  -0.752  -0.644  -0.574  -0.462  -0.436  -0.423  -0.422
 -0.372  -0.364  -0.350  -0.310  -0.295  -0.171
 -- Virtual --
  0.058   0.104   0.110   0.125   0.151   0.161   0.173   0.189
  0.225   0.236   0.304   0.363   0.380   0.391   0.498   0.518
  0.535   0.554   0.579   0.631   0.641   0.666   0.683   0.740
  0.766   0.804   0.828   0.832   0.860   0.884   0.890   0.912
  0.939   0.971   0.999   1.050   1.114   1.184   1.310   1.441
  1.553   1.598   1.670   1.684   1.684   1.761   1.822   1.857
  1.909   2.028   2.045   2.059   2.090   2.120   2.199   2.246
  2.270   2.369   2.385   2.413   2.434   2.522   2.617   2.623
  2.623   2.680   2.714   2.742   2.817   2.875   2.904   3.182
  3.274   3.303   3.403   3.460   3.524   3.896   4.154   4.208
  4.383   4.606
 
 Beta MOs
 -- Occupied --
-88.904 -10.203 -10.202 -10.183  -7.964  -5.927  -5.923  -5.919
 -0.796  -0.731  -0.629  -0.547  -0.452  -0.428  -0.422  -0.407
 -0.363  -0.355  -0.340  -0.271
 -- Virtual --
 -0.164  -0.039   0.078   0.108   0.115   0.131   0.153   0.164
  0.176   0.192   0.233   0.246   0.320   0.384   0.397   0.408
  0.508   0.535   0.543   0.559   0.618   0.638   0.656   0.680
  0.704   0.795   0.808   0.824   0.839   0.840   0.862   0.891
  0.897   0.927   0.941   0.984   1.026   1.071   1.117   1.192
  1.321   1.446   1.558   1.621   1.674   1.684   1.685   1.783
  1.826   1.885   1.921   2.045   2.060   2.065   2.094   2.124
  2.211   2.251   2.283   2.375   2.386   2.424   2.443   2.534
  2.623   2.624   2.630   2.685   2.721   2.745   2.821   2.877
  2.906   3.183   3.279   3.311   3.408   3.461   3.526   3.917
  4.155   4.230   4.390   4.609
 --------------------------------------------------------------
 
          Ground-State Mulliken Net Atomic Charges

     Atom                 Charge (a.u.)    Spin (a.u.)
  --------------------------------------------------------
      1 S                     0.088657       1.110050
      2 C                    -0.184422      -0.020166
      3 C                    -0.279816       0.829655
      4 C                    -0.316141       0.014070
      5 H                     0.113509       0.009276
      6 H                    -0.019351       0.004186
      7 H                     0.116877       0.049658
      8 H                     0.135862       0.000817
      9 H                     0.107006       0.002734
     10 H                     0.118035       0.001502
     11 H                     0.107695      -0.001077
     12 H                     0.012089      -0.000707
  --------------------------------------------------------
  Sum of atomic charges =     0.000000
  Sum of spin   charges =     2.000000

 -----------------------------------------------------------------
                    Cartesian Multipole Moments
 -----------------------------------------------------------------
    Charge (ESU x 10^10)
                -0.0000
    Dipole Moment (Debye)
         X      -0.7974      Y      -0.2223      Z       0.9806
       Tot       1.2833
    Quadrupole Moments (Debye-Ang)
        XX     -34.3753     XY      -1.4596     YY     -34.7513
        XZ       0.8602     YZ      -1.3306     ZZ     -36.4997
    Octopole Moments (Debye-Ang^2)
       XXX      -5.5116    XXY       5.8072    XYY      -0.4763
       YYY      27.1854    XXZ      22.3586    XYZ       0.0147
       YYZ      24.7509    XZZ      -2.8330    YZZ      11.6293
       ZZZ      72.7356
    Hexadecapole Moments (Debye-Ang^3)
      XXXX    -461.8107   XXXY     -82.9168   XXYY    -117.4008
      XYYY     -71.9470   YYYY    -232.5432   XXXZ     120.0501
      XXYZ       6.9320   XYYZ      43.3896   YYYZ      10.7181
      XXZZ    -128.5779   XYZZ     -24.1145   YYZZ     -96.1491
      XZZZ     126.0887   YZZZ       1.9520   ZZZZ    -328.4090
 -----------------------------------------------------------------
 Calculating analytic gradient of the SCF energy
 Gradient of SCF Energy
            1           2           3           4           5           6
    1   0.0001285  -0.0000214   0.0000517   0.0000098   0.0000222  -0.0000248
    2   0.0004447  -0.0000026  -0.0000052   0.0000010  -0.0000111   0.0002626
    3   0.0001309  -0.0000470   0.0000796  -0.0000253  -0.0000209  -0.0000259
            7           8           9          10          11          12
    1  -0.0000358   0.0000134  -0.0000115  -0.0000033  -0.0000075  -0.0001213
    2  -0.0000198   0.0000326  -0.0000099  -0.0000237   0.0000081  -0.0006768
    3  -0.0000081   0.0000469  -0.0000296  -0.0000054  -0.0000028  -0.0000923
 Max gradient component =       6.768E-04
 RMS gradient           =       1.494E-04
 Gradient time:  CPU 8.06 s  wall 0.71 s
 Geometry Optimization Parameters
   NAtoms,    NIC,     NZ,  NCons,   NDum,   NFix, NCnnct, MaxDiis
       12      70       0       1       0       0       0       0

 Cartesian Hessian Update
 Hessian Updated using BFGS Update


** CONSTRAINED OPTIMIZATION IN DELOCALIZED INTERNAL COORDINATES **
   Searching for a Minimum

   Optimization Cycle:   4

                       Coordinates (Angstroms)
     ATOM                X               Y               Z
      1  S         1.3202291996   -0.1245948877   -1.7315036654
      2  C        -0.9826571066   -0.0836552147   -0.1063241731
      3  C         0.2693023725   -0.8008135470   -0.5467427891
      4  C        -1.9800631473   -1.0353523152    0.5669105454
      5  H        -1.4575626270    0.3986780183   -0.9699316487
      6  H         2.1545198329    3.4405983304   -0.6013932832
      7  H        -0.7282916171    0.7331773863    0.5904855297
      8  H         0.7387790344   -1.5072762205    0.1386435765
      9  H        -2.8635355229   -0.4880335779    0.9104917973
     10  H        -2.3080879156   -1.8168407481   -0.1248190952
     11  H        -1.5292313389   -1.5248269167    1.4369790779
     12  H         2.0791988359    2.7127416928   -0.7397948720
   Point Group: c1    Number of degrees of freedom:    30


   Energy is   -517.218382536

              Constraints and their Current Values
                                        Value     Constraint
   Distance(Angs):        1  12             3.100000     3.100000
 Hessian Updated using BFGS Update

 29 Hessian modes will be used to form the next step
  Hessian Eigenvalues:
     0.007321    0.045001    0.045017    0.047566    0.073698    0.082246
     0.082890    0.083455    0.110133    0.127056    0.137576    0.155421
     0.160000    0.160020    0.160313    0.163686    0.200007    0.219834
     0.222332    0.290373    0.315303    0.333197    0.334173    0.339844
     0.341995    0.342891    0.343605    0.347512    0.734814

 Minimum Search - Taking Simple RFO Step
 Searching for Lamda that Minimizes Along All modes
 Value Taken    Lamda =   0.00000000
 Step Taken.  Stepsize is  0.010285

                             Maximum     Tolerance    Cnvgd?
         Gradient           0.000167      0.000300     YES
         Displacement       0.005316      0.001200      NO
         Energy change     -0.000000      0.000001     YES


                       Distance Matrix (Angstroms)
             S (  1)   C (  2)   C (  3)   C (  4)   H (  5)   H (  6)
   C (  2)  2.818895
   C (  3)  1.722027  1.508538
   C (  4)  4.123605  1.534207  2.520888
   H (  5)  2.927445  1.097269  2.144745  2.165949
   H (  6)  3.831944  4.744190  4.641832  6.204341  4.736691
   H (  7)  3.213074  1.103386  2.154440  2.166838  1.754602  4.130533
   H (  8)  2.397362  2.247231  1.090528  2.792531  3.112156  5.199369
   H (  9)  4.961463  2.176038  3.469299  1.094591  2.509783  6.549872
   H ( 10)  4.313910  2.181981  2.802369  1.093990  2.519153  6.912500
   H ( 11)  4.485461  2.181170  2.773819  1.095378  3.081919  6.510026
   H ( 12)  3.100000  4.194768  3.957027  5.677437  4.232793  0.744717
             H (  7)   H (  8)   H (  9)   H ( 10)   H ( 11)
   H (  8)  2.715896
   H (  9)  2.480530  3.822470
   H ( 10)  3.083830  3.073864  1.773730
   H ( 11)  2.540992  2.613399  1.769886  1.769492
   H ( 12)  3.683792  4.514081  6.115475  6.335898  5.976295
 
 Final energy is   -517.218382535787     


 ******************************
 **  OPTIMIZATION CONVERGED  **
 ******************************

                       Coordinates (Angstroms)
     ATOM                X               Y               Z
      1  S         1.3202291996   -0.1245948877   -1.7315036654
      2  C        -0.9826571066   -0.0836552147   -0.1063241731
      3  C         0.2693023725   -0.8008135470   -0.5467427891
      4  C        -1.9800631473   -1.0353523152    0.5669105454
      5  H        -1.4575626270    0.3986780183   -0.9699316487
      6  H         2.1545198329    3.4405983304   -0.6013932832
      7  H        -0.7282916171    0.7331773863    0.5904855297
      8  H         0.7387790344   -1.5072762205    0.1386435765
      9  H        -2.8635355229   -0.4880335779    0.9104917973
     10  H        -2.3080879156   -1.8168407481   -0.1248190952
     11  H        -1.5292313389   -1.5248269167    1.4369790779
     12  H         2.0791988359    2.7127416928   -0.7397948720

Z-matrix Print:
$molecule
0 3
S 
C  1 1.722027
H  2 1.090528 1 115.091382
C  2 1.508538 1 121.376833 3 155.318996 0
H  4 1.097269 2 109.778653 1 38.794873 0
H  4 1.103386 2 110.181006 1 -77.273836 0
C  4 1.534207 2 111.885406 1 160.801822 0
H  7 1.093990 4 111.136466 2 -61.741955 0
H  7 1.094591 4 110.627410 2 177.937788 0
H  7 1.095378 4 110.988271 2 58.271313 0
H  1 3.100000 2 106.782174 3 -100.904770 0
H  11 0.744717 1 168.170780 2 -100.289698 0
$end

PES scan, value:    3.1000 energy: -517.2183825358
------- Summary of potential scan: ------ 
    3.1000      -517.2183825358
----------------------------------------- 
Archival summary:
1\1\hpc0250\JobtypUnspecified\ProcedureUnspecified\6-31G**\138(3)\knomura\WedMar1322:43:402019WedMar1322:43:402019\0\\#,JobtypUnspecified,ProcedureUnspecified,6-31G**,\\0,3\S\C,1,1.72203\H,2,1.09053,1,115.091\C,2,1.50854,1,121.377,3,155.319,0\H,4,1.09727,2,109.779,1,38.7949,0\H,4,1.10339,2,110.181,1,-77.2738,0\C,4,1.53421,2,111.885,1,160.802,0\H,7,1.09399,4,111.136,2,-61.742,0\H,7,1.09459,4,110.627,2,177.938,0\H,7,1.09538,4,110.988,2,58.2713,0\H,1,3.1,2,106.782,3,-100.905,0\H,11,0.744717,1,168.171,2,-100.29,0\\\@

 Total job time:  13.85s(wall), 155.57s(cpu) 
 Wed Mar 13 22:43:40 2019

        *************************************************************
        *                                                           *
        *  Thank you very much for using Q-Chem.  Have a nice day.  *
        *                                                           *
        *************************************************************


