
Running Job 1 of 1 thiol/02/S-H.xyz.data/inputs/bond_triplet_3.7.in
qchem thiol/02/S-H.xyz.data/inputs/bond_triplet_3.7.in_24855.0 /staging/scratch/2868767/qchem24855/ 1
/usr/usc/qchem/5.1.1/exe/qcprog.exe_s thiol/02/S-H.xyz.data/inputs/bond_triplet_3.7.in_24855.0 /staging/scratch/2868767/qchem24855/
Check license passed

                  Welcome to Q-Chem
     A Quantum Leap Into The Future Of Chemistry


 Q-Chem 5.1, Q-Chem, Inc., Pleasanton, CA (2018)

 Yihan Shao,  Zhengting Gan,  E. Epifanovsky,  A. T. B. Gilbert,  M. Wormit,  
 J. Kussmann,  A. W. Lange,  A. Behn,  Jia Deng,  Xintian Feng,  D. Ghosh,  
 M. Goldey,  P. R. Horn,  L. D. Jacobson,  I. Kaliman,  T. Kus,  A. Landau,  
 Jie Liu,  E. I. Proynov,  R. M. Richard,  R. P. Steele,  E. J. Sundstrom,  
 H. L. Woodcock III,  P. M. Zimmerman,  D. Zuev,  B. Albrecht,  E. Alguire,  
 S. A. Baeppler,  D. Barton,  Z. Benda,  Y. A. Bernard,  E. J. Berquist,  
 K. B. Bravaya,  H. Burton,  D. Casanova,  Chun-Min Chang,  Yunqing Chen,  
 A. Chien,  K. D. Closser,  M. P. Coons,  S. Coriani,  S. Dasgupta,  
 A. L. Dempwolff,  M. Diedenhofen,  Hainam Do,  R. G. Edgar,  Po-Tung Fang,  
 S. Faraji,  S. Fatehi,  Qingguo Feng,  K. D. Fenk,  J. Fosso-Tande,  
 Qinghui Ge,  A. Ghysels,  G. Gidofalvi,  J. Gomes,  J. Gonthier,  A. Gunina,  
 D. Hait,  M. W. D. Hanson-Heine,  P. H. P. Harbach,  A. W. Hauser,  
 J. E. Herr,  E. G. Hohenstein,  Z. C. Holden,  Kerwin Hui,  B. C. Huynh,  
 T.-C. Jagau,  Hyunjun Ji,  B. Kaduk,  K. Khistyaev,  Jaehoon Kim,  
 P. Klunzinger,  K. Koh,  D. Kosenkov,  L. Koulias,  T. Kowalczyk,  
 C. M. Krauter,  A. Kunitsa,  Ka Un Lao,  A. Laurent,  K. V. Lawler,  
 Joonho Lee,  D. Lefrancois,  S. Lehtola,  D. S. Levine,  Yi-Pei Li,  
 You-Sheng Lin,  Fenglai Liu,  E. Livshits,  A. Luenser,  P. Manohar,  
 E. Mansoor,  S. F. Manzer,  Shan-Ping Mao,  Yuezhi Mao,  N. Mardirossian,  
 A. V. Marenich,  T. Markovich,  L. A. Martinez-Martinez,  S. A. Maurer,  
 N. J. Mayhall,  S. C. McKenzie,  J.-M. Mewes,  A. F. Morrison,  
 J. W. Mullinax,  K. Nanda,  T. S. Nguyen-Beck,  R. Olivares-Amaya,  
 J. A. Parkhill,  T. M. Perrine,  F. Plasser,  P. Pokhilko,  S. Prager,  
 A. Prociuk,  E. Ramos,  D. R. Rehn,  F. Rob,  M. Schneider,  N. Sergueev,  
 S. M. Sharada,  S. Sharma,  D. W. Small,  T. Stauch,  T. Stein,  
 Yu-Chuan Su,  A. J. W. Thom,  A. Tkatchenko,  T. Tsuchimochi,  N. M. Tubman,  
 L. Vogt,  M. L. Vidal,  O. Vydrov,  M. A. Watson,  J. Wenzel,  
 M. de Wergifosse,  T. A. Wesolowski,  A. White,  J. Witte,  A. Yamada,  
 Jun Yang,  K. Yao,  S. Yeganeh,  S. R. Yost,  Zhi-Qiang You,  A. Zech,  
 Igor Ying Zhang,  Xing Zhang,  Yan Zhao,  Ying Zhu,  B. R. Brooks,  
 G. K. L. Chan,  C. J. Cramer,  M. S. Gordon,  W. J. Hehre,  A. Klamt,  
 M. W. Schmidt,  C. D. Sherrill,  D. G. Truhlar,  A. Aspuru-Guzik,  R. Baer,  
 A. T. Bell,  N. A. Besley,  Jeng-Da Chai,  A. E. DePrince, III,  
 R. A. DiStasio Jr.,  A. Dreuw,  B. D. Dunietz,  T. R. Furlani,  
 Chao-Ping Hsu,  Yousung Jung,  Jing Kong,  D. S. Lambrecht,  WanZhen Liang,  
 C. Ochsenfeld,  V. A. Rassolov,  L. V. Slipchenko,  J. E. Subotnik,  
 T. Van Voorhis,  J. M. Herbert,  A. I. Krylov,  P. M. W. Gill,  M. Head-Gordon

 Contributors to earlier versions of Q-Chem not listed above: 
 R. D. Adamson,  B. Austin,  J. Baker,  G. J. O. Beran,  K. Brandhorst,  
 S. T. Brown,  E. F. C. Byrd,  A. K. Chakraborty,  C.-L. Cheng,  
 Siu Hung Chien,  D. M. Chipman,  D. L. Crittenden,  H. Dachsel,  
 R. J. Doerksen,  A. D. Dutoi,  L. Fusti-Molnar,  W. A. Goddard III,  
 A. Golubeva-Zadorozhnaya,  S. R. Gwaltney,  G. Hawkins,  A. Heyden,  
 S. Hirata,  G. Kedziora,  F. J. Keil,  C. Kelley,  Jihan Kim,  R. A. King,  
 R. Z. Khaliullin,  P. P. Korambath,  W. Kurlancheek,  A. M. Lee,  M. S. Lee,  
 S. V. Levchenko,  Ching Yeh Lin,  D. Liotard,  R. C. Lochan,  I. Lotan,  
 P. E. Maslen,  N. Nair,  D. P. O'Neill,  D. Neuhauser,  E. Neuscamman,  
 C. M. Oana,  R. Olson,  B. Peters,  R. Peverati,  P. A. Pieniazek,  
 Y. M. Rhee,  J. Ritchie,  M. A. Rohrdanz,  E. Rosta,  N. J. Russ,  
 H. F. Schaefer III,  N. E. Schultz,  N. Shenvi,  A. C. Simmonett,  A. Sodt,  
 D. Stuck,  K. S. Thanthiriwatte,  V. Vanovschi,  Tao Wang,  A. Warshel,  
 C. F. Williams,  Q. Wu,  X. Xu,  W. Zhang

 Please cite Q-Chem as follows:
 Y. Shao et al., Mol. Phys. 113, 184-215 (2015)
 DOI: 10.1080/00268976.2014.952696

 Q-Chem 5.1.1 for Intel X86 EM64T Linux

 Parts of Q-Chem use Armadillo 8.300.2 (Tropical Shenanigans).
 http://arma.sourceforge.net/

 Q-Chem begins on Wed Mar 13 22:37:32 2019  

Host: 
0

     Scratch files written to /staging/scratch/2868767/qchem24855//
 Aug318 |scratch|qcdevops|jenkins|workspace|build_RNUM 6013   
Processing $rem in /usr/usc/qchem/5.1.1/config/preferences.
 MEM_TOTAL  2000 
Input Ideriv = 2
Curr. Ideriv = -1
Max.  Ideriv = 2

Checking the input file for inconsistencies... 	...done.

--------------------------------------------------------------
User input:
--------------------------------------------------------------

$comment
potential surface scanner
$end

$rem
JOBTYPE  PES_SCAN
UNRESTRICTED TRUE
SYM_IGNORE  TRUE
GEOM_OPT_MAX_CYCLES 400
SCF_MAX_CYCLES 400
METHOD   B3LYP
BASIS   6-31G**
PDB_PRINT 2
SCF_CONVERGENCE 6
THRESH 14
SCF_PRINT 1
$end
$molecule
0 3
S 1.956040 0.101484 -0.136812
C -0.716019 -0.256250 0.701634
C 0.454553 -0.741217 -0.116771
C -2.048434 -0.800285 0.167457
H -0.739709 0.840508 0.703266
H 1.583608 2.616303 -1.888827
H -0.595649 -0.555753 1.756584
H 0.517024 -1.800261 -0.369196
H -2.882480 -0.459325 0.789262
H -2.225087 -0.466364 -0.858939
H -2.054121 -1.895611 0.170288
H 1.462873 3.320569 -2.094944
$end
$scan
stre 1 12 3.700000 3.701000 0.100000
$end
--------------------------------------------------------------
 ----------------------------------------------------------------
             Standard Nuclear Orientation (Angstroms)
    I     Atom           X                Y                Z
 ----------------------------------------------------------------
    1      S       1.9560400000     0.1014840000    -0.1368120000
    2      C      -0.7160190000    -0.2562500000     0.7016340000
    3      C       0.4545530000    -0.7412170000    -0.1167710000
    4      C      -2.0484340000    -0.8002850000     0.1674570000
    5      H      -0.7397090000     0.8405080000     0.7032660000
    6      H       1.5836080000     2.6163030000    -1.8888270000
    7      H      -0.5956490000    -0.5557530000     1.7565840000
    8      H       0.5170240000    -1.8002610000    -0.3691960000
    9      H      -2.8824800000    -0.4593250000     0.7892620000
   10      H      -2.2250870000    -0.4663640000    -0.8589390000
   11      H      -2.0541210000    -1.8956110000     0.1702880000
   12      H       1.4628730000     3.3205690000    -2.0949440000
 ----------------------------------------------------------------
 Nuclear Repulsion Energy =   154.5195399297 hartrees
 There are       22 alpha and       20 beta electrons
 Requested basis set is 6-31G(d,p)
 There are 41 shells and 104 basis functions

 Total QAlloc Memory Limit   2000 MB
 Mega-Array Size       188 MB
 MEM_STATIC part       192 MB
A total of 1 constraints
  
            1
    1   1.0100000
    2   1.0100000
    3  12.0100000
    4   3.7000000
    5   3.7010000
    6   0.1000000
    7   0.0000000
    8   0.0000000
    9   0.0000000
   10   0.0000000

                       Distance Matrix (Angstroms)
             S (  1)   C (  2)   C (  3)   C (  4)   H (  5)   H (  6)
   C (  2)  2.823272
   C (  3)  1.721920  1.508383
   C (  4)  4.116015  1.535138  2.519766
   H (  5)  2.918724  1.097015  2.144895  2.166115
   H (  6)  3.087487  4.500037  3.960794  5.393803  3.907710
   H (  7)  3.244692  1.103227  2.155639  2.166957  1.754929  5.300955
   H (  8)  2.396123  2.247452  1.090502  2.805267  3.114998  4.790920
   H (  9)  4.958165  2.177722  3.469315  1.094773  2.507674  6.047941
   H ( 10)  4.280858  2.181014  2.794070  1.093708  2.520862  5.006961
   H ( 11)  4.490444  2.181823  2.776414  1.095344  3.081897  6.150642
   H ( 12)  3.800000  5.036075  4.629037  5.867638  4.339591  0.743674
             H (  7)   H (  8)   H (  9)   H ( 10)   H ( 11)
   H (  8)  2.702921
   H (  9)  2.484875  3.833636
   H ( 10)  3.082859  3.088414  1.774481
   H ( 11)  2.537458  2.628863  1.769809  1.769544
   H ( 12)  5.839320  5.485958  6.441144  5.428593  6.686483
 
 A cutoff of  1.0D-14 yielded    773 shell pairs
 There are      5111 function pairs
 
 -------------------------------------------------------
 OpenMP Integral Computing Module                       
 Release: version 1.0, May 2013, Q-Chem Inc. Pittsburgh 
 -------------------------------------------------------
 Integral Job Info:
 Integral job number is                      11
 Integral operator is                         1
 short-range coefficients                     0
 long-range coefficients              100000000
 Omega coefficients                           0
 if combine SR and LR in K                    0
 Integral screening is                        0
 Integral computing path is                   2
 max size of driver memory is            800000
 size of driver memory is                593474
 size of scratch memory is             15267112
 max col of scratch BK array               1296
 max len of scratch array in speh3          155
 max len of scratch index in speh4           18
 max int batch size is                      520
 min int batch size is                       52
 fixed nKL is                                52
 max L of basis functions is                  2
 order of int derivative is                   0
 number of shells is                         41
 number of basis is                         104
 number of cartesian basis is               104
 number of contracted shell pairs           773
 number of primitive shell pairs           2765
 maxK2 (contraction) of shell pair           36
 max number of K2 of shell pair               1
 max number of CS2 of shell pair             70
 max number of PS2 of shell pair            240
 mem total for path MDJ                  513890
 -------------------------------------------------------
 Smallest overlap matrix eigenvalue = 5.71E-03

 Scale SEOQF with 1.000000e-01/1.000000e-01/1.000000e-01

 Standard Electronic Orientation quadrupole field applied
 Nucleus-field energy     =     0.0000000047 hartrees
 Guess from superposition of atomic densities
 Warning:  Energy on first SCF cycle will be non-variational
 SAD guess density has 42.000000 electrons

 -----------------------------------------------------------------------
  General SCF calculation program by
  Eric Jon Sundstrom, Paul Horn, Yuezhi Mao, Dmitri Zuev, Alec White,
  David Stuck, Shaama M.S., Shane Yost, Joonho Lee, David Small,
  Daniel Levine, Susi Lehtola, Hugh Burton, Evgeny Epifanovsky
 -----------------------------------------------------------------------
 Exchange:     0.2000 Hartree-Fock + 0.0800 Slater + 0.7200 B88
 Correlation:  0.1900 VWN1RPA + 0.8100 LYP
 Using SG-1 standard quadrature grid
 using 12 threads for integral computing
 -------------------------------------------------------
 OpenMP Integral computing Module                
 Release: version 1.0, May 2013, Q-Chem Inc. Pittsburgh 
 -------------------------------------------------------
 -------------------------------------------------------
 OpenMP BLAS3 based DFT computing Module                
 Release: version 1.0, May 2013, Q-Chem Inc. Pittsburgh 
 -------------------------------------------------------
 A unrestricted SCF calculation will be
 performed using DIIS
 SCF converges when DIIS error is below 1.0e-06
 Alpha HF Exchange    Energy =  -4.32367917694186
 Beta HF Exchange     Energy =  -4.32367917694186
 DFT Correlation      Energy =  -1.85860432867615
 DFT Exchange         Energy = -33.94862829294717
 One-Electron (alpha) Energy = -505.85527058586121
 One-Electron (beta)  Energy = -505.85527058586121
 Total Coulomb        Energy = 384.18661395578164
 ---------------------------------------
  Cycle       Energy         DIIS error
 ---------------------------------------
    1    -517.4589782570      2.87e-02  
 Alpha HF Exchange    Energy =  -4.45180108498785
 Beta HF Exchange     Energy =  -4.25774360214861
 DFT Correlation      Energy =  -1.87838626385907
 DFT Exchange         Energy = -34.55512223239251
 One-Electron (alpha) Energy = -521.73732802962184
 One-Electron (beta)  Energy = -495.74623516745265
 Total Coulomb        Energy = 390.99002508528076
    2    -517.1170513608      4.02e-03  
 Alpha HF Exchange    Energy =  -4.40555164012188
 Beta HF Exchange     Energy =  -4.20751202263439
 DFT Correlation      Energy =  -1.85307401174033
 DFT Exchange         Energy = -34.15079738397046
 One-Electron (alpha) Energy = -519.02872329067395
 One-Electron (beta)  Energy = -493.19796635541280
 Total Coulomb        Energy = 385.33315477697113
    3    -516.9909299932      5.96e-03  
 Alpha HF Exchange    Energy =  -4.42608254084485
 Beta HF Exchange     Energy =  -4.23177971967171
 DFT Correlation      Energy =  -1.86487995105945
 DFT Exchange         Energy = -34.32772440693144
 One-Electron (alpha) Energy = -520.35706737280577
 One-Electron (beta)  Energy = -494.24282788510857
 Total Coulomb        Energy = 387.71656132243800
    4    -517.2142606196      7.28e-04  
 Alpha HF Exchange    Energy =  -4.43062665244074
 Beta HF Exchange     Energy =  -4.23570377841519
 DFT Correlation      Energy =  -1.86567301347062
 DFT Exchange         Energy = -34.35963864849003
 One-Electron (alpha) Energy = -520.63320048201626
 One-Electron (beta)  Energy = -494.44867978276750
 Total Coulomb        Energy = 388.23653292347359
    5    -517.2174494997      3.47e-04  
 Alpha HF Exchange    Energy =  -4.43037137897647
 Beta HF Exchange     Energy =  -4.23530035170415
 DFT Correlation      Energy =  -1.86522768514803
 DFT Exchange         Energy = -34.35579840968517
 One-Electron (alpha) Energy = -520.61109607719618
 One-Electron (beta)  Energy = -494.39207346613807
 Total Coulomb        Energy = 388.15214140723856
    6    -517.2181860272      9.19e-05  
 Alpha HF Exchange    Energy =  -4.42990096427222
 Beta HF Exchange     Energy =  -4.23529344575894
 DFT Correlation      Energy =  -1.86501022079008
 DFT Exchange         Energy = -34.35321328274107
 One-Electron (alpha) Energy = -520.57747005586464
 One-Electron (beta)  Energy = -494.36379105337687
 Total Coulomb        Energy = 388.08688570692311
    7    -517.2182533815      3.29e-05  
 Alpha HF Exchange    Energy =  -4.43006164090584
 Beta HF Exchange     Energy =  -4.23544019117485
 DFT Correlation      Energy =  -1.86501264783683
 DFT Exchange         Energy = -34.35424055208989
 One-Electron (alpha) Energy = -520.59026484968933
 One-Electron (beta)  Energy = -494.37051715268984
 Total Coulomb        Energy = 388.10773370339780
    8    -517.2182633966      1.14e-05  
 Alpha HF Exchange    Energy =  -4.43007358859447
 Beta HF Exchange     Energy =  -4.23550413897316
 DFT Correlation      Energy =  -1.86499950972493
 DFT Exchange         Energy = -34.35446033743111
 One-Electron (alpha) Energy = -520.59096242986971
 One-Electron (beta)  Energy = -494.37128931176017
 Total Coulomb        Energy = 388.10948472573722
    9    -517.2182646562      5.29e-06  
 Alpha HF Exchange    Energy =  -4.43005234237705
 Beta HF Exchange     Energy =  -4.23549621933824
 DFT Correlation      Energy =  -1.86498834258141
 DFT Exchange         Energy = -34.35432479100736
 One-Electron (alpha) Energy = -520.58891686889865
 One-Electron (beta)  Energy = -494.36969836880223
 Total Coulomb        Energy = 388.10567212075796
   10    -517.2182648778      1.18e-06  
 Alpha HF Exchange    Energy =  -4.43005545624495
 Beta HF Exchange     Energy =  -4.23550029622262
 DFT Correlation      Energy =  -1.86498940194546
 DFT Exchange         Energy = -34.35435505956934
 One-Electron (alpha) Energy = -520.58923383249760
 One-Electron (beta)  Energy = -494.37015713410051
 Total Coulomb        Energy = 388.10648633482504
   11    -517.2182649113      4.44e-07  Convergence criterion met
 ---------------------------------------
 SCF time:   CPU 25.95s  wall 2.00s 
<S^2> =          2.005096032
 Alpha HF Exchange    Energy =  -4.43005545624495
 Beta HF Exchange     Energy =  -4.23550029622262
 DFT Correlation      Energy =  -1.86498940194546
 DFT Exchange         Energy = -34.35435505956934
 One-Electron (alpha) Energy = -520.58923383249760
 One-Electron (beta)  Energy = -494.37015713410051
 Total Coulomb        Energy = 388.10648633482504
 Nuclear repulsion Energy = 154.51953993442478
 SCF   energy in the final basis set =     -517.2182649113
 Total energy in the final basis set =     -517.2182649113
 
 --------------------------------------------------------------
 
                    Orbital Energies (a.u.)
 --------------------------------------------------------------
 
 Alpha MOs
 -- Occupied --
-88.910 -10.214 -10.204 -10.183  -7.970  -5.941  -5.931  -5.926
 -0.818  -0.752  -0.644  -0.574  -0.462  -0.436  -0.423  -0.420
 -0.373  -0.364  -0.349  -0.310  -0.295  -0.170
 -- Virtual --
  0.058   0.104   0.113   0.126   0.148   0.162   0.173   0.189
  0.224   0.233   0.306   0.361   0.380   0.393   0.499   0.518
  0.536   0.553   0.579   0.630   0.638   0.668   0.694   0.738
  0.764   0.806   0.828   0.832   0.859   0.883   0.891   0.914
  0.938   0.969   1.001   1.051   1.110   1.185   1.310   1.442
  1.554   1.594   1.670   1.685   1.686   1.759   1.822   1.862
  1.910   2.028   2.045   2.060   2.088   2.120   2.201   2.245
  2.271   2.368   2.388   2.413   2.434   2.525   2.614   2.625
  2.626   2.680   2.717   2.742   2.817   2.875   2.904   3.182
  3.275   3.303   3.404   3.460   3.524   3.897   4.160   4.209
  4.384   4.606
 
 Beta MOs
 -- Occupied --
-88.904 -10.203 -10.202 -10.183  -7.964  -5.927  -5.923  -5.919
 -0.795  -0.731  -0.629  -0.547  -0.452  -0.428  -0.422  -0.406
 -0.363  -0.355  -0.340  -0.271
 -- Virtual --
 -0.164  -0.039   0.078   0.109   0.117   0.132   0.151   0.165
  0.176   0.193   0.232   0.244   0.322   0.381   0.399   0.411
  0.508   0.535   0.544   0.558   0.616   0.641   0.652   0.681
  0.712   0.793   0.808   0.823   0.839   0.843   0.861   0.889
  0.898   0.929   0.941   0.982   1.028   1.073   1.112   1.193
  1.321   1.448   1.559   1.618   1.674   1.685   1.687   1.781
  1.827   1.890   1.921   2.045   2.061   2.064   2.092   2.124
  2.213   2.251   2.283   2.374   2.389   2.424   2.443   2.537
  2.625   2.626   2.627   2.685   2.724   2.745   2.821   2.877
  2.906   3.183   3.280   3.311   3.409   3.461   3.527   3.917
  4.161   4.231   4.391   4.609
 --------------------------------------------------------------
 
          Ground-State Mulliken Net Atomic Charges

     Atom                 Charge (a.u.)    Spin (a.u.)
  --------------------------------------------------------
      1 S                     0.088289       1.110840
      2 C                    -0.183751      -0.020450
      3 C                    -0.280216       0.830808
      4 C                    -0.315140       0.015017
      5 H                     0.113370       0.007758
      6 H                     0.013649      -0.001164
      7 H                     0.115637       0.049234
      8 H                     0.135620       0.000514
      9 H                     0.106497       0.003352
     10 H                     0.118409       0.001628
     11 H                     0.107381      -0.001131
     12 H                    -0.019744       0.003594
  --------------------------------------------------------
  Sum of atomic charges =     0.000000
  Sum of spin   charges =     2.000000

 -----------------------------------------------------------------
                    Cartesian Multipole Moments
 -----------------------------------------------------------------
    Charge (ESU x 10^10)
                 0.0000
    Dipole Moment (Debye)
         X      -1.0443      Y      -0.6552      Z       0.5074
       Tot       1.3331
    Quadrupole Moments (Debye-Ang)
        XX     -35.6437     XY      -0.7593     YY     -32.9809
        XZ      -0.5989     YZ       1.0187     ZZ     -35.9054
    Octopole Moments (Debye-Ang^2)
       XXX     -33.4021    XXY       4.3445    XYY      -9.5943
       YYY      14.4564    XXZ      -0.7264    XYZ       2.1967
       YYZ      -0.6129    XZZ     -13.0468    YZZ       4.9636
       ZZZ       2.4966
    Hexadecapole Moments (Debye-Ang^3)
      XXXX    -596.5340   XXXY     -71.8940   XXYY    -136.5453
      XYYY     -69.0267   YYYY    -198.2496   XXXZ      40.2078
      XXYZ      17.5237   XYYZ      15.3813   YYYZ      35.4800
      XXZZ    -124.2750   XYZZ     -24.8447   YYZZ     -56.9862
      XZZZ      49.2241   YZZZ      39.3393   ZZZZ    -129.7488
 -----------------------------------------------------------------
 Calculating analytic gradient of the SCF energy
 Gradient of SCF Energy
            1           2           3           4           5           6
    1  -0.0000639   0.0000009  -0.0000399  -0.0000056   0.0000133   0.0000329
    2   0.0004223   0.0000310   0.0000023   0.0000135  -0.0000024  -0.0000631
    3  -0.0002655   0.0000010  -0.0000751  -0.0000163   0.0000262  -0.0000275
            7           8           9          10          11          12
    1  -0.0000164   0.0000402  -0.0000019   0.0000034  -0.0000004   0.0000372
    2  -0.0000305  -0.0000223   0.0000022  -0.0000035  -0.0000004  -0.0003492
    3  -0.0000092   0.0000913  -0.0000065  -0.0000051  -0.0000007   0.0002873
 Max gradient component =       4.223E-04
 RMS gradient           =       1.162E-04
 Gradient time:  CPU 7.72 s  wall 0.65 s
 Geometry Optimization Parameters
   NAtoms,    NIC,     NZ,  NCons,   NDum,   NFix, NCnnct, MaxDiis
       12      70       0       1       0       0       0       0


** CONSTRAINED OPTIMIZATION IN DELOCALIZED INTERNAL COORDINATES **
   Searching for a Minimum

   Optimization Cycle:   1

                       Coordinates (Angstroms)
     ATOM                X               Y               Z
      1  S         1.9560400000    0.1014840000   -0.1368120000
      2  C        -0.7160190000   -0.2562500000    0.7016340000
      3  C         0.4545530000   -0.7412170000   -0.1167710000
      4  C        -2.0484340000   -0.8002850000    0.1674570000
      5  H        -0.7397090000    0.8405080000    0.7032660000
      6  H         1.5836080000    2.6163030000   -1.8888270000
      7  H        -0.5956490000   -0.5557530000    1.7565840000
      8  H         0.5170240000   -1.8002610000   -0.3691960000
      9  H        -2.8824800000   -0.4593250000    0.7892620000
     10  H        -2.2250870000   -0.4663640000   -0.8589390000
     11  H        -2.0541210000   -1.8956110000    0.1702880000
     12  H         1.4628730000    3.3205690000   -2.0949440000
   Point Group: c1    Number of degrees of freedom:    30


   Energy is   -517.218264911

              Constraints and their Current Values
                                        Value     Constraint
   Distance(Angs):        1  12             3.800000     3.700000

 Attempting to Generate Delocalized Internal Coordinates

   Using Lagrange Multiplier Algorithm


 31 Hessian modes will be used to form the next step
  Hessian Eigenvalues:
    -0.996878    0.045000    0.045000    0.045000    0.045000    0.047955
     0.072173    0.082309    0.082949    0.083215    0.109794    0.131886
     0.136049    0.155657    0.160000    0.160000    0.160000    0.160000
     0.219243    0.222208    0.235819    0.289540    0.315136    0.333277
     0.333762    0.340144    0.342023    0.342668    0.343876    0.347547
     1.003132

 Minimum Search - Taking P-RFO Step
 Searching for Lamda that Maximizes Along the Constraint modes Only
 Value Taken    Lamda =   0.01774168
 Searching for Lamda that Minimizes Along All other modes
 Value Taken    Lamda =  -0.01735475
 Step Taken.  Stepsize is  0.185721

                             Maximum     Tolerance    Cnvgd?
         Gradient            0.188973       0.000300      NO
         Displacement        0.185714       0.001200      NO
         Energy change     *********       0.000001      NO


 New Cartesian Coordinates Obtained by Inverse Iteration

 Displacement from previous Coordinates is:  0.172739
 ----------------------------------------------------------------
             Standard Nuclear Orientation (Angstroms)
    I     Atom           X                Y                Z
 ----------------------------------------------------------------
    1      S       1.9538736875     0.1219472380    -0.1514037665
    2      C      -0.7140379984    -0.2468494977     0.6954966974
    3      C       0.4562080882    -0.7273678950    -0.1259747113
    4      C      -2.0455729801    -0.7976365612     0.1660819120
    5      H      -0.7427745466     0.8497934495     0.6959213715
    6      H       1.5713857793     2.5939354209    -1.8787574041
    7      H      -0.5890295258    -0.5445364034     1.7504236758
    8      H       0.5225067583    -1.7862834001    -0.3779383617
    9      H      -2.8792555127    -0.4598122748     0.7900811635
   10      H      -2.2269457777    -0.4657185953    -0.8601403510
   11      H      -2.0461975769    -1.8929734826     0.1701804123
   12      H       1.4524386049     3.2593000018    -2.0509686378
 ----------------------------------------------------------------
 Nuclear Repulsion Energy =   154.7298438965 hartrees
 There are       22 alpha and       20 beta electrons

                       Distance Matrix (Angstroms)
             S (  1)   C (  2)   C (  3)   C (  4)   H (  5)   H (  6)
   C (  2)  2.823297
   C (  3)  1.721913  1.508373
   C (  4)  4.116067  1.535133  2.519751
   H (  5)  2.918841  1.097019  2.144880  2.166112
   H (  6)  3.039864  4.463183  3.917515  5.363443  3.876382
   H (  7)  3.244612  1.103230  2.155648  2.166960  1.754927  5.261973
   H (  8)  2.396137  2.247479  1.090497  2.805069  3.114966  4.747517
   H (  9)  4.958223  2.177720  3.469303  1.094773  2.507685  6.021319
   H ( 10)  4.280994  2.181009  2.794061  1.093708  2.520846  4.982608
   H ( 11)  4.490422  2.181818  2.776397  1.095345  3.081896  6.116977
   H ( 12)  3.701725  4.952754  4.537797  5.797425  4.262639  0.697506
             H (  7)   H (  8)   H (  9)   H ( 10)   H ( 11)
   H (  8)  2.703215
   H (  9)  2.484868  3.833508
   H ( 10)  3.082860  3.088025  1.774478
   H ( 11)  2.537477  2.628699  1.769806  1.769544
   H ( 12)  5.752160  5.396454  6.377063  5.369516  6.612101
 
 Applying Cartesian multipole field
    Component          Value
    ---------          -----
     (2,0,0)        1.00000E-11
     (0,2,0)        2.00000E-11
     (0,0,2)       -3.00000E-11
 Nucleus-field energy     =     0.0000000047 hartrees
 Requested basis set is 6-31G(d,p)
 There are 41 shells and 104 basis functions
 A cutoff of  1.0D-14 yielded    775 shell pairs
 There are      5129 function pairs
 Smallest overlap matrix eigenvalue = 5.71E-03
 Guess from superposition of atomic densities
 Warning:  Energy on first SCF cycle will be non-variational
 SAD guess density has 42.000000 electrons

 -----------------------------------------------------------------------
  General SCF calculation program by
  Eric Jon Sundstrom, Paul Horn, Yuezhi Mao, Dmitri Zuev, Alec White,
  David Stuck, Shaama M.S., Shane Yost, Joonho Lee, David Small,
  Daniel Levine, Susi Lehtola, Hugh Burton, Evgeny Epifanovsky
 -----------------------------------------------------------------------
 Exchange:     0.2000 Hartree-Fock + 0.0800 Slater + 0.7200 B88
 Correlation:  0.1900 VWN1RPA + 0.8100 LYP
 Using SG-1 standard quadrature grid
 using 12 threads for integral computing
 -------------------------------------------------------
 OpenMP Integral computing Module                
 Release: version 1.0, May 2013, Q-Chem Inc. Pittsburgh 
 -------------------------------------------------------
 -------------------------------------------------------
 OpenMP BLAS3 based DFT computing Module                
 Release: version 1.0, May 2013, Q-Chem Inc. Pittsburgh 
 -------------------------------------------------------
 A unrestricted SCF calculation will be
 performed using DIIS
 SCF converges when DIIS error is below 1.0e-06
 Alpha HF Exchange    Energy =  -4.32493802701137
 Beta HF Exchange     Energy =  -4.32493802701137
 DFT Correlation      Energy =  -1.85900849015450
 DFT Exchange         Energy = -33.95181557657810
 One-Electron (alpha) Energy = -506.04248729593786
 One-Electron (beta)  Energy = -506.04248729593786
 Total Coulomb        Energy = 384.36114066532758
 ---------------------------------------
  Cycle       Energy         DIIS error
 ---------------------------------------
    1    -517.4546901462      2.87e-02  
 Alpha HF Exchange    Energy =  -4.45377691918055
 Beta HF Exchange     Energy =  -4.25968917992474
 DFT Correlation      Energy =  -1.87903262263731
 DFT Exchange         Energy = -34.56936549044403
 One-Electron (alpha) Energy = -521.94032926783063
 One-Electron (beta)  Energy = -495.93695114875209
 Total Coulomb        Energy = 391.19436231285300
    2    -517.1149384148      4.03e-03  
 Alpha HF Exchange    Energy =  -4.40722215182175
 Beta HF Exchange     Energy =  -4.20916241238173
 DFT Correlation      Energy =  -1.85368004650332
 DFT Exchange         Energy = -34.16276257922436
 One-Electron (alpha) Energy = -519.23457373151336
 One-Electron (beta)  Energy = -493.39195379935211
 Total Coulomb        Energy = 385.53982401679696
    3    -516.9896868029      5.95e-03  
 Alpha HF Exchange    Energy =  -4.42777508331293
 Beta HF Exchange     Energy =  -4.23342227066335
 DFT Correlation      Energy =  -1.86548909212299
 DFT Exchange         Energy = -34.33980432710374
 One-Electron (alpha) Energy = -520.56280671746401
 One-Electron (beta)  Energy = -494.43569396885925
 Total Coulomb        Energy = 387.92261004247450
    4    -517.2125375159      7.30e-04  
 Alpha HF Exchange    Energy =  -4.43232098779552
 Beta HF Exchange     Energy =  -4.23736119232184
 DFT Correlation      Energy =  -1.86627406469083
 DFT Exchange         Energy = -34.37176276313077
 One-Electron (alpha) Energy = -520.83681114479111
 One-Electron (beta)  Energy = -494.64018162914567
 Total Coulomb        Energy = 388.43912098102220
    5    -517.2157468997      3.49e-04  
 Alpha HF Exchange    Energy =  -4.43206015603012
 Beta HF Exchange     Energy =  -4.23695109901519
 DFT Correlation      Energy =  -1.86582771655317
 DFT Exchange         Energy = -34.36787984316488
 One-Electron (alpha) Energy = -520.81394774148021
 One-Electron (beta)  Energy = -494.58304303047873
 Total Coulomb        Energy = 388.35337620336139
    6    -517.2164894822      9.17e-05  
 Alpha HF Exchange    Energy =  -4.43159248398237
 Beta HF Exchange     Energy =  -4.23694633184107
 DFT Correlation      Energy =  -1.86561050297596
 DFT Exchange         Energy = -34.36530941908366
 One-Electron (alpha) Energy = -520.78069799050377
 One-Electron (beta)  Energy = -494.55496298461389
 Total Coulomb        Energy = 388.28871898738242
    7    -517.2165568245      3.31e-05  
 Alpha HF Exchange    Energy =  -4.43175535494876
 Beta HF Exchange     Energy =  -4.23709348596364
 DFT Correlation      Energy =  -1.86561376727945
 DFT Exchange         Energy = -34.36634933429543
 One-Electron (alpha) Energy = -520.79371068622891
 One-Electron (beta)  Energy = -494.56185152153341
 Total Coulomb        Energy = 388.30996329114254
    8    -517.2165669580      1.15e-05  
 Alpha HF Exchange    Energy =  -4.43176731289547
 Beta HF Exchange     Energy =  -4.23715757436485
 DFT Correlation      Energy =  -1.86560054570665
 DFT Exchange         Energy = -34.36656931433133
 One-Electron (alpha) Energy = -520.79440301452553
 One-Electron (beta)  Energy = -494.56261604396673
 Total Coulomb        Energy = 388.31170165825029
    9    -517.2165682464      5.34e-06  
 Alpha HF Exchange    Energy =  -4.43174594407298
 Beta HF Exchange     Energy =  -4.23714969369742
 DFT Correlation      Energy =  -1.86558925148394
 DFT Exchange         Energy = -34.36643292318174
 One-Electron (alpha) Energy = -520.79234255527433
 One-Electron (beta)  Energy = -494.56100978657429
 Total Coulomb        Energy = 388.30785776988120
   10    -517.2165684833      1.22e-06  
 Alpha HF Exchange    Energy =  -4.43174909660733
 Beta HF Exchange     Energy =  -4.23715379281722
 DFT Correlation      Energy =  -1.86559029588592
 DFT Exchange         Energy = -34.36646335889498
 One-Electron (alpha) Energy = -520.79266294333593
 One-Electron (beta)  Energy = -494.56147126151740
 Total Coulomb        Energy = 388.30867832298861
   11    -517.2165685249      4.90e-07  Convergence criterion met
 ---------------------------------------
 SCF time:   CPU 23.96s  wall 2.00s 
<S^2> =          2.005097283
 Alpha HF Exchange    Energy =  -4.43174909660733
 Beta HF Exchange     Energy =  -4.23715379281722
 DFT Correlation      Energy =  -1.86559029588592
 DFT Exchange         Energy = -34.36646335889498
 One-Electron (alpha) Energy = -520.79266294333593
 One-Electron (beta)  Energy = -494.56147126151740
 Total Coulomb        Energy = 388.30867832298861
 Nuclear repulsion Energy = 154.72984390112725
 SCF   energy in the final basis set =     -517.2165685249
 Total energy in the final basis set =     -517.2165685249
 
 --------------------------------------------------------------
 
                    Orbital Energies (a.u.)
 --------------------------------------------------------------
 
 Alpha MOs
 -- Occupied --
-88.910 -10.214 -10.203 -10.183  -7.970  -5.941  -5.930  -5.926
 -0.818  -0.751  -0.644  -0.574  -0.462  -0.437  -0.431  -0.421
 -0.373  -0.364  -0.349  -0.310  -0.294  -0.170
 -- Virtual --
  0.059   0.108   0.121   0.128   0.149   0.162   0.173   0.189
  0.224   0.233   0.307   0.362   0.380   0.394   0.499   0.518
  0.536   0.553   0.578   0.628   0.633   0.668   0.695   0.738
  0.764   0.806   0.828   0.832   0.859   0.883   0.891   0.914
  0.938   0.970   1.002   1.052   1.147   1.185   1.310   1.443
  1.554   1.594   1.670   1.683   1.685   1.759   1.822   1.862
  1.910   2.028   2.045   2.060   2.088   2.120   2.201   2.245
  2.271   2.369   2.413   2.434   2.475   2.525   2.614   2.678
  2.679   2.681   2.717   2.742   2.817   2.875   2.904   3.182
  3.275   3.303   3.404   3.460   3.524   3.897   4.209   4.384
  4.418   4.606
 
 Beta MOs
 -- Occupied --
-88.904 -10.203 -10.202 -10.183  -7.964  -5.927  -5.923  -5.919
 -0.795  -0.731  -0.629  -0.546  -0.452  -0.433  -0.426  -0.406
 -0.363  -0.355  -0.340  -0.271
 -- Virtual --
 -0.163  -0.039   0.078   0.114   0.124   0.133   0.152   0.165
  0.176   0.193   0.232   0.244   0.323   0.381   0.399   0.410
  0.508   0.535   0.544   0.558   0.613   0.639   0.650   0.682
  0.714   0.793   0.808   0.824   0.839   0.843   0.861   0.890
  0.898   0.930   0.941   0.983   1.029   1.073   1.149   1.193
  1.321   1.448   1.559   1.618   1.674   1.683   1.685   1.781
  1.827   1.890   1.921   2.045   2.061   2.064   2.092   2.124
  2.213   2.251   2.283   2.375   2.424   2.443   2.476   2.537
  2.626   2.678   2.679   2.685   2.724   2.745   2.821   2.877
  2.906   3.183   3.280   3.311   3.409   3.461   3.527   3.918
  4.231   4.391   4.418   4.609
 --------------------------------------------------------------
 
          Ground-State Mulliken Net Atomic Charges

     Atom                 Charge (a.u.)    Spin (a.u.)
  --------------------------------------------------------
      1 S                     0.088584       1.111192
      2 C                    -0.183652      -0.020484
      3 C                    -0.280238       0.830554
      4 C                    -0.315146       0.014965
      5 H                     0.113286       0.007767
      6 H                     0.013695      -0.001113
      7 H                     0.115579       0.049271
      8 H                     0.135510       0.000531
      9 H                     0.106442       0.003338
     10 H                     0.118348       0.001634
     11 H                     0.107360      -0.001129
     12 H                    -0.019769       0.003474
  --------------------------------------------------------
  Sum of atomic charges =    -0.000000
  Sum of spin   charges =     2.000000

 -----------------------------------------------------------------
                    Cartesian Multipole Moments
 -----------------------------------------------------------------
    Charge (ESU x 10^10)
                -0.0000
    Dipole Moment (Debye)
         X      -1.0372      Y      -0.6491      Z       0.5040
       Tot       1.3233
    Quadrupole Moments (Debye-Ang)
        XX     -35.5816     XY      -0.7621     YY     -32.9482
        XZ      -0.6079     YZ       1.0293     ZZ     -35.8505
    Octopole Moments (Debye-Ang^2)
       XXX     -33.1044    XXY       4.2052    XYY      -9.4863
       YYY      13.7833    XXZ      -0.6539    XYZ       2.1690
       YYZ      -0.3064    XZZ     -12.9103    YZZ       4.6680
       ZZZ       2.9200
    Hexadecapole Moments (Debye-Ang^3)
      XXXX    -594.0503   XXXY     -71.7374   XXYY    -134.8670
      XYYY     -69.1841   YYYY    -193.3960   XXXZ      40.1631
      XXYZ      16.6715   XYYZ      15.6062   YYYZ      34.5935
      XXZZ    -123.2438   XYZZ     -24.9609   YYZZ     -56.0976
      XZZZ      49.3581   YZZZ      37.5776   ZZZZ    -127.1723
 -----------------------------------------------------------------
 Calculating analytic gradient of the SCF energy
 Gradient of SCF Energy
            1           2           3           4           5           6
    1  -0.0001203   0.0000035  -0.0000298  -0.0000022   0.0000143  -0.0064772
    2   0.0006746   0.0000364  -0.0000191   0.0000041   0.0000018   0.0363398
    3  -0.0003960   0.0000339  -0.0000724  -0.0000249   0.0000220  -0.0094360
            7           8           9          10          11          12
    1  -0.0000123   0.0000306   0.0000047   0.0000023  -0.0000015   0.0065879
    2  -0.0000290  -0.0000089   0.0000041  -0.0000003  -0.0000008  -0.0370025
    3  -0.0000121   0.0000566  -0.0000050  -0.0000030   0.0000001   0.0098367
 Max gradient component =       3.700E-02
 RMS gradient           =       9.070E-03
 Gradient time:  CPU 7.64 s  wall 0.64 s
 Geometry Optimization Parameters
   NAtoms,    NIC,     NZ,  NCons,   NDum,   NFix, NCnnct, MaxDiis
       12      70       0       1       0       0       0       0

 Cartesian Hessian Update
 Hessian Updated using BFGS Update


** CONSTRAINED OPTIMIZATION IN DELOCALIZED INTERNAL COORDINATES **
   Searching for a Minimum

   Optimization Cycle:   2

                       Coordinates (Angstroms)
     ATOM                X               Y               Z
      1  S         1.9538736875    0.1219472380   -0.1514037665
      2  C        -0.7140379984   -0.2468494977    0.6954966974
      3  C         0.4562080882   -0.7273678950   -0.1259747113
      4  C        -2.0455729801   -0.7976365612    0.1660819120
      5  H        -0.7427745466    0.8497934495    0.6959213715
      6  H         1.5713857793    2.5939354209   -1.8787574041
      7  H        -0.5890295258   -0.5445364034    1.7504236758
      8  H         0.5225067583   -1.7862834001   -0.3779383617
      9  H        -2.8792555127   -0.4598122748    0.7900811635
     10  H        -2.2269457777   -0.4657185953   -0.8601403510
     11  H        -2.0461975769   -1.8929734826    0.1701804123
     12  H         1.4524386049    3.2593000018   -2.0509686378
   Point Group: c1    Number of degrees of freedom:    30


   Energy is   -517.216568525

              Constraints and their Current Values
                                        Value     Constraint
   Distance(Angs):        1  12             3.701725     3.700000
 Hessian Updated using BFGS Update

   Using Lagrange Multiplier Algorithm


 27 Hessian modes will be used to form the next step
  Hessian Eigenvalues:
    -0.960078    0.044979    0.045000    0.047952    0.072173    0.082309
     0.082949    0.083215    0.109794    0.136049    0.139176    0.155657
     0.160000    0.160000    0.219243    0.222208    0.289540    0.315135
     0.333277    0.333762    0.340144    0.342023    0.342668    0.343876
     0.347547    0.454217    1.070378

 Minimum Search - Taking P-RFO Step
 Searching for Lamda that Maximizes Along the Constraint modes Only
 Value Taken    Lamda =   0.00015123
 Searching for Lamda that Minimizes Along All other modes
 Value Taken    Lamda =  -0.00185262
 Step Taken.  Stepsize is  0.064523

                             Maximum     Tolerance    Cnvgd?
         Gradient            0.024850       0.000300      NO
         Displacement        0.059140       0.001200      NO
         Energy change      0.001696       0.000001      NO


 New Cartesian Coordinates Obtained by Inverse Iteration

 Displacement from previous Coordinates is:  0.043551
 ----------------------------------------------------------------
             Standard Nuclear Orientation (Angstroms)
    I     Atom           X                Y                Z
 ----------------------------------------------------------------
    1      S       1.9535581173     0.1250134633    -0.1548878165
    2      C      -0.7136646951    -0.2449218104     0.6939292472
    3      C       0.4564276861    -0.7251990252    -0.1278812763
    4      C      -2.0450995570    -0.7974032427     0.1660423642
    5      H      -0.7433738226     0.8516963424     0.6932724418
    6      H       1.5719040099     2.5754690836    -1.8705627098
    7      H      -0.5876501628    -0.5414175600     1.7490770171
    8      H       0.5231331904    -1.7841638618    -0.3795239811
    9      H      -2.8786410585    -0.4597251807     0.7903138187
   10      H      -2.2275222014    -0.4666600433    -0.8603728418
   11      H      -2.0447396532    -1.8927355263     0.1712142582
   12      H       1.4482671468     3.2638453610    -2.0476185218
 ----------------------------------------------------------------
 Nuclear Repulsion Energy =   154.7391863576 hartrees
 There are       22 alpha and       20 beta electrons

                       Distance Matrix (Angstroms)
             S (  1)   C (  2)   C (  3)   C (  4)   H (  5)   H (  6)
   C (  2)  2.823370
   C (  3)  1.721915  1.508362
   C (  4)  4.116201  1.535128  2.519770
   H (  5)  2.919056  1.097021  2.144858  2.166100
   H (  6)  3.015615  4.444665  3.895592  5.348527  3.860719
   H (  7)  3.244526  1.103234  2.155655  2.166953  1.754919  5.242180
   H (  8)  2.396150  2.247496  1.090495  2.804846  3.114914  4.725412
   H (  9)  4.958374  2.177740  3.469329  1.094775  2.507710  6.008329
   H ( 10)  4.281264  2.181006  2.794096  1.093708  2.520828  4.970983
   H ( 11)  4.490439  2.181807  2.776407  1.095345  3.081883  6.100313
   H ( 12)  3.700002  4.949897  4.536696  5.796348  4.258431  0.721455
             H (  7)   H (  8)   H (  9)   H ( 10)   H ( 11)
   H (  8)  2.703553
   H (  9)  2.484862  3.833370
   H ( 10)  3.082855  3.087578  1.774477
   H ( 11)  2.537483  2.628511  1.769801  1.769540
   H ( 12)  5.748033  5.396370  6.375027  5.370070  6.611705
 
 Applying Cartesian multipole field
    Component          Value
    ---------          -----
     (2,0,0)        1.00000E-11
     (0,2,0)        2.00000E-11
     (0,0,2)       -3.00000E-11
 Nucleus-field energy     =     0.0000000047 hartrees
 Requested basis set is 6-31G(d,p)
 There are 41 shells and 104 basis functions
 A cutoff of  1.0D-14 yielded    776 shell pairs
 There are      5147 function pairs
 Smallest overlap matrix eigenvalue = 5.71E-03
 Guess from superposition of atomic densities
 Warning:  Energy on first SCF cycle will be non-variational
 SAD guess density has 42.000000 electrons

 -----------------------------------------------------------------------
  General SCF calculation program by
  Eric Jon Sundstrom, Paul Horn, Yuezhi Mao, Dmitri Zuev, Alec White,
  David Stuck, Shaama M.S., Shane Yost, Joonho Lee, David Small,
  Daniel Levine, Susi Lehtola, Hugh Burton, Evgeny Epifanovsky
 -----------------------------------------------------------------------
 Exchange:     0.2000 Hartree-Fock + 0.0800 Slater + 0.7200 B88
 Correlation:  0.1900 VWN1RPA + 0.8100 LYP
 Using SG-1 standard quadrature grid
 using 12 threads for integral computing
 -------------------------------------------------------
 OpenMP Integral computing Module                
 Release: version 1.0, May 2013, Q-Chem Inc. Pittsburgh 
 -------------------------------------------------------
 -------------------------------------------------------
 OpenMP BLAS3 based DFT computing Module                
 Release: version 1.0, May 2013, Q-Chem Inc. Pittsburgh 
 -------------------------------------------------------
 A unrestricted SCF calculation will be
 performed using DIIS
 SCF converges when DIIS error is below 1.0e-06
 Alpha HF Exchange    Energy =  -4.32434269735100
 Beta HF Exchange     Energy =  -4.32434269735100
 DFT Correlation      Energy =  -1.85892857209008
 DFT Exchange         Energy = -33.95024857794330
 One-Electron (alpha) Energy = -506.06440716356497
 One-Electron (beta)  Energy = -506.06440716356497
 Total Coulomb        Energy = 384.38962894076360
 ---------------------------------------
  Cycle       Energy         DIIS error
 ---------------------------------------
    1    -517.4578615688      2.87e-02  
 Alpha HF Exchange    Energy =  -4.45273305440631
 Beta HF Exchange     Energy =  -4.25865880781018
 DFT Correlation      Energy =  -1.87879446411862
 DFT Exchange         Energy = -34.56183494044200
 One-Electron (alpha) Energy = -521.95436433934356
 One-Electron (beta)  Energy = -495.95245189216178
 Total Coulomb        Energy = 391.20325651230416
    2    -517.1163946237      4.02e-03  
 Alpha HF Exchange    Energy =  -4.40638836567628
 Beta HF Exchange     Energy =  -4.20833068763322
 DFT Correlation      Energy =  -1.85348579986694
 DFT Exchange         Energy = -34.15678513539924
 One-Electron (alpha) Energy = -519.25130588348952
 One-Electron (beta)  Energy = -493.40895218652349
 Total Coulomb        Energy = 385.55540059631824
    3    -516.9906611000      5.96e-03  
 Alpha HF Exchange    Energy =  -4.42692014518550
 Beta HF Exchange     Energy =  -4.23257395816086
 DFT Correlation      Energy =  -1.86528440432820
 DFT Exchange         Energy = -34.33363861970437
 One-Electron (alpha) Energy = -520.57817704851266
 One-Electron (beta)  Energy = -494.45116176599220
 Total Coulomb        Energy = 387.93478849117844
    4    -517.2137810884      7.29e-04  
 Alpha HF Exchange    Energy =  -4.43145785498123
 Beta HF Exchange     Energy =  -4.23650250030313
 DFT Correlation      Energy =  -1.86607141904631
 DFT Exchange         Energy = -34.36553297482923
 One-Electron (alpha) Energy = -520.85309570610150
 One-Electron (beta)  Energy = -494.65631165865796
 Total Coulomb        Energy = 388.45280792316731
    5    -517.2169778285      3.48e-04  
 Alpha HF Exchange    Energy =  -4.43120040388523
 Beta HF Exchange     Energy =  -4.23609557747372
 DFT Correlation      Energy =  -1.86562545853594
 DFT Exchange         Energy = -34.36167282309864
 One-Electron (alpha) Energy = -520.83062504653083
 One-Electron (beta)  Energy = -494.59936576981272
 Total Coulomb        Energy = 388.36768062014727
    6    -517.2177180969      9.17e-05  
 Alpha HF Exchange    Energy =  -4.43073201848748
 Beta HF Exchange     Energy =  -4.23609010289758
 DFT Correlation      Energy =  -1.86540836759964
 DFT Exchange         Energy = -34.35909915036635
 One-Electron (alpha) Energy = -520.79719323634913
 One-Electron (beta)  Energy = -494.57115268653888
 Total Coulomb        Energy = 388.30270381362016
    7    -517.2177853864      3.30e-05  
 Alpha HF Exchange    Energy =  -4.43089396740960
 Beta HF Exchange     Energy =  -4.23623699439757
 DFT Correlation      Energy =  -1.86541127652191
 DFT Exchange         Energy = -34.36013333582540
 One-Electron (alpha) Energy = -520.81011893272807
 One-Electron (beta)  Energy = -494.57797871530187
 Total Coulomb        Energy = 388.32379138181545
    8    -517.2177954781      1.15e-05  
 Alpha HF Exchange    Energy =  -4.43090587699992
 Beta HF Exchange     Energy =  -4.23630097313642
 DFT Correlation      Energy =  -1.86539806580431
 DFT Exchange         Energy = -34.36035285053671
 One-Electron (alpha) Energy = -520.81081084141795
 One-Electron (beta)  Energy = -494.57874501955513
 Total Coulomb        Energy = 388.32553050172817
    9    -517.2177967635      5.32e-06  
 Alpha HF Exchange    Energy =  -4.43088453599172
 Beta HF Exchange     Energy =  -4.23629303597802
 DFT Correlation      Energy =  -1.86538682013468
 DFT Exchange         Energy = -34.36021661833590
 One-Electron (alpha) Energy = -520.80875280456166
 One-Electron (beta)  Energy = -494.57714298476031
 Total Coulomb        Energy = 388.32169343983958
   10    -517.2177969977      1.22e-06  
 Alpha HF Exchange    Energy =  -4.43088768603144
 Beta HF Exchange     Energy =  -4.23629712649494
 DFT Correlation      Energy =  -1.86538786752340
 DFT Exchange         Energy = -34.36024706406324
 One-Electron (alpha) Energy = -520.80907268665203
 One-Electron (beta)  Energy = -494.57760604670500
 Total Coulomb        Energy = 388.32251507639739
   11    -517.2177970388      4.86e-07  Convergence criterion met
 ---------------------------------------
 SCF time:   CPU 24.05s  wall 2.00s 
<S^2> =          2.005098032
 Alpha HF Exchange    Energy =  -4.43088768603144
 Beta HF Exchange     Energy =  -4.23629712649494
 DFT Correlation      Energy =  -1.86538786752340
 DFT Exchange         Energy = -34.36024706406324
 One-Electron (alpha) Energy = -520.80907268665203
 One-Electron (beta)  Energy = -494.57760604670500
 Total Coulomb        Energy = 388.32251507639739
 Nuclear repulsion Energy = 154.73918636226679
 SCF   energy in the final basis set =     -517.2177970388
 Total energy in the final basis set =     -517.2177970388
 
 --------------------------------------------------------------
 
                    Orbital Energies (a.u.)
 --------------------------------------------------------------
 
 Alpha MOs
 -- Occupied --
-88.910 -10.214 -10.203 -10.183  -7.970  -5.941  -5.930  -5.926
 -0.818  -0.752  -0.644  -0.574  -0.462  -0.436  -0.427  -0.421
 -0.373  -0.364  -0.349  -0.310  -0.294  -0.170
 -- Virtual --
  0.058   0.107   0.117   0.127   0.149   0.162   0.173   0.189
  0.224   0.233   0.307   0.362   0.380   0.395   0.499   0.518
  0.536   0.553   0.578   0.630   0.636   0.669   0.697   0.738
  0.764   0.806   0.828   0.832   0.859   0.883   0.891   0.914
  0.938   0.970   1.002   1.052   1.129   1.185   1.310   1.442
  1.554   1.594   1.670   1.684   1.686   1.759   1.822   1.862
  1.910   2.028   2.045   2.060   2.088   2.120   2.201   2.245
  2.271   2.369   2.413   2.431   2.434   2.525   2.614   2.651
  2.652   2.681   2.717   2.742   2.817   2.875   2.904   3.182
  3.275   3.303   3.404   3.460   3.524   3.897   4.209   4.276
  4.384   4.606
 
 Beta MOs
 -- Occupied --
-88.904 -10.203 -10.202 -10.183  -7.964  -5.927  -5.923  -5.919
 -0.795  -0.731  -0.629  -0.547  -0.452  -0.429  -0.424  -0.406
 -0.363  -0.355  -0.340  -0.271
 -- Virtual --
 -0.164  -0.039   0.078   0.113   0.120   0.133   0.152   0.165
  0.176   0.193   0.232   0.244   0.323   0.381   0.399   0.412
  0.508   0.535   0.544   0.558   0.616   0.641   0.652   0.682
  0.715   0.793   0.808   0.823   0.839   0.843   0.861   0.890
  0.898   0.930   0.941   0.983   1.029   1.073   1.131   1.193
  1.321   1.448   1.559   1.618   1.674   1.684   1.687   1.781
  1.827   1.890   1.921   2.045   2.061   2.064   2.092   2.124
  2.213   2.251   2.283   2.375   2.424   2.431   2.443   2.537
  2.626   2.651   2.653   2.685   2.724   2.745   2.821   2.877
  2.906   3.183   3.280   3.311   3.409   3.461   3.527   3.918
  4.231   4.276   4.391   4.609
 --------------------------------------------------------------
 
          Ground-State Mulliken Net Atomic Charges

     Atom                 Charge (a.u.)    Spin (a.u.)
  --------------------------------------------------------
      1 S                     0.088755       1.110817
      2 C                    -0.183665      -0.020508
      3 C                    -0.280167       0.830686
      4 C                    -0.315181       0.014952
      5 H                     0.113376       0.007784
      6 H                     0.013726      -0.001257
      7 H                     0.115617       0.049286
      8 H                     0.135581       0.000524
      9 H                     0.106480       0.003331
     10 H                     0.118381       0.001633
     11 H                     0.107369      -0.001128
     12 H                    -0.020273       0.003881
  --------------------------------------------------------
  Sum of atomic charges =     0.000000
  Sum of spin   charges =     2.000000

 -----------------------------------------------------------------
                    Cartesian Multipole Moments
 -----------------------------------------------------------------
    Charge (ESU x 10^10)
                -0.0000
    Dipole Moment (Debye)
         X      -1.0379      Y      -0.6586      Z       0.5097
       Tot       1.3307
    Quadrupole Moments (Debye-Ang)
        XX     -35.6085     XY      -0.7807     YY     -32.9918
        XZ      -0.5996     YZ       1.0439     ZZ     -35.8916
    Octopole Moments (Debye-Ang^2)
       XXX     -33.2462    XXY       4.0302    XYY      -9.5694
       YYY      13.4126    XXZ      -0.5273    XYZ       2.1936
       YYZ      -0.1832    XZZ     -12.9704    YZZ       4.4912
       ZZZ       3.3041
    Hexadecapole Moments (Debye-Ang^3)
      XXXX    -594.2285   XXXY     -72.2933   XXYY    -135.1764
      XYYY     -69.6986   YYYY    -194.0007   XXXZ      40.6200
      XXYZ      16.8292   XYYZ      15.8102   YYYZ      34.7491
      XXZZ    -123.3698   XYZZ     -25.1982   YYZZ     -56.3531
      XZZZ      49.8671   YZZZ      37.9710   ZZZZ    -127.7397
 -----------------------------------------------------------------
 Calculating analytic gradient of the SCF energy
 Gradient of SCF Energy
            1           2           3           4           5           6
    1  -0.0001239   0.0000104  -0.0000220  -0.0000038   0.0000128  -0.0028653
    2   0.0007115   0.0000199  -0.0000146   0.0000107   0.0000031   0.0160664
    3  -0.0004158   0.0000259  -0.0000720  -0.0000177   0.0000218  -0.0041663
            7           8           9          10          11          12
    1  -0.0000158   0.0000232  -0.0000014   0.0000033  -0.0000000   0.0029826
    2  -0.0000269  -0.0000098   0.0000022  -0.0000007   0.0000002  -0.0167621
    3  -0.0000076   0.0000549  -0.0000043  -0.0000031  -0.0000002   0.0045844
 Max gradient component =       1.676E-02
 RMS gradient           =       4.066E-03
 Gradient time:  CPU 7.82 s  wall 0.66 s
 Geometry Optimization Parameters
   NAtoms,    NIC,     NZ,  NCons,   NDum,   NFix, NCnnct, MaxDiis
       12      70       0       1       0       0       0       0

 Cartesian Hessian Update
 Hessian Updated using BFGS Update


** CONSTRAINED OPTIMIZATION IN DELOCALIZED INTERNAL COORDINATES **
   Searching for a Minimum

   Optimization Cycle:   3

                       Coordinates (Angstroms)
     ATOM                X               Y               Z
      1  S         1.9535581173    0.1250134633   -0.1548878165
      2  C        -0.7136646951   -0.2449218104    0.6939292472
      3  C         0.4564276861   -0.7251990252   -0.1278812763
      4  C        -2.0450995570   -0.7974032427    0.1660423642
      5  H        -0.7433738226    0.8516963424    0.6932724418
      6  H         1.5719040099    2.5754690836   -1.8705627098
      7  H        -0.5876501628   -0.5414175600    1.7490770171
      8  H         0.5231331904   -1.7841638618   -0.3795239811
      9  H        -2.8786410585   -0.4597251807    0.7903138187
     10  H        -2.2275222014   -0.4666600433   -0.8603728418
     11  H        -2.0447396532   -1.8927355263    0.1712142582
     12  H         1.4482671468    3.2638453610   -2.0476185218
   Point Group: c1    Number of degrees of freedom:    30


   Energy is   -517.217797039

              Constraints and their Current Values
                                        Value     Constraint
   Distance(Angs):        1  12             3.700002     3.700000
 Hessian Updated using BFGS Update

   Using Lagrange Multiplier Algorithm


 29 Hessian modes will be used to form the next step
  Hessian Eigenvalues:
    -0.937689    0.044972    0.044999    0.045000    0.047951    0.072173
     0.082309    0.082949    0.083215    0.109794    0.135138    0.136049
     0.155657    0.160000    0.160000    0.160000    0.219243    0.222207
     0.266213    0.289540    0.315136    0.333277    0.333762    0.340144
     0.342023    0.342668    0.343876    0.347547    1.096682

 Minimum Search - Taking P-RFO Step
 Searching for Lamda that Maximizes Along the Constraint modes Only
 Value Taken    Lamda =   0.00000286
 Searching for Lamda that Minimizes Along All other modes
 Value Taken    Lamda =  -0.00060575
 Step Taken.  Stepsize is  0.049147

                             Maximum     Tolerance    Cnvgd?
         Gradient            0.010979       0.000300      NO
         Displacement        0.044890       0.001200      NO
         Energy change     -0.001229       0.000001      NO


 New Cartesian Coordinates Obtained by Inverse Iteration

 Displacement from previous Coordinates is:  0.033219
 ----------------------------------------------------------------
             Standard Nuclear Orientation (Angstroms)
    I     Atom           X                Y                Z
 ----------------------------------------------------------------
    1      S       1.9533723565     0.1268652007    -0.1575704953
    2      C      -0.7135012996    -0.2434027620     0.6925891966
    3      C       0.4564743153    -0.7237110855    -0.1293188245
    4      C      -2.0448434231    -0.7975147172     0.1662036459
    5      H      -0.7440388727     0.8531855482     0.6906830834
    6      H       1.5728358909     2.5618021610    -1.8644972598
    7      H      -0.5865878694    -0.5385581284     1.7480071838
    8      H       0.5233104580    -1.7826775871    -0.3809220637
    9      H      -2.8782154518    -0.4597773986     0.7906629286
   10      H      -2.2282312826    -0.4680771919    -0.8604585637
   11      H      -2.0436442055    -1.8928416018     0.1726125498
   12      H       1.4456683841     3.2685055626    -2.0449893811
 ----------------------------------------------------------------
 Nuclear Repulsion Energy =   154.7438184616 hartrees
 There are       22 alpha and       20 beta electrons

                       Distance Matrix (Angstroms)
             S (  1)   C (  2)   C (  3)   C (  4)   H (  5)   H (  6)
   C (  2)  2.823488
   C (  3)  1.721912  1.508334
   C (  4)  4.116435  1.535120  2.519796
   H (  5)  2.919435  1.097015  2.144817  2.166098
   H (  6)  2.997887  4.431163  3.879653  5.338198  3.849185
   H (  7)  3.244289  1.103237  2.155600  2.166950  1.754900  5.227383
   H (  8)  2.396104  2.247554  1.090496  2.804515  3.114849  4.709247
   H (  9)  4.958582  2.177711  3.469320  1.094772  2.507704  5.999306
   H ( 10)  4.281801  2.181019  2.794201  1.093707  2.520834  4.963504
   H ( 11)  4.490476  2.181812  2.776440  1.095346  3.081888  6.088727
   H ( 12)  3.700002  4.948722  4.537190  5.797031  4.255877  0.740391
             H (  7)   H (  8)   H (  9)   H ( 10)   H ( 11)
   H (  8)  2.704080
   H (  9)  2.484808  3.833152
   H ( 10)  3.082865  3.086926  1.774472
   H ( 11)  2.537512  2.628268  1.769793  1.769537
   H ( 12)  5.745487  5.397621  6.374715  5.372402  6.613060
 
 Applying Cartesian multipole field
    Component          Value
    ---------          -----
     (2,0,0)        1.00000E-11
     (0,2,0)        2.00000E-11
     (0,0,2)       -3.00000E-11
 Nucleus-field energy     =     0.0000000047 hartrees
 Requested basis set is 6-31G(d,p)
 There are 41 shells and 104 basis functions
 A cutoff of  1.0D-14 yielded    777 shell pairs
 There are      5150 function pairs
 Smallest overlap matrix eigenvalue = 5.71E-03
 Guess from superposition of atomic densities
 Warning:  Energy on first SCF cycle will be non-variational
 SAD guess density has 42.000000 electrons

 -----------------------------------------------------------------------
  General SCF calculation program by
  Eric Jon Sundstrom, Paul Horn, Yuezhi Mao, Dmitri Zuev, Alec White,
  David Stuck, Shaama M.S., Shane Yost, Joonho Lee, David Small,
  Daniel Levine, Susi Lehtola, Hugh Burton, Evgeny Epifanovsky
 -----------------------------------------------------------------------
 Exchange:     0.2000 Hartree-Fock + 0.0800 Slater + 0.7200 B88
 Correlation:  0.1900 VWN1RPA + 0.8100 LYP
 Using SG-1 standard quadrature grid
 using 12 threads for integral computing
 -------------------------------------------------------
 OpenMP Integral computing Module                
 Release: version 1.0, May 2013, Q-Chem Inc. Pittsburgh 
 -------------------------------------------------------
 -------------------------------------------------------
 OpenMP BLAS3 based DFT computing Module                
 Release: version 1.0, May 2013, Q-Chem Inc. Pittsburgh 
 -------------------------------------------------------
 A unrestricted SCF calculation will be
 performed using DIIS
 SCF converges when DIIS error is below 1.0e-06
 Alpha HF Exchange    Energy =  -4.32388095089188
 Beta HF Exchange     Energy =  -4.32388095089188
 DFT Correlation      Energy =  -1.85886186465394
 DFT Exchange         Energy = -33.94903717012470
 One-Electron (alpha) Energy = -506.07802014975914
 One-Electron (beta)  Energy = -506.07802014975914
 Total Coulomb        Energy = 384.40818266629446
 ---------------------------------------
  Cycle       Energy         DIIS error
 ---------------------------------------
    1    -517.4597001036      2.87e-02  
 Alpha HF Exchange    Energy =  -4.45193197250859
 Beta HF Exchange     Energy =  -4.25787125934393
 DFT Correlation      Energy =  -1.87860865865699
 DFT Exchange         Energy = -34.55608832954829
 One-Electron (alpha) Energy = -521.96158545746312
 One-Electron (beta)  Energy = -495.96144872590480
 Total Coulomb        Energy = 391.20682208476859
    2    -517.1168938524      4.02e-03  
 Alpha HF Exchange    Energy =  -4.40574390040781
 Beta HF Exchange     Energy =  -4.20769360722013
 DFT Correlation      Energy =  -1.85333332899122
 DFT Exchange         Energy = -34.15220839510118
 One-Electron (alpha) Energy = -519.26055355488165
 One-Electron (beta)  Energy = -493.41890897388834
 Total Coulomb        Energy = 385.56379733180108
    3    -516.9908259625      5.96e-03  
 Alpha HF Exchange    Energy =  -4.42626142404581
 Beta HF Exchange     Energy =  -4.23192407266753
 DFT Correlation      Energy =  -1.86512406771980
 DFT Exchange         Energy = -34.32892489648253
 One-Electron (alpha) Energy = -520.58646239337065
 One-Electron (beta)  Energy = -494.46005523241581
 Total Coulomb        Energy = 387.94080585000881
    4    -517.2141277705      7.28e-04  
 Alpha HF Exchange    Energy =  -4.43079294554392
 Beta HF Exchange     Energy =  -4.23584469759492
 DFT Correlation      Energy =  -1.86591254396917
 DFT Exchange         Energy = -34.36076941567859
 One-Electron (alpha) Energy = -520.86208996734490
 One-Electron (beta)  Energy = -494.66569784292068
 Total Coulomb        Energy = 388.45997353083715
    5    -517.2173154160      3.48e-04  
 Alpha HF Exchange    Energy =  -4.43053769420794
 Beta HF Exchange     Energy =  -4.23543983794077
 DFT Correlation      Energy =  -1.86546672183678
 DFT Exchange         Energy = -34.35692350071371
 One-Electron (alpha) Energy = -520.83988885345138
 One-Electron (beta)  Energy = -494.60886687982691
 Total Coulomb        Energy = 388.37525102509039
    6    -517.2180539967      9.17e-05  
 Alpha HF Exchange    Energy =  -4.43006884030124
 Beta HF Exchange     Energy =  -4.23543386129411
 DFT Correlation      Energy =  -1.86524973414340
 DFT Exchange         Energy = -34.35434792985495
 One-Electron (alpha) Energy = -520.80632168727573
 One-Electron (beta)  Energy = -494.58055118521918
 Total Coulomb        Energy = 388.31003353885410
    7    -517.2181212330      3.29e-05  
 Alpha HF Exchange    Energy =  -4.43023021050404
 Beta HF Exchange     Energy =  -4.23558060228848
 DFT Correlation      Energy =  -1.86525241481525
 DFT Exchange         Energy = -34.35537849673393
 One-Electron (alpha) Energy = -520.81919067617628
 One-Electron (beta)  Energy = -494.58733613000612
 Total Coulomb        Energy = 388.33101877190677
    8    -517.2181312924      1.15e-05  
 Alpha HF Exchange    Energy =  -4.43024206273616
 Beta HF Exchange     Energy =  -4.23564447473183
 DFT Correlation      Energy =  -1.86523920551892
 DFT Exchange         Energy = -34.35559748890263
 One-Electron (alpha) Energy = -520.81988034689539
 One-Electron (beta)  Energy = -494.58810186448557
 Total Coulomb        Energy = 388.33275440252299
    9    -517.2181325745      5.30e-06  
 Alpha HF Exchange    Energy =  -4.43022074349117
 Beta HF Exchange     Energy =  -4.23563648981952
 DFT Correlation      Energy =  -1.86522799854724
 DFT Exchange         Energy = -34.35546137247999
 One-Electron (alpha) Energy = -520.81782417403201
 One-Electron (beta)  Energy = -494.58650307165590
 Total Coulomb        Energy = 388.32892257739474
   10    -517.2181328064      1.22e-06  
 Alpha HF Exchange    Energy =  -4.43022389056862
 Beta HF Exchange     Energy =  -4.23564057122319
 DFT Correlation      Energy =  -1.86522904873691
 DFT Exchange         Energy = -34.35549181455369
 One-Electron (alpha) Energy = -520.81814363808962
 One-Electron (beta)  Energy = -494.58696739686968
 Total Coulomb        Energy = 388.32974504682943
   11    -517.2181328470      4.82e-07  Convergence criterion met
 ---------------------------------------
 SCF time:   CPU 25.45s  wall 2.00s 
<S^2> =          2.005098901
 Alpha HF Exchange    Energy =  -4.43022389056862
 Beta HF Exchange     Energy =  -4.23564057122319
 DFT Correlation      Energy =  -1.86522904873691
 DFT Exchange         Energy = -34.35549181455369
 One-Electron (alpha) Energy = -520.81814363808962
 One-Electron (beta)  Energy = -494.58696739686968
 Total Coulomb        Energy = 388.32974504682943
 Nuclear repulsion Energy = 154.74381846622919
 SCF   energy in the final basis set =     -517.2181328470
 Total energy in the final basis set =     -517.2181328470
 
 --------------------------------------------------------------
 
                    Orbital Energies (a.u.)
 --------------------------------------------------------------
 
 Alpha MOs
 -- Occupied --
-88.910 -10.214 -10.204 -10.183  -7.970  -5.941  -5.931  -5.926
 -0.818  -0.752  -0.644  -0.574  -0.462  -0.436  -0.424  -0.420
 -0.373  -0.364  -0.349  -0.310  -0.295  -0.170
 -- Virtual --
  0.058   0.106   0.114   0.126   0.148   0.162   0.173   0.189
  0.224   0.233   0.307   0.361   0.380   0.396   0.499   0.518
  0.536   0.553   0.579   0.631   0.639   0.669   0.699   0.738
  0.763   0.806   0.828   0.832   0.859   0.883   0.891   0.914
  0.938   0.970   1.002   1.051   1.116   1.185   1.310   1.442
  1.554   1.594   1.670   1.686   1.688   1.759   1.822   1.862
  1.910   2.028   2.045   2.060   2.088   2.120   2.201   2.245
  2.271   2.368   2.395   2.413   2.434   2.524   2.614   2.630
  2.631   2.680   2.717   2.742   2.817   2.875   2.904   3.182
  3.275   3.303   3.404   3.460   3.524   3.897   4.177   4.209
  4.384   4.606
 
 Beta MOs
 -- Occupied --
-88.904 -10.203 -10.202 -10.183  -7.964  -5.927  -5.923  -5.919
 -0.796  -0.731  -0.629  -0.547  -0.452  -0.428  -0.422  -0.406
 -0.363  -0.355  -0.340  -0.271
 -- Virtual --
 -0.164  -0.039   0.078   0.111   0.118   0.132   0.151   0.165
  0.176   0.193   0.232   0.244   0.323   0.381   0.399   0.413
  0.508   0.535   0.544   0.558   0.617   0.643   0.653   0.682
  0.716   0.793   0.808   0.823   0.839   0.843   0.861   0.889
  0.898   0.930   0.941   0.982   1.029   1.073   1.118   1.193
  1.321   1.448   1.559   1.618   1.674   1.686   1.688   1.781
  1.827   1.890   1.921   2.045   2.061   2.064   2.092   2.124
  2.213   2.251   2.283   2.375   2.396   2.424   2.443   2.537
  2.626   2.630   2.632   2.685   2.724   2.745   2.821   2.877
  2.906   3.183   3.280   3.311   3.409   3.461   3.527   3.918
  4.178   4.231   4.391   4.609
 --------------------------------------------------------------
 
          Ground-State Mulliken Net Atomic Charges

     Atom                 Charge (a.u.)    Spin (a.u.)
  --------------------------------------------------------
      1 S                     0.088895       1.110488
      2 C                    -0.183662      -0.020545
      3 C                    -0.280126       0.830816
      4 C                    -0.315223       0.014930
      5 H                     0.113458       0.007818
      6 H                     0.013751      -0.001387
      7 H                     0.115650       0.049307
      8 H                     0.135644       0.000515
      9 H                     0.106517       0.003319
     10 H                     0.118408       0.001631
     11 H                     0.107379      -0.001127
     12 H                    -0.020691       0.004235
  --------------------------------------------------------
  Sum of atomic charges =     0.000000
  Sum of spin   charges =     2.000000

 -----------------------------------------------------------------
                    Cartesian Multipole Moments
 -----------------------------------------------------------------
    Charge (ESU x 10^10)
                 0.0000
    Dipole Moment (Debye)
         X      -1.0389      Y      -0.6664      Z       0.5141
       Tot       1.3371
    Quadrupole Moments (Debye-Ang)
        XX     -35.6295     XY      -0.7952     YY     -33.0265
        XZ      -0.5925     YZ       1.0568     ZZ     -35.9239
    Octopole Moments (Debye-Ang^2)
       XXX     -33.3564    XXY       3.9018    XYY      -9.6353
       YYY      13.1481    XXZ      -0.4286    XYZ       2.2147
       YYZ      -0.0873    XZZ     -13.0175    YZZ       4.3598
       ZZZ       3.6011
    Hexadecapole Moments (Debye-Ang^3)
      XXXX    -594.4287   XXXY     -72.7211   XXYY    -135.4448
      XYYY     -70.0927   YYYY    -194.5319   XXXZ      40.9934
      XXYZ      16.9597   XYYZ      15.9746   YYYZ      34.8820
      XXZZ    -123.4783   XYZZ     -25.3823   YYZZ     -56.5720
      XZZZ      50.2795   YZZZ      38.2954   ZZZZ    -128.1815
 -----------------------------------------------------------------
 Calculating analytic gradient of the SCF energy
 Gradient of SCF Energy
            1           2           3           4           5           6
    1  -0.0001248   0.0000084  -0.0000220  -0.0000063   0.0000127  -0.0003577
    2   0.0007314   0.0000160  -0.0000068   0.0000151  -0.0000014   0.0021021
    3  -0.0004296   0.0000154  -0.0000549  -0.0000142   0.0000222  -0.0005747
            7           8           9          10          11          12
    1  -0.0000129   0.0000223  -0.0000012   0.0000027  -0.0000004   0.0004791
    2  -0.0000256  -0.0000112   0.0000011  -0.0000021  -0.0000004  -0.0028181
    3  -0.0000079   0.0000488  -0.0000032  -0.0000025  -0.0000015   0.0010020
 Max gradient component =       2.818E-03
 RMS gradient           =       6.411E-04
 Gradient time:  CPU 7.96 s  wall 0.67 s
 Geometry Optimization Parameters
   NAtoms,    NIC,     NZ,  NCons,   NDum,   NFix, NCnnct, MaxDiis
       12      70       0       1       0       0       0       0

 Cartesian Hessian Update
 Hessian Updated using BFGS Update


** CONSTRAINED OPTIMIZATION IN DELOCALIZED INTERNAL COORDINATES **
   Searching for a Minimum

   Optimization Cycle:   4

                       Coordinates (Angstroms)
     ATOM                X               Y               Z
      1  S         1.9533723565    0.1268652007   -0.1575704953
      2  C        -0.7135012996   -0.2434027620    0.6925891966
      3  C         0.4564743153   -0.7237110855   -0.1293188245
      4  C        -2.0448434231   -0.7975147172    0.1662036459
      5  H        -0.7440388727    0.8531855482    0.6906830834
      6  H         1.5728358909    2.5618021610   -1.8644972598
      7  H        -0.5865878694   -0.5385581284    1.7480071838
      8  H         0.5233104580   -1.7826775871   -0.3809220637
      9  H        -2.8782154518   -0.4597773986    0.7906629286
     10  H        -2.2282312826   -0.4680771919   -0.8604585637
     11  H        -2.0436442055   -1.8928416018    0.1726125498
     12  H         1.4456683841    3.2685055626   -2.0449893811
   Point Group: c1    Number of degrees of freedom:    30


   Energy is   -517.218132847

              Constraints and their Current Values
                                        Value     Constraint
   Distance(Angs):        1  12             3.700002     3.700000
 Hessian Updated using BFGS Update

   Using Lagrange Multiplier Algorithm


 31 Hessian modes will be used to form the next step
  Hessian Eigenvalues:
    -0.942964    0.044942    0.044996    0.045000    0.045000    0.047947
     0.072173    0.082309    0.082949    0.083215    0.109794    0.132774
     0.136049    0.155655    0.159999    0.160000    0.160000    0.160000
     0.219243    0.222194    0.237918    0.289540    0.315136    0.333277
     0.333762    0.340144    0.342023    0.342668    0.343876    0.347547
     1.082348

 Minimum Search - Taking P-RFO Step
 Searching for Lamda that Maximizes Along the Constraint modes Only
 Value Taken    Lamda =   0.00000046
 Searching for Lamda that Minimizes Along All other modes
 Value Taken    Lamda =  -0.00001255
 Step Taken.  Stepsize is  0.007708

                             Maximum     Tolerance    Cnvgd?
         Gradient            0.001440       0.000300      NO
         Displacement        0.006790       0.001200      NO
         Energy change     -0.000336       0.000001      NO


 New Cartesian Coordinates Obtained by Inverse Iteration

 Displacement from previous Coordinates is:  0.006498
 ----------------------------------------------------------------
             Standard Nuclear Orientation (Angstroms)
    I     Atom           X                Y                Z
 ----------------------------------------------------------------
    1      S       1.9533596902     0.1269899394    -0.1581529729
    2      C      -0.7135509921    -0.2430184240     0.6921986340
    3      C       0.4563864655    -0.7234397191    -0.1296736487
    4      C      -2.0448511505    -0.7977591024     0.1663947606
    5      H      -0.7443691566     0.8535631807     0.6897235037
    6      H       1.5732631013     2.5598977351    -1.8632818308
    7      H      -0.5863461116    -0.5375760842     1.7477520271
    8      H       0.5230835981    -1.7823583293    -0.3815059674
    9      H      -2.8781665384    -0.4599318661     0.7908792449
   10      H      -2.2285756195    -0.4688862923    -0.8603888065
   11      H      -2.0433565852    -1.8930818675     0.1733623727
   12      H       1.4457222988     3.2693988298    -2.0443053167
 ----------------------------------------------------------------
 Nuclear Repulsion Energy =   154.7440760994 hartrees
 There are       22 alpha and       20 beta electrons

                       Distance Matrix (Angstroms)
             S (  1)   C (  2)   C (  3)   C (  4)   H (  5)   H (  6)
   C (  2)  2.823547
   C (  3)  1.721909  1.508321
   C (  4)  4.116574  1.535111  2.519796
   H (  5)  2.919682  1.097017  2.144799  2.166101
   H (  6)  2.995159  4.429034  3.877256  5.337059  3.847185
   H (  7)  3.244107  1.103240  2.155589  2.166939  1.754897  5.224732
   H (  8)  2.396077  2.247593  1.090494  2.804268  3.114812  4.706774
   H (  9)  4.958708  2.177694  3.469308  1.094771  2.507707  5.998264
   H ( 10)  4.282147  2.181019  2.794238  1.093708  2.520831  4.963195
   H ( 11)  4.490471  2.181807  2.776438  1.095346  3.081892  6.087437
   H ( 12)  3.700000  4.948534  4.537330  5.797678  4.255312  0.743255
             H (  7)   H (  8)   H (  9)   H ( 10)   H ( 11)
   H (  8)  2.704451
   H (  9)  2.484769  3.832989
   H ( 10)  3.082861  3.086449  1.774467
   H ( 11)  2.537514  2.628070  1.769789  1.769542
   H ( 12)  5.744742  5.397816  6.375123  5.373723  6.613844
 
 Applying Cartesian multipole field
    Component          Value
    ---------          -----
     (2,0,0)        1.00000E-11
     (0,2,0)        2.00000E-11
     (0,0,2)       -3.00000E-11
 Nucleus-field energy     =     0.0000000047 hartrees
 Requested basis set is 6-31G(d,p)
 There are 41 shells and 104 basis functions
 A cutoff of  1.0D-14 yielded    777 shell pairs
 There are      5150 function pairs
 Smallest overlap matrix eigenvalue = 5.71E-03
 Guess from superposition of atomic densities
 Warning:  Energy on first SCF cycle will be non-variational
 SAD guess density has 42.000000 electrons

 -----------------------------------------------------------------------
  General SCF calculation program by
  Eric Jon Sundstrom, Paul Horn, Yuezhi Mao, Dmitri Zuev, Alec White,
  David Stuck, Shaama M.S., Shane Yost, Joonho Lee, David Small,
  Daniel Levine, Susi Lehtola, Hugh Burton, Evgeny Epifanovsky
 -----------------------------------------------------------------------
 Exchange:     0.2000 Hartree-Fock + 0.0800 Slater + 0.7200 B88
 Correlation:  0.1900 VWN1RPA + 0.8100 LYP
 Using SG-1 standard quadrature grid
 using 12 threads for integral computing
 -------------------------------------------------------
 OpenMP Integral computing Module                
 Release: version 1.0, May 2013, Q-Chem Inc. Pittsburgh 
 -------------------------------------------------------
 -------------------------------------------------------
 OpenMP BLAS3 based DFT computing Module                
 Release: version 1.0, May 2013, Q-Chem Inc. Pittsburgh 
 -------------------------------------------------------
 A unrestricted SCF calculation will be
 performed using DIIS
 SCF converges when DIIS error is below 1.0e-06
 Alpha HF Exchange    Energy =  -4.32381321521228
 Beta HF Exchange     Energy =  -4.32381321521228
 DFT Correlation      Energy =  -1.85885216676007
 DFT Exchange         Energy = -33.94885889789862
 One-Electron (alpha) Energy = -506.07956257262606
 One-Electron (beta)  Energy = -506.07956257262606
 Total Coulomb        Energy = 384.41044007380412
 ---------------------------------------
  Cycle       Energy         DIIS error
 ---------------------------------------
    1    -517.4599464625      2.87e-02  
 Alpha HF Exchange    Energy =  -4.45181225370896
 Beta HF Exchange     Energy =  -4.25775525704033
 DFT Correlation      Energy =  -1.87858131056335
 DFT Exchange         Energy = -34.55523671180056
 One-Electron (alpha) Energy = -521.96209552583730
 One-Electron (beta)  Energy = -495.96238318909337
 Total Coulomb        Energy = 391.20686220836080
    2    -517.1169259356      4.02e-03  
 Alpha HF Exchange    Energy =  -4.40564691112976
 Beta HF Exchange     Energy =  -4.20760129853993
 DFT Correlation      Energy =  -1.85331113792185
 DFT Exchange         Energy = -34.15153191483162
 One-Electron (alpha) Energy = -519.26135494708251
 One-Electron (beta)  Energy = -493.41991829873183
 Total Coulomb        Energy = 385.56445789353177
    3    -516.9908305106      5.96e-03  
 Alpha HF Exchange    Energy =  -4.42616290386617
 Beta HF Exchange     Energy =  -4.23182894896651
 DFT Correlation      Energy =  -1.86510064593922
 DFT Exchange         Energy = -34.32822880086595
 One-Electron (alpha) Energy = -520.58715560483552
 One-Electron (beta)  Energy = -494.46098368141656
 Total Coulomb        Energy = 387.94124814796623
    4    -517.2141363339      7.28e-04  
 Alpha HF Exchange    Energy =  -4.43069301228992
 Beta HF Exchange     Energy =  -4.23574813260630
 DFT Correlation      Energy =  -1.86588923632095
 DFT Exchange         Energy = -34.36006281125256
 One-Electron (alpha) Energy = -520.86285288218221
 One-Electron (beta)  Energy = -494.66666986757599
 Total Coulomb        Energy = 388.46051759381294
    5    -517.2173222443      3.48e-04  
 Alpha HF Exchange    Energy =  -4.43043812855456
 Beta HF Exchange     Energy =  -4.23534357661542
 DFT Correlation      Energy =  -1.86544346282024
 DFT Exchange         Energy = -34.35621925898472
 One-Electron (alpha) Energy = -520.84069491368166
 One-Electron (beta)  Energy = -494.60985810225924
 Total Coulomb        Energy = 388.37586081915867
    6    -517.2180605197      9.17e-05  
 Alpha HF Exchange    Energy =  -4.42996924280290
 Beta HF Exchange     Energy =  -4.23533750348880
 DFT Correlation      Energy =  -1.86522651176571
 DFT Exchange         Energy = -34.35364357455190
 One-Electron (alpha) Energy = -520.80711080077469
 One-Electron (beta)  Energy = -494.58152906970065
 Total Coulomb        Energy = 388.31061286712122
    7    -517.2181277319      3.29e-05  
 Alpha HF Exchange    Energy =  -4.43013053597169
 Beta HF Exchange     Energy =  -4.23548421059702
 DFT Correlation      Energy =  -1.86522916374304
 DFT Exchange         Energy = -34.35467362323220
 One-Electron (alpha) Energy = -520.81997177517530
 One-Electron (beta)  Energy = -494.58830808268175
 Total Coulomb        Energy = 388.33158350306741
    8    -517.2181377843      1.15e-05  
 Alpha HF Exchange    Energy =  -4.43014237450511
 Beta HF Exchange     Energy =  -4.23554805215361
 DFT Correlation      Energy =  -1.86521595495365
 DFT Exchange         Energy = -34.35489247216809
 One-Electron (alpha) Energy = -520.82066072419548
 One-Electron (beta)  Energy = -494.58907323175492
 Total Coulomb        Energy = 388.33331764011450
    9    -517.2181390655      5.30e-06  
 Alpha HF Exchange    Energy =  -4.43012106093749
 Beta HF Exchange     Energy =  -4.23554005878251
 DFT Correlation      Energy =  -1.86520475517941
 DFT Exchange         Energy = -34.35475638303997
 One-Electron (alpha) Energy = -520.81860502362429
 One-Electron (beta)  Energy = -494.58747506471803
 Total Coulomb        Energy = 388.32948694520940
   10    -517.2181392970      1.22e-06  
 Alpha HF Exchange    Energy =  -4.43012420778584
 Beta HF Exchange     Energy =  -4.23554413777712
 DFT Correlation      Energy =  -1.86520580595015
 DFT Exchange         Energy = -34.35478682238571
 One-Electron (alpha) Energy = -520.81892441008574
 One-Electron (beta)  Energy = -494.58793954396316
 Total Coulomb        Energy = 388.33030948640487
   11    -517.2181393375      4.82e-07  Convergence criterion met
 ---------------------------------------
 SCF time:   CPU 27.27s  wall 3.00s 
<S^2> =          2.005099255
 Alpha HF Exchange    Energy =  -4.43012420778584
 Beta HF Exchange     Energy =  -4.23554413777712
 DFT Correlation      Energy =  -1.86520580595015
 DFT Exchange         Energy = -34.35478682238571
 One-Electron (alpha) Energy = -520.81892441008574
 One-Electron (beta)  Energy = -494.58793954396316
 Total Coulomb        Energy = 388.33030948640487
 Nuclear repulsion Energy = 154.74407610407297
 SCF   energy in the final basis set =     -517.2181393375
 Total energy in the final basis set =     -517.2181393375
 
 --------------------------------------------------------------
 
                    Orbital Energies (a.u.)
 --------------------------------------------------------------
 
 Alpha MOs
 -- Occupied --
-88.910 -10.214 -10.204 -10.183  -7.970  -5.941  -5.931  -5.926
 -0.818  -0.752  -0.644  -0.574  -0.462  -0.436  -0.424  -0.420
 -0.373  -0.364  -0.349  -0.310  -0.295  -0.170
 -- Virtual --
  0.058   0.105   0.114   0.126   0.148   0.162   0.173   0.189
  0.224   0.233   0.307   0.361   0.380   0.397   0.499   0.518
  0.536   0.553   0.579   0.631   0.639   0.669   0.699   0.738
  0.763   0.806   0.828   0.832   0.859   0.883   0.891   0.914
  0.938   0.970   1.002   1.051   1.114   1.185   1.310   1.442
  1.554   1.594   1.670   1.686   1.688   1.759   1.822   1.862
  1.910   2.028   2.045   2.060   2.088   2.120   2.201   2.245
  2.271   2.368   2.390   2.413   2.434   2.524   2.614   2.627
  2.628   2.680   2.716   2.742   2.817   2.875   2.904   3.182
  3.275   3.303   3.404   3.460   3.524   3.897   4.163   4.209
  4.384   4.606
 
 Beta MOs
 -- Occupied --
-88.904 -10.203 -10.202 -10.183  -7.964  -5.927  -5.923  -5.919
 -0.796  -0.731  -0.629  -0.547  -0.452  -0.428  -0.421  -0.406
 -0.363  -0.355  -0.340  -0.271
 -- Virtual --
 -0.164  -0.039   0.078   0.111   0.118   0.132   0.151   0.165
  0.176   0.193   0.232   0.244   0.323   0.381   0.399   0.413
  0.508   0.535   0.544   0.558   0.617   0.643   0.654   0.682
  0.716   0.793   0.808   0.823   0.839   0.843   0.861   0.889
  0.898   0.930   0.941   0.982   1.029   1.073   1.116   1.193
  1.321   1.448   1.559   1.618   1.674   1.686   1.689   1.781
  1.827   1.890   1.921   2.045   2.061   2.064   2.092   2.124
  2.213   2.251   2.283   2.375   2.390   2.424   2.443   2.537
  2.626   2.628   2.629   2.685   2.724   2.745   2.821   2.877
  2.906   3.183   3.280   3.311   3.409   3.461   3.527   3.918
  4.164   4.231   4.391   4.609
 --------------------------------------------------------------
 
          Ground-State Mulliken Net Atomic Charges

     Atom                 Charge (a.u.)    Spin (a.u.)
  --------------------------------------------------------
      1 S                     0.088920       1.110427
      2 C                    -0.183648      -0.020566
      3 C                    -0.280132       0.830851
      4 C                    -0.315245       0.014916
      5 H                     0.113475       0.007845
      6 H                     0.013752      -0.001408
      7 H                     0.115655       0.049319
      8 H                     0.135658       0.000509
      9 H                     0.106526       0.003310
     10 H                     0.118410       0.001630
     11 H                     0.107384      -0.001126
     12 H                    -0.020755       0.004294
  --------------------------------------------------------
  Sum of atomic charges =     0.000000
  Sum of spin   charges =     2.000000

 -----------------------------------------------------------------
                    Cartesian Multipole Moments
 -----------------------------------------------------------------
    Charge (ESU x 10^10)
                 0.0000
    Dipole Moment (Debye)
         X      -1.0393      Y      -0.6675      Z       0.5146
       Tot       1.3381
    Quadrupole Moments (Debye-Ang)
        XX     -35.6329     XY      -0.7971     YY     -33.0320
        XZ      -0.5914     YZ       1.0595     ZZ     -35.9285
    Octopole Moments (Debye-Ang^2)
       XXX     -33.3728    XXY       3.8852    XYY      -9.6450
       YYY      13.1143    XXZ      -0.4106    XYZ       2.2184
       YYZ      -0.0712    XZZ     -13.0235    YZZ       4.3414
       ZZZ       3.6540
    Hexadecapole Moments (Debye-Ang^3)
      XXXX    -594.4873   XXXY     -72.7933   XXYY    -135.4942
      XYYY     -70.1578   YYYY    -194.6301   XXXZ      41.0736
      XXYZ      16.9786   XYYZ      16.0045   YYYZ      34.8969
      XXZZ    -123.4944   XYZZ     -25.4124   YYZZ     -56.6054
      XZZZ      50.3654   YZZZ      38.3405   ZZZZ    -128.2299
 -----------------------------------------------------------------
 Calculating analytic gradient of the SCF energy
 Gradient of SCF Energy
            1           2           3           4           5           6
    1  -0.0001240   0.0000042  -0.0000227  -0.0000051   0.0000126  -0.0000035
    2   0.0007324   0.0000165  -0.0000051   0.0000141  -0.0000017   0.0001338
    3  -0.0004331   0.0000091  -0.0000442  -0.0000129   0.0000218  -0.0000723
            7           8           9          10          11          12
    1  -0.0000117   0.0000237  -0.0000010   0.0000025  -0.0000004   0.0001255
    2  -0.0000258  -0.0000105   0.0000010  -0.0000016  -0.0000002  -0.0008528
    3  -0.0000075   0.0000443  -0.0000025  -0.0000020  -0.0000015   0.0005008
 Max gradient component =       8.528E-04
 RMS gradient           =       2.213E-04
 Gradient time:  CPU 8.35 s  wall 0.75 s
 Geometry Optimization Parameters
   NAtoms,    NIC,     NZ,  NCons,   NDum,   NFix, NCnnct, MaxDiis
       12      70       0       1       0       0       0       0

 Cartesian Hessian Update
 Hessian Updated using BFGS Update


** CONSTRAINED OPTIMIZATION IN DELOCALIZED INTERNAL COORDINATES **
   Searching for a Minimum

   Optimization Cycle:   5

                       Coordinates (Angstroms)
     ATOM                X               Y               Z
      1  S         1.9533596902    0.1269899394   -0.1581529729
      2  C        -0.7135509921   -0.2430184240    0.6921986340
      3  C         0.4563864655   -0.7234397191   -0.1296736487
      4  C        -2.0448511505   -0.7977591024    0.1663947606
      5  H        -0.7443691566    0.8535631807    0.6897235037
      6  H         1.5732631013    2.5598977351   -1.8632818308
      7  H        -0.5863461116   -0.5375760842    1.7477520271
      8  H         0.5230835981   -1.7823583293   -0.3815059674
      9  H        -2.8781665384   -0.4599318661    0.7908792449
     10  H        -2.2285756195   -0.4688862923   -0.8603888065
     11  H        -2.0433565852   -1.8930818675    0.1733623727
     12  H         1.4457222988    3.2693988298   -2.0443053167
   Point Group: c1    Number of degrees of freedom:    30


   Energy is   -517.218139337

              Constraints and their Current Values
                                        Value     Constraint
   Distance(Angs):        1  12             3.700000     3.700000
 Hessian Updated using BFGS Update

 29 Hessian modes will be used to form the next step
  Hessian Eigenvalues:
     0.043925    0.044991    0.045000    0.045000    0.047885    0.072174
     0.082308    0.082949    0.083214    0.109794    0.128620    0.136050
     0.155644    0.159985    0.160000    0.160000    0.160000    0.219241
     0.222082    0.237402    0.289542    0.315143    0.333277    0.333763
     0.340144    0.342023    0.342668    0.343876    0.347547

 Minimum Search - Taking Simple RFO Step
 Searching for Lamda that Minimizes Along All modes
 Value Taken    Lamda =   0.00000000
 Step Taken.  Stepsize is  0.001746

                             Maximum     Tolerance    Cnvgd?
         Gradient           0.000097      0.000300     YES
         Displacement       0.000880      0.001200     YES
         Energy change     -0.000006      0.000001      NO


                       Distance Matrix (Angstroms)
             S (  1)   C (  2)   C (  3)   C (  4)   H (  5)   H (  6)
   C (  2)  2.823547
   C (  3)  1.721909  1.508321
   C (  4)  4.116574  1.535111  2.519796
   H (  5)  2.919682  1.097017  2.144799  2.166101
   H (  6)  2.995159  4.429034  3.877256  5.337059  3.847185
   H (  7)  3.244107  1.103240  2.155589  2.166939  1.754897  5.224732
   H (  8)  2.396077  2.247593  1.090494  2.804268  3.114812  4.706774
   H (  9)  4.958708  2.177694  3.469308  1.094771  2.507707  5.998264
   H ( 10)  4.282147  2.181019  2.794238  1.093708  2.520831  4.963195
   H ( 11)  4.490471  2.181807  2.776438  1.095346  3.081892  6.087437
   H ( 12)  3.700000  4.948534  4.537330  5.797678  4.255312  0.743255
             H (  7)   H (  8)   H (  9)   H ( 10)   H ( 11)
   H (  8)  2.704451
   H (  9)  2.484769  3.832989
   H ( 10)  3.082861  3.086449  1.774467
   H ( 11)  2.537514  2.628070  1.769789  1.769542
   H ( 12)  5.744742  5.397816  6.375123  5.373723  6.613844
 
 Final energy is   -517.218139337470     


 ******************************
 **  OPTIMIZATION CONVERGED  **
 ******************************

                       Coordinates (Angstroms)
     ATOM                X               Y               Z
      1  S         1.9533596902    0.1269899394   -0.1581529729
      2  C        -0.7135509921   -0.2430184240    0.6921986340
      3  C         0.4563864655   -0.7234397191   -0.1296736487
      4  C        -2.0448511505   -0.7977591024    0.1663947606
      5  H        -0.7443691566    0.8535631807    0.6897235037
      6  H         1.5732631013    2.5598977351   -1.8632818308
      7  H        -0.5863461116   -0.5375760842    1.7477520271
      8  H         0.5230835981   -1.7823583293   -0.3815059674
      9  H        -2.8781665384   -0.4599318661    0.7908792449
     10  H        -2.2285756195   -0.4688862923   -0.8603888065
     11  H        -2.0433565852   -1.8930818675    0.1733623727
     12  H         1.4457222988    3.2693988298   -2.0443053167

Z-matrix Print:
$molecule
0 3
S 
C  1 1.721909
H  2 1.090494 1 114.998537
C  2 1.508321 1 121.737770 3 156.130442 0
H  4 1.097017 2 109.812810 1 35.964412 0
H  4 1.103240 2 110.295660 1 -80.255240 0
C  4 1.535111 2 111.773480 1 157.874365 0
H  7 1.093708 4 111.012922 2 -61.135508 0
H  7 1.094771 4 110.684768 2 178.495382 0
H  7 1.095346 4 110.977334 2 58.822454 0
H  1 2.995159 2 107.473512 3 128.499987 0
H  11 0.743255 1 159.361422 2 97.745304 0
$end

PES scan, value:    3.7000 energy: -517.2181393375
------- Summary of potential scan: ------ 
    3.7000      -517.2181393375
----------------------------------------- 
Archival summary:
1\1\hpc0250\JobtypUnspecified\ProcedureUnspecified\6-31G**\138(3)\knomura\WedMar1322:37:492019WedMar1322:37:492019\0\\#,JobtypUnspecified,ProcedureUnspecified,6-31G**,\\0,3\S\C,1,1.72191\H,2,1.09049,1,114.999\C,2,1.50832,1,121.738,3,156.13,0\H,4,1.09702,2,109.813,1,35.9644,0\H,4,1.10324,2,110.296,1,-80.2552,0\C,4,1.53511,2,111.773,1,157.874,0\H,7,1.09371,4,111.013,2,-61.1355,0\H,7,1.09477,4,110.685,2,178.495,0\H,7,1.09535,4,110.977,2,58.8225,0\H,1,2.99516,2,107.474,3,128.5,0\H,11,0.743255,1,159.361,2,97.7453,0\\\@

 Total job time:  16.83s(wall), 188.63s(cpu) 
 Wed Mar 13 22:37:49 2019

        *************************************************************
        *                                                           *
        *  Thank you very much for using Q-Chem.  Have a nice day.  *
        *                                                           *
        *************************************************************


