
Running Job 1 of 1 halogens/Bromine/01/Br_2.xyz.data/inputs/bond_triplet_3.2.in
qchem halogens/Bromine/01/Br_2.xyz.data/inputs/bond_triplet_3.2.in_23092.0 /staging/scratch/2868759/qchem23092/ 1
/usr/usc/qchem/5.1.1/exe/qcprog.exe_s halogens/Bromine/01/Br_2.xyz.data/inputs/bond_triplet_3.2.in_23092.0 /staging/scratch/2868759/qchem23092/
Check license passed

                  Welcome to Q-Chem
     A Quantum Leap Into The Future Of Chemistry


 Q-Chem 5.1, Q-Chem, Inc., Pleasanton, CA (2018)

 Yihan Shao,  Zhengting Gan,  E. Epifanovsky,  A. T. B. Gilbert,  M. Wormit,  
 J. Kussmann,  A. W. Lange,  A. Behn,  Jia Deng,  Xintian Feng,  D. Ghosh,  
 M. Goldey,  P. R. Horn,  L. D. Jacobson,  I. Kaliman,  T. Kus,  A. Landau,  
 Jie Liu,  E. I. Proynov,  R. M. Richard,  R. P. Steele,  E. J. Sundstrom,  
 H. L. Woodcock III,  P. M. Zimmerman,  D. Zuev,  B. Albrecht,  E. Alguire,  
 S. A. Baeppler,  D. Barton,  Z. Benda,  Y. A. Bernard,  E. J. Berquist,  
 K. B. Bravaya,  H. Burton,  D. Casanova,  Chun-Min Chang,  Yunqing Chen,  
 A. Chien,  K. D. Closser,  M. P. Coons,  S. Coriani,  S. Dasgupta,  
 A. L. Dempwolff,  M. Diedenhofen,  Hainam Do,  R. G. Edgar,  Po-Tung Fang,  
 S. Faraji,  S. Fatehi,  Qingguo Feng,  K. D. Fenk,  J. Fosso-Tande,  
 Qinghui Ge,  A. Ghysels,  G. Gidofalvi,  J. Gomes,  J. Gonthier,  A. Gunina,  
 D. Hait,  M. W. D. Hanson-Heine,  P. H. P. Harbach,  A. W. Hauser,  
 J. E. Herr,  E. G. Hohenstein,  Z. C. Holden,  Kerwin Hui,  B. C. Huynh,  
 T.-C. Jagau,  Hyunjun Ji,  B. Kaduk,  K. Khistyaev,  Jaehoon Kim,  
 P. Klunzinger,  K. Koh,  D. Kosenkov,  L. Koulias,  T. Kowalczyk,  
 C. M. Krauter,  A. Kunitsa,  Ka Un Lao,  A. Laurent,  K. V. Lawler,  
 Joonho Lee,  D. Lefrancois,  S. Lehtola,  D. S. Levine,  Yi-Pei Li,  
 You-Sheng Lin,  Fenglai Liu,  E. Livshits,  A. Luenser,  P. Manohar,  
 E. Mansoor,  S. F. Manzer,  Shan-Ping Mao,  Yuezhi Mao,  N. Mardirossian,  
 A. V. Marenich,  T. Markovich,  L. A. Martinez-Martinez,  S. A. Maurer,  
 N. J. Mayhall,  S. C. McKenzie,  J.-M. Mewes,  A. F. Morrison,  
 J. W. Mullinax,  K. Nanda,  T. S. Nguyen-Beck,  R. Olivares-Amaya,  
 J. A. Parkhill,  T. M. Perrine,  F. Plasser,  P. Pokhilko,  S. Prager,  
 A. Prociuk,  E. Ramos,  D. R. Rehn,  F. Rob,  M. Schneider,  N. Sergueev,  
 S. M. Sharada,  S. Sharma,  D. W. Small,  T. Stauch,  T. Stein,  
 Yu-Chuan Su,  A. J. W. Thom,  A. Tkatchenko,  T. Tsuchimochi,  N. M. Tubman,  
 L. Vogt,  M. L. Vidal,  O. Vydrov,  M. A. Watson,  J. Wenzel,  
 M. de Wergifosse,  T. A. Wesolowski,  A. White,  J. Witte,  A. Yamada,  
 Jun Yang,  K. Yao,  S. Yeganeh,  S. R. Yost,  Zhi-Qiang You,  A. Zech,  
 Igor Ying Zhang,  Xing Zhang,  Yan Zhao,  Ying Zhu,  B. R. Brooks,  
 G. K. L. Chan,  C. J. Cramer,  M. S. Gordon,  W. J. Hehre,  A. Klamt,  
 M. W. Schmidt,  C. D. Sherrill,  D. G. Truhlar,  A. Aspuru-Guzik,  R. Baer,  
 A. T. Bell,  N. A. Besley,  Jeng-Da Chai,  A. E. DePrince, III,  
 R. A. DiStasio Jr.,  A. Dreuw,  B. D. Dunietz,  T. R. Furlani,  
 Chao-Ping Hsu,  Yousung Jung,  Jing Kong,  D. S. Lambrecht,  WanZhen Liang,  
 C. Ochsenfeld,  V. A. Rassolov,  L. V. Slipchenko,  J. E. Subotnik,  
 T. Van Voorhis,  J. M. Herbert,  A. I. Krylov,  P. M. W. Gill,  M. Head-Gordon

 Contributors to earlier versions of Q-Chem not listed above: 
 R. D. Adamson,  B. Austin,  J. Baker,  G. J. O. Beran,  K. Brandhorst,  
 S. T. Brown,  E. F. C. Byrd,  A. K. Chakraborty,  C.-L. Cheng,  
 Siu Hung Chien,  D. M. Chipman,  D. L. Crittenden,  H. Dachsel,  
 R. J. Doerksen,  A. D. Dutoi,  L. Fusti-Molnar,  W. A. Goddard III,  
 A. Golubeva-Zadorozhnaya,  S. R. Gwaltney,  G. Hawkins,  A. Heyden,  
 S. Hirata,  G. Kedziora,  F. J. Keil,  C. Kelley,  Jihan Kim,  R. A. King,  
 R. Z. Khaliullin,  P. P. Korambath,  W. Kurlancheek,  A. M. Lee,  M. S. Lee,  
 S. V. Levchenko,  Ching Yeh Lin,  D. Liotard,  R. C. Lochan,  I. Lotan,  
 P. E. Maslen,  N. Nair,  D. P. O'Neill,  D. Neuhauser,  E. Neuscamman,  
 C. M. Oana,  R. Olson,  B. Peters,  R. Peverati,  P. A. Pieniazek,  
 Y. M. Rhee,  J. Ritchie,  M. A. Rohrdanz,  E. Rosta,  N. J. Russ,  
 H. F. Schaefer III,  N. E. Schultz,  N. Shenvi,  A. C. Simmonett,  A. Sodt,  
 D. Stuck,  K. S. Thanthiriwatte,  V. Vanovschi,  Tao Wang,  A. Warshel,  
 C. F. Williams,  Q. Wu,  X. Xu,  W. Zhang

 Please cite Q-Chem as follows:
 Y. Shao et al., Mol. Phys. 113, 184-215 (2015)
 DOI: 10.1080/00268976.2014.952696

 Q-Chem 5.1.1 for Intel X86 EM64T Linux

 Parts of Q-Chem use Armadillo 8.300.2 (Tropical Shenanigans).
 http://arma.sourceforge.net/

 Q-Chem begins on Wed Mar 13 15:18:18 2019  

Host: 
0

     Scratch files written to /staging/scratch/2868759/qchem23092//
 Aug318 |scratch|qcdevops|jenkins|workspace|build_RNUM 6013   
Processing $rem in /usr/usc/qchem/5.1.1/config/preferences.
 MEM_TOTAL  2000 
Input Ideriv = 2
Curr. Ideriv = -1
Max.  Ideriv = 2

Checking the input file for inconsistencies... 	...done.

--------------------------------------------------------------
User input:
--------------------------------------------------------------

$comment
potential surface scanner
$end

$rem
JOBTYPE  PES_SCAN
UNRESTRICTED TRUE
SYM_IGNORE  TRUE
GEOM_OPT_MAX_CYCLES 400
SCF_MAX_CYCLES 400
METHOD   B3LYP
BASIS   6-31G**
PDB_PRINT 2
SCF_CONVERGENCE 6
THRESH 14
SCF_PRINT 1
$end
$molecule
0 3
Br 2.664848 0.007137 -0.229958
C -0.548147 -0.000733 0.522771
C -0.895591 -1.299055 -0.126389
C -0.892515 1.297994 -0.127254
H -0.330386 -0.000641 1.588213
H -0.385285 -2.144154 0.348219
H -1.978294 -1.514343 -0.077048
H -0.633390 -1.299236 -1.192735
H -0.383649 2.142510 0.349790
H -1.975330 1.513478 -0.082390
H -0.625864 1.298443 -1.192516
$end
$scan
stre 1 2 3.200000 3.201000 0.100000
$end
--------------------------------------------------------------
 ----------------------------------------------------------------
             Standard Nuclear Orientation (Angstroms)
    I     Atom           X                Y                Z
 ----------------------------------------------------------------
    1      Br      2.6648480000     0.0071370000    -0.2299580000
    2      C      -0.5481470000    -0.0007330000     0.5227710000
    3      C      -0.8955910000    -1.2990550000    -0.1263890000
    4      C      -0.8925150000     1.2979940000    -0.1272540000
    5      H      -0.3303860000    -0.0006410000     1.5882130000
    6      H      -0.3852850000    -2.1441540000     0.3482190000
    7      H      -1.9782940000    -1.5143430000    -0.0770480000
    8      H      -0.6333900000    -1.2992360000    -1.1927350000
    9      H      -0.3836490000     2.1425100000     0.3497900000
   10      H      -1.9753300000     1.5134780000    -0.0823900000
   11      H      -0.6258640000     1.2984430000    -1.1925160000
 ----------------------------------------------------------------
 Nuclear Repulsion Energy =   200.3718487285 hartrees
 There are       31 alpha and       29 beta electrons
 Requested basis set is 6-31G(d,p)
 There are 41 shells and 115 basis functions

 Total QAlloc Memory Limit   2000 MB
 Mega-Array Size       188 MB
 MEM_STATIC part       192 MB
A total of 1 constraints
  
            1
    1   1.0100000
    2   1.0100000
    3   2.0100000
    4   3.2000000
    5   3.2010000
    6   0.1000000
    7   0.0000000
    8   0.0000000
    9   0.0000000
   10   0.0000000

                       Distance Matrix (Angstroms)
             Br(  1)   C (  2)   C (  3)   C (  4)   H (  5)   H (  6)
   C (  2)  3.300000
   C (  3)  3.793889  1.492570
   C (  4)  3.785722  1.492586  2.597051
   H (  5)  3.503888  1.087468  2.223780  2.223796
   H (  6)  3.776990  2.156675  1.095380  3.511658  2.476943
   H (  7)  4.888461  2.167053  1.105002  3.015075  2.789263  1.764991
   H (  8)  3.675857  2.153216  1.098109  2.819220  3.084126  1.774819
   H (  9)  3.766863  2.156495  3.511866  1.095319  2.475808  4.286665
   H ( 10)  4.880788  2.167004  3.012991  1.104959  2.790934  4.011476
   H ( 11)  3.663710  2.153162  2.820705  1.098128  3.083404  3.779314
             H (  7)   H (  8)   H (  9)   H ( 10)
   H (  8)  1.760624
   H (  9)  4.012189  3.779864
   H ( 10)  3.027827  3.308327  1.765194
   H ( 11)  3.314378  2.597690  1.774775  1.760590
 
 A cutoff of  1.0D-14 yielded    798 shell pairs
 There are      6249 function pairs
 
 -------------------------------------------------------
 OpenMP Integral Computing Module                       
 Release: version 1.0, May 2013, Q-Chem Inc. Pittsburgh 
 -------------------------------------------------------
 Integral Job Info:
 Integral job number is                      11
 Integral operator is                         1
 short-range coefficients                     0
 long-range coefficients              100000000
 Omega coefficients                           0
 if combine SR and LR in K                    0
 Integral screening is                        0
 Integral computing path is                   2
 max size of driver memory is            800000
 size of driver memory is                593474
 size of scratch memory is             15267112
 max col of scratch BK array               1296
 max len of scratch array in speh3          155
 max len of scratch index in speh4           18
 max int batch size is                      520
 min int batch size is                       52
 fixed nKL is                                52
 max L of basis functions is                  2
 order of int derivative is                   0
 number of shells is                         41
 number of basis is                         115
 number of cartesian basis is               115
 number of contracted shell pairs           798
 number of primitive shell pairs           3052
 maxK2 (contraction) of shell pair           36
 max number of K2 of shell pair               1
 max number of CS2 of shell pair             59
 max number of PS2 of shell pair            294
 mem total for path MDJ                  519708
 -------------------------------------------------------
 Smallest overlap matrix eigenvalue = 7.26E-04

 Scale SEOQF with 1.000000e-01/1.000000e-01/1.000000e-01

 Standard Electronic Orientation quadrupole field applied
 Nucleus-field energy     =     0.0000000113 hartrees
 Guess from superposition of atomic densities
 Warning:  Energy on first SCF cycle will be non-variational
 SAD guess density has 59.972873 electrons

 -----------------------------------------------------------------------
  General SCF calculation program by
  Eric Jon Sundstrom, Paul Horn, Yuezhi Mao, Dmitri Zuev, Alec White,
  David Stuck, Shaama M.S., Shane Yost, Joonho Lee, David Small,
  Daniel Levine, Susi Lehtola, Hugh Burton, Evgeny Epifanovsky
 -----------------------------------------------------------------------
 Exchange:     0.2000 Hartree-Fock + 0.0800 Slater + 0.7200 B88
 Correlation:  0.1900 VWN1RPA + 0.8100 LYP
 Using SG-1 standard quadrature grid
 using 12 threads for integral computing
 -------------------------------------------------------
 OpenMP Integral computing Module                
 Release: version 1.0, May 2013, Q-Chem Inc. Pittsburgh 
 -------------------------------------------------------
 -------------------------------------------------------
 OpenMP BLAS3 based DFT computing Module                
 Release: version 1.0, May 2013, Q-Chem Inc. Pittsburgh 
 -------------------------------------------------------
 A unrestricted SCF calculation will be
 performed using DIIS
 SCF converges when DIIS error is below 1.0e-06
 Alpha HF Exchange    Energy = -10.71500749667992
 Beta HF Exchange     Energy = -10.71500749667992
 DFT Correlation      Energy =  -3.10801356434590
 DFT Exchange         Energy = -84.97906646263709
 One-Electron (alpha) Energy = -2066.98444237711965
 One-Electron (beta)  Energy = -2066.98444237711965
 Total Coulomb        Energy = 1347.48782889410791
 ---------------------------------------
  Cycle       Energy         DIIS error
 ---------------------------------------
    1   -2695.6263021407      1.64e-01  
 Alpha HF Exchange    Energy = -10.89780446180367
 Beta HF Exchange     Energy = -10.70002790408873
 DFT Correlation      Energy =  -3.14159597644014
 DFT Exchange         Energy = -85.90447402437027
 One-Electron (alpha) Energy = -2091.49600167045446
 One-Electron (beta)  Energy = -2053.79978881820125
 Total Coulomb        Energy = 1363.36022591117126
    2   -2692.2076182045      9.60e-03  
 Alpha HF Exchange    Energy = -10.79868381848148
 Beta HF Exchange     Energy = -10.61187704107689
 DFT Correlation      Energy =  -3.10500870828151
 DFT Exchange         Energy = -85.13551326724271
 One-Electron (alpha) Energy = -2083.52385526086346
 One-Electron (beta)  Energy = -2046.32870252304474
 Total Coulomb        Energy = 1346.92887900077812
    3   -2692.2029128785      4.41e-03  
 Alpha HF Exchange    Energy = -10.87398850965887
 Beta HF Exchange     Energy = -10.67846396597487
 DFT Correlation      Energy =  -3.13259122063715
 DFT Exchange         Energy = -85.71302174604769
 One-Electron (alpha) Energy = -2089.46816121078746
 One-Electron (beta)  Energy = -2051.67839407598876
 Total Coulomb        Energy = 1358.89219065721750
    4   -2692.2805813321      2.64e-03  
 Alpha HF Exchange    Energy = -10.84985036471703
 Beta HF Exchange     Energy = -10.65735538813780
 DFT Correlation      Energy =  -3.12266822200569
 DFT Exchange         Energy = -85.52627453498515
 One-Electron (alpha) Energy = -2087.76714535434667
 One-Electron (beta)  Energy = -2050.09174199990684
 Total Coulomb        Energy = 1355.31827035885908
    5   -2692.3249167655      2.52e-04  
 Alpha HF Exchange    Energy = -10.84816483204268
 Beta HF Exchange     Energy = -10.65564546011938
 DFT Correlation      Energy =  -3.12257473134136
 DFT Exchange         Energy = -85.51354163192967
 One-Electron (alpha) Energy = -2087.56751509784544
 One-Electron (beta)  Energy = -2049.91033267604098
 Total Coulomb        Energy = 1354.92079902265777
    6   -2692.3251266669      4.79e-05  
 Alpha HF Exchange    Energy = -10.84799483939745
 Beta HF Exchange     Energy = -10.65559587139310
 DFT Correlation      Energy =  -3.12239743957602
 DFT Exchange         Energy = -85.51241914402820
 One-Electron (alpha) Energy = -2087.55806360244515
 One-Electron (beta)  Energy = -2049.90097834750986
 Total Coulomb        Energy = 1354.90046004839110
    7   -2692.3251404562      1.08e-05  
 Alpha HF Exchange    Energy = -10.84810757192913
 Beta HF Exchange     Energy = -10.65566968291512
 DFT Correlation      Energy =  -3.12240897215311
 DFT Exchange         Energy = -85.51313312419319
 One-Electron (alpha) Energy = -2087.56864880830926
 One-Electron (beta)  Energy = -2049.90906115444886
 Total Coulomb        Energy = 1354.92003895465882
    8   -2692.3251416196      6.23e-06  
 Alpha HF Exchange    Energy = -10.84810170302157
 Beta HF Exchange     Energy = -10.65568625192170
 DFT Correlation      Energy =  -3.12240497849183
 DFT Exchange         Energy = -85.51316551966927
 One-Electron (alpha) Energy = -2087.56763694476376
 One-Electron (beta)  Energy = -2049.90815008246955
 Total Coulomb        Energy = 1354.91815477126988
    9   -2692.3251419693      2.14e-06  
 Alpha HF Exchange    Energy = -10.84809761011548
 Beta HF Exchange     Energy = -10.65568318483909
 DFT Correlation      Energy =  -3.12240115042719
 DFT Exchange         Energy = -85.51313369000724
 One-Electron (alpha) Energy = -2087.56690426156729
 One-Electron (beta)  Energy = -2049.90781969829777
 Total Coulomb        Energy = 1354.91704879236136
   10   -2692.3251420632      6.42e-07  Convergence criterion met
 ---------------------------------------
 SCF time:   CPU 36.71s  wall 3.00s 
<S^2> =          2.005402286
 Alpha HF Exchange    Energy = -10.84809761011548
 Beta HF Exchange     Energy = -10.65568318483909
 DFT Correlation      Energy =  -3.12240115042719
 DFT Exchange         Energy = -85.51313369000724
 One-Electron (alpha) Energy = -2087.56690426156729
 One-Electron (beta)  Energy = -2049.90781969829777
 Total Coulomb        Energy = 1354.91704879236136
 Nuclear repulsion Energy = 200.37184873972939
 SCF   energy in the final basis set =    -2692.3251420632
 Total energy in the final basis set =    -2692.3251420632
 
 --------------------------------------------------------------
 
                    Orbital Energies (a.u.)
 --------------------------------------------------------------
 
 Alpha MOs
 -- Occupied --
******* -62.551 -56.376 -56.368 -56.368 -10.183 -10.175 -10.175
 -8.738  -6.575  -6.553  -6.553  -2.666  -2.661  -2.660  -2.644
 -2.644  -0.792  -0.774  -0.686  -0.565  -0.446  -0.424  -0.403
 -0.382  -0.365  -0.349  -0.342  -0.318  -0.317  -0.174
 -- Virtual --
  0.099   0.128   0.143   0.171   0.182   0.184   0.190   0.190
  0.257   0.292   0.301   0.320   0.342   0.500   0.507   0.514
  0.539   0.550   0.557   0.568   0.572   0.628   0.658   0.711
  0.724   0.743   0.750   0.855   0.858   0.864   0.883   0.912
  0.931   0.948   0.956   1.260   1.297   1.355   1.366   1.536
  1.676   1.714   1.810   1.815   1.870   1.896   1.998   2.048
  2.052   2.083   2.109   2.120   2.136   2.281   2.283   2.380
  2.385   2.489   2.548   2.600   2.678   2.730   2.766   2.846
  2.864   2.910   2.964   3.159   3.205   3.357   3.425   3.436
  3.458   3.523   4.209   4.490   4.562   4.660   4.662   4.666
  4.690   4.718   6.225  90.170
 
 Beta MOs
 -- Occupied --
******* -62.550 -56.370 -56.367 -56.367 -10.176 -10.176 -10.169
 -8.734  -6.564  -6.551  -6.551  -2.658  -2.654  -2.654  -2.643
 -2.643  -0.759  -0.747  -0.683  -0.544  -0.441  -0.407  -0.397
 -0.375  -0.345  -0.337  -0.304  -0.301
 -- Virtual --
 -0.230  -0.024   0.101   0.132   0.146   0.179   0.187   0.191
  0.194   0.202   0.268   0.301   0.325   0.325   0.352   0.503
  0.515   0.555   0.569   0.576   0.587   0.595   0.598   0.645
  0.664   0.734   0.745   0.751   0.755   0.863   0.864   0.871
  0.887   0.922   0.936   0.952   0.972   1.276   1.305   1.362
  1.388   1.536   1.683   1.732   1.826   1.832   1.897   1.918
  2.023   2.053   2.058   2.088   2.114   2.124   2.144   2.286
  2.298   2.381   2.397   2.510   2.565   2.613   2.683   2.734
  2.771   2.852   2.871   2.917   2.968   3.163   3.211   3.364
  3.427   3.439   3.463   3.529   4.229   4.489   4.574   4.677
  4.677   4.681   4.693   4.724   6.241  90.176
 --------------------------------------------------------------
 
          Ground-State Mulliken Net Atomic Charges

     Atom                 Charge (a.u.)    Spin (a.u.)
  --------------------------------------------------------
      1 Br                   -0.001080       1.011631
      2 C                    -0.061172       1.005979
      3 C                    -0.333402      -0.077581
      4 C                    -0.333965      -0.077491
      5 H                     0.086676      -0.044837
      6 H                     0.105519       0.008173
      7 H                     0.107392       0.061961
      8 H                     0.108455       0.020908
      9 H                     0.105448       0.008011
     10 H                     0.107720       0.062091
     11 H                     0.108408       0.021156
  --------------------------------------------------------
  Sum of atomic charges =    -0.000000
  Sum of spin   charges =     2.000000

 -----------------------------------------------------------------
                    Cartesian Multipole Moments
 -----------------------------------------------------------------
    Charge (ESU x 10^10)
                 0.0000
    Dipole Moment (Debye)
         X      -0.3155      Y      -0.0025      Z       0.0001
       Tot       0.3155
    Quadrupole Moments (Debye-Ang)
        XX     -40.3620     XY      -0.0813     YY     -36.5502
        XZ       0.2514     YZ      -0.0393     ZZ     -39.2027
    Octopole Moments (Debye-Ang^2)
       XXX    -103.1465    XXY      -0.5302    XYY     -25.6754
       YYY      -0.3213    XXZ       3.1683    XYZ      -0.0887
       YYZ       3.4140    XZZ     -33.0166    YZZ      -0.1066
       ZZZ       9.7337
    Hexadecapole Moments (Debye-Ang^3)
      XXXX    -953.5641   XXXY      -2.9712   XXYY    -175.8878
      XYYY      -1.1569   YYYY    -221.9258   XXXZ      34.0354
      XXYZ      -0.1727   XYYZ       9.4646   YYYZ       0.0725
      XXZZ    -174.7425   XYZZ      -0.3862   YYZZ     -51.2850
      XZZZ      33.6207   YZZZ       0.0804   ZZZZ     -82.3374
 -----------------------------------------------------------------
 Calculating analytic gradient of the SCF energy
 Gradient of SCF Energy
            1           2           3           4           5           6
    1  -0.0047636   0.0050974  -0.0000321  -0.0001208  -0.0002023  -0.0000121
    2  -0.0000075   0.0000438   0.0000261   0.0000474   0.0000022  -0.0000276
    3   0.0011622  -0.0012481   0.0000589   0.0000358   0.0000564   0.0000099
            7           8           9          10          11
    1  -0.0000042  -0.0000082   0.0000152   0.0000027   0.0000280
    2  -0.0000199   0.0000029  -0.0000435  -0.0000249   0.0000010
    3  -0.0000283  -0.0000299  -0.0000180  -0.0000183   0.0000195
 Max gradient component =       5.097E-03
 RMS gradient           =       1.251E-03
 Gradient time:  CPU 12.17 s  wall 1.46 s
 Geometry Optimization Parameters
   NAtoms,    NIC,     NZ,  NCons,   NDum,   NFix, NCnnct, MaxDiis
       11      75       0       1       0       0       0       0


** CONSTRAINED OPTIMIZATION IN DELOCALIZED INTERNAL COORDINATES **
   Searching for a Minimum

   Optimization Cycle:   1

                       Coordinates (Angstroms)
     ATOM                X               Y               Z
      1  Br        2.6648480000    0.0071370000   -0.2299580000
      2  C        -0.5481470000   -0.0007330000    0.5227710000
      3  C        -0.8955910000   -1.2990550000   -0.1263890000
      4  C        -0.8925150000    1.2979940000   -0.1272540000
      5  H        -0.3303860000   -0.0006410000    1.5882130000
      6  H        -0.3852850000   -2.1441540000    0.3482190000
      7  H        -1.9782940000   -1.5143430000   -0.0770480000
      8  H        -0.6333900000   -1.2992360000   -1.1927350000
      9  H        -0.3836490000    2.1425100000    0.3497900000
     10  H        -1.9753300000    1.5134780000   -0.0823900000
     11  H        -0.6258640000    1.2984430000   -1.1925160000
   Point Group: c1    Number of degrees of freedom:    27


   Energy is  -2692.325142063

              Constraints and their Current Values
                                        Value     Constraint
   Distance(Angs):        1   2             3.300000     3.200000

 Attempting to Generate Delocalized Internal Coordinates

   Using Lagrange Multiplier Algorithm


 28 Hessian modes will be used to form the next step
  Hessian Eigenvalues:
    -0.991758    0.045000    0.045000    0.051234    0.070701    0.081427
     0.081436    0.082001    0.082011    0.096891    0.120195    0.160000
     0.160000    0.160000    0.160000    0.160000    0.160000    0.173074
     0.330479    0.331350    0.331396    0.331677    0.331695    0.338899
     0.338921    0.341982    0.342052    1.008310

 Minimum Search - Taking P-RFO Step
 Searching for Lamda that Maximizes Along the Constraint modes Only
 Value Taken    Lamda =   0.01874931
 Searching for Lamda that Minimizes Along All other modes
 Value Taken    Lamda =  -0.01638428
 Step Taken.  Stepsize is  0.185711

                             Maximum     Tolerance    Cnvgd?
         Gradient            0.188973       0.000300      NO
         Displacement        0.185700       0.001200      NO
         Energy change     *********       0.000001      NO


 New Cartesian Coordinates Obtained by Inverse Iteration

 Displacement from previous Coordinates is:  0.223757
 ----------------------------------------------------------------
             Standard Nuclear Orientation (Angstroms)
    I     Atom           X                Y                Z
 ----------------------------------------------------------------
    1      Br      2.5615052111     0.0068191360    -0.2533162664
    2      C      -0.5447288698    -0.0007539959     0.5227879035
    3      C      -0.8828859078    -1.3018048831    -0.1257581392
    4      C      -0.8797590952     1.3007683920    -0.1265833879
    5      H      -0.3477355275    -0.0008354490     1.6056941148
    6      H      -0.3734428118    -2.1439142797     0.3549804991
    7      H      -1.9652254721    -1.5204712585    -0.0842690219
    8      H      -0.6122552631    -1.3037884491    -1.1899628313
    9      H      -0.3720089630     2.1425588087     0.3565360203
   10      H      -1.9621739245     1.5197948499    -0.0896261014
   11      H      -0.6048923763     1.3030271287    -1.1897797895
 ----------------------------------------------------------------
 Nuclear Repulsion Energy =   203.8471142628 hartrees
 There are       31 alpha and       29 beta electrons

                       Distance Matrix (Angstroms)
             Br(  1)   C (  2)   C (  3)   C (  4)   H (  5)   H (  6)
   C (  2)  3.201732
   C (  3)  3.686814  1.492547
   C (  4)  3.678677  1.492611  2.602575
   H (  5)  3.452486  1.100678  2.230882  2.231145
   H (  6)  3.689119  2.156533  1.095349  3.514840  2.481478
   H (  7)  4.780427  2.166995  1.104987  3.023148  2.789542  1.765048
   H (  8)  3.559179  2.153131  1.098079  2.825960  3.095699  1.774737
   H (  9)  3.679512  2.156678  3.515287  1.095366  2.480952  4.286474
   H ( 10)  4.772794  2.167088  3.021191  1.104971  2.791566  4.018023
   H ( 11)  3.547280  2.153219  2.827467  1.098155  3.095297  3.784344
             H (  7)   H (  8)   H (  9)   H ( 10)
   H (  8)  1.760693
   H (  9)  4.018761  3.785061
   H ( 10)  3.040272  3.317476  1.765084
   H ( 11)  3.323372  2.606826  1.774864  1.760551
 
 Applying Cartesian multipole field
    Component          Value
    ---------          -----
     (2,0,0)        1.00000E-11
     (0,2,0)        2.00000E-11
     (0,0,2)       -3.00000E-11
 Nucleus-field energy     =     0.0000000105 hartrees
 Requested basis set is 6-31G(d,p)
 There are 41 shells and 115 basis functions
 A cutoff of  1.0D-14 yielded    803 shell pairs
 There are      6369 function pairs
 Smallest overlap matrix eigenvalue = 7.26E-04
 Guess from superposition of atomic densities
 Warning:  Energy on first SCF cycle will be non-variational
 SAD guess density has 59.972873 electrons

 -----------------------------------------------------------------------
  General SCF calculation program by
  Eric Jon Sundstrom, Paul Horn, Yuezhi Mao, Dmitri Zuev, Alec White,
  David Stuck, Shaama M.S., Shane Yost, Joonho Lee, David Small,
  Daniel Levine, Susi Lehtola, Hugh Burton, Evgeny Epifanovsky
 -----------------------------------------------------------------------
 Exchange:     0.2000 Hartree-Fock + 0.0800 Slater + 0.7200 B88
 Correlation:  0.1900 VWN1RPA + 0.8100 LYP
 Using SG-1 standard quadrature grid
 using 12 threads for integral computing
 -------------------------------------------------------
 OpenMP Integral computing Module                
 Release: version 1.0, May 2013, Q-Chem Inc. Pittsburgh 
 -------------------------------------------------------
 -------------------------------------------------------
 OpenMP BLAS3 based DFT computing Module                
 Release: version 1.0, May 2013, Q-Chem Inc. Pittsburgh 
 -------------------------------------------------------
 A unrestricted SCF calculation will be
 performed using DIIS
 SCF converges when DIIS error is below 1.0e-06
 Alpha HF Exchange    Energy = -10.71468737919038
 Beta HF Exchange     Energy = -10.71468737919038
 DFT Correlation      Energy =  -3.10856841216330
 DFT Exchange         Energy = -84.97797873886509
 One-Electron (alpha) Energy = -2070.46495953385693
 One-Electron (beta)  Energy = -2070.46495953385693
 Total Coulomb        Energy = 1350.96808191278501
 ---------------------------------------
  Cycle       Energy         DIIS error
 ---------------------------------------
    1   -2695.6306447910      1.64e-01  
 Alpha HF Exchange    Energy = -10.89755944771622
 Beta HF Exchange     Energy = -10.69923743295183
 DFT Correlation      Energy =  -3.14201820708041
 DFT Exchange         Energy = -85.90110379973082
 One-Electron (alpha) Energy = -2095.15037928123229
 One-Electron (beta)  Energy = -2057.12578839549496
 Total Coulomb        Energy = 1366.86287429211052
    2   -2692.2060979987      9.60e-03  
 Alpha HF Exchange    Energy = -10.79861773221270
 Beta HF Exchange     Energy = -10.61119892665849
 DFT Correlation      Energy =  -3.10543368721738
 DFT Exchange         Energy = -85.13303374313152
 One-Electron (alpha) Energy = -2087.14513705626314
 One-Electron (beta)  Energy = -2049.64359699918941
 Total Coulomb        Energy = 1350.38952036594947
    3   -2692.2003835054      4.43e-03  
 Alpha HF Exchange    Energy = -10.87389748064955
 Beta HF Exchange     Energy = -10.67777996894495
 DFT Correlation      Energy =  -3.13307319598238
 DFT Exchange         Energy = -85.71049664311937
 One-Electron (alpha) Energy = -2093.12206264641191
 One-Electron (beta)  Energy = -2055.00214912424917
 Total Coulomb        Energy = 1362.39367357295282
    4   -2692.2786712131      2.65e-03  
 Alpha HF Exchange    Energy = -10.84978091201253
 Beta HF Exchange     Energy = -10.65677165083581
 DFT Correlation      Energy =  -3.12310205278338
 DFT Exchange         Energy = -85.52406735907124
 One-Electron (alpha) Energy = -2091.41369111256836
 One-Electron (beta)  Energy = -2053.41876161782511
 Total Coulomb        Energy = 1358.81533233117625
    5   -2692.3237281006      2.60e-04  
 Alpha HF Exchange    Energy = -10.84808417602526
 Beta HF Exchange     Energy = -10.65501847491159
 DFT Correlation      Energy =  -3.12301310308582
 DFT Exchange         Energy = -85.51113204630099
 One-Electron (alpha) Energy = -2091.21230057384810
 One-Electron (beta)  Energy = -2053.23428635250411
 Total Coulomb        Energy = 1358.41276517430379
    6   -2692.3239552790      4.89e-05  
 Alpha HF Exchange    Energy = -10.84790083943389
 Beta HF Exchange     Energy = -10.65496896574444
 DFT Correlation      Energy =  -3.12283141889247
 DFT Exchange         Energy = -85.50994819225328
 One-Electron (alpha) Energy = -2091.20130987278071
 One-Electron (beta)  Energy = -2053.22358549571754
 Total Coulomb        Energy = 1358.38946048524394
    7   -2692.3239700262      1.18e-05  
 Alpha HF Exchange    Energy = -10.84801798916006
 Beta HF Exchange     Energy = -10.65504279822347
 DFT Correlation      Energy =  -3.12284231961605
 DFT Exchange         Energy = -85.51067733490578
 One-Electron (alpha) Energy = -2091.21247985229411
 One-Electron (beta)  Energy = -2053.23217787730937
 Total Coulomb        Energy = 1358.41015248163649
    8   -2692.3239714165      6.85e-06  
 Alpha HF Exchange    Energy = -10.84801464665731
 Beta HF Exchange     Energy = -10.65506186758357
 DFT Correlation      Energy =  -3.12283889008525
 DFT Exchange         Energy = -85.51072898966203
 One-Electron (alpha) Energy = -2091.21165055272422
 One-Electron (beta)  Energy = -2053.23130190348957
 Total Coulomb        Energy = 1358.40851063152081
    9   -2692.3239719453      2.28e-06  
 Alpha HF Exchange    Energy = -10.84800985281385
 Beta HF Exchange     Energy = -10.65505845054969
 DFT Correlation      Energy =  -3.12283454533671
 DFT Exchange         Energy = -85.51069249247792
 One-Electron (alpha) Energy = -2091.21084990543022
 One-Electron (beta)  Energy = -2053.23086051945893
 Total Coulomb        Energy = 1358.40721929783103
   10   -2692.3239721949      1.14e-06  
 Alpha HF Exchange    Energy = -10.84800824044620
 Beta HF Exchange     Energy = -10.65505856272669
 DFT Correlation      Energy =  -3.12283402132277
 DFT Exchange         Energy = -85.51068686866881
 One-Electron (alpha) Energy = -2091.21074928451844
 One-Electron (beta)  Energy = -2053.23095341896442
 Total Coulomb        Energy = 1358.40720371824500
   11   -2692.3239724051      1.11e-06  
 Alpha HF Exchange    Energy = -10.84800823048740
 Beta HF Exchange     Energy = -10.65505874894301
 DFT Correlation      Energy =  -3.12283402845132
 DFT Exchange         Energy = -85.51068772821633
 One-Electron (alpha) Energy = -2091.21074818198895
 One-Electron (beta)  Energy = -2053.23098207568501
 Total Coulomb        Energy = 1358.40723221877897
   12   -2692.3239725016      1.12e-06  
 Alpha HF Exchange    Energy = -10.84800920799940
 Beta HF Exchange     Energy = -10.65505917754096
 DFT Correlation      Energy =  -3.12283417919305
 DFT Exchange         Energy = -85.51069194452685
 One-Electron (alpha) Energy = -2091.21087048022218
 One-Electron (beta)  Energy = -2053.23100011252200
 Total Coulomb        Energy = 1358.40737936356823
   13   -2692.3239714651      9.98e-07  Convergence criterion met
 ---------------------------------------
 SCF time:   CPU 46.80s  wall 4.00s 
<S^2> =          2.005437012
 Alpha HF Exchange    Energy = -10.84800920799940
 Beta HF Exchange     Energy = -10.65505917754096
 DFT Correlation      Energy =  -3.12283417919305
 DFT Exchange         Energy = -85.51069194452685
 One-Electron (alpha) Energy = -2091.21087048022218
 One-Electron (beta)  Energy = -2053.23100011252200
 Total Coulomb        Energy = 1358.40737936356823
 Nuclear repulsion Energy = 203.84711427335012
 SCF   energy in the final basis set =    -2692.3239714651
 Total energy in the final basis set =    -2692.3239714651
 
 --------------------------------------------------------------
 
                    Orbital Energies (a.u.)
 --------------------------------------------------------------
 
 Alpha MOs
 -- Occupied --
******* -62.551 -56.375 -56.367 -56.367 -10.184 -10.176 -10.175
 -8.738  -6.575  -6.552  -6.552  -2.665  -2.660  -2.660  -2.644
 -2.644  -0.793  -0.774  -0.686  -0.564  -0.446  -0.425  -0.403
 -0.382  -0.365  -0.350  -0.341  -0.318  -0.316  -0.173
 -- Virtual --
  0.098   0.127   0.142   0.171   0.182   0.182   0.189   0.192
  0.256   0.292   0.304   0.322   0.349   0.498   0.504   0.509
  0.535   0.551   0.557   0.563   0.571   0.639   0.671   0.715
  0.725   0.747   0.751   0.858   0.859   0.863   0.883   0.918
  0.932   0.948   0.961   1.264   1.295   1.353   1.368   1.536
  1.671   1.719   1.811   1.816   1.872   1.897   1.993   2.048
  2.052   2.084   2.110   2.121   2.132   2.278   2.281   2.379
  2.384   2.484   2.548   2.596   2.675   2.730   2.763   2.846
  2.861   2.906   2.958   3.159   3.204   3.347   3.425   3.434
  3.458   3.512   4.211   4.489   4.560   4.661   4.663   4.669
  4.692   4.731   6.228  90.178
 
 Beta MOs
 -- Occupied --
******* -62.549 -56.369 -56.366 -56.366 -10.176 -10.176 -10.170
 -8.734  -6.564  -6.551  -6.550  -2.657  -2.654  -2.654  -2.642
 -2.642  -0.759  -0.746  -0.684  -0.542  -0.441  -0.407  -0.398
 -0.375  -0.346  -0.335  -0.303  -0.300
 -- Virtual --
 -0.230  -0.023   0.101   0.131   0.146   0.179   0.186   0.190
  0.193   0.204   0.267   0.302   0.327   0.328   0.358   0.502
  0.514   0.549   0.562   0.571   0.587   0.596   0.598   0.657
  0.678   0.734   0.749   0.752   0.757   0.863   0.866   0.870
  0.887   0.927   0.936   0.952   0.981   1.281   1.304   1.360
  1.391   1.536   1.679   1.738   1.827   1.833   1.898   1.917
  2.021   2.053   2.058   2.089   2.114   2.124   2.140   2.284
  2.294   2.380   2.396   2.506   2.565   2.608   2.680   2.734
  2.768   2.853   2.867   2.914   2.963   3.163   3.209   3.354
  3.427   3.437   3.463   3.517   4.231   4.488   4.572   4.677
  4.678   4.683   4.695   4.738   6.244  90.184
 --------------------------------------------------------------
 
          Ground-State Mulliken Net Atomic Charges

     Atom                 Charge (a.u.)    Spin (a.u.)
  --------------------------------------------------------
      1 Br                    0.000743       1.013235
      2 C                    -0.062861       1.004749
      3 C                    -0.332599      -0.076935
      4 C                    -0.333111      -0.076860
      5 H                     0.084709      -0.045066
      6 H                     0.105544       0.008523
      7 H                     0.107541       0.061501
      8 H                     0.108417       0.020334
      9 H                     0.105742       0.008377
     10 H                     0.107792       0.061571
     11 H                     0.108083       0.020571
  --------------------------------------------------------
  Sum of atomic charges =    -0.000000
  Sum of spin   charges =     2.000000

 -----------------------------------------------------------------
                    Cartesian Multipole Moments
 -----------------------------------------------------------------
    Charge (ESU x 10^10)
                 0.0000
    Dipole Moment (Debye)
         X      -0.3289      Y      -0.0010      Z      -0.0080
       Tot       0.3289
    Quadrupole Moments (Debye-Ang)
        XX     -40.4314     XY      -0.0615     YY     -36.5567
        XZ       0.2632     YZ      -0.1001     ZZ     -39.2341
    Octopole Moments (Debye-Ang^2)
       XXX     -98.0728    XXY      -0.4090    XYY     -24.2576
       YYY      -0.2972    XXZ       3.6122    XYZ      -0.2500
       YYZ       3.7635    XZZ     -31.2819    YZZ      -0.0677
       ZZZ      10.9594
    Hexadecapole Moments (Debye-Ang^3)
      XXXX    -890.6118   XXXY      -2.3433   XXYY    -166.9604
      XYYY      -1.0601   YYYY    -222.6953   XXXZ      36.5232
      XXYZ      -0.6076   XYYZ      10.1360   YYYZ       0.0129
      XXZZ    -164.4915   XYZZ      -0.2626   YYZZ     -51.6553
      XZZZ      35.8192   YZZZ       0.0036   ZZZZ     -84.0526
 -----------------------------------------------------------------
 Calculating analytic gradient of the SCF energy
 Gradient of SCF Energy
            1           2           3           4           5           6
    1  -0.0062848   0.0045287   0.0003392   0.0002761   0.0012452  -0.0000065
    2  -0.0000122   0.0000126  -0.0004141   0.0004207  -0.0000269  -0.0000098
    3   0.0015792  -0.0105999   0.0004952   0.0004446   0.0082465  -0.0000739
            7           8           9          10          11
    1  -0.0000218  -0.0000408   0.0000039  -0.0000206  -0.0000185
    2   0.0000602  -0.0000123   0.0000219  -0.0000660   0.0000259
    3  -0.0000523   0.0000312  -0.0000814  -0.0000403   0.0000511
 Max gradient component =       1.060E-02
 RMS gradient           =       2.727E-03
 Gradient time:  CPU 10.27 s  wall 1.09 s
 Geometry Optimization Parameters
   NAtoms,    NIC,     NZ,  NCons,   NDum,   NFix, NCnnct, MaxDiis
       11      75       0       1       0       0       0       0

 Cartesian Hessian Update
 Hessian Updated using BFGS Update


** CONSTRAINED OPTIMIZATION IN DELOCALIZED INTERNAL COORDINATES **
   Searching for a Minimum

   Optimization Cycle:   2

                       Coordinates (Angstroms)
     ATOM                X               Y               Z
      1  Br        2.5615052111    0.0068191360   -0.2533162664
      2  C        -0.5447288698   -0.0007539959    0.5227879035
      3  C        -0.8828859078   -1.3018048831   -0.1257581392
      4  C        -0.8797590952    1.3007683920   -0.1265833879
      5  H        -0.3477355275   -0.0008354490    1.6056941148
      6  H        -0.3734428118   -2.1439142797    0.3549804991
      7  H        -1.9652254721   -1.5204712585   -0.0842690219
      8  H        -0.6122552631   -1.3037884491   -1.1899628313
      9  H        -0.3720089630    2.1425588087    0.3565360203
     10  H        -1.9621739245    1.5197948499   -0.0896261014
     11  H        -0.6048923763    1.3030271287   -1.1897797895
   Point Group: c1    Number of degrees of freedom:    27


   Energy is  -2692.323971465

              Constraints and their Current Values
                                        Value     Constraint
   Distance(Angs):        1   2             3.201732     3.200000
 Hessian Updated using BFGS Update

   Using Lagrange Multiplier Algorithm


 24 Hessian modes will be used to form the next step
  Hessian Eigenvalues:
    -0.993141    0.045000    0.045000    0.051234    0.070769    0.081427
     0.081435    0.082003    0.082023    0.096892    0.120195    0.159995
     0.160046    0.175111    0.331350    0.331396    0.331676    0.331694
     0.338899    0.338920    0.341981    0.342050    0.449628    1.009207

 Minimum Search - Taking P-RFO Step
 Searching for Lamda that Maximizes Along the Constraint modes Only
 Value Taken    Lamda =   0.00000481
 Searching for Lamda that Minimizes Along All other modes
 Value Taken    Lamda =  -0.00015329
 Step Taken.  Stepsize is  0.019193

                             Maximum     Tolerance    Cnvgd?
         Gradient            0.005432       0.000300      NO
         Displacement        0.012258       0.001200      NO
         Energy change      0.001171       0.000001      NO


 New Cartesian Coordinates Obtained by Inverse Iteration

 Displacement from previous Coordinates is:  0.015777
 ----------------------------------------------------------------
             Standard Nuclear Orientation (Angstroms)
    I     Atom           X                Y                Z
 ----------------------------------------------------------------
    1      Br      2.5600158828     0.0067618758    -0.2530324864
    2      C      -0.5438753262    -0.0007610940     0.5253016085
    3      C      -0.8827387425    -1.3005824111    -0.1251000698
    4      C      -0.8795731829     1.2995211202    -0.1258821811
    5      H      -0.3484785527    -0.0007584453     1.5996396746
    6      H      -0.3735559262    -2.1432969106     0.3549021614
    7      H      -1.9650820102    -1.5192140129    -0.0839944985
    8      H      -0.6116771696    -1.3012115931    -1.1892443471
    9      H      -0.3721685324     2.1419725692     0.3565172527
   10      H      -1.9619930988     1.5185662231    -0.0893050137
   11      H      -0.6044763413     1.3004026787    -1.1890991008
 ----------------------------------------------------------------
 Nuclear Repulsion Energy =   203.9688126530 hartrees
 There are       31 alpha and       29 beta electrons

                       Distance Matrix (Angstroms)
             Br(  1)   C (  2)   C (  3)   C (  4)   H (  5)   H (  6)
   C (  2)  3.200000
   C (  3)  3.684844  1.492443
   C (  4)  3.676706  1.492470  2.600106
   H (  5)  3.448448  1.091963  2.224793  2.224908
   H (  6)  3.687571  2.156039  1.095371  3.512863  2.477997
   H (  7)  4.778461  2.167203  1.104969  3.020820  2.784553  1.764955
   H (  8)  3.556251  2.153006  1.098125  2.822467  3.088418  1.774880
   H (  9)  3.678095  2.156219  3.513378  1.095396  2.477339  4.285270
   H ( 10)  4.770841  2.167292  3.018886  1.104967  2.786451  4.016179
   H ( 11)  3.544536  2.153107  2.823942  1.098230  3.087980  3.781049
             H (  7)   H (  8)   H (  9)   H ( 10)
   H (  8)  1.760911
   H (  9)  4.016928  3.781833
   H ( 10)  3.037786  3.314267  1.764918
   H ( 11)  3.320052  2.601624  1.775144  1.760680
 
 Applying Cartesian multipole field
    Component          Value
    ---------          -----
     (2,0,0)        1.00000E-11
     (0,2,0)        2.00000E-11
     (0,0,2)       -3.00000E-11
 Nucleus-field energy     =     0.0000000105 hartrees
 Requested basis set is 6-31G(d,p)
 There are 41 shells and 115 basis functions
 A cutoff of  1.0D-14 yielded    803 shell pairs
 There are      6369 function pairs
 Smallest overlap matrix eigenvalue = 7.26E-04
 Guess from superposition of atomic densities
 Warning:  Energy on first SCF cycle will be non-variational
 SAD guess density has 59.972873 electrons

 -----------------------------------------------------------------------
  General SCF calculation program by
  Eric Jon Sundstrom, Paul Horn, Yuezhi Mao, Dmitri Zuev, Alec White,
  David Stuck, Shaama M.S., Shane Yost, Joonho Lee, David Small,
  Daniel Levine, Susi Lehtola, Hugh Burton, Evgeny Epifanovsky
 -----------------------------------------------------------------------
 Exchange:     0.2000 Hartree-Fock + 0.0800 Slater + 0.7200 B88
 Correlation:  0.1900 VWN1RPA + 0.8100 LYP
 Using SG-1 standard quadrature grid
 using 12 threads for integral computing
 -------------------------------------------------------
 OpenMP Integral computing Module                
 Release: version 1.0, May 2013, Q-Chem Inc. Pittsburgh 
 -------------------------------------------------------
 -------------------------------------------------------
 OpenMP BLAS3 based DFT computing Module                
 Release: version 1.0, May 2013, Q-Chem Inc. Pittsburgh 
 -------------------------------------------------------
 A unrestricted SCF calculation will be
 performed using DIIS
 SCF converges when DIIS error is below 1.0e-06
 Alpha HF Exchange    Energy = -10.71524171993522
 Beta HF Exchange     Energy = -10.71524171993522
 DFT Correlation      Energy =  -3.10870875343268
 DFT Exchange         Energy = -84.97916830592241
 One-Electron (alpha) Energy = -2070.58221393775511
 One-Electron (beta)  Energy = -2070.58221393775511
 Total Coulomb        Energy = 1351.07942849049505
 ---------------------------------------
  Cycle       Energy         DIIS error
 ---------------------------------------
    1   -2695.6345472207      1.64e-01  
 Alpha HF Exchange    Energy = -10.89800119317660
 Beta HF Exchange     Energy = -10.69959500450558
 DFT Correlation      Energy =  -3.14219885416332
 DFT Exchange         Energy = -85.90402211534908
 One-Electron (alpha) Energy = -2095.27691387476671
 One-Electron (beta)  Energy = -2057.24246309895261
 Total Coulomb        Energy = 1366.98837163723442
    2   -2692.2060098401      9.60e-03  
 Alpha HF Exchange    Energy = -10.79893944381655
 Beta HF Exchange     Energy = -10.61153730131682
 DFT Correlation      Energy =  -3.10561353955501
 DFT Exchange         Energy = -85.13538770515100
 One-Electron (alpha) Energy = -2087.26904264535096
 One-Electron (beta)  Energy = -2049.76067469772033
 Total Coulomb        Energy = 1350.51191666119871
    3   -2692.2004660082      4.43e-03  
 Alpha HF Exchange    Energy = -10.87421562814487
 Beta HF Exchange     Energy = -10.67809272946570
 DFT Correlation      Energy =  -3.13322697187950
 DFT Exchange         Energy = -85.71270288663240
 One-Electron (alpha) Energy = -2093.24305201612515
 One-Electron (beta)  Energy = -2055.11619135610226
 Total Coulomb        Energy = 1362.50980094407555
    4   -2692.2788679807      2.65e-03  
 Alpha HF Exchange    Energy = -10.85013402451836
 Beta HF Exchange     Energy = -10.65711256707566
 DFT Correlation      Energy =  -3.12327895196134
 DFT Exchange         Energy = -85.52654009081576
 One-Electron (alpha) Energy = -2091.53720283846133
 One-Electron (beta)  Energy = -2053.53576206567141
 Total Coulomb        Energy = 1358.93740961775006
    5   -2692.3238082572      2.58e-04  
 Alpha HF Exchange    Energy = -10.84842280093889
 Beta HF Exchange     Energy = -10.65536202794104
 DFT Correlation      Energy =  -3.12318548142269
 DFT Exchange         Energy = -85.51355043099467
 One-Electron (alpha) Energy = -2091.33485592619581
 One-Electron (beta)  Energy = -2053.35060024796940
 Total Coulomb        Energy = 1358.53313332687571
    6   -2692.3240309250      4.87e-05  
 Alpha HF Exchange    Energy = -10.84824648030622
 Beta HF Exchange     Energy = -10.65531661079088
 DFT Correlation      Energy =  -3.12300560448285
 DFT Exchange         Energy = -85.51241056387910
 One-Electron (alpha) Energy = -2091.32465026631417
 One-Electron (beta)  Energy = -2053.34077941030137
 Total Coulomb        Energy = 1358.51155082945365
    7   -2692.3240454431      1.14e-05  
 Alpha HF Exchange    Energy = -10.84836146401281
 Beta HF Exchange     Energy = -10.65539114806808
 DFT Correlation      Energy =  -3.12301663356871
 DFT Exchange         Energy = -85.51313415174732
 One-Electron (alpha) Energy = -2091.33556454398877
 One-Electron (beta)  Energy = -2053.34922287928839
 Total Coulomb        Energy = 1358.53183135975746
    8   -2692.3240467974      6.63e-06  
 Alpha HF Exchange    Energy = -10.84835683780619
 Beta HF Exchange     Energy = -10.65540936227534
 DFT Correlation      Energy =  -3.12301298327440
 DFT Exchange         Energy = -85.51317749509575
 One-Electron (alpha) Energy = -2091.33462325744449
 One-Electron (beta)  Energy = -2053.34832393341594
 Total Coulomb        Energy = 1358.53004389909779
    9   -2692.3240473067      2.32e-06  
 Alpha HF Exchange    Energy = -10.84835226241364
 Beta HF Exchange     Energy = -10.65540612839679
 DFT Correlation      Energy =  -3.12300882701143
 DFT Exchange         Energy = -85.51314276387714
 One-Electron (alpha) Energy = -2091.33385557666315
 One-Electron (beta)  Energy = -2053.34793658256058
 Total Coulomb        Energy = 1358.52884191371754
   10   -2692.3240475637      1.16e-06  
 Alpha HF Exchange    Energy = -10.84835060294367
 Beta HF Exchange     Energy = -10.65540629282575
 DFT Correlation      Energy =  -3.12300830873963
 DFT Exchange         Energy = -85.51313716550533
 One-Electron (alpha) Energy = -2091.33374931344315
 One-Electron (beta)  Energy = -2053.34803183561962
 Total Coulomb        Energy = 1358.52882307229970
   11   -2692.3240477832      1.14e-06  
 Alpha HF Exchange    Energy = -10.84835058421158
 Beta HF Exchange     Energy = -10.65540646890048
 DFT Correlation      Energy =  -3.12300831359489
 DFT Exchange         Energy = -85.51313794419083
 One-Electron (alpha) Energy = -2091.33374751528117
 One-Electron (beta)  Energy = -2053.34805918458278
 Total Coulomb        Energy = 1358.52884946840095
   12   -2692.3240478788      1.15e-06  
 Alpha HF Exchange    Energy = -10.84835161945292
 Beta HF Exchange     Energy = -10.65540692485233
 DFT Correlation      Energy =  -3.12300847834206
 DFT Exchange         Energy = -85.51314239733173
 One-Electron (alpha) Energy = -2091.33387679564794
 One-Electron (beta)  Energy = -2053.34807825988128
 Total Coulomb        Energy = 1358.52900506563378
   13   -2692.3240467463      1.02e-06  
 Alpha HF Exchange    Energy = -10.84835008294561
 Beta HF Exchange     Energy = -10.65540926865426
 DFT Correlation      Energy =  -3.12300833919001
 DFT Exchange         Energy = -85.51314292484754
 One-Electron (alpha) Energy = -2091.33363840506945
 One-Electron (beta)  Energy = -2053.34820736536221
 Total Coulomb        Energy = 1358.52889982496572
   14   -2692.3240438976      8.35e-07  Convergence criterion met
 ---------------------------------------
 SCF time:   CPU 48.21s  wall 4.00s 
<S^2> =          2.005406469
 Alpha HF Exchange    Energy = -10.84835008294561
 Beta HF Exchange     Energy = -10.65540926865426
 DFT Correlation      Energy =  -3.12300833919001
 DFT Exchange         Energy = -85.51314292484754
 One-Electron (alpha) Energy = -2091.33363840506945
 One-Electron (beta)  Energy = -2053.34820736536221
 Total Coulomb        Energy = 1358.52889982496572
 Nuclear repulsion Energy = 203.96881266355277
 SCF   energy in the final basis set =    -2692.3240438976
 Total energy in the final basis set =    -2692.3240438976
 
 --------------------------------------------------------------
 
                    Orbital Energies (a.u.)
 --------------------------------------------------------------
 
 Alpha MOs
 -- Occupied --
******* -62.551 -56.375 -56.367 -56.367 -10.183 -10.175 -10.175
 -8.738  -6.575  -6.552  -6.552  -2.665  -2.660  -2.660  -2.644
 -2.644  -0.793  -0.774  -0.686  -0.565  -0.446  -0.425  -0.403
 -0.382  -0.365  -0.350  -0.342  -0.318  -0.316  -0.173
 -- Virtual --
  0.099   0.128   0.142   0.171   0.182   0.183   0.190   0.193
  0.256   0.292   0.304   0.322   0.349   0.498   0.503   0.509
  0.535   0.551   0.557   0.563   0.571   0.639   0.671   0.715
  0.725   0.747   0.751   0.858   0.859   0.866   0.883   0.918
  0.933   0.949   0.963   1.264   1.296   1.354   1.368   1.536
  1.673   1.720   1.811   1.815   1.871   1.898   1.998   2.048
  2.052   2.084   2.110   2.120   2.134   2.279   2.282   2.379
  2.385   2.488   2.548   2.600   2.677   2.730   2.764   2.846
  2.862   2.909   2.961   3.159   3.205   3.355   3.425   3.436
  3.459   3.517   4.212   4.489   4.561   4.661   4.663   4.669
  4.692   4.731   6.228  90.178
 
 Beta MOs
 -- Occupied --
******* -62.549 -56.369 -56.366 -56.366 -10.176 -10.176 -10.169
 -8.734  -6.564  -6.551  -6.550  -2.658  -2.654  -2.654  -2.642
 -2.642  -0.759  -0.746  -0.683  -0.543  -0.441  -0.407  -0.397
 -0.375  -0.346  -0.336  -0.303  -0.300
 -- Virtual --
 -0.230  -0.023   0.101   0.132   0.146   0.179   0.186   0.190
  0.193   0.204   0.267   0.301   0.327   0.328   0.358   0.502
  0.514   0.549   0.562   0.570   0.587   0.596   0.598   0.657
  0.678   0.734   0.749   0.752   0.757   0.863   0.866   0.873
  0.887   0.927   0.937   0.952   0.982   1.280   1.304   1.361
  1.390   1.536   1.681   1.738   1.826   1.833   1.898   1.919
  2.025   2.053   2.058   2.089   2.114   2.124   2.142   2.285
  2.295   2.380   2.397   2.510   2.566   2.613   2.682   2.734
  2.769   2.853   2.869   2.916   2.966   3.163   3.210   3.361
  3.427   3.439   3.463   3.523   4.232   4.489   4.573   4.677
  4.678   4.683   4.695   4.739   6.244  90.184
 --------------------------------------------------------------
 
          Ground-State Mulliken Net Atomic Charges

     Atom                 Charge (a.u.)    Spin (a.u.)
  --------------------------------------------------------
      1 Br                    0.000796       1.013269
      2 C                    -0.062969       1.004326
      3 C                    -0.332745      -0.076898
      4 C                    -0.333143      -0.076867
      5 H                     0.085779      -0.044757
      6 H                     0.105218       0.008503
      7 H                     0.107538       0.061521
      8 H                     0.108367       0.020394
      9 H                     0.105490       0.008366
     10 H                     0.107672       0.061513
     11 H                     0.107997       0.020629
  --------------------------------------------------------
  Sum of atomic charges =    -0.000000
  Sum of spin   charges =     2.000000

 -----------------------------------------------------------------
                    Cartesian Multipole Moments
 -----------------------------------------------------------------
    Charge (ESU x 10^10)
                 0.0000
    Dipole Moment (Debye)
         X      -0.3267      Y      -0.0003      Z      -0.0015
       Tot       0.3267
    Quadrupole Moments (Debye-Ang)
        XX     -40.4257     XY      -0.0389     YY     -36.5675
        XZ       0.2577     YZ      -0.1085     ZZ     -39.2199
    Octopole Moments (Debye-Ang^2)
       XXX     -98.0146    XXY      -0.3035    XYY     -24.2344
       YYY      -0.2900    XXZ       3.6013    XYZ      -0.2784
       YYZ       3.7559    XZZ     -31.2648    YZZ      -0.0607
       ZZZ      10.9324
    Hexadecapole Moments (Debye-Ang^3)
      XXXX    -889.7022   XXXY      -1.8902   XXYY    -166.7804
      XYYY      -1.0245   YYYY    -222.4749   XXXZ      36.4609
      XXYZ      -0.6979   XYYZ      10.1236   YYYZ       0.0022
      XXZZ    -164.2922   XYZZ      -0.2383   YYZZ     -51.5829
      XZZZ      35.7677   YZZZ      -0.0104   ZZZZ     -83.9031
 -----------------------------------------------------------------
 Calculating analytic gradient of the SCF energy
 Gradient of SCF Energy
            1           2           3           4           5           6
    1  -0.0063075   0.0057869   0.0001656   0.0001649   0.0002039   0.0000160
    2  -0.0000093   0.0000076  -0.0002140   0.0001817  -0.0000170   0.0000709
    3   0.0015827  -0.0050880   0.0004198   0.0004083   0.0028484  -0.0000368
            7           8           9          10          11
    1  -0.0000127  -0.0000084   0.0000069  -0.0000104  -0.0000052
    2   0.0000312   0.0000179  -0.0000362  -0.0000209  -0.0000120
    3  -0.0000373  -0.0000120  -0.0000271  -0.0000357  -0.0000222
 Max gradient component =       6.308E-03
 RMS gradient           =       1.828E-03
 Gradient time:  CPU 10.24 s  wall 1.02 s
 Geometry Optimization Parameters
   NAtoms,    NIC,     NZ,  NCons,   NDum,   NFix, NCnnct, MaxDiis
       11      75       0       1       0       0       0       0

 Cartesian Hessian Update
 Hessian Updated using BFGS Update


** CONSTRAINED OPTIMIZATION IN DELOCALIZED INTERNAL COORDINATES **
   Searching for a Minimum

   Optimization Cycle:   3

                       Coordinates (Angstroms)
     ATOM                X               Y               Z
      1  Br        2.5600158828    0.0067618758   -0.2530324864
      2  C        -0.5438753262   -0.0007610940    0.5253016085
      3  C        -0.8827387425   -1.3005824111   -0.1251000698
      4  C        -0.8795731829    1.2995211202   -0.1258821811
      5  H        -0.3484785527   -0.0007584453    1.5996396746
      6  H        -0.3735559262   -2.1432969106    0.3549021614
      7  H        -1.9650820102   -1.5192140129   -0.0839944985
      8  H        -0.6116771696   -1.3012115931   -1.1892443471
      9  H        -0.3721685324    2.1419725692    0.3565172527
     10  H        -1.9619930988    1.5185662231   -0.0893050137
     11  H        -0.6044763413    1.3004026787   -1.1890991008
   Point Group: c1    Number of degrees of freedom:    27


   Energy is  -2692.324043898

              Constraints and their Current Values
                                        Value     Constraint
   Distance(Angs):        1   2             3.200000     3.200000
 Hessian Updated using BFGS Update

 23 Hessian modes will be used to form the next step
  Hessian Eigenvalues:
     0.044972    0.045000    0.050678    0.070734    0.081415    0.081433
     0.081981    0.082009    0.096889    0.120191    0.159686    0.160004
     0.160141    0.162782    0.314866    0.331350    0.331396    0.331686
     0.337124    0.338914    0.339541    0.342026    0.343158

 Minimum Search - Taking Simple RFO Step
 Searching for Lamda that Minimizes Along All modes
 Value Taken    Lamda =  -0.00003019
 Step Taken.  Stepsize is  0.012318

                             Maximum     Tolerance    Cnvgd?
         Gradient           0.001896      0.000300      NO
         Displacement       0.006935      0.001200      NO
         Energy change     -0.000072      0.000001      NO


 New Cartesian Coordinates Obtained by Inverse Iteration

 Displacement from previous Coordinates is:  0.013407
 ----------------------------------------------------------------
             Standard Nuclear Orientation (Angstroms)
    I     Atom           X                Y                Z
 ----------------------------------------------------------------
    1      Br      2.5607315013     0.0066474519    -0.2516377145
    2      C      -0.5428418904    -0.0007152229     0.5279642282
    3      C      -0.8828772648    -1.2993138385    -0.1249163738
    4      C      -0.8797725766     1.2982867711    -0.1256860646
    5      H      -0.3468950827    -0.0005809292     1.5974487138
    6      H      -0.3745238893    -2.1436208577     0.3534762855
    7      H      -1.9653155845    -1.5174040970    -0.0839632681
    8      H      -0.6118736463    -1.2983730244    -1.1890536159
    9      H      -0.3730764156     2.1421895358     0.3551160547
   10      H      -1.9623105924     1.5166994098    -0.0891448217
   11      H      -0.6048475587     1.2975848011    -1.1889004237
 ----------------------------------------------------------------
 Nuclear Repulsion Energy =   203.9872811012 hartrees
 There are       31 alpha and       29 beta electrons

                       Distance Matrix (Angstroms)
             Br(  1)   C (  2)   C (  3)   C (  4)   H (  5)   H (  6)
   C (  2)  3.200000
   C (  3)  3.685110  1.492728
   C (  4)  3.677127  1.492711  2.597603
   H (  5)  3.445789  1.087287  2.222729  2.222658
   H (  6)  3.688569  2.156576  1.095508  3.511638  2.478074
   H (  7)  4.778698  2.167540  1.104949  3.017989  2.783376  1.764687
   H (  8)  3.556297  2.153330  1.098104  2.818716  3.085300  1.774874
   H (  9)  3.679119  2.156557  3.512018  1.095483  2.477002  4.285811
   H ( 10)  4.771223  2.167547  3.016022  1.104956  2.785014  4.014340
   H ( 11)  3.544837  2.153382  2.820150  1.098184  3.084723  3.778078
             H (  7)   H (  8)   H (  9)   H ( 10)
   H (  8)  1.760967
   H (  9)  4.015052  3.778750
   H ( 10)  3.034109  3.310304  1.764730
   H ( 11)  3.316010  2.595967  1.775123  1.760733
 
 Applying Cartesian multipole field
    Component          Value
    ---------          -----
     (2,0,0)        1.00000E-11
     (0,2,0)        2.00000E-11
     (0,0,2)       -3.00000E-11
 Nucleus-field energy     =     0.0000000105 hartrees
 Requested basis set is 6-31G(d,p)
 There are 41 shells and 115 basis functions
 A cutoff of  1.0D-14 yielded    803 shell pairs
 There are      6369 function pairs
 Smallest overlap matrix eigenvalue = 7.26E-04
 Guess from superposition of atomic densities
 Warning:  Energy on first SCF cycle will be non-variational
 SAD guess density has 59.972873 electrons

 -----------------------------------------------------------------------
  General SCF calculation program by
  Eric Jon Sundstrom, Paul Horn, Yuezhi Mao, Dmitri Zuev, Alec White,
  David Stuck, Shaama M.S., Shane Yost, Joonho Lee, David Small,
  Daniel Levine, Susi Lehtola, Hugh Burton, Evgeny Epifanovsky
 -----------------------------------------------------------------------
 Exchange:     0.2000 Hartree-Fock + 0.0800 Slater + 0.7200 B88
 Correlation:  0.1900 VWN1RPA + 0.8100 LYP
 Using SG-1 standard quadrature grid
 using 12 threads for integral computing
 -------------------------------------------------------
 OpenMP Integral computing Module                
 Release: version 1.0, May 2013, Q-Chem Inc. Pittsburgh 
 -------------------------------------------------------
 -------------------------------------------------------
 OpenMP BLAS3 based DFT computing Module                
 Release: version 1.0, May 2013, Q-Chem Inc. Pittsburgh 
 -------------------------------------------------------
 A unrestricted SCF calculation will be
 performed using DIIS
 SCF converges when DIIS error is below 1.0e-06
 Alpha HF Exchange    Energy = -10.71546301651417
 Beta HF Exchange     Energy = -10.71546301651417
 DFT Correlation      Energy =  -3.10876246662508
 DFT Exchange         Energy = -84.97965600770259
 One-Electron (alpha) Energy = -2070.59857379517143
 One-Electron (beta)  Energy = -2070.59857379517143
 Total Coulomb        Energy = 1351.09338512940735
 ---------------------------------------
  Cycle       Energy         DIIS error
 ---------------------------------------
    1   -2695.6358258566      1.64e-01  
 Alpha HF Exchange    Energy = -10.89819444461317
 Beta HF Exchange     Energy = -10.69976091171324
 DFT Correlation      Energy =  -3.14226763632037
 DFT Exchange         Energy = -85.90531806800996
 One-Electron (alpha) Energy = -2095.29546020540693
 One-Electron (beta)  Energy = -2057.25956944951213
 Total Coulomb        Energy = 1367.00730691774038
    2   -2692.2059826861      9.61e-03  
 Alpha HF Exchange    Energy = -10.79908870236160
 Beta HF Exchange     Energy = -10.61170055401663
 DFT Correlation      Energy =  -3.10568997146541
 DFT Exchange         Energy = -85.13650239700769
 One-Electron (alpha) Energy = -2087.28783564829473
 One-Electron (beta)  Energy = -2049.77939234445694
 Total Coulomb        Energy = 1350.53239935655915
    3   -2692.2005291493      4.43e-03  
 Alpha HF Exchange    Energy = -10.87435039213281
 Beta HF Exchange     Energy = -10.67824159718213
 DFT Correlation      Energy =  -3.13328495289091
 DFT Exchange         Energy = -85.71368074604531
 One-Electron (alpha) Energy = -2093.25919810623463
 One-Electron (beta)  Energy = -2055.13250930262438
 Total Coulomb        Energy = 1362.52504049904496
    4   -2692.2789434863      2.65e-03  
 Alpha HF Exchange    Energy = -10.85029060172207
 Beta HF Exchange     Energy = -10.65727182566497
 DFT Correlation      Energy =  -3.12334997027237
 DFT Exchange         Energy = -85.52765752880669
 One-Electron (alpha) Energy = -2091.55498305365154
 One-Electron (beta)  Energy = -2053.55377354748816
 Total Coulomb        Energy = 1358.95621919529685
    5   -2692.3238262206      2.57e-04  
 Alpha HF Exchange    Energy = -10.84857001965538
 Beta HF Exchange     Energy = -10.65552325240286
 DFT Correlation      Energy =  -3.12325393369078
 DFT Exchange         Energy = -85.51463465171072
 One-Electron (alpha) Energy = -2091.35198700298042
 One-Electron (beta)  Energy = -2053.36813526441529
 Total Coulomb        Energy = 1358.55077683527361
    6   -2692.3240461779      4.86e-05  
 Alpha HF Exchange    Energy = -10.84839791268175
 Beta HF Exchange     Energy = -10.65547972482986
 DFT Correlation      Energy =  -3.12307502123240
 DFT Exchange         Energy = -85.51351898574623
 One-Electron (alpha) Energy = -2091.34226206555923
 One-Electron (beta)  Energy = -2053.35883512684586
 Total Coulomb        Energy = 1358.53022717607791
    7   -2692.3240605491      1.11e-05  
 Alpha HF Exchange    Energy = -10.84851159987019
 Beta HF Exchange     Energy = -10.65555471207821
 DFT Correlation      Energy =  -3.12308614764525
 DFT Exchange         Energy = -85.51423943422658
 One-Electron (alpha) Energy = -2091.35301458209051
 One-Electron (beta)  Energy = -2053.36717336981974
 Total Coulomb        Energy = 1358.55023686413210
    8   -2692.3240618699      6.47e-06  
 Alpha HF Exchange    Energy = -10.84850618931051
 Beta HF Exchange     Energy = -10.65557233047821
 DFT Correlation      Energy =  -3.12308231561957
 DFT Exchange         Energy = -85.51427734538971
 One-Electron (alpha) Energy = -2091.35200732044223
 One-Electron (beta)  Energy = -2053.36625898654484
 Total Coulomb        Energy = 1358.54836102380386
    9   -2692.3240623523      2.32e-06  
 Alpha HF Exchange    Energy = -10.84850180182257
 Beta HF Exchange     Energy = -10.65556919823328
 DFT Correlation      Energy =  -3.12307829245027
 DFT Exchange         Energy = -85.51424387816049
 One-Electron (alpha) Energy = -2091.35126410946623
 One-Electron (beta)  Energy = -2053.36590586764305
 Total Coulomb        Energy = 1358.54721944091420
   10   -2692.3240625951      1.13e-06  
 Alpha HF Exchange    Energy = -10.84850010575647
 Beta HF Exchange     Energy = -10.65556940118310
 DFT Correlation      Energy =  -3.12307777878984
 DFT Exchange         Energy = -85.51423827651442
 One-Electron (alpha) Energy = -2091.35115374624411
 One-Electron (beta)  Energy = -2053.36600275390037
 Total Coulomb        Energy = 1358.54719814875239
   11   -2692.3240628019      1.10e-06  
 Alpha HF Exchange    Energy = -10.84850007925308
 Beta HF Exchange     Energy = -10.65556959565149
 DFT Correlation      Energy =  -3.12307778499566
 DFT Exchange         Energy = -85.51423910467369
 One-Electron (alpha) Energy = -2091.35115122419074
 One-Electron (beta)  Energy = -2053.36603261594018
 Total Coulomb        Energy = 1358.54722639440433
   12   -2692.3240628986      1.11e-06  
 Alpha HF Exchange    Energy = -10.84850107954490
 Beta HF Exchange     Energy = -10.65556996125087
 DFT Correlation      Energy =  -3.12307793015605
 DFT Exchange         Energy = -85.51424319141427
 One-Electron (alpha) Energy = -2091.35127589521608
 One-Electron (beta)  Energy = -2053.36604599108205
 Total Coulomb        Energy = 1358.54737104890114
   13   -2692.3240618880      9.95e-07  Convergence criterion met
 ---------------------------------------
 SCF time:   CPU 40.60s  wall 4.00s 
<S^2> =          2.005391549
 Alpha HF Exchange    Energy = -10.84850107954490
 Beta HF Exchange     Energy = -10.65556996125087
 DFT Correlation      Energy =  -3.12307793015605
 DFT Exchange         Energy = -85.51424319141427
 One-Electron (alpha) Energy = -2091.35127589521608
 One-Electron (beta)  Energy = -2053.36604599108205
 Total Coulomb        Energy = 1358.54737104890114
 Nuclear repulsion Energy = 203.98728111172039
 SCF   energy in the final basis set =    -2692.3240618880
 Total energy in the final basis set =    -2692.3240618880
 
 --------------------------------------------------------------
 
                    Orbital Energies (a.u.)
 --------------------------------------------------------------
 
 Alpha MOs
 -- Occupied --
******* -62.551 -56.375 -56.367 -56.367 -10.182 -10.175 -10.175
 -8.738  -6.575  -6.552  -6.552  -2.666  -2.660  -2.660  -2.644
 -2.644  -0.793  -0.774  -0.686  -0.565  -0.446  -0.425  -0.403
 -0.382  -0.365  -0.349  -0.342  -0.318  -0.316  -0.173
 -- Virtual --
  0.099   0.129   0.142   0.171   0.182   0.183   0.190   0.193
  0.256   0.291   0.303   0.322   0.349   0.499   0.503   0.509
  0.535   0.551   0.557   0.562   0.571   0.639   0.671   0.715
  0.725   0.746   0.751   0.858   0.859   0.867   0.883   0.918
  0.933   0.949   0.964   1.263   1.296   1.355   1.367   1.536
  1.674   1.720   1.810   1.814   1.871   1.898   2.000   2.048
  2.052   2.084   2.110   2.121   2.136   2.279   2.283   2.379
  2.386   2.490   2.548   2.602   2.678   2.730   2.766   2.846
  2.863   2.910   2.963   3.159   3.205   3.359   3.425   3.437
  3.459   3.521   4.212   4.489   4.561   4.661   4.663   4.669
  4.692   4.731   6.228  90.178
 
 Beta MOs
 -- Occupied --
******* -62.549 -56.369 -56.366 -56.366 -10.176 -10.176 -10.168
 -8.734  -6.564  -6.551  -6.550  -2.658  -2.654  -2.654  -2.642
 -2.642  -0.759  -0.746  -0.683  -0.544  -0.441  -0.407  -0.397
 -0.375  -0.345  -0.337  -0.303  -0.300
 -- Virtual --
 -0.230  -0.023   0.101   0.133   0.146   0.179   0.186   0.191
  0.194   0.204   0.267   0.301   0.327   0.328   0.358   0.503
  0.513   0.549   0.562   0.570   0.587   0.596   0.598   0.657
  0.678   0.734   0.749   0.752   0.757   0.863   0.866   0.874
  0.887   0.927   0.937   0.952   0.983   1.279   1.305   1.362
  1.389   1.536   1.681   1.738   1.825   1.833   1.898   1.919
  2.026   2.053   2.058   2.089   2.114   2.124   2.144   2.286
  2.296   2.380   2.399   2.512   2.565   2.615   2.683   2.734
  2.771   2.853   2.870   2.917   2.968   3.164   3.210   3.365
  3.427   3.441   3.463   3.527   4.232   4.489   4.573   4.677
  4.678   4.683   4.695   4.739   6.244  90.184
 --------------------------------------------------------------
 
          Ground-State Mulliken Net Atomic Charges

     Atom                 Charge (a.u.)    Spin (a.u.)
  --------------------------------------------------------
      1 Br                    0.000806       1.013278
      2 C                    -0.063054       1.004307
      3 C                    -0.332747      -0.076887
      4 C                    -0.333255      -0.076822
      5 H                     0.086461      -0.044609
      6 H                     0.105019       0.008461
      7 H                     0.107461       0.061372
      8 H                     0.108363       0.020430
      9 H                     0.105221       0.008321
     10 H                     0.107711       0.061478
     11 H                     0.108013       0.020672
  --------------------------------------------------------
  Sum of atomic charges =    -0.000000
  Sum of spin   charges =     2.000000

 -----------------------------------------------------------------
                    Cartesian Multipole Moments
 -----------------------------------------------------------------
    Charge (ESU x 10^10)
                 0.0000
    Dipole Moment (Debye)
         X      -0.3252      Y      -0.0011      Z       0.0018
       Tot       0.3252
    Quadrupole Moments (Debye-Ang)
        XX     -40.4222     XY      -0.0628     YY     -36.5747
        XZ       0.2568     YZ      -0.1007     ZZ     -39.2106
    Octopole Moments (Debye-Ang^2)
       XXX     -98.0547    XXY      -0.4123    XYY     -24.2467
       YYY      -0.2911    XXZ       3.5716    XYZ      -0.2528
       YYZ       3.7233    XZZ     -31.2838    YZZ      -0.0638
       ZZZ      10.8434
    Hexadecapole Moments (Debye-Ang^3)
      XXXX    -890.0766   XXXY      -2.3389   XXYY    -166.7972
      XYYY      -1.0369   YYYY    -222.2008   XXXZ      36.2727
      XXYZ      -0.6170   XYYZ      10.0695   YYYZ       0.0071
      XXZZ    -164.3441   XYZZ      -0.2539   YYZZ     -51.5266
      XZZZ      35.5787   YZZZ      -0.0031   ZZZZ     -83.7893
 -----------------------------------------------------------------
 Calculating analytic gradient of the SCF energy
 Gradient of SCF Energy
            1           2           3           4           5           6
    1  -0.0063014   0.0065678   0.0000307   0.0000149  -0.0003346   0.0000241
    2  -0.0000120   0.0000309  -0.0000132   0.0000202  -0.0000017   0.0000227
    3   0.0015820  -0.0015540   0.0001025   0.0000973  -0.0001192  -0.0000041
            7           8           9          10          11
    1   0.0000021  -0.0000142   0.0000226  -0.0000045  -0.0000075
    2  -0.0000208  -0.0000110  -0.0000378   0.0000105   0.0000122
    3  -0.0000244  -0.0000352  -0.0000049  -0.0000199  -0.0000200
 Max gradient component =       6.568E-03
 RMS gradient           =       1.632E-03
 Gradient time:  CPU 10.29 s  wall 0.99 s
 Geometry Optimization Parameters
   NAtoms,    NIC,     NZ,  NCons,   NDum,   NFix, NCnnct, MaxDiis
       11      75       0       1       0       0       0       0

 Cartesian Hessian Update
 Hessian Updated using BFGS Update


** CONSTRAINED OPTIMIZATION IN DELOCALIZED INTERNAL COORDINATES **
   Searching for a Minimum

   Optimization Cycle:   4

                       Coordinates (Angstroms)
     ATOM                X               Y               Z
      1  Br        2.5607315013    0.0066474519   -0.2516377145
      2  C        -0.5428418904   -0.0007152229    0.5279642282
      3  C        -0.8828772648   -1.2993138385   -0.1249163738
      4  C        -0.8797725766    1.2982867711   -0.1256860646
      5  H        -0.3468950827   -0.0005809292    1.5974487138
      6  H        -0.3745238893   -2.1436208577    0.3534762855
      7  H        -1.9653155845   -1.5174040970   -0.0839632681
      8  H        -0.6118736463   -1.2983730244   -1.1890536159
      9  H        -0.3730764156    2.1421895358    0.3551160547
     10  H        -1.9623105924    1.5166994098   -0.0891448217
     11  H        -0.6048475587    1.2975848011   -1.1889004237
   Point Group: c1    Number of degrees of freedom:    27


   Energy is  -2692.324061888

              Constraints and their Current Values
                                        Value     Constraint
   Distance(Angs):        1   2             3.200000     3.200000
 Hessian Updated using BFGS Update

 24 Hessian modes will be used to form the next step
  Hessian Eigenvalues:
     0.044395    0.045000    0.048570    0.070596    0.081395    0.081437
     0.081994    0.082033    0.096886    0.120196    0.148211    0.160000
     0.160032    0.160202    0.161278    0.328451    0.331354    0.331401
     0.331705    0.338545    0.338918    0.341584    0.342028    0.372263

 Minimum Search - Taking Simple RFO Step
 Searching for Lamda that Minimizes Along All modes
 Value Taken    Lamda =   0.00000000
 Step Taken.  Stepsize is  0.003435

                             Maximum     Tolerance    Cnvgd?
         Gradient           0.000221      0.000300     YES
         Displacement       0.002471      0.001200      NO
         Energy change     -0.000018      0.000001      NO


 New Cartesian Coordinates Obtained by Inverse Iteration

 Displacement from previous Coordinates is:  0.004752
 ----------------------------------------------------------------
             Standard Nuclear Orientation (Angstroms)
    I     Atom           X                Y                Z
 ----------------------------------------------------------------
    1      Br      2.5609982012     0.0066373694    -0.2510459096
    2      C      -0.5426078640    -0.0007371397     0.5284258376
    3      C      -0.8829979158    -1.2990151772    -0.1249753203
    4      C      -0.8798792143     1.2979765784    -0.1257376009
    5      H      -0.3456954986    -0.0006041321     1.5978167618
    6      H      -0.3749826973    -2.1438328125     0.3529058920
    7      H      -1.9655094380    -1.5167036607    -0.0840313103
    8      H      -0.6119257793    -1.2974806139    -1.1890569547
    9      H      -0.3735475481     2.1424423709     0.3545290626
   10      H      -1.9624806935     1.5160224305    -0.0891915474
   11      H      -0.6049745523     1.2966947870    -1.1889359108
 ----------------------------------------------------------------
 Nuclear Repulsion Energy =   203.9848410578 hartrees
 There are       31 alpha and       29 beta electrons

                       Distance Matrix (Angstroms)
             Br(  1)   C (  2)   C (  3)   C (  4)   H (  5)   H (  6)
   C (  2)  3.200000
   C (  3)  3.685340  1.492757
   C (  4)  3.677349  1.492762  2.596994
   H (  5)  3.444882  1.087369  2.223191  2.223129
   H (  6)  3.689074  2.156795  1.095521  3.511420  2.478727
   H (  7)  4.778884  2.167466  1.104942  3.017078  2.784056  1.764647
   H (  8)  3.556408  2.153159  1.098067  2.817596  3.085358  1.774853
   H (  9)  3.679666  2.156859  3.511851  1.095514  2.477739  4.286276
   H ( 10)  4.771405  2.167498  3.015129  1.104946  2.785704  4.013744
   H ( 11)  3.545034  2.153265  2.819046  1.098164  3.084834  3.777222
             H (  7)   H (  8)   H (  9)   H ( 10)
   H (  8)  1.761059
   H (  9)  4.014477  3.777903
   H ( 10)  3.032732  3.309003  1.764653
   H ( 11)  3.314676  2.594185  1.775143  1.760785
 
 Applying Cartesian multipole field
    Component          Value
    ---------          -----
     (2,0,0)        1.00000E-11
     (0,2,0)        2.00000E-11
     (0,0,2)       -3.00000E-11
 Nucleus-field energy     =     0.0000000105 hartrees
 Requested basis set is 6-31G(d,p)
 There are 41 shells and 115 basis functions
 A cutoff of  1.0D-14 yielded    803 shell pairs
 There are      6369 function pairs
 Smallest overlap matrix eigenvalue = 7.26E-04
 Guess from superposition of atomic densities
 Warning:  Energy on first SCF cycle will be non-variational
 SAD guess density has 59.972873 electrons

 -----------------------------------------------------------------------
  General SCF calculation program by
  Eric Jon Sundstrom, Paul Horn, Yuezhi Mao, Dmitri Zuev, Alec White,
  David Stuck, Shaama M.S., Shane Yost, Joonho Lee, David Small,
  Daniel Levine, Susi Lehtola, Hugh Burton, Evgeny Epifanovsky
 -----------------------------------------------------------------------
 Exchange:     0.2000 Hartree-Fock + 0.0800 Slater + 0.7200 B88
 Correlation:  0.1900 VWN1RPA + 0.8100 LYP
 Using SG-1 standard quadrature grid
 using 12 threads for integral computing
 -------------------------------------------------------
 OpenMP Integral computing Module                
 Release: version 1.0, May 2013, Q-Chem Inc. Pittsburgh 
 -------------------------------------------------------
 -------------------------------------------------------
 OpenMP BLAS3 based DFT computing Module                
 Release: version 1.0, May 2013, Q-Chem Inc. Pittsburgh 
 -------------------------------------------------------
 A unrestricted SCF calculation will be
 performed using DIIS
 SCF converges when DIIS error is below 1.0e-06
 Alpha HF Exchange    Energy = -10.71545409237862
 Beta HF Exchange     Energy = -10.71545409237862
 DFT Correlation      Energy =  -3.10876223209359
 DFT Exchange         Energy = -84.97963520981192
 One-Electron (alpha) Energy = -2070.59620147975238
 One-Electron (beta)  Energy = -2070.59620147975238
 Total Coulomb        Energy = 1351.09113402714866
 ---------------------------------------
  Cycle       Energy         DIIS error
 ---------------------------------------
    1   -2695.6357334907      1.64e-01  
 Alpha HF Exchange    Energy = -10.89818707452955
 Beta HF Exchange     Energy = -10.69975818495735
 DFT Correlation      Energy =  -3.14226573460395
 DFT Exchange         Energy = -85.90527649200661
 One-Electron (alpha) Energy = -2095.29276907289523
 One-Electron (beta)  Energy = -2057.25720770888893
 Total Coulomb        Energy = 1367.00463766254779
    2   -2692.2059855370      9.61e-03  
 Alpha HF Exchange    Energy = -10.79908247783208
 Beta HF Exchange     Energy = -10.61169640015700
 DFT Correlation      Energy =  -3.10568881418131
 DFT Exchange         Energy = -85.13646343856874
 One-Electron (alpha) Energy = -2087.28525540395549
 One-Electron (beta)  Energy = -2049.77719826566045
 Total Coulomb        Energy = 1350.53002364337226
    3   -2692.2005200886      4.43e-03  
 Alpha HF Exchange    Energy = -10.87434409253530
 Beta HF Exchange     Energy = -10.67823965675539
 DFT Correlation      Energy =  -3.13328389849182
 DFT Exchange         Energy = -85.71364806225719
 One-Electron (alpha) Energy = -2093.25650858937752
 One-Electron (beta)  Energy = -2055.13022057824037
 Total Coulomb        Energy = 1362.52246550210793
    4   -2692.2789383072      2.65e-03  
 Alpha HF Exchange    Energy = -10.85028481197320
 Beta HF Exchange     Energy = -10.65726890384364
 DFT Correlation      Energy =  -3.12334891351628
 DFT Exchange         Energy = -85.52762400264754
 One-Electron (alpha) Energy = -2091.55241043309252
 One-Electron (beta)  Energy = -2053.55157486725739
 Total Coulomb        Energy = 1358.95384381586859
    5   -2692.3238270481      2.57e-04  
 Alpha HF Exchange    Energy = -10.84856362179607
 Beta HF Exchange     Energy = -10.65552016349480
 DFT Correlation      Energy =  -3.12325279187783
 DFT Exchange         Energy = -85.51459803413880
 One-Electron (alpha) Energy = -2091.34935117327586
 One-Electron (beta)  Energy = -2053.36588070642892
 Total Coulomb        Energy = 1358.54827845829573
    6   -2692.3240469644      4.86e-05  
 Alpha HF Exchange    Energy = -10.84839161846427
 Beta HF Exchange     Energy = -10.65547658896364
 DFT Correlation      Energy =  -3.12307386929052
 DFT Exchange         Energy = -85.51348258335926
 One-Electron (alpha) Energy = -2091.33964071847140
 One-Electron (beta)  Energy = -2053.35659372456394
 Total Coulomb        Energy = 1358.52775669739344
    7   -2692.3240613374      1.11e-05  
 Alpha HF Exchange    Energy = -10.84850529709503
 Beta HF Exchange     Energy = -10.65555158675780
 DFT Correlation      Energy =  -3.12308500704154
 DFT Exchange         Energy = -85.51420306846634
 One-Electron (alpha) Energy = -2091.35038963402985
 One-Electron (beta)  Energy = -2053.36492765599087
 Total Coulomb        Energy = 1358.54775852090984
    8   -2692.3240626601      6.46e-06  
 Alpha HF Exchange    Energy = -10.84849986091549
 Beta HF Exchange     Energy = -10.65556917437859
 DFT Correlation      Energy =  -3.12308116006835
 DFT Exchange         Energy = -85.51424074784343
 One-Electron (alpha) Energy = -2091.34938066439008
 One-Electron (beta)  Energy = -2053.36401233342576
 Total Coulomb        Energy = 1358.54587972845002
    9   -2692.3240631442      2.33e-06  
 Alpha HF Exchange    Energy = -10.84849548759013
 Beta HF Exchange     Energy = -10.65556603995435
 DFT Correlation      Energy =  -3.12307714060226
 DFT Exchange         Energy = -85.51420733399162
 One-Electron (alpha) Energy = -2091.34863862654856
 One-Electron (beta)  Energy = -2053.36365992047286
 Total Coulomb        Energy = 1358.54474009101455
   10   -2692.3240633898      1.14e-06  
 Alpha HF Exchange    Energy = -10.84849379138461
 Beta HF Exchange     Energy = -10.65556624042080
 DFT Correlation      Energy =  -3.12307662598028
 DFT Exchange         Energy = -85.51420172349415
 One-Electron (alpha) Energy = -2091.34852820105698
 One-Electron (beta)  Energy = -2053.36375653815639
 Total Coulomb        Energy = 1358.54471845284797
   11   -2692.3240635993      1.11e-06  
 Alpha HF Exchange    Energy = -10.84849376555587
 Beta HF Exchange     Energy = -10.65556643140274
 DFT Correlation      Energy =  -3.12307663180326
 DFT Exchange         Energy = -85.51420253891638
 One-Electron (alpha) Energy = -2091.34852574592333
 One-Electron (beta)  Energy = -2053.36378592267647
 Total Coulomb        Energy = 1358.54474627208265
   12   -2692.3240636958      1.12e-06  
 Alpha HF Exchange    Energy = -10.84849477588686
 Beta HF Exchange     Energy = -10.65556681127497
 DFT Correlation      Energy =  -3.12307678089389
 DFT Exchange         Energy = -85.51420669507435
 One-Electron (alpha) Energy = -2091.34865164207531
 One-Electron (beta)  Energy = -2053.36380015021587
 Total Coulomb        Energy = 1358.54489312749274
   13   -2692.3240626596      1.00e-06  Convergence criterion met
 ---------------------------------------
 SCF time:   CPU 37.03s  wall 3.00s 
<S^2> =          2.005392671
 Alpha HF Exchange    Energy = -10.84849477588686
 Beta HF Exchange     Energy = -10.65556681127497
 DFT Correlation      Energy =  -3.12307678089389
 DFT Exchange         Energy = -85.51420669507435
 One-Electron (alpha) Energy = -2091.34865164207531
 One-Electron (beta)  Energy = -2053.36380015021587
 Total Coulomb        Energy = 1358.54489312749274
 Nuclear repulsion Energy = 203.98484106835764
 SCF   energy in the final basis set =    -2692.3240626596
 Total energy in the final basis set =    -2692.3240626596
 
 --------------------------------------------------------------
 
                    Orbital Energies (a.u.)
 --------------------------------------------------------------
 
 Alpha MOs
 -- Occupied --
******* -62.551 -56.375 -56.367 -56.367 -10.182 -10.175 -10.175
 -8.738  -6.575  -6.552  -6.552  -2.666  -2.660  -2.660  -2.644
 -2.644  -0.793  -0.774  -0.686  -0.565  -0.446  -0.425  -0.403
 -0.382  -0.365  -0.349  -0.342  -0.318  -0.316  -0.173
 -- Virtual --
  0.099   0.129   0.142   0.171   0.182   0.183   0.190   0.193
  0.256   0.291   0.303   0.322   0.349   0.499   0.503   0.509
  0.535   0.551   0.557   0.562   0.571   0.639   0.671   0.715
  0.725   0.746   0.751   0.858   0.859   0.867   0.883   0.918
  0.933   0.949   0.964   1.262   1.296   1.355   1.367   1.536
  1.673   1.720   1.811   1.814   1.871   1.898   2.000   2.048
  2.052   2.084   2.110   2.120   2.136   2.279   2.283   2.379
  2.386   2.490   2.548   2.602   2.678   2.730   2.766   2.846
  2.863   2.910   2.963   3.159   3.205   3.359   3.425   3.437
  3.459   3.521   4.212   4.489   4.561   4.661   4.663   4.669
  4.692   4.731   6.228  90.178
 
 Beta MOs
 -- Occupied --
******* -62.549 -56.369 -56.366 -56.366 -10.176 -10.176 -10.168
 -8.734  -6.564  -6.551  -6.550  -2.658  -2.654  -2.654  -2.642
 -2.642  -0.759  -0.746  -0.683  -0.544  -0.441  -0.407  -0.397
 -0.375  -0.345  -0.337  -0.303  -0.300
 -- Virtual --
 -0.230  -0.023   0.101   0.133   0.146   0.179   0.187   0.191
  0.194   0.204   0.267   0.301   0.327   0.327   0.358   0.503
  0.513   0.549   0.562   0.570   0.587   0.596   0.598   0.657
  0.678   0.734   0.749   0.753   0.757   0.863   0.866   0.874
  0.887   0.927   0.937   0.952   0.983   1.279   1.305   1.362
  1.389   1.536   1.681   1.738   1.825   1.833   1.898   1.919
  2.026   2.053   2.058   2.089   2.114   2.124   2.144   2.286
  2.296   2.380   2.399   2.511   2.565   2.615   2.683   2.734
  2.771   2.853   2.870   2.917   2.967   3.164   3.210   3.365
  3.427   3.440   3.463   3.527   4.232   4.489   4.573   4.677
  4.678   4.683   4.695   4.739   6.244  90.184
 --------------------------------------------------------------
 
          Ground-State Mulliken Net Atomic Charges

     Atom                 Charge (a.u.)    Spin (a.u.)
  --------------------------------------------------------
      1 Br                    0.000807       1.013280
      2 C                    -0.063107       1.004359
      3 C                    -0.332725      -0.076895
      4 C                    -0.333237      -0.076830
      5 H                     0.086501      -0.044623
      6 H                     0.104990       0.008446
      7 H                     0.107466       0.061345
      8 H                     0.108378       0.020460
      9 H                     0.105191       0.008307
     10 H                     0.107715       0.061451
     11 H                     0.108020       0.020701
  --------------------------------------------------------
  Sum of atomic charges =     0.000000
  Sum of spin   charges =     2.000000

 -----------------------------------------------------------------
                    Cartesian Multipole Moments
 -----------------------------------------------------------------
    Charge (ESU x 10^10)
                 0.0000
    Dipole Moment (Debye)
         X      -0.3248      Y      -0.0011      Z       0.0017
       Tot       0.3248
    Quadrupole Moments (Debye-Ang)
        XX     -40.4226     XY      -0.0631     YY     -36.5756
        XZ       0.2573     YZ      -0.1015     ZZ     -39.2103
    Octopole Moments (Debye-Ang^2)
       XXX     -98.0691    XXY      -0.4132    XYY     -24.2504
       YYY      -0.2898    XXZ       3.5592    XYZ      -0.2549
       YYZ       3.7128    XZZ     -31.2861    YZZ      -0.0632
       ZZZ      10.8083
    Hexadecapole Moments (Debye-Ang^3)
      XXXX    -890.2431   XXXY      -2.3426   XXYY    -166.8117
      XYYY      -1.0371   YYYY    -222.1102   XXXZ      36.1829
      XXYZ      -0.6231   XYYZ      10.0420   YYYZ       0.0060
      XXZZ    -164.3706   XYZZ      -0.2530   YYZZ     -51.5159
      XZZZ      35.4936   YZZZ      -0.0044   ZZZZ     -83.7692
 -----------------------------------------------------------------
 Calculating analytic gradient of the SCF energy
 Gradient of SCF Energy
            1           2           3           4           5           6
    1  -0.0063013   0.0065569   0.0000152   0.0000002  -0.0003038   0.0000199
    2  -0.0000121   0.0000158   0.0000091  -0.0000067  -0.0000018   0.0000095
    3   0.0015833  -0.0015173   0.0000138   0.0000133  -0.0000488  -0.0000067
            7           8           9          10          11
    1   0.0000041  -0.0000056   0.0000161   0.0000016  -0.0000032
    2  -0.0000178   0.0000006  -0.0000111   0.0000120   0.0000026
    3  -0.0000066  -0.0000129  -0.0000039  -0.0000053  -0.0000089
 Max gradient component =       6.557E-03
 RMS gradient           =       1.629E-03
 Gradient time:  CPU 10.25 s  wall 0.90 s
 Geometry Optimization Parameters
   NAtoms,    NIC,     NZ,  NCons,   NDum,   NFix, NCnnct, MaxDiis
       11      75       0       1       0       0       0       0

 Cartesian Hessian Update
 Hessian Updated using BFGS Update


** CONSTRAINED OPTIMIZATION IN DELOCALIZED INTERNAL COORDINATES **
   Searching for a Minimum

   Optimization Cycle:   5

                       Coordinates (Angstroms)
     ATOM                X               Y               Z
      1  Br        2.5609982012    0.0066373694   -0.2510459096
      2  C        -0.5426078640   -0.0007371397    0.5284258376
      3  C        -0.8829979158   -1.2990151772   -0.1249753203
      4  C        -0.8798792143    1.2979765784   -0.1257376009
      5  H        -0.3456954986   -0.0006041321    1.5978167618
      6  H        -0.3749826973   -2.1438328125    0.3529058920
      7  H        -1.9655094380   -1.5167036607   -0.0840313103
      8  H        -0.6119257793   -1.2974806139   -1.1890569547
      9  H        -0.3735475481    2.1424423709    0.3545290626
     10  H        -1.9624806935    1.5160224305   -0.0891915474
     11  H        -0.6049745523    1.2966947870   -1.1889359108
   Point Group: c1    Number of degrees of freedom:    27


   Energy is  -2692.324062660

              Constraints and their Current Values
                                        Value     Constraint
   Distance(Angs):        1   2             3.200000     3.200000
 Hessian Updated using BFGS Update

 25 Hessian modes will be used to form the next step
  Hessian Eigenvalues:
     0.012494    0.045000    0.046453    0.069639    0.081424    0.081564
     0.081918    0.082041    0.096883    0.120189    0.159752    0.159957
     0.160000    0.160117    0.161041    0.180311    0.322232    0.331339
     0.331417    0.331984    0.336646    0.338940    0.340356    0.342068
     0.350584

 Minimum Search - Taking Simple RFO Step
 Searching for Lamda that Minimizes Along All modes
 Value Taken    Lamda =  -0.00000233
 Step Taken.  Stepsize is  0.013425

                             Maximum     Tolerance    Cnvgd?
         Gradient           0.000117      0.000300     YES
         Displacement       0.010210      0.001200      NO
         Energy change     -0.000001      0.000001     YES


                       Distance Matrix (Angstroms)
             Br(  1)   C (  2)   C (  3)   C (  4)   H (  5)   H (  6)
   C (  2)  3.200000
   C (  3)  3.685340  1.492757
   C (  4)  3.677349  1.492762  2.596994
   H (  5)  3.444882  1.087369  2.223191  2.223129
   H (  6)  3.689074  2.156795  1.095521  3.511420  2.478727
   H (  7)  4.778884  2.167466  1.104942  3.017078  2.784056  1.764647
   H (  8)  3.556408  2.153159  1.098067  2.817596  3.085358  1.774853
   H (  9)  3.679666  2.156859  3.511851  1.095514  2.477739  4.286276
   H ( 10)  4.771405  2.167498  3.015129  1.104946  2.785704  4.013744
   H ( 11)  3.545034  2.153265  2.819046  1.098164  3.084834  3.777222
             H (  7)   H (  8)   H (  9)   H ( 10)
   H (  8)  1.761059
   H (  9)  4.014477  3.777903
   H ( 10)  3.032732  3.309003  1.764653
   H ( 11)  3.314676  2.594185  1.775143  1.760785
 
 Final energy is   -2692.32406265957     


 ******************************
 **  OPTIMIZATION CONVERGED  **
 ******************************

                       Coordinates (Angstroms)
     ATOM                X               Y               Z
      1  Br        2.5609982012    0.0066373694   -0.2510459096
      2  C        -0.5426078640   -0.0007371397    0.5284258376
      3  C        -0.8829979158   -1.2990151772   -0.1249753203
      4  C        -0.8798792143    1.2979765784   -0.1257376009
      5  H        -0.3456954986   -0.0006041321    1.5978167618
      6  H        -0.3749826973   -2.1438328125    0.3529058920
      7  H        -1.9655094380   -1.5167036607   -0.0840313103
      8  H        -0.6119257793   -1.2974806139   -1.1890569547
      9  H        -0.3735475481    2.1424423709    0.3545290626
     10  H        -1.9624806935    1.5160224305   -0.0891915474
     11  H        -0.6049745523    1.2966947870   -1.1889359108

Z-matrix Print:
$molecule
0 3
Br
C  1 3.200000
H  2 1.087369 1 93.664940
C  2 1.492757 1 96.692603 3 -118.921092 0
H  4 1.095521 2 111.963156 1 65.272067 0
H  4 1.098067 2 111.509760 1 -55.887417 0
H  4 1.104942 2 112.242374 1 -174.837390 0
C  2 1.492762 1 96.337349 3 118.866738 0
H  8 1.095514 2 111.968471 1 -65.341714 0
H  8 1.098164 2 111.511965 1 55.847961 0
H  8 1.104946 2 112.244419 1 174.761718 0
$end

PES scan, value:    3.2000 energy: -2692.3240626596
------- Summary of potential scan: ------ 
    3.2000     -2692.3240626596
----------------------------------------- 
Archival summary:
1\1\hpc0242\JobtypUnspecified\ProcedureUnspecified\6-31G**\r137(3)\knomura\WedMar1315:18:442019WedMar1315:18:442019\0\\#,JobtypUnspecified,ProcedureUnspecified,6-31G**,\\0,3\Br\C,1,3.2\H,2,1.08737,1,93.6649\C,2,1.49276,1,96.6926,3,-118.921,0\H,4,1.09552,2,111.963,1,65.2721,0\H,4,1.09807,2,111.51,1,-55.8874,0\H,4,1.10494,2,112.242,1,-174.837,0\C,2,1.49276,1,96.3373,3,118.867,0\H,8,1.09551,2,111.968,1,-65.3417,0\H,8,1.09816,2,111.512,1,55.848,0\H,8,1.10495,2,112.244,1,174.762,0\\\@

 Total job time:  26.75s(wall), 288.67s(cpu) 
 Wed Mar 13 15:18:44 2019

        *************************************************************
        *                                                           *
        *  Thank you very much for using Q-Chem.  Have a nice day.  *
        *                                                           *
        *************************************************************


