
Running Job 1 of 1 halogens/Bromine/01/Br_2.xyz.data/inputs/bond_triplet_5.4.in
qchem halogens/Bromine/01/Br_2.xyz.data/inputs/bond_triplet_5.4.in_22178.0 /staging/scratch/2868759/qchem22178/ 1
/usr/usc/qchem/5.1.1/exe/qcprog.exe_s halogens/Bromine/01/Br_2.xyz.data/inputs/bond_triplet_5.4.in_22178.0 /staging/scratch/2868759/qchem22178/
Check license passed

                  Welcome to Q-Chem
     A Quantum Leap Into The Future Of Chemistry


 Q-Chem 5.1, Q-Chem, Inc., Pleasanton, CA (2018)

 Yihan Shao,  Zhengting Gan,  E. Epifanovsky,  A. T. B. Gilbert,  M. Wormit,  
 J. Kussmann,  A. W. Lange,  A. Behn,  Jia Deng,  Xintian Feng,  D. Ghosh,  
 M. Goldey,  P. R. Horn,  L. D. Jacobson,  I. Kaliman,  T. Kus,  A. Landau,  
 Jie Liu,  E. I. Proynov,  R. M. Richard,  R. P. Steele,  E. J. Sundstrom,  
 H. L. Woodcock III,  P. M. Zimmerman,  D. Zuev,  B. Albrecht,  E. Alguire,  
 S. A. Baeppler,  D. Barton,  Z. Benda,  Y. A. Bernard,  E. J. Berquist,  
 K. B. Bravaya,  H. Burton,  D. Casanova,  Chun-Min Chang,  Yunqing Chen,  
 A. Chien,  K. D. Closser,  M. P. Coons,  S. Coriani,  S. Dasgupta,  
 A. L. Dempwolff,  M. Diedenhofen,  Hainam Do,  R. G. Edgar,  Po-Tung Fang,  
 S. Faraji,  S. Fatehi,  Qingguo Feng,  K. D. Fenk,  J. Fosso-Tande,  
 Qinghui Ge,  A. Ghysels,  G. Gidofalvi,  J. Gomes,  J. Gonthier,  A. Gunina,  
 D. Hait,  M. W. D. Hanson-Heine,  P. H. P. Harbach,  A. W. Hauser,  
 J. E. Herr,  E. G. Hohenstein,  Z. C. Holden,  Kerwin Hui,  B. C. Huynh,  
 T.-C. Jagau,  Hyunjun Ji,  B. Kaduk,  K. Khistyaev,  Jaehoon Kim,  
 P. Klunzinger,  K. Koh,  D. Kosenkov,  L. Koulias,  T. Kowalczyk,  
 C. M. Krauter,  A. Kunitsa,  Ka Un Lao,  A. Laurent,  K. V. Lawler,  
 Joonho Lee,  D. Lefrancois,  S. Lehtola,  D. S. Levine,  Yi-Pei Li,  
 You-Sheng Lin,  Fenglai Liu,  E. Livshits,  A. Luenser,  P. Manohar,  
 E. Mansoor,  S. F. Manzer,  Shan-Ping Mao,  Yuezhi Mao,  N. Mardirossian,  
 A. V. Marenich,  T. Markovich,  L. A. Martinez-Martinez,  S. A. Maurer,  
 N. J. Mayhall,  S. C. McKenzie,  J.-M. Mewes,  A. F. Morrison,  
 J. W. Mullinax,  K. Nanda,  T. S. Nguyen-Beck,  R. Olivares-Amaya,  
 J. A. Parkhill,  T. M. Perrine,  F. Plasser,  P. Pokhilko,  S. Prager,  
 A. Prociuk,  E. Ramos,  D. R. Rehn,  F. Rob,  M. Schneider,  N. Sergueev,  
 S. M. Sharada,  S. Sharma,  D. W. Small,  T. Stauch,  T. Stein,  
 Yu-Chuan Su,  A. J. W. Thom,  A. Tkatchenko,  T. Tsuchimochi,  N. M. Tubman,  
 L. Vogt,  M. L. Vidal,  O. Vydrov,  M. A. Watson,  J. Wenzel,  
 M. de Wergifosse,  T. A. Wesolowski,  A. White,  J. Witte,  A. Yamada,  
 Jun Yang,  K. Yao,  S. Yeganeh,  S. R. Yost,  Zhi-Qiang You,  A. Zech,  
 Igor Ying Zhang,  Xing Zhang,  Yan Zhao,  Ying Zhu,  B. R. Brooks,  
 G. K. L. Chan,  C. J. Cramer,  M. S. Gordon,  W. J. Hehre,  A. Klamt,  
 M. W. Schmidt,  C. D. Sherrill,  D. G. Truhlar,  A. Aspuru-Guzik,  R. Baer,  
 A. T. Bell,  N. A. Besley,  Jeng-Da Chai,  A. E. DePrince, III,  
 R. A. DiStasio Jr.,  A. Dreuw,  B. D. Dunietz,  T. R. Furlani,  
 Chao-Ping Hsu,  Yousung Jung,  Jing Kong,  D. S. Lambrecht,  WanZhen Liang,  
 C. Ochsenfeld,  V. A. Rassolov,  L. V. Slipchenko,  J. E. Subotnik,  
 T. Van Voorhis,  J. M. Herbert,  A. I. Krylov,  P. M. W. Gill,  M. Head-Gordon

 Contributors to earlier versions of Q-Chem not listed above: 
 R. D. Adamson,  B. Austin,  J. Baker,  G. J. O. Beran,  K. Brandhorst,  
 S. T. Brown,  E. F. C. Byrd,  A. K. Chakraborty,  C.-L. Cheng,  
 Siu Hung Chien,  D. M. Chipman,  D. L. Crittenden,  H. Dachsel,  
 R. J. Doerksen,  A. D. Dutoi,  L. Fusti-Molnar,  W. A. Goddard III,  
 A. Golubeva-Zadorozhnaya,  S. R. Gwaltney,  G. Hawkins,  A. Heyden,  
 S. Hirata,  G. Kedziora,  F. J. Keil,  C. Kelley,  Jihan Kim,  R. A. King,  
 R. Z. Khaliullin,  P. P. Korambath,  W. Kurlancheek,  A. M. Lee,  M. S. Lee,  
 S. V. Levchenko,  Ching Yeh Lin,  D. Liotard,  R. C. Lochan,  I. Lotan,  
 P. E. Maslen,  N. Nair,  D. P. O'Neill,  D. Neuhauser,  E. Neuscamman,  
 C. M. Oana,  R. Olson,  B. Peters,  R. Peverati,  P. A. Pieniazek,  
 Y. M. Rhee,  J. Ritchie,  M. A. Rohrdanz,  E. Rosta,  N. J. Russ,  
 H. F. Schaefer III,  N. E. Schultz,  N. Shenvi,  A. C. Simmonett,  A. Sodt,  
 D. Stuck,  K. S. Thanthiriwatte,  V. Vanovschi,  Tao Wang,  A. Warshel,  
 C. F. Williams,  Q. Wu,  X. Xu,  W. Zhang

 Please cite Q-Chem as follows:
 Y. Shao et al., Mol. Phys. 113, 184-215 (2015)
 DOI: 10.1080/00268976.2014.952696

 Q-Chem 5.1.1 for Intel X86 EM64T Linux

 Parts of Q-Chem use Armadillo 8.300.2 (Tropical Shenanigans).
 http://arma.sourceforge.net/

 Q-Chem begins on Wed Mar 13 15:08:21 2019  

Host: 
0

     Scratch files written to /staging/scratch/2868759/qchem22178//
 Aug318 |scratch|qcdevops|jenkins|workspace|build_RNUM 6013   
Processing $rem in /usr/usc/qchem/5.1.1/config/preferences.
 MEM_TOTAL  2000 
Input Ideriv = 2
Curr. Ideriv = -1
Max.  Ideriv = 2

Checking the input file for inconsistencies... 	...done.

--------------------------------------------------------------
User input:
--------------------------------------------------------------

$comment
potential surface scanner
$end

$rem
JOBTYPE  PES_SCAN
UNRESTRICTED TRUE
SYM_IGNORE  TRUE
GEOM_OPT_MAX_CYCLES 400
SCF_MAX_CYCLES 400
METHOD   B3LYP
BASIS   6-31G**
PDB_PRINT 2
SCF_CONVERGENCE 6
THRESH 14
SCF_PRINT 1
$end
$molecule
0 3
Br 4.899396 -0.001192 0.716939
C -0.579757 0.000178 0.238530
C -1.175734 -1.298705 -0.190390
C -1.175245 1.299247 -0.190504
H 0.139380 0.000084 1.053598
H -0.509814 -2.143335 0.013082
H -2.128477 -1.510879 0.327409
H -1.408467 -1.299981 -1.264018
H -0.508932 2.143622 0.012745
H -2.127819 1.511901 0.327408
H -1.408130 1.300459 -1.264097
$end
$scan
stre 1 2 5.400000 5.401000 0.100000
$end
--------------------------------------------------------------
 ----------------------------------------------------------------
             Standard Nuclear Orientation (Angstroms)
    I     Atom           X                Y                Z
 ----------------------------------------------------------------
    1      Br      4.8993960000    -0.0011920000     0.7169390000
    2      C      -0.5797570000     0.0001780000     0.2385300000
    3      C      -1.1757340000    -1.2987050000    -0.1903900000
    4      C      -1.1752450000     1.2992470000    -0.1905040000
    5      H       0.1393800000     0.0000840000     1.0535980000
    6      H      -0.5098140000    -2.1433350000     0.0130820000
    7      H      -2.1284770000    -1.5108790000     0.3274090000
    8      H      -1.4084670000    -1.2999810000    -1.2640180000
    9      H      -0.5089320000     2.1436220000     0.0127450000
   10      H      -2.1278190000     1.5119010000     0.3274080000
   11      H      -1.4081300000     1.3004590000    -1.2640970000
 ----------------------------------------------------------------
 Nuclear Repulsion Energy =   151.7235296307 hartrees
 There are       31 alpha and       29 beta electrons
 Requested basis set is 6-31G(d,p)
 There are 41 shells and 115 basis functions

 Total QAlloc Memory Limit   2000 MB
 Mega-Array Size       188 MB
 MEM_STATIC part       192 MB
A total of 1 constraints
  
            1
    1   1.0100000
    2   1.0100000
    3   2.0100000
    4   5.4000000
    5   5.4010000
    6   0.1000000
    7   0.0000000
    8   0.0000000
    9   0.0000000
   10   0.0000000

                       Distance Matrix (Angstroms)
             Br(  1)   C (  2)   C (  3)   C (  4)   H (  5)   H (  6)
   C (  2)  5.500000
   C (  3)  6.278056  1.492065
   C (  4)  6.278205  1.492064  2.597952
   H (  5)  4.771907  1.086965  2.227978  2.227971
   H (  6)  5.860354  2.156471  1.094646  3.512210  2.469488
   H (  7)  7.198742  2.165578  1.104922  3.012257  2.820201  1.766033
   H (  8)  6.737966  2.152864  1.098564  2.821845  3.075279  1.774770
   H (  9)  5.860557  2.156466  3.512194  1.094647  2.469502  4.286957
   H ( 10)  7.198815  2.165572  3.012322  1.104922  2.820130  4.009675
   H ( 11)  6.738226  2.152863  2.821792  1.098562  3.075300  3.781253
             H (  7)   H (  8)   H (  9)   H ( 10)
   H (  8)  1.759412
   H (  9)  4.009653  3.781228
   H ( 10)  3.022780  3.310103  1.766035
   H ( 11)  3.309896  2.600440  1.774769  1.759417
 
 A cutoff of  1.0D-14 yielded    713 shell pairs
 There are      5190 function pairs
 
 -------------------------------------------------------
 OpenMP Integral Computing Module                       
 Release: version 1.0, May 2013, Q-Chem Inc. Pittsburgh 
 -------------------------------------------------------
 Integral Job Info:
 Integral job number is                      11
 Integral operator is                         1
 short-range coefficients                     0
 long-range coefficients              100000000
 Omega coefficients                           0
 if combine SR and LR in K                    0
 Integral screening is                        0
 Integral computing path is                   2
 max size of driver memory is            800000
 size of driver memory is                593474
 size of scratch memory is             15267112
 max col of scratch BK array               1296
 max len of scratch array in speh3          155
 max len of scratch index in speh4           18
 max int batch size is                      520
 min int batch size is                       52
 fixed nKL is                                52
 max L of basis functions is                  2
 order of int derivative is                   0
 number of shells is                         41
 number of basis is                         115
 number of cartesian basis is               115
 number of contracted shell pairs           713
 number of primitive shell pairs           2707
 maxK2 (contraction) of shell pair           36
 max number of K2 of shell pair               1
 max number of CS2 of shell pair             59
 max number of PS2 of shell pair            204
 mem total for path MDJ                  514202
 -------------------------------------------------------
 Smallest overlap matrix eigenvalue = 7.27E-04

 Scale SEOQF with 1.000000e-01/1.000000e-01/1.000000e+00

 Standard Electronic Orientation quadrupole field applied
 Nucleus-field energy     =     0.0000000089 hartrees
 Guess from superposition of atomic densities
 Warning:  Energy on first SCF cycle will be non-variational
 SAD guess density has 59.972873 electrons

 -----------------------------------------------------------------------
  General SCF calculation program by
  Eric Jon Sundstrom, Paul Horn, Yuezhi Mao, Dmitri Zuev, Alec White,
  David Stuck, Shaama M.S., Shane Yost, Joonho Lee, David Small,
  Daniel Levine, Susi Lehtola, Hugh Burton, Evgeny Epifanovsky
 -----------------------------------------------------------------------
 Exchange:     0.2000 Hartree-Fock + 0.0800 Slater + 0.7200 B88
 Correlation:  0.1900 VWN1RPA + 0.8100 LYP
 Using SG-1 standard quadrature grid
 using 12 threads for integral computing
 -------------------------------------------------------
 OpenMP Integral computing Module                
 Release: version 1.0, May 2013, Q-Chem Inc. Pittsburgh 
 -------------------------------------------------------
 -------------------------------------------------------
 OpenMP BLAS3 based DFT computing Module                
 Release: version 1.0, May 2013, Q-Chem Inc. Pittsburgh 
 -------------------------------------------------------
 A unrestricted SCF calculation will be
 performed using DIIS
 SCF converges when DIIS error is below 1.0e-06
 Alpha HF Exchange    Energy = -10.71388996078363
 Beta HF Exchange     Energy = -10.71388996078363
 DFT Correlation      Energy =  -3.10436784156891
 DFT Exchange         Energy = -84.97933360406694
 One-Electron (alpha) Energy = -2018.35404652453826
 One-Electron (beta)  Energy = -2018.35404652453826
 Total Coulomb        Energy = 1298.96190956024270
 ---------------------------------------
  Cycle       Energy         DIIS error
 ---------------------------------------
    1   -2695.5341352165      1.64e-01  
 Alpha HF Exchange    Energy = -10.89668874994764
 Beta HF Exchange     Energy = -10.70105737146091
 DFT Correlation      Energy =  -3.13850788980996
 DFT Exchange         Energy = -85.90370082106595
 One-Electron (alpha) Energy = -2040.63208402571058
 One-Electron (beta)  Energy = -2006.87822571059451
 Total Coulomb        Energy = 1314.21309164114086
    2   -2692.2136432879      9.58e-03  
 Alpha HF Exchange    Energy = -10.79774842956030
 Beta HF Exchange     Energy = -10.61270062735672
 DFT Correlation      Energy =  -3.10155731117629
 DFT Exchange         Energy = -85.13577890401771
 One-Electron (alpha) Energy = -2032.93355732949931
 One-Electron (beta)  Energy = -1999.71171250518432
 Total Coulomb        Energy = 1298.35779736904010
    3   -2692.2117280982      4.33e-03  
 Alpha HF Exchange    Energy = -10.87297548528639
 Beta HF Exchange     Energy = -10.67965565147838
 DFT Correlation      Energy =  -3.12937232143921
 DFT Exchange         Energy = -85.71403215163431
 One-Electron (alpha) Energy = -2038.67855632787359
 One-Electron (beta)  Energy = -2004.87555724477784
 Total Coulomb        Energy = 1309.94098521934006
    4   -2692.2856343236      2.59e-03  
 Alpha HF Exchange    Energy = -10.84852093669901
 Beta HF Exchange     Energy = -10.65786563859353
 DFT Correlation      Energy =  -3.11939801859143
 DFT Exchange         Energy = -85.52390733554664
 One-Electron (alpha) Energy = -2037.00908590019867
 One-Electron (beta)  Energy = -2003.31459589966676
 Total Coulomb        Energy = 1306.42203110373475
    5   -2692.3278129860      2.24e-04  
 Alpha HF Exchange    Energy = -10.84693948912943
 Beta HF Exchange     Energy = -10.65633966539517
 DFT Correlation      Energy =  -3.11929510244229
 DFT Exchange         Energy = -85.51227999470456
 One-Electron (alpha) Energy = -2036.82325377364464
 One-Electron (beta)  Energy = -2003.14876061359087
 Total Coulomb        Energy = 1306.05536328030007
    6   -2692.3279757190      4.50e-05  
 Alpha HF Exchange    Energy = -10.84679367005831
 Beta HF Exchange     Energy = -10.65627705783706
 DFT Correlation      Energy =  -3.11912721162514
 DFT Exchange         Energy = -85.51123091475635
 One-Electron (alpha) Energy = -2036.81710531822046
 One-Electron (beta)  Energy = -2003.14289862734881
 Total Coulomb        Energy = 1306.04191571861247
    7   -2692.3279874417      9.03e-06  
 Alpha HF Exchange    Energy = -10.84689737973573
 Beta HF Exchange     Energy = -10.65635045477094
 DFT Correlation      Energy =  -3.11914132073609
 DFT Exchange         Energy = -85.51191455817680
 One-Electron (alpha) Energy = -2036.82634271266829
 One-Electron (beta)  Energy = -2003.14972872431781
 Total Coulomb        Energy = 1306.05885710385064
    8   -2692.3279884070      4.52e-06  
 Alpha HF Exchange    Energy = -10.84688644964082
 Beta HF Exchange     Energy = -10.65635936227715
 DFT Correlation      Energy =  -3.11913533812503
 DFT Exchange         Energy = -85.51189754602987
 One-Electron (alpha) Energy = -2036.82496058133097
 One-Electron (beta)  Energy = -2003.14888913976120
 Total Coulomb        Energy = 1306.05661019638910
    9   -2692.3279885812      2.18e-06  
 Alpha HF Exchange    Energy = -10.84688508997233
 Beta HF Exchange     Energy = -10.65635692161610
 DFT Correlation      Energy =  -3.11913308691894
 DFT Exchange         Energy = -85.51188103907670
 One-Electron (alpha) Energy = -2036.82448470625968
 One-Electron (beta)  Energy = -2003.14880122548016
 Total Coulomb        Energy = 1306.05602380791765
   10   -2692.3279886218      3.38e-07  Convergence criterion met
 ---------------------------------------
 SCF time:   CPU 24.26s  wall 2.00s 
<S^2> =          2.005446432
 Alpha HF Exchange    Energy = -10.84688508997233
 Beta HF Exchange     Energy = -10.65635692161610
 DFT Correlation      Energy =  -3.11913308691894
 DFT Exchange         Energy = -85.51188103907670
 One-Electron (alpha) Energy = -2036.82448470625968
 One-Electron (beta)  Energy = -2003.14880122548016
 Total Coulomb        Energy = 1306.05602380791765
 Nuclear repulsion Energy = 151.72352963956897
 SCF   energy in the final basis set =    -2692.3279886218
 Total energy in the final basis set =    -2692.3279886218
 
 --------------------------------------------------------------
 
                    Orbital Energies (a.u.)
 --------------------------------------------------------------
 
 Alpha MOs
 -- Occupied --
******* -62.557 -56.381 -56.374 -56.374 -10.184 -10.175 -10.175
 -8.744  -6.581  -6.559  -6.559  -2.672  -2.666  -2.666  -2.650
 -2.650  -0.797  -0.775  -0.685  -0.565  -0.446  -0.423  -0.403
 -0.380  -0.371  -0.350  -0.343  -0.323  -0.322  -0.177
 -- Virtual --
  0.107   0.127   0.146   0.165   0.175   0.183   0.188   0.192
  0.259   0.286   0.296   0.311   0.314   0.500   0.514   0.533
  0.545   0.545   0.556   0.567   0.580   0.582   0.589   0.638
  0.723   0.734   0.748   0.812   0.854   0.858   0.882   0.885
  0.928   0.945   0.948   1.247   1.297   1.354   1.359   1.535
  1.676   1.686   1.799   1.818   1.863   1.893   1.978   2.048
  2.052   2.077   2.107   2.120   2.138   2.283   2.294   2.378
  2.387   2.484   2.543   2.589   2.678   2.730   2.768   2.841
  2.869   2.911   2.968   3.155   3.206   3.351   3.426   3.428
  3.455   3.533   4.187   4.490   4.563   4.648   4.656   4.656
  4.681   4.682   6.205  90.122
 
 Beta MOs
 -- Occupied --
******* -62.556 -56.376 -56.373 -56.373 -10.176 -10.176 -10.170
 -8.740  -6.570  -6.557  -6.557  -2.664  -2.660  -2.660  -2.649
 -2.649  -0.758  -0.753  -0.683  -0.544  -0.441  -0.406  -0.397
 -0.374  -0.346  -0.338  -0.309  -0.308
 -- Virtual --
 -0.235  -0.026   0.109   0.132   0.149   0.173   0.184   0.187
  0.192   0.199   0.270   0.303   0.315   0.316   0.319   0.501
  0.517   0.576   0.588   0.589   0.590   0.591   0.593   0.594
  0.595   0.670   0.732   0.745   0.749   0.828   0.859   0.863
  0.886   0.895   0.933   0.949   0.956   1.261   1.306   1.361
  1.381   1.535   1.692   1.695   1.822   1.829   1.891   1.914
  2.004   2.053   2.058   2.082   2.112   2.124   2.145   2.286
  2.312   2.388   2.392   2.505   2.560   2.600   2.683   2.733
  2.773   2.848   2.876   2.919   2.973   3.159   3.211   3.357
  3.428   3.431   3.460   3.538   4.209   4.490   4.575   4.667
  4.671   4.671   4.684   4.684   6.221  90.128
 --------------------------------------------------------------
 
          Ground-State Mulliken Net Atomic Charges

     Atom                 Charge (a.u.)    Spin (a.u.)
  --------------------------------------------------------
      1 Br                    0.000017       1.000049
      2 C                    -0.071671       1.019471
      3 C                    -0.333286      -0.080131
      4 C                    -0.333287      -0.080131
      5 H                     0.089154      -0.046588
      6 H                     0.108531       0.007105
      7 H                     0.108719       0.063003
      8 H                     0.107281       0.023559
      9 H                     0.108548       0.007110
     10 H                     0.108717       0.063003
     11 H                     0.107278       0.023550
  --------------------------------------------------------
  Sum of atomic charges =     0.000000
  Sum of spin   charges =     2.000000

 -----------------------------------------------------------------
                    Cartesian Multipole Moments
 -----------------------------------------------------------------
    Charge (ESU x 10^10)
                 0.0000
    Dipole Moment (Debye)
         X      -0.1808      Y       0.0002      Z       0.0613
       Tot       0.1909
    Quadrupole Moments (Debye-Ang)
        XX     -39.4668     XY       0.0099     YY     -36.4026
        XZ       0.4515     YZ       0.0087     ZZ     -39.5675
    Octopole Moments (Debye-Ang^2)
       XXX    -214.9553    XXY       0.1142    XYY     -56.9645
       YYY       0.0425    XXZ     -12.0870    XYZ       0.0499
       YYZ      -9.7337    XZZ     -71.4900    YZZ       0.0299
       ZZZ     -37.5012
    Hexadecapole Moments (Debye-Ang^3)
      XXXX   -2922.7293   XXXY       1.0511   XXYY    -457.0607
      XYYY       0.2944   YYYY    -220.9473   XXXZ    -212.0320
      XXYZ       0.3012   XYYZ     -60.1831   YYYZ       0.0567
      XXZZ    -507.9432   XYZZ       0.1807   YYZZ     -57.4453
      XZZZ    -206.9286   YZZZ       0.0776   ZZZZ    -125.8382
 -----------------------------------------------------------------
 Calculating analytic gradient of the SCF energy
 Gradient of SCF Energy
            1           2           3           4           5           6
    1  -0.0000741  -0.0000218   0.0000277   0.0000274   0.0000504  -0.0000081
    2  -0.0000002   0.0000003   0.0000004  -0.0000013   0.0000003  -0.0000028
    3  -0.0000565   0.0001113  -0.0000389  -0.0000392  -0.0000038   0.0000118
            7           8           9          10          11
    1  -0.0000015   0.0000044  -0.0000076  -0.0000015   0.0000046
    2   0.0000063  -0.0000026   0.0000032  -0.0000061   0.0000026
    3   0.0000005   0.0000012   0.0000118   0.0000005   0.0000014
 Max gradient component =       1.113E-04
 RMS gradient           =       2.976E-05
 Gradient time:  CPU 8.30 s  wall 0.72 s
 Geometry Optimization Parameters
   NAtoms,    NIC,     NZ,  NCons,   NDum,   NFix, NCnnct, MaxDiis
       11      62       0       1       0       0       0       0


** CONSTRAINED OPTIMIZATION IN DELOCALIZED INTERNAL COORDINATES **
   Searching for a Minimum

   Optimization Cycle:   1

                       Coordinates (Angstroms)
     ATOM                X               Y               Z
      1  Br        4.8993960000   -0.0011920000    0.7169390000
      2  C        -0.5797570000    0.0001780000    0.2385300000
      3  C        -1.1757340000   -1.2987050000   -0.1903900000
      4  C        -1.1752450000    1.2992470000   -0.1905040000
      5  H         0.1393800000    0.0000840000    1.0535980000
      6  H        -0.5098140000   -2.1433350000    0.0130820000
      7  H        -2.1284770000   -1.5108790000    0.3274090000
      8  H        -1.4084670000   -1.2999810000   -1.2640180000
      9  H        -0.5089320000    2.1436220000    0.0127450000
     10  H        -2.1278190000    1.5119010000    0.3274080000
     11  H        -1.4081300000    1.3004590000   -1.2640970000
   Point Group: c1    Number of degrees of freedom:    27


   Energy is  -2692.327988622

              Constraints and their Current Values
                                        Value     Constraint
   Distance(Angs):        1   2             5.500000     5.400000

 Attempting to Generate Delocalized Internal Coordinates

   Using Lagrange Multiplier Algorithm


 28 Hessian modes will be used to form the next step
  Hessian Eigenvalues:
    -0.998759    0.045000    0.045000    0.045000    0.045628    0.051271
     0.092085    0.092086    0.092925    0.092925    0.156581    0.160000
     0.160000    0.160000    0.160000    0.160000    0.160000    0.217987
     0.318362    0.331436    0.331437    0.332243    0.332243    0.338414
     0.338416    0.342811    0.342812    1.001243

 Minimum Search - Taking P-RFO Step
 Searching for Lamda that Maximizes Along the Constraint modes Only
 Value Taken    Lamda =   0.01761612
 Searching for Lamda that Minimizes Along All other modes
 Value Taken    Lamda =  -0.01747880
 Step Taken.  Stepsize is  0.185724

                             Maximum     Tolerance    Cnvgd?
         Gradient            0.188972       0.000300      NO
         Displacement        0.185713       0.001200      NO
         Energy change     *********       0.000001      NO


 New Cartesian Coordinates Obtained by Inverse Iteration

 Displacement from previous Coordinates is:  0.360239
 ----------------------------------------------------------------
             Standard Nuclear Orientation (Angstroms)
    I     Atom           X                Y                Z
 ----------------------------------------------------------------
    1      Br      4.8050431045    -0.0011743342     0.6343609461
    2      C      -0.5844291427     0.0001803188     0.2707475878
    3      C      -1.1605553928    -1.2987298944    -0.1844110614
    4      C      -1.1600674001     1.2992661723    -0.1845276752
    5      H       0.0842618863     0.0000975440     1.1019448419
    6      H      -0.5044575074    -2.1433374888     0.0488819363
    7      H      -2.1356260534    -1.5108438964     0.2900414216
    8      H      -1.3447784370    -1.3001214226    -1.2674158342
    9      H      -0.5035708016     2.1436254761     0.0485434159
   10      H      -2.1349751477     1.5118650105     0.2900411356
   11      H      -1.3444441080     1.3005715147    -1.2675047144
 ----------------------------------------------------------------
 Nuclear Repulsion Energy =   153.1977312404 hartrees
 There are       31 alpha and       29 beta electrons

                       Distance Matrix (Angstroms)
             Br(  1)   C (  2)   C (  3)   C (  4)   H (  5)   H (  6)
   C (  2)  5.401725
   C (  3)  6.159741  1.492065
   C (  4)  6.159892  1.492065  2.597996
   H (  5)  4.743881  1.066788  2.211614  2.211607
   H (  6)  5.755210  2.156453  1.094647  3.512239  2.459643
   H (  7)  7.111297  2.165590  1.104925  3.012250  2.805358  1.766046
   H (  8)  6.566911  2.152873  1.098562  2.821982  3.057220  1.774765
   H (  9)  5.755409  2.156448  3.512223  1.094647  2.459657  4.286963
   H ( 10)  7.111378  2.165584  3.012315  1.104925  2.805288  4.009645
   H ( 11)  6.567178  2.152873  2.821927  1.098561  3.057241  3.781397
             H (  7)   H (  8)   H (  9)   H ( 10)
   H (  8)  1.759408
   H (  9)  4.009622  3.781372
   H ( 10)  3.022709  3.310189  1.766047
   H ( 11)  3.309981  2.600693  1.774765  1.759413
 
 Applying Cartesian multipole field
    Component          Value
    ---------          -----
     (2,0,0)        1.00000E-11
     (0,2,0)        2.00000E-11
     (0,0,2)       -3.00000E-10
 Nucleus-field energy     =     0.0000000117 hartrees
 Requested basis set is 6-31G(d,p)
 There are 41 shells and 115 basis functions
 A cutoff of  1.0D-14 yielded    713 shell pairs
 There are      5190 function pairs
 Smallest overlap matrix eigenvalue = 7.27E-04
 Guess from superposition of atomic densities
 Warning:  Energy on first SCF cycle will be non-variational
 SAD guess density has 59.972873 electrons

 -----------------------------------------------------------------------
  General SCF calculation program by
  Eric Jon Sundstrom, Paul Horn, Yuezhi Mao, Dmitri Zuev, Alec White,
  David Stuck, Shaama M.S., Shane Yost, Joonho Lee, David Small,
  Daniel Levine, Susi Lehtola, Hugh Burton, Evgeny Epifanovsky
 -----------------------------------------------------------------------
 Exchange:     0.2000 Hartree-Fock + 0.0800 Slater + 0.7200 B88
 Correlation:  0.1900 VWN1RPA + 0.8100 LYP
 Using SG-1 standard quadrature grid
 using 12 threads for integral computing
 -------------------------------------------------------
 OpenMP Integral computing Module                
 Release: version 1.0, May 2013, Q-Chem Inc. Pittsburgh 
 -------------------------------------------------------
 -------------------------------------------------------
 OpenMP BLAS3 based DFT computing Module                
 Release: version 1.0, May 2013, Q-Chem Inc. Pittsburgh 
 -------------------------------------------------------
 A unrestricted SCF calculation will be
 performed using DIIS
 SCF converges when DIIS error is below 1.0e-06
 Alpha HF Exchange    Energy = -10.71509718647990
 Beta HF Exchange     Energy = -10.71509718647990
 DFT Correlation      Energy =  -3.10462731868651
 DFT Exchange         Energy = -84.98196035169120
 One-Electron (alpha) Energy = -2019.81667659669392
 One-Electron (beta)  Energy = -2019.81667659669392
 Total Coulomb        Energy = 1300.40810605726733
 ---------------------------------------
  Cycle       Energy         DIIS error
 ---------------------------------------
    1   -2695.5442979273      1.64e-01  
 Alpha HF Exchange    Energy = -10.89771411184637
 Beta HF Exchange     Energy = -10.70190247388358
 DFT Correlation      Energy =  -3.13888679256778
 DFT Exchange         Energy = -85.91051890371682
 One-Electron (alpha) Energy = -2042.17081908628802
 One-Electron (beta)  Energy = -2008.30535455862855
 Total Coulomb        Energy = 1315.71445110599097
    2   -2692.2130135688      9.58e-03  
 Alpha HF Exchange    Energy = -10.79846714125981
 Beta HF Exchange     Energy = -10.61349200134276
 DFT Correlation      Energy =  -3.10192322535129
 DFT Exchange         Energy = -85.14115072083368
 One-Electron (alpha) Energy = -2034.45490959787116
 One-Electron (beta)  Energy = -2001.12505062973878
 Total Coulomb        Energy = 1299.82557642770689
    3   -2692.2116856365      4.33e-03  
 Alpha HF Exchange    Energy = -10.87371737110722
 Beta HF Exchange     Energy = -10.68038344827748
 DFT Correlation      Energy =  -3.12968075812188
 DFT Exchange         Energy = -85.71919493237485
 One-Electron (alpha) Energy = -2040.20506084265276
 One-Electron (beta)  Energy = -2006.29342497366997
 Total Coulomb        Energy = 1311.41803881009037
    4   -2692.2856922640      2.59e-03  
 Alpha HF Exchange    Energy = -10.84931539387079
 Beta HF Exchange     Energy = -10.65864937596297
 DFT Correlation      Energy =  -3.11975672867654
 DFT Exchange         Energy = -85.52953440429449
 One-Electron (alpha) Energy = -2038.53555119406110
 One-Electron (beta)  Energy = -2004.73254023056643
 Total Coulomb        Energy = 1307.90009145037038
    5   -2692.3275246249      2.21e-04  
 Alpha HF Exchange    Energy = -10.84771305685005
 Beta HF Exchange     Energy = -10.65713475945441
 DFT Correlation      Energy =  -3.11964523705028
 DFT Exchange         Energy = -85.51785396875314
 One-Electron (alpha) Energy = -2038.34904631552263
 One-Electron (beta)  Energy = -2004.56659822524057
 Total Coulomb        Energy = 1307.53257822984824
    6   -2692.3276820809      4.49e-05  
 Alpha HF Exchange    Energy = -10.84757995809992
 Beta HF Exchange     Energy = -10.65707857616830
 DFT Correlation      Energy =  -3.11948172917530
 DFT Exchange         Energy = -85.51688253149096
 One-Electron (alpha) Energy = -2038.34410617738195
 One-Electron (beta)  Energy = -2004.56193165711761
 Total Coulomb        Energy = 1307.52163591689327
    7   -2692.3276934604      8.58e-06  
 Alpha HF Exchange    Energy = -10.84767711828163
 Beta HF Exchange     Energy = -10.65715339243592
 DFT Correlation      Energy =  -3.11949518194128
 DFT Exchange         Energy = -85.51754530754732
 One-Electron (alpha) Energy = -2038.35281284922939
 One-Electron (beta)  Energy = -2004.56845534964668
 Total Coulomb        Energy = 1307.53771355463232
    8   -2692.3276943923      3.72e-06  
 Alpha HF Exchange    Energy = -10.84766568718181
 Beta HF Exchange     Energy = -10.65716108926063
 DFT Correlation      Energy =  -3.11948886098058
 DFT Exchange         Energy = -85.51752161818654
 One-Electron (alpha) Energy = -2038.35131369856254
 One-Electron (beta)  Energy = -2004.56763358582702
 Total Coulomb        Energy = 1307.53535876658157
    9   -2692.3276945213      2.08e-06  
 Alpha HF Exchange    Energy = -10.84766519635872
 Beta HF Exchange     Energy = -10.65715902029155
 DFT Correlation      Energy =  -3.11948741083194
 DFT Exchange         Energy = -85.51751081956374
 One-Electron (alpha) Energy = -2038.35099783702890
 One-Electron (beta)  Energy = -2004.56766160416919
 Total Coulomb        Energy = 1307.53505608048408
   10   -2692.3276945556      3.62e-07  Convergence criterion met
 ---------------------------------------
 SCF time:   CPU 23.53s  wall 2.00s 
<S^2> =          2.005376005
 Alpha HF Exchange    Energy = -10.84766519635872
 Beta HF Exchange     Energy = -10.65715902029155
 DFT Correlation      Energy =  -3.11948741083194
 DFT Exchange         Energy = -85.51751081956374
 One-Electron (alpha) Energy = -2038.35099783702890
 One-Electron (beta)  Energy = -2004.56766160416919
 Total Coulomb        Energy = 1307.53505608048408
 Nuclear repulsion Energy = 153.19773125214925
 SCF   energy in the final basis set =    -2692.3276945556
 Total energy in the final basis set =    -2692.3276945556
 
 --------------------------------------------------------------
 
                    Orbital Energies (a.u.)
 --------------------------------------------------------------
 
 Alpha MOs
 -- Occupied --
******* -62.557 -56.381 -56.374 -56.374 -10.182 -10.175 -10.175
 -8.744  -6.581  -6.559  -6.559  -2.672  -2.666  -2.666  -2.650
 -2.650  -0.797  -0.775  -0.685  -0.568  -0.447  -0.423  -0.403
 -0.380  -0.371  -0.349  -0.344  -0.323  -0.322  -0.177
 -- Virtual --
  0.108   0.130   0.147   0.166   0.175   0.183   0.189   0.192
  0.260   0.286   0.296   0.311   0.314   0.500   0.514   0.533
  0.545   0.545   0.557   0.568   0.581   0.582   0.589   0.638
  0.724   0.731   0.748   0.813   0.855   0.858   0.882   0.890
  0.928   0.945   0.954   1.246   1.297   1.354   1.358   1.536
  1.676   1.692   1.798   1.817   1.863   1.894   1.989   2.048
  2.052   2.077   2.107   2.120   2.142   2.283   2.298   2.380
  2.388   2.494   2.543   2.599   2.684   2.730   2.771   2.843
  2.873   2.918   2.978   3.156   3.207   3.367   3.426   3.434
  3.456   3.551   4.187   4.490   4.563   4.648   4.656   4.657
  4.682   4.682   6.205  90.122
 
 Beta MOs
 -- Occupied --
******* -62.556 -56.376 -56.373 -56.373 -10.176 -10.176 -10.168
 -8.740  -6.570  -6.557  -6.557  -2.664  -2.660  -2.660  -2.649
 -2.649  -0.758  -0.753  -0.683  -0.546  -0.442  -0.406  -0.397
 -0.374  -0.345  -0.339  -0.309  -0.308
 -- Virtual --
 -0.235  -0.026   0.109   0.134   0.149   0.174   0.184   0.187
  0.192   0.200   0.271   0.302   0.315   0.316   0.319   0.502
  0.517   0.576   0.588   0.589   0.591   0.591   0.593   0.594
  0.595   0.669   0.733   0.743   0.749   0.829   0.861   0.863
  0.887   0.898   0.933   0.949   0.963   1.260   1.306   1.361
  1.381   1.536   1.695   1.699   1.821   1.827   1.891   1.917
  2.011   2.053   2.058   2.083   2.112   2.124   2.150   2.286
  2.317   2.390   2.394   2.513   2.560   2.610   2.688   2.734
  2.776   2.849   2.880   2.925   2.982   3.161   3.212   3.373
  3.428   3.437   3.461   3.557   4.208   4.490   4.575   4.667
  4.671   4.671   4.684   4.684   6.221  90.128
 --------------------------------------------------------------
 
          Ground-State Mulliken Net Atomic Charges

     Atom                 Charge (a.u.)    Spin (a.u.)
  --------------------------------------------------------
      1 Br                   -0.000009       1.000080
      2 C                    -0.070865       1.018730
      3 C                    -0.333795      -0.080042
      4 C                    -0.333797      -0.080041
      5 H                     0.090591      -0.045893
      6 H                     0.108148       0.007060
      7 H                     0.108585       0.062952
      8 H                     0.107198       0.023572
      9 H                     0.108166       0.007065
     10 H                     0.108583       0.062952
     11 H                     0.107194       0.023563
  --------------------------------------------------------
  Sum of atomic charges =    -0.000000
  Sum of spin   charges =     2.000000

 -----------------------------------------------------------------
                    Cartesian Multipole Moments
 -----------------------------------------------------------------
    Charge (ESU x 10^10)
                -0.0000
    Dipole Moment (Debye)
         X      -0.1760      Y       0.0002      Z       0.0626
       Tot       0.1868
    Quadrupole Moments (Debye-Ang)
        XX     -39.5187     XY       0.0100     YY     -36.4068
        XZ       0.4322     YZ       0.0053     ZZ     -39.5002
    Octopole Moments (Debye-Ang^2)
       XXX    -210.2290    XXY       0.1129    XYY     -55.6275
       YYY       0.0417    XXZ     -10.7766    XYZ       0.0321
       YYZ      -8.5841    XZZ     -69.7827    YZZ       0.0238
       ZZZ     -33.5119
    Hexadecapole Moments (Debye-Ang^3)
      XXXX   -2815.5627   XXXY       1.0181   XXYY    -441.7694
      XYYY       0.2847   YYYY    -221.0708   XXXZ    -184.9502
      XXYZ       0.2029   XYYZ     -52.4156   YYYZ       0.0474
      XXZZ    -488.4115   XYZZ       0.1471   YYZZ     -55.7360
      XZZZ    -179.8533   YZZZ       0.0603   ZZZZ    -113.6067
 -----------------------------------------------------------------
 Calculating analytic gradient of the SCF energy
 Gradient of SCF Energy
            1           2           3           4           5           6
    1  -0.0000218   0.0087586   0.0002618   0.0002617  -0.0091567  -0.0000354
    2  -0.0000001  -0.0000012  -0.0000479   0.0000478   0.0000013   0.0000162
    3  -0.0000240   0.0107049   0.0002486   0.0002484  -0.0111812  -0.0000079
            7           8           9          10          11
    1  -0.0000479   0.0000314  -0.0000354  -0.0000477   0.0000315
    2  -0.0000346   0.0000716  -0.0000161   0.0000346  -0.0000716
    3   0.0000067   0.0000027  -0.0000080   0.0000069   0.0000028
 Max gradient component =       1.118E-02
 RMS gradient           =       3.484E-03
 Gradient time:  CPU 8.19 s  wall 0.69 s
 Geometry Optimization Parameters
   NAtoms,    NIC,     NZ,  NCons,   NDum,   NFix, NCnnct, MaxDiis
       11      62       0       1       0       0       0       0

 Cartesian Hessian Update
 Hessian Updated using BFGS Update


** CONSTRAINED OPTIMIZATION IN DELOCALIZED INTERNAL COORDINATES **
   Searching for a Minimum

   Optimization Cycle:   2

                       Coordinates (Angstroms)
     ATOM                X               Y               Z
      1  Br        4.8050431045   -0.0011743342    0.6343609461
      2  C        -0.5844291427    0.0001803188    0.2707475878
      3  C        -1.1605553928   -1.2987298944   -0.1844110614
      4  C        -1.1600674001    1.2992661723   -0.1845276752
      5  H         0.0842618863    0.0000975440    1.1019448419
      6  H        -0.5044575074   -2.1433374888    0.0488819363
      7  H        -2.1356260534   -1.5108438964    0.2900414216
      8  H        -1.3447784370   -1.3001214226   -1.2674158342
      9  H        -0.5035708016    2.1436254761    0.0485434159
     10  H        -2.1349751477    1.5118650105    0.2900411356
     11  H        -1.3444441080    1.3005715147   -1.2675047144
   Point Group: c1    Number of degrees of freedom:    27


   Energy is  -2692.327694556

              Constraints and their Current Values
                                        Value     Constraint
   Distance(Angs):        1   2             5.401725     5.400000
 Hessian Updated using BFGS Update

   Using Lagrange Multiplier Algorithm


 23 Hessian modes will be used to form the next step
  Hessian Eigenvalues:
    -0.993801    0.044989    0.045000    0.045586    0.052738    0.092085
     0.092088    0.092925    0.092926    0.156581    0.159999    0.160026
     0.218115    0.331436    0.331436    0.332239    0.332243    0.338414
     0.338416    0.342811    0.342812    0.649925    1.015200

 Minimum Search - Taking P-RFO Step
 Searching for Lamda that Maximizes Along the Constraint modes Only
 Value Taken    Lamda =   0.00001326
 Searching for Lamda that Minimizes Along All other modes
 Value Taken    Lamda =  -0.00029267
 Step Taken.  Stepsize is  0.025051

                             Maximum     Tolerance    Cnvgd?
         Gradient            0.008649       0.000300      NO
         Displacement        0.017310       0.001200      NO
         Energy change      0.000294       0.000001      NO


 New Cartesian Coordinates Obtained by Inverse Iteration

 Displacement from previous Coordinates is:  0.020410
 ----------------------------------------------------------------
             Standard Nuclear Orientation (Angstroms)
    I     Atom           X                Y                Z
 ----------------------------------------------------------------
    1      Br      4.8035697717    -0.0011663359     0.6354237982
    2      C      -0.5840268234     0.0001783830     0.2696314448
    3      C      -1.1611434459    -1.2984974732    -0.1853483204
    4      C      -1.1606509789     1.2990329678    -0.1854644129
    5      H       0.0915707012     0.0000931913     1.1084106403
    6      H      -0.5050908055    -2.1433581542     0.0472798853
    7      H      -2.1357684066    -1.5101973324     0.2901153736
    8      H      -1.3465442658    -1.2999772819    -1.2681572822
    9      H      -0.5041968385     2.1436424725     0.0469421563
   10      H      -2.1351128334     1.5112208060     0.2901145640
   11      H      -1.3462050748     1.3004277570    -1.2682458470
 ----------------------------------------------------------------
 Nuclear Repulsion Energy =   153.1731649716 hartrees
 There are       31 alpha and       29 beta electrons

                       Distance Matrix (Angstroms)
             Br(  1)   C (  2)   C (  3)   C (  4)   H (  5)   H (  6)
   C (  2)  5.400000
   C (  3)  6.159102  1.492189
   C (  4)  6.159245  1.492190  2.597530
   H (  5)  4.735679  1.077025  2.220235  2.220229
   H (  6)  5.754718  2.156483  1.094674  3.511977  2.465033
   H (  7)  7.109910  2.165538  1.104887  3.011446  2.812761  1.766061
   H (  8)  6.567681  2.153284  1.098568  2.821637  3.066991  1.774742
   H (  9)  5.754902  2.156479  3.511960  1.094673  2.465047  4.287001
   H ( 10)  7.109984  2.165534  3.011511  1.104887  2.812692  4.008976
   H ( 11)  6.567940  2.153284  2.821582  1.098566  3.067012  3.781236
             H (  7)   H (  8)   H (  9)   H ( 10)
   H (  8)  1.759341
   H (  9)  4.008953  3.781210
   H ( 10)  3.021418  3.309514  1.766063
   H ( 11)  3.309307  2.600405  1.774742  1.759345
 
 Applying Cartesian multipole field
    Component          Value
    ---------          -----
     (2,0,0)        1.00000E-11
     (0,2,0)        2.00000E-11
     (0,0,2)       -3.00000E-10
 Nucleus-field energy     =     0.0000000116 hartrees
 Requested basis set is 6-31G(d,p)
 There are 41 shells and 115 basis functions
 A cutoff of  1.0D-14 yielded    713 shell pairs
 There are      5190 function pairs
 Smallest overlap matrix eigenvalue = 7.27E-04
 Guess from superposition of atomic densities
 Warning:  Energy on first SCF cycle will be non-variational
 SAD guess density has 59.972873 electrons

 -----------------------------------------------------------------------
  General SCF calculation program by
  Eric Jon Sundstrom, Paul Horn, Yuezhi Mao, Dmitri Zuev, Alec White,
  David Stuck, Shaama M.S., Shane Yost, Joonho Lee, David Small,
  Daniel Levine, Susi Lehtola, Hugh Burton, Evgeny Epifanovsky
 -----------------------------------------------------------------------
 Exchange:     0.2000 Hartree-Fock + 0.0800 Slater + 0.7200 B88
 Correlation:  0.1900 VWN1RPA + 0.8100 LYP
 Using SG-1 standard quadrature grid
 using 12 threads for integral computing
 -------------------------------------------------------
 OpenMP Integral computing Module                
 Release: version 1.0, May 2013, Q-Chem Inc. Pittsburgh 
 -------------------------------------------------------
 -------------------------------------------------------
 OpenMP BLAS3 based DFT computing Module                
 Release: version 1.0, May 2013, Q-Chem Inc. Pittsburgh 
 -------------------------------------------------------
 A unrestricted SCF calculation will be
 performed using DIIS
 SCF converges when DIIS error is below 1.0e-06
 Alpha HF Exchange    Energy = -10.71445594648355
 Beta HF Exchange     Energy = -10.71445594648355
 DFT Correlation      Energy =  -3.10449375027588
 DFT Exchange         Energy = -84.98054926175067
 One-Electron (alpha) Energy = -2019.79793242028632
 One-Electron (beta)  Energy = -2019.79793242028632
 Total Coulomb        Energy = 1300.39649854591812
 ---------------------------------------
  Cycle       Energy         DIIS error
 ---------------------------------------
    1   -2695.5401562164      1.64e-01  
 Alpha HF Exchange    Energy = -10.89717825604944
 Beta HF Exchange     Energy = -10.70146205790624
 DFT Correlation      Energy =  -3.13868981157095
 DFT Exchange         Energy = -85.90693979395920
 One-Electron (alpha) Energy = -2042.14385702913683
 One-Electron (beta)  Energy = -2008.28087484732555
 Total Coulomb        Energy = 1315.68245583159342
    2   -2692.2133809811      9.58e-03  
 Alpha HF Exchange    Energy = -10.79808843351503
 Beta HF Exchange     Energy = -10.61307973504272
 DFT Correlation      Energy =  -3.10173375378115
 DFT Exchange         Energy = -85.13831366225311
 One-Electron (alpha) Energy = -2034.43408735676144
 One-Electron (beta)  Energy = -2001.10373818589846
 Total Coulomb        Energy = 1299.80413316123145
    3   -2692.2117429828      4.33e-03  
 Alpha HF Exchange    Energy = -10.87332582277415
 Beta HF Exchange     Energy = -10.68000250648800
 DFT Correlation      Energy =  -3.12951920642642
 DFT Exchange         Energy = -85.71645835617231
 One-Electron (alpha) Energy = -2040.18404343463158
 One-Electron (beta)  Energy = -2006.27239717480143
 Total Coulomb        Energy = 1311.39686766963246
    4   -2692.2857138484      2.59e-03  
 Alpha HF Exchange    Energy = -10.84890040289707
 Beta HF Exchange     Energy = -10.65824120962776
 DFT Correlation      Energy =  -3.11957061565911
 DFT Exchange         Energy = -85.52657947822377
 One-Electron (alpha) Energy = -2038.51392951945968
 One-Electron (beta)  Energy = -2004.71059429991647
 Total Coulomb        Energy = 1307.87692221481075
    5   -2692.3277283277      2.23e-04  
 Alpha HF Exchange    Energy = -10.84730710775804
 Beta HF Exchange     Energy = -10.65672025970571
 DFT Correlation      Energy =  -3.11946316022354
 DFT Exchange         Energy = -85.51491730821638
 One-Electron (alpha) Energy = -2038.32768226615485
 One-Electron (beta)  Energy = -2004.54462783050349
 Total Coulomb        Energy = 1307.50966459490701
    6   -2692.3278883544      4.49e-05  
 Alpha HF Exchange    Energy = -10.84716798613291
 Beta HF Exchange     Energy = -10.65666091223392
 DFT Correlation      Energy =  -3.11929749136577
 DFT Exchange         Energy = -85.51390856645747
 One-Electron (alpha) Energy = -2038.32215877384715
 One-Electron (beta)  Energy = -2004.53934985163710
 Total Coulomb        Energy = 1307.49747870072042
    7   -2692.3278998977      8.78e-06  
 Alpha HF Exchange    Energy = -10.84726840682423
 Beta HF Exchange     Energy = -10.65673502971005
 DFT Correlation      Energy =  -3.11931128159625
 DFT Exchange         Energy = -85.51458180014522
 One-Electron (alpha) Energy = -2038.33113388800575
 One-Electron (beta)  Energy = -2004.54601744283377
 Total Coulomb        Energy = 1307.51398202022438
    8   -2692.3279008456      4.10e-06  
 Alpha HF Exchange    Energy = -10.84725710177706
 Beta HF Exchange     Energy = -10.65674327092163
 DFT Correlation      Energy =  -3.11930509907919
 DFT Exchange         Energy = -85.51456070147611
 One-Electron (alpha) Energy = -2038.32968591526787
 One-Electron (beta)  Energy = -2004.54517496445123
 Total Coulomb        Energy = 1307.51166107561562
    9   -2692.3279009941      2.16e-06  
 Alpha HF Exchange    Energy = -10.84725623800145
 Beta HF Exchange     Energy = -10.65674102051670
 DFT Correlation      Energy =  -3.11930326245597
 DFT Exchange         Energy = -85.51454732205522
 One-Electron (alpha) Energy = -2038.32929453273096
 One-Electron (beta)  Energy = -2004.54514920588736
 Total Coulomb        Energy = 1307.51122556606447
   10   -2692.3279010323      3.48e-07  Convergence criterion met
 ---------------------------------------
 SCF time:   CPU 24.05s  wall 2.00s 
<S^2> =          2.005410746
 Alpha HF Exchange    Energy = -10.84725623800145
 Beta HF Exchange     Energy = -10.65674102051670
 DFT Correlation      Energy =  -3.11930326245597
 DFT Exchange         Energy = -85.51454732205522
 One-Electron (alpha) Energy = -2038.32929453273096
 One-Electron (beta)  Energy = -2004.54514920588736
 Total Coulomb        Energy = 1307.51122556606447
 Nuclear repulsion Energy = 153.17316498326244
 SCF   energy in the final basis set =    -2692.3279010323
 Total energy in the final basis set =    -2692.3279010323
 
 --------------------------------------------------------------
 
                    Orbital Energies (a.u.)
 --------------------------------------------------------------
 
 Alpha MOs
 -- Occupied --
******* -62.557 -56.381 -56.374 -56.374 -10.183 -10.175 -10.175
 -8.744  -6.581  -6.559  -6.559  -2.672  -2.666  -2.666  -2.650
 -2.650  -0.797  -0.775  -0.685  -0.567  -0.446  -0.423  -0.403
 -0.380  -0.371  -0.349  -0.344  -0.323  -0.322  -0.177
 -- Virtual --
  0.107   0.129   0.147   0.166   0.175   0.183   0.188   0.192
  0.260   0.286   0.296   0.311   0.314   0.500   0.514   0.533
  0.545   0.545   0.557   0.567   0.581   0.582   0.589   0.638
  0.723   0.732   0.748   0.813   0.855   0.858   0.882   0.887
  0.928   0.945   0.951   1.247   1.297   1.354   1.358   1.536
  1.676   1.689   1.799   1.817   1.863   1.893   1.983   2.048
  2.052   2.077   2.107   2.120   2.140   2.283   2.295   2.379
  2.387   2.489   2.543   2.594   2.681   2.730   2.769   2.842
  2.871   2.914   2.973   3.155   3.206   3.359   3.426   3.431
  3.456   3.541   4.187   4.490   4.563   4.648   4.656   4.657
  4.682   4.682   6.205  90.122
 
 Beta MOs
 -- Occupied --
******* -62.556 -56.376 -56.373 -56.373 -10.176 -10.176 -10.169
 -8.740  -6.570  -6.557  -6.557  -2.664  -2.660  -2.660  -2.649
 -2.649  -0.758  -0.753  -0.683  -0.545  -0.441  -0.406  -0.397
 -0.374  -0.345  -0.338  -0.309  -0.308
 -- Virtual --
 -0.235  -0.026   0.109   0.133   0.149   0.174   0.184   0.187
  0.192   0.199   0.270   0.302   0.315   0.316   0.319   0.502
  0.517   0.576   0.588   0.589   0.591   0.591   0.593   0.594
  0.595   0.670   0.732   0.744   0.749   0.829   0.860   0.863
  0.887   0.896   0.933   0.949   0.960   1.261   1.306   1.361
  1.381   1.535   1.694   1.695   1.822   1.828   1.891   1.916
  2.007   2.053   2.058   2.083   2.112   2.124   2.148   2.286
  2.314   2.389   2.393   2.509   2.560   2.605   2.686   2.733
  2.775   2.848   2.878   2.922   2.977   3.160   3.212   3.366
  3.428   3.434   3.460   3.547   4.209   4.490   4.575   4.667
  4.671   4.671   4.684   4.684   6.221  90.129
 --------------------------------------------------------------
 
          Ground-State Mulliken Net Atomic Charges

     Atom                 Charge (a.u.)    Spin (a.u.)
  --------------------------------------------------------
      1 Br                   -0.000010       1.000080
      2 C                    -0.071242       1.019151
      3 C                    -0.333540      -0.080058
      4 C                    -0.333541      -0.080057
      5 H                     0.089924      -0.046238
      6 H                     0.108294       0.007077
      7 H                     0.108641       0.062952
      8 H                     0.107263       0.023534
      9 H                     0.108312       0.007082
     10 H                     0.108639       0.062952
     11 H                     0.107260       0.023525
  --------------------------------------------------------
  Sum of atomic charges =    -0.000000
  Sum of spin   charges =     2.000000

 -----------------------------------------------------------------
                    Cartesian Multipole Moments
 -----------------------------------------------------------------
    Charge (ESU x 10^10)
                -0.0000
    Dipole Moment (Debye)
         X      -0.1810      Y       0.0002      Z       0.0582
       Tot       0.1901
    Quadrupole Moments (Debye-Ang)
        XX     -39.5201     XY       0.0100     YY     -36.4073
        XZ       0.4390     YZ       0.0051     ZZ     -39.5081
    Octopole Moments (Debye-Ang^2)
       XXX    -210.1606    XXY       0.1124    XYY     -55.6123
       YYY       0.0414    XXZ     -10.7953    XYZ       0.0313
       YYZ      -8.6051    XZZ     -69.7506    YZZ       0.0235
       ZZZ     -33.5586
    Hexadecapole Moments (Debye-Ang^3)
      XXXX   -2814.1353   XXXY       1.0129   XXYY    -441.5439
      XYYY       0.2825   YYYY    -220.9693   XXXZ    -185.2727
      XXYZ       0.1988   XYYZ     -52.5043   YYYZ       0.0470
      XXZZ    -488.2035   XYZZ       0.1453   YYZZ     -55.7692
      XZZZ    -180.1533   YZZZ       0.0597   ZZZZ    -113.8997
 -----------------------------------------------------------------
 Calculating analytic gradient of the SCF energy
 Gradient of SCF Energy
            1           2           3           4           5           6
    1  -0.0000346   0.0043073   0.0000903   0.0000902  -0.0043654  -0.0000022
    2  -0.0000000  -0.0000008   0.0000305  -0.0000302   0.0000006   0.0000154
    3  -0.0000159   0.0053362   0.0000164   0.0000165  -0.0053466   0.0000098
            7           8           9          10          11
    1  -0.0000329  -0.0000088  -0.0000023  -0.0000327  -0.0000088
    2  -0.0000266  -0.0000089  -0.0000155   0.0000267   0.0000089
    3  -0.0000126  -0.0000004   0.0000097  -0.0000125  -0.0000005
 Max gradient component =       5.347E-03
 RMS gradient           =       1.694E-03
 Gradient time:  CPU 8.14 s  wall 0.69 s
 Geometry Optimization Parameters
   NAtoms,    NIC,     NZ,  NCons,   NDum,   NFix, NCnnct, MaxDiis
       11      62       0       1       0       0       0       0

 Cartesian Hessian Update
 Hessian Updated using BFGS Update


** CONSTRAINED OPTIMIZATION IN DELOCALIZED INTERNAL COORDINATES **
   Searching for a Minimum

   Optimization Cycle:   3

                       Coordinates (Angstroms)
     ATOM                X               Y               Z
      1  Br        4.8035697717   -0.0011663359    0.6354237982
      2  C        -0.5840268234    0.0001783830    0.2696314448
      3  C        -1.1611434459   -1.2984974732   -0.1853483204
      4  C        -1.1606509789    1.2990329678   -0.1854644129
      5  H         0.0915707012    0.0000931913    1.1084106403
      6  H        -0.5050908055   -2.1433581542    0.0472798853
      7  H        -2.1357684066   -1.5101973324    0.2901153736
      8  H        -1.3465442658   -1.2999772819   -1.2681572822
      9  H        -0.5041968385    2.1436424725    0.0469421563
     10  H        -2.1351128334    1.5112208060    0.2901145640
     11  H        -1.3462050748    1.3004277570   -1.2682458470
   Point Group: c1    Number of degrees of freedom:    27


   Energy is  -2692.327901032

              Constraints and their Current Values
                                        Value     Constraint
   Distance(Angs):        1   2             5.400000     5.400000
 Hessian Updated using BFGS Update

 23 Hessian modes will be used to form the next step
  Hessian Eigenvalues:
     0.044976    0.045000    0.045000    0.045512    0.050941    0.092085
     0.092095    0.092925    0.092928    0.156581    0.159971    0.160000
     0.160093    0.218203    0.331435    0.331436    0.331901    0.332243
     0.338409    0.338415    0.342801    0.342811    0.361854

 Minimum Search - Taking Simple RFO Step
 Searching for Lamda that Minimizes Along All modes
 Value Taken    Lamda =  -0.00012352
 Step Taken.  Stepsize is  0.022826

                             Maximum     Tolerance    Cnvgd?
         Gradient           0.004186      0.000300      NO
         Displacement       0.016469      0.001200      NO
         Energy change     -0.000206      0.000001      NO


 New Cartesian Coordinates Obtained by Inverse Iteration

 Displacement from previous Coordinates is:  0.021370
 ----------------------------------------------------------------
             Standard Nuclear Orientation (Angstroms)
    I     Atom           X                Y                Z
 ----------------------------------------------------------------
    1      Br      4.8036100443    -0.0011601020     0.6386274756
    2      C      -0.5835958424     0.0001770072     0.2671252932
    3      C      -1.1618779802    -1.2985192042    -0.1862168907
    4      C      -1.1613815314     1.2990540715    -0.1863327587
    5      H       0.0990779799     0.0000893818     1.1122831674
    6      H      -0.5056697302    -2.1437005813     0.0448325083
    7      H      -2.1354219864    -1.5096286480     0.2916084910
    8      H      -1.3495757282    -1.2996392063    -1.2686197073
    9      H      -0.5047698649     2.1439824540     0.0444964286
   10      H      -2.1347630708     1.5106528991     0.2916058072
   11      H      -1.3492312897     1.3000909282    -1.2687078147
 ----------------------------------------------------------------
 Nuclear Repulsion Energy =   153.1312880430 hartrees
 There are       31 alpha and       29 beta electrons

                       Distance Matrix (Angstroms)
             Br(  1)   C (  2)   C (  3)   C (  4)   H (  5)   H (  6)
   C (  2)  5.400000
   C (  3)  6.160402  1.492160
   C (  4)  6.160539  1.492160  2.597573
   H (  5)  4.728316  1.086432  2.227666  2.227660
   H (  6)  5.755999  2.156779  1.094680  3.512258  2.470021
   H (  7)  7.109576  2.165243  1.104840  3.010960  2.818820  1.766080
   H (  8)  6.571555  2.152849  1.098557  2.821342  3.075157  1.774760
   H (  9)  5.756173  2.156775  3.512241  1.094680  2.470036  4.287683
   H ( 10)  7.109643  2.165238  3.011024  1.104840  2.818751  4.008633
   H ( 11)  6.571806  2.152849  2.821287  1.098556  3.075178  3.781096
             H (  7)   H (  8)   H (  9)   H ( 10)
   H (  8)  1.759535
   H (  9)  4.008611  3.781071
   H ( 10)  3.020282  3.308862  1.766082
   H ( 11)  3.308656  2.599730  1.774760  1.759538
 
 Applying Cartesian multipole field
    Component          Value
    ---------          -----
     (2,0,0)        1.00000E-11
     (0,2,0)        2.00000E-11
     (0,0,2)       -3.00000E-10
 Nucleus-field energy     =     0.0000000115 hartrees
 Requested basis set is 6-31G(d,p)
 There are 41 shells and 115 basis functions
 A cutoff of  1.0D-14 yielded    713 shell pairs
 There are      5190 function pairs
 Smallest overlap matrix eigenvalue = 7.27E-04
 Guess from superposition of atomic densities
 Warning:  Energy on first SCF cycle will be non-variational
 SAD guess density has 59.972873 electrons

 -----------------------------------------------------------------------
  General SCF calculation program by
  Eric Jon Sundstrom, Paul Horn, Yuezhi Mao, Dmitri Zuev, Alec White,
  David Stuck, Shaama M.S., Shane Yost, Joonho Lee, David Small,
  Daniel Levine, Susi Lehtola, Hugh Burton, Evgeny Epifanovsky
 -----------------------------------------------------------------------
 Exchange:     0.2000 Hartree-Fock + 0.0800 Slater + 0.7200 B88
 Correlation:  0.1900 VWN1RPA + 0.8100 LYP
 Using SG-1 standard quadrature grid
 using 12 threads for integral computing
 -------------------------------------------------------
 OpenMP Integral computing Module                
 Release: version 1.0, May 2013, Q-Chem Inc. Pittsburgh 
 -------------------------------------------------------
 -------------------------------------------------------
 OpenMP BLAS3 based DFT computing Module                
 Release: version 1.0, May 2013, Q-Chem Inc. Pittsburgh 
 -------------------------------------------------------
 A unrestricted SCF calculation will be
 performed using DIIS
 SCF converges when DIIS error is below 1.0e-06
 Alpha HF Exchange    Energy = -10.71391254286231
 Beta HF Exchange     Energy = -10.71391254286231
 DFT Correlation      Energy =  -3.10437959838382
 DFT Exchange         Energy = -84.97934694869248
 One-Electron (alpha) Energy = -2019.76101648242843
 One-Electron (beta)  Energy = -2019.76101648242843
 Total Coulomb        Energy = 1300.36565928226082
 ---------------------------------------
  Cycle       Energy         DIIS error
 ---------------------------------------
    1   -2695.5366372609      1.64e-01  
 Alpha HF Exchange    Energy = -10.89671705346878
 Beta HF Exchange     Energy = -10.70107861763903
 DFT Correlation      Energy =  -3.13852106725662
 DFT Exchange         Energy = -85.90385375043283
 One-Electron (alpha) Energy = -2042.09911908547588
 One-Electron (beta)  Energy = -2008.23968806400262
 Total Coulomb        Energy = 1315.63412257398977
    2   -2692.2135670098      9.58e-03  
 Alpha HF Exchange    Energy = -10.79775595921869
 Beta HF Exchange     Energy = -10.61271676021523
 DFT Correlation      Energy =  -3.10156730297003
 DFT Exchange         Energy = -85.13582526214303
 One-Electron (alpha) Energy = -2034.39434413823983
 One-Electron (beta)  Energy = -2001.06504095693822
 Total Coulomb        Energy = 1299.76430571855894
    3   -2692.2116566067      4.33e-03  
 Alpha HF Exchange    Energy = -10.87299218888348
 Beta HF Exchange     Energy = -10.67966930810430
 DFT Correlation      Energy =  -3.12938092170557
 DFT Exchange         Energy = -85.71410824471685
 One-Electron (alpha) Energy = -2040.14447693452621
 One-Electron (beta)  Energy = -2006.23413784898321
 Total Coulomb        Energy = 1311.35786234035459
    4   -2692.2856150521      2.59e-03  
 Alpha HF Exchange    Energy = -10.84854064466257
 Beta HF Exchange     Energy = -10.65788410582203
 DFT Correlation      Energy =  -3.11940888813627
 DFT Exchange         Energy = -85.52401419079878
 One-Electron (alpha) Energy = -2038.47363054430002
 One-Electron (beta)  Energy = -2004.67139353785001
 Total Coulomb        Energy = 1307.83579354027597
    5   -2692.3277903168      2.24e-04  
 Alpha HF Exchange    Energy = -10.84695782718371
 Beta HF Exchange     Energy = -10.65635788350914
 DFT Correlation      Energy =  -3.11930560120951
 DFT Exchange         Energy = -85.51237977732085
 One-Electron (alpha) Energy = -2038.28778158092541
 One-Electron (beta)  Energy = -2004.50553214329511
 Total Coulomb        Energy = 1307.46907380529956
    6   -2692.3279529536      4.50e-05  
 Alpha HF Exchange    Energy = -10.84681265088295
 Beta HF Exchange     Energy = -10.65629558725037
 DFT Correlation      Energy =  -3.11913785630696
 DFT Exchange         Energy = -85.51133448583514
 One-Electron (alpha) Energy = -2038.28167362473869
 One-Electron (beta)  Energy = -2004.49964920590764
 Total Coulomb        Energy = 1307.45565068801147
    7   -2692.3279646684      9.02e-06  
 Alpha HF Exchange    Energy = -10.84691617000604
 Beta HF Exchange     Energy = -10.65636898846542
 DFT Correlation      Energy =  -3.11915193587926
 DFT Exchange         Energy = -85.51201739568535
 One-Electron (alpha) Energy = -2038.29090903470205
 One-Electron (beta)  Energy = -2004.50646102061910
 Total Coulomb        Energy = 1307.47257085764386
    8   -2692.3279656332      4.49e-06  
 Alpha HF Exchange    Energy = -10.84690524528739
 Beta HF Exchange     Energy = -10.65637786410537
 DFT Correlation      Energy =  -3.11914594273164
 DFT Exchange         Energy = -85.51200027815966
 One-Electron (alpha) Energy = -2038.28952530946049
 One-Electron (beta)  Energy = -2004.50561209760895
 Total Coulomb        Energy = 1307.47031287726941
    9   -2692.3279658056      2.18e-06  
 Alpha HF Exchange    Energy = -10.84690392795133
 Beta HF Exchange     Energy = -10.65637542923713
 DFT Correlation      Energy =  -3.11914371913762
 DFT Exchange         Energy = -85.51198398862746
 One-Electron (alpha) Energy = -2038.28905821680337
 One-Electron (beta)  Energy = -2004.50552826275930
 Total Coulomb        Energy = 1307.46973964389576
   10   -2692.3279658461      3.39e-07  Convergence criterion met
 ---------------------------------------
 SCF time:   CPU 24.15s  wall 2.00s 
<S^2> =          2.005441829
 Alpha HF Exchange    Energy = -10.84690392795133
 Beta HF Exchange     Energy = -10.65637542923713
 DFT Correlation      Energy =  -3.11914371913762
 DFT Exchange         Energy = -85.51198398862746
 One-Electron (alpha) Energy = -2038.28905821680337
 One-Electron (beta)  Energy = -2004.50552826275930
 Total Coulomb        Energy = 1307.46973964389576
 Nuclear repulsion Energy = 153.13128805450495
 SCF   energy in the final basis set =    -2692.3279658461
 Total energy in the final basis set =    -2692.3279658461
 
 --------------------------------------------------------------
 
                    Orbital Energies (a.u.)
 --------------------------------------------------------------
 
 Alpha MOs
 -- Occupied --
******* -62.557 -56.381 -56.374 -56.374 -10.184 -10.175 -10.175
 -8.744  -6.581  -6.559  -6.559  -2.672  -2.666  -2.666  -2.650
 -2.650  -0.797  -0.775  -0.685  -0.565  -0.446  -0.423  -0.403
 -0.380  -0.371  -0.349  -0.343  -0.323  -0.322  -0.177
 -- Virtual --
  0.107   0.127   0.147   0.166   0.175   0.183   0.188   0.192
  0.259   0.286   0.296   0.311   0.314   0.500   0.514   0.533
  0.545   0.545   0.557   0.567   0.581   0.582   0.589   0.638
  0.723   0.733   0.748   0.812   0.854   0.858   0.882   0.885
  0.928   0.945   0.948   1.247   1.297   1.354   1.359   1.535
  1.676   1.686   1.799   1.818   1.864   1.893   1.979   2.048
  2.052   2.077   2.107   2.120   2.138   2.283   2.293   2.378
  2.387   2.484   2.543   2.590   2.679   2.729   2.768   2.841
  2.870   2.911   2.968   3.155   3.206   3.351   3.426   3.428
  3.455   3.533   4.187   4.490   4.563   4.648   4.656   4.657
  4.682   4.682   6.205  90.122
 
 Beta MOs
 -- Occupied --
******* -62.556 -56.376 -56.373 -56.373 -10.176 -10.176 -10.170
 -8.740  -6.570  -6.557  -6.557  -2.664  -2.660  -2.660  -2.649
 -2.649  -0.758  -0.753  -0.683  -0.544  -0.441  -0.406  -0.397
 -0.374  -0.346  -0.338  -0.309  -0.308
 -- Virtual --
 -0.235  -0.026   0.109   0.132   0.149   0.174   0.184   0.187
  0.192   0.198   0.270   0.302   0.315   0.316   0.319   0.502
  0.517   0.576   0.588   0.589   0.591   0.591   0.593   0.594
  0.595   0.670   0.732   0.745   0.749   0.828   0.859   0.863
  0.887   0.895   0.933   0.949   0.957   1.261   1.306   1.361
  1.381   1.535   1.692   1.695   1.823   1.829   1.891   1.914
  2.004   2.053   2.058   2.082   2.112   2.124   2.146   2.286
  2.311   2.388   2.392   2.505   2.560   2.601   2.683   2.733
  2.773   2.848   2.877   2.919   2.973   3.160   3.211   3.358
  3.428   3.432   3.460   3.538   4.209   4.490   4.575   4.667
  4.671   4.671   4.684   4.684   6.221  90.129
 --------------------------------------------------------------
 
          Ground-State Mulliken Net Atomic Charges

     Atom                 Charge (a.u.)    Spin (a.u.)
  --------------------------------------------------------
      1 Br                   -0.000011       1.000079
      2 C                    -0.071472       1.019473
      3 C                    -0.333311      -0.080054
      4 C                    -0.333312      -0.080053
      5 H                     0.089119      -0.046544
      6 H                     0.108481       0.007100
      7 H                     0.108694       0.062976
      8 H                     0.107312       0.023475
      9 H                     0.108499       0.007105
     10 H                     0.108692       0.062976
     11 H                     0.107309       0.023467
  --------------------------------------------------------
  Sum of atomic charges =    -0.000000
  Sum of spin   charges =     2.000000

 -----------------------------------------------------------------
                    Cartesian Multipole Moments
 -----------------------------------------------------------------
    Charge (ESU x 10^10)
                -0.0000
    Dipole Moment (Debye)
         X      -0.1861      Y       0.0002      Z       0.0544
       Tot       0.1939
    Quadrupole Moments (Debye-Ang)
        XX     -39.5214     XY       0.0100     YY     -36.4047
        XZ       0.4425     YZ       0.0051     ZZ     -39.5174
    Octopole Moments (Debye-Ang^2)
       XXX    -210.1656    XXY       0.1121    XYY     -55.6159
       YYY       0.0411    XXZ     -10.8402    XYZ       0.0310
       YYZ      -8.6488    XZZ     -69.7489    YZZ       0.0233
       ZZZ     -33.7043
    Hexadecapole Moments (Debye-Ang^3)
      XXXX   -2814.4079   XXXY       1.0101   XXYY    -441.5758
      XYYY       0.2810   YYYY    -220.8883   XXXZ    -186.2505
      XXYZ       0.1976   XYYZ     -52.7868   YYYZ       0.0470
      XXZZ    -488.3118   XYZZ       0.1445   YYZZ     -55.8505
      XZZZ    -181.1027   YZZZ       0.0596   ZZZZ    -114.4574
 -----------------------------------------------------------------
 Calculating analytic gradient of the SCF energy
 Gradient of SCF Energy
            1           2           3           4           5           6
    1  -0.0000492   0.0002103   0.0000243   0.0000242  -0.0002234  -0.0000050
    2  -0.0000000  -0.0000001   0.0000133  -0.0000132   0.0000000  -0.0000210
    3  -0.0000086   0.0004066  -0.0000616  -0.0000615  -0.0003056   0.0000095
            7           8           9          10          11
    1  -0.0000007   0.0000126  -0.0000050  -0.0000006   0.0000126
    2   0.0000014   0.0000022   0.0000210  -0.0000014  -0.0000022
    3  -0.0000025   0.0000083   0.0000094  -0.0000024   0.0000083
 Max gradient component =       4.066E-04
 RMS gradient           =       1.053E-04
 Gradient time:  CPU 8.24 s  wall 0.70 s
 Geometry Optimization Parameters
   NAtoms,    NIC,     NZ,  NCons,   NDum,   NFix, NCnnct, MaxDiis
       11      62       0       1       0       0       0       0

 Cartesian Hessian Update
 Hessian Updated using BFGS Update


** CONSTRAINED OPTIMIZATION IN DELOCALIZED INTERNAL COORDINATES **
   Searching for a Minimum

   Optimization Cycle:   4

                       Coordinates (Angstroms)
     ATOM                X               Y               Z
      1  Br        4.8036100443   -0.0011601020    0.6386274756
      2  C        -0.5835958424    0.0001770072    0.2671252932
      3  C        -1.1618779802   -1.2985192042   -0.1862168907
      4  C        -1.1613815314    1.2990540715   -0.1863327587
      5  H         0.0990779799    0.0000893818    1.1122831674
      6  H        -0.5056697302   -2.1437005813    0.0448325083
      7  H        -2.1354219864   -1.5096286480    0.2916084910
      8  H        -1.3495757282   -1.2996392063   -1.2686197073
      9  H        -0.5047698649    2.1439824540    0.0444964286
     10  H        -2.1347630708    1.5106528991    0.2916058072
     11  H        -1.3492312897    1.3000909282   -1.2687078147
   Point Group: c1    Number of degrees of freedom:    27


   Energy is  -2692.327965846

              Constraints and their Current Values
                                        Value     Constraint
   Distance(Angs):        1   2             5.400000     5.400000
 Hessian Updated using BFGS Update

 24 Hessian modes will be used to form the next step
  Hessian Eigenvalues:
     0.044874    0.045000    0.045000    0.045246    0.050110    0.092085
     0.092090    0.092925    0.092930    0.156581    0.159979    0.160000
     0.160014    0.160189    0.217959    0.331388    0.331436    0.331439
     0.332243    0.338405    0.338415    0.342478    0.342811    0.350148

 Minimum Search - Taking Simple RFO Step
 Searching for Lamda that Minimizes Along All modes
 Value Taken    Lamda =   0.00000000
 Step Taken.  Stepsize is  0.003133

                             Maximum     Tolerance    Cnvgd?
         Gradient           0.000237      0.000300     YES
         Displacement       0.001840      0.001200      NO
         Energy change     -0.000065      0.000001      NO


 New Cartesian Coordinates Obtained by Inverse Iteration

 Displacement from previous Coordinates is:  0.006014
 ----------------------------------------------------------------
             Standard Nuclear Orientation (Angstroms)
    I     Atom           X                Y                Z
 ----------------------------------------------------------------
    1      Br      4.8038222497    -0.0011605501     0.6400607964
    2      C      -0.5832211629     0.0001770238     0.2662100148
    3      C      -1.1620057444    -1.2985541429    -0.1863489995
    4      C      -1.1615093576     1.2990891099    -0.1864650522
    5      H       0.1001605085     0.0000891493     1.1115611214
    6      H      -0.5055267324    -2.1436266835     0.0442074495
    7      H      -2.1350971029    -1.5095734780     0.2924367602
    8      H      -1.3507502331    -1.2998738812    -1.2685883299
    9      H      -0.5046279681     2.1439088632     0.0438722788
   10      H      -2.1344389143     1.5105969808     0.2924326885
   11      H      -1.3504045425     1.3003266087    -1.2686767279
 ----------------------------------------------------------------
 Nuclear Repulsion Energy =   153.1250194124 hartrees
 There are       31 alpha and       29 beta electrons

                       Distance Matrix (Angstroms)
             Br(  1)   C (  2)   C (  3)   C (  4)   H (  5)   H (  6)
   C (  2)  5.400000
   C (  3)  6.160949  1.492147
   C (  4)  6.161086  1.492148  2.597643
   H (  5)  4.727235  1.087028  2.228028  2.228022
   H (  6)  5.756248  2.156668  1.094655  3.512238  2.470145
   H (  7)  7.109483  2.165261  1.104840  3.010948  2.818940  1.766109
   H (  8)  6.573307  2.152868  1.098576  2.821597  3.075737  1.774755
   H (  9)  5.756423  2.156663  3.512221  1.094655  2.470160  4.287536
   H ( 10)  7.109552  2.165256  3.011011  1.104840  2.818872  4.008531
   H ( 11)  6.573557  2.152867  2.821544  1.098574  3.075758  3.781309
             H (  7)   H (  8)   H (  9)   H ( 10)
   H (  8)  1.759538
   H (  9)  4.008509  3.781285
   H ( 10)  3.020171  3.309033  1.766112
   H ( 11)  3.308830  2.600201  1.774755  1.759541
 
 Applying Cartesian multipole field
    Component          Value
    ---------          -----
     (2,0,0)        1.00000E-11
     (0,2,0)        2.00000E-11
     (0,0,2)       -3.00000E-10
 Nucleus-field energy     =     0.0000000114 hartrees
 Requested basis set is 6-31G(d,p)
 There are 41 shells and 115 basis functions
 A cutoff of  1.0D-14 yielded    713 shell pairs
 There are      5190 function pairs
 Smallest overlap matrix eigenvalue = 7.27E-04
 Guess from superposition of atomic densities
 Warning:  Energy on first SCF cycle will be non-variational
 SAD guess density has 59.972873 electrons

 -----------------------------------------------------------------------
  General SCF calculation program by
  Eric Jon Sundstrom, Paul Horn, Yuezhi Mao, Dmitri Zuev, Alec White,
  David Stuck, Shaama M.S., Shane Yost, Joonho Lee, David Small,
  Daniel Levine, Susi Lehtola, Hugh Burton, Evgeny Epifanovsky
 -----------------------------------------------------------------------
 Exchange:     0.2000 Hartree-Fock + 0.0800 Slater + 0.7200 B88
 Correlation:  0.1900 VWN1RPA + 0.8100 LYP
 Using SG-1 standard quadrature grid
 using 12 threads for integral computing
 -------------------------------------------------------
 OpenMP Integral computing Module                
 Release: version 1.0, May 2013, Q-Chem Inc. Pittsburgh 
 -------------------------------------------------------
 -------------------------------------------------------
 OpenMP BLAS3 based DFT computing Module                
 Release: version 1.0, May 2013, Q-Chem Inc. Pittsburgh 
 -------------------------------------------------------
 A unrestricted SCF calculation will be
 performed using DIIS
 SCF converges when DIIS error is below 1.0e-06
 Alpha HF Exchange    Energy = -10.71388143694432
 Beta HF Exchange     Energy = -10.71388143694432
 DFT Correlation      Energy =  -3.10437279536334
 DFT Exchange         Energy = -84.97927741637150
 One-Electron (alpha) Energy = -2019.75504152077610
 One-Electron (beta)  Energy = -2019.75504152077610
 Total Coulomb        Energy = 1300.36004214097238
 ---------------------------------------
  Cycle       Energy         DIIS error
 ---------------------------------------
    1   -2695.5364345624      1.64e-01  
 Alpha HF Exchange    Energy = -10.89669038834563
 Beta HF Exchange     Energy = -10.70105579773684
 DFT Correlation      Energy =  -3.13851078330671
 DFT Exchange         Energy = -85.90367385475295
 One-Electron (alpha) Energy = -2042.09256174730012
 One-Electron (beta)  Energy = -2008.23352579552261
 Total Coulomb        Energy = 1315.62742612615261
    2   -2692.2135728170      9.58e-03  
 Alpha HF Exchange    Energy = -10.79773677752124
 Beta HF Exchange     Energy = -10.61269491679140
 DFT Correlation      Energy =  -3.10155668490622
 DFT Exchange         Energy = -85.13567858225976
 One-Electron (alpha) Energy = -2034.38811399420683
 One-Electron (beta)  Energy = -2001.05903986430440
 Total Coulomb        Energy = 1299.75815379966116
    3   -2692.2116475965      4.33e-03  
 Alpha HF Exchange    Energy = -10.87297328753844
 Beta HF Exchange     Energy = -10.67964947171272
 DFT Correlation      Energy =  -3.12937217115856
 DFT Exchange         Energy = -85.71397230740965
 One-Electron (alpha) Energy = -2040.13822285433116
 One-Electron (beta)  Energy = -2006.22813379196145
 Total Coulomb        Energy = 1311.35169826759784
    4   -2692.2856061927      2.60e-03  
 Alpha HF Exchange    Energy = -10.84851993334983
 Beta HF Exchange     Energy = -10.65786280940657
 DFT Correlation      Energy =  -3.11939862532311
 DFT Exchange         Energy = -85.52386410134206
 One-Electron (alpha) Energy = -2038.46734080138162
 One-Electron (beta)  Energy = -2004.66533930447940
 Total Coulomb        Energy = 1307.82951555042837
    5   -2692.3277906011      2.24e-04  
 Alpha HF Exchange    Energy = -10.84693791154231
 Beta HF Exchange     Energy = -10.65633631099069
 DFT Correlation      Energy =  -3.11929562350041
 DFT Exchange         Energy = -85.51223220650027
 One-Electron (alpha) Energy = -2038.28152687127704
 One-Electron (beta)  Energy = -2004.49949284019294
 Total Coulomb        Energy = 1307.46284892540530
    6   -2692.3279534148      4.50e-05  
 Alpha HF Exchange    Energy = -10.84679233032937
 Beta HF Exchange     Energy = -10.65627383744474
 DFT Correlation      Energy =  -3.11912774313150
 DFT Exchange         Energy = -85.51118454510456
 One-Electron (alpha) Energy = -2038.27537999406263
 One-Electron (beta)  Energy = -2004.49357007152685
 Total Coulomb        Energy = 1307.44934395695191
    7   -2692.3279651409      9.03e-06  
 Alpha HF Exchange    Energy = -10.84689604137821
 Beta HF Exchange     Energy = -10.65634718385465
 DFT Correlation      Energy =  -3.11914183924355
 DFT Exchange         Energy = -85.51186801295626
 One-Electron (alpha) Energy = -2038.28463195262066
 One-Electron (beta)  Energy = -2004.50039121953569
 Total Coulomb        Energy = 1307.46629071905795
    8   -2692.3279661068      4.52e-06  
 Alpha HF Exchange    Energy = -10.84688515481582
 Beta HF Exchange     Energy = -10.65635610935350
 DFT Correlation      Energy =  -3.11913586191060
 DFT Exchange         Energy = -85.51185124254002
 One-Electron (alpha) Energy = -2038.28325332648751
 One-Electron (beta)  Energy = -2004.49954260072036
 Total Coulomb        Energy = 1307.46403859119164
    9   -2692.3279662809      2.18e-06  
 Alpha HF Exchange    Energy = -10.84688380557451
 Beta HF Exchange     Energy = -10.65635366294950
 DFT Correlation      Energy =  -3.11913361277557
 DFT Exchange         Energy = -85.51183475587885
 One-Electron (alpha) Energy = -2038.28278130219587
 One-Electron (beta)  Energy = -2004.49945485386183
 Total Coulomb        Energy = 1307.46345624795754
   10   -2692.3279663215      3.39e-07  Convergence criterion met
 ---------------------------------------
 SCF time:   CPU 24.09s  wall 2.00s 
<S^2> =          2.005442921
 Alpha HF Exchange    Energy = -10.84688380557451
 Beta HF Exchange     Energy = -10.65635366294950
 DFT Correlation      Energy =  -3.11913361277557
 DFT Exchange         Energy = -85.51183475587885
 One-Electron (alpha) Energy = -2038.28278130219587
 One-Electron (beta)  Energy = -2004.49945485386183
 Total Coulomb        Energy = 1307.46345624795754
 Nuclear repulsion Energy = 153.12501942377847
 SCF   energy in the final basis set =    -2692.3279663215
 Total energy in the final basis set =    -2692.3279663215
 
 --------------------------------------------------------------
 
                    Orbital Energies (a.u.)
 --------------------------------------------------------------
 
 Alpha MOs
 -- Occupied --
******* -62.557 -56.381 -56.374 -56.374 -10.184 -10.175 -10.175
 -8.744  -6.581  -6.559  -6.559  -2.672  -2.666  -2.666  -2.650
 -2.650  -0.797  -0.775  -0.685  -0.565  -0.446  -0.423  -0.403
 -0.380  -0.371  -0.349  -0.343  -0.323  -0.322  -0.177
 -- Virtual --
  0.107   0.127   0.147   0.166   0.175   0.183   0.188   0.192
  0.259   0.286   0.296   0.311   0.314   0.500   0.514   0.533
  0.545   0.545   0.557   0.567   0.581   0.582   0.589   0.638
  0.723   0.733   0.748   0.812   0.854   0.858   0.882   0.884
  0.928   0.945   0.948   1.247   1.297   1.354   1.359   1.535
  1.676   1.685   1.800   1.818   1.864   1.893   1.979   2.048
  2.052   2.077   2.107   2.120   2.138   2.283   2.293   2.378
  2.387   2.484   2.543   2.590   2.678   2.729   2.768   2.841
  2.869   2.911   2.968   3.155   3.206   3.351   3.426   3.428
  3.455   3.532   4.187   4.490   4.563   4.648   4.656   4.657
  4.682   4.682   6.205  90.122
 
 Beta MOs
 -- Occupied --
******* -62.556 -56.376 -56.373 -56.373 -10.176 -10.176 -10.170
 -8.740  -6.570  -6.557  -6.557  -2.664  -2.660  -2.660  -2.649
 -2.649  -0.758  -0.753  -0.683  -0.544  -0.441  -0.406  -0.397
 -0.374  -0.346  -0.338  -0.309  -0.308
 -- Virtual --
 -0.235  -0.026   0.109   0.132   0.149   0.174   0.184   0.187
  0.192   0.198   0.270   0.302   0.315   0.316   0.319   0.502
  0.517   0.576   0.588   0.589   0.591   0.591   0.593   0.594
  0.595   0.670   0.732   0.745   0.749   0.828   0.859   0.863
  0.886   0.894   0.933   0.949   0.956   1.261   1.306   1.361
  1.381   1.535   1.691   1.695   1.823   1.829   1.891   1.914
  2.004   2.053   2.058   2.082   2.112   2.124   2.145   2.286
  2.311   2.388   2.392   2.505   2.561   2.600   2.683   2.733
  2.773   2.848   2.876   2.919   2.973   3.160   3.211   3.357
  3.428   3.432   3.460   3.538   4.209   4.490   4.575   4.667
  4.671   4.671   4.684   4.684   6.221  90.129
 --------------------------------------------------------------
 
          Ground-State Mulliken Net Atomic Charges

     Atom                 Charge (a.u.)    Spin (a.u.)
  --------------------------------------------------------
      1 Br                   -0.000011       1.000079
      2 C                    -0.071468       1.019455
      3 C                    -0.333298      -0.080041
      4 C                    -0.333299      -0.080041
      5 H                     0.089053      -0.046549
      6 H                     0.108500       0.007101
      7 H                     0.108693       0.062993
      8 H                     0.107312       0.023457
      9 H                     0.108518       0.007105
     10 H                     0.108690       0.062993
     11 H                     0.107309       0.023449
  --------------------------------------------------------
  Sum of atomic charges =    -0.000000
  Sum of spin   charges =     2.000000

 -----------------------------------------------------------------
                    Cartesian Multipole Moments
 -----------------------------------------------------------------
    Charge (ESU x 10^10)
                 0.0000
    Dipole Moment (Debye)
         X      -0.1867      Y       0.0002      Z       0.0546
       Tot       0.1945
    Quadrupole Moments (Debye-Ang)
        XX     -39.5205     XY       0.0100     YY     -36.4047
        XZ       0.4426     YZ       0.0051     ZZ     -39.5185
    Octopole Moments (Debye-Ang^2)
       XXX    -210.1797    XXY       0.1123    XYY     -55.6195
       YYY       0.0411    XXZ     -10.8612    XYZ       0.0312
       YYZ      -8.6675    XZZ     -69.7562    YZZ       0.0234
       ZZZ     -33.7683
    Hexadecapole Moments (Debye-Ang^3)
      XXXX   -2814.6660   XXXY       1.0113   XXYY    -441.6131
      XYYY       0.2811   YYYY    -220.8955   XXXZ    -186.6678
      XXYZ       0.1989   XYYZ     -52.9056   YYYZ       0.0471
      XXZZ    -488.3787   XYZZ       0.1449   YYZZ     -55.8784
      XZZZ    -181.5180   YZZZ       0.0599   ZZZZ    -114.6552
 -----------------------------------------------------------------
 Calculating analytic gradient of the SCF energy
 Gradient of SCF Energy
            1           2           3           4           5           6
    1  -0.0000532  -0.0000232   0.0000249   0.0000249   0.0000251  -0.0000061
    2  -0.0000000  -0.0000000   0.0000027  -0.0000027  -0.0000000  -0.0000028
    3  -0.0000076   0.0000838  -0.0000370  -0.0000370   0.0000028   0.0000078
            7           8           9          10          11
    1  -0.0000024   0.0000092  -0.0000060  -0.0000024   0.0000092
    2   0.0000025  -0.0000007   0.0000027  -0.0000024   0.0000007
    3  -0.0000074  -0.0000028   0.0000077  -0.0000074  -0.0000028
 Max gradient component =       8.378E-05
 RMS gradient           =       2.173E-05
 Gradient time:  CPU 8.17 s  wall 0.70 s
 Geometry Optimization Parameters
   NAtoms,    NIC,     NZ,  NCons,   NDum,   NFix, NCnnct, MaxDiis
       11      62       0       1       0       0       0       0

 Cartesian Hessian Update
 Hessian Updated using BFGS Update


** CONSTRAINED OPTIMIZATION IN DELOCALIZED INTERNAL COORDINATES **
   Searching for a Minimum

   Optimization Cycle:   5

                       Coordinates (Angstroms)
     ATOM                X               Y               Z
      1  Br        4.8038222497   -0.0011605501    0.6400607964
      2  C        -0.5832211629    0.0001770238    0.2662100148
      3  C        -1.1620057444   -1.2985541429   -0.1863489995
      4  C        -1.1615093576    1.2990891099   -0.1864650522
      5  H         0.1001605085    0.0000891493    1.1115611214
      6  H        -0.5055267324   -2.1436266835    0.0442074495
      7  H        -2.1350971029   -1.5095734780    0.2924367602
      8  H        -1.3507502331   -1.2998738812   -1.2685883299
      9  H        -0.5046279681    2.1439088632    0.0438722788
     10  H        -2.1344389143    1.5105969808    0.2924326885
     11  H        -1.3504045425    1.3003266087   -1.2686767279
   Point Group: c1    Number of degrees of freedom:    27


   Energy is  -2692.327966321

              Constraints and their Current Values
                                        Value     Constraint
   Distance(Angs):        1   2             5.400000     5.400000
 Hessian Updated using BFGS Update

 24 Hessian modes will be used to form the next step
  Hessian Eigenvalues:
     0.021852    0.045000    0.045000    0.045085    0.048970    0.092085
     0.092086    0.092925    0.092926    0.156581    0.159870    0.159990
     0.160000    0.160135    0.216753    0.331434    0.331436    0.332243
     0.332426    0.338415    0.338451    0.342811    0.342953    0.494308

 Minimum Search - Taking Simple RFO Step
 Searching for Lamda that Minimizes Along All modes
 Value Taken    Lamda =   0.00000000
 Step Taken.  Stepsize is  0.004215

                             Maximum     Tolerance    Cnvgd?
         Gradient           0.000100      0.000300     YES
         Displacement       0.003036      0.001200      NO
         Energy change     -0.000000      0.000001     YES


                       Distance Matrix (Angstroms)
             Br(  1)   C (  2)   C (  3)   C (  4)   H (  5)   H (  6)
   C (  2)  5.400000
   C (  3)  6.160949  1.492147
   C (  4)  6.161086  1.492148  2.597643
   H (  5)  4.727235  1.087028  2.228028  2.228022
   H (  6)  5.756248  2.156668  1.094655  3.512238  2.470145
   H (  7)  7.109483  2.165261  1.104840  3.010948  2.818940  1.766109
   H (  8)  6.573307  2.152868  1.098576  2.821597  3.075737  1.774755
   H (  9)  5.756423  2.156663  3.512221  1.094655  2.470160  4.287536
   H ( 10)  7.109552  2.165256  3.011011  1.104840  2.818872  4.008531
   H ( 11)  6.573557  2.152867  2.821544  1.098574  3.075758  3.781309
             H (  7)   H (  8)   H (  9)   H ( 10)
   H (  8)  1.759538
   H (  9)  4.008509  3.781285
   H ( 10)  3.020171  3.309033  1.766112
   H ( 11)  3.308830  2.600201  1.774755  1.759541
 
 Final energy is   -2692.32796632150     


 ******************************
 **  OPTIMIZATION CONVERGED  **
 ******************************

                       Coordinates (Angstroms)
     ATOM                X               Y               Z
      1  Br        4.8038222497   -0.0011605501    0.6400607964
      2  C        -0.5832211629    0.0001770238    0.2662100148
      3  C        -1.1620057444   -1.2985541429   -0.1863489995
      4  C        -1.1615093576    1.2990891099   -0.1864650522
      5  H         0.1001605085    0.0000891493    1.1115611214
      6  H        -0.5055267324   -2.1436266835    0.0442074495
      7  H        -2.1350971029   -1.5095734780    0.2924367602
      8  H        -1.3507502331   -1.2998738812   -1.2685883299
      9  H        -0.5046279681    2.1439088632    0.0438722788
     10  H        -2.1344389143    1.5105969808    0.2924326885
     11  H        -1.3504045425    1.3003266087   -1.2686767279

Z-matrix Print:
$molecule
0 3
Br
H  1 4.727235
C  2 1.087028 1 123.227796
C  3 1.492147 2 118.662264 1 97.250882 0
H  4 1.094655 3 112.050878 2 -27.566162 0
H  4 1.098576 3 111.498171 2 -148.801159 0
H  4 1.104840 3 112.113182 2 92.546952 0
C  3 1.492148 2 118.661742 1 -97.260743 0
H  8 1.094655 3 112.050499 2 27.575433 0
H  8 1.098574 3 111.498195 2 148.810288 0
H  8 1.104840 3 112.112811 2 -92.537480 0
$end

PES scan, value:    5.4000 energy: -2692.3279663215
------- Summary of potential scan: ------ 
    5.4000     -2692.3279663215
----------------------------------------- 
Archival summary:
1\1\hpc0242\JobtypUnspecified\ProcedureUnspecified\6-31G**\r137(3)\knomura\WedMar1315:08:372019WedMar1315:08:372019\0\\#,JobtypUnspecified,ProcedureUnspecified,6-31G**,\\0,3\Br\H,1,4.72723\C,2,1.08703,1,123.228\C,3,1.49215,2,118.662,1,97.2509,0\H,4,1.09465,3,112.051,2,-27.5662,0\H,4,1.09858,3,111.498,2,-148.801,0\H,4,1.10484,3,112.113,2,92.547,0\C,3,1.49215,2,118.662,1,-97.2607,0\H,8,1.09465,3,112.05,2,27.5754,0\H,8,1.09857,3,111.498,2,148.81,0\H,8,1.10484,3,112.113,2,-92.5375,0\\\@

 Total job time:  15.99s(wall), 183.57s(cpu) 
 Wed Mar 13 15:08:37 2019

        *************************************************************
        *                                                           *
        *  Thank you very much for using Q-Chem.  Have a nice day.  *
        *                                                           *
        *************************************************************


