
Running Job 1 of 1 scan_ch4.xyz.data/inputs/bond_singlet_2.5.in
qchem scan_ch4.xyz.data/inputs/bond_singlet_2.5.in_31221.0 /staging/scratch/2851581/qchem31221/ 1
/usr/usc/qchem/5.1.1/exe/qcprog.exe_s scan_ch4.xyz.data/inputs/bond_singlet_2.5.in_31221.0 /staging/scratch/2851581/qchem31221/
Check license passed

                  Welcome to Q-Chem
     A Quantum Leap Into The Future Of Chemistry


 Q-Chem 5.1, Q-Chem, Inc., Pleasanton, CA (2018)

 Yihan Shao,  Zhengting Gan,  E. Epifanovsky,  A. T. B. Gilbert,  M. Wormit,  
 J. Kussmann,  A. W. Lange,  A. Behn,  Jia Deng,  Xintian Feng,  D. Ghosh,  
 M. Goldey,  P. R. Horn,  L. D. Jacobson,  I. Kaliman,  T. Kus,  A. Landau,  
 Jie Liu,  E. I. Proynov,  R. M. Richard,  R. P. Steele,  E. J. Sundstrom,  
 H. L. Woodcock III,  P. M. Zimmerman,  D. Zuev,  B. Albrecht,  E. Alguire,  
 S. A. Baeppler,  D. Barton,  Z. Benda,  Y. A. Bernard,  E. J. Berquist,  
 K. B. Bravaya,  H. Burton,  D. Casanova,  Chun-Min Chang,  Yunqing Chen,  
 A. Chien,  K. D. Closser,  M. P. Coons,  S. Coriani,  S. Dasgupta,  
 A. L. Dempwolff,  M. Diedenhofen,  Hainam Do,  R. G. Edgar,  Po-Tung Fang,  
 S. Faraji,  S. Fatehi,  Qingguo Feng,  K. D. Fenk,  J. Fosso-Tande,  
 Qinghui Ge,  A. Ghysels,  G. Gidofalvi,  J. Gomes,  J. Gonthier,  A. Gunina,  
 D. Hait,  M. W. D. Hanson-Heine,  P. H. P. Harbach,  A. W. Hauser,  
 J. E. Herr,  E. G. Hohenstein,  Z. C. Holden,  Kerwin Hui,  B. C. Huynh,  
 T.-C. Jagau,  Hyunjun Ji,  B. Kaduk,  K. Khistyaev,  Jaehoon Kim,  
 P. Klunzinger,  K. Koh,  D. Kosenkov,  L. Koulias,  T. Kowalczyk,  
 C. M. Krauter,  A. Kunitsa,  Ka Un Lao,  A. Laurent,  K. V. Lawler,  
 Joonho Lee,  D. Lefrancois,  S. Lehtola,  D. S. Levine,  Yi-Pei Li,  
 You-Sheng Lin,  Fenglai Liu,  E. Livshits,  A. Luenser,  P. Manohar,  
 E. Mansoor,  S. F. Manzer,  Shan-Ping Mao,  Yuezhi Mao,  N. Mardirossian,  
 A. V. Marenich,  T. Markovich,  L. A. Martinez-Martinez,  S. A. Maurer,  
 N. J. Mayhall,  S. C. McKenzie,  J.-M. Mewes,  A. F. Morrison,  
 J. W. Mullinax,  K. Nanda,  T. S. Nguyen-Beck,  R. Olivares-Amaya,  
 J. A. Parkhill,  T. M. Perrine,  F. Plasser,  P. Pokhilko,  S. Prager,  
 A. Prociuk,  E. Ramos,  D. R. Rehn,  F. Rob,  M. Schneider,  N. Sergueev,  
 S. M. Sharada,  S. Sharma,  D. W. Small,  T. Stauch,  T. Stein,  
 Yu-Chuan Su,  A. J. W. Thom,  A. Tkatchenko,  T. Tsuchimochi,  N. M. Tubman,  
 L. Vogt,  M. L. Vidal,  O. Vydrov,  M. A. Watson,  J. Wenzel,  
 M. de Wergifosse,  T. A. Wesolowski,  A. White,  J. Witte,  A. Yamada,  
 Jun Yang,  K. Yao,  S. Yeganeh,  S. R. Yost,  Zhi-Qiang You,  A. Zech,  
 Igor Ying Zhang,  Xing Zhang,  Yan Zhao,  Ying Zhu,  B. R. Brooks,  
 G. K. L. Chan,  C. J. Cramer,  M. S. Gordon,  W. J. Hehre,  A. Klamt,  
 M. W. Schmidt,  C. D. Sherrill,  D. G. Truhlar,  A. Aspuru-Guzik,  R. Baer,  
 A. T. Bell,  N. A. Besley,  Jeng-Da Chai,  A. E. DePrince, III,  
 R. A. DiStasio Jr.,  A. Dreuw,  B. D. Dunietz,  T. R. Furlani,  
 Chao-Ping Hsu,  Yousung Jung,  Jing Kong,  D. S. Lambrecht,  WanZhen Liang,  
 C. Ochsenfeld,  V. A. Rassolov,  L. V. Slipchenko,  J. E. Subotnik,  
 T. Van Voorhis,  J. M. Herbert,  A. I. Krylov,  P. M. W. Gill,  M. Head-Gordon

 Contributors to earlier versions of Q-Chem not listed above: 
 R. D. Adamson,  B. Austin,  J. Baker,  G. J. O. Beran,  K. Brandhorst,  
 S. T. Brown,  E. F. C. Byrd,  A. K. Chakraborty,  C.-L. Cheng,  
 Siu Hung Chien,  D. M. Chipman,  D. L. Crittenden,  H. Dachsel,  
 R. J. Doerksen,  A. D. Dutoi,  L. Fusti-Molnar,  W. A. Goddard III,  
 A. Golubeva-Zadorozhnaya,  S. R. Gwaltney,  G. Hawkins,  A. Heyden,  
 S. Hirata,  G. Kedziora,  F. J. Keil,  C. Kelley,  Jihan Kim,  R. A. King,  
 R. Z. Khaliullin,  P. P. Korambath,  W. Kurlancheek,  A. M. Lee,  M. S. Lee,  
 S. V. Levchenko,  Ching Yeh Lin,  D. Liotard,  R. C. Lochan,  I. Lotan,  
 P. E. Maslen,  N. Nair,  D. P. O'Neill,  D. Neuhauser,  E. Neuscamman,  
 C. M. Oana,  R. Olson,  B. Peters,  R. Peverati,  P. A. Pieniazek,  
 Y. M. Rhee,  J. Ritchie,  M. A. Rohrdanz,  E. Rosta,  N. J. Russ,  
 H. F. Schaefer III,  N. E. Schultz,  N. Shenvi,  A. C. Simmonett,  A. Sodt,  
 D. Stuck,  K. S. Thanthiriwatte,  V. Vanovschi,  Tao Wang,  A. Warshel,  
 C. F. Williams,  Q. Wu,  X. Xu,  W. Zhang

 Please cite Q-Chem as follows:
 Y. Shao et al., Mol. Phys. 113, 184-215 (2015)
 DOI: 10.1080/00268976.2014.952696

 Q-Chem 5.1.1 for Intel X86 EM64T Linux

 Parts of Q-Chem use Armadillo 8.300.2 (Tropical Shenanigans).
 http://arma.sourceforge.net/

 Q-Chem begins on Mon Mar 11 16:20:44 2019  

Host: 
0

     Scratch files written to /staging/scratch/2851581/qchem31221//
 Aug318 |scratch|qcdevops|jenkins|workspace|build_RNUM 6013   
Processing $rem in /usr/usc/qchem/5.1.1/config/preferences.
 MEM_TOTAL  2000 
Input Ideriv = 2
Curr. Ideriv = -1
Max.  Ideriv = 2

Checking the input file for inconsistencies... 	...done.

--------------------------------------------------------------
User input:
--------------------------------------------------------------

$comment
potential surface scanner
$end

$rem
JOBTYPE  PES_SCAN
UNRESTRICTED TRUE
SYM_IGNORE  TRUE
GEOM_OPT_MAX_CYCLES 400
SCF_MAX_CYCLES 400
METHOD   B3LYP
BASIS   6-31G**
PDB_PRINT 2
SCF_CONVERGENCE 6
THRESH 14
SCF_PRINT 1
$end
$molecule
0 1
H 0.967808 0.294824 1.713044
C -0.199681 -0.060861 -0.353464
H 0.143981 0.842569 -0.837727
H 0.279626 -0.998645 -0.597706
H -1.191835 -0.077991 0.075653
$end
$scan
stre 1 2 2.500000 2.501000 0.100000
$end
--------------------------------------------------------------
 ----------------------------------------------------------------
             Standard Nuclear Orientation (Angstroms)
    I     Atom           X                Y                Z
 ----------------------------------------------------------------
    1      H       0.9678080000     0.2948240000     1.7130440000
    2      C      -0.1996810000    -0.0608610000    -0.3534640000
    3      H       0.1439810000     0.8425690000    -0.8377270000
    4      H       0.2796260000    -0.9986450000    -0.5977060000
    5      H      -1.1918350000    -0.0779910000     0.0756530000
 ----------------------------------------------------------------
 Nuclear Repulsion Energy =    11.5664291953 hartrees
 There are        5 alpha and        5 beta electrons
 Requested basis set is 6-31G(d,p)
 There are 16 shells and 35 basis functions

 Total QAlloc Memory Limit   2000 MB
 Mega-Array Size       188 MB
 MEM_STATIC part       192 MB
A total of 1 constraints
  
            1
    1   1.0100000
    2   1.0100000
    3   2.0100000
    4   2.5000000
    5   2.5010000
    6   0.1000000
    7   0.0000000
    8   0.0000000
    9   0.0000000
   10   0.0000000

                       Distance Matrix (Angstroms)
             H (  1)   C (  2)   H (  3)   H (  4)
   C (  2)  2.400000
   H (  3)  2.735900  1.081111
   H (  4)  2.736096  1.081124  1.861741
   H (  5)  2.735708  1.081113  1.861746  1.861777
 
 A cutoff of  1.0D-14 yielded    136 shell pairs
 There are       669 function pairs
 
 -------------------------------------------------------
 OpenMP Integral Computing Module                       
 Release: version 1.0, May 2013, Q-Chem Inc. Pittsburgh 
 -------------------------------------------------------
 Integral Job Info:
 Integral job number is                      11
 Integral operator is                         1
 short-range coefficients                     0
 long-range coefficients              100000000
 Omega coefficients                           0
 if combine SR and LR in K                    0
 Integral screening is                        0
 Integral computing path is                   2
 max size of driver memory is            800000
 size of driver memory is                593474
 size of scratch memory is              2361544
 max col of scratch BK array               1296
 max len of scratch array in speh3          155
 max len of scratch index in speh4           18
 max int batch size is                      520
 min int batch size is                       52
 fixed nKL is                                52
 max L of basis functions is                  2
 order of int derivative is                   0
 number of shells is                         16
 number of basis is                          35
 number of cartesian basis is                35
 number of contracted shell pairs           136
 number of primitive shell pairs            479
 maxK2 (contraction) of shell pair           36
 max number of K2 of shell pair               1
 max number of CS2 of shell pair             16
 max number of PS2 of shell pair             48
 mem total for path MDJ                  507880
 -------------------------------------------------------
 Smallest overlap matrix eigenvalue = 2.61E-02

 Scale SEOQF with 1.000000e+00/1.000000e+00/1.000000e-01

 Standard Electronic Orientation quadrupole field applied
 Nucleus-field energy     =     0.0000000018 hartrees
 Guess from superposition of atomic densities
 Warning:  Energy on first SCF cycle will be non-variational
 SAD guess density has 10.000000 electrons

 -----------------------------------------------------------------------
  General SCF calculation program by
  Eric Jon Sundstrom, Paul Horn, Yuezhi Mao, Dmitri Zuev, Alec White,
  David Stuck, Shaama M.S., Shane Yost, Joonho Lee, David Small,
  Daniel Levine, Susi Lehtola, Hugh Burton, Evgeny Epifanovsky
 -----------------------------------------------------------------------
 Exchange:     0.2000 Hartree-Fock + 0.0800 Slater + 0.7200 B88
 Correlation:  0.1900 VWN1RPA + 0.8100 LYP
 Using SG-1 standard quadrature grid
 using 12 threads for integral computing
 -------------------------------------------------------
 OpenMP Integral computing Module                
 Release: version 1.0, May 2013, Q-Chem Inc. Pittsburgh 
 -------------------------------------------------------
 -------------------------------------------------------
 OpenMP BLAS3 based DFT computing Module                
 Release: version 1.0, May 2013, Q-Chem Inc. Pittsburgh 
 -------------------------------------------------------
 A unrestricted SCF calculation will be
 performed using DIIS
 SCF converges when DIIS error is below 1.0e-06
 Alpha HF Exchange    Energy =  -0.61799635018661
 Beta HF Exchange     Energy =  -0.61799635018661
 DFT Correlation      Energy =  -0.36765739269602
 DFT Exchange         Energy =  -4.95495611904749
 One-Electron (alpha) Energy = -37.43539745919536
 One-Electron (beta)  Energy = -37.43539745919536
 Total Coulomb        Energy =  29.65763524087236
 ---------------------------------------
  Cycle       Energy         DIIS error
 ---------------------------------------
    1     -40.2053366926      3.86e-02  
 Alpha HF Exchange    Energy =  -0.64859868698782
 Beta HF Exchange     Energy =  -0.64859868698782
 DFT Correlation      Energy =  -0.38313798430736
 DFT Exchange         Energy =  -5.18511107818043
 One-Electron (alpha) Energy = -38.67737050059377
 One-Electron (beta)  Energy = -38.67737050059380
 Total Coulomb        Energy =  32.38260979736429
    2     -40.2711484432      9.60e-03  
 Alpha HF Exchange    Energy =  -0.62892022188633
 Beta HF Exchange     Energy =  -0.62892022188633
 DFT Correlation      Energy =  -0.36069286829842
 DFT Exchange         Energy =  -4.96683292484937
 One-Electron (alpha) Energy = -36.51031055508214
 One-Electron (beta)  Energy = -36.51031055508216
 Total Coulomb        Energy =  27.96826273457387
    3     -40.0712954155      1.51e-02  
 Alpha HF Exchange    Energy =  -0.63731773642754
 Beta HF Exchange     Energy =  -0.63731773642754
 DFT Correlation      Energy =  -0.37639005747747
 DFT Exchange         Energy =  -5.08947455796756
 One-Electron (alpha) Energy = -38.12030406681912
 One-Electron (beta)  Energy = -38.12030406681912
 Total Coulomb        Energy =  31.07363578963029
    4     -40.3410432353      2.66e-03  
 Alpha HF Exchange    Energy =  -0.63502716211143
 Beta HF Exchange     Energy =  -0.63502716211143
 DFT Correlation      Energy =  -0.37259675322082
 DFT Exchange         Energy =  -5.06592896491903
 One-Electron (alpha) Energy = -37.76391755494615
 One-Electron (beta)  Energy = -37.76391755494615
 Total Coulomb        Energy =  30.32386528513826
    5     -40.3461206701      1.72e-03  
 Alpha HF Exchange    Energy =  -0.63542046879339
 Beta HF Exchange     Energy =  -0.63542046879339
 DFT Correlation      Energy =  -0.37392822189045
 DFT Exchange         Energy =  -5.07232336485295
 One-Electron (alpha) Energy = -37.89733067180196
 One-Electron (beta)  Energy = -37.89733067180195
 Total Coulomb        Energy =  30.59484213118989
    6     -40.3504825397      5.52e-05  
 Alpha HF Exchange    Energy =  -0.63546003620539
 Beta HF Exchange     Energy =  -0.63546003620539
 DFT Correlation      Energy =  -0.37398310077727
 DFT Exchange         Energy =  -5.07274372774288
 One-Electron (alpha) Energy = -37.90248549136439
 One-Electron (beta)  Energy = -37.90248549136441
 Total Coulomb        Energy =  30.60570238379191
    7     -40.3504863028      6.36e-06  
 Alpha HF Exchange    Energy =  -0.63545750848238
 Beta HF Exchange     Energy =  -0.63545750848238
 DFT Correlation      Energy =  -0.37397884741345
 DFT Exchange         Energy =  -5.07271678307083
 One-Electron (alpha) Energy = -37.90208234905839
 One-Electron (beta)  Energy = -37.90208234905841
 Total Coulomb        Energy =  30.60485980122800
    8     -40.3504863473      1.05e-06  
 Alpha HF Exchange    Energy =  -0.63545701241779
 Beta HF Exchange     Energy =  -0.63545701241779
 DFT Correlation      Energy =  -0.37397821264692
 DFT Exchange         Energy =  -5.07271150465036
 One-Electron (alpha) Energy = -37.90202345683075
 One-Electron (beta)  Energy = -37.90202345683074
 Total Coulomb        Energy =  30.60473511034487
    9     -40.3504863484      2.11e-07  Convergence criterion met
 ---------------------------------------
 SCF time:   CPU 15.18s  wall 1.00s 
<S^2> =          0.000000000
 Alpha HF Exchange    Energy =  -0.63545701241779
 Beta HF Exchange     Energy =  -0.63545701241779
 DFT Correlation      Energy =  -0.37397821264692
 DFT Exchange         Energy =  -5.07271150465036
 One-Electron (alpha) Energy = -37.90202345683075
 One-Electron (beta)  Energy = -37.90202345683074
 Total Coulomb        Energy =  30.60473511034487
 Nuclear repulsion Energy =  11.56642919704102
 SCF   energy in the final basis set =      -40.3504863484
 Total energy in the final basis set =      -40.3504863484
 
 --------------------------------------------------------------
 
                    Orbital Energies (a.u.)
 --------------------------------------------------------------
 
 Alpha MOs
 -- Occupied --
-10.243  -0.694  -0.438  -0.438  -0.239
 -- Virtual --
 -0.100   0.107   0.166   0.166   0.520   0.520   0.568   0.686
  0.865   0.865   0.889   0.942   1.421   1.421   1.900   1.900
  1.930   1.984   2.069   2.069   2.108   2.364   2.499   2.499
  2.734   2.734   3.221   3.423   3.423   4.283
 
 Beta MOs
 -- Occupied --
-10.243  -0.694  -0.438  -0.438  -0.239
 -- Virtual --
 -0.100   0.107   0.166   0.166   0.520   0.520   0.568   0.686
  0.865   0.865   0.889   0.942   1.421   1.421   1.900   1.900
  1.930   1.984   2.069   2.069   2.108   2.364   2.499   2.499
  2.734   2.734   3.221   3.423   3.423   4.283
 --------------------------------------------------------------
 
          Ground-State Mulliken Net Atomic Charges

     Atom                 Charge (a.u.)    Spin (a.u.)
  --------------------------------------------------------
      1 H                    -0.136515       0.000000
      2 C                    -0.332648      -0.000000
      3 H                     0.156392       0.000000
      4 H                     0.156385       0.000000
      5 H                     0.156386       0.000000
  --------------------------------------------------------
  Sum of atomic charges =     0.000000
  Sum of spin   charges =    -0.000000

 -----------------------------------------------------------------
                    Cartesian Multipole Moments
 -----------------------------------------------------------------
    Charge (ESU x 10^10)
                 0.0000
    Dipole Moment (Debye)
         X      -0.8684      Y      -0.2645      Z      -1.5370
       Tot       1.7851
    Quadrupole Moments (Debye-Ang)
        XX      -8.8286     XY      -0.1794     YY      -8.2938
        XZ      -1.0429     YZ      -0.3174     ZZ     -10.0844
    Octopole Moments (Debye-Ang^2)
       XXX      -1.2149    XXY      -0.1564    XYY       0.5598
       YYY      -0.2170    XXZ       0.1264    XYZ      -0.0110
       YYZ      -0.8565    XZZ      -0.0886    YZZ       0.1478
       ZZZ      -0.5858
    Hexadecapole Moments (Debye-Ang^3)
      XXXX     -23.5815   XXXY      -1.2948   XXYY      -7.0725
      XYYY      -1.6294   YYYY     -15.6968   XXXZ      -8.3843
      XXYZ      -0.8026   XYYZ      -3.0252   YYYZ      -2.4163
      XXZZ     -11.7957   XYZZ      -0.4692   YYZZ      -9.5763
      XZZZ      -8.3049   YZZZ      -2.7875   ZZZZ     -44.8362
 -----------------------------------------------------------------
 Calculating analytic gradient of the SCF energy
 Gradient of SCF Energy
            1           2           3           4           5
    1   0.0240260  -0.0240367   0.0000004  -0.0000037   0.0000142
    2   0.0073217  -0.0073225  -0.0000142   0.0000131   0.0000019
    3   0.0425434  -0.0425481   0.0000077   0.0000093  -0.0000123
 Max gradient component =       4.255E-02
 RMS gradient           =       1.804E-02
 Gradient time:  CPU 6.27 s  wall 0.75 s
 Geometry Optimization Parameters
   NAtoms,    NIC,     NZ,  NCons,   NDum,   NFix, NCnnct, MaxDiis
        5      20       0       1       0       0       0       0


** CONSTRAINED OPTIMIZATION IN DELOCALIZED INTERNAL COORDINATES **
   Searching for a Minimum

   Optimization Cycle:   1

                       Coordinates (Angstroms)
     ATOM                X               Y               Z
      1  H         0.9678080000    0.2948240000    1.7130440000
      2  C        -0.1996810000   -0.0608610000   -0.3534640000
      3  H         0.1439810000    0.8425690000   -0.8377270000
      4  H         0.2796260000   -0.9986450000   -0.5977060000
      5  H        -1.1918350000   -0.0779910000    0.0756530000
   Point Group: c1    Number of degrees of freedom:     9


   Energy is    -40.350486348

              Constraints and their Current Values
                                        Value     Constraint
   Distance(Angs):        1   2             2.400000     2.500000

 Attempting to Generate Delocalized Internal Coordinates

   Using Lagrange Multiplier Algorithm


 10 Hessian modes will be used to form the next step
  Hessian Eigenvalues:
    -0.988227    0.160000    0.160000    0.160000    0.160000    0.160000
     0.358589    0.358602    0.358605    1.011913

 Minimum Search - Taking P-RFO Step
 Searching for Lamda that Maximizes Along the Constraint modes Only
 Value Taken    Lamda =   0.02814744
 Searching for Lamda that Minimizes Along All other modes
 Value Taken    Lamda =  -0.00934480
 Step Taken.  Stepsize is  0.185013

                             Maximum     Tolerance    Cnvgd?
         Gradient            0.188974       0.000300      NO
         Displacement        0.185013       0.001200      NO
         Energy change     *********       0.000001      NO


 New Cartesian Coordinates Obtained by Inverse Iteration

 Displacement from previous Coordinates is:  0.165505
 ----------------------------------------------------------------
             Standard Nuclear Orientation (Angstroms)
    I     Atom           X                Y                Z
 ----------------------------------------------------------------
    1      H       1.0059054528     0.3064421197     1.7804978094
    2      C      -0.2091977229    -0.0637643501    -0.3703155060
    3      H       0.1344644899     0.8396824433    -0.8545982118
    4      H       0.2701001818    -1.0015705096    -0.6145935248
    5      H      -1.2013734016    -0.0808937034     0.0588094332
 ----------------------------------------------------------------
 Nuclear Repulsion Energy =    11.4958278841 hartrees
 There are        5 alpha and        5 beta electrons

                       Distance Matrix (Angstroms)
             H (  1)   C (  2)   H (  3)   H (  4)
   C (  2)  2.497904
   H (  3)  2.826214  1.081133
   H (  4)  2.826441  1.081147  1.861776
   H (  5)  2.826008  1.081136  1.861783  1.861814
 
 Applying Cartesian multipole field
    Component          Value
    ---------          -----
     (2,0,0)        1.00000E-10
     (0,2,0)        2.00000E-10
     (0,0,2)       -3.00000E-11
 Nucleus-field energy     =     0.0000000018 hartrees
 Requested basis set is 6-31G(d,p)
 There are 16 shells and 35 basis functions
 A cutoff of  1.0D-14 yielded    136 shell pairs
 There are       669 function pairs
 Smallest overlap matrix eigenvalue = 2.62E-02
 Guess from superposition of atomic densities
 Warning:  Energy on first SCF cycle will be non-variational
 SAD guess density has 10.000000 electrons

 -----------------------------------------------------------------------
  General SCF calculation program by
  Eric Jon Sundstrom, Paul Horn, Yuezhi Mao, Dmitri Zuev, Alec White,
  David Stuck, Shaama M.S., Shane Yost, Joonho Lee, David Small,
  Daniel Levine, Susi Lehtola, Hugh Burton, Evgeny Epifanovsky
 -----------------------------------------------------------------------
 Exchange:     0.2000 Hartree-Fock + 0.0800 Slater + 0.7200 B88
 Correlation:  0.1900 VWN1RPA + 0.8100 LYP
 Using SG-1 standard quadrature grid
 using 12 threads for integral computing
 -------------------------------------------------------
 OpenMP Integral computing Module                
 Release: version 1.0, May 2013, Q-Chem Inc. Pittsburgh 
 -------------------------------------------------------
 -------------------------------------------------------
 OpenMP BLAS3 based DFT computing Module                
 Release: version 1.0, May 2013, Q-Chem Inc. Pittsburgh 
 -------------------------------------------------------
 A unrestricted SCF calculation will be
 performed using DIIS
 SCF converges when DIIS error is below 1.0e-06
 Alpha HF Exchange    Energy =  -0.61764851420084
 Beta HF Exchange     Energy =  -0.61764851420084
 DFT Correlation      Energy =  -0.36723525987866
 DFT Exchange         Energy =  -4.95426013017514
 One-Electron (alpha) Energy = -37.36490688872865
 One-Electron (beta)  Energy = -37.36490688872865
 Total Coulomb        Energy =  29.58816024697981
 ---------------------------------------
  Cycle       Energy         DIIS error
 ---------------------------------------
    1     -40.2026180631      3.86e-02  
 Alpha HF Exchange    Energy =  -0.64851220301223
 Beta HF Exchange     Energy =  -0.64851220301223
 DFT Correlation      Energy =  -0.38314723624569
 DFT Exchange         Energy =  -5.18739991557050
 One-Electron (alpha) Energy = -38.64168343492264
 One-Electron (beta)  Energy = -38.64168343492263
 Total Coulomb        Energy =  32.40167821009910
    2     -40.2534323318      1.00e-02  
 Alpha HF Exchange    Energy =  -0.62906212339868
 Beta HF Exchange     Energy =  -0.62906212339868
 DFT Correlation      Energy =  -0.35973481502673
 DFT Exchange         Energy =  -4.96521738383891
 One-Electron (alpha) Energy = -36.35258720123475
 One-Electron (beta)  Energy = -36.35258720123473
 Total Coulomb        Energy =  27.75900822318532
    3     -40.0334147391      1.56e-02  
 Alpha HF Exchange    Energy =  -0.63694182900079
 Beta HF Exchange     Energy =  -0.63694182900079
 DFT Correlation      Energy =  -0.37626731373043
 DFT Exchange         Energy =  -5.09036257510277
 One-Electron (alpha) Energy = -38.07599092491753
 One-Electron (beta)  Energy = -38.07599092491752
 Total Coulomb        Energy =  31.06744093449727
    4     -40.3292265763      3.06e-03  
 Alpha HF Exchange    Energy =  -0.63428969512791
 Beta HF Exchange     Energy =  -0.63428969512791
 DFT Correlation      Energy =  -0.37158143422353
 DFT Exchange         Energy =  -5.06176615362133
 One-Electron (alpha) Energy = -37.62731000079999
 One-Electron (beta)  Energy = -37.62731000079991
 Total Coulomb        Energy =  30.12707613486294
    5     -40.3336429590      2.33e-03  
 Alpha HF Exchange    Energy =  -0.63466631930312
 Beta HF Exchange     Energy =  -0.63466631930313
 DFT Correlation      Energy =  -0.37336615403504
 DFT Exchange         Energy =  -5.06998961165517
 One-Electron (alpha) Energy = -37.81139031248657
 One-Electron (beta)  Energy = -37.81139031248652
 Total Coulomb        Energy =  30.49793953189459
    6     -40.3417016116      9.96e-05  
 Alpha HF Exchange    Energy =  -0.63473322458669
 Beta HF Exchange     Energy =  -0.63473322458669
 DFT Correlation      Energy =  -0.37346241302775
 DFT Exchange         Energy =  -5.07072331161604
 One-Electron (alpha) Energy = -37.82055487147268
 One-Electron (beta)  Energy = -37.82055487147260
 Total Coulomb        Energy =  30.51721984116742
    7     -40.3417141898      7.01e-06  
 Alpha HF Exchange    Energy =  -0.63473015465931
 Beta HF Exchange     Energy =  -0.63473015465931
 DFT Correlation      Energy =  -0.37345752195855
 DFT Exchange         Energy =  -5.07069014761939
 One-Electron (alpha) Energy = -37.82008809762932
 One-Electron (beta)  Energy = -37.82008809762916
 Total Coulomb        Energy =  30.51624204359329
    8     -40.3417142447      1.44e-06  
 Alpha HF Exchange    Energy =  -0.63472956001392
 Beta HF Exchange     Energy =  -0.63472956001392
 DFT Correlation      Energy =  -0.37345679696660
 DFT Exchange         Energy =  -5.07068385414323
 One-Electron (alpha) Energy = -37.82002018352168
 One-Electron (beta)  Energy = -37.82002018352147
 Total Coulomb        Energy =  30.51609800563668
    9     -40.3417142467      4.66e-07  Convergence criterion met
 ---------------------------------------
 SCF time:   CPU 15.31s  wall 2.00s 
<S^2> =          0.000000000
 Alpha HF Exchange    Energy =  -0.63472956001392
 Beta HF Exchange     Energy =  -0.63472956001392
 DFT Correlation      Energy =  -0.37345679696660
 DFT Exchange         Energy =  -5.07068385414323
 One-Electron (alpha) Energy = -37.82002018352168
 One-Electron (beta)  Energy = -37.82002018352147
 Total Coulomb        Energy =  30.51609800563668
 Nuclear repulsion Energy =  11.49582788582268
 SCF   energy in the final basis set =      -40.3417142467
 Total energy in the final basis set =      -40.3417142467
 
 --------------------------------------------------------------
 
                    Orbital Energies (a.u.)
 --------------------------------------------------------------
 
 Alpha MOs
 -- Occupied --
-10.245  -0.696  -0.440  -0.440  -0.235
 -- Virtual --
 -0.108   0.106   0.165   0.165   0.519   0.519   0.564   0.675
  0.863   0.863   0.888   0.944   1.419   1.419   1.900   1.900
  1.928   1.982   2.065   2.065   2.096   2.350   2.497   2.497
  2.732   2.732   3.218   3.421   3.421   4.274
 
 Beta MOs
 -- Occupied --
-10.245  -0.696  -0.440  -0.440  -0.235
 -- Virtual --
 -0.108   0.106   0.165   0.165   0.519   0.519   0.564   0.675
  0.863   0.863   0.888   0.944   1.419   1.419   1.900   1.900
  1.928   1.982   2.065   2.065   2.096   2.350   2.497   2.497
  2.732   2.732   3.218   3.421   3.421   4.274
 --------------------------------------------------------------
 
          Ground-State Mulliken Net Atomic Charges

     Atom                 Charge (a.u.)    Spin (a.u.)
  --------------------------------------------------------
      1 H                    -0.141383      -0.000000
      2 C                    -0.330589       0.000000
      3 H                     0.157327      -0.000000
      4 H                     0.157321      -0.000000
      5 H                     0.157323      -0.000000
  --------------------------------------------------------
  Sum of atomic charges =     0.000000
  Sum of spin   charges =    -0.000000

 -----------------------------------------------------------------
                    Cartesian Multipole Moments
 -----------------------------------------------------------------
    Charge (ESU x 10^10)
                 0.0000
    Dipole Moment (Debye)
         X      -0.9288      Y      -0.2829      Z      -1.6439
       Tot       1.9092
    Quadrupole Moments (Debye-Ang)
        XX      -8.8845     XY      -0.1971     YY      -8.2972
        XZ      -1.1454     YZ      -0.3486     ZZ     -10.2638
    Octopole Moments (Debye-Ang^2)
       XXX      -1.3366    XXY      -0.1817    XYY       0.5402
       YYY      -0.2359    XXZ      -0.0139    XYZ      -0.0448
       YYZ      -0.9026    XZZ      -0.3022    YZZ       0.0838
       ZZZ      -1.0274
    Hexadecapole Moments (Debye-Ang^3)
      XXXX     -24.5617   XXXY      -1.4580   XXYY      -7.2640
      XYYY      -1.7831   YYYY     -15.7693   XXXZ      -9.3692
      XXYZ      -0.9317   XYYZ      -3.3266   YYYZ      -2.6682
      XXZZ     -12.7231   XYZZ      -0.5989   YYZZ     -10.0820
      XZZZ      -9.6128   YZZZ      -3.1972   ZZZZ     -48.6291
 -----------------------------------------------------------------
 Calculating analytic gradient of the SCF energy
 Gradient of SCF Energy
            1           2           3           4           5
    1   0.0221082  -0.0211659  -0.0003444  -0.0003530  -0.0002449
    2   0.0067373  -0.0064495  -0.0001670  -0.0000261  -0.0000947
    3   0.0391458  -0.0374635  -0.0005323  -0.0005439  -0.0006062
 Max gradient component =       3.915E-02
 RMS gradient           =       1.625E-02
 Gradient time:  CPU 4.67 s  wall 0.60 s
 Geometry Optimization Parameters
   NAtoms,    NIC,     NZ,  NCons,   NDum,   NFix, NCnnct, MaxDiis
        5      20       0       1       0       0       0       0

 Cartesian Hessian Update
 Hessian Updated using BFGS Update
**WARNING** Hereditary positive definiteness endangered


** CONSTRAINED OPTIMIZATION IN DELOCALIZED INTERNAL COORDINATES **
   Searching for a Minimum

   Optimization Cycle:   2

                       Coordinates (Angstroms)
     ATOM                X               Y               Z
      1  H         1.0059054528    0.3064421197    1.7804978094
      2  C        -0.2091977229   -0.0637643501   -0.3703155060
      3  H         0.1344644899    0.8396824433   -0.8545982118
      4  H         0.2701001818   -1.0015705096   -0.6145935248
      5  H        -1.2013734016   -0.0808937034    0.0588094332
   Point Group: c1    Number of degrees of freedom:     9


   Energy is    -40.341714247

              Constraints and their Current Values
                                        Value     Constraint
   Distance(Angs):        1   2             2.497904     2.500000
 Hessian Updated using BFGS Update
**WARNING** Hereditary positive definiteness endangered

   Using Lagrange Multiplier Algorithm


  7 Hessian modes will be used to form the next step
  Hessian Eigenvalues:
    -1.010779    0.153456    0.160000    0.358589    0.358602    0.358605
     0.989477

 Minimum Search - Taking P-RFO Step
 Searching for Lamda that Maximizes Along the Constraint modes Only
 Value Taken    Lamda =   0.00000157
 Searching for Lamda that Minimizes Along All other modes
 Value Taken    Lamda =  -0.00007901
 Step Taken.  Stepsize is  0.015012

                             Maximum     Tolerance    Cnvgd?
         Gradient            0.005670       0.000300      NO
         Displacement        0.014399       0.001200      NO
         Energy change      0.008772       0.000001      NO


 New Cartesian Coordinates Obtained by Inverse Iteration

 Displacement from previous Coordinates is:  0.015909
 ----------------------------------------------------------------
             Standard Nuclear Orientation (Angstroms)
    I     Atom           X                Y                Z
 ----------------------------------------------------------------
    1      H       1.0042363332     0.3059553451     1.7775636031
    2      C      -0.2118734109    -0.0645836238    -0.3750573370
    3      H       0.1362585066     0.8408908638    -0.8523466497
    4      H       0.2719774732    -1.0019076777    -0.6121841856
    5      H      -1.2006999022    -0.0804589075     0.0618245692
 ----------------------------------------------------------------
 Nuclear Repulsion Energy =    11.4950125551 hartrees
 There are        5 alpha and        5 beta electrons

                       Distance Matrix (Angstroms)
             H (  1)   C (  2)   H (  3)   H (  4)
   C (  2)  2.500000
   H (  3)  2.820633  1.081150
   H (  4)  2.820922  1.081165  1.863331
   H (  5)  2.820429  1.081155  1.863344  1.863366
 
 Applying Cartesian multipole field
    Component          Value
    ---------          -----
     (2,0,0)        1.00000E-10
     (0,2,0)        2.00000E-10
     (0,0,2)       -3.00000E-11
 Nucleus-field energy     =     0.0000000018 hartrees
 Requested basis set is 6-31G(d,p)
 There are 16 shells and 35 basis functions
 A cutoff of  1.0D-14 yielded    136 shell pairs
 There are       669 function pairs
 Smallest overlap matrix eigenvalue = 2.63E-02
 Guess from superposition of atomic densities
 Warning:  Energy on first SCF cycle will be non-variational
 SAD guess density has 10.000000 electrons

 -----------------------------------------------------------------------
  General SCF calculation program by
  Eric Jon Sundstrom, Paul Horn, Yuezhi Mao, Dmitri Zuev, Alec White,
  David Stuck, Shaama M.S., Shane Yost, Joonho Lee, David Small,
  Daniel Levine, Susi Lehtola, Hugh Burton, Evgeny Epifanovsky
 -----------------------------------------------------------------------
 Exchange:     0.2000 Hartree-Fock + 0.0800 Slater + 0.7200 B88
 Correlation:  0.1900 VWN1RPA + 0.8100 LYP
 Using SG-1 standard quadrature grid
 using 12 threads for integral computing
 -------------------------------------------------------
 OpenMP Integral computing Module                
 Release: version 1.0, May 2013, Q-Chem Inc. Pittsburgh 
 -------------------------------------------------------
 -------------------------------------------------------
 OpenMP BLAS3 based DFT computing Module                
 Release: version 1.0, May 2013, Q-Chem Inc. Pittsburgh 
 -------------------------------------------------------
 A unrestricted SCF calculation will be
 performed using DIIS
 SCF converges when DIIS error is below 1.0e-06
 Alpha HF Exchange    Energy =  -0.61762703096262
 Beta HF Exchange     Energy =  -0.61762703096262
 DFT Correlation      Energy =  -0.36723097626255
 DFT Exchange         Energy =  -4.95422443318037
 One-Electron (alpha) Energy = -37.36413548785099
 One-Electron (beta)  Energy = -37.36413548785099
 Total Coulomb        Energy =  29.58749141285734
 ---------------------------------------
  Cycle       Energy         DIIS error
 ---------------------------------------
    1     -40.2024764774      3.86e-02  
 Alpha HF Exchange    Energy =  -0.64839896760504
 Beta HF Exchange     Energy =  -0.64839896760504
 DFT Correlation      Energy =  -0.38308921070555
 DFT Exchange         Energy =  -5.18684160984031
 One-Electron (alpha) Energy = -38.63673119207128
 One-Electron (beta)  Energy = -38.63673119207129
 Total Coulomb        Energy =  32.39119550171458
    2     -40.2539830813      9.98e-03  
 Alpha HF Exchange    Energy =  -0.62910217641298
 Beta HF Exchange     Energy =  -0.62910217641298
 DFT Correlation      Energy =  -0.35975687304713
 DFT Exchange         Energy =  -4.96553500622975
 One-Electron (alpha) Energy = -36.35452309677392
 One-Electron (beta)  Energy = -36.35452309677389
 Total Coulomb        Energy =  27.76338668532149
    3     -40.0341431835      1.56e-02  
 Alpha HF Exchange    Energy =  -0.63693205469077
 Beta HF Exchange     Energy =  -0.63693205469077
 DFT Correlation      Energy =  -0.37628464279866
 DFT Exchange         Energy =  -5.09050371242460
 One-Electron (alpha) Energy = -38.07702229793524
 One-Electron (beta)  Energy = -38.07702229793521
 Total Coulomb        Energy =  31.07088308152572
    4     -40.3288014221      3.09e-03  
 Alpha HF Exchange    Energy =  -0.63427365701293
 Beta HF Exchange     Energy =  -0.63427365701293
 DFT Correlation      Energy =  -0.37155259821615
 DFT Exchange         Energy =  -5.06166238841538
 One-Electron (alpha) Energy = -37.62379295641944
 One-Electron (beta)  Energy = -37.62379295641942
 Total Coulomb        Energy =  30.12103322841024
    5     -40.3333024282      2.36e-03  
 Alpha HF Exchange    Energy =  -0.63463592720366
 Beta HF Exchange     Energy =  -0.63463592720366
 DFT Correlation      Energy =  -0.37335007929339
 DFT Exchange         Energy =  -5.06989446888210
 One-Electron (alpha) Energy = -37.80938235454883
 One-Electron (beta)  Energy = -37.80938235454880
 Total Coulomb        Energy =  30.49472595136072
    6     -40.3415426035      1.06e-04  
 Alpha HF Exchange    Energy =  -0.63470601918447
 Beta HF Exchange     Energy =  -0.63470601918447
 DFT Correlation      Energy =  -0.37345140814563
 DFT Exchange         Energy =  -5.07066614148891
 One-Electron (alpha) Energy = -37.81903303093588
 One-Electron (beta)  Energy = -37.81903303093587
 Total Coulomb        Energy =  30.51502629906722
    7     -40.3415567940      6.54e-06  
 Alpha HF Exchange    Energy =  -0.63470310081096
 Beta HF Exchange     Energy =  -0.63470310081096
 DFT Correlation      Energy =  -0.37344672313559
 DFT Exchange         Energy =  -5.07063439639673
 One-Electron (alpha) Energy = -37.81858623674690
 One-Electron (beta)  Energy = -37.81858623674690
 Total Coulomb        Energy =  30.51409039541669
    8     -40.3415568424      1.27e-06  
 Alpha HF Exchange    Energy =  -0.63470260930744
 Beta HF Exchange     Energy =  -0.63470260930744
 DFT Correlation      Energy =  -0.37344614070172
 DFT Exchange         Energy =  -5.07062917916288
 One-Electron (alpha) Energy = -37.81853179220354
 One-Electron (beta)  Energy = -37.81853179220347
 Total Coulomb        Energy =  30.51397472219542
    9     -40.3415568438      4.51e-07  Convergence criterion met
 ---------------------------------------
 SCF time:   CPU 15.30s  wall 2.00s 
<S^2> =          0.000000000
 Alpha HF Exchange    Energy =  -0.63470260930744
 Beta HF Exchange     Energy =  -0.63470260930744
 DFT Correlation      Energy =  -0.37344614070172
 DFT Exchange         Energy =  -5.07062917916288
 One-Electron (alpha) Energy = -37.81853179220354
 One-Electron (beta)  Energy = -37.81853179220347
 Total Coulomb        Energy =  30.51397472219542
 Nuclear repulsion Energy =  11.49501255684667
 SCF   energy in the final basis set =      -40.3415568438
 Total energy in the final basis set =      -40.3415568438
 
 --------------------------------------------------------------
 
                    Orbital Energies (a.u.)
 --------------------------------------------------------------
 
 Alpha MOs
 -- Occupied --
-10.245  -0.696  -0.441  -0.441  -0.234
 -- Virtual --
 -0.108   0.106   0.165   0.165   0.519   0.519   0.564   0.674
  0.863   0.863   0.889   0.943   1.420   1.420   1.898   1.898
  1.932   1.982   2.065   2.065   2.095   2.344   2.502   2.502
  2.727   2.727   3.219   3.422   3.422   4.274
 
 Beta MOs
 -- Occupied --
-10.245  -0.696  -0.441  -0.441  -0.234
 -- Virtual --
 -0.108   0.106   0.165   0.165   0.519   0.519   0.564   0.674
  0.863   0.863   0.889   0.943   1.420   1.420   1.898   1.898
  1.932   1.982   2.065   2.065   2.095   2.344   2.502   2.502
  2.727   2.727   3.219   3.422   3.422   4.274
 --------------------------------------------------------------
 
          Ground-State Mulliken Net Atomic Charges

     Atom                 Charge (a.u.)    Spin (a.u.)
  --------------------------------------------------------
      1 H                    -0.142741      -0.000000
      2 C                    -0.330871       0.000000
      3 H                     0.157875      -0.000000
      4 H                     0.157866       0.000000
      5 H                     0.157871      -0.000000
  --------------------------------------------------------
  Sum of atomic charges =     0.000000
  Sum of spin   charges =     0.000000

 -----------------------------------------------------------------
                    Cartesian Multipole Moments
 -----------------------------------------------------------------
    Charge (ESU x 10^10)
                 0.0000
    Dipole Moment (Debye)
         X      -0.9289      Y      -0.2829      Z      -1.6440
       Tot       1.9093
    Quadrupole Moments (Debye-Ang)
        XX      -8.8875     XY      -0.2004     YY      -8.2902
        XZ      -1.1649     YZ      -0.3545     ZZ     -10.2902
    Octopole Moments (Debye-Ang^2)
       XXX      -1.3022    XXY      -0.1798    XYY       0.5605
       YYY      -0.2223    XXZ       0.0044    XYZ      -0.0487
       YYZ      -0.8804    XZZ      -0.3080    YZZ       0.0833
       ZZZ      -0.9814
    Hexadecapole Moments (Debye-Ang^3)
      XXXX     -24.5910   XXXY      -1.4653   XXYY      -7.2646
      XYYY      -1.7874   YYYY     -15.7612   XXXZ      -9.4066
      XXYZ      -0.9376   XYYZ      -3.3358   YYYZ      -2.6781
      XXZZ     -12.7556   XYZZ      -0.6054   YYZZ     -10.0994
      XZZZ      -9.6694   YZZZ      -3.2134   ZZZZ     -48.7668
 -----------------------------------------------------------------
 Calculating analytic gradient of the SCF energy
 Gradient of SCF Energy
            1           2           3           4           5
    1   0.0219914  -0.0216008  -0.0001103  -0.0001035  -0.0001767
    2   0.0067026  -0.0065841   0.0000012  -0.0000805  -0.0000392
    3   0.0389397  -0.0382451  -0.0002505  -0.0002328  -0.0002114
 Max gradient component =       3.894E-02
 RMS gradient           =       1.637E-02
 Gradient time:  CPU 4.68 s  wall 0.61 s
 Geometry Optimization Parameters
   NAtoms,    NIC,     NZ,  NCons,   NDum,   NFix, NCnnct, MaxDiis
        5      20       0       1       0       0       0       0

 Cartesian Hessian Update
 Hessian Updated using BFGS Update


** CONSTRAINED OPTIMIZATION IN DELOCALIZED INTERNAL COORDINATES **
   Searching for a Minimum

   Optimization Cycle:   3

                       Coordinates (Angstroms)
     ATOM                X               Y               Z
      1  H         1.0042363332    0.3059553451    1.7775636031
      2  C        -0.2118734109   -0.0645836238   -0.3750573370
      3  H         0.1362585066    0.8408908638   -0.8523466497
      4  H         0.2719774732   -1.0019076777   -0.6121841856
      5  H        -1.2006999022   -0.0804589075    0.0618245692
   Point Group: c1    Number of degrees of freedom:     9


   Energy is    -40.341556844

              Constraints and their Current Values
                                        Value     Constraint
   Distance(Angs):        1   2             2.500000     2.500000
 Hessian Updated using BFGS Update

  6 Hessian modes will be used to form the next step
  Hessian Eigenvalues:
     0.092236    0.160000    0.160002    0.358594    0.358604    0.360223

 Minimum Search - Taking Simple RFO Step
 Searching for Lamda that Minimizes Along All modes
 Value Taken    Lamda =  -0.00000849
 Step Taken.  Stepsize is  0.009581

                             Maximum     Tolerance    Cnvgd?
         Gradient           0.000860      0.000300      NO
         Displacement       0.009435      0.001200      NO
         Energy change      0.000157      0.000001      NO


 New Cartesian Coordinates Obtained by Inverse Iteration

 Displacement from previous Coordinates is:  0.011777
 ----------------------------------------------------------------
             Standard Nuclear Orientation (Angstroms)
    I     Atom           X                Y                Z
 ----------------------------------------------------------------
    1      H       1.0025702621     0.3054795118     1.7746425147
    2      C      -0.2135243365    -0.0650933446    -0.3779811481
    3      H       0.1375111857     0.8415339055    -0.8505036483
    4      H       0.2732372265    -1.0018962405    -0.6103260676
    5      H      -1.1998953379    -0.0801278322     0.0639683493
 ----------------------------------------------------------------
 Nuclear Repulsion Energy =    11.4972881873 hartrees
 There are        5 alpha and        5 beta electrons

                       Distance Matrix (Angstroms)
             H (  1)   C (  2)   H (  3)   H (  4)
   C (  2)  2.500000
   H (  3)  2.815506  1.080961
   H (  4)  2.815889  1.080981  1.863959
   H (  5)  2.815307  1.080959  1.863968  1.863988
 
 Applying Cartesian multipole field
    Component          Value
    ---------          -----
     (2,0,0)        1.00000E-10
     (0,2,0)        2.00000E-10
     (0,0,2)       -3.00000E-11
 Nucleus-field energy     =     0.0000000018 hartrees
 Requested basis set is 6-31G(d,p)
 There are 16 shells and 35 basis functions
 A cutoff of  1.0D-14 yielded    136 shell pairs
 There are       669 function pairs
 Smallest overlap matrix eigenvalue = 2.64E-02
 Guess from superposition of atomic densities
 Warning:  Energy on first SCF cycle will be non-variational
 SAD guess density has 10.000000 electrons

 -----------------------------------------------------------------------
  General SCF calculation program by
  Eric Jon Sundstrom, Paul Horn, Yuezhi Mao, Dmitri Zuev, Alec White,
  David Stuck, Shaama M.S., Shane Yost, Joonho Lee, David Small,
  Daniel Levine, Susi Lehtola, Hugh Burton, Evgeny Epifanovsky
 -----------------------------------------------------------------------
 Exchange:     0.2000 Hartree-Fock + 0.0800 Slater + 0.7200 B88
 Correlation:  0.1900 VWN1RPA + 0.8100 LYP
 Using SG-1 standard quadrature grid
 using 12 threads for integral computing
 -------------------------------------------------------
 OpenMP Integral computing Module                
 Release: version 1.0, May 2013, Q-Chem Inc. Pittsburgh 
 -------------------------------------------------------
 -------------------------------------------------------
 OpenMP BLAS3 based DFT computing Module                
 Release: version 1.0, May 2013, Q-Chem Inc. Pittsburgh 
 -------------------------------------------------------
 A unrestricted SCF calculation will be
 performed using DIIS
 SCF converges when DIIS error is below 1.0e-06
 Alpha HF Exchange    Energy =  -0.61765199338720
 Beta HF Exchange     Energy =  -0.61765199338720
 DFT Correlation      Energy =  -0.36724134777465
 DFT Exchange         Energy =  -4.95428699327302
 One-Electron (alpha) Energy = -37.36611439495163
 One-Electron (beta)  Energy = -37.36611439495163
 Total Coulomb        Energy =  29.58913188694546
 ---------------------------------------
  Cycle       Energy         DIIS error
 ---------------------------------------
    1     -40.2026410417      3.86e-02  
 Alpha HF Exchange    Energy =  -0.64836876575034
 Beta HF Exchange     Energy =  -0.64836876575034
 DFT Correlation      Energy =  -0.38307286502764
 DFT Exchange         Energy =  -5.18675077449808
 One-Electron (alpha) Energy = -38.63660761515259
 One-Electron (beta)  Energy = -38.63660761515265
 Total Coulomb        Energy =  32.38812204934278
    2     -40.2543661629      9.97e-03  
 Alpha HF Exchange    Energy =  -0.62914513019272
 Beta HF Exchange     Energy =  -0.62914513019272
 DFT Correlation      Energy =  -0.35978724826598
 DFT Exchange         Energy =  -4.96586944909417
 One-Electron (alpha) Energy = -36.35876923832634
 One-Electron (beta)  Energy = -36.35876923832632
 Total Coulomb        Energy =  27.76942138016763
    3     -40.0347758651      1.56e-02  
 Alpha HF Exchange    Energy =  -0.63695095383641
 Beta HF Exchange     Energy =  -0.63695095383641
 DFT Correlation      Energy =  -0.37630540218709
 DFT Exchange         Energy =  -5.09072884123936
 One-Electron (alpha) Energy = -38.07981426635187
 One-Electron (beta)  Energy = -38.07981426635197
 Total Coulomb        Energy =  31.07458787318161
    4     -40.3286886215      3.11e-03  
 Alpha HF Exchange    Energy =  -0.63429517484786
 Beta HF Exchange     Energy =  -0.63429517484786
 DFT Correlation      Energy =  -0.37155724146891
 DFT Exchange         Energy =  -5.06181391868874
 One-Electron (alpha) Energy = -37.62504296213881
 One-Electron (beta)  Energy = -37.62504296213881
 Total Coulomb        Energy =  30.12151473323753
    5     -40.3332445118      2.37e-03  
 Alpha HF Exchange    Energy =  -0.63464921450816
 Beta HF Exchange     Energy =  -0.63464921450816
 DFT Correlation      Energy =  -0.37335737384298
 DFT Exchange         Energy =  -5.07003139472909
 One-Electron (alpha) Energy = -37.81096020118974
 One-Electron (beta)  Energy = -37.81096020118976
 Total Coulomb        Energy =  30.49577340898286
    6     -40.3415460019      1.09e-04  
 Alpha HF Exchange    Energy =  -0.63472077724026
 Beta HF Exchange     Energy =  -0.63472077724026
 DFT Correlation      Energy =  -0.37346108632944
 DFT Exchange         Energy =  -5.07082093152768
 One-Electron (alpha) Energy = -37.82083853398526
 One-Electron (beta)  Energy = -37.82083853398541
 Total Coulomb        Energy =  30.51655142657718
    7     -40.3415610246      6.20e-06  
 Alpha HF Exchange    Energy =  -0.63471799180312
 Beta HF Exchange     Energy =  -0.63471799180312
 DFT Correlation      Energy =  -0.37345658597785
 DFT Exchange         Energy =  -5.07079048257275
 One-Electron (alpha) Energy = -37.82040960454855
 One-Electron (beta)  Energy = -37.82040960454862
 Total Coulomb        Energy =  30.51565300373953
    8     -40.3415610684      1.16e-06  
 Alpha HF Exchange    Energy =  -0.63471755649766
 Beta HF Exchange     Energy =  -0.63471755649766
 DFT Correlation      Energy =  -0.37345607939890
 DFT Exchange         Energy =  -5.07078585284123
 One-Electron (alpha) Energy = -37.82036230668982
 One-Electron (beta)  Energy = -37.82036230668996
 Total Coulomb        Energy =  30.51555239991137
    9     -40.3415610696      4.35e-07  Convergence criterion met
 ---------------------------------------
 SCF time:   CPU 15.39s  wall 1.00s 
<S^2> =          0.000000000
 Alpha HF Exchange    Energy =  -0.63471755649766
 Beta HF Exchange     Energy =  -0.63471755649766
 DFT Correlation      Energy =  -0.37345607939890
 DFT Exchange         Energy =  -5.07078585284123
 One-Electron (alpha) Energy = -37.82036230668982
 One-Electron (beta)  Energy = -37.82036230668996
 Total Coulomb        Energy =  30.51555239991137
 Nuclear repulsion Energy =  11.49728818910459
 SCF   energy in the final basis set =      -40.3415610696
 Total energy in the final basis set =      -40.3415610696
 
 --------------------------------------------------------------
 
                    Orbital Energies (a.u.)
 --------------------------------------------------------------
 
 Alpha MOs
 -- Occupied --
-10.245  -0.696  -0.441  -0.441  -0.234
 -- Virtual --
 -0.108   0.106   0.165   0.165   0.519   0.519   0.564   0.673
  0.863   0.863   0.889   0.943   1.420   1.420   1.897   1.897
  1.935   1.981   2.065   2.065   2.095   2.341   2.506   2.506
  2.725   2.725   3.220   3.423   3.424   4.274
 
 Beta MOs
 -- Occupied --
-10.245  -0.696  -0.441  -0.441  -0.234
 -- Virtual --
 -0.108   0.106   0.165   0.165   0.519   0.519   0.564   0.673
  0.863   0.863   0.889   0.943   1.420   1.420   1.897   1.897
  1.935   1.981   2.065   2.065   2.095   2.341   2.506   2.506
  2.725   2.725   3.220   3.423   3.424   4.274
 --------------------------------------------------------------
 
          Ground-State Mulliken Net Atomic Charges

     Atom                 Charge (a.u.)    Spin (a.u.)
  --------------------------------------------------------
      1 H                    -0.143549       0.000000
      2 C                    -0.331100      -0.000000
      3 H                     0.158222      -0.000000
      4 H                     0.158210       0.000000
      5 H                     0.158218       0.000000
  --------------------------------------------------------
  Sum of atomic charges =     0.000000
  Sum of spin   charges =     0.000000

 -----------------------------------------------------------------
                    Cartesian Multipole Moments
 -----------------------------------------------------------------
    Charge (ESU x 10^10)
                 0.0000
    Dipole Moment (Debye)
         X      -0.9278      Y      -0.2826      Z      -1.6421
       Tot       1.9072
    Quadrupole Moments (Debye-Ang)
        XX      -8.8885     XY      -0.2022     YY      -8.2857
        XZ      -1.1756     YZ      -0.3577     ZZ     -10.3040
    Octopole Moments (Debye-Ang^2)
       XXX      -1.2763    XXY      -0.1781    XYY       0.5738
       YYY      -0.2129    XXZ       0.0187    XYZ      -0.0507
       YYZ      -0.8642    XZZ      -0.3082    YZZ       0.0838
       ZZZ      -0.9431
    Hexadecapole Moments (Debye-Ang^3)
      XXXX     -24.5933   XXXY      -1.4679   XXYY      -7.2608
      XYYY      -1.7879   YYYY     -15.7518   XXXZ      -9.4166
      XXYZ      -0.9396   XYYZ      -3.3373   YYYZ      -2.6813
      XXZZ     -12.7615   XYZZ      -0.6077   YYZZ     -10.1029
      XZZZ      -9.6864   YZZZ      -3.2177   ZZZZ     -48.7971
 -----------------------------------------------------------------
 Calculating analytic gradient of the SCF energy
 Gradient of SCF Energy
            1           2           3           4           5
    1   0.0219396  -0.0219479  -0.0000018  -0.0000029   0.0000130
    2   0.0066883  -0.0066874  -0.0000128   0.0000116   0.0000004
    3   0.0388492  -0.0388524   0.0000056   0.0000078  -0.0000101
 Max gradient component =       3.885E-02
 RMS gradient           =       1.647E-02
 Gradient time:  CPU 4.69 s  wall 0.61 s
 Geometry Optimization Parameters
   NAtoms,    NIC,     NZ,  NCons,   NDum,   NFix, NCnnct, MaxDiis
        5      20       0       1       0       0       0       0

 Cartesian Hessian Update
 Hessian Updated using BFGS Update


** CONSTRAINED OPTIMIZATION IN DELOCALIZED INTERNAL COORDINATES **
   Searching for a Minimum

   Optimization Cycle:   4

                       Coordinates (Angstroms)
     ATOM                X               Y               Z
      1  H         1.0025702621    0.3054795118    1.7746425147
      2  C        -0.2135243365   -0.0650933446   -0.3779811481
      3  H         0.1375111857    0.8415339055   -0.8505036483
      4  H         0.2732372265   -1.0018962405   -0.6103260676
      5  H        -1.1998953379   -0.0801278322    0.0639683493
   Point Group: c1    Number of degrees of freedom:     9


   Energy is    -40.341561070

              Constraints and their Current Values
                                        Value     Constraint
   Distance(Angs):        1   2             2.500000     2.500000
 Hessian Updated using BFGS Update

  7 Hessian modes will be used to form the next step
  Hessian Eigenvalues:
     0.092549    0.160000    0.160000    0.160008    0.358594    0.358604
     0.360886

 Minimum Search - Taking Simple RFO Step
 Searching for Lamda that Minimizes Along All modes
 Value Taken    Lamda =   0.00000000
 Step Taken.  Stepsize is  0.000084

                             Maximum     Tolerance    Cnvgd?
         Gradient           0.000025      0.000300     YES
         Displacement       0.000073      0.001200     YES
         Energy change     -0.000004      0.000001      NO


                       Distance Matrix (Angstroms)
             H (  1)   C (  2)   H (  3)   H (  4)
   C (  2)  2.500000
   H (  3)  2.815506  1.080961
   H (  4)  2.815889  1.080981  1.863959
   H (  5)  2.815307  1.080959  1.863968  1.863988
 
 Final energy is   -40.3415610695993     


 ******************************
 **  OPTIMIZATION CONVERGED  **
 ******************************

                       Coordinates (Angstroms)
     ATOM                X               Y               Z
      1  H         1.0025702621    0.3054795118    1.7746425147
      2  C        -0.2135243365   -0.0650933446   -0.3779811481
      3  H         0.1375111857    0.8415339055   -0.8505036483
      4  H         0.2732372265   -1.0018962405   -0.6103260676
      5  H        -1.1998953379   -0.0801278322    0.0639683493

Z-matrix Print:
$molecule
0 1
C 
H  1 1.080959
H  1 1.080961 2 119.124829
H  1 1.080981 2 119.125058 3 -161.473566 0
H  1 2.500000 2 95.387707 3 99.250195 0
$end

PES scan, value:    2.5000 energy:  -40.3415610696
------- Summary of potential scan: ------ 
    2.5000       -40.3415610696
----------------------------------------- 
Archival summary:
1\1\hpc0243\JobtypUnspecified\ProcedureUnspecified\6-31G**\14\knomura\MonMar1116:20:542019MonMar1116:20:542019\0\\#,JobtypUnspecified,ProcedureUnspecified,6-31G**,\\0,1\C\H,1,1.08096\H,1,1.08096,2,119.125\H,1,1.08098,2,119.125,3,-161.474,0\H,1,2.5,2,95.3877,3,99.2502,0\\\@

 Total job time:  10.02s(wall), 98.87s(cpu) 
 Mon Mar 11 16:20:54 2019

        *************************************************************
        *                                                           *
        *  Thank you very much for using Q-Chem.  Have a nice day.  *
        *                                                           *
        *************************************************************


