
Running Job 1 of 1 scan_ch4.xyz.data/inputs/bond_singlet_2.2.in
qchem scan_ch4.xyz.data/inputs/bond_singlet_2.2.in_31131.0 /staging/scratch/2851581/qchem31131/ 1
/usr/usc/qchem/5.1.1/exe/qcprog.exe_s scan_ch4.xyz.data/inputs/bond_singlet_2.2.in_31131.0 /staging/scratch/2851581/qchem31131/
Check license passed

                  Welcome to Q-Chem
     A Quantum Leap Into The Future Of Chemistry


 Q-Chem 5.1, Q-Chem, Inc., Pleasanton, CA (2018)

 Yihan Shao,  Zhengting Gan,  E. Epifanovsky,  A. T. B. Gilbert,  M. Wormit,  
 J. Kussmann,  A. W. Lange,  A. Behn,  Jia Deng,  Xintian Feng,  D. Ghosh,  
 M. Goldey,  P. R. Horn,  L. D. Jacobson,  I. Kaliman,  T. Kus,  A. Landau,  
 Jie Liu,  E. I. Proynov,  R. M. Richard,  R. P. Steele,  E. J. Sundstrom,  
 H. L. Woodcock III,  P. M. Zimmerman,  D. Zuev,  B. Albrecht,  E. Alguire,  
 S. A. Baeppler,  D. Barton,  Z. Benda,  Y. A. Bernard,  E. J. Berquist,  
 K. B. Bravaya,  H. Burton,  D. Casanova,  Chun-Min Chang,  Yunqing Chen,  
 A. Chien,  K. D. Closser,  M. P. Coons,  S. Coriani,  S. Dasgupta,  
 A. L. Dempwolff,  M. Diedenhofen,  Hainam Do,  R. G. Edgar,  Po-Tung Fang,  
 S. Faraji,  S. Fatehi,  Qingguo Feng,  K. D. Fenk,  J. Fosso-Tande,  
 Qinghui Ge,  A. Ghysels,  G. Gidofalvi,  J. Gomes,  J. Gonthier,  A. Gunina,  
 D. Hait,  M. W. D. Hanson-Heine,  P. H. P. Harbach,  A. W. Hauser,  
 J. E. Herr,  E. G. Hohenstein,  Z. C. Holden,  Kerwin Hui,  B. C. Huynh,  
 T.-C. Jagau,  Hyunjun Ji,  B. Kaduk,  K. Khistyaev,  Jaehoon Kim,  
 P. Klunzinger,  K. Koh,  D. Kosenkov,  L. Koulias,  T. Kowalczyk,  
 C. M. Krauter,  A. Kunitsa,  Ka Un Lao,  A. Laurent,  K. V. Lawler,  
 Joonho Lee,  D. Lefrancois,  S. Lehtola,  D. S. Levine,  Yi-Pei Li,  
 You-Sheng Lin,  Fenglai Liu,  E. Livshits,  A. Luenser,  P. Manohar,  
 E. Mansoor,  S. F. Manzer,  Shan-Ping Mao,  Yuezhi Mao,  N. Mardirossian,  
 A. V. Marenich,  T. Markovich,  L. A. Martinez-Martinez,  S. A. Maurer,  
 N. J. Mayhall,  S. C. McKenzie,  J.-M. Mewes,  A. F. Morrison,  
 J. W. Mullinax,  K. Nanda,  T. S. Nguyen-Beck,  R. Olivares-Amaya,  
 J. A. Parkhill,  T. M. Perrine,  F. Plasser,  P. Pokhilko,  S. Prager,  
 A. Prociuk,  E. Ramos,  D. R. Rehn,  F. Rob,  M. Schneider,  N. Sergueev,  
 S. M. Sharada,  S. Sharma,  D. W. Small,  T. Stauch,  T. Stein,  
 Yu-Chuan Su,  A. J. W. Thom,  A. Tkatchenko,  T. Tsuchimochi,  N. M. Tubman,  
 L. Vogt,  M. L. Vidal,  O. Vydrov,  M. A. Watson,  J. Wenzel,  
 M. de Wergifosse,  T. A. Wesolowski,  A. White,  J. Witte,  A. Yamada,  
 Jun Yang,  K. Yao,  S. Yeganeh,  S. R. Yost,  Zhi-Qiang You,  A. Zech,  
 Igor Ying Zhang,  Xing Zhang,  Yan Zhao,  Ying Zhu,  B. R. Brooks,  
 G. K. L. Chan,  C. J. Cramer,  M. S. Gordon,  W. J. Hehre,  A. Klamt,  
 M. W. Schmidt,  C. D. Sherrill,  D. G. Truhlar,  A. Aspuru-Guzik,  R. Baer,  
 A. T. Bell,  N. A. Besley,  Jeng-Da Chai,  A. E. DePrince, III,  
 R. A. DiStasio Jr.,  A. Dreuw,  B. D. Dunietz,  T. R. Furlani,  
 Chao-Ping Hsu,  Yousung Jung,  Jing Kong,  D. S. Lambrecht,  WanZhen Liang,  
 C. Ochsenfeld,  V. A. Rassolov,  L. V. Slipchenko,  J. E. Subotnik,  
 T. Van Voorhis,  J. M. Herbert,  A. I. Krylov,  P. M. W. Gill,  M. Head-Gordon

 Contributors to earlier versions of Q-Chem not listed above: 
 R. D. Adamson,  B. Austin,  J. Baker,  G. J. O. Beran,  K. Brandhorst,  
 S. T. Brown,  E. F. C. Byrd,  A. K. Chakraborty,  C.-L. Cheng,  
 Siu Hung Chien,  D. M. Chipman,  D. L. Crittenden,  H. Dachsel,  
 R. J. Doerksen,  A. D. Dutoi,  L. Fusti-Molnar,  W. A. Goddard III,  
 A. Golubeva-Zadorozhnaya,  S. R. Gwaltney,  G. Hawkins,  A. Heyden,  
 S. Hirata,  G. Kedziora,  F. J. Keil,  C. Kelley,  Jihan Kim,  R. A. King,  
 R. Z. Khaliullin,  P. P. Korambath,  W. Kurlancheek,  A. M. Lee,  M. S. Lee,  
 S. V. Levchenko,  Ching Yeh Lin,  D. Liotard,  R. C. Lochan,  I. Lotan,  
 P. E. Maslen,  N. Nair,  D. P. O'Neill,  D. Neuhauser,  E. Neuscamman,  
 C. M. Oana,  R. Olson,  B. Peters,  R. Peverati,  P. A. Pieniazek,  
 Y. M. Rhee,  J. Ritchie,  M. A. Rohrdanz,  E. Rosta,  N. J. Russ,  
 H. F. Schaefer III,  N. E. Schultz,  N. Shenvi,  A. C. Simmonett,  A. Sodt,  
 D. Stuck,  K. S. Thanthiriwatte,  V. Vanovschi,  Tao Wang,  A. Warshel,  
 C. F. Williams,  Q. Wu,  X. Xu,  W. Zhang

 Please cite Q-Chem as follows:
 Y. Shao et al., Mol. Phys. 113, 184-215 (2015)
 DOI: 10.1080/00268976.2014.952696

 Q-Chem 5.1.1 for Intel X86 EM64T Linux

 Parts of Q-Chem use Armadillo 8.300.2 (Tropical Shenanigans).
 http://arma.sourceforge.net/

 Q-Chem begins on Mon Mar 11 16:20:11 2019  

Host: 
0

     Scratch files written to /staging/scratch/2851581/qchem31131//
 Aug318 |scratch|qcdevops|jenkins|workspace|build_RNUM 6013   
Processing $rem in /usr/usc/qchem/5.1.1/config/preferences.
 MEM_TOTAL  2000 
Input Ideriv = 2
Curr. Ideriv = -1
Max.  Ideriv = 2

Checking the input file for inconsistencies... 	...done.

--------------------------------------------------------------
User input:
--------------------------------------------------------------

$comment
potential surface scanner
$end

$rem
JOBTYPE  PES_SCAN
UNRESTRICTED TRUE
SYM_IGNORE  TRUE
GEOM_OPT_MAX_CYCLES 400
SCF_MAX_CYCLES 400
METHOD   B3LYP
BASIS   6-31G**
PDB_PRINT 2
SCF_CONVERGENCE 6
THRESH 14
SCF_PRINT 1
$end
$molecule
0 1
H 0.866082 0.263723 1.532703
C -0.155638 -0.047414 -0.275413
H 0.161067 0.843492 -0.801558
H 0.296087 -0.987767 -0.562652
H -1.167699 -0.072138 0.106720
$end
$scan
stre 1 2 2.200000 2.201000 0.100000
$end
--------------------------------------------------------------
 ----------------------------------------------------------------
             Standard Nuclear Orientation (Angstroms)
    I     Atom           X                Y                Z
 ----------------------------------------------------------------
    1      H       0.8660820000     0.2637230000     1.5327030000
    2      C      -0.1556380000    -0.0474140000    -0.2754130000
    3      H       0.1610670000     0.8434920000    -0.8015580000
    4      H       0.2960870000    -0.9877670000    -0.5626520000
    5      H      -1.1676990000    -0.0721380000     0.1067200000
 ----------------------------------------------------------------
 Nuclear Repulsion Energy =    11.8054566986 hartrees
 There are        5 alpha and        5 beta electrons
 Requested basis set is 6-31G(d,p)
 There are 16 shells and 35 basis functions

 Total QAlloc Memory Limit   2000 MB
 Mega-Array Size       188 MB
 MEM_STATIC part       192 MB
A total of 1 constraints
  
            1
    1   1.0100000
    2   1.0100000
    3   2.0100000
    4   2.2000000
    5   2.2010000
    6   0.1000000
    7   0.0000000
    8   0.0000000
    9   0.0000000
   10   0.0000000

                       Distance Matrix (Angstroms)
             H (  1)   C (  2)   H (  3)   H (  4)
   C (  2)  2.100000
   H (  3)  2.506382  1.082056
   H (  4)  2.506319  1.082047  1.851706
   H (  5)  2.506491  1.082083  1.851747  1.851784
 
 A cutoff of  1.0D-14 yielded    136 shell pairs
 There are       669 function pairs
 
 -------------------------------------------------------
 OpenMP Integral Computing Module                       
 Release: version 1.0, May 2013, Q-Chem Inc. Pittsburgh 
 -------------------------------------------------------
 Integral Job Info:
 Integral job number is                      11
 Integral operator is                         1
 short-range coefficients                     0
 long-range coefficients              100000000
 Omega coefficients                           0
 if combine SR and LR in K                    0
 Integral screening is                        0
 Integral computing path is                   2
 max size of driver memory is            800000
 size of driver memory is                593474
 size of scratch memory is              2361544
 max col of scratch BK array               1296
 max len of scratch array in speh3          155
 max len of scratch index in speh4           18
 max int batch size is                      520
 min int batch size is                       52
 fixed nKL is                                52
 max L of basis functions is                  2
 order of int derivative is                   0
 number of shells is                         16
 number of basis is                          35
 number of cartesian basis is                35
 number of contracted shell pairs           136
 number of primitive shell pairs            480
 maxK2 (contraction) of shell pair           36
 max number of K2 of shell pair               1
 max number of CS2 of shell pair             16
 max number of PS2 of shell pair             48
 mem total for path MDJ                  507880
 -------------------------------------------------------
 Smallest overlap matrix eigenvalue = 2.47E-02

 Scale SEOQF with 1.000000e+00/1.000000e+00/1.000000e+00

 Standard Electronic Orientation quadrupole field applied
 Nucleus-field energy     =    -0.0000000019 hartrees
 Guess from superposition of atomic densities
 Warning:  Energy on first SCF cycle will be non-variational
 SAD guess density has 10.000000 electrons

 -----------------------------------------------------------------------
  General SCF calculation program by
  Eric Jon Sundstrom, Paul Horn, Yuezhi Mao, Dmitri Zuev, Alec White,
  David Stuck, Shaama M.S., Shane Yost, Joonho Lee, David Small,
  Daniel Levine, Susi Lehtola, Hugh Burton, Evgeny Epifanovsky
 -----------------------------------------------------------------------
 Exchange:     0.2000 Hartree-Fock + 0.0800 Slater + 0.7200 B88
 Correlation:  0.1900 VWN1RPA + 0.8100 LYP
 Using SG-1 standard quadrature grid
 using 12 threads for integral computing
 -------------------------------------------------------
 OpenMP Integral computing Module                
 Release: version 1.0, May 2013, Q-Chem Inc. Pittsburgh 
 -------------------------------------------------------
 -------------------------------------------------------
 OpenMP BLAS3 based DFT computing Module                
 Release: version 1.0, May 2013, Q-Chem Inc. Pittsburgh 
 -------------------------------------------------------
 A unrestricted SCF calculation will be
 performed using DIIS
 SCF converges when DIIS error is below 1.0e-06
 Alpha HF Exchange    Energy =  -0.61975450723552
 Beta HF Exchange     Energy =  -0.61975450723552
 DFT Correlation      Energy =  -0.36921637997370
 DFT Exchange         Energy =  -4.95847982367031
 One-Electron (alpha) Energy = -37.67507098531063
 One-Electron (beta)  Energy = -37.67507098531063
 Total Coulomb        Energy =  29.89264535813243
 ---------------------------------------
  Cycle       Energy         DIIS error
 ---------------------------------------
    1     -40.2192451339      3.89e-02  
 Alpha HF Exchange    Energy =  -0.65045685029491
 Beta HF Exchange     Energy =  -0.65045685029491
 DFT Correlation      Energy =  -0.38405214990371
 DFT Exchange         Energy =  -5.18782547457234
 One-Electron (alpha) Energy = -38.86735221927799
 One-Electron (beta)  Energy = -38.86735221927798
 Total Coulomb        Energy =  32.48252384907811
    2     -40.3195152178      8.81e-03  
 Alpha HF Exchange    Energy =  -0.62846660817513
 Beta HF Exchange     Energy =  -0.62846660817513
 DFT Correlation      Energy =  -0.36404629847531
 DFT Exchange         Energy =  -4.97160429066714
 One-Electron (alpha) Energy = -37.02393012589401
 One-Electron (beta)  Energy = -37.02393012589397
 Total Coulomb        Energy =  28.64575569632402
    3     -40.1892316642      1.36e-02  
 Alpha HF Exchange    Energy =  -0.63900866707935
 Beta HF Exchange     Energy =  -0.63900866707935
 DFT Correlation      Energy =  -0.37707649177940
 DFT Exchange         Energy =  -5.08983575602213
 One-Electron (alpha) Energy = -38.28866821023792
 One-Electron (beta)  Energy = -38.28866821023789
 Total Coulomb        Energy =  31.13669939726694
    4     -40.3801099085      1.36e-03  
 Alpha HF Exchange    Energy =  -0.63788506943521
 Beta HF Exchange     Energy =  -0.63788506943521
 DFT Correlation      Energy =  -0.37543789695468
 DFT Exchange         Energy =  -5.07936991071355
 One-Electron (alpha) Energy = -38.14151491896336
 One-Electron (beta)  Energy = -38.14151491896335
 Total Coulomb        Energy =  30.82608955905248
    5     -40.3820615287      6.06e-04  
 Alpha HF Exchange    Energy =  -0.63812810458684
 Beta HF Exchange     Energy =  -0.63812810458684
 DFT Correlation      Energy =  -0.37589801956770
 DFT Exchange         Energy =  -5.08190576176675
 One-Electron (alpha) Energy = -38.18433926343048
 One-Electron (beta)  Energy = -38.18433926343049
 Total Coulomb        Energy =  30.91469784241884
    6     -40.3825839782      1.47e-05  
 Alpha HF Exchange    Energy =  -0.63813739789217
 Beta HF Exchange     Energy =  -0.63813739789217
 DFT Correlation      Energy =  -0.37590938896445
 DFT Exchange         Energy =  -5.08199046026267
 One-Electron (alpha) Energy = -38.18536656222150
 One-Electron (beta)  Energy = -38.18536656222147
 Total Coulomb        Energy =  30.91686690669625
    7     -40.3825841660      3.53e-06  
 Alpha HF Exchange    Energy =  -0.63813662470277
 Beta HF Exchange     Energy =  -0.63813662470277
 DFT Correlation      Energy =  -0.37590786568128
 DFT Exchange         Energy =  -5.08198240638305
 One-Electron (alpha) Energy = -38.18522756948604
 One-Electron (beta)  Energy = -38.18522756948606
 Total Coulomb        Energy =  30.91657778816429
    8     -40.3825841756      2.36e-07  Convergence criterion met
 ---------------------------------------
 SCF time:   CPU 13.43s  wall 1.00s 
<S^2> =          0.000000000
 Alpha HF Exchange    Energy =  -0.63813662470277
 Beta HF Exchange     Energy =  -0.63813662470277
 DFT Correlation      Energy =  -0.37590786568128
 DFT Exchange         Energy =  -5.08198240638305
 One-Electron (alpha) Energy = -38.18522756948604
 One-Electron (beta)  Energy = -38.18522756948606
 Total Coulomb        Energy =  30.91657778816429
 Nuclear repulsion Energy =  11.80545669671878
 SCF   energy in the final basis set =      -40.3825841756
 Total energy in the final basis set =      -40.3825841756
 
 --------------------------------------------------------------
 
                    Orbital Energies (a.u.)
 --------------------------------------------------------------
 
 Alpha MOs
 -- Occupied --
-10.234  -0.687  -0.429  -0.429  -0.258
 -- Virtual --
 -0.068   0.113   0.171   0.171   0.523   0.523   0.577   0.742
  0.858   0.869   0.869   0.966   1.423   1.423   1.894   1.912
  1.912   1.995   2.088   2.088   2.191   2.444   2.468   2.468
  2.768   2.768   3.218   3.422   3.422   4.317
 
 Beta MOs
 -- Occupied --
-10.234  -0.687  -0.429  -0.429  -0.258
 -- Virtual --
 -0.068   0.113   0.171   0.171   0.523   0.523   0.577   0.742
  0.858   0.869   0.869   0.966   1.423   1.423   1.894   1.912
  1.912   1.995   2.088   2.088   2.191   2.444   2.468   2.468
  2.768   2.768   3.218   3.422   3.422   4.317
 --------------------------------------------------------------
 
          Ground-State Mulliken Net Atomic Charges

     Atom                 Charge (a.u.)    Spin (a.u.)
  --------------------------------------------------------
      1 H                    -0.103989       0.000000
      2 C                    -0.345582       0.000000
      3 H                     0.149862      -0.000000
      4 H                     0.149859      -0.000000
      5 H                     0.149850      -0.000000
  --------------------------------------------------------
  Sum of atomic charges =     0.000000
  Sum of spin   charges =     0.000000

 -----------------------------------------------------------------
                    Cartesian Multipole Moments
 -----------------------------------------------------------------
    Charge (ESU x 10^10)
                 0.0000
    Dipole Moment (Debye)
         X      -0.6647      Y      -0.2025      Z      -1.1765
       Tot       1.3664
    Quadrupole Moments (Debye-Ang)
        XX      -8.6775     XY      -0.1165     YY      -8.3309
        XZ      -0.6766     YZ      -0.2061     ZZ      -9.4930
    Octopole Moments (Debye-Ang^2)
       XXX      -1.0561    XXY      -0.1055    XYY       0.5051
       YYY      -0.2240    XXZ       0.3487    XYZ       0.0762
       YYZ      -0.8209    XZZ       0.3910    YZZ       0.2814
       ZZZ       0.1886
    Hexadecapole Moments (Debye-Ang^3)
      XXXX     -20.9126   XXXY      -0.8421   XXYY      -6.5699
      XYYY      -1.1935   YYYY     -15.5865   XXXZ      -5.6692
      XXYZ      -0.4658   XYYZ      -2.1747   YYYZ      -1.6916
      XXZZ      -9.3756   XYZZ      -0.1587   YYZZ      -8.1633
      XZZZ      -4.9086   YZZZ      -1.7259   ZZZZ     -34.6804
 -----------------------------------------------------------------
 Calculating analytic gradient of the SCF energy
 Gradient of SCF Energy
            1           2           3           4           5
    1   0.0312908  -0.0312988  -0.0000008  -0.0000100   0.0000189
    2   0.0095265  -0.0095312  -0.0000164   0.0000161   0.0000050
    3   0.0553719  -0.0553905   0.0000128   0.0000093  -0.0000035
 Max gradient component =       5.539E-02
 RMS gradient           =       2.349E-02
 Gradient time:  CPU 5.01 s  wall 0.63 s
 Geometry Optimization Parameters
   NAtoms,    NIC,     NZ,  NCons,   NDum,   NFix, NCnnct, MaxDiis
        5      20       0       1       0       0       0       0


** CONSTRAINED OPTIMIZATION IN DELOCALIZED INTERNAL COORDINATES **
   Searching for a Minimum

   Optimization Cycle:   1

                       Coordinates (Angstroms)
     ATOM                X               Y               Z
      1  H         0.8660820000    0.2637230000    1.5327030000
      2  C        -0.1556380000   -0.0474140000   -0.2754130000
      3  H         0.1610670000    0.8434920000   -0.8015580000
      4  H         0.2960870000   -0.9877670000   -0.5626520000
      5  H        -1.1676990000   -0.0721380000    0.1067200000
   Point Group: c1    Number of degrees of freedom:     9


   Energy is    -40.382584176

              Constraints and their Current Values
                                        Value     Constraint
   Distance(Angs):        1   2             2.100000     2.200000

 Attempting to Generate Delocalized Internal Coordinates

   Using Lagrange Multiplier Algorithm


 10 Hessian modes will be used to form the next step
  Hessian Eigenvalues:
    -0.981837    0.160000    0.160000    0.160000    0.160000    0.160000
     0.357438    0.357471    0.357481    1.018499

 Minimum Search - Taking P-RFO Step
 Searching for Lamda that Maximizes Along the Constraint modes Only
 Value Taken    Lamda =   0.03192413
 Searching for Lamda that Minimizes Along All other modes
 Value Taken    Lamda =  -0.00729471
 Step Taken.  Stepsize is  0.184499

                             Maximum     Tolerance    Cnvgd?
         Gradient            0.188972       0.000300      NO
         Displacement        0.184499       0.001200      NO
         Energy change     *********       0.000001      NO


 New Cartesian Coordinates Obtained by Inverse Iteration

 Displacement from previous Coordinates is:  0.165076
 ----------------------------------------------------------------
             Standard Nuclear Orientation (Angstroms)
    I     Atom           X                Y                Z
 ----------------------------------------------------------------
    1      H       0.9040933174     0.2752970012     1.5999774862
    2      C      -0.1651250759    -0.0503024493    -0.2922029784
    3      H       0.1515650437     0.8406151047    -0.8183976780
    4      H       0.2865903566    -0.9906812845    -0.5794830665
    5      H      -1.1772246417    -0.0750323722     0.0899062367
 ----------------------------------------------------------------
 Nuclear Repulsion Energy =    11.7163882507 hartrees
 There are        5 alpha and        5 beta electrons

                       Distance Matrix (Angstroms)
             H (  1)   C (  2)   H (  3)   H (  4)
   C (  2)  2.197633
   H (  3)  2.595076  1.082085
   H (  4)  2.595007  1.082076  1.851745
   H (  5)  2.595174  1.082111  1.851785  1.851823
 
 Applying Cartesian multipole field
    Component          Value
    ---------          -----
     (2,0,0)        1.00000E-10
     (0,2,0)        2.00000E-10
     (0,0,2)       -3.00000E-10
 Nucleus-field energy     =    -0.0000000022 hartrees
 Requested basis set is 6-31G(d,p)
 There are 16 shells and 35 basis functions
 A cutoff of  1.0D-14 yielded    136 shell pairs
 There are       669 function pairs
 Smallest overlap matrix eigenvalue = 2.51E-02
 Guess from superposition of atomic densities
 Warning:  Energy on first SCF cycle will be non-variational
 SAD guess density has 10.000000 electrons

 -----------------------------------------------------------------------
  General SCF calculation program by
  Eric Jon Sundstrom, Paul Horn, Yuezhi Mao, Dmitri Zuev, Alec White,
  David Stuck, Shaama M.S., Shane Yost, Joonho Lee, David Small,
  Daniel Levine, Susi Lehtola, Hugh Burton, Evgeny Epifanovsky
 -----------------------------------------------------------------------
 Exchange:     0.2000 Hartree-Fock + 0.0800 Slater + 0.7200 B88
 Correlation:  0.1900 VWN1RPA + 0.8100 LYP
 Using SG-1 standard quadrature grid
 using 12 threads for integral computing
 -------------------------------------------------------
 OpenMP Integral computing Module                
 Release: version 1.0, May 2013, Q-Chem Inc. Pittsburgh 
 -------------------------------------------------------
 -------------------------------------------------------
 OpenMP BLAS3 based DFT computing Module                
 Release: version 1.0, May 2013, Q-Chem Inc. Pittsburgh 
 -------------------------------------------------------
 A unrestricted SCF calculation will be
 performed using DIIS
 SCF converges when DIIS error is below 1.0e-06
 Alpha HF Exchange    Energy =  -0.61898975474706
 Beta HF Exchange     Energy =  -0.61898975474706
 DFT Correlation      Energy =  -0.36862737438638
 DFT Exchange         Energy =  -4.95688907381894
 One-Electron (alpha) Energy = -37.58644410560309
 One-Electron (beta)  Energy = -37.58644410560309
 Total Coulomb        Energy =  29.80678728186382
 ---------------------------------------
  Cycle       Energy         DIIS error
 ---------------------------------------
    1     -40.2132086385      3.88e-02  
 Alpha HF Exchange    Energy =  -0.64978769492468
 Beta HF Exchange     Energy =  -0.64978769492468
 DFT Correlation      Energy =  -0.38370647376256
 DFT Exchange         Energy =  -5.18620664347390
 One-Electron (alpha) Energy = -38.79681443244658
 One-Electron (beta)  Energy = -38.79681443244662
 Total Coulomb        Energy =  32.44412658071685
    2     -40.3026025428      9.08e-03  
 Alpha HF Exchange    Energy =  -0.62836072851478
 Beta HF Exchange     Energy =  -0.62836072851478
 DFT Correlation      Energy =  -0.36273960151381
 DFT Exchange         Energy =  -4.96821644445981
 One-Electron (alpha) Energy = -36.83431666035424
 One-Electron (beta)  Energy = -36.83431666035427
 Total Coulomb        Energy =  28.39213704032923
    3     -40.1477855349      1.42e-02  
 Alpha HF Exchange    Energy =  -0.63829980552994
 Beta HF Exchange     Energy =  -0.63829980552994
 DFT Correlation      Energy =  -0.37670854959152
 DFT Exchange         Energy =  -5.08827924488378
 One-Electron (alpha) Energy = -38.21724372160195
 One-Electron (beta)  Energy = -38.21724372160192
 Total Coulomb        Energy =  31.09248863853677
    4     -40.3671979617      1.71e-03  
 Alpha HF Exchange    Energy =  -0.63683143081766
 Beta HF Exchange     Energy =  -0.63683143081766
 DFT Correlation      Energy =  -0.37452516191183
 DFT Exchange         Energy =  -5.07437704527170
 One-Electron (alpha) Energy = -38.01853477067014
 One-Electron (beta)  Energy = -38.01853477067019
 Total Coulomb        Energy =  30.67313394770215
    5     -40.3701124140      8.44e-04  
 Alpha HF Exchange    Energy =  -0.63714305211805
 Beta HF Exchange     Energy =  -0.63714305211805
 DFT Correlation      Energy =  -0.37518512272320
 DFT Exchange         Energy =  -5.07788507911602
 One-Electron (alpha) Energy = -38.08125863648517
 One-Electron (beta)  Energy = -38.08125863648519
 Total Coulomb        Energy =  30.80233804680278
    6     -40.3711472837      1.52e-05  
 Alpha HF Exchange    Energy =  -0.63715221011669
 Beta HF Exchange     Energy =  -0.63715221011669
 DFT Correlation      Energy =  -0.37519743459567
 DFT Exchange         Energy =  -5.07797338685635
 One-Electron (alpha) Energy = -38.08238862205644
 One-Electron (beta)  Energy = -38.08238862205646
 Total Coulomb        Energy =  30.80471675294714
    7     -40.3711474843      4.38e-06  
 Alpha HF Exchange    Energy =  -0.63715105255088
 Beta HF Exchange     Energy =  -0.63715105255088
 DFT Correlation      Energy =  -0.37519536164899
 DFT Exchange         Energy =  -5.07796151781054
 One-Electron (alpha) Energy = -38.08219679464515
 One-Electron (beta)  Energy = -38.08219679464518
 Total Coulomb        Energy =  30.80431682520799
    8     -40.3711475001      1.07e-07  Convergence criterion met
 ---------------------------------------
 SCF time:   CPU 13.70s  wall 1.00s 
<S^2> =         -0.000000000
 Alpha HF Exchange    Energy =  -0.63715105255088
 Beta HF Exchange     Energy =  -0.63715105255088
 DFT Correlation      Energy =  -0.37519536164899
 DFT Exchange         Energy =  -5.07796151781054
 One-Electron (alpha) Energy = -38.08219679464515
 One-Electron (beta)  Energy = -38.08219679464518
 Total Coulomb        Energy =  30.80431682520799
 Nuclear repulsion Energy =  11.71638824850194
 SCF   energy in the final basis set =      -40.3711475001
 Total energy in the final basis set =      -40.3711475001
 
 --------------------------------------------------------------
 
                    Orbital Energies (a.u.)
 --------------------------------------------------------------
 
 Alpha MOs
 -- Occupied --
-10.238  -0.690  -0.431  -0.431  -0.252
 -- Virtual --
 -0.080   0.112   0.169   0.169   0.522   0.522   0.575   0.724
  0.867   0.867   0.873   0.954   1.421   1.421   1.900   1.914
  1.914   1.992   2.080   2.080   2.158   2.427   2.465   2.465
  2.765   2.765   3.216   3.419   3.419   4.305
 
 Beta MOs
 -- Occupied --
-10.238  -0.690  -0.431  -0.431  -0.252
 -- Virtual --
 -0.080   0.112   0.169   0.169   0.522   0.522   0.575   0.724
  0.867   0.867   0.873   0.954   1.421   1.421   1.900   1.914
  1.914   1.992   2.080   2.080   2.158   2.427   2.465   2.465
  2.765   2.765   3.216   3.419   3.419   4.305
 --------------------------------------------------------------
 
          Ground-State Mulliken Net Atomic Charges

     Atom                 Charge (a.u.)    Spin (a.u.)
  --------------------------------------------------------
      1 H                    -0.113354       0.000000
      2 C                    -0.339281      -0.000000
      3 H                     0.150883       0.000000
      4 H                     0.150883       0.000000
      5 H                     0.150870      -0.000000
  --------------------------------------------------------
  Sum of atomic charges =    -0.000000
  Sum of spin   charges =     0.000000

 -----------------------------------------------------------------
                    Cartesian Multipole Moments
 -----------------------------------------------------------------
    Charge (ESU x 10^10)
                -0.0000
    Dipole Moment (Debye)
         X      -0.7348      Y      -0.2238      Z      -1.3004
       Tot       1.5103
    Quadrupole Moments (Debye-Ang)
        XX      -8.7213     XY      -0.1290     YY      -8.3375
        XZ      -0.7491     YZ      -0.2282     ZZ      -9.6241
    Octopole Moments (Debye-Ang^2)
       XXX      -1.1740    XXY      -0.1236    XYY       0.4810
       YYY      -0.2507    XXZ       0.2527    XYZ       0.0607
       YYZ      -0.8795    XZZ       0.2744    YZZ       0.2474
       ZZZ      -0.1144
    Hexadecapole Moments (Debye-Ang^3)
      XXXX     -21.7176   XXXY      -0.9709   XXYY      -6.7345
      XYYY      -1.3267   YYYY     -15.6470   XXXZ      -6.4555
      XXYZ      -0.5567   XYYZ      -2.4311   YYYZ      -1.9068
      XXZZ     -10.0620   XYZZ      -0.2349   YYZZ      -8.5866
      XZZZ      -5.8314   YZZZ      -2.0181   ZZZZ     -37.5944
 -----------------------------------------------------------------
 Calculating analytic gradient of the SCF energy
 Gradient of SCF Energy
            1           2           3           4           5
    1   0.0290336  -0.0275673  -0.0005226  -0.0005431  -0.0004006
    2   0.0088392  -0.0083954  -0.0002412  -0.0000578  -0.0001448
    3   0.0513806  -0.0487853  -0.0008278  -0.0008487  -0.0009189
 Max gradient component =       5.138E-02
 RMS gradient           =       2.125E-02
 Gradient time:  CPU 4.68 s  wall 0.59 s
 Geometry Optimization Parameters
   NAtoms,    NIC,     NZ,  NCons,   NDum,   NFix, NCnnct, MaxDiis
        5      20       0       1       0       0       0       0

 Cartesian Hessian Update
 Hessian Updated using BFGS Update
**WARNING** Hereditary positive definiteness endangered


** CONSTRAINED OPTIMIZATION IN DELOCALIZED INTERNAL COORDINATES **
   Searching for a Minimum

   Optimization Cycle:   2

                       Coordinates (Angstroms)
     ATOM                X               Y               Z
      1  H         0.9040933174    0.2752970012    1.5999774862
      2  C        -0.1651250759   -0.0503024493   -0.2922029784
      3  H         0.1515650437    0.8406151047   -0.8183976780
      4  H         0.2865903566   -0.9906812845   -0.5794830665
      5  H        -1.1772246417   -0.0750323722    0.0899062367
   Point Group: c1    Number of degrees of freedom:     9


   Energy is    -40.371147500

              Constraints and their Current Values
                                        Value     Constraint
   Distance(Angs):        1   2             2.197633     2.200000
 Hessian Updated using BFGS Update
**WARNING** Hereditary positive definiteness endangered

   Using Lagrange Multiplier Algorithm


  7 Hessian modes will be used to form the next step
  Hessian Eigenvalues:
    -1.012777    0.148080    0.160000    0.357430    0.357465    0.357479
     0.987685

 Minimum Search - Taking P-RFO Step
 Searching for Lamda that Maximizes Along the Constraint modes Only
 Value Taken    Lamda =   0.00000613
 Searching for Lamda that Minimizes Along All other modes
 Value Taken    Lamda =  -0.00014837
 Step Taken.  Stepsize is  0.022383

                             Maximum     Tolerance    Cnvgd?
         Gradient            0.007871       0.000300      NO
         Displacement        0.021585       0.001200      NO
         Energy change      0.011437       0.000001      NO


 New Cartesian Coordinates Obtained by Inverse Iteration

 Displacement from previous Coordinates is:  0.023591
 ----------------------------------------------------------------
             Standard Nuclear Orientation (Angstroms)
    I     Atom           X                Y                Z
 ----------------------------------------------------------------
    1      H       0.9014595704     0.2745021087     1.5953438507
    2      C      -0.1688914606    -0.0514525290    -0.2988842186
    3      H       0.1543391957     0.8427567272    -0.8152511201
    4      H       0.2895814209    -0.9915296067    -0.5759545444
    5      H      -1.1765897265    -0.0743807002     0.0945460323
 ----------------------------------------------------------------
 Nuclear Repulsion Energy =    11.7160774161 hartrees
 There are        5 alpha and        5 beta electrons

                       Distance Matrix (Angstroms)
             H (  1)   C (  2)   H (  3)   H (  4)
   C (  2)  2.199999
   H (  3)  2.586904  1.082000
   H (  4)  2.586845  1.081994  1.854767
   H (  5)  2.586968  1.082021  1.854789  1.854829
 
 Applying Cartesian multipole field
    Component          Value
    ---------          -----
     (2,0,0)        1.00000E-10
     (0,2,0)        2.00000E-10
     (0,0,2)       -3.00000E-10
 Nucleus-field energy     =    -0.0000000022 hartrees
 Requested basis set is 6-31G(d,p)
 There are 16 shells and 35 basis functions
 A cutoff of  1.0D-14 yielded    136 shell pairs
 There are       669 function pairs
 Smallest overlap matrix eigenvalue = 2.52E-02
 Guess from superposition of atomic densities
 Warning:  Energy on first SCF cycle will be non-variational
 SAD guess density has 10.000000 electrons

 -----------------------------------------------------------------------
  General SCF calculation program by
  Eric Jon Sundstrom, Paul Horn, Yuezhi Mao, Dmitri Zuev, Alec White,
  David Stuck, Shaama M.S., Shane Yost, Joonho Lee, David Small,
  Daniel Levine, Susi Lehtola, Hugh Burton, Evgeny Epifanovsky
 -----------------------------------------------------------------------
 Exchange:     0.2000 Hartree-Fock + 0.0800 Slater + 0.7200 B88
 Correlation:  0.1900 VWN1RPA + 0.8100 LYP
 Using SG-1 standard quadrature grid
 using 12 threads for integral computing
 -------------------------------------------------------
 OpenMP Integral computing Module                
 Release: version 1.0, May 2013, Q-Chem Inc. Pittsburgh 
 -------------------------------------------------------
 -------------------------------------------------------
 OpenMP BLAS3 based DFT computing Module                
 Release: version 1.0, May 2013, Q-Chem Inc. Pittsburgh 
 -------------------------------------------------------
 A unrestricted SCF calculation will be
 performed using DIIS
 SCF converges when DIIS error is below 1.0e-06
 Alpha HF Exchange    Energy =  -0.61896700996617
 Beta HF Exchange     Energy =  -0.61896700996617
 DFT Correlation      Energy =  -0.36862438272852
 DFT Exchange         Energy =  -4.95686394345601
 One-Electron (alpha) Energy = -37.58603153505530
 One-Electron (beta)  Energy = -37.58603153505530
 Total Coulomb        Energy =  29.80635770698414
 ---------------------------------------
  Cycle       Energy         DIIS error
 ---------------------------------------
    1     -40.2130502953      3.87e-02  
 Alpha HF Exchange    Energy =  -0.64965366004703
 Beta HF Exchange     Energy =  -0.64965366004703
 DFT Correlation      Energy =  -0.38363720068819
 DFT Exchange         Energy =  -5.18553146379964
 One-Electron (alpha) Energy = -38.79117586828140
 One-Electron (beta)  Energy = -38.79117586828142
 Total Coulomb        Energy =  32.43159759466334
    2     -40.3031527126      9.04e-03  
 Alpha HF Exchange    Energy =  -0.62843996381779
 Beta HF Exchange     Energy =  -0.62843996381779
 DFT Correlation      Energy =  -0.36277410225791
 DFT Exchange         Energy =  -4.96883151802965
 One-Electron (alpha) Energy = -36.83737968547063
 One-Electron (beta)  Energy = -36.83737968547060
 Total Coulomb        Energy =  28.39860602261738
    3     -40.1485614823      1.42e-02  
 Alpha HF Exchange    Energy =  -0.63827951324652
 Beta HF Exchange     Energy =  -0.63827951324653
 DFT Correlation      Energy =  -0.37671665800026
 DFT Exchange         Energy =  -5.08837124965509
 One-Electron (alpha) Energy = -38.21763839600421
 One-Electron (beta)  Energy = -38.21763839600424
 Total Coulomb        Energy =  31.09398882368011
    4     -40.3668574886      1.74e-03  
 Alpha HF Exchange    Energy =  -0.63680839208088
 Beta HF Exchange     Energy =  -0.63680839208088
 DFT Correlation      Energy =  -0.37450520592663
 DFT Exchange         Energy =  -5.07433595710812
 One-Electron (alpha) Energy = -38.01628354788768
 One-Electron (beta)  Energy = -38.01628354788770
 Total Coulomb        Energy =  30.66908381340396
    5     -40.3698638156      8.58e-04  
 Alpha HF Exchange    Energy =  -0.63711487233976
 Beta HF Exchange     Energy =  -0.63711487233976
 DFT Correlation      Energy =  -0.37517119156934
 DFT Exchange         Energy =  -5.07784442688379
 One-Electron (alpha) Energy = -38.07963964013442
 One-Electron (beta)  Energy = -38.07963964013447
 Total Coulomb        Energy =  30.79951904839751
    6     -40.3709281811      1.65e-05  
 Alpha HF Exchange    Energy =  -0.63712560259824
 Beta HF Exchange     Energy =  -0.63712560259824
 DFT Correlation      Energy =  -0.37518550554751
 DFT Exchange         Energy =  -5.07794801031153
 One-Electron (alpha) Energy = -38.08095253235985
 One-Electron (beta)  Energy = -38.08095253235985
 Total Coulomb        Energy =  30.80228393482758
    7     -40.3709284370      4.39e-06  
 Alpha HF Exchange    Energy =  -0.63712434450969
 Beta HF Exchange     Energy =  -0.63712434450969
 DFT Correlation      Energy =  -0.37518325844522
 DFT Exchange         Energy =  -5.07793511715112
 One-Electron (alpha) Energy = -38.08074462686275
 One-Electron (beta)  Energy = -38.08074462686280
 Total Coulomb        Energy =  30.80185045080725
    8     -40.3709284536      1.05e-07  Convergence criterion met
 ---------------------------------------
 SCF time:   CPU 13.42s  wall 1.00s 
<S^2> =         -0.000000000
 Alpha HF Exchange    Energy =  -0.63712434450969
 Beta HF Exchange     Energy =  -0.63712434450969
 DFT Correlation      Energy =  -0.37518325844522
 DFT Exchange         Energy =  -5.07793511715112
 One-Electron (alpha) Energy = -38.08074462686275
 One-Electron (beta)  Energy = -38.08074462686280
 Total Coulomb        Energy =  30.80185045080725
 Nuclear repulsion Energy =  11.71607741392283
 SCF   energy in the final basis set =      -40.3709284536
 Total energy in the final basis set =      -40.3709284536
 
 --------------------------------------------------------------
 
                    Orbital Energies (a.u.)
 --------------------------------------------------------------
 
 Alpha MOs
 -- Occupied --
-10.238  -0.690  -0.432  -0.432  -0.251
 -- Virtual --
 -0.080   0.111   0.169   0.169   0.522   0.522   0.575   0.722
  0.867   0.867   0.873   0.953   1.422   1.422   1.908   1.910
  1.910   1.991   2.080   2.080   2.155   2.420   2.475   2.475
  2.758   2.758   3.218   3.421   3.421   4.305
 
 Beta MOs
 -- Occupied --
-10.238  -0.690  -0.432  -0.432  -0.251
 -- Virtual --
 -0.080   0.111   0.169   0.169   0.522   0.522   0.575   0.722
  0.867   0.867   0.873   0.953   1.422   1.422   1.908   1.910
  1.910   1.991   2.080   2.080   2.155   2.420   2.475   2.475
  2.758   2.758   3.218   3.421   3.421   4.305
 --------------------------------------------------------------
 
          Ground-State Mulliken Net Atomic Charges

     Atom                 Charge (a.u.)    Spin (a.u.)
  --------------------------------------------------------
      1 H                    -0.115824       0.000000
      2 C                    -0.339448      -0.000000
      3 H                     0.151762       0.000000
      4 H                     0.151761       0.000000
      5 H                     0.151749       0.000000
  --------------------------------------------------------
  Sum of atomic charges =    -0.000000
  Sum of spin   charges =     0.000000

 -----------------------------------------------------------------
                    Cartesian Multipole Moments
 -----------------------------------------------------------------
    Charge (ESU x 10^10)
                -0.0000
    Dipole Moment (Debye)
         X      -0.7368      Y      -0.2244      Z      -1.3041
       Tot       1.5146
    Quadrupole Moments (Debye-Ang)
        XX      -8.7233     XY      -0.1342     YY      -8.3238
        XZ      -0.7796     YZ      -0.2374     ZZ      -9.6627
    Octopole Moments (Debye-Ang^2)
       XXX      -1.1313    XXY      -0.1218    XYY       0.5105
       YYY      -0.2328    XXZ       0.2765    XYZ       0.0549
       YYZ      -0.8517    XZZ       0.2632    YZZ       0.2463
       ZZZ      -0.0580
    Hexadecapole Moments (Debye-Ang^3)
      XXXX     -21.7450   XXXY      -0.9795   XXYY      -6.7329
      XYYY      -1.3318   YYYY     -15.6297   XXXZ      -6.5009
      XXYZ      -0.5639   XYYZ      -2.4422   YYYZ      -1.9183
      XXZZ     -10.0999   XYZZ      -0.2431   YYZZ      -8.6046
      XZZZ      -5.9014   YZZZ      -2.0381   ZZZZ     -37.7553
 -----------------------------------------------------------------
 Calculating analytic gradient of the SCF energy
 Gradient of SCF Energy
            1           2           3           4           5
    1   0.0288059  -0.0282826  -0.0001299  -0.0001235  -0.0002698
    2   0.0087707  -0.0086132   0.0000371  -0.0001452  -0.0000495
    3   0.0509813  -0.0500523  -0.0003475  -0.0003205  -0.0002610
 Max gradient component =       5.098E-02
 RMS gradient           =       2.143E-02
 Gradient time:  CPU 4.72 s  wall 0.60 s
 Geometry Optimization Parameters
   NAtoms,    NIC,     NZ,  NCons,   NDum,   NFix, NCnnct, MaxDiis
        5      20       0       1       0       0       0       0

 Cartesian Hessian Update
 Hessian Updated using BFGS Update


** CONSTRAINED OPTIMIZATION IN DELOCALIZED INTERNAL COORDINATES **
   Searching for a Minimum

   Optimization Cycle:   3

                       Coordinates (Angstroms)
     ATOM                X               Y               Z
      1  H         0.9014595704    0.2745021087    1.5953438507
      2  C        -0.1688914606   -0.0514525290   -0.2988842186
      3  H         0.1543391957    0.8427567272   -0.8152511201
      4  H         0.2895814209   -0.9915296067   -0.5759545444
      5  H        -1.1765897265   -0.0743807002    0.0945460323
   Point Group: c1    Number of degrees of freedom:     9


   Energy is    -40.370928454

              Constraints and their Current Values
                                        Value     Constraint
   Distance(Angs):        1   2             2.199999     2.200000
 Hessian Updated using BFGS Update

  6 Hessian modes will be used to form the next step
  Hessian Eigenvalues:
     0.098041    0.160000    0.160001    0.357450    0.357477    0.358789

 Minimum Search - Taking Simple RFO Step
 Searching for Lamda that Minimizes Along All modes
 Value Taken    Lamda =  -0.00001245
 Step Taken.  Stepsize is  0.011224

                             Maximum     Tolerance    Cnvgd?
         Gradient           0.001027      0.000300      NO
         Displacement       0.010816      0.001200      NO
         Energy change      0.000219      0.000001      NO


 New Cartesian Coordinates Obtained by Inverse Iteration

 Displacement from previous Coordinates is:  0.013149
 ----------------------------------------------------------------
             Standard Nuclear Orientation (Angstroms)
    I     Atom           X                Y                Z
 ----------------------------------------------------------------
    1      H       0.8996016569     0.2739471153     1.5921014962
    2      C      -0.1707220377    -0.0520138163    -0.3021409365
    3      H       0.1557590970     0.8435806001    -0.8132819051
    4      H       0.2910641242    -0.9916151253    -0.5738780104
    5      H      -1.1758038404    -0.0740027738     0.0969993558
 ----------------------------------------------------------------
 Nuclear Repulsion Energy =    11.7198914224 hartrees
 There are        5 alpha and        5 beta electrons

                       Distance Matrix (Angstroms)
             H (  1)   C (  2)   H (  3)   H (  4)
   C (  2)  2.199999
   H (  3)  2.581405  1.081640
   H (  4)  2.581363  1.081637  1.855685
   H (  5)  2.581416  1.081659  1.855702  1.855745
 
 Applying Cartesian multipole field
    Component          Value
    ---------          -----
     (2,0,0)        1.00000E-10
     (0,2,0)        2.00000E-10
     (0,0,2)       -3.00000E-10
 Nucleus-field energy     =    -0.0000000022 hartrees
 Requested basis set is 6-31G(d,p)
 There are 16 shells and 35 basis functions
 A cutoff of  1.0D-14 yielded    136 shell pairs
 There are       669 function pairs
 Smallest overlap matrix eigenvalue = 2.52E-02
 Guess from superposition of atomic densities
 Warning:  Energy on first SCF cycle will be non-variational
 SAD guess density has 10.000000 electrons

 -----------------------------------------------------------------------
  General SCF calculation program by
  Eric Jon Sundstrom, Paul Horn, Yuezhi Mao, Dmitri Zuev, Alec White,
  David Stuck, Shaama M.S., Shane Yost, Joonho Lee, David Small,
  Daniel Levine, Susi Lehtola, Hugh Burton, Evgeny Epifanovsky
 -----------------------------------------------------------------------
 Exchange:     0.2000 Hartree-Fock + 0.0800 Slater + 0.7200 B88
 Correlation:  0.1900 VWN1RPA + 0.8100 LYP
 Using SG-1 standard quadrature grid
 using 12 threads for integral computing
 -------------------------------------------------------
 OpenMP Integral computing Module                
 Release: version 1.0, May 2013, Q-Chem Inc. Pittsburgh 
 -------------------------------------------------------
 -------------------------------------------------------
 OpenMP BLAS3 based DFT computing Module                
 Release: version 1.0, May 2013, Q-Chem Inc. Pittsburgh 
 -------------------------------------------------------
 A unrestricted SCF calculation will be
 performed using DIIS
 SCF converges when DIIS error is below 1.0e-06
 Alpha HF Exchange    Energy =  -0.61901879763855
 Beta HF Exchange     Energy =  -0.61901879763855
 DFT Correlation      Energy =  -0.36864174332958
 DFT Exchange         Energy =  -4.95699085333505
 One-Electron (alpha) Energy = -37.58928105180809
 One-Electron (beta)  Energy = -37.58928105180809
 Total Coulomb        Energy =  29.80895064810415
 ---------------------------------------
  Cycle       Energy         DIIS error
 ---------------------------------------
    1     -40.2133902273      3.88e-02  
 Alpha HF Exchange    Energy =  -0.64965114539174
 Beta HF Exchange     Energy =  -0.64965114539174
 DFT Correlation      Energy =  -0.38363426080886
 DFT Exchange         Energy =  -5.18562995415363
 One-Electron (alpha) Energy = -38.79282650281717
 One-Electron (beta)  Energy = -38.79282650281717
 Total Coulomb        Energy =  32.43091052411251
    2     -40.3034175671      9.03e-03  
 Alpha HF Exchange    Energy =  -0.62851069810667
 Beta HF Exchange     Energy =  -0.62851069810667
 DFT Correlation      Energy =  -0.36281330886154
 DFT Exchange         Energy =  -4.96935718159706
 One-Electron (alpha) Energy = -36.84274993887790
 One-Electron (beta)  Energy = -36.84274993887789
 Total Coulomb        Energy =  28.40575474135765
    3     -40.1490456029      1.42e-02  
 Alpha HF Exchange    Energy =  -0.63831329331753
 Beta HF Exchange     Energy =  -0.63831329331753
 DFT Correlation      Energy =  -0.37674109523962
 DFT Exchange         Energy =  -5.08869510968547
 One-Electron (alpha) Energy = -38.22138252921184
 One-Electron (beta)  Energy = -38.22138252921189
 Total Coulomb        Energy =  31.09811782704114
    4     -40.3668186028      1.75e-03  
 Alpha HF Exchange    Energy =  -0.63684448889188
 Beta HF Exchange     Energy =  -0.63684448889188
 DFT Correlation      Energy =  -0.37452092514720
 DFT Exchange         Energy =  -5.07462946971756
 One-Electron (alpha) Energy = -38.01920943063983
 One-Electron (beta)  Energy = -38.01920943063985
 Total Coulomb        Energy =  30.67150668440970
    5     -40.3698601294      8.62e-04  
 Alpha HF Exchange    Energy =  -0.63714794485794
 Beta HF Exchange     Energy =  -0.63714794485794
 DFT Correlation      Energy =  -0.37518822007119
 DFT Exchange         Energy =  -5.07813027690900
 One-Electron (alpha) Energy = -38.08270736544994
 One-Electron (beta)  Energy = -38.08270736544995
 Total Coulomb        Energy =  30.80220339307800
    6     -40.3709343044      1.73e-05  
 Alpha HF Exchange    Energy =  -0.63715947860577
 Beta HF Exchange     Energy =  -0.63715947860577
 DFT Correlation      Energy =  -0.37520354555610
 DFT Exchange         Energy =  -5.07824163473614
 One-Electron (alpha) Energy = -38.08411249584108
 One-Electron (beta)  Energy = -38.08411249584109
 Total Coulomb        Energy =  30.80516311594421
    7     -40.3709345931      4.39e-06  
 Alpha HF Exchange    Energy =  -0.63715817697764
 Beta HF Exchange     Energy =  -0.63715817697764
 DFT Correlation      Energy =  -0.37520121882859
 DFT Exchange         Energy =  -5.07822828814631
 One-Electron (alpha) Energy = -38.08389726687255
 One-Electron (beta)  Energy = -38.08389726687257
 Total Coulomb        Energy =  30.80471436449386
    8     -40.3709346100      1.06e-07  Convergence criterion met
 ---------------------------------------
 SCF time:   CPU 13.03s  wall 1.00s 
<S^2> =          0.000000000
 Alpha HF Exchange    Energy =  -0.63715817697764
 Beta HF Exchange     Energy =  -0.63715817697764
 DFT Correlation      Energy =  -0.37520121882859
 DFT Exchange         Energy =  -5.07822828814631
 One-Electron (alpha) Energy = -38.08389726687255
 One-Electron (beta)  Energy = -38.08389726687257
 Total Coulomb        Energy =  30.80471436449386
 Nuclear repulsion Energy =  11.71989142016552
 SCF   energy in the final basis set =      -40.3709346100
 Total energy in the final basis set =      -40.3709346100
 
 --------------------------------------------------------------
 
                    Orbital Energies (a.u.)
 --------------------------------------------------------------
 
 Alpha MOs
 -- Occupied --
-10.238  -0.690  -0.432  -0.432  -0.250
 -- Virtual --
 -0.080   0.111   0.169   0.169   0.522   0.522   0.574   0.721
  0.867   0.868   0.873   0.954   1.423   1.423   1.908   1.908
  1.912   1.991   2.080   2.080   2.153   2.417   2.480   2.480
  2.756   2.756   3.220   3.422   3.423   4.306
 
 Beta MOs
 -- Occupied --
-10.238  -0.690  -0.432  -0.432  -0.250
 -- Virtual --
 -0.080   0.111   0.169   0.169   0.522   0.522   0.574   0.721
  0.867   0.868   0.873   0.954   1.423   1.423   1.908   1.908
  1.912   1.991   2.080   2.080   2.153   2.417   2.480   2.480
  2.756   2.756   3.220   3.422   3.423   4.306
 --------------------------------------------------------------
 
          Ground-State Mulliken Net Atomic Charges

     Atom                 Charge (a.u.)    Spin (a.u.)
  --------------------------------------------------------
      1 H                    -0.116955       0.000000
      2 C                    -0.339645       0.000000
      3 H                     0.152204      -0.000000
      4 H                     0.152203       0.000000
      5 H                     0.152192      -0.000000
  --------------------------------------------------------
  Sum of atomic charges =     0.000000
  Sum of spin   charges =     0.000000

 -----------------------------------------------------------------
                    Cartesian Multipole Moments
 -----------------------------------------------------------------
    Charge (ESU x 10^10)
                 0.0000
    Dipole Moment (Debye)
         X      -0.7368      Y      -0.2244      Z      -1.3040
       Tot       1.5145
    Quadrupole Moments (Debye-Ang)
        XX      -8.7235     XY      -0.1366     YY      -8.3169
        XZ      -0.7935     YZ      -0.2416     ZZ      -9.6795
    Octopole Moments (Debye-Ang^2)
       XXX      -1.1064    XXY      -0.1204    XYY       0.5251
       YYY      -0.2230    XXZ       0.2900    XYZ       0.0522
       YYZ      -0.8356    XZZ       0.2594    YZZ       0.2461
       ZZZ      -0.0240
    Hexadecapole Moments (Debye-Ang^3)
      XXXX     -21.7443   XXXY      -0.9825   XXYY      -6.7276
      XYYY      -1.3324   YYYY     -15.6149   XXXZ      -6.5139
      XXYZ      -0.5665   XYYZ      -2.4444   YYYZ      -1.9217
      XXZZ     -10.1080   XYZZ      -0.2461   YYZZ      -8.6074
      XZZZ      -5.9248   YZZZ      -2.0442   ZZZZ     -37.7944
 -----------------------------------------------------------------
 Calculating analytic gradient of the SCF energy
 Gradient of SCF Energy
            1           2           3           4           5
    1   0.0287145  -0.0287246   0.0000008  -0.0000081   0.0000175
    2   0.0087439  -0.0087475  -0.0000164   0.0000153   0.0000047
    3   0.0508238  -0.0508370   0.0000115   0.0000102  -0.0000085
 Max gradient component =       5.084E-02
 RMS gradient           =       2.156E-02
 Gradient time:  CPU 4.67 s  wall 0.60 s
 Geometry Optimization Parameters
   NAtoms,    NIC,     NZ,  NCons,   NDum,   NFix, NCnnct, MaxDiis
        5      20       0       1       0       0       0       0

 Cartesian Hessian Update
 Hessian Updated using BFGS Update


** CONSTRAINED OPTIMIZATION IN DELOCALIZED INTERNAL COORDINATES **
   Searching for a Minimum

   Optimization Cycle:   4

                       Coordinates (Angstroms)
     ATOM                X               Y               Z
      1  H         0.8996016569    0.2739471153    1.5921014962
      2  C        -0.1707220377   -0.0520138163   -0.3021409365
      3  H         0.1557590970    0.8435806001   -0.8132819051
      4  H         0.2910641242   -0.9916151253   -0.5738780104
      5  H        -1.1758038404   -0.0740027738    0.0969993558
   Point Group: c1    Number of degrees of freedom:     9


   Energy is    -40.370934610

              Constraints and their Current Values
                                        Value     Constraint
   Distance(Angs):        1   2             2.199999     2.200000
 Hessian Updated using BFGS Update

  7 Hessian modes will be used to form the next step
  Hessian Eigenvalues:
     0.098879    0.160000    0.160000    0.160004    0.357450    0.357477
     0.359982

 Minimum Search - Taking Simple RFO Step
 Searching for Lamda that Minimizes Along All modes
 Value Taken    Lamda =   0.00000000
 Step Taken.  Stepsize is  0.000146

                             Maximum     Tolerance    Cnvgd?
         Gradient           0.000034      0.000300     YES
         Displacement       0.000112      0.001200     YES
         Energy change     -0.000006      0.000001      NO


                       Distance Matrix (Angstroms)
             H (  1)   C (  2)   H (  3)   H (  4)
   C (  2)  2.199999
   H (  3)  2.581405  1.081640
   H (  4)  2.581363  1.081637  1.855685
   H (  5)  2.581416  1.081659  1.855702  1.855745
 
 Final energy is   -40.3709346100159     


 ******************************
 **  OPTIMIZATION CONVERGED  **
 ******************************

                       Coordinates (Angstroms)
     ATOM                X               Y               Z
      1  H         0.8996016569    0.2739471153    1.5921014962
      2  C        -0.1707220377   -0.0520138163   -0.3021409365
      3  H         0.1557590970    0.8435806001   -0.8132819051
      4  H         0.2910641242   -0.9916151253   -0.5738780104
      5  H        -1.1758038404   -0.0740027738    0.0969993558

Z-matrix Print:
$molecule
0 1
C 
H  1 1.081637
H  1 1.081640 2 118.143592
H  1 1.081659 2 118.148156 3 153.237520 0
H  1 2.199999 2 97.892354 3 -103.380618 0
$end

PES scan, value:    2.2000 energy:  -40.3709346100
------- Summary of potential scan: ------ 
    2.2000       -40.3709346100
----------------------------------------- 
Archival summary:
1\1\hpc0243\JobtypUnspecified\ProcedureUnspecified\6-31G**\14\knomura\MonMar1116:20:202019MonMar1116:20:202019\0\\#,JobtypUnspecified,ProcedureUnspecified,6-31G**,\\0,1\C\H,1,1.08164\H,1,1.08164,2,118.144\H,1,1.08166,2,118.148,3,153.238,0\H,1,2.2,2,97.8924,3,-103.381,0\\\@

 Total job time:  9.26s(wall), 90.61s(cpu) 
 Mon Mar 11 16:20:20 2019

        *************************************************************
        *                                                           *
        *  Thank you very much for using Q-Chem.  Have a nice day.  *
        *                                                           *
        *************************************************************


