
Running Job 1 of 1 scan_ch4.xyz.data/inputs/bond_triplet_3.0.in
qchem scan_ch4.xyz.data/inputs/bond_triplet_3.0.in_31872.0 /staging/scratch/2851581/qchem31872/ 1
/usr/usc/qchem/5.1.1/exe/qcprog.exe_s scan_ch4.xyz.data/inputs/bond_triplet_3.0.in_31872.0 /staging/scratch/2851581/qchem31872/
Check license passed

                  Welcome to Q-Chem
     A Quantum Leap Into The Future Of Chemistry


 Q-Chem 5.1, Q-Chem, Inc., Pleasanton, CA (2018)

 Yihan Shao,  Zhengting Gan,  E. Epifanovsky,  A. T. B. Gilbert,  M. Wormit,  
 J. Kussmann,  A. W. Lange,  A. Behn,  Jia Deng,  Xintian Feng,  D. Ghosh,  
 M. Goldey,  P. R. Horn,  L. D. Jacobson,  I. Kaliman,  T. Kus,  A. Landau,  
 Jie Liu,  E. I. Proynov,  R. M. Richard,  R. P. Steele,  E. J. Sundstrom,  
 H. L. Woodcock III,  P. M. Zimmerman,  D. Zuev,  B. Albrecht,  E. Alguire,  
 S. A. Baeppler,  D. Barton,  Z. Benda,  Y. A. Bernard,  E. J. Berquist,  
 K. B. Bravaya,  H. Burton,  D. Casanova,  Chun-Min Chang,  Yunqing Chen,  
 A. Chien,  K. D. Closser,  M. P. Coons,  S. Coriani,  S. Dasgupta,  
 A. L. Dempwolff,  M. Diedenhofen,  Hainam Do,  R. G. Edgar,  Po-Tung Fang,  
 S. Faraji,  S. Fatehi,  Qingguo Feng,  K. D. Fenk,  J. Fosso-Tande,  
 Qinghui Ge,  A. Ghysels,  G. Gidofalvi,  J. Gomes,  J. Gonthier,  A. Gunina,  
 D. Hait,  M. W. D. Hanson-Heine,  P. H. P. Harbach,  A. W. Hauser,  
 J. E. Herr,  E. G. Hohenstein,  Z. C. Holden,  Kerwin Hui,  B. C. Huynh,  
 T.-C. Jagau,  Hyunjun Ji,  B. Kaduk,  K. Khistyaev,  Jaehoon Kim,  
 P. Klunzinger,  K. Koh,  D. Kosenkov,  L. Koulias,  T. Kowalczyk,  
 C. M. Krauter,  A. Kunitsa,  Ka Un Lao,  A. Laurent,  K. V. Lawler,  
 Joonho Lee,  D. Lefrancois,  S. Lehtola,  D. S. Levine,  Yi-Pei Li,  
 You-Sheng Lin,  Fenglai Liu,  E. Livshits,  A. Luenser,  P. Manohar,  
 E. Mansoor,  S. F. Manzer,  Shan-Ping Mao,  Yuezhi Mao,  N. Mardirossian,  
 A. V. Marenich,  T. Markovich,  L. A. Martinez-Martinez,  S. A. Maurer,  
 N. J. Mayhall,  S. C. McKenzie,  J.-M. Mewes,  A. F. Morrison,  
 J. W. Mullinax,  K. Nanda,  T. S. Nguyen-Beck,  R. Olivares-Amaya,  
 J. A. Parkhill,  T. M. Perrine,  F. Plasser,  P. Pokhilko,  S. Prager,  
 A. Prociuk,  E. Ramos,  D. R. Rehn,  F. Rob,  M. Schneider,  N. Sergueev,  
 S. M. Sharada,  S. Sharma,  D. W. Small,  T. Stauch,  T. Stein,  
 Yu-Chuan Su,  A. J. W. Thom,  A. Tkatchenko,  T. Tsuchimochi,  N. M. Tubman,  
 L. Vogt,  M. L. Vidal,  O. Vydrov,  M. A. Watson,  J. Wenzel,  
 M. de Wergifosse,  T. A. Wesolowski,  A. White,  J. Witte,  A. Yamada,  
 Jun Yang,  K. Yao,  S. Yeganeh,  S. R. Yost,  Zhi-Qiang You,  A. Zech,  
 Igor Ying Zhang,  Xing Zhang,  Yan Zhao,  Ying Zhu,  B. R. Brooks,  
 G. K. L. Chan,  C. J. Cramer,  M. S. Gordon,  W. J. Hehre,  A. Klamt,  
 M. W. Schmidt,  C. D. Sherrill,  D. G. Truhlar,  A. Aspuru-Guzik,  R. Baer,  
 A. T. Bell,  N. A. Besley,  Jeng-Da Chai,  A. E. DePrince, III,  
 R. A. DiStasio Jr.,  A. Dreuw,  B. D. Dunietz,  T. R. Furlani,  
 Chao-Ping Hsu,  Yousung Jung,  Jing Kong,  D. S. Lambrecht,  WanZhen Liang,  
 C. Ochsenfeld,  V. A. Rassolov,  L. V. Slipchenko,  J. E. Subotnik,  
 T. Van Voorhis,  J. M. Herbert,  A. I. Krylov,  P. M. W. Gill,  M. Head-Gordon

 Contributors to earlier versions of Q-Chem not listed above: 
 R. D. Adamson,  B. Austin,  J. Baker,  G. J. O. Beran,  K. Brandhorst,  
 S. T. Brown,  E. F. C. Byrd,  A. K. Chakraborty,  C.-L. Cheng,  
 Siu Hung Chien,  D. M. Chipman,  D. L. Crittenden,  H. Dachsel,  
 R. J. Doerksen,  A. D. Dutoi,  L. Fusti-Molnar,  W. A. Goddard III,  
 A. Golubeva-Zadorozhnaya,  S. R. Gwaltney,  G. Hawkins,  A. Heyden,  
 S. Hirata,  G. Kedziora,  F. J. Keil,  C. Kelley,  Jihan Kim,  R. A. King,  
 R. Z. Khaliullin,  P. P. Korambath,  W. Kurlancheek,  A. M. Lee,  M. S. Lee,  
 S. V. Levchenko,  Ching Yeh Lin,  D. Liotard,  R. C. Lochan,  I. Lotan,  
 P. E. Maslen,  N. Nair,  D. P. O'Neill,  D. Neuhauser,  E. Neuscamman,  
 C. M. Oana,  R. Olson,  B. Peters,  R. Peverati,  P. A. Pieniazek,  
 Y. M. Rhee,  J. Ritchie,  M. A. Rohrdanz,  E. Rosta,  N. J. Russ,  
 H. F. Schaefer III,  N. E. Schultz,  N. Shenvi,  A. C. Simmonett,  A. Sodt,  
 D. Stuck,  K. S. Thanthiriwatte,  V. Vanovschi,  Tao Wang,  A. Warshel,  
 C. F. Williams,  Q. Wu,  X. Xu,  W. Zhang

 Please cite Q-Chem as follows:
 Y. Shao et al., Mol. Phys. 113, 184-215 (2015)
 DOI: 10.1080/00268976.2014.952696

 Q-Chem 5.1.1 for Intel X86 EM64T Linux

 Parts of Q-Chem use Armadillo 8.300.2 (Tropical Shenanigans).
 http://arma.sourceforge.net/

 Q-Chem begins on Mon Mar 11 16:26:01 2019  

Host: 
0

     Scratch files written to /staging/scratch/2851581/qchem31872//
 Aug318 |scratch|qcdevops|jenkins|workspace|build_RNUM 6013   
Processing $rem in /usr/usc/qchem/5.1.1/config/preferences.
 MEM_TOTAL  2000 
Input Ideriv = 2
Curr. Ideriv = -1
Max.  Ideriv = 2

Checking the input file for inconsistencies... 	...done.

--------------------------------------------------------------
User input:
--------------------------------------------------------------

$comment
potential surface scanner
$end

$rem
JOBTYPE  PES_SCAN
UNRESTRICTED TRUE
SYM_IGNORE  TRUE
GEOM_OPT_MAX_CYCLES 400
SCF_MAX_CYCLES 400
METHOD   B3LYP
BASIS   6-31G**
PDB_PRINT 2
SCF_CONVERGENCE 6
THRESH 14
SCF_PRINT 1
$end
$molecule
0 3
H 1.198838 0.372105 2.129265
C -0.304704 -0.094664 -0.541220
H 0.108048 0.835212 -0.909688
H 0.233287 -1.021789 -0.688898
H -1.235571 -0.090963 0.010341
$end
$scan
stre 1 2 3.000000 3.001000 0.100000
$end
--------------------------------------------------------------
 ----------------------------------------------------------------
             Standard Nuclear Orientation (Angstroms)
    I     Atom           X                Y                Z
 ----------------------------------------------------------------
    1      H       1.1988380000     0.3721050000     2.1292650000
    2      C      -0.3047040000    -0.0946640000    -0.5412200000
    3      H       0.1080480000     0.8352120000    -0.9096880000
    4      H       0.2332870000    -1.0217890000    -0.6888980000
    5      H      -1.2355710000    -0.0909630000     0.0103410000
 ----------------------------------------------------------------
 Nuclear Repulsion Energy =    11.1598804226 hartrees
 There are        6 alpha and        4 beta electrons
 Requested basis set is 6-31G(d,p)
 There are 16 shells and 35 basis functions

 Total QAlloc Memory Limit   2000 MB
 Mega-Array Size       188 MB
 MEM_STATIC part       192 MB
A total of 1 constraints
  
            1
    1   1.0100000
    2   1.0100000
    3   2.0100000
    4   3.0000000
    5   3.0010000
    6   0.1000000
    7   0.0000000
    8   0.0000000
    9   0.0000000
   10   0.0000000

                       Distance Matrix (Angstroms)
             H (  1)   C (  2)   H (  3)   H (  4)
   C (  2)  3.100000
   H (  3)  3.261829  1.082036
   H (  4)  3.288962  1.082037  1.874269
   H (  5)  3.260463  1.082010  1.873383  1.874277
 
 A cutoff of  1.0D-14 yielded    136 shell pairs
 There are       669 function pairs
 
 -------------------------------------------------------
 OpenMP Integral Computing Module                       
 Release: version 1.0, May 2013, Q-Chem Inc. Pittsburgh 
 -------------------------------------------------------
 Integral Job Info:
 Integral job number is                      11
 Integral operator is                         1
 short-range coefficients                     0
 long-range coefficients              100000000
 Omega coefficients                           0
 if combine SR and LR in K                    0
 Integral screening is                        0
 Integral computing path is                   2
 max size of driver memory is            800000
 size of driver memory is                593474
 size of scratch memory is              2361544
 max col of scratch BK array               1296
 max len of scratch array in speh3          155
 max len of scratch index in speh4           18
 max int batch size is                      520
 min int batch size is                       52
 fixed nKL is                                52
 max L of basis functions is                  2
 order of int derivative is                   0
 number of shells is                         16
 number of basis is                          35
 number of cartesian basis is                35
 number of contracted shell pairs           136
 number of primitive shell pairs            465
 maxK2 (contraction) of shell pair           36
 max number of K2 of shell pair               1
 max number of CS2 of shell pair             17
 max number of PS2 of shell pair             48
 mem total for path MDJ                  507868
 -------------------------------------------------------
 Smallest overlap matrix eigenvalue = 2.75E-02

 Scale SEOQF with 1.000000e+00/1.000000e+00/1.000000e-01

 Standard Electronic Orientation quadrupole field applied
 Nucleus-field energy     =     0.0000000019 hartrees
 Guess from superposition of atomic densities
 Warning:  Energy on first SCF cycle will be non-variational
 SAD guess density has 10.000000 electrons

 -----------------------------------------------------------------------
  General SCF calculation program by
  Eric Jon Sundstrom, Paul Horn, Yuezhi Mao, Dmitri Zuev, Alec White,
  David Stuck, Shaama M.S., Shane Yost, Joonho Lee, David Small,
  Daniel Levine, Susi Lehtola, Hugh Burton, Evgeny Epifanovsky
 -----------------------------------------------------------------------
 Exchange:     0.2000 Hartree-Fock + 0.0800 Slater + 0.7200 B88
 Correlation:  0.1900 VWN1RPA + 0.8100 LYP
 Using SG-1 standard quadrature grid
 using 12 threads for integral computing
 -------------------------------------------------------
 OpenMP Integral computing Module                
 Release: version 1.0, May 2013, Q-Chem Inc. Pittsburgh 
 -------------------------------------------------------
 -------------------------------------------------------
 OpenMP BLAS3 based DFT computing Module                
 Release: version 1.0, May 2013, Q-Chem Inc. Pittsburgh 
 -------------------------------------------------------
 A unrestricted SCF calculation will be
 performed using DIIS
 SCF converges when DIIS error is below 1.0e-06
 Alpha HF Exchange    Energy =  -0.61656752591091
 Beta HF Exchange     Energy =  -0.61656752591091
 DFT Correlation      Energy =  -0.36559295316103
 DFT Exchange         Energy =  -4.95239209367956
 One-Electron (alpha) Energy = -37.03057288508994
 One-Electron (beta)  Energy = -37.03057288508994
 Total Coulomb        Energy =  29.25790456429659
 ---------------------------------------
  Cycle       Energy         DIIS error
 ---------------------------------------
    1     -40.1944808801      3.83e-02  
 Alpha HF Exchange    Energy =  -0.73660768299716
 Beta HF Exchange     Energy =  -0.58769946684162
 DFT Correlation      Energy =  -0.35612359713056
 DFT Exchange         Energy =  -5.23398409920958
 One-Electron (alpha) Energy = -41.40572669039802
 One-Electron (beta)  Energy = -34.54560693003392
 Total Coulomb        Energy =  31.39336464657523
    2     -40.3125033956      6.34e-03  
 Alpha HF Exchange    Energy =  -0.71692986853268
 Beta HF Exchange     Energy =  -0.57246754235070
 DFT Correlation      Energy =  -0.34629337944814
 DFT Exchange         Energy =  -5.09006978111729
 One-Electron (alpha) Energy = -40.59746441880576
 One-Electron (beta)  Energy = -33.85425766708115
 Total Coulomb        Energy =  29.69599285728381
    3     -40.3216093756      5.47e-03  
 Alpha HF Exchange    Energy =  -0.72840777778646
 Beta HF Exchange     Energy =  -0.57895906615243
 DFT Correlation      Energy =  -0.35060425920778
 DFT Exchange         Energy =  -5.16368508691409
 One-Electron (alpha) Energy = -41.03164379327026
 One-Electron (beta)  Energy = -34.14934997277382
 Total Coulomb        Energy =  30.50117230378958
    4     -40.3415972279      2.08e-04  
 Alpha HF Exchange    Energy =  -0.72868193024310
 Beta HF Exchange     Energy =  -0.57867946820920
 DFT Correlation      Energy =  -0.35041292258084
 DFT Exchange         Energy =  -5.16353482129319
 One-Electron (alpha) Energy = -41.04212638576767
 One-Electron (beta)  Energy = -34.12743822957866
 Total Coulomb        Energy =  30.48933955676566
    5     -40.3416537765      5.14e-05  
 Alpha HF Exchange    Energy =  -0.72880030137051
 Beta HF Exchange     Energy =  -0.57856221831955
 DFT Correlation      Energy =  -0.35036426618165
 DFT Exchange         Energy =  -5.16350427500509
 One-Electron (alpha) Energy = -41.04834936485445
 One-Electron (beta)  Energy = -34.11971080340873
 Total Coulomb        Energy =  30.48775202286485
    6     -40.3416587819      8.23e-06  
 Alpha HF Exchange    Energy =  -0.72883053534991
 Beta HF Exchange     Energy =  -0.57854994822652
 DFT Correlation      Energy =  -0.35036083837756
 DFT Exchange         Energy =  -5.16357281704233
 One-Electron (alpha) Energy = -41.04967215716643
 One-Electron (beta)  Energy = -34.11870709424748
 Total Coulomb        Energy =  30.48815405914414
    7     -40.3416589069      9.96e-07  Convergence criterion met
 ---------------------------------------
 SCF time:   CPU 11.85s  wall 1.00s 
<S^2> =          2.003664437
 Alpha HF Exchange    Energy =  -0.72883053534991
 Beta HF Exchange     Energy =  -0.57854994822652
 DFT Correlation      Energy =  -0.35036083837756
 DFT Exchange         Energy =  -5.16357281704233
 One-Electron (alpha) Energy = -41.04967215716643
 One-Electron (beta)  Energy = -34.11870709424748
 Total Coulomb        Energy =  30.48815405914414
 Nuclear repulsion Energy =  11.15988042441073
 SCF   energy in the final basis set =      -40.3416589069
 Total energy in the final basis set =      -40.3416589069
 
 --------------------------------------------------------------
 
                    Orbital Energies (a.u.)
 --------------------------------------------------------------
 
 Alpha MOs
 -- Occupied --
-10.191  -0.681  -0.415  -0.415  -0.314  -0.221
 -- Virtual --
  0.115   0.182   0.182   0.528   0.539   0.540   0.648   0.799
  0.890   0.890   0.950   1.436   1.436   1.914   1.914   1.946
  1.955   1.955   1.978   2.007   2.287   2.560   2.560   2.717
  2.718   3.249   3.458   3.458   4.279
 
 Beta MOs
 -- Occupied --
-10.177  -0.639  -0.405  -0.405
 -- Virtual --
 -0.063  -0.006   0.132   0.188   0.188   0.547   0.547   0.617
  0.701   0.894   0.894   0.962   1.034   1.483   1.483   1.918
  1.918   2.002   2.045   2.218   2.222   2.222   2.299   2.589
  2.590   2.718   2.719   3.256   3.465   3.466   4.316
 --------------------------------------------------------------
 
          Ground-State Mulliken Net Atomic Charges

     Atom                 Charge (a.u.)    Spin (a.u.)
  --------------------------------------------------------
      1 H                     0.000489       0.999287
      2 C                    -0.367330       1.145451
      3 H                     0.122265      -0.048247
      4 H                     0.122316      -0.048242
      5 H                     0.122260      -0.048249
  --------------------------------------------------------
  Sum of atomic charges =     0.000000
  Sum of spin   charges =     2.000000

 -----------------------------------------------------------------
                    Cartesian Multipole Moments
 -----------------------------------------------------------------
    Charge (ESU x 10^10)
                 0.0000
    Dipole Moment (Debye)
         X       0.0177      Y       0.0049      Z       0.0308
       Tot       0.0359
    Quadrupole Moments (Debye-Ang)
        XX      -8.6966     XY      -0.1131     YY      -8.3211
        XZ      -0.7033     YZ      -0.1933     ZZ      -9.5148
    Octopole Moments (Debye-Ang^2)
       XXX       1.6481    XXY       0.1939    XYY       1.3121
       YYY       0.5703    XXZ       1.9680    XYZ       0.1114
       YYZ       0.7362    XZZ       1.4556    YZZ       0.5703
       ZZZ       5.0980
    Hexadecapole Moments (Debye-Ang^3)
      XXXX     -29.0759   XXXY      -2.1196   XXYY      -8.1199
      XYYY      -2.4000   YYYY     -16.7892   XXXZ     -12.7872
      XXYZ      -1.3206   XYYZ      -4.4454   YYYZ      -3.8292
      XXZZ     -15.5245   XYZZ      -0.8012   YYZZ     -12.4714
      XZZZ     -12.9623   YZZZ      -4.2799   ZZZZ     -61.4467
 -----------------------------------------------------------------
 Calculating analytic gradient of the SCF energy
 Gradient of SCF Energy
            1           2           3           4           5
    1  -0.0010542   0.0011345  -0.0000584   0.0000128  -0.0000347
    2  -0.0003360   0.0002159   0.0000603  -0.0000175   0.0000774
    3  -0.0018799   0.0018562   0.0000148   0.0000195  -0.0000105
 Max gradient component =       1.880E-03
 RMS gradient           =       7.980E-04
 Gradient time:  CPU 5.93 s  wall 0.72 s
 Geometry Optimization Parameters
   NAtoms,    NIC,     NZ,  NCons,   NDum,   NFix, NCnnct, MaxDiis
        5      50       0       1       0       0       0       0


** CONSTRAINED OPTIMIZATION IN DELOCALIZED INTERNAL COORDINATES **
   Searching for a Minimum

   Optimization Cycle:   1

                       Coordinates (Angstroms)
     ATOM                X               Y               Z
      1  H         1.1988380000    0.3721050000    2.1292650000
      2  C        -0.3047040000   -0.0946640000   -0.5412200000
      3  H         0.1080480000    0.8352120000   -0.9096880000
      4  H         0.2332870000   -1.0217890000   -0.6888980000
      5  H        -1.2355710000   -0.0909630000    0.0103410000
   Point Group: c1    Number of degrees of freedom:     9


   Energy is    -40.341658907

              Constraints and their Current Values
                                        Value     Constraint
   Distance(Angs):        1   2             3.100000     3.000000

 Attempting to Generate Delocalized Internal Coordinates

   Using Lagrange Multiplier Algorithm


 10 Hessian modes will be used to form the next step
  Hessian Eigenvalues:
    -0.994820    0.050745    0.053335    0.053433    0.078252    0.078257
     0.306108    0.306984    0.320327    1.005207

 Minimum Search - Taking P-RFO Step
 Searching for Lamda that Maximizes Along the Constraint modes Only
 Value Taken    Lamda =   0.01812971
 Searching for Lamda that Minimizes Along All other modes
 Value Taken    Lamda =  -0.01697473
 Step Taken.  Stepsize is  0.185713

                             Maximum     Tolerance    Cnvgd?
         Gradient            0.188973       0.000300      NO
         Displacement        0.185711       0.001200      NO
         Energy change     *********       0.000001      NO


 New Cartesian Coordinates Obtained by Inverse Iteration

 Displacement from previous Coordinates is:  0.143369
 ----------------------------------------------------------------
             Standard Nuclear Orientation (Angstroms)
    I     Atom           X                Y                Z
 ----------------------------------------------------------------
    1      H       1.1693835732     0.3629239216     2.0769216334
    2      C      -0.2866721315    -0.0887599472    -0.5088556725
    3      H       0.1165329212     0.8471042348    -0.9074769125
    4      H       0.2433399028    -1.0315436407    -0.6840402351
    5      H      -1.2426862657    -0.0898235685     0.0232511868
 ----------------------------------------------------------------
 Nuclear Repulsion Energy =    11.0911719754 hartrees
 There are        6 alpha and        4 beta electrons

                       Distance Matrix (Angstroms)
             H (  1)   C (  2)   H (  3)   H (  4)
   C (  2)  3.001726
   H (  3)  3.201493  1.094219
   H (  4)  3.228778  1.095648  1.896133
   H (  5)  3.200097  1.094122  1.895143  1.896147
 
 Applying Cartesian multipole field
    Component          Value
    ---------          -----
     (2,0,0)        1.00000E-10
     (0,2,0)        2.00000E-10
     (0,0,2)       -3.00000E-11
 Nucleus-field energy     =     0.0000000019 hartrees
 Requested basis set is 6-31G(d,p)
 There are 16 shells and 35 basis functions
 A cutoff of  1.0D-14 yielded    136 shell pairs
 There are       669 function pairs
 Smallest overlap matrix eigenvalue = 2.84E-02
 Guess from superposition of atomic densities
 Warning:  Energy on first SCF cycle will be non-variational
 SAD guess density has 10.000000 electrons

 -----------------------------------------------------------------------
  General SCF calculation program by
  Eric Jon Sundstrom, Paul Horn, Yuezhi Mao, Dmitri Zuev, Alec White,
  David Stuck, Shaama M.S., Shane Yost, Joonho Lee, David Small,
  Daniel Levine, Susi Lehtola, Hugh Burton, Evgeny Epifanovsky
 -----------------------------------------------------------------------
 Exchange:     0.2000 Hartree-Fock + 0.0800 Slater + 0.7200 B88
 Correlation:  0.1900 VWN1RPA + 0.8100 LYP
 Using SG-1 standard quadrature grid
 using 12 threads for integral computing
 -------------------------------------------------------
 OpenMP Integral computing Module                
 Release: version 1.0, May 2013, Q-Chem Inc. Pittsburgh 
 -------------------------------------------------------
 -------------------------------------------------------
 OpenMP BLAS3 based DFT computing Module                
 Release: version 1.0, May 2013, Q-Chem Inc. Pittsburgh 
 -------------------------------------------------------
 A unrestricted SCF calculation will be
 performed using DIIS
 SCF converges when DIIS error is below 1.0e-06
 Alpha HF Exchange    Energy =  -0.61450153355271
 Beta HF Exchange     Energy =  -0.61450153355271
 DFT Correlation      Energy =  -0.36530779958193
 DFT Exchange         Energy =  -4.94766169819965
 One-Electron (alpha) Energy = -36.98160434838442
 One-Electron (beta)  Energy = -36.98160434838442
 Total Coulomb        Energy =  29.23296912112872
 ---------------------------------------
  Cycle       Energy         DIIS error
 ---------------------------------------
    1     -40.1810401632      3.74e-02  
 Alpha HF Exchange    Energy =  -0.73485391246825
 Beta HF Exchange     Energy =  -0.58596981204205
 DFT Correlation      Energy =  -0.35549048321085
 DFT Exchange         Energy =  -5.22136577067492
 One-Electron (alpha) Energy = -41.35523570240051
 One-Electron (beta)  Energy = -34.45887661162090
 Total Coulomb        Energy =  31.30781687250509
    2     -40.3128034426      6.19e-03  
 Alpha HF Exchange    Energy =  -0.71585935580358
 Beta HF Exchange     Energy =  -0.57113728192670
 DFT Correlation      Energy =  -0.34578081045003
 DFT Exchange         Energy =  -5.08158429838863
 One-Electron (alpha) Energy = -40.56481403796978
 One-Electron (beta)  Energy = -33.77456186837055
 Total Coulomb        Energy =  29.64140754683341
    3     -40.3211581288      5.40e-03  
 Alpha HF Exchange    Energy =  -0.72715436997270
 Beta HF Exchange     Energy =  -0.57748132161130
 DFT Correlation      Energy =  -0.35005551350913
 DFT Exchange         Energy =  -5.15395597975674
 One-Electron (alpha) Energy = -40.99517200782169
 One-Electron (beta)  Energy = -34.06708030046568
 Total Coulomb        Energy =  30.43895116361345
    4     -40.3407763522      2.14e-04  
 Alpha HF Exchange    Energy =  -0.72743897602114
 Beta HF Exchange     Energy =  -0.57718461835712
 DFT Correlation      Energy =  -0.34985344309583
 DFT Exchange         Energy =  -5.15376996834573
 One-Electron (alpha) Energy = -41.00608884963552
 One-Electron (beta)  Energy = -34.04394112679429
 Total Coulomb        Energy =  30.42626769161575
    5     -40.3408373133      5.32e-05  
 Alpha HF Exchange    Energy =  -0.72756637577797
 Beta HF Exchange     Energy =  -0.57706147814524
 DFT Correlation      Energy =  -0.34980196962277
 DFT Exchange         Energy =  -5.15374893677980
 One-Electron (alpha) Energy = -41.01274617446596
 One-Electron (beta)  Energy = -34.03576292586286
 Total Coulomb        Energy =  30.42467306479092
    6     -40.3408428186      8.77e-06  
 Alpha HF Exchange    Energy =  -0.72759825484541
 Beta HF Exchange     Energy =  -0.57704836862684
 DFT Correlation      Energy =  -0.34979803461778
 DFT Exchange         Energy =  -5.15382035921133
 One-Electron (alpha) Energy = -41.01415046459617
 One-Electron (beta)  Energy = -34.03467655621011
 Total Coulomb        Energy =  30.42507709903203
    7     -40.3408429618      1.28e-06  
 Alpha HF Exchange    Energy =  -0.72759974243267
 Beta HF Exchange     Energy =  -0.57704665387388
 DFT Correlation      Energy =  -0.34979771147919
 DFT Exchange         Energy =  -5.15381932674608
 One-Electron (alpha) Energy = -41.01423069511690
 One-Electron (beta)  Energy = -34.03459472225153
 Total Coulomb        Energy =  30.42507391103410
    8     -40.3408429636      3.06e-07  Convergence criterion met
 ---------------------------------------
 SCF time:   CPU 13.66s  wall 1.00s 
<S^2> =          2.003824061
 Alpha HF Exchange    Energy =  -0.72759974243267
 Beta HF Exchange     Energy =  -0.57704665387388
 DFT Correlation      Energy =  -0.34979771147919
 DFT Exchange         Energy =  -5.15381932674608
 One-Electron (alpha) Energy = -41.01423069511690
 One-Electron (beta)  Energy = -34.03459472225153
 Total Coulomb        Energy =  30.42507391103410
 Nuclear repulsion Energy =  11.09117197729303
 SCF   energy in the final basis set =      -40.3408429636
 Total energy in the final basis set =      -40.3408429636
 
 --------------------------------------------------------------
 
                    Orbital Energies (a.u.)
 --------------------------------------------------------------
 
 Alpha MOs
 -- Occupied --
-10.194  -0.677  -0.412  -0.412  -0.313  -0.220
 -- Virtual --
  0.111   0.178   0.179   0.530   0.543   0.543   0.646   0.806
  0.882   0.883   0.944   1.437   1.437   1.901   1.902   1.940
  1.957   1.957   1.974   2.005   2.282   2.544   2.545   2.691
  2.692   3.216   3.427   3.428   4.281
 
 Beta MOs
 -- Occupied --
-10.180  -0.636  -0.402  -0.402
 -- Virtual --
 -0.065  -0.003   0.127   0.184   0.184   0.550   0.550   0.619
  0.700   0.885   0.886   0.953   1.039   1.484   1.484   1.905
  1.906   2.000   2.031   2.215   2.222   2.222   2.298   2.573
  2.574   2.691   2.692   3.223   3.435   3.436   4.318
 --------------------------------------------------------------
 
          Ground-State Mulliken Net Atomic Charges

     Atom                 Charge (a.u.)    Spin (a.u.)
  --------------------------------------------------------
      1 H                     0.000470       0.999250
      2 C                    -0.365856       1.147135
      3 H                     0.121860      -0.048773
      4 H                     0.121655      -0.048839
      5 H                     0.121871      -0.048773
  --------------------------------------------------------
  Sum of atomic charges =     0.000000
  Sum of spin   charges =     2.000000

 -----------------------------------------------------------------
                    Cartesian Multipole Moments
 -----------------------------------------------------------------
    Charge (ESU x 10^10)
                 0.0000
    Dipole Moment (Debye)
         X      -0.0148      Y      -0.0038      Z      -0.0254
       Tot       0.0297
    Quadrupole Moments (Debye-Ang)
        XX      -8.7023     XY      -0.1106     YY      -8.3326
        XZ      -0.6957     YZ      -0.1918     ZZ      -9.5113
    Octopole Moments (Debye-Ang^2)
       XXX       1.3709    XXY       0.1596    XYY       1.2612
       YYY       0.4973    XXZ       1.8106    XYZ       0.0991
       YYZ       0.5770    XZZ       1.3150    YZZ       0.5342
       ZZZ       4.5843
    Hexadecapole Moments (Debye-Ang^3)
      XXXX     -28.3157   XXXY      -1.9596   XXYY      -8.0459
      XYYY      -2.2574   YYYY     -16.9453   XXXZ     -11.9314
      XXYZ      -1.2310   XYYZ      -4.1724   YYYZ      -3.5583
      XXZZ     -14.9545   XYZZ      -0.7508   YYZZ     -12.0080
      XZZZ     -12.1043   YZZZ      -4.0302   ZZZZ     -58.6693
 -----------------------------------------------------------------
 Calculating analytic gradient of the SCF energy
 Gradient of SCF Energy
            1           2           3           4           5
    1  -0.0014019   0.0016467   0.0028790   0.0042939  -0.0074177
    2  -0.0004444   0.0014265   0.0070676  -0.0079925  -0.0000572
    3  -0.0024990   0.0039240  -0.0033573  -0.0017664   0.0036988
 Max gradient component =       7.992E-03
 RMS gradient           =       4.100E-03
 Gradient time:  CPU 4.66 s  wall 0.59 s
 Geometry Optimization Parameters
   NAtoms,    NIC,     NZ,  NCons,   NDum,   NFix, NCnnct, MaxDiis
        5      50       0       1       0       0       0       0

 Cartesian Hessian Update
 Hessian Updated using BFGS Update


** CONSTRAINED OPTIMIZATION IN DELOCALIZED INTERNAL COORDINATES **
   Searching for a Minimum

   Optimization Cycle:   2

                       Coordinates (Angstroms)
     ATOM                X               Y               Z
      1  H         1.1693835732    0.3629239216    2.0769216334
      2  C        -0.2866721315   -0.0887599472   -0.5088556725
      3  H         0.1165329212    0.8471042348   -0.9074769125
      4  H         0.2433399028   -1.0315436407   -0.6840402351
      5  H        -1.2426862657   -0.0898235685    0.0232511868
   Point Group: c1    Number of degrees of freedom:     9


   Energy is    -40.340842964

              Constraints and their Current Values
                                        Value     Constraint
   Distance(Angs):        1   2             3.001726     3.000000
 Hessian Updated using BFGS Update

   Using Lagrange Multiplier Algorithm


 10 Hessian modes will be used to form the next step
  Hessian Eigenvalues:
    -0.990038    0.051064    0.053335    0.053434    0.078247    0.078257
     0.306255    0.306985    0.543275    1.017630

 Minimum Search - Taking P-RFO Step
 Searching for Lamda that Maximizes Along the Constraint modes Only
 Value Taken    Lamda =   0.00001370
 Searching for Lamda that Minimizes Along All other modes
 Value Taken    Lamda =  -0.00034871
 Step Taken.  Stepsize is  0.026533

                             Maximum     Tolerance    Cnvgd?
         Gradient            0.013541       0.000300      NO
         Displacement        0.024829       0.001200      NO
         Energy change      0.000816       0.000001      NO


 New Cartesian Coordinates Obtained by Inverse Iteration

 Displacement from previous Coordinates is:  0.022567
 ----------------------------------------------------------------
             Standard Nuclear Orientation (Angstroms)
    I     Atom           X                Y                Z
 ----------------------------------------------------------------
    1      H       1.1686853556     0.3627454479     2.0757260092
    2      C      -0.2864333793    -0.0888367015    -0.5085930852
    3      H       0.1144117499     0.8413212317    -0.9048948093
    4      H       0.2399637271    -1.0253254417    -0.6827451881
    5      H      -1.2367294533    -0.0900035364     0.0203070734
 ----------------------------------------------------------------
 Nuclear Repulsion Energy =    11.1522549450 hartrees
 There are        6 alpha and        4 beta electrons

                       Distance Matrix (Angstroms)
             H (  1)   C (  2)   H (  3)   H (  4)
   C (  2)  3.000000
   H (  3)  3.197597  1.087624
   H (  4)  3.224659  1.088317  1.884007
   H (  5)  3.196209  1.087566  1.883865  1.884073
 
 Applying Cartesian multipole field
    Component          Value
    ---------          -----
     (2,0,0)        1.00000E-10
     (0,2,0)        2.00000E-10
     (0,0,2)       -3.00000E-11
 Nucleus-field energy     =     0.0000000019 hartrees
 Requested basis set is 6-31G(d,p)
 There are 16 shells and 35 basis functions
 A cutoff of  1.0D-14 yielded    136 shell pairs
 There are       669 function pairs
 Smallest overlap matrix eigenvalue = 2.78E-02
 Guess from superposition of atomic densities
 Warning:  Energy on first SCF cycle will be non-variational
 SAD guess density has 10.000000 electrons

 -----------------------------------------------------------------------
  General SCF calculation program by
  Eric Jon Sundstrom, Paul Horn, Yuezhi Mao, Dmitri Zuev, Alec White,
  David Stuck, Shaama M.S., Shane Yost, Joonho Lee, David Small,
  Daniel Levine, Susi Lehtola, Hugh Burton, Evgeny Epifanovsky
 -----------------------------------------------------------------------
 Exchange:     0.2000 Hartree-Fock + 0.0800 Slater + 0.7200 B88
 Correlation:  0.1900 VWN1RPA + 0.8100 LYP
 Using SG-1 standard quadrature grid
 using 12 threads for integral computing
 -------------------------------------------------------
 OpenMP Integral computing Module                
 Release: version 1.0, May 2013, Q-Chem Inc. Pittsburgh 
 -------------------------------------------------------
 -------------------------------------------------------
 OpenMP BLAS3 based DFT computing Module                
 Release: version 1.0, May 2013, Q-Chem Inc. Pittsburgh 
 -------------------------------------------------------
 A unrestricted SCF calculation will be
 performed using DIIS
 SCF converges when DIIS error is below 1.0e-06
 Alpha HF Exchange    Energy =  -0.61564161114119
 Beta HF Exchange     Energy =  -0.61564161114119
 DFT Correlation      Energy =  -0.36555721192855
 DFT Exchange         Energy =  -4.95023121220398
 One-Electron (alpha) Energy = -37.03215638853624
 One-Electron (beta)  Energy = -37.03215638853624
 Total Coulomb        Energy =  29.27058547022598
 ---------------------------------------
  Cycle       Energy         DIIS error
 ---------------------------------------
    1     -40.1885440064      3.79e-02  
 Alpha HF Exchange    Energy =  -0.73590540622846
 Beta HF Exchange     Energy =  -0.58689569164970
 DFT Correlation      Energy =  -0.35588445635674
 DFT Exchange         Energy =  -5.22854466184472
 One-Electron (alpha) Energy = -41.42193768317977
 One-Electron (beta)  Energy = -34.51594822530377
 Total Coulomb        Energy =  31.38046938887141
    2     -40.3123917888      6.28e-03  
 Alpha HF Exchange    Energy =  -0.71653834498854
 Beta HF Exchange     Energy =  -0.57183154992233
 DFT Correlation      Energy =  -0.34609999056889
 DFT Exchange         Energy =  -5.08644037511176
 One-Electron (alpha) Energy = -40.62099113949723
 One-Electron (beta)  Energy = -33.82677982863095
 Total Coulomb        Energy =  29.69526106426810
    3     -40.3211652176      5.44e-03  
 Alpha HF Exchange    Energy =  -0.72793074414354
 Beta HF Exchange     Energy =  -0.57826045025267
 DFT Correlation      Energy =  -0.35039548107507
 DFT Exchange         Energy =  -5.15949971734273
 One-Electron (alpha) Energy = -41.05388566221375
 One-Electron (beta)  Energy = -34.12107040666437
 Total Coulomb        Energy =  30.49777207950249
    4     -40.3410154353      2.11e-04  
 Alpha HF Exchange    Energy =  -0.72821114334847
 Beta HF Exchange     Energy =  -0.57797309580180
 DFT Correlation      Energy =  -0.35019900850914
 DFT Exchange         Energy =  -5.15933877991132
 One-Electron (alpha) Energy = -41.06462969876929
 One-Electron (beta)  Energy = -34.09855515158780
 Total Coulomb        Energy =  30.48557784343965
    5     -40.3410740876      5.23e-05  
 Alpha HF Exchange    Energy =  -0.72833373415055
 Beta HF Exchange     Energy =  -0.57785300559905
 DFT Correlation      Energy =  -0.35014905921428
 DFT Exchange         Energy =  -5.15931241232141
 One-Electron (alpha) Energy = -41.07105701725096
 One-Electron (beta)  Energy = -34.09061644759957
 Total Coulomb        Energy =  30.48398740546919
    6     -40.3410793238      8.60e-06  
 Alpha HF Exchange    Energy =  -0.72836461492055
 Beta HF Exchange     Energy =  -0.57784033640874
 DFT Correlation      Energy =  -0.35014533043399
 DFT Exchange         Energy =  -5.15938173070013
 One-Electron (alpha) Energy = -41.07241304904348
 One-Electron (beta)  Energy = -34.08956970094724
 Total Coulomb        Energy =  30.48438035664437
    7     -40.3410794589      1.33e-06  
 Alpha HF Exchange    Energy =  -0.72836613848169
 Beta HF Exchange     Energy =  -0.57783865777840
 DFT Correlation      Energy =  -0.35014502761138
 DFT Exchange         Energy =  -5.15938099616100
 One-Electron (alpha) Energy = -41.07249327583067
 One-Electron (beta)  Energy = -34.08948955141123
 Total Coulomb        Energy =  30.48437923962786
    8     -40.3410794608      3.06e-07  Convergence criterion met
 ---------------------------------------
 SCF time:   CPU 13.64s  wall 1.00s 
<S^2> =          2.003741495
 Alpha HF Exchange    Energy =  -0.72836613848169
 Beta HF Exchange     Energy =  -0.57783865777840
 DFT Correlation      Energy =  -0.35014502761138
 DFT Exchange         Energy =  -5.15938099616100
 One-Electron (alpha) Energy = -41.07249327583067
 One-Electron (beta)  Energy = -34.08948955141123
 Total Coulomb        Energy =  30.48437923962786
 Nuclear repulsion Energy =  11.15225494688647
 SCF   energy in the final basis set =      -40.3410794608
 Total energy in the final basis set =      -40.3410794608
 
 --------------------------------------------------------------
 
                    Orbital Energies (a.u.)
 --------------------------------------------------------------
 
 Alpha MOs
 -- Occupied --
-10.192  -0.679  -0.414  -0.414  -0.313  -0.220
 -- Virtual --
  0.113   0.181   0.181   0.531   0.541   0.541   0.646   0.807
  0.886   0.887   0.948   1.437   1.437   1.908   1.908   1.944
  1.957   1.957   1.977   2.006   2.287   2.552   2.553   2.706
  2.706   3.234   3.444   3.444   4.281
 
 Beta MOs
 -- Occupied --
-10.178  -0.638  -0.404  -0.404
 -- Virtual --
 -0.066  -0.003   0.130   0.186   0.186   0.548   0.548   0.619
  0.701   0.890   0.890   0.958   1.040   1.483   1.484   1.912
  1.913   2.001   2.038   2.216   2.223   2.223   2.302   2.582
  2.582   2.706   2.706   3.241   3.451   3.452   4.318
 --------------------------------------------------------------
 
          Ground-State Mulliken Net Atomic Charges

     Atom                 Charge (a.u.)    Spin (a.u.)
  --------------------------------------------------------
      1 H                     0.000478       0.999247
      2 C                    -0.366618       1.146082
      3 H                     0.122082      -0.048433
      4 H                     0.121970      -0.048463
      5 H                     0.122088      -0.048434
  --------------------------------------------------------
  Sum of atomic charges =    -0.000000
  Sum of spin   charges =     2.000000

 -----------------------------------------------------------------
                    Cartesian Multipole Moments
 -----------------------------------------------------------------
    Charge (ESU x 10^10)
                -0.0000
    Dipole Moment (Debye)
         X      -0.0146      Y      -0.0040      Z      -0.0254
       Tot       0.0295
    Quadrupole Moments (Debye-Ang)
        XX      -8.6922     XY      -0.1088     YY      -8.3268
        XZ      -0.6888     YZ      -0.1899     ZZ      -9.4928
    Octopole Moments (Debye-Ang^2)
       XXX       1.3732    XXY       0.1598    XYY       1.2424
       YYY       0.4962    XXZ       1.7931    XYZ       0.0981
       YYZ       0.5826    XZZ       1.3052    YZZ       0.5279
       ZZZ       4.5504
    Hexadecapole Moments (Debye-Ang^3)
      XXXX     -28.1929   XXXY      -1.9636   XXYY      -7.9910
      XYYY      -2.2530   YYYY     -16.8113   XXXZ     -11.9249
      XXYZ      -1.2317   XYYZ      -4.1639   YYYZ      -3.5585
      XXZZ     -14.9025   XYZZ      -0.7525   YYZZ     -11.9693
      XZZZ     -12.1065   YZZZ      -4.0242   ZZZZ     -58.5162
 -----------------------------------------------------------------
 Calculating analytic gradient of the SCF energy
 Gradient of SCF Energy
            1           2           3           4           5
    1  -0.0014087   0.0018153   0.0012591   0.0019163  -0.0035820
    2  -0.0004467   0.0010398   0.0032649  -0.0037775  -0.0000804
    3  -0.0025117   0.0037421  -0.0017725  -0.0010020   0.0015441
 Max gradient component =       3.777E-03
 RMS gradient           =       2.257E-03
 Gradient time:  CPU 4.66 s  wall 0.60 s
 Geometry Optimization Parameters
   NAtoms,    NIC,     NZ,  NCons,   NDum,   NFix, NCnnct, MaxDiis
        5      50       0       1       0       0       0       0

 Cartesian Hessian Update
 Hessian Updated using BFGS Update


** CONSTRAINED OPTIMIZATION IN DELOCALIZED INTERNAL COORDINATES **
   Searching for a Minimum

   Optimization Cycle:   3

                       Coordinates (Angstroms)
     ATOM                X               Y               Z
      1  H         1.1686853556    0.3627454479    2.0757260092
      2  C        -0.2864333793   -0.0888367015   -0.5085930852
      3  H         0.1144117499    0.8413212317   -0.9048948093
      4  H         0.2399637271   -1.0253254417   -0.6827451881
      5  H        -1.2367294533   -0.0900035364    0.0203070734
   Point Group: c1    Number of degrees of freedom:     9


   Energy is    -40.341079461

              Constraints and their Current Values
                                        Value     Constraint
   Distance(Angs):        1   2             3.000000     3.000000
 Hessian Updated using BFGS Update

  8 Hessian modes will be used to form the next step
  Hessian Eigenvalues:
     0.049638    0.053335    0.053435    0.078252    0.078257    0.301863
     0.306965    0.307065

 Minimum Search - Taking Simple RFO Step
 Searching for Lamda that Minimizes Along All modes
 Value Taken    Lamda =  -0.00014385
 Step Taken.  Stepsize is  0.026326

                             Maximum     Tolerance    Cnvgd?
         Gradient           0.006295      0.000300      NO
         Displacement       0.020990      0.001200      NO
         Energy change     -0.000236      0.000001      NO


 New Cartesian Coordinates Obtained by Inverse Iteration

 Displacement from previous Coordinates is:  0.020248
 ----------------------------------------------------------------
             Standard Nuclear Orientation (Angstroms)
    I     Atom           X                Y                Z
 ----------------------------------------------------------------
    1      H       1.1680532925     0.3626328054     2.0746926252
    2      C      -0.2869251924    -0.0891756059    -0.5096658872
    3      H       0.1127365694     0.8362868304    -0.9021099767
    4      H       0.2371965114    -1.0198154549    -0.6812561594
    5      H      -1.2311631809    -0.0900275749     0.0181393981
 ----------------------------------------------------------------
 Nuclear Repulsion Energy =    11.2067399442 hartrees
 There are        6 alpha and        4 beta electrons

                       Distance Matrix (Angstroms)
             H (  1)   C (  2)   H (  3)   H (  4)
   C (  2)  3.000000
   H (  3)  3.193649  1.081768
   H (  4)  3.220700  1.081775  1.873335
   H (  5)  3.192264  1.081741  1.873762  1.873430
 
 Applying Cartesian multipole field
    Component          Value
    ---------          -----
     (2,0,0)        1.00000E-10
     (0,2,0)        2.00000E-10
     (0,0,2)       -3.00000E-11
 Nucleus-field energy     =     0.0000000018 hartrees
 Requested basis set is 6-31G(d,p)
 There are 16 shells and 35 basis functions
 A cutoff of  1.0D-14 yielded    136 shell pairs
 There are       669 function pairs
 Smallest overlap matrix eigenvalue = 2.74E-02
 Guess from superposition of atomic densities
 Warning:  Energy on first SCF cycle will be non-variational
 SAD guess density has 10.000000 electrons

 -----------------------------------------------------------------------
  General SCF calculation program by
  Eric Jon Sundstrom, Paul Horn, Yuezhi Mao, Dmitri Zuev, Alec White,
  David Stuck, Shaama M.S., Shane Yost, Joonho Lee, David Small,
  Daniel Levine, Susi Lehtola, Hugh Burton, Evgeny Epifanovsky
 -----------------------------------------------------------------------
 Exchange:     0.2000 Hartree-Fock + 0.0800 Slater + 0.7200 B88
 Correlation:  0.1900 VWN1RPA + 0.8100 LYP
 Using SG-1 standard quadrature grid
 using 12 threads for integral computing
 -------------------------------------------------------
 OpenMP Integral computing Module                
 Release: version 1.0, May 2013, Q-Chem Inc. Pittsburgh 
 -------------------------------------------------------
 -------------------------------------------------------
 OpenMP BLAS3 based DFT computing Module                
 Release: version 1.0, May 2013, Q-Chem Inc. Pittsburgh 
 -------------------------------------------------------
 A unrestricted SCF calculation will be
 performed using DIIS
 SCF converges when DIIS error is below 1.0e-06
 Alpha HF Exchange    Energy =  -0.61666462067609
 Beta HF Exchange     Energy =  -0.61666462067609
 DFT Correlation      Energy =  -0.36577750025491
 DFT Exchange         Energy =  -4.95253639851988
 One-Electron (alpha) Energy = -37.07700297709719
 One-Electron (beta)  Energy = -37.07700297709719
 Total Coulomb        Energy =  29.30371797669140
 ---------------------------------------
  Cycle       Energy         DIIS error
 ---------------------------------------
    1     -40.1951911716      3.84e-02  
 Alpha HF Exchange    Energy =  -0.73684679957616
 Beta HF Exchange     Energy =  -0.58772727834583
 DFT Correlation      Energy =  -0.35623684815246
 DFT Exchange         Energy =  -5.23498958627945
 One-Electron (alpha) Energy = -41.48099727555549
 One-Electron (beta)  Energy = -34.56699277087395
 Total Coulomb        Energy =  31.44518124425250
    2     -40.3118693685      6.36e-03  
 Alpha HF Exchange    Energy =  -0.71714274765198
 Beta HF Exchange     Energy =  -0.57245346923345
 DFT Correlation      Energy =  -0.34638531666601
 DFT Exchange         Energy =  -5.09078620087005
 One-Electron (alpha) Energy = -40.67056537806658
 One-Electron (beta)  Energy = -33.87346091431341
 Total Coulomb        Energy =  29.74302584888447
    3     -40.3210282319      5.48e-03  
 Alpha HF Exchange    Energy =  -0.72862398060916
 Beta HF Exchange     Energy =  -0.57895922789718
 DFT Correlation      Energy =  -0.35069956190041
 DFT Exchange         Energy =  -5.16447003486102
 One-Electron (alpha) Energy = -41.10575492605626
 One-Electron (beta)  Energy = -34.16934483306905
 Total Coulomb        Energy =  30.55002362289679
    4     -40.3410889954      2.08e-04  
 Alpha HF Exchange    Energy =  -0.72890069933223
 Beta HF Exchange     Energy =  -0.57868006823720
 DFT Correlation      Energy =  -0.35050805172777
 DFT Exchange         Energy =  -5.16433105921056
 One-Electron (alpha) Energy = -41.11634867451181
 One-Electron (beta)  Energy = -34.14737964009313
 Total Coulomb        Energy =  30.53826260219885
    5     -40.3411456449      5.14e-05  
 Alpha HF Exchange    Energy =  -0.72901916535123
 Beta HF Exchange     Energy =  -0.57856262098549
 DFT Correlation      Energy =  -0.35045940879652
 DFT Exchange         Energy =  -5.16430020693776
 One-Electron (alpha) Energy = -41.12257833103256
 One-Electron (beta)  Energy = -34.13964637400935
 Total Coulomb        Energy =  30.53667550843094
    6     -40.3411506526      8.41e-06  
 Alpha HF Exchange    Energy =  -0.72904923988146
 Beta HF Exchange     Energy =  -0.57855032473782
 DFT Correlation      Energy =  -0.35045586985520
 DFT Exchange         Energy =  -5.16436790581898
 One-Electron (alpha) Energy = -41.12389486489980
 One-Electron (beta)  Energy = -34.13863383330288
 Total Coulomb        Energy =  30.53706131203412
    7     -40.3411507804      1.29e-06  
 Alpha HF Exchange    Energy =  -0.72905071150125
 Beta HF Exchange     Energy =  -0.57854868347550
 DFT Correlation      Energy =  -0.35045558237277
 DFT Exchange         Energy =  -5.16436712532927
 One-Electron (alpha) Energy = -41.12397180805086
 One-Electron (beta)  Energy = -34.13855649860201
 Total Coulomb        Energy =  30.53705968115576
    8     -40.3411507821      2.99e-07  Convergence criterion met
 ---------------------------------------
 SCF time:   CPU 13.65s  wall 1.00s 
<S^2> =          2.003670836
 Alpha HF Exchange    Energy =  -0.72905071150125
 Beta HF Exchange     Energy =  -0.57854868347550
 DFT Correlation      Energy =  -0.35045558237277
 DFT Exchange         Energy =  -5.16436712532927
 One-Electron (alpha) Energy = -41.12397180805086
 One-Electron (beta)  Energy = -34.13855649860201
 Total Coulomb        Energy =  30.53705968115576
 Nuclear repulsion Energy =  11.20673994605380
 SCF   energy in the final basis set =      -40.3411507821
 Total energy in the final basis set =      -40.3411507821
 
 --------------------------------------------------------------
 
                    Orbital Energies (a.u.)
 --------------------------------------------------------------
 
 Alpha MOs
 -- Occupied --
-10.191  -0.681  -0.415  -0.415  -0.313  -0.220
 -- Virtual --
  0.115   0.182   0.182   0.531   0.539   0.540   0.646   0.808
  0.890   0.890   0.952   1.436   1.436   1.914   1.914   1.947
  1.957   1.957   1.980   2.007   2.290   2.560   2.561   2.718
  2.719   3.250   3.458   3.459   4.281
 
 Beta MOs
 -- Occupied --
-10.176  -0.639  -0.405  -0.405
 -- Virtual --
 -0.066  -0.003   0.132   0.188   0.188   0.546   0.547   0.619
  0.702   0.894   0.894   0.962   1.040   1.483   1.483   1.918
  1.919   2.002   2.045   2.217   2.223   2.223   2.305   2.590
  2.590   2.719   2.719   3.257   3.466   3.467   4.318
 --------------------------------------------------------------
 
          Ground-State Mulliken Net Atomic Charges

     Atom                 Charge (a.u.)    Spin (a.u.)
  --------------------------------------------------------
      1 H                     0.000486       0.999244
      2 C                    -0.367235       1.145206
      3 H                     0.122255      -0.048149
      4 H                     0.122237      -0.048148
      5 H                     0.122256      -0.048152
  --------------------------------------------------------
  Sum of atomic charges =     0.000000
  Sum of spin   charges =     2.000000

 -----------------------------------------------------------------
                    Cartesian Multipole Moments
 -----------------------------------------------------------------
    Charge (ESU x 10^10)
                -0.0000
    Dipole Moment (Debye)
         X      -0.0122      Y      -0.0036      Z      -0.0215
       Tot       0.0250
    Quadrupole Moments (Debye-Ang)
        XX      -8.6843     XY      -0.1078     YY      -8.3211
        XZ      -0.6847     YZ      -0.1886     ZZ      -9.4796
    Octopole Moments (Debye-Ang^2)
       XXX       1.3893    XXY       0.1620    XYY       1.2304
       YYY       0.4997    XXZ       1.7869    XYZ       0.0976
       YYZ       0.5955    XZZ       1.3027    YZZ       0.5243
       ZZZ       4.5483
    Hexadecapole Moments (Debye-Ang^3)
      XXXX     -28.1001   XXXY      -1.9703   XXYY      -7.9444
      XYYY      -2.2517   YYYY     -16.6943   XXXZ     -11.9324
      XXYZ      -1.2340   XYYZ      -4.1605   YYYZ      -3.5640
      XXZZ     -14.8656   XYZZ      -0.7548   YYZZ     -11.9445
      XZZZ     -12.1205   YZZZ      -4.0229   ZZZZ     -58.4275
 -----------------------------------------------------------------
 Calculating analytic gradient of the SCF energy
 Gradient of SCF Energy
            1           2           3           4           5
    1  -0.0014074   0.0019573  -0.0002320  -0.0002740  -0.0000440
    2  -0.0004465   0.0006144  -0.0002172   0.0001304  -0.0000811
    3  -0.0025099   0.0034856  -0.0002873  -0.0002704  -0.0004180
 Max gradient component =       3.486E-03
 RMS gradient           =       1.301E-03
 Gradient time:  CPU 4.69 s  wall 0.61 s
 Geometry Optimization Parameters
   NAtoms,    NIC,     NZ,  NCons,   NDum,   NFix, NCnnct, MaxDiis
        5      50       0       1       0       0       0       0

 Cartesian Hessian Update
 Hessian Updated using BFGS Update


** CONSTRAINED OPTIMIZATION IN DELOCALIZED INTERNAL COORDINATES **
   Searching for a Minimum

   Optimization Cycle:   4

                       Coordinates (Angstroms)
     ATOM                X               Y               Z
      1  H         1.1680532925    0.3626328054    2.0746926252
      2  C        -0.2869251924   -0.0891756059   -0.5096658872
      3  H         0.1127365694    0.8362868304   -0.9021099767
      4  H         0.2371965114   -1.0198154549   -0.6812561594
      5  H        -1.2311631809   -0.0900275749    0.0181393981
   Point Group: c1    Number of degrees of freedom:     9


   Energy is    -40.341150782

              Constraints and their Current Values
                                        Value     Constraint
   Distance(Angs):        1   2             3.000000     3.000000
 Hessian Updated using BFGS Update

  8 Hessian modes will be used to form the next step
  Hessian Eigenvalues:
     0.045612    0.053335    0.053435    0.078244    0.078257    0.306172
     0.306985    0.334260

 Minimum Search - Taking Simple RFO Step
 Searching for Lamda that Minimizes Along All modes
 Value Taken    Lamda =  -0.00000323
 Step Taken.  Stepsize is  0.007831

                             Maximum     Tolerance    Cnvgd?
         Gradient           0.000380      0.000300      NO
         Displacement       0.007786      0.001200      NO
         Energy change     -0.000071      0.000001      NO


 New Cartesian Coordinates Obtained by Inverse Iteration

 Displacement from previous Coordinates is:  0.003035
 ----------------------------------------------------------------
             Standard Nuclear Orientation (Angstroms)
    I     Atom           X                Y                Z
 ----------------------------------------------------------------
    1      H       1.1676033879     0.3625493242     2.0739514741
    2      C      -0.2873346348    -0.0893252399    -0.5104182519
    3      H       0.1130398018     0.8364628567    -0.9015783430
    4      H       0.2375064360    -1.0198878219    -0.6808685331
    5      H      -1.2309169909    -0.0898981192     0.0187136540
 ----------------------------------------------------------------
 Nuclear Repulsion Energy =    11.2061734970 hartrees
 There are        6 alpha and        4 beta electrons

                       Distance Matrix (Angstroms)
             H (  1)   C (  2)   H (  3)   H (  4)
   C (  2)  3.000000
   H (  3)  3.192253  1.081845
   H (  4)  3.219510  1.081877  1.873564
   H (  5)  3.190864  1.081817  1.873847  1.873650
 
 Applying Cartesian multipole field
    Component          Value
    ---------          -----
     (2,0,0)        1.00000E-10
     (0,2,0)        2.00000E-10
     (0,0,2)       -3.00000E-11
 Nucleus-field energy     =     0.0000000018 hartrees
 Requested basis set is 6-31G(d,p)
 There are 16 shells and 35 basis functions
 A cutoff of  1.0D-14 yielded    136 shell pairs
 There are       669 function pairs
 Smallest overlap matrix eigenvalue = 2.74E-02
 Guess from superposition of atomic densities
 Warning:  Energy on first SCF cycle will be non-variational
 SAD guess density has 10.000000 electrons

 -----------------------------------------------------------------------
  General SCF calculation program by
  Eric Jon Sundstrom, Paul Horn, Yuezhi Mao, Dmitri Zuev, Alec White,
  David Stuck, Shaama M.S., Shane Yost, Joonho Lee, David Small,
  Daniel Levine, Susi Lehtola, Hugh Burton, Evgeny Epifanovsky
 -----------------------------------------------------------------------
 Exchange:     0.2000 Hartree-Fock + 0.0800 Slater + 0.7200 B88
 Correlation:  0.1900 VWN1RPA + 0.8100 LYP
 Using SG-1 standard quadrature grid
 using 12 threads for integral computing
 -------------------------------------------------------
 OpenMP Integral computing Module                
 Release: version 1.0, May 2013, Q-Chem Inc. Pittsburgh 
 -------------------------------------------------------
 -------------------------------------------------------
 OpenMP BLAS3 based DFT computing Module                
 Release: version 1.0, May 2013, Q-Chem Inc. Pittsburgh 
 -------------------------------------------------------
 A unrestricted SCF calculation will be
 performed using DIIS
 SCF converges when DIIS error is below 1.0e-06
 Alpha HF Exchange    Energy =  -0.61665014423930
 Beta HF Exchange     Energy =  -0.61665014423930
 DFT Correlation      Energy =  -0.36577534194010
 DFT Exchange         Energy =  -4.95250325561974
 One-Electron (alpha) Energy = -37.07657349139144
 One-Electron (beta)  Energy = -37.07657349139144
 Total Coulomb        Energy =  29.30345462617612
 ---------------------------------------
  Cycle       Energy         DIIS error
 ---------------------------------------
    1     -40.1950977438      3.84e-02  
 Alpha HF Exchange    Energy =  -0.73683255306880
 Beta HF Exchange     Energy =  -0.58771558541066
 DFT Correlation      Energy =  -0.35623300142694
 DFT Exchange         Energy =  -5.23489536931391
 One-Electron (alpha) Energy = -41.48044234598850
 One-Electron (beta)  Energy = -34.56637895394984
 Total Coulomb        Energy =  31.44444418993514
    2     -40.3118801204      6.36e-03  
 Alpha HF Exchange    Energy =  -0.71713313088058
 Beta HF Exchange     Energy =  -0.57244444394958
 DFT Correlation      Energy =  -0.34638252312116
 DFT Exchange         Energy =  -5.09071991797817
 One-Electron (alpha) Energy = -40.67013863453415
 One-Electron (beta)  Energy = -33.87291724593932
 Total Coulomb        Energy =  29.74252844525855
    3     -40.3210339523      5.48e-03  
 Alpha HF Exchange    Energy =  -0.72861337007240
 Beta HF Exchange     Energy =  -0.57894919060846
 DFT Correlation      Energy =  -0.35069646621453
 DFT Exchange         Energy =  -5.16439616681056
 One-Electron (alpha) Energy = -41.10529740615186
 One-Electron (beta)  Energy = -34.16877410581834
 Total Coulomb        Energy =  30.54946110449100
    4     -40.3410921023      2.08e-04  
 Alpha HF Exchange    Energy =  -0.72889017682721
 Beta HF Exchange     Energy =  -0.57866988180770
 DFT Correlation      Energy =  -0.35050492010089
 DFT Exchange         Energy =  -5.16425689751713
 One-Electron (alpha) Energy = -41.11589497843535
 One-Electron (beta)  Energy = -34.14680186773130
 Total Coulomb        Energy =  30.53769644518689
    5     -40.3411487784      5.15e-05  
 Alpha HF Exchange    Energy =  -0.72900873229681
 Beta HF Exchange     Energy =  -0.57855236820434
 DFT Correlation      Energy =  -0.35045624845643
 DFT Exchange         Energy =  -5.16422610332941
 One-Electron (alpha) Energy = -41.12212854420591
 One-Electron (beta)  Energy = -34.13906365473368
 Total Coulomb        Energy =  30.53610836221490
    6     -40.3411537902      8.39e-06  
 Alpha HF Exchange    Energy =  -0.72903886492888
 Beta HF Exchange     Energy =  -0.57854006233673
 DFT Correlation      Energy =  -0.35045271634699
 DFT Exchange         Energy =  -5.16429399695779
 One-Electron (alpha) Energy = -41.12344740183057
 One-Electron (beta)  Energy = -34.13805056228222
 Total Coulomb        Energy =  30.53649618813933
    7     -40.3411539177      1.23e-06  
 Alpha HF Exchange    Energy =  -0.72904027988456
 Beta HF Exchange     Energy =  -0.57853842316265
 DFT Correlation      Energy =  -0.35045242696196
 DFT Exchange         Energy =  -5.16429300119284
 One-Electron (alpha) Energy = -41.12352213275865
 One-Electron (beta)  Energy = -34.13797408392345
 Total Coulomb        Energy =  30.53649292973585
    8     -40.3411539193      2.95e-07  Convergence criterion met
 ---------------------------------------
 SCF time:   CPU 13.42s  wall 1.00s 
<S^2> =          2.003672639
 Alpha HF Exchange    Energy =  -0.72904027988456
 Beta HF Exchange     Energy =  -0.57853842316265
 DFT Correlation      Energy =  -0.35045242696196
 DFT Exchange         Energy =  -5.16429300119284
 One-Electron (alpha) Energy = -41.12352213275865
 One-Electron (beta)  Energy = -34.13797408392345
 Total Coulomb        Energy =  30.53649292973585
 Nuclear repulsion Energy =  11.20617349884133
 SCF   energy in the final basis set =      -40.3411539193
 Total energy in the final basis set =      -40.3411539193
 
 --------------------------------------------------------------
 
                    Orbital Energies (a.u.)
 --------------------------------------------------------------
 
 Alpha MOs
 -- Occupied --
-10.191  -0.681  -0.415  -0.415  -0.313  -0.220
 -- Virtual --
  0.115   0.182   0.182   0.531   0.539   0.540   0.646   0.808
  0.890   0.890   0.952   1.436   1.436   1.914   1.914   1.947
  1.957   1.957   1.980   2.007   2.290   2.560   2.561   2.718
  2.718   3.250   3.458   3.459   4.281
 
 Beta MOs
 -- Occupied --
-10.176  -0.639  -0.405  -0.405
 -- Virtual --
 -0.066  -0.003   0.132   0.188   0.188   0.546   0.547   0.619
  0.702   0.894   0.894   0.962   1.040   1.483   1.483   1.918
  1.918   2.002   2.045   2.217   2.222   2.222   2.305   2.590
  2.590   2.718   2.719   3.256   3.466   3.466   4.318
 --------------------------------------------------------------
 
          Ground-State Mulliken Net Atomic Charges

     Atom                 Charge (a.u.)    Spin (a.u.)
  --------------------------------------------------------
      1 H                     0.000488       0.999241
      2 C                    -0.367236       1.145251
      3 H                     0.122254      -0.048163
      4 H                     0.122240      -0.048163
      5 H                     0.122255      -0.048166
  --------------------------------------------------------
  Sum of atomic charges =    -0.000000
  Sum of spin   charges =     2.000000

 -----------------------------------------------------------------
                    Cartesian Multipole Moments
 -----------------------------------------------------------------
    Charge (ESU x 10^10)
                -0.0000
    Dipole Moment (Debye)
         X      -0.0107      Y      -0.0032      Z      -0.0188
       Tot       0.0219
    Quadrupole Moments (Debye-Ang)
        XX      -8.6854     XY      -0.1083     YY      -8.3210
        XZ      -0.6864     YZ      -0.1889     ZZ      -9.4826
    Octopole Moments (Debye-Ang^2)
       XXX       1.3989    XXY       0.1632    XYY       1.2338
       YYY       0.5027    XXZ       1.7931    XYZ       0.0978
       YYZ       0.6008    XZZ       1.3065    YZZ       0.5254
       ZZZ       4.5667
    Hexadecapole Moments (Debye-Ang^3)
      XXXX     -28.1030   XXXY      -1.9710   XXYY      -7.9445
      XYYY      -2.2518   YYYY     -16.6965   XXXZ     -11.9329
      XXYZ      -1.2344   XYYZ      -4.1604   YYYZ      -3.5652
      XXZZ     -14.8657   XYZZ      -0.7549   YYZZ     -11.9466
      XZZZ     -12.1202   YZZZ      -4.0233   ZZZZ     -58.4312
 -----------------------------------------------------------------
 Calculating analytic gradient of the SCF energy
 Gradient of SCF Energy
            1           2           3           4           5
    1  -0.0014063   0.0019304  -0.0002108  -0.0002281  -0.0000852
    2  -0.0004462   0.0006100  -0.0001604   0.0000652  -0.0000686
    3  -0.0025080   0.0034412  -0.0002889  -0.0002672  -0.0003770
 Max gradient component =       3.441E-03
 RMS gradient           =       1.287E-03
 Gradient time:  CPU 4.65 s  wall 0.60 s
 Geometry Optimization Parameters
   NAtoms,    NIC,     NZ,  NCons,   NDum,   NFix, NCnnct, MaxDiis
        5      50       0       1       0       0       0       0

 Cartesian Hessian Update
 Hessian Updated using BFGS Update


** CONSTRAINED OPTIMIZATION IN DELOCALIZED INTERNAL COORDINATES **
   Searching for a Minimum

   Optimization Cycle:   5

                       Coordinates (Angstroms)
     ATOM                X               Y               Z
      1  H         1.1676033879    0.3625493242    2.0739514741
      2  C        -0.2873346348   -0.0893252399   -0.5104182519
      3  H         0.1130398018    0.8364628567   -0.9015783430
      4  H         0.2375064360   -1.0198878219   -0.6808685331
      5  H        -1.2309169909   -0.0898981192    0.0187136540
   Point Group: c1    Number of degrees of freedom:     9


   Energy is    -40.341153919

              Constraints and their Current Values
                                        Value     Constraint
   Distance(Angs):        1   2             3.000000     3.000000
 Hessian Updated using BFGS Update

  8 Hessian modes will be used to form the next step
  Hessian Eigenvalues:
     0.002401    0.053335    0.053432    0.078257    0.078543    0.306513
     0.306987    0.351030

 Minimum Search - Taking Simple RFO Step
 Searching for Lamda that Minimizes Along All modes
 Value Taken    Lamda =  -0.00005877
 Step Taken.  Stepsize is  0.154379

                             Maximum     Tolerance    Cnvgd?
         Gradient           0.000366      0.000300      NO
         Displacement       0.153885      0.001200      NO
         Energy change     -0.000003      0.000001      NO


 New Cartesian Coordinates Obtained by Inverse Iteration

 Displacement from previous Coordinates is:  0.059068
 ----------------------------------------------------------------
             Standard Nuclear Orientation (Angstroms)
    I     Atom           X                Y                Z
 ----------------------------------------------------------------
    1      H       1.1587351787     0.3609893751     2.0594498813
    2      C      -0.2953893212    -0.0922078488    -0.5251460963
    3      H       0.1187375708     0.8383499479    -0.8906951666
    4      H       0.2424788717    -1.0195043330    -0.6731274510
    5      H      -1.2246643000    -0.0877261412     0.0293188327
 ----------------------------------------------------------------
 Nuclear Repulsion Energy =    11.2076598209 hartrees
 There are        6 alpha and        4 beta electrons

                       Distance Matrix (Angstroms)
             H (  1)   C (  2)   H (  3)   H (  4)
   C (  2)  3.000000
   H (  3)  3.164305  1.082158
   H (  4)  3.195664  1.082164  1.874639
   H (  5)  3.162811  1.082129  1.873171  1.874607
 
 Applying Cartesian multipole field
    Component          Value
    ---------          -----
     (2,0,0)        1.00000E-10
     (0,2,0)        2.00000E-10
     (0,0,2)       -3.00000E-11
 Nucleus-field energy     =     0.0000000018 hartrees
 Requested basis set is 6-31G(d,p)
 There are 16 shells and 35 basis functions
 A cutoff of  1.0D-14 yielded    136 shell pairs
 There are       669 function pairs
 Smallest overlap matrix eigenvalue = 2.74E-02
 Guess from superposition of atomic densities
 Warning:  Energy on first SCF cycle will be non-variational
 SAD guess density has 10.000000 electrons

 -----------------------------------------------------------------------
  General SCF calculation program by
  Eric Jon Sundstrom, Paul Horn, Yuezhi Mao, Dmitri Zuev, Alec White,
  David Stuck, Shaama M.S., Shane Yost, Joonho Lee, David Small,
  Daniel Levine, Susi Lehtola, Hugh Burton, Evgeny Epifanovsky
 -----------------------------------------------------------------------
 Exchange:     0.2000 Hartree-Fock + 0.0800 Slater + 0.7200 B88
 Correlation:  0.1900 VWN1RPA + 0.8100 LYP
 Using SG-1 standard quadrature grid
 using 12 threads for integral computing
 -------------------------------------------------------
 OpenMP Integral computing Module                
 Release: version 1.0, May 2013, Q-Chem Inc. Pittsburgh 
 -------------------------------------------------------
 -------------------------------------------------------
 OpenMP BLAS3 based DFT computing Module                
 Release: version 1.0, May 2013, Q-Chem Inc. Pittsburgh 
 -------------------------------------------------------
 A unrestricted SCF calculation will be
 performed using DIIS
 SCF converges when DIIS error is below 1.0e-06
 Alpha HF Exchange    Energy =  -0.61660482476884
 Beta HF Exchange     Energy =  -0.61660482476884
 DFT Correlation      Energy =  -0.36578480829725
 DFT Exchange         Energy =  -4.95238252426913
 One-Electron (alpha) Energy = -37.07854700529722
 One-Electron (beta)  Energy = -37.07854700529722
 Total Coulomb        Energy =  29.30600752547683
 ---------------------------------------
  Cycle       Energy         DIIS error
 ---------------------------------------
    1     -40.1948036445      3.83e-02  
 Alpha HF Exchange    Energy =  -0.73677103607838
 Beta HF Exchange     Energy =  -0.58767165639340
 DFT Correlation      Energy =  -0.35623038465849
 DFT Exchange         Energy =  -5.23451098218760
 One-Electron (alpha) Energy = -41.48279282359469
 One-Electron (beta)  Energy = -34.56599202347904
 Total Coulomb        Energy =  31.44437820885381
    2     -40.3119308748      6.35e-03  
 Alpha HF Exchange    Energy =  -0.71709977382743
 Beta HF Exchange     Energy =  -0.57240740950701
 DFT Correlation      Energy =  -0.34638521464324
 DFT Exchange         Energy =  -5.09046386923911
 One-Electron (alpha) Energy = -40.67302631184625
 One-Electron (beta)  Energy = -33.87304757394244
 Total Coulomb        Energy =  29.74369757179876
    3     -40.3210727585      5.47e-03  
 Alpha HF Exchange    Energy =  -0.72857560574115
 Beta HF Exchange     Energy =  -0.57890987132090
 DFT Correlation      Energy =  -0.35069695470760
 DFT Exchange         Energy =  -5.16411631080093
 One-Electron (alpha) Energy = -41.10799596507982
 One-Electron (beta)  Energy = -34.16874964080606
 Total Coulomb        Energy =  30.55026158809467
    4     -40.3411229376      2.08e-04  
 Alpha HF Exchange    Energy =  -0.72885262489420
 Beta HF Exchange     Energy =  -0.57863003130270
 DFT Correlation      Energy =  -0.35050538471385
 DFT Exchange         Energy =  -5.16397545712187
 One-Electron (alpha) Energy = -41.11859121894996
 One-Electron (beta)  Energy = -34.14678491700015
 Total Coulomb        Energy =  30.53850005915795
    5     -40.3411797521      5.15e-05  
 Alpha HF Exchange    Energy =  -0.72897154103027
 Beta HF Exchange     Energy =  -0.57851229770852
 DFT Correlation      Energy =  -0.35045662747557
 DFT Exchange         Energy =  -5.16394501048452
 One-Electron (alpha) Energy = -41.12482853872297
 One-Electron (beta)  Energy = -34.13903526339054
 Total Coulomb        Energy =  30.53690467425658
    6     -40.3411847818      8.26e-06  
 Alpha HF Exchange    Energy =  -0.72900195012177
 Beta HF Exchange     Energy =  -0.57849993201554
 DFT Correlation      Energy =  -0.35045314560769
 DFT Exchange         Energy =  -5.16401382526361
 One-Electron (alpha) Energy = -41.12616194798269
 One-Electron (beta)  Energy = -34.13802149962969
 Total Coulomb        Energy =  30.53730756936160
    7     -40.3411849085      9.23e-07  Convergence criterion met
 ---------------------------------------
 SCF time:   CPU 11.89s  wall 1.00s 
<S^2> =          2.003675702
 Alpha HF Exchange    Energy =  -0.72900195012177
 Beta HF Exchange     Energy =  -0.57849993201554
 DFT Correlation      Energy =  -0.35045314560769
 DFT Exchange         Energy =  -5.16401382526361
 One-Electron (alpha) Energy = -41.12616194798269
 One-Electron (beta)  Energy = -34.13802149962969
 Total Coulomb        Energy =  30.53730756936160
 Nuclear repulsion Energy =  11.20765982274150
 SCF   energy in the final basis set =      -40.3411849085
 Total energy in the final basis set =      -40.3411849085
 
 --------------------------------------------------------------
 
                    Orbital Energies (a.u.)
 --------------------------------------------------------------
 
 Alpha MOs
 -- Occupied --
-10.191  -0.681  -0.415  -0.415  -0.314  -0.220
 -- Virtual --
  0.115   0.182   0.182   0.531   0.539   0.540   0.645   0.809
  0.890   0.890   0.951   1.436   1.436   1.913   1.914   1.943
  1.956   1.956   1.984   2.007   2.290   2.559   2.560   2.717
  2.719   3.249   3.457   3.458   4.281
 
 Beta MOs
 -- Occupied --
-10.176  -0.639  -0.405  -0.405
 -- Virtual --
 -0.066  -0.004   0.132   0.187   0.188   0.546   0.547   0.619
  0.702   0.893   0.894   0.963   1.038   1.483   1.483   1.918
  1.919   2.002   2.044   2.218   2.222   2.222   2.304   2.589
  2.590   2.718   2.719   3.255   3.465   3.466   4.318
 --------------------------------------------------------------
 
          Ground-State Mulliken Net Atomic Charges

     Atom                 Charge (a.u.)    Spin (a.u.)
  --------------------------------------------------------
      1 H                     0.000517       0.999194
      2 C                    -0.367147       1.145419
      3 H                     0.122182      -0.048205
      4 H                     0.122274      -0.048201
      5 H                     0.122175      -0.048207
  --------------------------------------------------------
  Sum of atomic charges =     0.000000
  Sum of spin   charges =     2.000000

 -----------------------------------------------------------------
                    Cartesian Multipole Moments
 -----------------------------------------------------------------
    Charge (ESU x 10^10)
                 0.0000
    Dipole Moment (Debye)
         X       0.0197      Y       0.0054      Z       0.0343
       Tot       0.0399
    Quadrupole Moments (Debye-Ang)
        XX      -8.7059     XY      -0.1150     YY      -8.3205
        XZ      -0.7166     YZ      -0.1942     ZZ      -9.5364
    Octopole Moments (Debye-Ang^2)
       XXX       1.5915    XXY       0.1862    XYY       1.2964
       YYY       0.5595    XXZ       1.9110    XYZ       0.1006
       YYZ       0.7091    XZZ       1.3790    YZZ       0.5443
       ZZZ       4.9198
    Hexadecapole Moments (Debye-Ang^3)
      XXXX     -28.1449   XXXY      -1.9870   XXYY      -7.9349
      XYYY      -2.2555   YYYY     -16.7138   XXXZ     -11.9443
      XXYZ      -1.2424   XYYZ      -4.1577   YYYZ      -3.5902
      XXZZ     -14.8608   XYZZ      -0.7566   YYZZ     -11.9832
      XZZZ     -12.1206   YZZZ      -4.0298   ZZZZ     -58.4910
 -----------------------------------------------------------------
 Calculating analytic gradient of the SCF energy
 Gradient of SCF Energy
            1           2           3           4           5
    1  -0.0013836   0.0015273  -0.0000795   0.0000505  -0.0001147
    2  -0.0004406   0.0002772   0.0001483  -0.0001053   0.0001204
    3  -0.0024707   0.0024897  -0.0000136  -0.0000073   0.0000020
 Max gradient component =       2.490E-03
 RMS gradient           =       1.061E-03
 Gradient time:  CPU 4.67 s  wall 0.60 s
 Geometry Optimization Parameters
   NAtoms,    NIC,     NZ,  NCons,   NDum,   NFix, NCnnct, MaxDiis
        5      50       0       1       0       0       0       0

 Cartesian Hessian Update
 Hessian Updated using BFGS Update


** CONSTRAINED OPTIMIZATION IN DELOCALIZED INTERNAL COORDINATES **
   Searching for a Minimum

   Optimization Cycle:   6

                       Coordinates (Angstroms)
     ATOM                X               Y               Z
      1  H         1.1587351787    0.3609893751    2.0594498813
      2  C        -0.2953893212   -0.0922078488   -0.5251460963
      3  H         0.1187375708    0.8383499479   -0.8906951666
      4  H         0.2424788717   -1.0195043330   -0.6731274510
      5  H        -1.2246643000   -0.0877261412    0.0293188327
   Point Group: c1    Number of degrees of freedom:     9


   Energy is    -40.341184909

              Constraints and their Current Values
                                        Value     Constraint
   Distance(Angs):        1   2             3.000000     3.000000
 Hessian Updated using BFGS Update

  8 Hessian modes will be used to form the next step
  Hessian Eigenvalues:
     0.002305    0.053335    0.053438    0.078257    0.078789    0.306522
     0.306987    0.353102

 Minimum Search - Taking Simple RFO Step
 Searching for Lamda that Minimizes Along All modes
 Value Taken    Lamda =   0.00000000
 Step Taken.  Stepsize is  0.010134

                             Maximum     Tolerance    Cnvgd?
         Gradient           0.000163      0.000300     YES
         Displacement       0.009988      0.001200      NO
         Energy change     -0.000031      0.000001      NO


 New Cartesian Coordinates Obtained by Inverse Iteration

 Displacement from previous Coordinates is:  0.003916
 ----------------------------------------------------------------
             Standard Nuclear Orientation (Angstroms)
    I     Atom           X                Y                Z
 ----------------------------------------------------------------
    1      H       1.1581194008     0.3609532484     2.0585382812
    2      C      -0.2959766221    -0.0922812421    -0.5260671829
    3      H       0.1192879123     0.8382612296    -0.8900068153
    4      H       0.2425894872    -1.0192273297    -0.6727216130
    5      H      -1.2241221782    -0.0878049063     0.0300573300
 ----------------------------------------------------------------
 Nuclear Repulsion Energy =    11.2090626344 hartrees
 There are        6 alpha and        4 beta electrons

                       Distance Matrix (Angstroms)
             H (  1)   C (  2)   H (  3)   H (  4)
   C (  2)  3.000000
   H (  3)  3.162422  1.082038
   H (  4)  3.194194  1.082031  1.874214
   H (  5)  3.160885  1.082011  1.873197  1.874217
 
 Applying Cartesian multipole field
    Component          Value
    ---------          -----
     (2,0,0)        1.00000E-10
     (0,2,0)        2.00000E-10
     (0,0,2)       -3.00000E-11
 Nucleus-field energy     =     0.0000000018 hartrees
 Requested basis set is 6-31G(d,p)
 There are 16 shells and 35 basis functions
 A cutoff of  1.0D-14 yielded    136 shell pairs
 There are       669 function pairs
 Smallest overlap matrix eigenvalue = 2.74E-02
 Guess from superposition of atomic densities
 Warning:  Energy on first SCF cycle will be non-variational
 SAD guess density has 10.000000 electrons

 -----------------------------------------------------------------------
  General SCF calculation program by
  Eric Jon Sundstrom, Paul Horn, Yuezhi Mao, Dmitri Zuev, Alec White,
  David Stuck, Shaama M.S., Shane Yost, Joonho Lee, David Small,
  Daniel Levine, Susi Lehtola, Hugh Burton, Evgeny Epifanovsky
 -----------------------------------------------------------------------
 Exchange:     0.2000 Hartree-Fock + 0.0800 Slater + 0.7200 B88
 Correlation:  0.1900 VWN1RPA + 0.8100 LYP
 Using SG-1 standard quadrature grid
 using 12 threads for integral computing
 -------------------------------------------------------
 OpenMP Integral computing Module                
 Release: version 1.0, May 2013, Q-Chem Inc. Pittsburgh 
 -------------------------------------------------------
 -------------------------------------------------------
 OpenMP BLAS3 based DFT computing Module                
 Release: version 1.0, May 2013, Q-Chem Inc. Pittsburgh 
 -------------------------------------------------------
 A unrestricted SCF calculation will be
 performed using DIIS
 SCF converges when DIIS error is below 1.0e-06
 Alpha HF Exchange    Energy =  -0.61662664234770
 Beta HF Exchange     Energy =  -0.61662664234770
 DFT Correlation      Energy =  -0.36579075512398
 DFT Exchange         Energy =  -4.95242997561429
 One-Electron (alpha) Energy = -37.07975071933208
 One-Electron (beta)  Energy = -37.07975071933208
 Total Coulomb        Energy =  29.30696841727301
 ---------------------------------------
  Cycle       Energy         DIIS error
 ---------------------------------------
    1     -40.1949444006      3.84e-02  
 Alpha HF Exchange    Energy =  -0.73678974607657
 Beta HF Exchange     Energy =  -0.58768838302928
 DFT Correlation      Energy =  -0.35623811553242
 DFT Exchange         Energy =  -5.23463958281559
 One-Electron (alpha) Energy = -41.48433264699185
 One-Electron (beta)  Energy = -34.56718317113607
 Total Coulomb        Energy =  31.44589035971588
    2     -40.3119186496      6.35e-03  
 Alpha HF Exchange    Energy =  -0.71711318585641
 Beta HF Exchange     Energy =  -0.57241973588695
 DFT Correlation      Energy =  -0.34639168375687
 DFT Exchange         Energy =  -5.09055453860932
 One-Electron (alpha) Energy = -40.67438653754299
 One-Electron (beta)  Energy = -33.87417652245391
 Total Coulomb        Energy =  29.74491065861435
    3     -40.3210689092      5.47e-03  
 Alpha HF Exchange    Energy =  -0.72859051350277
 Beta HF Exchange     Energy =  -0.57892388755535
 DFT Correlation      Energy =  -0.35070369199998
 DFT Exchange         Energy =  -5.16421919657451
 One-Electron (alpha) Energy = -41.10939164735652
 One-Electron (beta)  Energy = -34.16990754247793
 Total Coulomb        Energy =  30.55155055949758
    4     -40.3411232837      2.08e-04  
 Alpha HF Exchange    Energy =  -0.72886741468381
 Beta HF Exchange     Energy =  -0.57864424286815
 DFT Correlation      Energy =  -0.35051220890983
 DFT Exchange         Energy =  -5.16407871012529
 One-Electron (alpha) Energy = -41.11998039586030
 One-Electron (beta)  Energy = -34.14795769801522
 Total Coulomb        Energy =  30.53979797007309
    5     -40.3411800641      5.15e-05  
 Alpha HF Exchange    Energy =  -0.72898622707920
 Beta HF Exchange     Energy =  -0.57852658831756
 DFT Correlation      Energy =  -0.35046348819854
 DFT Exchange         Energy =  -5.16404819287258
 One-Electron (alpha) Energy = -41.12621148527652
 One-Electron (beta)  Energy = -34.14021462625010
 Total Coulomb        Energy =  30.53820288272443
    6     -40.3411850890      8.28e-06  
 Alpha HF Exchange    Energy =  -0.72901658881633
 Beta HF Exchange     Energy =  -0.57851423210559
 DFT Correlation      Energy =  -0.35046000638666
 DFT Exchange         Energy =  -5.16411686375020
 One-Electron (alpha) Energy = -41.12754336812328
 One-Electron (beta)  Energy = -34.13920188369330
 Total Coulomb        Energy =  30.53860509078624
    7     -40.3411852158      9.76e-07  Convergence criterion met
 ---------------------------------------
 SCF time:   CPU 11.96s  wall 1.00s 
<S^2> =          2.003673167
 Alpha HF Exchange    Energy =  -0.72901658881633
 Beta HF Exchange     Energy =  -0.57851423210559
 DFT Correlation      Energy =  -0.35046000638666
 DFT Exchange         Energy =  -5.16411686375020
 One-Electron (alpha) Energy = -41.12754336812328
 One-Electron (beta)  Energy = -34.13920188369330
 Total Coulomb        Energy =  30.53860509078624
 Nuclear repulsion Energy =  11.20906263627300
 SCF   energy in the final basis set =      -40.3411852158
 Total energy in the final basis set =      -40.3411852158
 
 --------------------------------------------------------------
 
                    Orbital Energies (a.u.)
 --------------------------------------------------------------
 
 Alpha MOs
 -- Occupied --
-10.191  -0.681  -0.415  -0.415  -0.314  -0.220
 -- Virtual --
  0.115   0.182   0.182   0.531   0.539   0.540   0.645   0.809
  0.890   0.890   0.951   1.436   1.436   1.913   1.914   1.943
  1.956   1.956   1.984   2.007   2.290   2.559   2.560   2.718
  2.719   3.249   3.457   3.458   4.281
 
 Beta MOs
 -- Occupied --
-10.176  -0.639  -0.405  -0.405
 -- Virtual --
 -0.066  -0.004   0.132   0.187   0.188   0.546   0.547   0.619
  0.702   0.894   0.894   0.963   1.038   1.483   1.483   1.918
  1.919   2.002   2.044   2.218   2.222   2.222   2.304   2.589
  2.589   2.718   2.719   3.256   3.465   3.466   4.318
 --------------------------------------------------------------
 
          Ground-State Mulliken Net Atomic Charges

     Atom                 Charge (a.u.)    Spin (a.u.)
  --------------------------------------------------------
      1 H                     0.000519       0.999191
      2 C                    -0.367139       1.145375
      3 H                     0.122185      -0.048190
      4 H                     0.122256      -0.048183
      5 H                     0.122179      -0.048192
  --------------------------------------------------------
  Sum of atomic charges =     0.000000
  Sum of spin   charges =     2.000000

 -----------------------------------------------------------------
                    Cartesian Multipole Moments
 -----------------------------------------------------------------
    Charge (ESU x 10^10)
                 0.0000
    Dipole Moment (Debye)
         X       0.0218      Y       0.0059      Z       0.0377
       Tot       0.0439
    Quadrupole Moments (Debye-Ang)
        XX      -8.7069     XY      -0.1144     YY      -8.3211
        XZ      -0.7187     YZ      -0.1947     ZZ      -9.5391
    Octopole Moments (Debye-Ang^2)
       XXX       1.6050    XXY       0.1867    XYY       1.3003
       YYY       0.5618    XXZ       1.9182    XYZ       0.1004
       YYZ       0.7164    XZZ       1.3841    YZZ       0.5449
       ZZZ       4.9409
    Hexadecapole Moments (Debye-Ang^3)
      XXXX     -28.1457   XXXY      -1.9881   XXYY      -7.9330
      XYYY      -2.2558   YYYY     -16.7123   XXXZ     -11.9453
      XXYZ      -1.2431   XYYZ      -4.1575   YYYZ      -3.5918
      XXZZ     -14.8598   XYZZ      -0.7567   YYZZ     -11.9851
      XZZZ     -12.1211   YZZZ      -4.0301   ZZZZ     -58.4933
 -----------------------------------------------------------------
 Calculating analytic gradient of the SCF energy
 Gradient of SCF Energy
            1           2           3           4           5
    1  -0.0013821   0.0014732  -0.0000705   0.0000110  -0.0000316
    2  -0.0004402   0.0003019   0.0000601  -0.0000098   0.0000880
    3  -0.0024683   0.0024402   0.0000195   0.0000256  -0.0000170
 Max gradient component =       2.468E-03
 RMS gradient           =       1.047E-03
 Gradient time:  CPU 4.67 s  wall 0.60 s
 Geometry Optimization Parameters
   NAtoms,    NIC,     NZ,  NCons,   NDum,   NFix, NCnnct, MaxDiis
        5      50       0       1       0       0       0       0

 Cartesian Hessian Update
 Hessian Updated using BFGS Update


** CONSTRAINED OPTIMIZATION IN DELOCALIZED INTERNAL COORDINATES **
   Searching for a Minimum

   Optimization Cycle:   7

                       Coordinates (Angstroms)
     ATOM                X               Y               Z
      1  H         1.1581194008    0.3609532484    2.0585382812
      2  C        -0.2959766221   -0.0922812421   -0.5260671829
      3  H         0.1192879123    0.8382612296   -0.8900068153
      4  H         0.2425894872   -1.0192273297   -0.6727216130
      5  H        -1.2241221782   -0.0878049063    0.0300573300
   Point Group: c1    Number of degrees of freedom:     9


   Energy is    -40.341185216

              Constraints and their Current Values
                                        Value     Constraint
   Distance(Angs):        1   2             3.000000     3.000000
 Hessian Updated using BFGS Update

  8 Hessian modes will be used to form the next step
  Hessian Eigenvalues:
     0.002435    0.047040    0.053338    0.058561    0.078257    0.306373
     0.306987    0.356745

 Minimum Search - Taking Simple RFO Step
 Searching for Lamda that Minimizes Along All modes
 Value Taken    Lamda =   0.00000000
 Step Taken.  Stepsize is  0.003339

                             Maximum     Tolerance    Cnvgd?
         Gradient           0.000071      0.000300     YES
         Displacement       0.002670      0.001200      NO
         Energy change     -0.000000      0.000001     YES


                       Distance Matrix (Angstroms)
             H (  1)   C (  2)   H (  3)   H (  4)
   C (  2)  3.000000
   H (  3)  3.162422  1.082038
   H (  4)  3.194194  1.082031  1.874214
   H (  5)  3.160885  1.082011  1.873197  1.874217
 
 Final energy is   -40.3411852158161     


 ******************************
 **  OPTIMIZATION CONVERGED  **
 ******************************

                       Coordinates (Angstroms)
     ATOM                X               Y               Z
      1  H         1.1581194008    0.3609532484    2.0585382812
      2  C        -0.2959766221   -0.0922812421   -0.5260671829
      3  H         0.1192879123    0.8382612296   -0.8900068153
      4  H         0.2425894872   -1.0192273297   -0.6727216130
      5  H        -1.2241221782   -0.0878049063    0.0300573300

Z-matrix Print:
$molecule
0 3
C 
H  1 1.082011
H  1 1.082031 2 120.010766
H  1 1.082038 2 119.902152 3 -176.768527 0
H  1 3.000000 2 88.415117 3 -89.411421 0
$end

PES scan, value:    3.0000 energy:  -40.3411852158
------- Summary of potential scan: ------ 
    3.0000       -40.3411852158
----------------------------------------- 
Archival summary:
1\1\hpc0243\JobtypUnspecified\ProcedureUnspecified\6-31G**\14(3)\knomura\MonMar1116:26:172019MonMar1116:26:172019\0\\#,JobtypUnspecified,ProcedureUnspecified,6-31G**,\\0,3\C\H,1,1.08201\H,1,1.08203,2,120.011\H,1,1.08204,2,119.902,3,-176.769,0\H,1,3,2,88.4151,3,-89.4114,0\\\@

 Total job time:  15.26s(wall), 153.37s(cpu) 
 Mon Mar 11 16:26:17 2019

        *************************************************************
        *                                                           *
        *  Thank you very much for using Q-Chem.  Have a nice day.  *
        *                                                           *
        *************************************************************


