--------------
scan_atom_index:  bond (1, 3)
--------------
{'bond': (1, 3)}
--------------
initial_values:  bond 2.1
--------------

=== 1. inner scan === 


--- start incremental inner scan ---

scan_atom_index, initial, final, increment, num_datapoints :  (1, 3) 2.1 0.8400000000000001 0.1 12

--- halogens/Iodine/03/I_1_3.xyz.data/inputs/bond_singlet_2.1.in halogens/Iodine/03/I_1_3.xyz.data/outputs/bond_singlet_2.1.out ---

In get_optimized_sturcture with halogens/Iodine/03/I_1_3.xyz.data/outputs/bond_singlet_2.1.out
WARNING : optimized structure was not found

--- final coord 2.1. start descrete inner scan ---

scan_atom_index, initial, final, increment, num_datapoints :  (1, 3) 2.1 0.8400000000000001 0.1 12

--- halogens/Iodine/03/I_1_3.xyz.data/inputs/bond_singlet_2.1.in halogens/Iodine/03/I_1_3.xyz.data/outputs/bond_singlet_2.1.out ---

In get_optimized_sturcture with halogens/Iodine/03/I_1_3.xyz.data/outputs/bond_singlet_2.1.out
WARNING : optimized structure was not found

=== 2. outer scan === n

--- start incremental outer scan ---

scan_atom_index, initial, final, increment, num_datapoints :  (1, 3) 2.1 6.510000000000001 0.1 44

--- halogens/Iodine/03/I_1_3.xyz.data/inputs/bond_singlet_2.1.in halogens/Iodine/03/I_1_3.xyz.data/outputs/bond_singlet_2.1.out ---

In get_optimized_sturcture with halogens/Iodine/03/I_1_3.xyz.data/outputs/bond_singlet_2.1.out
WARNING : optimized structure was not found

--- start descrete outer scan ---

scan_atom_index, initial, final, increment, num_datapoints :  (1, 3) 2.1 6.510000000000001 0.1 44

--- halogens/Iodine/03/I_1_3.xyz.data/inputs/bond_singlet_2.1.in halogens/Iodine/03/I_1_3.xyz.data/outputs/bond_singlet_2.1.out ---

In get_optimized_sturcture with halogens/Iodine/03/I_1_3.xyz.data/outputs/bond_singlet_2.1.out
WARNING : optimized structure was not found

=== 3. triplet scan start === n
