
Running Job 1 of 1 ruruma/CH3CH2CHCl2_afterGeo_siglet.xyz.data/inputs/bond_singlet_5.2.in
qchem ruruma/CH3CH2CHCl2_afterGeo_siglet.xyz.data/inputs/bond_singlet_5.2.in_18299.0 /staging/scratch/2858534/qchem18299/ 1
/usr/usc/qchem/5.1.1/exe/qcprog.exe_s ruruma/CH3CH2CHCl2_afterGeo_siglet.xyz.data/inputs/bond_singlet_5.2.in_18299.0 /staging/scratch/2858534/qchem18299/
Check license passed

                  Welcome to Q-Chem
     A Quantum Leap Into The Future Of Chemistry


 Q-Chem 5.1, Q-Chem, Inc., Pleasanton, CA (2018)

 Yihan Shao,  Zhengting Gan,  E. Epifanovsky,  A. T. B. Gilbert,  M. Wormit,  
 J. Kussmann,  A. W. Lange,  A. Behn,  Jia Deng,  Xintian Feng,  D. Ghosh,  
 M. Goldey,  P. R. Horn,  L. D. Jacobson,  I. Kaliman,  T. Kus,  A. Landau,  
 Jie Liu,  E. I. Proynov,  R. M. Richard,  R. P. Steele,  E. J. Sundstrom,  
 H. L. Woodcock III,  P. M. Zimmerman,  D. Zuev,  B. Albrecht,  E. Alguire,  
 S. A. Baeppler,  D. Barton,  Z. Benda,  Y. A. Bernard,  E. J. Berquist,  
 K. B. Bravaya,  H. Burton,  D. Casanova,  Chun-Min Chang,  Yunqing Chen,  
 A. Chien,  K. D. Closser,  M. P. Coons,  S. Coriani,  S. Dasgupta,  
 A. L. Dempwolff,  M. Diedenhofen,  Hainam Do,  R. G. Edgar,  Po-Tung Fang,  
 S. Faraji,  S. Fatehi,  Qingguo Feng,  K. D. Fenk,  J. Fosso-Tande,  
 Qinghui Ge,  A. Ghysels,  G. Gidofalvi,  J. Gomes,  J. Gonthier,  A. Gunina,  
 D. Hait,  M. W. D. Hanson-Heine,  P. H. P. Harbach,  A. W. Hauser,  
 J. E. Herr,  E. G. Hohenstein,  Z. C. Holden,  Kerwin Hui,  B. C. Huynh,  
 T.-C. Jagau,  Hyunjun Ji,  B. Kaduk,  K. Khistyaev,  Jaehoon Kim,  
 P. Klunzinger,  K. Koh,  D. Kosenkov,  L. Koulias,  T. Kowalczyk,  
 C. M. Krauter,  A. Kunitsa,  Ka Un Lao,  A. Laurent,  K. V. Lawler,  
 Joonho Lee,  D. Lefrancois,  S. Lehtola,  D. S. Levine,  Yi-Pei Li,  
 You-Sheng Lin,  Fenglai Liu,  E. Livshits,  A. Luenser,  P. Manohar,  
 E. Mansoor,  S. F. Manzer,  Shan-Ping Mao,  Yuezhi Mao,  N. Mardirossian,  
 A. V. Marenich,  T. Markovich,  L. A. Martinez-Martinez,  S. A. Maurer,  
 N. J. Mayhall,  S. C. McKenzie,  J.-M. Mewes,  A. F. Morrison,  
 J. W. Mullinax,  K. Nanda,  T. S. Nguyen-Beck,  R. Olivares-Amaya,  
 J. A. Parkhill,  T. M. Perrine,  F. Plasser,  P. Pokhilko,  S. Prager,  
 A. Prociuk,  E. Ramos,  D. R. Rehn,  F. Rob,  M. Schneider,  N. Sergueev,  
 S. M. Sharada,  S. Sharma,  D. W. Small,  T. Stauch,  T. Stein,  
 Yu-Chuan Su,  A. J. W. Thom,  A. Tkatchenko,  T. Tsuchimochi,  N. M. Tubman,  
 L. Vogt,  M. L. Vidal,  O. Vydrov,  M. A. Watson,  J. Wenzel,  
 M. de Wergifosse,  T. A. Wesolowski,  A. White,  J. Witte,  A. Yamada,  
 Jun Yang,  K. Yao,  S. Yeganeh,  S. R. Yost,  Zhi-Qiang You,  A. Zech,  
 Igor Ying Zhang,  Xing Zhang,  Yan Zhao,  Ying Zhu,  B. R. Brooks,  
 G. K. L. Chan,  C. J. Cramer,  M. S. Gordon,  W. J. Hehre,  A. Klamt,  
 M. W. Schmidt,  C. D. Sherrill,  D. G. Truhlar,  A. Aspuru-Guzik,  R. Baer,  
 A. T. Bell,  N. A. Besley,  Jeng-Da Chai,  A. E. DePrince, III,  
 R. A. DiStasio Jr.,  A. Dreuw,  B. D. Dunietz,  T. R. Furlani,  
 Chao-Ping Hsu,  Yousung Jung,  Jing Kong,  D. S. Lambrecht,  WanZhen Liang,  
 C. Ochsenfeld,  V. A. Rassolov,  L. V. Slipchenko,  J. E. Subotnik,  
 T. Van Voorhis,  J. M. Herbert,  A. I. Krylov,  P. M. W. Gill,  M. Head-Gordon

 Contributors to earlier versions of Q-Chem not listed above: 
 R. D. Adamson,  B. Austin,  J. Baker,  G. J. O. Beran,  K. Brandhorst,  
 S. T. Brown,  E. F. C. Byrd,  A. K. Chakraborty,  C.-L. Cheng,  
 Siu Hung Chien,  D. M. Chipman,  D. L. Crittenden,  H. Dachsel,  
 R. J. Doerksen,  A. D. Dutoi,  L. Fusti-Molnar,  W. A. Goddard III,  
 A. Golubeva-Zadorozhnaya,  S. R. Gwaltney,  G. Hawkins,  A. Heyden,  
 S. Hirata,  G. Kedziora,  F. J. Keil,  C. Kelley,  Jihan Kim,  R. A. King,  
 R. Z. Khaliullin,  P. P. Korambath,  W. Kurlancheek,  A. M. Lee,  M. S. Lee,  
 S. V. Levchenko,  Ching Yeh Lin,  D. Liotard,  R. C. Lochan,  I. Lotan,  
 P. E. Maslen,  N. Nair,  D. P. O'Neill,  D. Neuhauser,  E. Neuscamman,  
 C. M. Oana,  R. Olson,  B. Peters,  R. Peverati,  P. A. Pieniazek,  
 Y. M. Rhee,  J. Ritchie,  M. A. Rohrdanz,  E. Rosta,  N. J. Russ,  
 H. F. Schaefer III,  N. E. Schultz,  N. Shenvi,  A. C. Simmonett,  A. Sodt,  
 D. Stuck,  K. S. Thanthiriwatte,  V. Vanovschi,  Tao Wang,  A. Warshel,  
 C. F. Williams,  Q. Wu,  X. Xu,  W. Zhang

 Please cite Q-Chem as follows:
 Y. Shao et al., Mol. Phys. 113, 184-215 (2015)
 DOI: 10.1080/00268976.2014.952696

 Q-Chem 5.1.1 for Intel X86 EM64T Linux

 Parts of Q-Chem use Armadillo 8.300.2 (Tropical Shenanigans).
 http://arma.sourceforge.net/

 Q-Chem begins on Mon Mar 11 22:17:03 2019  

Host: 
0

     Scratch files written to /staging/scratch/2858534/qchem18299//
 Aug318 |scratch|qcdevops|jenkins|workspace|build_RNUM 6013   
Processing $rem in /usr/usc/qchem/5.1.1/config/preferences.
 MEM_TOTAL  2000 
Input Ideriv = 2
Curr. Ideriv = -1
Max.  Ideriv = 2

Checking the input file for inconsistencies... 	...done.

--------------------------------------------------------------
User input:
--------------------------------------------------------------

$comment
potential surface scanner
$end

$rem
JOBTYPE  PES_SCAN
UNRESTRICTED TRUE
SYM_IGNORE  TRUE
GEOM_OPT_MAX_CYCLES 400
SCF_MAX_CYCLES 400
METHOD   B3LYP
BASIS   6-31G**
PDB_PRINT 2
SCF_CONVERGENCE 6
THRESH 14
SCF_PRINT 1
$end
$molecule
0 1
Cl 0.103376 -2.644818 -1.829598
Cl -1.008823 1.695973 0.244367
C -0.315930 1.636904 2.872098
C -0.319625 1.007240 1.705023
C -1.194408 -1.530799 -2.414393
H -0.741176 2.625410 3.004427
H 0.129401 1.151401 3.734548
H 0.096795 0.021259 1.536329
H -2.154699 -2.028041 -2.284684
H -1.013112 -1.319070 -3.467259
H -1.153900 -0.615458 -1.825460
$end
$scan
stre 1 4 5.200000 5.201000 0.100000
$end
--------------------------------------------------------------
 ----------------------------------------------------------------
             Standard Nuclear Orientation (Angstroms)
    I     Atom           X                Y                Z
 ----------------------------------------------------------------
    1      Cl      0.1033760000    -2.6448180000    -1.8295980000
    2      Cl     -1.0088230000     1.6959730000     0.2443670000
    3      C      -0.3159300000     1.6369040000     2.8720980000
    4      C      -0.3196250000     1.0072400000     1.7050230000
    5      C      -1.1944080000    -1.5307990000    -2.4143930000
    6      H      -0.7411760000     2.6254100000     3.0044270000
    7      H       0.1294010000     1.1514010000     3.7345480000
    8      H       0.0967950000     0.0212590000     1.5363290000
    9      H      -2.1546990000    -2.0280410000    -2.2846840000
   10      H      -1.0131120000    -1.3190700000    -3.4672590000
   11      H      -1.1539000000    -0.6154580000    -1.8254600000
 ----------------------------------------------------------------
 Nuclear Repulsion Energy =   226.2011439835 hartrees
 There are       29 alpha and       29 beta electrons
 Requested basis set is 6-31G(d,p)
 There are 40 shells and 113 basis functions

 Total QAlloc Memory Limit   2000 MB
 Mega-Array Size       188 MB
 MEM_STATIC part       192 MB
A total of 1 constraints
  
            1
    1   1.0100000
    2   1.0100000
    3   4.0100000
    4   5.2000000
    5   5.2010000
    6   0.1000000
    7   0.0000000
    8   0.0000000
    9   0.0000000
   10   0.0000000

                       Distance Matrix (Angstroms)
             Cl(  1)   Cl(  2)   C (  3)   C (  4)   C (  5)   H (  6)
   Cl(  2)  4.937690
   C (  3)  6.372983  2.718191
   C (  4)  5.100000  1.755808  1.326105
   C (  5)  1.807558  4.185153  6.225195  4.916958
   H (  6)  7.201137  2.924623  1.084200  2.117695  6.844202
   H (  7)  6.735850  3.711263  1.085289  2.083597  6.837846  1.861097
   H (  8)  4.293888  2.386676  2.136570  1.083523  4.436698  3.104692
   H (  9)  2.384622  4.645149  6.588269  5.338370  1.089143  7.185217
   H ( 10)  2.384552  4.781911  7.029317  5.713593  1.089139  7.583903
   H ( 11)  2.387271  3.106114  5.276588  3.974100  1.089189  5.831070
             H (  7)   H (  8)   H (  9)   H ( 10)
   H (  8)  2.471933
   H (  9)  7.180329  4.885591
   H ( 10)  7.698999  5.297572  1.790068
   H ( 11)  5.973470  3.642976  1.791054  1.791758
 
 A cutoff of  1.0D-14 yielded    657 shell pairs
 There are      5314 function pairs
 
 -------------------------------------------------------
 OpenMP Integral Computing Module                       
 Release: version 1.0, May 2013, Q-Chem Inc. Pittsburgh 
 -------------------------------------------------------
 Integral Job Info:
 Integral job number is                      11
 Integral operator is                         1
 short-range coefficients                     0
 long-range coefficients              100000000
 Omega coefficients                           0
 if combine SR and LR in K                    0
 Integral screening is                        0
 Integral computing path is                   2
 max size of driver memory is            800000
 size of driver memory is                593474
 size of scratch memory is             15267112
 max col of scratch BK array               1296
 max len of scratch array in speh3          155
 max len of scratch index in speh4           18
 max int batch size is                      520
 min int batch size is                       52
 fixed nKL is                                52
 max L of basis functions is                  2
 order of int derivative is                   0
 number of shells is                         40
 number of basis is                         113
 number of cartesian basis is               113
 number of contracted shell pairs           657
 number of primitive shell pairs           2617
 maxK2 (contraction) of shell pair           36
 max number of K2 of shell pair               1
 max number of CS2 of shell pair             58
 max number of PS2 of shell pair            264
 mem total for path MDJ                  513578
 -------------------------------------------------------
 Smallest overlap matrix eigenvalue = 5.97E-03

 Scale SEOQF with 1.000000e-01/1.000000e-01/1.000000e-01

 Standard Electronic Orientation quadrupole field applied
 Nucleus-field energy     =    -0.0000000052 hartrees
 Guess from superposition of atomic densities
 Warning:  Energy on first SCF cycle will be non-variational
 SAD guess density has 58.000000 electrons

 -----------------------------------------------------------------------
  General SCF calculation program by
  Eric Jon Sundstrom, Paul Horn, Yuezhi Mao, Dmitri Zuev, Alec White,
  David Stuck, Shaama M.S., Shane Yost, Joonho Lee, David Small,
  Daniel Levine, Susi Lehtola, Hugh Burton, Evgeny Epifanovsky
 -----------------------------------------------------------------------
 Exchange:     0.2000 Hartree-Fock + 0.0800 Slater + 0.7200 B88
 Correlation:  0.1900 VWN1RPA + 0.8100 LYP
 Using SG-1 standard quadrature grid
 using 12 threads for integral computing
 -------------------------------------------------------
 OpenMP Integral computing Module                
 Release: version 1.0, May 2013, Q-Chem Inc. Pittsburgh 
 -------------------------------------------------------
 -------------------------------------------------------
 OpenMP BLAS3 based DFT computing Module                
 Release: version 1.0, May 2013, Q-Chem Inc. Pittsburgh 
 -------------------------------------------------------
 A unrestricted SCF calculation will be
 performed using DIIS
 SCF converges when DIIS error is below 1.0e-06
 Alpha HF Exchange    Energy =  -7.27468821499987
 Beta HF Exchange     Energy =  -7.27468821499987
 DFT Correlation      Energy =  -2.75293097341842
 DFT Exchange         Energy = -57.34736904833454
 One-Electron (alpha) Energy = -937.21678685006952
 One-Electron (beta)  Energy = -937.21678685006952
 Total Coulomb        Energy = 684.15907624744750
 ---------------------------------------
  Cycle       Energy         DIIS error
 ---------------------------------------
    1   -1038.7230299262      2.80e-02  
 Alpha HF Exchange    Energy =  -7.29244876892550
 Beta HF Exchange     Energy =  -7.29244876892550
 DFT Correlation      Energy =  -2.77970484409540
 DFT Exchange         Energy = -57.87801604444472
 One-Electron (alpha) Energy = -940.35064192993093
 One-Electron (beta)  Energy = -940.35064192993082
 Total Coulomb        Energy = 691.50088478678174
    2   -1038.2418735212      3.00e-03  
 Alpha HF Exchange    Energy =  -7.24963499353186
 Beta HF Exchange     Energy =  -7.24963499353186
 DFT Correlation      Energy =  -2.75979260674395
 DFT Exchange         Energy = -57.50820507266006
 One-Electron (alpha) Energy = -938.25319039887756
 One-Electron (beta)  Energy = -938.25319039887745
 Total Coulomb        Energy = 686.85339951088565
    3   -1038.2191049750      3.47e-03  
 Alpha HF Exchange    Energy =  -7.26323681301699
 Beta HF Exchange     Energy =  -7.26323681301699
 DFT Correlation      Energy =  -2.76765808162040
 DFT Exchange         Energy = -57.62979057329730
 One-Electron (alpha) Energy = -938.69291102377747
 One-Electron (beta)  Energy = -938.69291102377724
 Total Coulomb        Energy = 687.80854913796668
    4   -1038.3000512122      7.52e-04  
 Alpha HF Exchange    Energy =  -7.26746051784058
 Beta HF Exchange     Energy =  -7.26746051784058
 DFT Correlation      Energy =  -2.76915219471549
 DFT Exchange         Energy = -57.66447978413042
 One-Electron (alpha) Energy = -939.09188463757869
 One-Electron (beta)  Energy = -939.09188463757869
 Total Coulomb        Energy = 688.64734024812935
    5   -1038.3038380633      2.04e-04  
 Alpha HF Exchange    Energy =  -7.26732376743447
 Beta HF Exchange     Energy =  -7.26732376743447
 DFT Correlation      Energy =  -2.76887742919845
 DFT Exchange         Energy = -57.66240182904038
 One-Electron (alpha) Energy = -939.06282874806470
 One-Electron (beta)  Energy = -939.06282874806436
 Total Coulomb        Energy = 688.58636700105001
    6   -1038.3040733099      7.13e-05  
 Alpha HF Exchange    Energy =  -7.26695438253040
 Beta HF Exchange     Energy =  -7.26695438253041
 DFT Correlation      Energy =  -2.76882633635183
 DFT Exchange         Energy = -57.65969719523927
 One-Electron (alpha) Energy = -939.03633296715839
 One-Electron (beta)  Energy = -939.03633296715861
 Total Coulomb        Energy = 688.52984629078810
    7   -1038.3041079619      1.01e-05  
 Alpha HF Exchange    Energy =  -7.26703296736503
 Beta HF Exchange     Energy =  -7.26703296736504
 DFT Correlation      Energy =  -2.76884841153461
 DFT Exchange         Energy = -57.66030285031864
 One-Electron (alpha) Energy = -939.04290316083723
 One-Electron (beta)  Energy = -939.04290316083745
 Total Coulomb        Energy = 688.54377093058281
    8   -1038.3041086094      2.20e-06  
 Alpha HF Exchange    Energy =  -7.26702682999562
 Beta HF Exchange     Energy =  -7.26702682999561
 DFT Correlation      Energy =  -2.76884704813815
 DFT Exchange         Energy = -57.66025244521275
 One-Electron (alpha) Energy = -939.04232125967224
 One-Electron (beta)  Energy = -939.04232125967155
 Total Coulomb        Energy = 688.54254305888753
    9   -1038.3041086355      9.59e-07  Convergence criterion met
 ---------------------------------------
 SCF time:   CPU 20.70s  wall 2.00s 
<S^2> =         -0.000000000
 Alpha HF Exchange    Energy =  -7.26702682999562
 Beta HF Exchange     Energy =  -7.26702682999561
 DFT Correlation      Energy =  -2.76884704813815
 DFT Exchange         Energy = -57.66025244521275
 One-Electron (alpha) Energy = -939.04232125967224
 One-Electron (beta)  Energy = -939.04232125967155
 Total Coulomb        Energy = 688.54254305888753
 Nuclear repulsion Energy = 226.20114397829013
 SCF   energy in the final basis set =    -1038.3041086355
 Total energy in the final basis set =    -1038.3041086355
 
 --------------------------------------------------------------
 
                    Orbital Energies (a.u.)
 --------------------------------------------------------------
 
 Alpha MOs
 -- Occupied --
*******-101.533 -10.256 -10.242 -10.205  -9.471  -9.449  -7.235
 -7.225  -7.225  -7.214  -7.203  -7.203  -0.874  -0.845  -0.754
 -0.676  -0.588  -0.490  -0.454  -0.447  -0.447  -0.408  -0.388
 -0.367  -0.318  -0.294  -0.294  -0.267
 -- Virtual --
 -0.005   0.027   0.032   0.095   0.118   0.132   0.147   0.152
  0.221   0.287   0.394   0.405   0.420   0.440   0.446   0.451
  0.463   0.467   0.492   0.527   0.540   0.549   0.560   0.575
  0.616   0.660   0.792   0.807   0.828   0.838   0.853   0.857
  0.861   0.867   0.884   0.896   0.906   0.916   0.917   0.946
  1.009   1.064   1.084   1.107   1.258   1.275   1.355   1.416
  1.454   1.454   1.666   1.849   1.877   1.955   2.011   2.028
  2.029   2.039   2.075   2.080   2.152   2.327   2.335   2.371
  2.427   2.549   2.579   2.583   2.625   2.693   2.796   2.799
  2.936   3.163   3.240   3.379   3.388   3.402   3.593   4.118
  4.216   4.276   4.398   4.439
 
 Beta MOs
 -- Occupied --
*******-101.533 -10.256 -10.242 -10.205  -9.471  -9.449  -7.235
 -7.225  -7.225  -7.214  -7.203  -7.203  -0.874  -0.845  -0.754
 -0.676  -0.588  -0.490  -0.454  -0.447  -0.447  -0.408  -0.388
 -0.367  -0.318  -0.294  -0.294  -0.267
 -- Virtual --
 -0.005   0.027   0.032   0.095   0.118   0.132   0.147   0.152
  0.221   0.287   0.394   0.405   0.420   0.440   0.446   0.451
  0.463   0.467   0.492   0.527   0.540   0.549   0.560   0.575
  0.616   0.660   0.792   0.807   0.828   0.838   0.853   0.857
  0.861   0.867   0.884   0.896   0.906   0.916   0.917   0.946
  1.009   1.064   1.084   1.107   1.258   1.275   1.355   1.416
  1.454   1.454   1.666   1.849   1.877   1.955   2.011   2.028
  2.029   2.039   2.075   2.080   2.152   2.327   2.335   2.371
  2.427   2.549   2.579   2.583   2.625   2.693   2.796   2.799
  2.936   3.163   3.240   3.379   3.388   3.402   3.593   4.118
  4.216   4.276   4.398   4.439
 --------------------------------------------------------------
 
          Ground-State Mulliken Net Atomic Charges

     Atom                 Charge (a.u.)    Spin (a.u.)
  --------------------------------------------------------
      1 Cl                   -0.102848       0.000000
      2 Cl                   -0.036079       0.000000
      3 C                    -0.196973       0.000000
      4 C                    -0.175306       0.000000
      5 C                    -0.404945       0.000000
      6 H                     0.129949      -0.000000
      7 H                     0.125303       0.000000
      8 H                     0.159607      -0.000000
      9 H                     0.162291       0.000000
     10 H                     0.162677       0.000000
     11 H                     0.176324      -0.000000
  --------------------------------------------------------
  Sum of atomic charges =    -0.000000
  Sum of spin   charges =     0.000000

 -----------------------------------------------------------------
                    Cartesian Multipole Moments
 -----------------------------------------------------------------
    Charge (ESU x 10^10)
                -0.0000
    Dipole Moment (Debye)
         X      -0.8673      Y       0.8621      Z       0.8985
       Tot       1.5175
    Quadrupole Moments (Debye-Ang)
        XX     -44.3459     XY       1.9957     YY     -50.1733
        XZ       4.3068     YZ       0.1501     ZZ     -36.3746
    Octopole Moments (Debye-Ang^2)
       XXX      70.8200    XXY       0.1128    XYY      20.3408
       YYY      37.7130    XXZ       0.9433    XYZ      -7.3711
       YYZ      22.6729    XZZ      15.2263    YZZ      16.9635
       ZZZ      31.4016
    Hexadecapole Moments (Debye-Ang^3)
      XXXX    -202.5722   XXXY      59.5478   XXYY    -197.5506
      XYYY      40.9284   YYYY   -1081.6312   XXXZ     -12.7350
      XXYZ    -127.8740   XYYZ      -4.9350   YYYZ    -421.8447
      XXZZ    -200.2447   XYZZ      24.8963   YYZZ    -339.7252
      XZZZ       6.2044   YZZZ    -369.5555   ZZZZ    -907.9076
 -----------------------------------------------------------------
 Calculating analytic gradient of the SCF energy
 Gradient of SCF Energy
            1           2           3           4           5           6
    1   0.0000673   0.0000551  -0.0000042  -0.0000711  -0.0000401  -0.0000011
    2  -0.0002754  -0.0000548  -0.0000028   0.0002725   0.0000074  -0.0000090
    3  -0.0002575   0.0000013   0.0000050   0.0002514  -0.0000028   0.0000094
            7           8           9          10          11
    1   0.0000078   0.0000130   0.0000225  -0.0000012  -0.0000481
    2  -0.0000064   0.0000020  -0.0000184   0.0000054   0.0000795
    3   0.0000005   0.0000047   0.0000275   0.0000064  -0.0000461
 Max gradient component =       2.754E-04
 RMS gradient           =       9.689E-05
 Gradient time:  CPU 10.01 s  wall 3.04 s
 Geometry Optimization Parameters
   NAtoms,    NIC,     NZ,  NCons,   NDum,   NFix, NCnnct, MaxDiis
       11      56       0       1       0       0       0       0


** CONSTRAINED OPTIMIZATION IN DELOCALIZED INTERNAL COORDINATES **
   Searching for a Minimum

   Optimization Cycle:   1

                       Coordinates (Angstroms)
     ATOM                X               Y               Z
      1  Cl        0.1033760000   -2.6448180000   -1.8295980000
      2  Cl       -1.0088230000    1.6959730000    0.2443670000
      3  C        -0.3159300000    1.6369040000    2.8720980000
      4  C        -0.3196250000    1.0072400000    1.7050230000
      5  C        -1.1944080000   -1.5307990000   -2.4143930000
      6  H        -0.7411760000    2.6254100000    3.0044270000
      7  H         0.1294010000    1.1514010000    3.7345480000
      8  H         0.0967950000    0.0212590000    1.5363290000
      9  H        -2.1546990000   -2.0280410000   -2.2846840000
     10  H        -1.0131120000   -1.3190700000   -3.4672590000
     11  H        -1.1539000000   -0.6154580000   -1.8254600000
   Point Group: c1    Number of degrees of freedom:    27


   Energy is  -1038.304108636

              Constraints and their Current Values
                                        Value     Constraint
   Distance(Angs):        1   4             5.100000     5.200000

 Attempting to Generate Delocalized Internal Coordinates

   Using Lagrange Multiplier Algorithm


 28 Hessian modes will be used to form the next step
  Hessian Eigenvalues:
    -0.998379    0.018691    0.045000    0.045000    0.045000    0.045000
     0.046311    0.112909    0.120227    0.160000    0.160000    0.160000
     0.160000    0.160000    0.160000    0.194456    0.199000    0.220000
     0.254956    0.298821    0.341314    0.349115    0.349122    0.353627
     0.354916    0.355720    0.604351    1.001623

 Minimum Search - Taking P-RFO Step
 Searching for Lamda that Maximizes Along the Constraint modes Only
 Value Taken    Lamda =   0.01767088
 Searching for Lamda that Minimizes Along All other modes
 Value Taken    Lamda =  -0.01742433
 Step Taken.  Stepsize is  0.185719

                             Maximum     Tolerance    Cnvgd?
         Gradient            0.188972       0.000300      NO
         Displacement        0.185713       0.001200      NO
         Energy change     *********       0.000001      NO


 New Cartesian Coordinates Obtained by Inverse Iteration

 Displacement from previous Coordinates is:  0.238773
 ----------------------------------------------------------------
             Standard Nuclear Orientation (Angstroms)
    I     Atom           X                Y                Z
 ----------------------------------------------------------------
    1      Cl      0.0947051831    -2.6876205175    -1.8973222672
    2      Cl     -1.0022022633     1.6702061563     0.2583739033
    3      C      -0.3170658540     1.6589865082     2.8898727526
    4      C      -0.3112874411     1.0107145208     1.7330434743
    5      C      -1.1966738205    -1.5405939983    -2.4339778159
    6      H      -0.7515183100     2.6456483340     3.0049510806
    7      H       0.1296930420     1.1913692535     3.7614175323
    8      H       0.1144289717     0.0259261235     1.5814548441
    9      H      -2.1592695037    -2.0340310826    -2.3066810351
   10      H      -1.0219188826    -1.3112628256    -3.4842643298
   11      H      -1.1509921215    -0.6293414723    -1.8314701392
 ----------------------------------------------------------------
 Nuclear Repulsion Energy =   225.2475194464 hartrees
 There are       29 alpha and       29 beta electrons

                       Distance Matrix (Angstroms)
             Cl(  1)   Cl(  2)   C (  3)   C (  4)   C (  5)   H (  6)
   Cl(  2)  4.984063
   C (  3)  6.479181  2.719251
   C (  4)  5.198275  1.756970  1.326101
   C (  5)  1.808681  4.194737  6.273309  4.965597
   H (  6)  7.293294  2.925409  1.084202  2.117678  6.877844
   H (  7)  6.860694  3.712383  1.085288  2.083603  6.899695  1.861103
   H (  8)  4.411985  2.387690  2.136593  1.083523  4.505183  3.104698
   H (  9)  2.382259  4.651847  6.635983  5.385619  1.089163  7.217659
   H ( 10)  2.378990  4.785069  7.067448  5.754726  1.089144  7.605273
   H ( 11)  2.406784  3.110869  5.312528  4.012561  1.093382  5.854580
             H (  7)   H (  8)   H (  9)   H ( 10)
   H (  8)  2.471989
   H (  9)  7.243230  4.952851
   H ( 10)  7.751728  5.361051  1.789599
   H ( 11)  6.019596  3.698476  1.793210  1.792597
 
 Applying Cartesian multipole field
    Component          Value
    ---------          -----
     (2,0,0)        1.00000E-11
     (0,2,0)        2.00000E-11
     (0,0,2)       -3.00000E-11
 Nucleus-field energy     =    -0.0000000057 hartrees
 Requested basis set is 6-31G(d,p)
 There are 40 shells and 113 basis functions
 A cutoff of  1.0D-14 yielded    654 shell pairs
 There are      5264 function pairs
 Smallest overlap matrix eigenvalue = 5.97E-03
 Guess from superposition of atomic densities
 Warning:  Energy on first SCF cycle will be non-variational
 SAD guess density has 58.000000 electrons

 -----------------------------------------------------------------------
  General SCF calculation program by
  Eric Jon Sundstrom, Paul Horn, Yuezhi Mao, Dmitri Zuev, Alec White,
  David Stuck, Shaama M.S., Shane Yost, Joonho Lee, David Small,
  Daniel Levine, Susi Lehtola, Hugh Burton, Evgeny Epifanovsky
 -----------------------------------------------------------------------
 Exchange:     0.2000 Hartree-Fock + 0.0800 Slater + 0.7200 B88
 Correlation:  0.1900 VWN1RPA + 0.8100 LYP
 Using SG-1 standard quadrature grid
 using 12 threads for integral computing
 -------------------------------------------------------
 OpenMP Integral computing Module                
 Release: version 1.0, May 2013, Q-Chem Inc. Pittsburgh 
 -------------------------------------------------------
 -------------------------------------------------------
 OpenMP BLAS3 based DFT computing Module                
 Release: version 1.0, May 2013, Q-Chem Inc. Pittsburgh 
 -------------------------------------------------------
 A unrestricted SCF calculation will be
 performed using DIIS
 SCF converges when DIIS error is below 1.0e-06
 Alpha HF Exchange    Energy =  -7.27419401109579
 Beta HF Exchange     Energy =  -7.27419401109579
 DFT Correlation      Energy =  -2.75277445875519
 DFT Exchange         Energy = -57.34636530382262
 One-Electron (alpha) Energy = -936.26606465228519
 One-Electron (beta)  Energy = -936.26606465228519
 Total Coulomb        Energy = 683.21317670273049
 ---------------------------------------
  Cycle       Energy         DIIS error
 ---------------------------------------
    1   -1038.7189609459      2.80e-02  
 Alpha HF Exchange    Energy =  -7.29214847064546
 Beta HF Exchange     Energy =  -7.29214847064546
 DFT Correlation      Energy =  -2.77953242048853
 DFT Exchange         Energy = -57.87585868095149
 One-Electron (alpha) Energy = -939.39693435780998
 One-Electron (beta)  Energy = -939.39693435781010
 Total Coulomb        Energy = 690.54410275345106
    2   -1038.2419345642      3.00e-03  
 Alpha HF Exchange    Energy =  -7.24938466025181
 Beta HF Exchange     Energy =  -7.24938466025180
 DFT Correlation      Energy =  -2.75964250223793
 DFT Exchange         Energy = -57.50651698925003
 One-Electron (alpha) Energy = -937.29924364298120
 One-Electron (beta)  Energy = -937.29924364298074
 Total Coulomb        Energy = 685.89672709173067
    3   -1038.2191695656      3.46e-03  
 Alpha HF Exchange    Energy =  -7.26297775402940
 Beta HF Exchange     Energy =  -7.26297775402940
 DFT Correlation      Energy =  -2.76750000469279
 DFT Exchange         Energy = -57.62800537820091
 One-Electron (alpha) Energy = -937.74153040810120
 One-Electron (beta)  Energy = -937.74153040810131
 Total Coulomb        Energy = 686.85706630851587
    4   -1038.2999359580      7.51e-04  
 Alpha HF Exchange    Energy =  -7.26719840042439
 Beta HF Exchange     Energy =  -7.26719840042439
 DFT Correlation      Energy =  -2.76899405387723
 DFT Exchange         Energy = -57.66267234296835
 One-Electron (alpha) Energy = -938.13914175396087
 One-Electron (beta)  Energy = -938.13914175396087
 Total Coulomb        Energy = 687.69310853888965
    5   -1038.3037187261      2.04e-04  
 Alpha HF Exchange    Energy =  -7.26705945522924
 Beta HF Exchange     Energy =  -7.26705945522923
 DFT Correlation      Energy =  -2.76871826323747
 DFT Exchange         Energy = -57.66057543332502
 One-Electron (alpha) Energy = -938.11024558121051
 One-Electron (beta)  Energy = -938.11024558121028
 Total Coulomb        Energy = 687.63243126583336
    6   -1038.3039530629      7.14e-05  
 Alpha HF Exchange    Energy =  -7.26669082636954
 Beta HF Exchange     Energy =  -7.26669082636953
 DFT Correlation      Energy =  -2.76866762309033
 DFT Exchange         Energy = -57.65787776803766
 One-Electron (alpha) Energy = -938.08375425311931
 One-Electron (beta)  Energy = -938.08375425311851
 Total Coulomb        Energy = 687.57592828809982
    7   -1038.3039878213      1.01e-05  
 Alpha HF Exchange    Energy =  -7.26676910724160
 Beta HF Exchange     Energy =  -7.26676910724159
 DFT Correlation      Energy =  -2.76868957187170
 DFT Exchange         Energy = -57.65848085075945
 One-Electron (alpha) Energy = -938.09030354849097
 One-Electron (beta)  Energy = -938.09030354849028
 Total Coulomb        Energy = 687.58980782316564
    8   -1038.3039884703      2.22e-06  
 Alpha HF Exchange    Energy =  -7.26676312516871
 Beta HF Exchange     Energy =  -7.26676312516871
 DFT Correlation      Energy =  -2.76868827903481
 DFT Exchange         Energy = -57.65843176914633
 One-Electron (alpha) Energy = -938.08973805453934
 One-Electron (beta)  Energy = -938.08973805453979
 Total Coulomb        Energy = 687.58861446999504
    9   -1038.3039884969      9.71e-07  Convergence criterion met
 ---------------------------------------
 SCF time:   CPU 20.26s  wall 1.00s 
<S^2> =         -0.000000000
 Alpha HF Exchange    Energy =  -7.26676312516871
 Beta HF Exchange     Energy =  -7.26676312516871
 DFT Correlation      Energy =  -2.76868827903481
 DFT Exchange         Energy = -57.65843176914633
 One-Electron (alpha) Energy = -938.08973805453934
 One-Electron (beta)  Energy = -938.08973805453979
 Total Coulomb        Energy = 687.58861446999504
 Nuclear repulsion Energy = 225.24751944066057
 SCF   energy in the final basis set =    -1038.3039884969
 Total energy in the final basis set =    -1038.3039884969
 
 --------------------------------------------------------------
 
                    Orbital Energies (a.u.)
 --------------------------------------------------------------
 
 Alpha MOs
 -- Occupied --
*******-101.533 -10.256 -10.242 -10.206  -9.471  -9.449  -7.235
 -7.226  -7.225  -7.213  -7.203  -7.203  -0.874  -0.844  -0.755
 -0.676  -0.589  -0.490  -0.454  -0.447  -0.446  -0.408  -0.388
 -0.367  -0.318  -0.294  -0.294  -0.267
 -- Virtual --
 -0.005   0.026   0.031   0.095   0.118   0.132   0.147   0.151
  0.220   0.287   0.394   0.405   0.421   0.441   0.446   0.450
  0.463   0.466   0.492   0.526   0.540   0.549   0.561   0.575
  0.615   0.660   0.791   0.807   0.828   0.838   0.853   0.857
  0.859   0.867   0.884   0.896   0.905   0.915   0.919   0.945
  1.009   1.063   1.083   1.105   1.256   1.275   1.355   1.416
  1.453   1.455   1.665   1.849   1.877   1.955   2.011   2.026
  2.030   2.037   2.074   2.080   2.152   2.324   2.331   2.371
  2.426   2.548   2.579   2.584   2.624   2.692   2.793   2.797
  2.936   3.159   3.240   3.379   3.388   3.397   3.593   4.118
  4.216   4.276   4.397   4.438
 
 Beta MOs
 -- Occupied --
*******-101.533 -10.256 -10.242 -10.206  -9.471  -9.449  -7.235
 -7.226  -7.225  -7.213  -7.203  -7.203  -0.874  -0.844  -0.755
 -0.676  -0.589  -0.490  -0.454  -0.447  -0.446  -0.408  -0.388
 -0.367  -0.318  -0.294  -0.294  -0.267
 -- Virtual --
 -0.005   0.026   0.031   0.095   0.118   0.132   0.147   0.151
  0.220   0.287   0.394   0.405   0.421   0.441   0.446   0.450
  0.463   0.466   0.492   0.526   0.540   0.549   0.561   0.575
  0.615   0.660   0.791   0.807   0.828   0.838   0.853   0.857
  0.859   0.867   0.884   0.896   0.905   0.915   0.919   0.945
  1.009   1.063   1.083   1.105   1.256   1.275   1.355   1.416
  1.453   1.455   1.665   1.849   1.877   1.955   2.011   2.026
  2.030   2.037   2.074   2.080   2.152   2.324   2.331   2.371
  2.426   2.548   2.579   2.584   2.624   2.692   2.793   2.797
  2.936   3.159   3.240   3.379   3.388   3.397   3.593   4.118
  4.216   4.276   4.397   4.438
 --------------------------------------------------------------
 
          Ground-State Mulliken Net Atomic Charges

     Atom                 Charge (a.u.)    Spin (a.u.)
  --------------------------------------------------------
      1 Cl                   -0.102254      -0.000000
      2 Cl                   -0.036432       0.000000
      3 C                    -0.196829       0.000000
      4 C                    -0.174702      -0.000000
      5 C                    -0.404666      -0.000000
      6 H                     0.130123      -0.000000
      7 H                     0.125395       0.000000
      8 H                     0.158958      -0.000000
      9 H                     0.162417       0.000000
     10 H                     0.162812       0.000000
     11 H                     0.175178      -0.000000
  --------------------------------------------------------
  Sum of atomic charges =    -0.000000
  Sum of spin   charges =    -0.000000

 -----------------------------------------------------------------
                    Cartesian Multipole Moments
 -----------------------------------------------------------------
    Charge (ESU x 10^10)
                -0.0000
    Dipole Moment (Debye)
         X      -0.8579      Y       0.9264      Z       0.9700
       Tot       1.5922
    Quadrupole Moments (Debye-Ang)
        XX     -44.3218     XY       1.9328     YY     -50.2677
        XZ       4.3276     YZ      -0.0162     ZZ     -36.4779
    Octopole Moments (Debye-Ang^2)
       XXX      70.7768    XXY       0.8881    XYY      20.4109
       YYY      40.7215    XXZ       1.3990    XYZ      -7.3332
       YYZ      24.1058    XZZ      15.1960    YZZ      18.6993
       ZZZ      33.9758
    Hexadecapole Moments (Debye-Ang^3)
      XXXX    -201.6201   XXXY      57.2222   XXYY    -199.7640
      XYYY      37.3891   YYYY   -1097.6189   XXXZ     -13.1958
      XXYZ    -132.2493   XYYZ      -5.9779   YYYZ    -437.4436
      XXZZ    -205.0240   XYZZ      24.0573   YYZZ    -349.5880
      XZZZ       6.4732   YZZZ    -385.1342   ZZZZ    -939.1447
 -----------------------------------------------------------------
 Calculating analytic gradient of the SCF energy
 Gradient of SCF Energy
            1           2           3           4           5           6
    1   0.0003582  -0.0001327   0.0000290   0.0000762   0.0002967   0.0000030
    2  -0.0015150   0.0001041  -0.0000479   0.0001227  -0.0012490   0.0000038
    3  -0.0009865  -0.0004771   0.0000632   0.0006263   0.0001416   0.0000212
            7           8           9          10          11
    1   0.0000029   0.0000340   0.0001189   0.0004287  -0.0012148
    2   0.0000028  -0.0000179  -0.0002199  -0.0002283   0.0030446
    3   0.0000051   0.0000354   0.0000649   0.0000739   0.0004322
 Max gradient component =       3.045E-03
 RMS gradient           =       7.174E-04
 Gradient time:  CPU 7.72 s  wall 0.70 s
 Geometry Optimization Parameters
   NAtoms,    NIC,     NZ,  NCons,   NDum,   NFix, NCnnct, MaxDiis
       11      56       0       1       0       0       0       0

 Cartesian Hessian Update
 Hessian Updated using BFGS Update


** CONSTRAINED OPTIMIZATION IN DELOCALIZED INTERNAL COORDINATES **
   Searching for a Minimum

   Optimization Cycle:   2

                       Coordinates (Angstroms)
     ATOM                X               Y               Z
      1  Cl        0.0947051831   -2.6876205175   -1.8973222672
      2  Cl       -1.0022022633    1.6702061563    0.2583739033
      3  C        -0.3170658540    1.6589865082    2.8898727526
      4  C        -0.3112874411    1.0107145208    1.7330434743
      5  C        -1.1966738205   -1.5405939983   -2.4339778159
      6  H        -0.7515183100    2.6456483340    3.0049510806
      7  H         0.1296930420    1.1913692535    3.7614175323
      8  H         0.1144289717    0.0259261235    1.5814548441
      9  H        -2.1592695037   -2.0340310826   -2.3066810351
     10  H        -1.0219188826   -1.3112628256   -3.4842643298
     11  H        -1.1509921215   -0.6293414723   -1.8314701392
   Point Group: c1    Number of degrees of freedom:    27


   Energy is  -1038.303988497

              Constraints and their Current Values
                                        Value     Constraint
   Distance(Angs):        1   4             5.198275     5.200000
 Hessian Updated using BFGS Update

   Using Lagrange Multiplier Algorithm


 28 Hessian modes will be used to form the next step
  Hessian Eigenvalues:
    -0.998644    0.020301    0.044998    0.045000    0.045000    0.045001
     0.046473    0.112898    0.120238    0.159998    0.160000    0.160000
     0.160000    0.160000    0.187731    0.198982    0.217000    0.220949
     0.260538    0.300472    0.349114    0.349119    0.353627    0.354916
     0.355718    0.411128    0.604394    1.001811

 Minimum Search - Taking P-RFO Step
 Searching for Lamda that Maximizes Along the Constraint modes Only
 Value Taken    Lamda =   0.00000511
 Searching for Lamda that Minimizes Along All other modes
 Value Taken    Lamda =  -0.00005261
 Step Taken.  Stepsize is  0.021144

                             Maximum     Tolerance    Cnvgd?
         Gradient            0.003259       0.000300      NO
         Displacement        0.012271       0.001200      NO
         Energy change      0.000120       0.000001      NO


 New Cartesian Coordinates Obtained by Inverse Iteration

 Displacement from previous Coordinates is:  0.040109
 ----------------------------------------------------------------
             Standard Nuclear Orientation (Angstroms)
    I     Atom           X                Y                Z
 ----------------------------------------------------------------
    1      Cl      0.0943380780    -2.6843893762    -1.8973834422
    2      Cl     -1.0003504649     1.6677309348     0.2623845146
    3      C      -0.3163000274     1.6621495404     2.8936055779
    4      C      -0.3096849298     1.0115157244     1.7381426979
    5      C      -1.1985852771    -1.5436675913    -2.4408076276
    6      H      -0.7513533254     2.6488016035     3.0064037404
    7      H       0.1302996213     1.1965455074     3.7663098936
    8      H       0.1164751539     0.0266466629     1.5884684740
    9      H      -2.1613443992    -2.0368234388    -2.3136287217
   10      H      -1.0240762872    -1.3129371170    -3.4908820416
   11      H      -1.1515191421    -0.6355714501    -1.8372150653
 ----------------------------------------------------------------
 Nuclear Repulsion Energy =   225.2327477482 hartrees
 There are       29 alpha and       29 beta electrons

                       Distance Matrix (Angstroms)
             Cl(  1)   Cl(  2)   C (  3)   C (  4)   C (  5)   H (  6)
   Cl(  2)  4.980351
   C (  3)  6.481867  2.718691
   C (  4)  5.200000  1.756559  1.326070
   C (  5)  1.807818  4.202336  6.285830  4.978226
   H (  6)  7.294193  2.924746  1.084194  2.117608  6.888318
   H (  7)  6.865885  3.711856  1.085289  2.083575  6.913972  1.861133
   H (  8)  4.416036  2.387249  2.136714  1.083504  4.519993  3.104732
   H (  9)  2.383423  4.659128  6.648449  5.397950  1.089166  7.228133
   H ( 10)  2.381380  4.792907  7.079108  5.766813  1.089195  7.614754
   H ( 11)  2.398632  3.120316  5.325202  4.025514  1.091411  5.865823
             H (  7)   H (  8)   H (  9)   H ( 10)
   H (  8)  2.472215
   H (  9)  7.257545  4.967166
   H ( 10)  7.765109  5.375420  1.789781
   H ( 11)  6.033175  3.712364  1.791710  1.791558
 
 Applying Cartesian multipole field
    Component          Value
    ---------          -----
     (2,0,0)        1.00000E-11
     (0,2,0)        2.00000E-11
     (0,0,2)       -3.00000E-11
 Nucleus-field energy     =    -0.0000000058 hartrees
 Requested basis set is 6-31G(d,p)
 There are 40 shells and 113 basis functions
 A cutoff of  1.0D-14 yielded    654 shell pairs
 There are      5264 function pairs
 Smallest overlap matrix eigenvalue = 5.97E-03
 Guess from superposition of atomic densities
 Warning:  Energy on first SCF cycle will be non-variational
 SAD guess density has 58.000000 electrons

 -----------------------------------------------------------------------
  General SCF calculation program by
  Eric Jon Sundstrom, Paul Horn, Yuezhi Mao, Dmitri Zuev, Alec White,
  David Stuck, Shaama M.S., Shane Yost, Joonho Lee, David Small,
  Daniel Levine, Susi Lehtola, Hugh Burton, Evgeny Epifanovsky
 -----------------------------------------------------------------------
 Exchange:     0.2000 Hartree-Fock + 0.0800 Slater + 0.7200 B88
 Correlation:  0.1900 VWN1RPA + 0.8100 LYP
 Using SG-1 standard quadrature grid
 using 12 threads for integral computing
 -------------------------------------------------------
 OpenMP Integral computing Module                
 Release: version 1.0, May 2013, Q-Chem Inc. Pittsburgh 
 -------------------------------------------------------
 -------------------------------------------------------
 OpenMP BLAS3 based DFT computing Module                
 Release: version 1.0, May 2013, Q-Chem Inc. Pittsburgh 
 -------------------------------------------------------
 A unrestricted SCF calculation will be
 performed using DIIS
 SCF converges when DIIS error is below 1.0e-06
 Alpha HF Exchange    Energy =  -7.27443274642267
 Beta HF Exchange     Energy =  -7.27443274642267
 DFT Correlation      Energy =  -2.75281301081607
 DFT Exchange         Energy = -57.34687010388140
 One-Electron (alpha) Energy = -936.24987804926525
 One-Electron (beta)  Energy = -936.24987804926525
 Total Coulomb        Energy = 683.19458953101594
 ---------------------------------------
  Cycle       Energy         DIIS error
 ---------------------------------------
    1   -1038.7209674327      2.80e-02  
 Alpha HF Exchange    Energy =  -7.29230117641123
 Beta HF Exchange     Energy =  -7.29230117641123
 DFT Correlation      Energy =  -2.77959618863851
 DFT Exchange         Energy = -57.87695431089574
 One-Electron (alpha) Energy = -939.38420021111631
 One-Electron (beta)  Energy = -939.38420021111654
 Total Coulomb        Energy = 690.53493024434158
    2   -1038.2418752878      3.00e-03  
 Alpha HF Exchange    Energy =  -7.24949229924995
 Beta HF Exchange     Energy =  -7.24949229924995
 DFT Correlation      Energy =  -2.75968216540096
 DFT Exchange         Energy = -57.50723573743973
 One-Electron (alpha) Energy = -937.28342953976608
 One-Electron (beta)  Energy = -937.28342953976539
 Total Coulomb        Energy = 685.88088356920605
    3   -1038.2191302693      3.47e-03  
 Alpha HF Exchange    Energy =  -7.26310463940317
 Beta HF Exchange     Energy =  -7.26310463940317
 DFT Correlation      Energy =  -2.76755105761733
 DFT Exchange         Energy = -57.62888944581508
 One-Electron (alpha) Energy = -937.72695984293591
 One-Electron (beta)  Energy = -937.72695984293614
 Total Coulomb        Energy = 686.84385284799578
    4   -1038.2999688777      7.51e-04  
 Alpha HF Exchange    Energy =  -7.26732538645914
 Beta HF Exchange     Energy =  -7.26732538645915
 DFT Correlation      Energy =  -2.76904493986937
 DFT Exchange         Energy = -57.66355464162896
 One-Electron (alpha) Energy = -938.12468565829590
 One-Electron (beta)  Energy = -938.12468565829590
 Total Coulomb        Energy = 687.68012156370082
    5   -1038.3037523649      2.04e-04  
 Alpha HF Exchange    Energy =  -7.26718622551160
 Beta HF Exchange     Energy =  -7.26718622551160
 DFT Correlation      Energy =  -2.76876923345121
 DFT Exchange         Energy = -57.66145730988292
 One-Electron (alpha) Energy = -938.09578053847417
 One-Electron (beta)  Energy = -938.09578053847395
 Total Coulomb        Energy = 687.61942526403243
    6   -1038.3039870649      7.13e-05  
 Alpha HF Exchange    Energy =  -7.26681774594998
 Beta HF Exchange     Energy =  -7.26681774594998
 DFT Correlation      Energy =  -2.76871851291406
 DFT Exchange         Energy = -57.65876028047039
 One-Electron (alpha) Energy = -938.06928116663198
 One-Electron (beta)  Energy = -938.06928116663209
 Total Coulomb        Energy = 687.56290710152018
    7   -1038.3040217746      1.01e-05  
 Alpha HF Exchange    Energy =  -7.26689618766106
 Beta HF Exchange     Energy =  -7.26689618766107
 DFT Correlation      Energy =  -2.76874054105743
 DFT Exchange         Energy = -57.65936476150419
 One-Electron (alpha) Energy = -938.07584526689664
 One-Electron (beta)  Energy = -938.07584526689686
 Total Coulomb        Energy = 687.57681804695278
    8   -1038.3040224223      2.21e-06  
 Alpha HF Exchange    Energy =  -7.26689010232556
 Beta HF Exchange     Energy =  -7.26689010232556
 DFT Correlation      Energy =  -2.76873920327916
 DFT Exchange         Energy = -57.65931480967754
 One-Electron (alpha) Energy = -938.07527060778580
 One-Electron (beta)  Energy = -938.07527060778546
 Total Coulomb        Energy = 687.57560524214693
    9   -1038.3040224486      9.63e-07  Convergence criterion met
 ---------------------------------------
 SCF time:   CPU 20.24s  wall 1.00s 
<S^2> =         -0.000000000
 Alpha HF Exchange    Energy =  -7.26689010232556
 Beta HF Exchange     Energy =  -7.26689010232556
 DFT Correlation      Energy =  -2.76873920327916
 DFT Exchange         Energy = -57.65931480967754
 One-Electron (alpha) Energy = -938.07527060778580
 One-Electron (beta)  Energy = -938.07527060778546
 Total Coulomb        Energy = 687.57560524214693
 Nuclear repulsion Energy = 225.23274774240716
 SCF   energy in the final basis set =    -1038.3040224486
 Total energy in the final basis set =    -1038.3040224486
 
 --------------------------------------------------------------
 
                    Orbital Energies (a.u.)
 --------------------------------------------------------------
 
 Alpha MOs
 -- Occupied --
*******-101.533 -10.256 -10.242 -10.206  -9.471  -9.449  -7.235
 -7.226  -7.225  -7.213  -7.203  -7.203  -0.874  -0.844  -0.755
 -0.676  -0.589  -0.490  -0.454  -0.447  -0.446  -0.408  -0.388
 -0.367  -0.318  -0.294  -0.294  -0.267
 -- Virtual --
 -0.005   0.027   0.031   0.096   0.118   0.132   0.147   0.151
  0.221   0.287   0.394   0.405   0.421   0.441   0.446   0.450
  0.463   0.466   0.492   0.527   0.540   0.549   0.561   0.574
  0.616   0.660   0.792   0.807   0.828   0.839   0.853   0.857
  0.859   0.867   0.884   0.896   0.906   0.916   0.918   0.945
  1.009   1.064   1.083   1.104   1.256   1.275   1.355   1.416
  1.453   1.454   1.665   1.849   1.877   1.955   2.011   2.028
  2.030   2.038   2.074   2.080   2.152   2.325   2.332   2.371
  2.427   2.549   2.579   2.584   2.624   2.692   2.795   2.798
  2.936   3.161   3.240   3.379   3.388   3.399   3.593   4.118
  4.216   4.276   4.397   4.438
 
 Beta MOs
 -- Occupied --
*******-101.533 -10.256 -10.242 -10.206  -9.471  -9.449  -7.235
 -7.226  -7.225  -7.213  -7.203  -7.203  -0.874  -0.844  -0.755
 -0.676  -0.589  -0.490  -0.454  -0.447  -0.446  -0.408  -0.388
 -0.367  -0.318  -0.294  -0.294  -0.267
 -- Virtual --
 -0.005   0.027   0.031   0.096   0.118   0.132   0.147   0.151
  0.221   0.287   0.394   0.405   0.421   0.441   0.446   0.450
  0.463   0.466   0.492   0.527   0.540   0.549   0.561   0.574
  0.616   0.660   0.792   0.807   0.828   0.839   0.853   0.857
  0.859   0.867   0.884   0.896   0.906   0.916   0.918   0.945
  1.009   1.064   1.083   1.104   1.256   1.275   1.355   1.416
  1.453   1.454   1.665   1.849   1.877   1.955   2.011   2.028
  2.030   2.038   2.074   2.080   2.152   2.325   2.332   2.371
  2.427   2.549   2.579   2.584   2.624   2.692   2.795   2.798
  2.936   3.161   3.240   3.379   3.388   3.399   3.593   4.118
  4.216   4.276   4.397   4.438
 --------------------------------------------------------------
 
          Ground-State Mulliken Net Atomic Charges

     Atom                 Charge (a.u.)    Spin (a.u.)
  --------------------------------------------------------
      1 Cl                   -0.102114      -0.000000
      2 Cl                   -0.036343       0.000000
      3 C                    -0.196855      -0.000000
      4 C                    -0.174723       0.000000
      5 C                    -0.404781       0.000000
      6 H                     0.130085       0.000000
      7 H                     0.125328      -0.000000
      8 H                     0.158901       0.000000
      9 H                     0.162299       0.000000
     10 H                     0.162658       0.000000
     11 H                     0.175546      -0.000000
  --------------------------------------------------------
  Sum of atomic charges =    -0.000000
  Sum of spin   charges =     0.000000

 -----------------------------------------------------------------
                    Cartesian Multipole Moments
 -----------------------------------------------------------------
    Charge (ESU x 10^10)
                -0.0000
    Dipole Moment (Debye)
         X      -0.8595      Y       0.9225      Z       0.9633
       Tot       1.5867
    Quadrupole Moments (Debye-Ang)
        XX     -44.3089     XY       1.9399     YY     -50.2475
        XZ       4.3505     YZ      -0.0012     ZZ     -36.4358
    Octopole Moments (Debye-Ang^2)
       XXX      70.6925    XXY       0.8503    XYY      20.3466
       YYY      40.6996    XXZ       1.3054    XYZ      -7.3848
       YYZ      24.0459    XZZ      15.1134    YZZ      18.6370
       ZZZ      33.6787
    Hexadecapole Moments (Debye-Ang^3)
      XXXX    -201.4169   XXXY      56.8236   XXYY    -199.5182
      XYYY      37.0782   YYYY   -1096.6391   XXXZ     -13.3544
      XXYZ    -132.4494   XYYZ      -5.9352   YYYZ    -438.2255
      XXZZ    -205.4260   XYZZ      24.1033   YYZZ    -349.7953
      XZZZ       6.5907   YZZZ    -385.5673   ZZZZ    -941.3981
 -----------------------------------------------------------------
 Calculating analytic gradient of the SCF energy
 Gradient of SCF Energy
            1           2           3           4           5           6
    1   0.0001983  -0.0000647   0.0000009   0.0000562   0.0002901   0.0000031
    2  -0.0009522   0.0000524  -0.0000263   0.0001582  -0.0007895   0.0000021
    3  -0.0006951  -0.0003088  -0.0000132   0.0005871   0.0002333   0.0000199
            7           8           9          10          11
    1   0.0000028   0.0000161   0.0000531   0.0002387  -0.0007945
    2  -0.0000063  -0.0000058  -0.0000777  -0.0000647   0.0017098
    3   0.0000001   0.0000010   0.0000576   0.0000386   0.0000796
 Max gradient component =       1.710E-03
 RMS gradient           =       4.371E-04
 Gradient time:  CPU 7.72 s  wall 0.70 s
 Geometry Optimization Parameters
   NAtoms,    NIC,     NZ,  NCons,   NDum,   NFix, NCnnct, MaxDiis
       11      56       0       1       0       0       0       0

 Cartesian Hessian Update
 Hessian Updated using BFGS Update


** CONSTRAINED OPTIMIZATION IN DELOCALIZED INTERNAL COORDINATES **
   Searching for a Minimum

   Optimization Cycle:   3

                       Coordinates (Angstroms)
     ATOM                X               Y               Z
      1  Cl        0.0943380780   -2.6843893762   -1.8973834422
      2  Cl       -1.0003504649    1.6677309348    0.2623845146
      3  C        -0.3163000274    1.6621495404    2.8936055779
      4  C        -0.3096849298    1.0115157244    1.7381426979
      5  C        -1.1985852771   -1.5436675913   -2.4408076276
      6  H        -0.7513533254    2.6488016035    3.0064037404
      7  H         0.1302996213    1.1965455074    3.7663098936
      8  H         0.1164751539    0.0266466629    1.5884684740
      9  H        -2.1613443992   -2.0368234388   -2.3136287217
     10  H        -1.0240762872   -1.3129371170   -3.4908820416
     11  H        -1.1515191421   -0.6355714501   -1.8372150653
   Point Group: c1    Number of degrees of freedom:    27


   Energy is  -1038.304022449

              Constraints and their Current Values
                                        Value     Constraint
   Distance(Angs):        1   4             5.200000     5.200000
 Hessian Updated using BFGS Update

 25 Hessian modes will be used to form the next step
  Hessian Eigenvalues:
     0.016700    0.044978    0.045000    0.045000    0.045001    0.046506
     0.113022    0.120055    0.139237    0.160000    0.160000    0.160002
     0.162920    0.190683    0.198983    0.220152    0.254614    0.297676
     0.344436    0.349116    0.349245    0.353628    0.354918    0.355727
     0.604563

 Minimum Search - Taking Simple RFO Step
 Searching for Lamda that Minimizes Along All modes
 Value Taken    Lamda =  -0.00003502
 Step Taken.  Stepsize is  0.029115

                             Maximum     Tolerance    Cnvgd?
         Gradient           0.001131      0.000300      NO
         Displacement       0.016564      0.001200      NO
         Energy change     -0.000034      0.000001      NO


 New Cartesian Coordinates Obtained by Inverse Iteration

 Displacement from previous Coordinates is:  0.051629
 ----------------------------------------------------------------
             Standard Nuclear Orientation (Angstroms)
    I     Atom           X                Y                Z
 ----------------------------------------------------------------
    1      Cl      0.0935106884    -2.6791892500    -1.8952929760
    2      Cl     -0.9986355603     1.6660535840     0.2679019500
    3      C      -0.3150007795     1.6658157808     2.8985300127
    4      C      -0.3079607800     1.0130892382     1.7441986984
    5      C      -1.2012324454    -1.5475054831    -2.4498919771
    6      H      -0.7506095858     2.6524350049     3.0092642321
    7      H       0.1316448131     1.2021038537     3.7722238211
    8      H       0.1185755008     0.0281120110     1.5963907821
    9      H      -2.1638631652    -2.0411461129    -2.3234216376
   10      H      -1.0261932000    -1.3165394513    -3.4998440644
   11      H      -1.1523364861    -0.6432281753    -1.8446608413
 ----------------------------------------------------------------
 Nuclear Repulsion Energy =   225.2200516061 hartrees
 There are       29 alpha and       29 beta electrons

                       Distance Matrix (Angstroms)
             Cl(  1)   Cl(  2)   C (  3)   C (  4)   C (  5)   H (  6)
   Cl(  2)  4.975272
   C (  3)  6.482799  2.718007
   C (  4)  5.200000  1.755804  1.326115
   C (  5)  1.806834  4.213598  6.302099  4.994495
   H (  6)  7.293383  2.923958  1.084175  2.117495  6.902532
   H (  7)  6.869253  3.711207  1.085293  2.083714  6.931929  1.861166
   H (  8)  4.418367  2.386608  2.136733  1.083495  4.538377  3.104636
   H (  9)  2.384561  4.670765  6.665481  5.414634  1.089189  7.243240
   H ( 10)  2.384352  4.805469  7.095028  5.782993  1.089212  7.628709
   H ( 11)  2.387433  3.133581  5.341411  4.041815  1.089226  5.880763
             H (  7)   H (  8)   H (  9)   H ( 10)
   H (  8)  2.472383
   H (  9)  7.276326  4.985608
   H ( 10)  7.782488  5.393532  1.789781
   H ( 11)  6.050062  3.729176  1.790691  1.791338
 
 Applying Cartesian multipole field
    Component          Value
    ---------          -----
     (2,0,0)        1.00000E-11
     (0,2,0)        2.00000E-11
     (0,0,2)       -3.00000E-11
 Nucleus-field energy     =    -0.0000000059 hartrees
 Requested basis set is 6-31G(d,p)
 There are 40 shells and 113 basis functions
 A cutoff of  1.0D-14 yielded    652 shell pairs
 There are      5259 function pairs
 Smallest overlap matrix eigenvalue = 5.97E-03
 Guess from superposition of atomic densities
 Warning:  Energy on first SCF cycle will be non-variational
 SAD guess density has 58.000000 electrons

 -----------------------------------------------------------------------
  General SCF calculation program by
  Eric Jon Sundstrom, Paul Horn, Yuezhi Mao, Dmitri Zuev, Alec White,
  David Stuck, Shaama M.S., Shane Yost, Joonho Lee, David Small,
  Daniel Levine, Susi Lehtola, Hugh Burton, Evgeny Epifanovsky
 -----------------------------------------------------------------------
 Exchange:     0.2000 Hartree-Fock + 0.0800 Slater + 0.7200 B88
 Correlation:  0.1900 VWN1RPA + 0.8100 LYP
 Using SG-1 standard quadrature grid
 using 12 threads for integral computing
 -------------------------------------------------------
 OpenMP Integral computing Module                
 Release: version 1.0, May 2013, Q-Chem Inc. Pittsburgh 
 -------------------------------------------------------
 -------------------------------------------------------
 OpenMP BLAS3 based DFT computing Module                
 Release: version 1.0, May 2013, Q-Chem Inc. Pittsburgh 
 -------------------------------------------------------
 A unrestricted SCF calculation will be
 performed using DIIS
 SCF converges when DIIS error is below 1.0e-06
 Alpha HF Exchange    Energy =  -7.27472431651486
 Beta HF Exchange     Energy =  -7.27472431651486
 DFT Correlation      Energy =  -2.75285975836961
 DFT Exchange         Energy = -57.34748413566746
 One-Electron (alpha) Energy = -936.23555347469414
 One-Electron (beta)  Energy = -936.23555347469414
 Total Coulomb        Energy = 683.17738614831057
 ---------------------------------------
  Cycle       Energy         DIIS error
 ---------------------------------------
    1   -1038.7234617279      2.80e-02  
 Alpha HF Exchange    Energy =  -7.29248404288187
 Beta HF Exchange     Energy =  -7.29248404288188
 DFT Correlation      Energy =  -2.77967278212062
 DFT Exchange         Energy = -57.87826828065211
 One-Electron (alpha) Energy = -939.37409897987197
 One-Electron (beta)  Energy = -939.37409897987209
 Total Coulomb        Energy = 690.52927096363521
    2   -1038.2417845444      3.00e-03  
 Alpha HF Exchange    Energy =  -7.24962206118847
 Beta HF Exchange     Energy =  -7.24962206118848
 DFT Correlation      Energy =  -2.75973000304347
 DFT Exchange         Energy = -57.50810174008150
 One-Electron (alpha) Energy = -937.26977881391940
 One-Electron (beta)  Energy = -937.26977881391974
 Total Coulomb        Energy = 685.86753371999180
    3   -1038.2190481731      3.47e-03  
 Alpha HF Exchange    Energy =  -7.26325556286440
 Beta HF Exchange     Energy =  -7.26325556286438
 DFT Correlation      Energy =  -2.76761155656570
 DFT Exchange         Energy = -57.62993895347274
 One-Electron (alpha) Energy = -937.71443583677728
 One-Electron (beta)  Energy = -937.71443583677649
 Total Coulomb        Energy = 686.83289857415730
    4   -1038.2999831349      7.52e-04  
 Alpha HF Exchange    Energy =  -7.26747768256906
 Beta HF Exchange     Energy =  -7.26747768256906
 DFT Correlation      Energy =  -2.76910591351852
 DFT Exchange         Energy = -57.66461251019490
 One-Electron (alpha) Energy = -938.11248039517636
 One-Electron (beta)  Energy = -938.11248039517659
 Total Coulomb        Energy = 687.66981328858958
    5   -1038.3037696904      2.04e-04  
 Alpha HF Exchange    Energy =  -7.26733869614473
 Beta HF Exchange     Energy =  -7.26733869614473
 DFT Correlation      Energy =  -2.76883047589023
 DFT Exchange         Energy = -57.66251830422114
 One-Electron (alpha) Energy = -938.08360010626222
 One-Electron (beta)  Energy = -938.08360010626234
 Total Coulomb        Energy = 687.60917002637620
    6   -1038.3040047583      7.13e-05  
 Alpha HF Exchange    Energy =  -7.26697026259801
 Beta HF Exchange     Energy =  -7.26697026259801
 DFT Correlation      Energy =  -2.76877961653895
 DFT Exchange         Energy = -57.65982099841322
 One-Electron (alpha) Energy = -938.05707700705329
 One-Electron (beta)  Energy = -938.05707700705329
 Total Coulomb        Energy = 687.55260414555187
    7   -1038.3040394085      1.01e-05  
 Alpha HF Exchange    Energy =  -7.26704888203648
 Beta HF Exchange     Energy =  -7.26704888203649
 DFT Correlation      Energy =  -2.76880172764965
 DFT Exchange         Energy = -57.66042700901122
 One-Electron (alpha) Energy = -938.06365753032560
 One-Electron (beta)  Energy = -938.06365753032594
 Total Coulomb        Energy = 687.56654990655977
    8   -1038.3040400546      2.19e-06  
 Alpha HF Exchange    Energy =  -7.26704268991683
 Beta HF Exchange     Energy =  -7.26704268991682
 DFT Correlation      Energy =  -2.76880034429364
 DFT Exchange         Energy = -57.66037615942520
 One-Electron (alpha) Energy = -938.06307292294457
 One-Electron (beta)  Energy = -938.06307292294434
 Total Coulomb        Energy = 687.56531604869031
    9   -1038.3040400805      9.54e-07  Convergence criterion met
 ---------------------------------------
 SCF time:   CPU 20.34s  wall 2.00s 
<S^2> =          0.000000000
 Alpha HF Exchange    Energy =  -7.26704268991683
 Beta HF Exchange     Energy =  -7.26704268991682
 DFT Correlation      Energy =  -2.76880034429364
 DFT Exchange         Energy = -57.66037615942520
 One-Electron (alpha) Energy = -938.06307292294457
 One-Electron (beta)  Energy = -938.06307292294434
 Total Coulomb        Energy = 687.56531604869031
 Nuclear repulsion Energy = 225.22005160024210
 SCF   energy in the final basis set =    -1038.3040400805
 Total energy in the final basis set =    -1038.3040400805
 
 --------------------------------------------------------------
 
                    Orbital Energies (a.u.)
 --------------------------------------------------------------
 
 Alpha MOs
 -- Occupied --
*******-101.533 -10.256 -10.241 -10.206  -9.471  -9.449  -7.235
 -7.225  -7.225  -7.213  -7.203  -7.203  -0.874  -0.845  -0.754
 -0.676  -0.588  -0.490  -0.454  -0.447  -0.447  -0.408  -0.388
 -0.367  -0.318  -0.294  -0.294  -0.267
 -- Virtual --
 -0.005   0.027   0.032   0.096   0.118   0.132   0.147   0.151
  0.221   0.287   0.393   0.405   0.421   0.441   0.446   0.451
  0.463   0.466   0.492   0.527   0.539   0.548   0.561   0.574
  0.616   0.660   0.792   0.807   0.828   0.839   0.854   0.857
  0.859   0.867   0.884   0.896   0.906   0.917   0.917   0.944
  1.009   1.064   1.084   1.104   1.256   1.276   1.355   1.416
  1.454   1.454   1.666   1.849   1.877   1.955   2.011   2.029
  2.029   2.040   2.074   2.080   2.152   2.326   2.334   2.371
  2.427   2.549   2.579   2.583   2.624   2.692   2.796   2.799
  2.936   3.163   3.240   3.379   3.388   3.402   3.593   4.118
  4.216   4.276   4.397   4.438
 
 Beta MOs
 -- Occupied --
*******-101.533 -10.256 -10.241 -10.206  -9.471  -9.449  -7.235
 -7.225  -7.225  -7.213  -7.203  -7.203  -0.874  -0.845  -0.754
 -0.676  -0.588  -0.490  -0.454  -0.447  -0.447  -0.408  -0.388
 -0.367  -0.318  -0.294  -0.294  -0.267
 -- Virtual --
 -0.005   0.027   0.032   0.096   0.118   0.132   0.147   0.151
  0.221   0.287   0.393   0.405   0.421   0.441   0.446   0.451
  0.463   0.466   0.492   0.527   0.539   0.548   0.561   0.574
  0.616   0.660   0.792   0.807   0.828   0.839   0.854   0.857
  0.859   0.867   0.884   0.896   0.906   0.917   0.917   0.944
  1.009   1.064   1.084   1.104   1.256   1.276   1.355   1.416
  1.454   1.454   1.666   1.849   1.877   1.955   2.011   2.029
  2.029   2.040   2.074   2.080   2.152   2.326   2.334   2.371
  2.427   2.549   2.579   2.583   2.624   2.692   2.796   2.799
  2.936   3.163   3.240   3.379   3.388   3.402   3.593   4.118
  4.216   4.276   4.397   4.438
 --------------------------------------------------------------
 
          Ground-State Mulliken Net Atomic Charges

     Atom                 Charge (a.u.)    Spin (a.u.)
  --------------------------------------------------------
      1 Cl                   -0.102123       0.000000
      2 Cl                   -0.036088      -0.000000
      3 C                    -0.196917       0.000000
      4 C                    -0.174816      -0.000000
      5 C                    -0.404853       0.000000
      6 H                     0.130000       0.000000
      7 H                     0.125239      -0.000000
      8 H                     0.158811       0.000000
      9 H                     0.162192       0.000000
     10 H                     0.162517      -0.000000
     11 H                     0.176037      -0.000000
  --------------------------------------------------------
  Sum of atomic charges =     0.000000
  Sum of spin   charges =    -0.000000

 -----------------------------------------------------------------
                    Cartesian Multipole Moments
 -----------------------------------------------------------------
    Charge (ESU x 10^10)
                 0.0000
    Dipole Moment (Debye)
         X      -0.8620      Y       0.9153      Z       0.9496
       Tot       1.5756
    Quadrupole Moments (Debye-Ang)
        XX     -44.2937     XY       1.9545     YY     -50.2221
        XZ       4.3841     YZ       0.0271     ZZ     -36.3701
    Octopole Moments (Debye-Ang^2)
       XXX      70.6245    XXY       0.7670    XYY      20.2659
       YYY      40.5602    XXZ       1.1555    XYZ      -7.4644
       YYZ      23.9015    XZZ      15.0122    YZZ      18.4660
       ZZZ      33.1445
    Hexadecapole Moments (Debye-Ang^3)
      XXXX    -201.2658   XXXY      56.3683   XXYY    -199.2085
      XYYY      36.7918   YYYY   -1095.3713   XXXZ     -13.5885
      XXYZ    -132.6202   XYYZ      -5.8214   YYYZ    -438.9483
      XXZZ    -205.8593   XYZZ      24.2365   YYZZ    -349.8420
      XZZZ       6.7488   YZZZ    -385.6922   ZZZZ    -943.5411
 -----------------------------------------------------------------
 Calculating analytic gradient of the SCF energy
 Gradient of SCF Energy
            1           2           3           4           5           6
    1  -0.0000589   0.0000507  -0.0000176  -0.0000230   0.0002017   0.0000047
    2  -0.0001610  -0.0000432   0.0000134   0.0002325  -0.0001906  -0.0000119
    3  -0.0003029  -0.0000363  -0.0000189   0.0003653   0.0001478   0.0000079
            7           8           9          10          11
    1   0.0000038  -0.0000023  -0.0000128  -0.0000275  -0.0001188
    2  -0.0000118   0.0000055   0.0000153   0.0000367   0.0001149
    3   0.0000071  -0.0000233   0.0000041  -0.0000150  -0.0001360
 Max gradient component =       3.653E-04
 RMS gradient           =       1.186E-04
 Gradient time:  CPU 7.63 s  wall 0.69 s
 Geometry Optimization Parameters
   NAtoms,    NIC,     NZ,  NCons,   NDum,   NFix, NCnnct, MaxDiis
       11      56       0       1       0       0       0       0

 Cartesian Hessian Update
 Hessian Updated using BFGS Update


** CONSTRAINED OPTIMIZATION IN DELOCALIZED INTERNAL COORDINATES **
   Searching for a Minimum

   Optimization Cycle:   4

                       Coordinates (Angstroms)
     ATOM                X               Y               Z
      1  Cl        0.0935106884   -2.6791892500   -1.8952929760
      2  Cl       -0.9986355603    1.6660535840    0.2679019500
      3  C        -0.3150007795    1.6658157808    2.8985300127
      4  C        -0.3079607800    1.0130892382    1.7441986984
      5  C        -1.2012324454   -1.5475054831   -2.4498919771
      6  H        -0.7506095858    2.6524350049    3.0092642321
      7  H         0.1316448131    1.2021038537    3.7722238211
      8  H         0.1185755008    0.0281120110    1.5963907821
      9  H        -2.1638631652   -2.0411461129   -2.3234216376
     10  H        -1.0261932000   -1.3165394513   -3.4998440644
     11  H        -1.1523364861   -0.6432281753   -1.8446608413
   Point Group: c1    Number of degrees of freedom:    27


   Energy is  -1038.304040081

              Constraints and their Current Values
                                        Value     Constraint
   Distance(Angs):        1   4             5.200000     5.200000
 Hessian Updated using BFGS Update

 26 Hessian modes will be used to form the next step
  Hessian Eigenvalues:
     0.016149    0.044955    0.045000    0.045000    0.045001    0.046564
     0.113007    0.119961    0.140283    0.160000    0.160000    0.160000
     0.160028    0.163959    0.190281    0.198990    0.220229    0.257881
     0.296858    0.346044    0.349119    0.349471    0.353632    0.354919
     0.355745    0.604570

 Minimum Search - Taking Simple RFO Step
 Searching for Lamda that Minimizes Along All modes
 Value Taken    Lamda =   0.00000000
 Step Taken.  Stepsize is  0.002299

                             Maximum     Tolerance    Cnvgd?
         Gradient           0.000137      0.000300     YES
         Displacement       0.000900      0.001200     YES
         Energy change     -0.000018      0.000001      NO


                       Distance Matrix (Angstroms)
             Cl(  1)   Cl(  2)   C (  3)   C (  4)   C (  5)   H (  6)
   Cl(  2)  4.975272
   C (  3)  6.482799  2.718007
   C (  4)  5.200000  1.755804  1.326115
   C (  5)  1.806834  4.213598  6.302099  4.994495
   H (  6)  7.293383  2.923958  1.084175  2.117495  6.902532
   H (  7)  6.869253  3.711207  1.085293  2.083714  6.931929  1.861166
   H (  8)  4.418367  2.386608  2.136733  1.083495  4.538377  3.104636
   H (  9)  2.384561  4.670765  6.665481  5.414634  1.089189  7.243240
   H ( 10)  2.384352  4.805469  7.095028  5.782993  1.089212  7.628709
   H ( 11)  2.387433  3.133581  5.341411  4.041815  1.089226  5.880763
             H (  7)   H (  8)   H (  9)   H ( 10)
   H (  8)  2.472383
   H (  9)  7.276326  4.985608
   H ( 10)  7.782488  5.393532  1.789781
   H ( 11)  6.050062  3.729176  1.790691  1.791338
 
 Final energy is   -1038.30404008051     


 ******************************
 **  OPTIMIZATION CONVERGED  **
 ******************************

                       Coordinates (Angstroms)
     ATOM                X               Y               Z
      1  Cl        0.0935106884   -2.6791892500   -1.8952929760
      2  Cl       -0.9986355603    1.6660535840    0.2679019500
      3  C        -0.3150007795    1.6658157808    2.8985300127
      4  C        -0.3079607800    1.0130892382    1.7441986984
      5  C        -1.2012324454   -1.5475054831   -2.4498919771
      6  H        -0.7506095858    2.6524350049    3.0092642321
      7  H         0.1316448131    1.2021038537    3.7722238211
      8  H         0.1185755008    0.0281120110    1.5963907821
      9  H        -2.1638631652   -2.0411461129   -2.3234216376
     10  H        -1.0261932000   -1.3165394513   -3.4998440644
     11  H        -1.1523364861   -0.6432281753   -1.8446608413

Z-matrix Print:
$molecule
0 1
Cl
C  1 1.755804
H  2 1.083495 1 112.224035
C  2 1.326115 1 123.144754 3 179.913780 0
H  4 1.084175 2 122.612797 1 0.021044 0
H  4 1.085293 2 119.226048 1 -179.917357 0
H  1 3.133581 2 108.184615 3 11.881286 0
C  7 1.089226 1 171.347908 2 22.105783 0
H  8 1.089189 7 110.574073 1 69.921371 0
H  8 1.089212 7 110.632163 1 -167.336036 0
Cl 8 1.806834 7 108.497428 1 -48.700297 0
$end

PES scan, value:    5.2000 energy: -1038.3040400805
------- Summary of potential scan: ------ 
    5.2000     -1038.3040400805
----------------------------------------- 
Archival summary:
1\1\hpc0332\JobtypUnspecified\ProcedureUnspecified\6-31G**\l236\knomura\MonMar1122:17:182019MonMar1122:17:182019\0\\#,JobtypUnspecified,ProcedureUnspecified,6-31G**,\\0,1\Cl\C,1,1.7558\H,2,1.08349,1,112.224\C,2,1.32612,1,123.145,3,179.914,0\H,4,1.08417,2,122.613,1,0.0210439,0\H,4,1.08529,2,119.226,1,-179.917,0\H,1,3.13358,2,108.185,3,11.8813,0\C,7,1.08923,1,171.348,2,22.1058,0\H,8,1.08919,7,110.574,1,69.9214,0\H,8,1.08921,7,110.632,1,-167.336,0\Cl,8,1.80683,7,108.497,1,-48.7003,0\\\@

 Total job time:  14.84s(wall), 135.50s(cpu) 
 Mon Mar 11 22:17:18 2019

        *************************************************************
        *                                                           *
        *  Thank you very much for using Q-Chem.  Have a nice day.  *
        *                                                           *
        *************************************************************


