--------------
scan_atom_index:  bond (1, 10)
--------------
{'bond': (1, 10)}
--------------
initial_values:  bond 1.9000000000000001
--------------

=== 1. inner scan === 


--- start incremental inner scan ---

scan_atom_index, initial, final, increment, num_datapoints :  (1, 10) 1.9000000000000001 0.7600000000000001 0.1 11

--- selenium/02/C-Se.xyz.data/inputs/bond_singlet_1.9.in selenium/02/C-Se.xyz.data/outputs/bond_singlet_1.9.out ---

In get_optimized_sturcture with selenium/02/C-Se.xyz.data/outputs/bond_singlet_1.9.out
keyword found : **  OPTIMIZATION CONVERGED  **
In get_scan_result with selenium/02/C-Se.xyz.data/outputs/bond_singlet_1.9.out

--- selenium/02/C-Se.xyz.data/inputs/bond_singlet_1.8.in selenium/02/C-Se.xyz.data/outputs/bond_singlet_1.8.out ---

In get_optimized_sturcture with selenium/02/C-Se.xyz.data/outputs/bond_singlet_1.8.out
keyword found : **  OPTIMIZATION CONVERGED  **
In get_scan_result with selenium/02/C-Se.xyz.data/outputs/bond_singlet_1.8.out

--- selenium/02/C-Se.xyz.data/inputs/bond_singlet_1.7.in selenium/02/C-Se.xyz.data/outputs/bond_singlet_1.7.out ---

In get_optimized_sturcture with selenium/02/C-Se.xyz.data/outputs/bond_singlet_1.7.out
keyword found : **  OPTIMIZATION CONVERGED  **
In get_scan_result with selenium/02/C-Se.xyz.data/outputs/bond_singlet_1.7.out

--- selenium/02/C-Se.xyz.data/inputs/bond_singlet_1.6.in selenium/02/C-Se.xyz.data/outputs/bond_singlet_1.6.out ---

In get_optimized_sturcture with selenium/02/C-Se.xyz.data/outputs/bond_singlet_1.6.out
keyword found : **  OPTIMIZATION CONVERGED  **
In get_scan_result with selenium/02/C-Se.xyz.data/outputs/bond_singlet_1.6.out

--- selenium/02/C-Se.xyz.data/inputs/bond_singlet_1.5.in selenium/02/C-Se.xyz.data/outputs/bond_singlet_1.5.out ---

In get_optimized_sturcture with selenium/02/C-Se.xyz.data/outputs/bond_singlet_1.5.out
keyword found : **  OPTIMIZATION CONVERGED  **
In get_scan_result with selenium/02/C-Se.xyz.data/outputs/bond_singlet_1.5.out

--- selenium/02/C-Se.xyz.data/inputs/bond_singlet_1.4.in selenium/02/C-Se.xyz.data/outputs/bond_singlet_1.4.out ---

In get_optimized_sturcture with selenium/02/C-Se.xyz.data/outputs/bond_singlet_1.4.out
WARNING : optimized structure was not found

--- final coord 1.5. start descrete inner scan ---

scan_atom_index, initial, final, increment, num_datapoints :  (1, 10) 1.9000000000000001 0.7600000000000001 0.1 11

--- selenium/02/C-Se.xyz.data/inputs/bond_singlet_1.9.in selenium/02/C-Se.xyz.data/outputs/bond_singlet_1.9.out ---

In get_optimized_sturcture with selenium/02/C-Se.xyz.data/outputs/bond_singlet_1.9.out
keyword found : **  OPTIMIZATION CONVERGED  **
In get_scan_result with selenium/02/C-Se.xyz.data/outputs/bond_singlet_1.9.out

--- selenium/02/C-Se.xyz.data/inputs/bond_singlet_1.8.in selenium/02/C-Se.xyz.data/outputs/bond_singlet_1.8.out ---

In get_optimized_sturcture with selenium/02/C-Se.xyz.data/outputs/bond_singlet_1.8.out
keyword found : **  OPTIMIZATION CONVERGED  **
In get_scan_result with selenium/02/C-Se.xyz.data/outputs/bond_singlet_1.8.out

--- selenium/02/C-Se.xyz.data/inputs/bond_singlet_1.7.in selenium/02/C-Se.xyz.data/outputs/bond_singlet_1.7.out ---

In get_optimized_sturcture with selenium/02/C-Se.xyz.data/outputs/bond_singlet_1.7.out
keyword found : **  OPTIMIZATION CONVERGED  **
In get_scan_result with selenium/02/C-Se.xyz.data/outputs/bond_singlet_1.7.out

--- selenium/02/C-Se.xyz.data/inputs/bond_singlet_1.6.in selenium/02/C-Se.xyz.data/outputs/bond_singlet_1.6.out ---

In get_optimized_sturcture with selenium/02/C-Se.xyz.data/outputs/bond_singlet_1.6.out
keyword found : **  OPTIMIZATION CONVERGED  **
In get_scan_result with selenium/02/C-Se.xyz.data/outputs/bond_singlet_1.6.out

--- selenium/02/C-Se.xyz.data/inputs/bond_singlet_1.5.in selenium/02/C-Se.xyz.data/outputs/bond_singlet_1.5.out ---

In get_optimized_sturcture with selenium/02/C-Se.xyz.data/outputs/bond_singlet_1.5.out
keyword found : **  OPTIMIZATION CONVERGED  **
In get_scan_result with selenium/02/C-Se.xyz.data/outputs/bond_singlet_1.5.out

--- selenium/02/C-Se.xyz.data/inputs/bond_singlet_1.4.in selenium/02/C-Se.xyz.data/outputs/bond_singlet_1.4.out ---

In get_optimized_sturcture with selenium/02/C-Se.xyz.data/outputs/bond_singlet_1.4.out
keyword found : **  OPTIMIZATION CONVERGED  **
In get_scan_result with selenium/02/C-Se.xyz.data/outputs/bond_singlet_1.4.out

--- selenium/02/C-Se.xyz.data/inputs/bond_singlet_1.3.in selenium/02/C-Se.xyz.data/outputs/bond_singlet_1.3.out ---

In get_optimized_sturcture with selenium/02/C-Se.xyz.data/outputs/bond_singlet_1.3.out
keyword found : **  OPTIMIZATION CONVERGED  **
In get_scan_result with selenium/02/C-Se.xyz.data/outputs/bond_singlet_1.3.out

--- selenium/02/C-Se.xyz.data/inputs/bond_singlet_1.2.in selenium/02/C-Se.xyz.data/outputs/bond_singlet_1.2.out ---

In get_optimized_sturcture with selenium/02/C-Se.xyz.data/outputs/bond_singlet_1.2.out
keyword found : **  OPTIMIZATION CONVERGED  **
In get_scan_result with selenium/02/C-Se.xyz.data/outputs/bond_singlet_1.2.out

--- selenium/02/C-Se.xyz.data/inputs/bond_singlet_1.1.in selenium/02/C-Se.xyz.data/outputs/bond_singlet_1.1.out ---

In get_optimized_sturcture with selenium/02/C-Se.xyz.data/outputs/bond_singlet_1.1.out
keyword found : **  OPTIMIZATION CONVERGED  **
In get_scan_result with selenium/02/C-Se.xyz.data/outputs/bond_singlet_1.1.out

--- selenium/02/C-Se.xyz.data/inputs/bond_singlet_1.0.in selenium/02/C-Se.xyz.data/outputs/bond_singlet_1.0.out ---

In get_optimized_sturcture with selenium/02/C-Se.xyz.data/outputs/bond_singlet_1.0.out
WARNING : optimized structure was not found

=== 2. outer scan === n

--- start incremental outer scan ---

scan_atom_index, initial, final, increment, num_datapoints :  (1, 10) 1.9000000000000001 5.890000000000001 0.1 39

--- selenium/02/C-Se.xyz.data/inputs/bond_singlet_1.9.in selenium/02/C-Se.xyz.data/outputs/bond_singlet_1.9.out ---

In get_optimized_sturcture with selenium/02/C-Se.xyz.data/outputs/bond_singlet_1.9.out
keyword found : **  OPTIMIZATION CONVERGED  **
In get_scan_result with selenium/02/C-Se.xyz.data/outputs/bond_singlet_1.9.out

--- selenium/02/C-Se.xyz.data/inputs/bond_singlet_2.0.in selenium/02/C-Se.xyz.data/outputs/bond_singlet_2.0.out ---

In get_optimized_sturcture with selenium/02/C-Se.xyz.data/outputs/bond_singlet_2.0.out
keyword found : **  OPTIMIZATION CONVERGED  **
In get_scan_result with selenium/02/C-Se.xyz.data/outputs/bond_singlet_2.0.out

--- selenium/02/C-Se.xyz.data/inputs/bond_singlet_2.1.in selenium/02/C-Se.xyz.data/outputs/bond_singlet_2.1.out ---

In get_optimized_sturcture with selenium/02/C-Se.xyz.data/outputs/bond_singlet_2.1.out
keyword found : **  OPTIMIZATION CONVERGED  **
In get_scan_result with selenium/02/C-Se.xyz.data/outputs/bond_singlet_2.1.out

--- selenium/02/C-Se.xyz.data/inputs/bond_singlet_2.2.in selenium/02/C-Se.xyz.data/outputs/bond_singlet_2.2.out ---

In get_optimized_sturcture with selenium/02/C-Se.xyz.data/outputs/bond_singlet_2.2.out
keyword found : **  OPTIMIZATION CONVERGED  **
In get_scan_result with selenium/02/C-Se.xyz.data/outputs/bond_singlet_2.2.out

--- selenium/02/C-Se.xyz.data/inputs/bond_singlet_2.3.in selenium/02/C-Se.xyz.data/outputs/bond_singlet_2.3.out ---

In get_optimized_sturcture with selenium/02/C-Se.xyz.data/outputs/bond_singlet_2.3.out
keyword found : **  OPTIMIZATION CONVERGED  **
In get_scan_result with selenium/02/C-Se.xyz.data/outputs/bond_singlet_2.3.out

--- selenium/02/C-Se.xyz.data/inputs/bond_singlet_2.4.in selenium/02/C-Se.xyz.data/outputs/bond_singlet_2.4.out ---

In get_optimized_sturcture with selenium/02/C-Se.xyz.data/outputs/bond_singlet_2.4.out
keyword found : **  OPTIMIZATION CONVERGED  **
In get_scan_result with selenium/02/C-Se.xyz.data/outputs/bond_singlet_2.4.out

--- selenium/02/C-Se.xyz.data/inputs/bond_singlet_2.5.in selenium/02/C-Se.xyz.data/outputs/bond_singlet_2.5.out ---

In get_optimized_sturcture with selenium/02/C-Se.xyz.data/outputs/bond_singlet_2.5.out
keyword found : **  OPTIMIZATION CONVERGED  **
In get_scan_result with selenium/02/C-Se.xyz.data/outputs/bond_singlet_2.5.out

--- selenium/02/C-Se.xyz.data/inputs/bond_singlet_2.6.in selenium/02/C-Se.xyz.data/outputs/bond_singlet_2.6.out ---

In get_optimized_sturcture with selenium/02/C-Se.xyz.data/outputs/bond_singlet_2.6.out
keyword found : **  OPTIMIZATION CONVERGED  **
In get_scan_result with selenium/02/C-Se.xyz.data/outputs/bond_singlet_2.6.out

--- selenium/02/C-Se.xyz.data/inputs/bond_singlet_2.7.in selenium/02/C-Se.xyz.data/outputs/bond_singlet_2.7.out ---

In get_optimized_sturcture with selenium/02/C-Se.xyz.data/outputs/bond_singlet_2.7.out
WARNING : optimized structure was not found

--- start descrete outer scan ---

scan_atom_index, initial, final, increment, num_datapoints :  (1, 10) 2.6 5.890000000000001 0.1 32

--- selenium/02/C-Se.xyz.data/inputs/bond_singlet_2.6.in selenium/02/C-Se.xyz.data/outputs/bond_singlet_2.6.out ---

In get_optimized_sturcture with selenium/02/C-Se.xyz.data/outputs/bond_singlet_2.6.out
keyword found : **  OPTIMIZATION CONVERGED  **
In get_scan_result with selenium/02/C-Se.xyz.data/outputs/bond_singlet_2.6.out

--- selenium/02/C-Se.xyz.data/inputs/bond_singlet_2.7.in selenium/02/C-Se.xyz.data/outputs/bond_singlet_2.7.out ---

In get_optimized_sturcture with selenium/02/C-Se.xyz.data/outputs/bond_singlet_2.7.out
keyword found : **  OPTIMIZATION CONVERGED  **
In get_scan_result with selenium/02/C-Se.xyz.data/outputs/bond_singlet_2.7.out

--- selenium/02/C-Se.xyz.data/inputs/bond_singlet_2.8.in selenium/02/C-Se.xyz.data/outputs/bond_singlet_2.8.out ---

In get_optimized_sturcture with selenium/02/C-Se.xyz.data/outputs/bond_singlet_2.8.out
WARNING : optimized structure was not found

=== 3. triplet scan start === n
scan_atom_index, initial, final, increment, num_datapoints :  (1, 10) 5.7 1.9000000000000001 0.1 37

--- selenium/02/C-Se.xyz.data/inputs/bond_triplet_5.7.in selenium/02/C-Se.xyz.data/outputs/bond_triplet_5.7.out ---

In get_optimized_sturcture with selenium/02/C-Se.xyz.data/outputs/bond_triplet_5.7.out
WARNING : optimized structure was not found

=== pescan completed ===n
